Started by user [8mha:////4IMMv8T2XIKwgqbrGOhOzF4+E7SeVBm4zoNrNbmggpHXAAAAlx+LCAAAAAAAAP9b85aBtbiIQTGjNKU4P08vOT+vOD8nVc83PyU1x6OyILUoJzMv2y+/JJUBAhiZGBgqihhk0NSjKDWzXb3RdlLBUSYGJk8GtpzUvPSSDB8G5tKinBIGIZ+sxLJE/ZzEvHT94JKizLx0a6BxUmjGOUNodHsLgAzWEgZu/dLi1CL9xJTczDwAj6GcLcAAAAA=[0madmin
Running as SYSTEM
Building on master in workspace /var/lib/jenkins/workspace/5.ApplicationPackage
No credentials specified
 > git rev-parse --is-inside-work-tree # timeout=10
Fetching changes from the remote Git repository
 > git config remote.origin.url https://github.com/rrahul4/DevOpsClassCodes # timeout=10
Fetching upstream changes from https://github.com/rrahul4/DevOpsClassCodes
 > git --version # timeout=10
 > git fetch --tags --progress -- https://github.com/rrahul4/DevOpsClassCodes +refs/heads/*:refs/remotes/origin/* # timeout=10
 > git rev-parse refs/remotes/origin/master^{commit} # timeout=10
 > git rev-parse refs/remotes/origin/origin/master^{commit} # timeout=10
Checking out Revision a29c7ecd9516bcd0a0768fa6befad1bb5dc2dc76 (refs/remotes/origin/master)
 > git config core.sparsecheckout # timeout=10
 > git checkout -f a29c7ecd9516bcd0a0768fa6befad1bb5dc2dc76 # timeout=10
Commit message: "Fixing Groovy Script"
 > git rev-list --no-walk a29c7ecd9516bcd0a0768fa6befad1bb5dc2dc76 # timeout=10
[5.ApplicationPackage] $ /var/lib/jenkins/tools/hudson.tasks.Maven_MavenInstallation/MyMaven/bin/mvn package
[INFO] Scanning for projects...
[8mha:////4IqbBJIFef61nTBanMGKDvKUzUc/OIsuqkiuZJWRh9nsAAAAYx+LCAAAAAAAAP9b85aBtbiIQSWjNKU4P0+vJLE4u1gvPjexLDVPzxdEhicW5WXmpfvll6S2fNly5fzGzauYGBgqihikoFqS8/OK83NS9ZwhNEghAwQwghQWAACwxA+XYgAAAA==[0m[WARNING] 
[8mha:////4IqbBJIFef61nTBanMGKDvKUzUc/OIsuqkiuZJWRh9nsAAAAYx+LCAAAAAAAAP9b85aBtbiIQSWjNKU4P0+vJLE4u1gvPjexLDVPzxdEhicW5WXmpfvll6S2fNly5fzGzauYGBgqihikoFqS8/OK83NS9ZwhNEghAwQwghQWAACwxA+XYgAAAA==[0m[WARNING] Some problems were encountered while building the effective model for com.edurekademo.tutorial:addressbook:war:2.0
[8mha:////4IqbBJIFef61nTBanMGKDvKUzUc/OIsuqkiuZJWRh9nsAAAAYx+LCAAAAAAAAP9b85aBtbiIQSWjNKU4P0+vJLE4u1gvPjexLDVPzxdEhicW5WXmpfvll6S2fNly5fzGzauYGBgqihikoFqS8/OK83NS9ZwhNEghAwQwghQWAACwxA+XYgAAAA==[0m[WARNING] Reporting configuration should be done in <reporting> section, not in maven-site-plugin <configuration> as reportPlugins parameter. @ line 298, column 40
[8mha:////4IqbBJIFef61nTBanMGKDvKUzUc/OIsuqkiuZJWRh9nsAAAAYx+LCAAAAAAAAP9b85aBtbiIQSWjNKU4P0+vJLE4u1gvPjexLDVPzxdEhicW5WXmpfvll6S2fNly5fzGzauYGBgqihikoFqS8/OK83NS9ZwhNEghAwQwghQWAACwxA+XYgAAAA==[0m[WARNING] 
[8mha:////4IqbBJIFef61nTBanMGKDvKUzUc/OIsuqkiuZJWRh9nsAAAAYx+LCAAAAAAAAP9b85aBtbiIQSWjNKU4P0+vJLE4u1gvPjexLDVPzxdEhicW5WXmpfvll6S2fNly5fzGzauYGBgqihikoFqS8/OK83NS9ZwhNEghAwQwghQWAACwxA+XYgAAAA==[0m[WARNING] It is highly recommended to fix these problems because they threaten the stability of your build.
[8mha:////4IqbBJIFef61nTBanMGKDvKUzUc/OIsuqkiuZJWRh9nsAAAAYx+LCAAAAAAAAP9b85aBtbiIQSWjNKU4P0+vJLE4u1gvPjexLDVPzxdEhicW5WXmpfvll6S2fNly5fzGzauYGBgqihikoFqS8/OK83NS9ZwhNEghAwQwghQWAACwxA+XYgAAAA==[0m[WARNING] 
[8mha:////4IqbBJIFef61nTBanMGKDvKUzUc/OIsuqkiuZJWRh9nsAAAAYx+LCAAAAAAAAP9b85aBtbiIQSWjNKU4P0+vJLE4u1gvPjexLDVPzxdEhicW5WXmpfvll6S2fNly5fzGzauYGBgqihikoFqS8/OK83NS9ZwhNEghAwQwghQWAACwxA+XYgAAAA==[0m[WARNING] For this reason, future Maven versions might no longer support building such malformed projects.
[8mha:////4IqbBJIFef61nTBanMGKDvKUzUc/OIsuqkiuZJWRh9nsAAAAYx+LCAAAAAAAAP9b85aBtbiIQSWjNKU4P0+vJLE4u1gvPjexLDVPzxdEhicW5WXmpfvll6S2fNly5fzGzauYGBgqihikoFqS8/OK83NS9ZwhNEghAwQwghQWAACwxA+XYgAAAA==[0m[WARNING] 
[INFO] 
[INFO] ----------------< com.edurekademo.tutorial:addressbook >----------------
[INFO] Building Vaadin Addressbook example 2.0
[INFO] --------------------------------[ war ]---------------------------------
[INFO] 
[8mha:////4Lc+mvqrKhnM9YNVwOOflZDVUMspBVdEZTpv8ygJsN6lAAAAYB+LCAAAAAAAAP9b85aBtbiIQSmjNKU4P0+vJLE4u1gvPjexLDVPzxdEGvvmZ+X75ZekLlOVfvTjc8FPJgaGiiIGKaiG5Py84vycVD1nCA1SyAABjCCFBQCV27OjYAAAAA==[0m[INFO] --- maven-enforcer-plugin:1.0:enforce (enforce-versions) @ addressbook ---
[INFO] 
[8mha:////4Lc+mvqrKhnM9YNVwOOflZDVUMspBVdEZTpv8ygJsN6lAAAAYB+LCAAAAAAAAP9b85aBtbiIQSmjNKU4P0+vJLE4u1gvPjexLDVPzxdEGvvmZ+X75ZekLlOVfvTjc8FPJgaGiiIGKaiG5Py84vycVD1nCA1SyAABjCCFBQCV27OjYAAAAA==[0m[INFO] --- maven-resources-plugin:2.6:resources (default-resources) @ addressbook ---
[INFO] Using 'UTF-8' encoding to copy filtered resources.
[INFO] skip non existing resourceDirectory /var/lib/jenkins/workspace/5.ApplicationPackage/src/main/resources
[INFO] 
[8mha:////4Lc+mvqrKhnM9YNVwOOflZDVUMspBVdEZTpv8ygJsN6lAAAAYB+LCAAAAAAAAP9b85aBtbiIQSmjNKU4P0+vJLE4u1gvPjexLDVPzxdEGvvmZ+X75ZekLlOVfvTjc8FPJgaGiiIGKaiG5Py84vycVD1nCA1SyAABjCCFBQCV27OjYAAAAA==[0m[INFO] --- maven-compiler-plugin:3.2:compile (default-compile) @ addressbook ---
[INFO] Nothing to compile - all classes are up to date
[INFO] 
[8mha:////4Lc+mvqrKhnM9YNVwOOflZDVUMspBVdEZTpv8ygJsN6lAAAAYB+LCAAAAAAAAP9b85aBtbiIQSmjNKU4P0+vJLE4u1gvPjexLDVPzxdEGvvmZ+X75ZekLlOVfvTjc8FPJgaGiiIGKaiG5Py84vycVD1nCA1SyAABjCCFBQCV27OjYAAAAA==[0m[INFO] --- maven-resources-plugin:2.6:testResources (default-testResources) @ addressbook ---
[INFO] Using 'UTF-8' encoding to copy filtered resources.
[INFO] Copying 1 resource
[INFO] 
[8mha:////4Lc+mvqrKhnM9YNVwOOflZDVUMspBVdEZTpv8ygJsN6lAAAAYB+LCAAAAAAAAP9b85aBtbiIQSmjNKU4P0+vJLE4u1gvPjexLDVPzxdEGvvmZ+X75ZekLlOVfvTjc8FPJgaGiiIGKaiG5Py84vycVD1nCA1SyAABjCCFBQCV27OjYAAAAA==[0m[INFO] --- maven-compiler-plugin:3.2:testCompile (default-testCompile) @ addressbook ---
[INFO] Nothing to compile - all classes are up to date
[INFO] 
[8mha:////4Lc+mvqrKhnM9YNVwOOflZDVUMspBVdEZTpv8ygJsN6lAAAAYB+LCAAAAAAAAP9b85aBtbiIQSmjNKU4P0+vJLE4u1gvPjexLDVPzxdEGvvmZ+X75ZekLlOVfvTjc8FPJgaGiiIGKaiG5Py84vycVD1nCA1SyAABjCCFBQCV27OjYAAAAA==[0m[INFO] --- maven-surefire-plugin:2.19.1:test (default-test) @ addressbook ---

-------------------------------------------------------
 T E S T S
-------------------------------------------------------
Running com.edurekademo.utilities.TestHexAsciiConversion
74657374696e6720617363696920636f6e76657274696f6e20696e746f2068657861646563696d616c
testing ascii convertion into hexadecimal
Tests run: 4, Failures: 0, Errors: 0, Skipped: 0, Time elapsed: 0.06 sec - in com.edurekademo.utilities.TestHexAsciiConversion
Running com.edurekademo.utilities.TestLogger
SLF4J: Class path contains multiple SLF4J bindings.
SLF4J: Found binding in [jar:file:/var/lib/jenkins/.m2/repository/org/slf4j/slf4j-simple/1.7.7/slf4j-simple-1.7.7.jar!/org/slf4j/impl/StaticLoggerBinder.class]
SLF4J: Found binding in [jar:file:/var/lib/jenkins/.m2/repository/org/slf4j/slf4j-log4j12/1.7.7/slf4j-log4j12-1.7.7.jar!/org/slf4j/impl/StaticLoggerBinder.class]
SLF4J: See http://www.slf4j.org/codes.html#multiple_bindings for an explanation.
SLF4J: Actual binding is of type [org.slf4j.impl.SimpleLoggerFactory]
[pool-1-thread-5] INFO com.edurekademo.utilities.TestLogger - java.lang.ArithmeticException: / by zero
Cause:at com.edurekademo.utilities.TestLogger.testGetErrorMessage1(TestLogger.java:14)
Cause:at sun.reflect.NativeMethodAccessorImpl.invoke0(Native Method)
[pool-1-thread-6] INFO com.edurekademo.utilities.TestLogger - java.lang.ArithmeticException: / by zero
Cause:at com.edurekademo.utilities.TestLogger.testGetErrorMessage2(TestLogger.java:30)
Cause:at sun.reflect.NativeMethodAccessorImpl.invoke0(Native Method)
[pool-1-thread-7] INFO com.edurekademo.utilities.TestLogger - java.lang.ArithmeticException: / by zero
Cause:at com.edurekademo.utilities.ExceptionThrower.getCounter(ExceptionThrower.java:13)
Cause:at com.edurekademo.utilities.TestLogger.testGetErrorMessage3(TestLogger.java:45)
[pool-1-thread-8] INFO com.edurekademo.utilities.TestLogger - java.io.IOException: TESTIOEXCEPTION
Cause:at com.edurekademo.utilities.ExceptionThrower.doNothing(ExceptionThrower.java:18)
Cause:at com.edurekademo.utilities.TestLogger.testGetErrorMessage4(TestLogger.java:60)
[pool-1-thread-9] ERROR com.edurekademo.utilities.ExceptionThrower - java.lang.Exception: DEAR
Cause:at com.edurekademo.utilities.ExceptionThrower.doYYY(ExceptionThrower.java:35)
Cause:at com.edurekademo.utilities.ExceptionThrower.doXXX(ExceptionThrower.java:23)
[pool-1-thread-9] INFO com.edurekademo.utilities.TestLogger - java.lang.Exception: TEST MESSAGE
Cause:at com.edurekademo.utilities.ExceptionThrower.doCheck(ExceptionThrower.java:43)
Cause:at com.edurekademo.utilities.TestLogger.testGetErrorMessage5(TestLogger.java:75)
***** java.lang.Exception: TEST MESSAGE
Cause:at com.edurekademo.utilities.ExceptionThrower.doCheck(ExceptionThrower.java:43)
Cause:at com.edurekademo.utilities.TestLogger.testGetErrorMessage5(TestLogger.java:75)
Tests run: 5, Failures: 0, Errors: 0, Skipped: 0, Time elapsed: 0.195 sec - in com.edurekademo.utilities.TestLogger
Running com.edurekademo.utilities.TestGenericComparator
Tests run: 14, Failures: 0, Errors: 0, Skipped: 0, Time elapsed: 0.079 sec - in com.edurekademo.utilities.TestGenericComparator

Results :

Tests run: 23, Failures: 0, Errors: 0, Skipped: 0

[INFO] 
[8mha:////4Lc+mvqrKhnM9YNVwOOflZDVUMspBVdEZTpv8ygJsN6lAAAAYB+LCAAAAAAAAP9b85aBtbiIQSmjNKU4P0+vJLE4u1gvPjexLDVPzxdEGvvmZ+X75ZekLlOVfvTjc8FPJgaGiiIGKaiG5Py84vycVD1nCA1SyAABjCCFBQCV27OjYAAAAA==[0m[INFO] --- maven-war-plugin:2.2:war (default-war) @ addressbook ---
[INFO] Packaging webapp
[INFO] Assembling webapp [addressbook] in [/var/lib/jenkins/workspace/5.ApplicationPackage/target/addressbook]
[INFO] Processing war project
[INFO] Webapp assembled in [924 msecs]
[INFO] Building war: /var/lib/jenkins/workspace/5.ApplicationPackage/target/addressbook.war
[INFO] ------------------------------------------------------------------------
[INFO] BUILD SUCCESS
[INFO] ------------------------------------------------------------------------
[INFO] Total time:  29.089 s
[INFO] Finished at: 2020-04-13T14:35:03+05:30
[INFO] ------------------------------------------------------------------------
Uploading artifact addressbook.war started....
GroupId: DEV
ArtifactId: 2020-04-13 14:33:38 IST
Classifier: 
Type: war
Version: 9
File: addressbook.war
Repository:repos1
Uploading: http://192.168.1.5:8090/repository/repos1/DEV/2020-04-13 14:33:38 IST/9/2020-04-13 14:33:38 IST-9.war
10 % completed (1.7 MB / 17 MB).
20 % completed (3.3 MB / 17 MB).
30 % completed (5.0 MB / 17 MB).
40 % completed (6.6 MB / 17 MB).
50 % completed (8.3 MB / 17 MB).
60 % completed (9.9 MB / 17 MB).
70 % completed (12 MB / 17 MB).
80 % completed (13 MB / 17 MB).
90 % completed (15 MB / 17 MB).
100 % completed (17 MB / 17 MB).
110 % completed (18 MB / 17 MB).
120 % completed (20 MB / 17 MB).
130 % completed (21 MB / 17 MB).
140 % completed (23 MB / 17 MB).
150 % completed (25 MB / 17 MB).
160 % completed (26 MB / 17 MB).
170 % completed (28 MB / 17 MB).
180 % completed (30 MB / 17 MB).
190 % completed (31 MB / 17 MB).
200 % completed (33 MB / 17 MB).
210 % completed (35 MB / 17 MB).
220 % completed (36 MB / 17 MB).
230 % completed (38 MB / 17 MB).
240 % completed (40 MB / 17 MB).
250 % completed (41 MB / 17 MB).
260 % completed (43 MB / 17 MB).
270 % completed (45 MB / 17 MB).
280 % completed (46 MB / 17 MB).
290 % completed (48 MB / 17 MB).
300 % completed (50 MB / 17 MB).
310 % completed (51 MB / 17 MB).
320 % completed (53 MB / 17 MB).
330 % completed (55 MB / 17 MB).
Failed to deploy artifacts: Could not find artifact DEV:2020-04-13 14:33:38 IST:war:9 in repos1 (http://192.168.1.5:8090/repository/repos1)
ERROR: Uploading file addressbook.war failed.
Finished: FAILURE
