Started by upstream project "[8mha:////4B66d31AtzTAkY+IO4poJ2SE6lMVoeIfqLOd82EogvJAAAAAox+LCAAAAAAAAP9b85aBtbiIQTGjNKU4P08vOT+vOD8nVc83PyU1x6OyILUoJzMv2y+/JJUBAhiZGBgqihhk0NSjKDWzXb3RdlLBUSYGJk8GtpzUvPSSDB8G5tKinBIGIZ+sxLJE/ZzEvHT94JKizLx0a6BxUmjGOUNodHsLgAzBEgZx/az8JH1jPceCgpzM5MSSzPy8kNTiEn0A4irfR8wAAAA=[0m3.ApplicationTest" build number [8mha:////4Jo5CnTtDXRnM97K0zkNg6ja0XFfwrQ4tPLUMQnQFEw3AAAAox+LCAAAAAAAAP9b85aBtbiIQTGjNKU4P08vOT+vOD8nVc83PyU1x6OyILUoJzMv2y+/JJUBAhiZGBgqihhk0NSjKDWzXb3RdlLBUSYGJk8GtpzUvPSSDB8G5tKinBIGIZ+sxLJE/ZzEvHT94JKizLx0a6BxUmjGOUNodHsLQIwSBgn9rPwkfWM9x4KCnMzkxJLM/LyQ1OISfUMABg2bNM0AAAA=[0m1
originally caused by:
 Started by upstream project "[8mha:////4L6ZpHCd28Iz+iAtiEQDh2KYWLsUecrCJYCcsFjvLAeyAAAApR+LCAAAAAAAAP9b85aBtbiIQTGjNKU4P08vOT+vOD8nVc83PyU1x6OyILUoJzMv2y+/JJUBAhiZGBgqihhk0NSjKDWzXb3RdlLBUSYGJk8GtpzUvPSSDB8G5tKinBIGIZ+sxLJE/ZzEvHT94JKizLx0a6BxUmjGOUNodHsLgAzhEgZJ/az8JH0jPceCgpzM5MSSzPy8oNSyzNRyfQDtm1SAzgAAAA==[0m2.ApplicationReview" build number [8mha:////4F5Wv/2rRH2lrQRQnLfvj9Z16wqhoX9k6y0IKYQPDDsaAAAApR+LCAAAAAAAAP9b85aBtbiIQTGjNKU4P08vOT+vOD8nVc83PyU1x6OyILUoJzMv2y+/JJUBAhiZGBgqihhk0NSjKDWzXb3RdlLBUSYGJk8GtpzUvPSSDB8G5tKinBIGIZ+sxLJE/ZzEvHT94JKizLx0a6BxUmjGOUNodHsLQIwSBin9rPwkfSM9x4KCnMzkxJLM/Lyg1LLM1HJ9QwA48l7mzwAAAA==[0m1
 originally caused by:
  Started by upstream project "[8mha:////4PmpKaD9+yQouXuLB3GwTnQnkisHrqi34LMJbczvEU46AAAAph+LCAAAAAAAAP9b85aBtbiIQTGjNKU4P08vOT+vOD8nVc83PyU1x6OyILUoJzMv2y+/JJUBAhiZGBgqihhk0NSjKDWzXb3RdlLBUSYGJk8GtpzUvPSSDB8G5tKinBIGIZ+sxLJE/ZzEvHT94JKizLx0a6BxUmjGOUNodHsLgAyREgYp/az8JH1DPceCgpzM5MSSzPw85/zcgsycVH0AZCPzms8AAAA=[0m1.ApplicationCompile" build number [8mha:////4N1jJgVYWrL2Wd3OTsu6TswPRxdbXXY9J4L27GySreekAAAAph+LCAAAAAAAAP9b85aBtbiIQTGjNKU4P08vOT+vOD8nVc83PyU1x6OyILUoJzMv2y+/JJUBAhiZGBgqihhk0NSjKDWzXb3RdlLBUSYGJk8GtpzUvPSSDB8G5tKinBIGIZ+sxLJE/ZzEvHT94JKizLx0a6BxUmjGOUNodHsLQIwSBmn9rPwkfUM9x4KCnMzkxJLM/Dzn/NyCzJxUfUMATYIqE9AAAAA=[0m1
  originally caused by:
   Started by user [8mha:////4IMMv8T2XIKwgqbrGOhOzF4+E7SeVBm4zoNrNbmggpHXAAAAlx+LCAAAAAAAAP9b85aBtbiIQTGjNKU4P08vOT+vOD8nVc83PyU1x6OyILUoJzMv2y+/JJUBAhiZGBgqihhk0NSjKDWzXb3RdlLBUSYGJk8GtpzUvPSSDB8G5tKinBIGIZ+sxLJE/ZzEvHT94JKizLx0a6BxUmjGOUNodHsLgAzWEgZu/dLi1CL9xJTczDwAj6GcLcAAAAA=[0madmin
Running as SYSTEM
Building on master in workspace /var/lib/jenkins/workspace/4.ApplicationMetric
No credentials specified
Cloning the remote Git repository
Cloning repository https://github.com/rrahul4/DevOpsClassCodes
 > git init /var/lib/jenkins/workspace/4.ApplicationMetric # timeout=10
Fetching upstream changes from https://github.com/rrahul4/DevOpsClassCodes
 > git --version # timeout=10
 > git fetch --tags --progress -- https://github.com/rrahul4/DevOpsClassCodes +refs/heads/*:refs/remotes/origin/* # timeout=10
 > git config remote.origin.url https://github.com/rrahul4/DevOpsClassCodes # timeout=10
 > git config --add remote.origin.fetch +refs/heads/*:refs/remotes/origin/* # timeout=10
 > git config remote.origin.url https://github.com/rrahul4/DevOpsClassCodes # timeout=10
Fetching upstream changes from https://github.com/rrahul4/DevOpsClassCodes
 > git fetch --tags --progress -- https://github.com/rrahul4/DevOpsClassCodes +refs/heads/*:refs/remotes/origin/* # timeout=10
 > git rev-parse refs/remotes/origin/master^{commit} # timeout=10
 > git rev-parse refs/remotes/origin/origin/master^{commit} # timeout=10
Checking out Revision a29c7ecd9516bcd0a0768fa6befad1bb5dc2dc76 (refs/remotes/origin/master)
 > git config core.sparsecheckout # timeout=10
 > git checkout -f a29c7ecd9516bcd0a0768fa6befad1bb5dc2dc76 # timeout=10
Commit message: "Fixing Groovy Script"
First time build. Skipping changelog.
[4.ApplicationMetric] $ /var/lib/jenkins/tools/hudson.tasks.Maven_MavenInstallation/MyMaven/bin/mvn cobertura:cobertura -Dcobertura.report.format=xml
[INFO] Scanning for projects...
[8mha:////4IqbBJIFef61nTBanMGKDvKUzUc/OIsuqkiuZJWRh9nsAAAAYx+LCAAAAAAAAP9b85aBtbiIQSWjNKU4P0+vJLE4u1gvPjexLDVPzxdEhicW5WXmpfvll6S2fNly5fzGzauYGBgqihikoFqS8/OK83NS9ZwhNEghAwQwghQWAACwxA+XYgAAAA==[0m[WARNING] 
[8mha:////4IqbBJIFef61nTBanMGKDvKUzUc/OIsuqkiuZJWRh9nsAAAAYx+LCAAAAAAAAP9b85aBtbiIQSWjNKU4P0+vJLE4u1gvPjexLDVPzxdEhicW5WXmpfvll6S2fNly5fzGzauYGBgqihikoFqS8/OK83NS9ZwhNEghAwQwghQWAACwxA+XYgAAAA==[0m[WARNING] Some problems were encountered while building the effective model for com.edurekademo.tutorial:addressbook:war:2.0
[8mha:////4IqbBJIFef61nTBanMGKDvKUzUc/OIsuqkiuZJWRh9nsAAAAYx+LCAAAAAAAAP9b85aBtbiIQSWjNKU4P0+vJLE4u1gvPjexLDVPzxdEhicW5WXmpfvll6S2fNly5fzGzauYGBgqihikoFqS8/OK83NS9ZwhNEghAwQwghQWAACwxA+XYgAAAA==[0m[WARNING] Reporting configuration should be done in <reporting> section, not in maven-site-plugin <configuration> as reportPlugins parameter. @ line 298, column 40
[8mha:////4IqbBJIFef61nTBanMGKDvKUzUc/OIsuqkiuZJWRh9nsAAAAYx+LCAAAAAAAAP9b85aBtbiIQSWjNKU4P0+vJLE4u1gvPjexLDVPzxdEhicW5WXmpfvll6S2fNly5fzGzauYGBgqihikoFqS8/OK83NS9ZwhNEghAwQwghQWAACwxA+XYgAAAA==[0m[WARNING] 
[8mha:////4IqbBJIFef61nTBanMGKDvKUzUc/OIsuqkiuZJWRh9nsAAAAYx+LCAAAAAAAAP9b85aBtbiIQSWjNKU4P0+vJLE4u1gvPjexLDVPzxdEhicW5WXmpfvll6S2fNly5fzGzauYGBgqihikoFqS8/OK83NS9ZwhNEghAwQwghQWAACwxA+XYgAAAA==[0m[WARNING] It is highly recommended to fix these problems because they threaten the stability of your build.
[8mha:////4IqbBJIFef61nTBanMGKDvKUzUc/OIsuqkiuZJWRh9nsAAAAYx+LCAAAAAAAAP9b85aBtbiIQSWjNKU4P0+vJLE4u1gvPjexLDVPzxdEhicW5WXmpfvll6S2fNly5fzGzauYGBgqihikoFqS8/OK83NS9ZwhNEghAwQwghQWAACwxA+XYgAAAA==[0m[WARNING] 
[8mha:////4IqbBJIFef61nTBanMGKDvKUzUc/OIsuqkiuZJWRh9nsAAAAYx+LCAAAAAAAAP9b85aBtbiIQSWjNKU4P0+vJLE4u1gvPjexLDVPzxdEhicW5WXmpfvll6S2fNly5fzGzauYGBgqihikoFqS8/OK83NS9ZwhNEghAwQwghQWAACwxA+XYgAAAA==[0m[WARNING] For this reason, future Maven versions might no longer support building such malformed projects.
[8mha:////4IqbBJIFef61nTBanMGKDvKUzUc/OIsuqkiuZJWRh9nsAAAAYx+LCAAAAAAAAP9b85aBtbiIQSWjNKU4P0+vJLE4u1gvPjexLDVPzxdEhicW5WXmpfvll6S2fNly5fzGzauYGBgqihikoFqS8/OK83NS9ZwhNEghAwQwghQWAACwxA+XYgAAAA==[0m[WARNING] 
Downloading from vaadin-snapshots: http://oss.sonatype.org/content/repositories/vaadin-snapshots/org/codehaus/mojo/cobertura-maven-plugin/maven-metadata.xml
Downloading from central: https://repo.maven.apache.org/maven2/org/codehaus/mojo/cobertura-maven-plugin/maven-metadata.xml
Progress (1): 605 B                   Downloaded from central: https://repo.maven.apache.org/maven2/org/codehaus/mojo/cobertura-maven-plugin/maven-metadata.xml (605 B at 331 B/s)
Downloading from central: https://repo.maven.apache.org/maven2/org/codehaus/mojo/cobertura-maven-plugin/2.7/cobertura-maven-plugin-2.7.pom
Progress (1): 2.7/13 kBProgress (1): 5.5/13 kBProgress (1): 8.2/13 kBProgress (1): 11/13 kB Progress (1): 13 kB                      Downloaded from central: https://repo.maven.apache.org/maven2/org/codehaus/mojo/cobertura-maven-plugin/2.7/cobertura-maven-plugin-2.7.pom (13 kB at 17 kB/s)
Downloading from central: https://repo.maven.apache.org/maven2/org/codehaus/mojo/mojo-parent/34/mojo-parent-34.pom
Progress (1): 3.2/24 kBProgress (1): 5.9/24 kBProgress (1): 8.7/24 kBProgress (1): 11/24 kB Progress (1): 14/24 kBProgress (1): 17/24 kBProgress (1): 20/24 kBProgress (1): 22/24 kBProgress (1): 24 kB                      Downloaded from central: https://repo.maven.apache.org/maven2/org/codehaus/mojo/mojo-parent/34/mojo-parent-34.pom (24 kB at 44 kB/s)
Downloading from central: https://repo.maven.apache.org/maven2/org/codehaus/codehaus-parent/4/codehaus-parent-4.pom
Progress (1): 2.7/4.8 kBProgress (1): 4.8 kB                        Downloaded from central: https://repo.maven.apache.org/maven2/org/codehaus/codehaus-parent/4/codehaus-parent-4.pom (4.8 kB at 9.3 kB/s)
Downloading from central: https://repo.maven.apache.org/maven2/org/codehaus/mojo/cobertura-maven-plugin/2.7/cobertura-maven-plugin-2.7.jar
Progress (1): 2.7/57 kBProgress (1): 5.5/57 kBProgress (1): 8.2/57 kBProgress (1): 11/57 kB Progress (1): 14/57 kBProgress (1): 16/57 kBProgress (1): 19/57 kBProgress (1): 22/57 kBProgress (1): 25/57 kBProgress (1): 27/57 kBProgress (1): 30/57 kBProgress (1): 33/57 kBProgress (1): 36/57 kBProgress (1): 38/57 kBProgress (1): 41/57 kBProgress (1): 44/57 kBProgress (1): 47/57 kBProgress (1): 49/57 kBProgress (1): 52/57 kBProgress (1): 55/57 kBProgress (1): 57 kB                      Downloaded from central: https://repo.maven.apache.org/maven2/org/codehaus/mojo/cobertura-maven-plugin/2.7/cobertura-maven-plugin-2.7.jar (57 kB at 75 kB/s)
[INFO] 
[INFO] ----------------< com.edurekademo.tutorial:addressbook >----------------
[INFO] Building Vaadin Addressbook example 2.0
[INFO] --------------------------------[ war ]---------------------------------
[INFO] 
[INFO] >>> cobertura-maven-plugin:2.7:cobertura (default-cli) > [cobertura]test @ addressbook >>>
[INFO] 
[8mha:////4Lc+mvqrKhnM9YNVwOOflZDVUMspBVdEZTpv8ygJsN6lAAAAYB+LCAAAAAAAAP9b85aBtbiIQSmjNKU4P0+vJLE4u1gvPjexLDVPzxdEGvvmZ+X75ZekLlOVfvTjc8FPJgaGiiIGKaiG5Py84vycVD1nCA1SyAABjCCFBQCV27OjYAAAAA==[0m[INFO] --- maven-enforcer-plugin:1.0:enforce (enforce-versions) @ addressbook ---
[INFO] 
[8mha:////4Lc+mvqrKhnM9YNVwOOflZDVUMspBVdEZTpv8ygJsN6lAAAAYB+LCAAAAAAAAP9b85aBtbiIQSmjNKU4P0+vJLE4u1gvPjexLDVPzxdEGvvmZ+X75ZekLlOVfvTjc8FPJgaGiiIGKaiG5Py84vycVD1nCA1SyAABjCCFBQCV27OjYAAAAA==[0m[INFO] --- maven-resources-plugin:2.6:resources (default-resources) @ addressbook ---
[INFO] Using 'UTF-8' encoding to copy filtered resources.
[INFO] skip non existing resourceDirectory /var/lib/jenkins/workspace/4.ApplicationMetric/src/main/resources
[INFO] 
[8mha:////4Lc+mvqrKhnM9YNVwOOflZDVUMspBVdEZTpv8ygJsN6lAAAAYB+LCAAAAAAAAP9b85aBtbiIQSmjNKU4P0+vJLE4u1gvPjexLDVPzxdEGvvmZ+X75ZekLlOVfvTjc8FPJgaGiiIGKaiG5Py84vycVD1nCA1SyAABjCCFBQCV27OjYAAAAA==[0m[INFO] --- maven-compiler-plugin:3.2:compile (default-compile) @ addressbook ---
[INFO] Changes detected - recompiling the module!
[INFO] Compiling 13 source files to /var/lib/jenkins/workspace/4.ApplicationMetric/target/classes
[INFO] /var/lib/jenkins/workspace/4.ApplicationMetric/src/main/java/com/edurekademo/tutorial/addressbook/ContactForm.java: Some input files use or override a deprecated API.
[INFO] /var/lib/jenkins/workspace/4.ApplicationMetric/src/main/java/com/edurekademo/tutorial/addressbook/ContactForm.java: Recompile with -Xlint:deprecation for details.
[INFO] /var/lib/jenkins/workspace/4.ApplicationMetric/src/main/java/com/edurekademo/tutorial/addressbook/backend/ContactService.java: /var/lib/jenkins/workspace/4.ApplicationMetric/src/main/java/com/edurekademo/tutorial/addressbook/backend/ContactService.java uses unchecked or unsafe operations.
[INFO] /var/lib/jenkins/workspace/4.ApplicationMetric/src/main/java/com/edurekademo/tutorial/addressbook/backend/ContactService.java: Recompile with -Xlint:unchecked for details.
[INFO] 
[8mha:////4Lc+mvqrKhnM9YNVwOOflZDVUMspBVdEZTpv8ygJsN6lAAAAYB+LCAAAAAAAAP9b85aBtbiIQSmjNKU4P0+vJLE4u1gvPjexLDVPzxdEGvvmZ+X75ZekLlOVfvTjc8FPJgaGiiIGKaiG5Py84vycVD1nCA1SyAABjCCFBQCV27OjYAAAAA==[0m[INFO] --- cobertura-maven-plugin:2.7:instrument (default-cli) @ addressbook ---
Downloading from central: https://repo.maven.apache.org/maven2/net/sourceforge/cobertura/cobertura/2.1.1/cobertura-2.1.1.pom
Progress (1): 2.7/20 kBProgress (1): 5.5/20 kBProgress (1): 8.2/20 kBProgress (1): 11/20 kB Progress (1): 14/20 kBProgress (1): 16/20 kBProgress (1): 19/20 kBProgress (1): 20 kB                      Downloaded from central: https://repo.maven.apache.org/maven2/net/sourceforge/cobertura/cobertura/2.1.1/cobertura-2.1.1.pom (20 kB at 37 kB/s)
Downloading from central: https://repo.maven.apache.org/maven2/org/ow2/asm/asm/5.0.1/asm-5.0.1.pom
Progress (1): 1.9 kB                    Downloaded from central: https://repo.maven.apache.org/maven2/org/ow2/asm/asm/5.0.1/asm-5.0.1.pom (1.9 kB at 3.8 kB/s)
Downloading from central: https://repo.maven.apache.org/maven2/org/ow2/asm/asm-parent/5.0.1/asm-parent-5.0.1.pom
Progress (1): 2.7/5.5 kBProgress (1): 5.5/5.5 kBProgress (1): 5.5 kB                        Downloaded from central: https://repo.maven.apache.org/maven2/org/ow2/asm/asm-parent/5.0.1/asm-parent-5.0.1.pom (5.5 kB at 10 kB/s)
Downloading from central: https://repo.maven.apache.org/maven2/org/ow2/ow2/1.3/ow2-1.3.pom
Progress (1): 2.7/9.5 kBProgress (1): 5.5/9.5 kBProgress (1): 8.2/9.5 kBProgress (1): 9.5 kB                        Downloaded from central: https://repo.maven.apache.org/maven2/org/ow2/ow2/1.3/ow2-1.3.pom (9.5 kB at 18 kB/s)
Downloading from central: https://repo.maven.apache.org/maven2/org/ow2/asm/asm-tree/5.0.1/asm-tree-5.0.1.pom
Progress (1): 2.1 kB                    Downloaded from central: https://repo.maven.apache.org/maven2/org/ow2/asm/asm-tree/5.0.1/asm-tree-5.0.1.pom (2.1 kB at 4.1 kB/s)
Downloading from central: https://repo.maven.apache.org/maven2/org/ow2/asm/asm-commons/5.0.1/asm-commons-5.0.1.pom
Progress (1): 2.1 kB                    Downloaded from central: https://repo.maven.apache.org/maven2/org/ow2/asm/asm-commons/5.0.1/asm-commons-5.0.1.pom (2.1 kB at 4.1 kB/s)
Downloading from central: https://repo.maven.apache.org/maven2/org/ow2/asm/asm-util/5.0.1/asm-util-5.0.1.pom
Progress (1): 2.1 kB                    Downloaded from central: https://repo.maven.apache.org/maven2/org/ow2/asm/asm-util/5.0.1/asm-util-5.0.1.pom (2.1 kB at 4.1 kB/s)
Downloading from central: https://repo.maven.apache.org/maven2/org/ow2/asm/asm-analysis/5.0.1/asm-analysis-5.0.1.pom
Progress (1): 2.1 kB                    Downloaded from central: https://repo.maven.apache.org/maven2/org/ow2/asm/asm-analysis/5.0.1/asm-analysis-5.0.1.pom (2.1 kB at 4.1 kB/s)
Downloading from central: https://repo.maven.apache.org/maven2/org/apache/ant/ant/1.8.3/ant-1.8.3.pom
Progress (1): 2.7/9.7 kBProgress (1): 5.5/9.7 kBProgress (1): 8.2/9.7 kBProgress (1): 9.7 kB                        Downloaded from central: https://repo.maven.apache.org/maven2/org/apache/ant/ant/1.8.3/ant-1.8.3.pom (9.7 kB at 17 kB/s)
Downloading from central: https://repo.maven.apache.org/maven2/org/apache/ant/ant-parent/1.8.3/ant-parent-1.8.3.pom
Progress (1): 2.7/4.6 kBProgress (1): 4.6 kB                        Downloaded from central: https://repo.maven.apache.org/maven2/org/apache/ant/ant-parent/1.8.3/ant-parent-1.8.3.pom (4.6 kB at 8.9 kB/s)
Downloading from central: https://repo.maven.apache.org/maven2/org/apache/ant/ant-launcher/1.8.3/ant-launcher-1.8.3.pom
Progress (1): 2.4 kB                    Downloaded from central: https://repo.maven.apache.org/maven2/org/apache/ant/ant-launcher/1.8.3/ant-launcher-1.8.3.pom (2.4 kB at 4.6 kB/s)
Downloading from central: https://repo.maven.apache.org/maven2/org/apache/ant/ant-junit/1.8.3/ant-junit-1.8.3.pom
Progress (1): 2.7/4.0 kBProgress (1): 4.0 kB                        Downloaded from central: https://repo.maven.apache.org/maven2/org/apache/ant/ant-junit/1.8.3/ant-junit-1.8.3.pom (4.0 kB at 7.6 kB/s)
Downloading from central: https://repo.maven.apache.org/maven2/junit/junit/4.11/junit-4.11.pom
Progress (1): 2.3 kB                    Downloaded from central: https://repo.maven.apache.org/maven2/junit/junit/4.11/junit-4.11.pom (2.3 kB at 4.6 kB/s)
Downloading from central: https://repo.maven.apache.org/maven2/org/mortbay/jetty/servlet-api-2.5/6.1.14/servlet-api-2.5-6.1.14.pom
Progress (1): 2.7/3.4 kBProgress (1): 3.4 kB                        Downloaded from central: https://repo.maven.apache.org/maven2/org/mortbay/jetty/servlet-api-2.5/6.1.14/servlet-api-2.5-6.1.14.pom (3.4 kB at 6.7 kB/s)
Downloading from central: https://repo.maven.apache.org/maven2/org/mortbay/jetty/project/6.1.14/project-6.1.14.pom
Progress (1): 2.7/8.8 kBProgress (1): 5.5/8.8 kBProgress (1): 8.2/8.8 kBProgress (1): 8.8 kB                        Downloaded from central: https://repo.maven.apache.org/maven2/org/mortbay/jetty/project/6.1.14/project-6.1.14.pom (8.8 kB at 17 kB/s)
Downloading from central: https://repo.maven.apache.org/maven2/org/mortbay/jetty/jetty-parent/7/jetty-parent-7.pom
Progress (1): 2.7/13 kBProgress (1): 5.5/13 kBProgress (1): 8.2/13 kBProgress (1): 11/13 kB Progress (1): 13 kB                      Downloaded from central: https://repo.maven.apache.org/maven2/org/mortbay/jetty/jetty-parent/7/jetty-parent-7.pom (13 kB at 26 kB/s)
Downloading from central: https://repo.maven.apache.org/maven2/org/mortbay/jetty/jetty/6.1.14/jetty-6.1.14.pom
Progress (1): 4.1/4.3 kBProgress (1): 4.3 kB                        Downloaded from central: https://repo.maven.apache.org/maven2/org/mortbay/jetty/jetty/6.1.14/jetty-6.1.14.pom (4.3 kB at 8.7 kB/s)
Downloading from central: https://repo.maven.apache.org/maven2/org/mortbay/jetty/jetty-util/6.1.14/jetty-util-6.1.14.pom
Progress (1): 3.5 kB                    Downloaded from central: https://repo.maven.apache.org/maven2/org/mortbay/jetty/jetty-util/6.1.14/jetty-util-6.1.14.pom (3.5 kB at 6.8 kB/s)
Downloading from central: https://repo.maven.apache.org/maven2/ch/qos/logback/logback-classic/1.0.13/logback-classic-1.0.13.pom
Progress (1): 4.1/12 kBProgress (1): 8.2/12 kBProgress (1): 12 kB                       Downloaded from central: https://repo.maven.apache.org/maven2/ch/qos/logback/logback-classic/1.0.13/logback-classic-1.0.13.pom (12 kB at 22 kB/s)
Downloading from central: https://repo.maven.apache.org/maven2/ch/qos/logback/logback-parent/1.0.13/logback-parent-1.0.13.pom
Progress (1): 4.1/15 kBProgress (1): 8.2/15 kBProgress (1): 12/15 kB Progress (1): 15 kB                      Downloaded from central: https://repo.maven.apache.org/maven2/ch/qos/logback/logback-parent/1.0.13/logback-parent-1.0.13.pom (15 kB at 29 kB/s)
Downloading from central: https://repo.maven.apache.org/maven2/ch/qos/logback/logback-core/1.0.13/logback-core-1.0.13.pom
Progress (1): 4.1/5.0 kBProgress (1): 5.0 kB                        Downloaded from central: https://repo.maven.apache.org/maven2/ch/qos/logback/logback-core/1.0.13/logback-core-1.0.13.pom (5.0 kB at 9.5 kB/s)
Downloading from central: https://repo.maven.apache.org/maven2/org/apache/commons/commons-lang3/3.3.2/commons-lang3-3.3.2.pom
Progress (1): 4.1/20 kBProgress (1): 8.2/20 kBProgress (1): 12/20 kB Progress (1): 16/20 kBProgress (1): 20 kB                      Downloaded from central: https://repo.maven.apache.org/maven2/org/apache/commons/commons-lang3/3.3.2/commons-lang3-3.3.2.pom (20 kB at 36 kB/s)
Downloading from central: https://repo.maven.apache.org/maven2/xerces/xercesImpl/2.11.0/xercesImpl-2.11.0.pom
Progress (1): 3.4 kB                    Downloaded from central: https://repo.maven.apache.org/maven2/xerces/xercesImpl/2.11.0/xercesImpl-2.11.0.pom (3.4 kB at 6.7 kB/s)
Downloading from central: https://repo.maven.apache.org/maven2/xml-apis/xml-apis/1.4.01/xml-apis-1.4.01.pom
Progress (1): 2.7 kB                    Downloaded from central: https://repo.maven.apache.org/maven2/xml-apis/xml-apis/1.4.01/xml-apis-1.4.01.pom (2.7 kB at 5.2 kB/s)
Downloading from central: https://repo.maven.apache.org/maven2/jaxen/jaxen/1.1.4/jaxen-1.1.4.pom
Progress (1): 4.1/12 kBProgress (1): 8.2/12 kBProgress (1): 12/12 kB Progress (1): 12 kB                      Downloaded from central: https://repo.maven.apache.org/maven2/jaxen/jaxen/1.1.4/jaxen-1.1.4.pom (12 kB at 24 kB/s)
Downloading from central: https://repo.maven.apache.org/maven2/org/jdom/jdom/1.1.3/jdom-1.1.3.pom
Progress (1): 1.8 kB                    Downloaded from central: https://repo.maven.apache.org/maven2/org/jdom/jdom/1.1.3/jdom-1.1.3.pom (1.8 kB at 3.5 kB/s)
Downloading from central: https://repo.maven.apache.org/maven2/net/sourceforge/cobertura/cobertura-runtime/2.1.1/cobertura-runtime-2.1.1.pom
Progress (1): 3.6 kB                    Downloaded from central: https://repo.maven.apache.org/maven2/net/sourceforge/cobertura/cobertura-runtime/2.1.1/cobertura-runtime-2.1.1.pom (3.6 kB at 7.0 kB/s)
Downloading from central: https://repo.maven.apache.org/maven2/urbanophile/java-getopt/1.0.9/java-getopt-1.0.9.pom
Progress (1): 157 B                   Downloaded from central: https://repo.maven.apache.org/maven2/urbanophile/java-getopt/1.0.9/java-getopt-1.0.9.pom (157 B at 309 B/s)
Downloading from central: https://repo.maven.apache.org/maven2/org/apache/maven/maven-core/2.0.8/maven-core-2.0.8.pom
Progress (1): 4.1/6.8 kBProgress (1): 6.8 kB                        Downloaded from central: https://repo.maven.apache.org/maven2/org/apache/maven/maven-core/2.0.8/maven-core-2.0.8.pom (6.8 kB at 13 kB/s)
Downloading from central: https://repo.maven.apache.org/maven2/org/apache/maven/maven-settings/2.0.8/maven-settings-2.0.8.pom
Progress (1): 2.1 kB                    Downloaded from central: https://repo.maven.apache.org/maven2/org/apache/maven/maven-settings/2.0.8/maven-settings-2.0.8.pom (2.1 kB at 3.9 kB/s)
Downloading from central: https://repo.maven.apache.org/maven2/org/codehaus/plexus/plexus-utils/1.4.6/plexus-utils-1.4.6.pom
Progress (1): 2.3 kB                    Downloaded from central: https://repo.maven.apache.org/maven2/org/codehaus/plexus/plexus-utils/1.4.6/plexus-utils-1.4.6.pom (2.3 kB at 4.5 kB/s)
Downloading from central: https://repo.maven.apache.org/maven2/org/apache/maven/maven-plugin-parameter-documenter/2.0.8/maven-plugin-parameter-documenter-2.0.8.pom
Progress (1): 2.0 kB                    Downloaded from central: https://repo.maven.apache.org/maven2/org/apache/maven/maven-plugin-parameter-documenter/2.0.8/maven-plugin-parameter-documenter-2.0.8.pom (2.0 kB at 3.9 kB/s)
Downloading from central: https://repo.maven.apache.org/maven2/org/apache/maven/reporting/maven-reporting-api/2.0.8/maven-reporting-api-2.0.8.pom
Progress (1): 1.8 kB                    Downloaded from central: https://repo.maven.apache.org/maven2/org/apache/maven/reporting/maven-reporting-api/2.0.8/maven-reporting-api-2.0.8.pom (1.8 kB at 3.6 kB/s)
Downloading from central: https://repo.maven.apache.org/maven2/org/apache/maven/reporting/maven-reporting/2.0.8/maven-reporting-2.0.8.pom
Progress (1): 1.5 kB                    Downloaded from central: https://repo.maven.apache.org/maven2/org/apache/maven/reporting/maven-reporting/2.0.8/maven-reporting-2.0.8.pom (1.5 kB at 2.9 kB/s)
Downloading from central: https://repo.maven.apache.org/maven2/org/apache/maven/doxia/doxia-sink-api/1.0-alpha-9/doxia-sink-api-1.0-alpha-9.pom
Progress (1): 1.3 kB                    Downloaded from central: https://repo.maven.apache.org/maven2/org/apache/maven/doxia/doxia-sink-api/1.0-alpha-9/doxia-sink-api-1.0-alpha-9.pom (1.3 kB at 2.7 kB/s)
Downloading from central: https://repo.maven.apache.org/maven2/org/apache/maven/doxia/doxia/1.0-alpha-9/doxia-1.0-alpha-9.pom
Progress (1): 4.1/9.2 kBProgress (1): 8.2/9.2 kBProgress (1): 9.2 kB                        Downloaded from central: https://repo.maven.apache.org/maven2/org/apache/maven/doxia/doxia/1.0-alpha-9/doxia-1.0-alpha-9.pom (9.2 kB at 18 kB/s)
Downloading from central: https://repo.maven.apache.org/maven2/org/apache/maven/maven-profile/2.0.8/maven-profile-2.0.8.pom
Progress (1): 2.0 kB                    Downloaded from central: https://repo.maven.apache.org/maven2/org/apache/maven/maven-profile/2.0.8/maven-profile-2.0.8.pom (2.0 kB at 4.1 kB/s)
Downloading from central: https://repo.maven.apache.org/maven2/org/apache/maven/maven-artifact/2.0.8/maven-artifact-2.0.8.pom
Progress (1): 1.6 kB                    Downloaded from central: https://repo.maven.apache.org/maven2/org/apache/maven/maven-artifact/2.0.8/maven-artifact-2.0.8.pom (1.6 kB at 3.2 kB/s)
Downloading from central: https://repo.maven.apache.org/maven2/org/apache/maven/maven-repository-metadata/2.0.8/maven-repository-metadata-2.0.8.pom
Progress (1): 1.9 kB                    Downloaded from central: https://repo.maven.apache.org/maven2/org/apache/maven/maven-repository-metadata/2.0.8/maven-repository-metadata-2.0.8.pom (1.9 kB at 3.7 kB/s)
Downloading from central: https://repo.maven.apache.org/maven2/org/apache/maven/maven-error-diagnostics/2.0.8/maven-error-diagnostics-2.0.8.pom
Progress (1): 1.7 kB                    Downloaded from central: https://repo.maven.apache.org/maven2/org/apache/maven/maven-error-diagnostics/2.0.8/maven-error-diagnostics-2.0.8.pom (1.7 kB at 3.5 kB/s)
Downloading from central: https://repo.maven.apache.org/maven2/org/apache/maven/maven-project/2.0.8/maven-project-2.0.8.pom
Progress (1): 2.7 kB                    Downloaded from central: https://repo.maven.apache.org/maven2/org/apache/maven/maven-project/2.0.8/maven-project-2.0.8.pom (2.7 kB at 5.2 kB/s)
Downloading from central: https://repo.maven.apache.org/maven2/org/apache/maven/maven-artifact-manager/2.0.8/maven-artifact-manager-2.0.8.pom
Progress (1): 2.7 kB                    Downloaded from central: https://repo.maven.apache.org/maven2/org/apache/maven/maven-artifact-manager/2.0.8/maven-artifact-manager-2.0.8.pom (2.7 kB at 5.4 kB/s)
Downloading from central: https://repo.maven.apache.org/maven2/org/apache/maven/maven-plugin-registry/2.0.8/maven-plugin-registry-2.0.8.pom
Progress (1): 2.0 kB                    Downloaded from central: https://repo.maven.apache.org/maven2/org/apache/maven/maven-plugin-registry/2.0.8/maven-plugin-registry-2.0.8.pom (2.0 kB at 3.8 kB/s)
Downloading from central: https://repo.maven.apache.org/maven2/org/apache/maven/maven-plugin-descriptor/2.0.8/maven-plugin-descriptor-2.0.8.pom
Progress (1): 2.1 kB                    Downloaded from central: https://repo.maven.apache.org/maven2/org/apache/maven/maven-plugin-descriptor/2.0.8/maven-plugin-descriptor-2.0.8.pom (2.1 kB at 4.1 kB/s)
Downloading from central: https://repo.maven.apache.org/maven2/org/apache/maven/maven-monitor/2.0.8/maven-monitor-2.0.8.pom
Progress (1): 1.3 kB                    Downloaded from central: https://repo.maven.apache.org/maven2/org/apache/maven/maven-monitor/2.0.8/maven-monitor-2.0.8.pom (1.3 kB at 2.5 kB/s)
Downloading from central: https://repo.maven.apache.org/maven2/org/apache/maven/maven-plugin-api/2.0.8/maven-plugin-api-2.0.8.pom
Progress (1): 1.5 kB                    Downloaded from central: https://repo.maven.apache.org/maven2/org/apache/maven/maven-plugin-api/2.0.8/maven-plugin-api-2.0.8.pom (1.5 kB at 2.8 kB/s)
Downloading from central: https://repo.maven.apache.org/maven2/org/apache/maven/reporting/maven-reporting-impl/2.0.4.2/maven-reporting-impl-2.0.4.2.pom
Progress (1): 4.1/5.2 kBProgress (1): 5.2 kB                        Downloaded from central: https://repo.maven.apache.org/maven2/org/apache/maven/reporting/maven-reporting-impl/2.0.4.2/maven-reporting-impl-2.0.4.2.pom (5.2 kB at 10 kB/s)
Downloading from central: https://repo.maven.apache.org/maven2/org/apache/maven/maven-project/2.0.4/maven-project-2.0.4.pom
Progress (1): 1.8 kB                    Downloaded from central: https://repo.maven.apache.org/maven2/org/apache/maven/maven-project/2.0.4/maven-project-2.0.4.pom (1.8 kB at 3.7 kB/s)
Downloading from central: https://repo.maven.apache.org/maven2/org/apache/maven/maven/2.0.4/maven-2.0.4.pom
Progress (1): 4.1/12 kBProgress (1): 8.2/12 kBProgress (1): 12 kB                       Downloaded from central: https://repo.maven.apache.org/maven2/org/apache/maven/maven/2.0.4/maven-2.0.4.pom (12 kB at 22 kB/s)
Downloading from central: https://repo.maven.apache.org/maven2/org/apache/maven/maven-settings/2.0.4/maven-settings-2.0.4.pom
Progress (1): 1.6 kB                    Downloaded from central: https://repo.maven.apache.org/maven2/org/apache/maven/maven-settings/2.0.4/maven-settings-2.0.4.pom (1.6 kB at 3.2 kB/s)
Downloading from central: https://repo.maven.apache.org/maven2/org/apache/maven/maven-model/2.0.4/maven-model-2.0.4.pom
Progress (1): 2.7 kB                    Downloaded from central: https://repo.maven.apache.org/maven2/org/apache/maven/maven-model/2.0.4/maven-model-2.0.4.pom (2.7 kB at 5.0 kB/s)
Downloading from central: https://repo.maven.apache.org/maven2/org/codehaus/plexus/plexus-utils/1.1/plexus-utils-1.1.pom
Progress (1): 767 B                   Downloaded from central: https://repo.maven.apache.org/maven2/org/codehaus/plexus/plexus-utils/1.1/plexus-utils-1.1.pom (767 B at 1.5 kB/s)
Downloading from central: https://repo.maven.apache.org/maven2/org/apache/maven/maven-profile/2.0.4/maven-profile-2.0.4.pom
Progress (1): 1.6 kB                    Downloaded from central: https://repo.maven.apache.org/maven2/org/apache/maven/maven-profile/2.0.4/maven-profile-2.0.4.pom (1.6 kB at 3.2 kB/s)
Downloading from central: https://repo.maven.apache.org/maven2/org/apache/maven/maven-artifact-manager/2.0.4/maven-artifact-manager-2.0.4.pom
Progress (1): 1.4 kB                    Downloaded from central: https://repo.maven.apache.org/maven2/org/apache/maven/maven-artifact-manager/2.0.4/maven-artifact-manager-2.0.4.pom (1.4 kB at 2.7 kB/s)
Downloading from central: https://repo.maven.apache.org/maven2/org/apache/maven/maven-repository-metadata/2.0.4/maven-repository-metadata-2.0.4.pom
Progress (1): 1.5 kB                    Downloaded from central: https://repo.maven.apache.org/maven2/org/apache/maven/maven-repository-metadata/2.0.4/maven-repository-metadata-2.0.4.pom (1.5 kB at 2.9 kB/s)
Downloading from central: https://repo.maven.apache.org/maven2/org/apache/maven/maven-artifact/2.0.4/maven-artifact-2.0.4.pom
Progress (1): 765 B                   Downloaded from central: https://repo.maven.apache.org/maven2/org/apache/maven/maven-artifact/2.0.4/maven-artifact-2.0.4.pom (765 B at 1.5 kB/s)
Downloading from central: https://repo.maven.apache.org/maven2/commons-validator/commons-validator/1.2.0/commons-validator-1.2.0.pom
Progress (1): 4.1/9.1 kBProgress (1): 8.2/9.1 kBProgress (1): 9.1 kB                        Downloaded from central: https://repo.maven.apache.org/maven2/commons-validator/commons-validator/1.2.0/commons-validator-1.2.0.pom (9.1 kB at 18 kB/s)
Downloading from central: https://repo.maven.apache.org/maven2/xml-apis/xml-apis/2.0.2/xml-apis-2.0.2.pom
Progress (1): 346 B                   Downloaded from central: https://repo.maven.apache.org/maven2/xml-apis/xml-apis/2.0.2/xml-apis-2.0.2.pom (346 B at 686 B/s)
Downloading from central: https://repo.maven.apache.org/maven2/org/apache/maven/doxia/doxia-core/1.0/doxia-core-1.0.pom
Progress (1): 2.4 kB                    Downloaded from central: https://repo.maven.apache.org/maven2/org/apache/maven/doxia/doxia-core/1.0/doxia-core-1.0.pom (2.4 kB at 4.6 kB/s)
Downloading from central: https://repo.maven.apache.org/maven2/org/codehaus/plexus/plexus-utils/1.5.7/plexus-utils-1.5.7.pom
Progress (1): 4.1/8.1 kBProgress (1): 8.1 kB                        Downloaded from central: https://repo.maven.apache.org/maven2/org/codehaus/plexus/plexus-utils/1.5.7/plexus-utils-1.5.7.pom (8.1 kB at 16 kB/s)
Downloading from central: https://repo.maven.apache.org/maven2/org/apache/maven/reporting/maven-reporting-api/2.0.4/maven-reporting-api-2.0.4.pom
Progress (1): 902 B                   Downloaded from central: https://repo.maven.apache.org/maven2/org/apache/maven/reporting/maven-reporting-api/2.0.4/maven-reporting-api-2.0.4.pom (902 B at 1.8 kB/s)
Downloading from central: https://repo.maven.apache.org/maven2/org/apache/maven/reporting/maven-reporting/2.0.4/maven-reporting-2.0.4.pom
Progress (1): 700 B                   Downloaded from central: https://repo.maven.apache.org/maven2/org/apache/maven/reporting/maven-reporting/2.0.4/maven-reporting-2.0.4.pom (700 B at 1.4 kB/s)
Downloading from central: https://repo.maven.apache.org/maven2/org/apache/maven/doxia/doxia-site-renderer/1.0/doxia-site-renderer-1.0.pom
Progress (1): 4.1/4.4 kBProgress (1): 4.4 kB                        Downloaded from central: https://repo.maven.apache.org/maven2/org/apache/maven/doxia/doxia-site-renderer/1.0/doxia-site-renderer-1.0.pom (4.4 kB at 8.7 kB/s)
Downloading from central: https://repo.maven.apache.org/maven2/org/apache/maven/doxia/doxia-sitetools/1.0/doxia-sitetools-1.0.pom
Progress (1): 4.1/9.6 kBProgress (1): 8.2/9.6 kBProgress (1): 9.6 kB                        Downloaded from central: https://repo.maven.apache.org/maven2/org/apache/maven/doxia/doxia-sitetools/1.0/doxia-sitetools-1.0.pom (9.6 kB at 19 kB/s)
Downloading from central: https://repo.maven.apache.org/maven2/org/apache/velocity/velocity/1.5/velocity-1.5.pom
Progress (1): 4.1/7.8 kBProgress (1): 7.8 kB                        Downloaded from central: https://repo.maven.apache.org/maven2/org/apache/velocity/velocity/1.5/velocity-1.5.pom (7.8 kB at 15 kB/s)
Downloading from central: https://repo.maven.apache.org/maven2/commons-lang/commons-lang/2.1/commons-lang-2.1.pom
Progress (1): 4.1/9.9 kBProgress (1): 8.2/9.9 kBProgress (1): 9.9 kB                        Downloaded from central: https://repo.maven.apache.org/maven2/commons-lang/commons-lang/2.1/commons-lang-2.1.pom (9.9 kB at 20 kB/s)
Downloading from central: https://repo.maven.apache.org/maven2/org/apache/maven/doxia/doxia-decoration-model/1.0/doxia-decoration-model-1.0.pom
Progress (1): 3.2 kB                    Downloaded from central: https://repo.maven.apache.org/maven2/org/apache/maven/doxia/doxia-decoration-model/1.0/doxia-decoration-model-1.0.pom (3.2 kB at 6.2 kB/s)
Downloading from central: https://repo.maven.apache.org/maven2/org/apache/maven/doxia/doxia-module-apt/1.0/doxia-module-apt-1.0.pom
Progress (1): 2.3 kB                    Downloaded from central: https://repo.maven.apache.org/maven2/org/apache/maven/doxia/doxia-module-apt/1.0/doxia-module-apt-1.0.pom (2.3 kB at 4.4 kB/s)
Downloading from central: https://repo.maven.apache.org/maven2/org/apache/maven/doxia/doxia-modules/1.0/doxia-modules-1.0.pom
Progress (1): 2.4 kB                    Downloaded from central: https://repo.maven.apache.org/maven2/org/apache/maven/doxia/doxia-modules/1.0/doxia-modules-1.0.pom (2.4 kB at 4.7 kB/s)
Downloading from central: https://repo.maven.apache.org/maven2/org/apache/maven/doxia/doxia-module-fml/1.0/doxia-module-fml-1.0.pom
Progress (1): 2.7 kB                    Downloaded from central: https://repo.maven.apache.org/maven2/org/apache/maven/doxia/doxia-module-fml/1.0/doxia-module-fml-1.0.pom (2.7 kB at 5.4 kB/s)
Downloading from central: https://repo.maven.apache.org/maven2/org/apache/maven/doxia/doxia-module-xdoc/1.0/doxia-module-xdoc-1.0.pom
Progress (1): 2.2 kB                    Downloaded from central: https://repo.maven.apache.org/maven2/org/apache/maven/doxia/doxia-module-xdoc/1.0/doxia-module-xdoc-1.0.pom (2.2 kB at 4.5 kB/s)
Downloading from central: https://repo.maven.apache.org/maven2/org/apache/maven/doxia/doxia-module-xhtml/1.0/doxia-module-xhtml-1.0.pom
Progress (1): 1.6 kB                    Downloaded from central: https://repo.maven.apache.org/maven2/org/apache/maven/doxia/doxia-module-xhtml/1.0/doxia-module-xhtml-1.0.pom (1.6 kB at 3.0 kB/s)
Downloading from central: https://repo.maven.apache.org/maven2/org/codehaus/plexus/plexus-utils/2.0.2/plexus-utils-2.0.2.pom
Progress (1): 3.3 kB                    Downloaded from central: https://repo.maven.apache.org/maven2/org/codehaus/plexus/plexus-utils/2.0.2/plexus-utils-2.0.2.pom (3.3 kB at 6.7 kB/s)
Downloading from central: https://repo.maven.apache.org/maven2/org/apache/maven/shared/maven-invoker/2.0.11/maven-invoker-2.0.11.pom
Progress (1): 4.1/5.1 kBProgress (1): 5.1 kB                        Downloaded from central: https://repo.maven.apache.org/maven2/org/apache/maven/shared/maven-invoker/2.0.11/maven-invoker-2.0.11.pom (5.1 kB at 10 kB/s)
Downloading from central: https://repo.maven.apache.org/maven2/org/apache/maven/shared/maven-shared-components/12/maven-shared-components-12.pom
Progress (1): 4.1/9.3 kBProgress (1): 8.2/9.3 kBProgress (1): 9.3 kB                        Downloaded from central: https://repo.maven.apache.org/maven2/org/apache/maven/shared/maven-shared-components/12/maven-shared-components-12.pom (9.3 kB at 19 kB/s)
Downloading from central: https://repo.maven.apache.org/maven2/org/apache/maven/maven-parent/13/maven-parent-13.pom
Progress (1): 4.1/23 kBProgress (1): 8.2/23 kBProgress (1): 12/23 kB Progress (1): 16/23 kBProgress (1): 20/23 kBProgress (1): 23 kB                      Downloaded from central: https://repo.maven.apache.org/maven2/org/apache/maven/maven-parent/13/maven-parent-13.pom (23 kB at 44 kB/s)
Downloading from central: https://repo.maven.apache.org/maven2/org/codehaus/plexus/plexus-utils/1.5.6/plexus-utils-1.5.6.pom
Progress (1): 4.1/5.3 kBProgress (1): 5.3 kB                        Downloaded from central: https://repo.maven.apache.org/maven2/org/codehaus/plexus/plexus-utils/1.5.6/plexus-utils-1.5.6.pom (5.3 kB at 10 kB/s)
Downloading from central: https://repo.maven.apache.org/maven2/org/codehaus/plexus/plexus/1.0.12/plexus-1.0.12.pom
Progress (1): 4.1/9.8 kBProgress (1): 8.2/9.8 kBProgress (1): 9.8 kB                        Downloaded from central: https://repo.maven.apache.org/maven2/org/codehaus/plexus/plexus/1.0.12/plexus-1.0.12.pom (9.8 kB at 19 kB/s)
Downloading from central: https://repo.maven.apache.org/maven2/net/sourceforge/cobertura/cobertura/2.1.1/cobertura-2.1.1.jar
Downloading from central: https://repo.maven.apache.org/maven2/org/ow2/asm/asm-tree/5.0.1/asm-tree-5.0.1.jar
Downloading from central: https://repo.maven.apache.org/maven2/org/ow2/asm/asm-commons/5.0.1/asm-commons-5.0.1.jar
Downloading from central: https://repo.maven.apache.org/maven2/org/ow2/asm/asm/5.0.1/asm-5.0.1.jar
Downloading from central: https://repo.maven.apache.org/maven2/org/ow2/asm/asm-util/5.0.1/asm-util-5.0.1.jar
Progress (1): 4.1/565 kBProgress (1): 8.2/565 kBProgress (1): 12/565 kB Progress (1): 16/565 kBProgress (1): 20/565 kBProgress (1): 25/565 kBProgress (1): 29/565 kBProgress (1): 33/565 kBProgress (1): 37/565 kBProgress (1): 41/565 kBProgress (1): 45/565 kBProgress (1): 49/565 kBProgress (1): 53/565 kBProgress (1): 57/565 kBProgress (1): 61/565 kBProgress (1): 66/565 kBProgress (1): 70/565 kBProgress (1): 74/565 kBProgress (1): 78/565 kBProgress (1): 82/565 kBProgress (1): 86/565 kBProgress (1): 90/565 kBProgress (1): 94/565 kBProgress (1): 98/565 kBProgress (1): 102/565 kBProgress (1): 106/565 kBProgress (1): 111/565 kBProgress (1): 115/565 kBProgress (1): 119/565 kBProgress (1): 123/565 kBProgress (1): 127/565 kBProgress (1): 131/565 kBProgress (1): 135/565 kBProgress (1): 139/565 kBProgress (1): 143/565 kBProgress (1): 147/565 kBProgress (1): 152/565 kBProgress (1): 156/565 kBProgress (1): 160/565 kBProgress (1): 164/565 kBProgress (1): 168/565 kBProgress (1): 172/565 kBProgress (1): 176/565 kBProgress (1): 180/565 kBProgress (1): 184/565 kBProgress (1): 188/565 kBProgress (1): 193/565 kBProgress (1): 197/565 kBProgress (1): 201/565 kBProgress (1): 205/565 kBProgress (1): 209/565 kBProgress (1): 213/565 kBProgress (1): 217/565 kBProgress (1): 221/565 kBProgress (1): 225/565 kBProgress (1): 229/565 kBProgress (1): 233/565 kBProgress (1): 238/565 kBProgress (1): 242/565 kBProgress (1): 246/565 kBProgress (1): 250/565 kBProgress (1): 254/565 kBProgress (1): 258/565 kBProgress (1): 262/565 kBProgress (1): 266/565 kBProgress (1): 270/565 kBProgress (1): 274/565 kBProgress (1): 279/565 kBProgress (1): 283/565 kBProgress (1): 287/565 kBProgress (1): 291/565 kBProgress (1): 295/565 kBProgress (1): 299/565 kBProgress (1): 303/565 kBProgress (1): 307/565 kBProgress (1): 311/565 kBProgress (1): 315/565 kBProgress (1): 319/565 kBProgress (1): 324/565 kBProgress (1): 328/565 kBProgress (1): 332/565 kBProgress (1): 336/565 kBProgress (1): 340/565 kBProgress (1): 344/565 kBProgress (1): 348/565 kBProgress (1): 352/565 kBProgress (1): 356/565 kBProgress (1): 360/565 kBProgress (1): 365/565 kBProgress (1): 369/565 kBProgress (1): 373/565 kBProgress (1): 377/565 kBProgress (1): 381/565 kBProgress (1): 385/565 kBProgress (1): 389/565 kBProgress (1): 393/565 kBProgress (1): 397/565 kBProgress (1): 401/565 kBProgress (1): 406/565 kBProgress (1): 410/565 kBProgress (1): 414/565 kBProgress (1): 418/565 kBProgress (1): 422/565 kBProgress (1): 426/565 kBProgress (1): 430/565 kBProgress (1): 434/565 kBProgress (1): 438/565 kBProgress (1): 442/565 kBProgress (1): 446/565 kBProgress (1): 451/565 kBProgress (1): 455/565 kBProgress (1): 459/565 kBProgress (1): 463/565 kBProgress (1): 467/565 kBProgress (1): 471/565 kBProgress (1): 475/565 kBProgress (1): 479/565 kBProgress (1): 483/565 kBProgress (1): 487/565 kBProgress (1): 492/565 kBProgress (1): 496/565 kBProgress (1): 500/565 kBProgress (1): 504/565 kBProgress (1): 508/565 kBProgress (1): 512/565 kBProgress (1): 516/565 kBProgress (1): 520/565 kBProgress (1): 524/565 kBProgress (1): 528/565 kBProgress (1): 532/565 kBProgress (1): 537/565 kBProgress (1): 541/565 kBProgress (1): 545/565 kBProgress (1): 549/565 kBProgress (1): 553/565 kBProgress (1): 557/565 kBProgress (1): 561/565 kBProgress (1): 565 kB    Progress (2): 565 kB | 2.7/53 kBProgress (2): 565 kB | 5.5/53 kBProgress (2): 565 kB | 8.2/53 kBProgress (2): 565 kB | 11/53 kB Progress (3): 565 kB | 11/53 kB | 2.7/29 kBProgress (3): 565 kB | 11/53 kB | 5.5/29 kBProgress (3): 565 kB | 11/53 kB | 8.2/29 kBProgress (4): 565 kB | 11/53 kB | 8.2/29 kB | 2.7/43 kBProgress (4): 565 kB | 11/53 kB | 11/29 kB | 2.7/43 kB Progress (4): 565 kB | 11/53 kB | 11/29 kB | 5.5/43 kBProgress (4): 565 kB | 11/53 kB | 11/29 kB | 8.2/43 kBProgress (4): 565 kB | 11/53 kB | 11/29 kB | 11/43 kB Progress (5): 565 kB | 11/53 kB | 11/29 kB | 11/43 kB | 2.7/42 kBProgress (5): 565 kB | 11/53 kB | 11/29 kB | 11/43 kB | 5.5/42 kBProgress (5): 565 kB | 11/53 kB | 11/29 kB | 11/43 kB | 8.2/42 kBProgress (5): 565 kB | 11/53 kB | 11/29 kB | 11/43 kB | 11/42 kB                                                                 Downloaded from central: https://repo.maven.apache.org/maven2/net/sourceforge/cobertura/cobertura/2.1.1/cobertura-2.1.1.jar (565 kB at 510 kB/s)
Downloading from central: https://repo.maven.apache.org/maven2/org/ow2/asm/asm-analysis/5.0.1/asm-analysis-5.0.1.jar
Progress (4): 14/53 kB | 11/29 kB | 11/43 kB | 11/42 kBProgress (4): 16/53 kB | 11/29 kB | 11/43 kB | 11/42 kBProgress (4): 19/53 kB | 11/29 kB | 11/43 kB | 11/42 kBProgress (4): 22/53 kB | 11/29 kB | 11/43 kB | 11/42 kBProgress (4): 22/53 kB | 14/29 kB | 11/43 kB | 11/42 kBProgress (4): 25/53 kB | 14/29 kB | 11/43 kB | 11/42 kBProgress (4): 27/53 kB | 14/29 kB | 11/43 kB | 11/42 kBProgress (4): 27/53 kB | 17/29 kB | 11/43 kB | 11/42 kBProgress (4): 27/53 kB | 20/29 kB | 11/43 kB | 11/42 kBProgress (4): 27/53 kB | 20/29 kB | 14/43 kB | 11/42 kBProgress (4): 27/53 kB | 22/29 kB | 14/43 kB | 11/42 kBProgress (4): 27/53 kB | 25/29 kB | 14/43 kB | 11/42 kBProgress (4): 27/53 kB | 28/29 kB | 14/43 kB | 11/42 kBProgress (4): 27/53 kB | 29 kB | 14/43 kB | 11/42 kB   Progress (4): 27/53 kB | 29 kB | 16/43 kB | 11/42 kBProgress (4): 27/53 kB | 29 kB | 19/43 kB | 11/42 kBProgress (4): 27/53 kB | 29 kB | 22/43 kB | 11/42 kBProgress (4): 27/53 kB | 29 kB | 25/43 kB | 11/42 kBProgress (4): 27/53 kB | 29 kB | 27/43 kB | 11/42 kBProgress (4): 27/53 kB | 29 kB | 30/43 kB | 11/42 kBProgress (4): 27/53 kB | 29 kB | 33/43 kB | 11/42 kBProgress (4): 27/53 kB | 29 kB | 36/43 kB | 11/42 kBProgress (4): 27/53 kB | 29 kB | 38/43 kB | 11/42 kBProgress (4): 27/53 kB | 29 kB | 38/43 kB | 14/42 kBProgress (4): 27/53 kB | 29 kB | 38/43 kB | 16/42 kBProgress (4): 27/53 kB | 29 kB | 38/43 kB | 19/42 kBProgress (4): 27/53 kB | 29 kB | 38/43 kB | 22/42 kBProgress (4): 27/53 kB | 29 kB | 38/43 kB | 25/42 kBProgress (4): 27/53 kB | 29 kB | 38/43 kB | 27/42 kBProgress (4): 27/53 kB | 29 kB | 38/43 kB | 30/42 kBProgress (4): 27/53 kB | 29 kB | 38/43 kB | 33/42 kBProgress (4): 27/53 kB | 29 kB | 38/43 kB | 36/42 kBProgress (4): 27/53 kB | 29 kB | 38/43 kB | 38/42 kBProgress (4): 30/53 kB | 29 kB | 38/43 kB | 38/42 kBProgress (4): 33/53 kB | 29 kB | 38/43 kB | 38/42 kBProgress (4): 36/53 kB | 29 kB | 38/43 kB | 38/42 kBProgress (4): 38/53 kB | 29 kB | 38/43 kB | 38/42 kBProgress (5): 38/53 kB | 29 kB | 38/43 kB | 38/42 kB | 4.1/20 kBProgress (5): 38/53 kB | 29 kB | 38/43 kB | 38/42 kB | 8.2/20 kBProgress (5): 38/53 kB | 29 kB | 38/43 kB | 38/42 kB | 12/20 kB Progress (5): 38/53 kB | 29 kB | 38/43 kB | 38/42 kB | 16/20 kBProgress (5): 38/53 kB | 29 kB | 38/43 kB | 38/42 kB | 20 kB   Progress (5): 41/53 kB | 29 kB | 38/43 kB | 38/42 kB | 20 kBProgress (5): 44/53 kB | 29 kB | 38/43 kB | 38/42 kB | 20 kBProgress (5): 47/53 kB | 29 kB | 38/43 kB | 38/42 kB | 20 kBProgress (5): 49/53 kB | 29 kB | 38/43 kB | 38/42 kB | 20 kBProgress (5): 49/53 kB | 29 kB | 41/43 kB | 38/42 kB | 20 kBProgress (5): 49/53 kB | 29 kB | 43 kB | 38/42 kB | 20 kB                                                            Downloaded from central: https://repo.maven.apache.org/maven2/org/ow2/asm/asm-tree/5.0.1/asm-tree-5.0.1.jar (29 kB at 21 kB/s)
Downloading from central: https://repo.maven.apache.org/maven2/org/apache/ant/ant/1.8.3/ant-1.8.3.jar
Progress (4): 52/53 kB | 43 kB | 38/42 kB | 20 kBProgress (4): 53 kB | 43 kB | 38/42 kB | 20 kB   Progress (4): 53 kB | 43 kB | 41/42 kB | 20 kBProgress (4): 53 kB | 43 kB | 42 kB | 20 kB                                              Downloaded from central: https://repo.maven.apache.org/maven2/org/ow2/asm/asm-analysis/5.0.1/asm-analysis-5.0.1.jar (20 kB at 13 kB/s)
Downloading from central: https://repo.maven.apache.org/maven2/org/apache/ant/ant-launcher/1.8.3/ant-launcher-1.8.3.jar
Downloaded from central: https://repo.maven.apache.org/maven2/org/ow2/asm/asm-util/5.0.1/asm-util-5.0.1.jar (43 kB at 26 kB/s)
Downloading from central: https://repo.maven.apache.org/maven2/org/apache/ant/ant-junit/1.8.3/ant-junit-1.8.3.jar
Progress (3): 53 kB | 42 kB | 0/1.9 MBProgress (3): 53 kB | 42 kB | 0/1.9 MB                                      Downloaded from central: https://repo.maven.apache.org/maven2/org/ow2/asm/asm/5.0.1/asm-5.0.1.jar (53 kB at 31 kB/s)
Downloading from central: https://repo.maven.apache.org/maven2/org/mortbay/jetty/servlet-api-2.5/6.1.14/servlet-api-2.5-6.1.14.jar
Downloaded from central: https://repo.maven.apache.org/maven2/org/ow2/asm/asm-commons/5.0.1/asm-commons-5.0.1.jar (42 kB at 24 kB/s)
Downloading from central: https://repo.maven.apache.org/maven2/org/mortbay/jetty/jetty/6.1.14/jetty-6.1.14.jar
Progress (1): 0/1.9 MBProgress (1): 0/1.9 MBProgress (1): 0/1.9 MBProgress (2): 0/1.9 MB | 4.1/18 kBProgress (2): 0/1.9 MB | 8.2/18 kBProgress (2): 0/1.9 MB | 12/18 kB Progress (2): 0/1.9 MB | 16/18 kBProgress (2): 0/1.9 MB | 18 kB   Progress (3): 0/1.9 MB | 18 kB | 2.7/108 kBProgress (3): 0/1.9 MB | 18 kB | 5.5/108 kBProgress (3): 0/1.9 MB | 18 kB | 8.2/108 kBProgress (3): 0/1.9 MB | 18 kB | 11/108 kB Progress (3): 0/1.9 MB | 18 kB | 14/108 kBProgress (3): 0/1.9 MB | 18 kB | 16/108 kBProgress (3): 0/1.9 MB | 18 kB | 19/108 kBProgress (3): 0/1.9 MB | 18 kB | 22/108 kBProgress (3): 0/1.9 MB | 18 kB | 25/108 kBProgress (3): 0/1.9 MB | 18 kB | 27/108 kBProgress (3): 0/1.9 MB | 18 kB | 30/108 kBProgress (3): 0/1.9 MB | 18 kB | 33/108 kBProgress (3): 0/1.9 MB | 18 kB | 36/108 kBProgress (3): 0/1.9 MB | 18 kB | 38/108 kBProgress (3): 0/1.9 MB | 18 kB | 41/108 kBProgress (3): 0/1.9 MB | 18 kB | 44/108 kBProgress (3): 0/1.9 MB | 18 kB | 47/108 kBProgress (3): 0/1.9 MB | 18 kB | 49/108 kBProgress (3): 0/1.9 MB | 18 kB | 52/108 kBProgress (3): 0/1.9 MB | 18 kB | 55/108 kBProgress (3): 0/1.9 MB | 18 kB | 58/108 kBProgress (3): 0/1.9 MB | 18 kB | 58/108 kBProgress (3): 0.1/1.9 MB | 18 kB | 58/108 kBProgress (3): 0.1/1.9 MB | 18 kB | 58/108 kBProgress (3): 0.1/1.9 MB | 18 kB | 58/108 kBProgress (4): 0.1/1.9 MB | 18 kB | 58/108 kB | 2.7/132 kBProgress (5): 0.1/1.9 MB | 18 kB | 58/108 kB | 2.7/132 kB | 2.7/516 kBProgress (5): 0.1/1.9 MB | 18 kB | 58/108 kB | 2.7/132 kB | 5.5/516 kBProgress (5): 0.1/1.9 MB | 18 kB | 58/108 kB | 2.7/132 kB | 8.2/516 kBProgress (5): 0.1/1.9 MB | 18 kB | 58/108 kB | 2.7/132 kB | 11/516 kB Progress (5): 0.1/1.9 MB | 18 kB | 58/108 kB | 2.7/132 kB | 14/516 kBProgress (5): 0.1/1.9 MB | 18 kB | 58/108 kB | 2.7/132 kB | 16/516 kBProgress (5): 0.1/1.9 MB | 18 kB | 58/108 kB | 2.7/132 kB | 19/516 kBProgress (5): 0.1/1.9 MB | 18 kB | 58/108 kB | 2.7/132 kB | 22/516 kBProgress (5): 0.1/1.9 MB | 18 kB | 58/108 kB | 2.7/132 kB | 25/516 kBProgress (5): 0.1/1.9 MB | 18 kB | 58/108 kB | 2.7/132 kB | 27/516 kBProgress (5): 0.1/1.9 MB | 18 kB | 58/108 kB | 2.7/132 kB | 30/516 kBProgress (5): 0.1/1.9 MB | 18 kB | 58/108 kB | 2.7/132 kB | 33/516 kBProgress (5): 0.1/1.9 MB | 18 kB | 58/108 kB | 2.7/132 kB | 36/516 kBProgress (5): 0.1/1.9 MB | 18 kB | 58/108 kB | 2.7/132 kB | 38/516 kBProgress (5): 0.1/1.9 MB | 18 kB | 58/108 kB | 2.7/132 kB | 41/516 kBProgress (5): 0.1/1.9 MB | 18 kB | 58/108 kB | 2.7/132 kB | 44/516 kBProgress (5): 0.1/1.9 MB | 18 kB | 58/108 kB | 2.7/132 kB | 47/516 kBProgress (5): 0.1/1.9 MB | 18 kB | 58/108 kB | 2.7/132 kB | 49/516 kBProgress (5): 0.1/1.9 MB | 18 kB | 58/108 kB | 2.7/132 kB | 52/516 kBProgress (5): 0.1/1.9 MB | 18 kB | 58/108 kB | 5.5/132 kB | 52/516 kBProgress (5): 0.1/1.9 MB | 18 kB | 58/108 kB | 8.2/132 kB | 52/516 kBProgress (5): 0.1/1.9 MB | 18 kB | 58/108 kB | 8.2/132 kB | 52/516 kBProgress (5): 0.1/1.9 MB | 18 kB | 58/108 kB | 11/132 kB | 52/516 kB Progress (5): 0.1/1.9 MB | 18 kB | 58/108 kB | 14/132 kB | 52/516 kBProgress (5): 0.1/1.9 MB | 18 kB | 58/108 kB | 16/132 kB | 52/516 kBProgress (5): 0.1/1.9 MB | 18 kB | 58/108 kB | 16/132 kB | 52/516 kBProgress (5): 0.1/1.9 MB | 18 kB | 58/108 kB | 19/132 kB | 52/516 kBProgress (5): 0.1/1.9 MB | 18 kB | 58/108 kB | 22/132 kB | 52/516 kBProgress (5): 0.1/1.9 MB | 18 kB | 58/108 kB | 22/132 kB | 52/516 kBProgress (5): 0.1/1.9 MB | 18 kB | 58/108 kB | 25/132 kB | 52/516 kBProgress (5): 0.1/1.9 MB | 18 kB | 58/108 kB | 25/132 kB | 52/516 kBProgress (5): 0.1/1.9 MB | 18 kB | 58/108 kB | 27/132 kB | 52/516 kBProgress (5): 0.1/1.9 MB | 18 kB | 58/108 kB | 30/132 kB | 52/516 kBProgress (5): 0.1/1.9 MB | 18 kB | 58/108 kB | 30/132 kB | 52/516 kBProgress (5): 0.1/1.9 MB | 18 kB | 58/108 kB | 33/132 kB | 52/516 kBProgress (5): 0.1/1.9 MB | 18 kB | 58/108 kB | 36/132 kB | 52/516 kBProgress (5): 0.1/1.9 MB | 18 kB | 58/108 kB | 38/132 kB | 52/516 kBProgress (5): 0.1/1.9 MB | 18 kB | 58/108 kB | 41/132 kB | 52/516 kBProgress (5): 0.1/1.9 MB | 18 kB | 58/108 kB | 44/132 kB | 52/516 kBProgress (5): 0.1/1.9 MB | 18 kB | 58/108 kB | 47/132 kB | 52/516 kBProgress (5): 0.1/1.9 MB | 18 kB | 58/108 kB | 49/132 kB | 52/516 kBProgress (5): 0.1/1.9 MB | 18 kB | 58/108 kB | 52/132 kB | 52/516 kBProgress (5): 0.1/1.9 MB | 18 kB | 58/108 kB | 55/132 kB | 52/516 kBProgress (5): 0.1/1.9 MB | 18 kB | 58/108 kB | 58/132 kB | 52/516 kB                                                                    Downloaded from central: https://repo.maven.apache.org/maven2/org/apache/ant/ant-launcher/1.8.3/ant-launcher-1.8.3.jar (18 kB at 8.7 kB/s)
Downloading from central: https://repo.maven.apache.org/maven2/org/mortbay/jetty/jetty-util/6.1.14/jetty-util-6.1.14.jar
Progress (4): 0.1/1.9 MB | 60/108 kB | 58/132 kB | 52/516 kBProgress (4): 0.1/1.9 MB | 63/108 kB | 58/132 kB | 52/516 kBProgress (4): 0.1/1.9 MB | 66/108 kB | 58/132 kB | 52/516 kBProgress (4): 0.1/1.9 MB | 69/108 kB | 58/132 kB | 52/516 kBProgress (4): 0.1/1.9 MB | 71/108 kB | 58/132 kB | 52/516 kBProgress (4): 0.1/1.9 MB | 74/108 kB | 58/132 kB | 52/516 kBProgress (4): 0.1/1.9 MB | 77/108 kB | 58/132 kB | 52/516 kBProgress (4): 0.1/1.9 MB | 80/108 kB | 58/132 kB | 52/516 kBProgress (4): 0.1/1.9 MB | 82/108 kB | 58/132 kB | 52/516 kBProgress (4): 0.1/1.9 MB | 85/108 kB | 58/132 kB | 52/516 kBProgress (4): 0.1/1.9 MB | 88/108 kB | 58/132 kB | 52/516 kBProgress (4): 0.1/1.9 MB | 90/108 kB | 58/132 kB | 52/516 kBProgress (4): 0.1/1.9 MB | 93/108 kB | 58/132 kB | 52/516 kBProgress (4): 0.1/1.9 MB | 96/108 kB | 58/132 kB | 52/516 kBProgress (4): 0.1/1.9 MB | 99/108 kB | 58/132 kB | 52/516 kBProgress (4): 0.1/1.9 MB | 101/108 kB | 58/132 kB | 52/516 kBProgress (4): 0.1/1.9 MB | 104/108 kB | 58/132 kB | 52/516 kBProgress (4): 0.1/1.9 MB | 107/108 kB | 58/132 kB | 52/516 kBProgress (4): 0.1/1.9 MB | 108 kB | 58/132 kB | 52/516 kB    Progress (4): 0.1/1.9 MB | 108 kB | 58/132 kB | 52/516 kBProgress (4): 0.1/1.9 MB | 108 kB | 58/132 kB | 52/516 kBProgress (4): 0.1/1.9 MB | 108 kB | 58/132 kB | 52/516 kBProgress (4): 0.1/1.9 MB | 108 kB | 58/132 kB | 52/516 kBProgress (4): 0.2/1.9 MB | 108 kB | 58/132 kB | 52/516 kBProgress (4): 0.2/1.9 MB | 108 kB | 58/132 kB | 52/516 kBProgress (4): 0.2/1.9 MB | 108 kB | 58/132 kB | 52/516 kBProgress (4): 0.2/1.9 MB | 108 kB | 58/132 kB | 52/516 kBProgress (4): 0.2/1.9 MB | 108 kB | 58/132 kB | 52/516 kBProgress (4): 0.2/1.9 MB | 108 kB | 58/132 kB | 55/516 kBProgress (4): 0.2/1.9 MB | 108 kB | 58/132 kB | 58/516 kBProgress (4): 0.2/1.9 MB | 108 kB | 58/132 kB | 60/516 kBProgress (4): 0.2/1.9 MB | 108 kB | 58/132 kB | 63/516 kBProgress (4): 0.2/1.9 MB | 108 kB | 58/132 kB | 66/516 kBProgress (4): 0.2/1.9 MB | 108 kB | 58/132 kB | 69/516 kBProgress (4): 0.2/1.9 MB | 108 kB | 58/132 kB | 71/516 kBProgress (4): 0.2/1.9 MB | 108 kB | 58/132 kB | 74/516 kBProgress (4): 0.2/1.9 MB | 108 kB | 58/132 kB | 77/516 kBProgress (4): 0.2/1.9 MB | 108 kB | 58/132 kB | 80/516 kBProgress (4): 0.2/1.9 MB | 108 kB | 58/132 kB | 82/516 kBProgress (4): 0.2/1.9 MB | 108 kB | 58/132 kB | 85/516 kBProgress (4): 0.2/1.9 MB | 108 kB | 60/132 kB | 85/516 kBProgress (4): 0.2/1.9 MB | 108 kB | 63/132 kB | 85/516 kBProgress (4): 0.2/1.9 MB | 108 kB | 63/132 kB | 88/516 kBProgress (4): 0.2/1.9 MB | 108 kB | 63/132 kB | 90/516 kBProgress (4): 0.2/1.9 MB | 108 kB | 63/132 kB | 93/516 kBProgress (4): 0.2/1.9 MB | 108 kB | 63/132 kB | 96/516 kBProgress (4): 0.2/1.9 MB | 108 kB | 63/132 kB | 99/516 kBProgress (4): 0.2/1.9 MB | 108 kB | 63/132 kB | 101/516 kBProgress (4): 0.2/1.9 MB | 108 kB | 63/132 kB | 104/516 kBProgress (4): 0.2/1.9 MB | 108 kB | 63/132 kB | 107/516 kBProgress (4): 0.2/1.9 MB | 108 kB | 63/132 kB | 110/516 kBProgress (4): 0.2/1.9 MB | 108 kB | 63/132 kB | 112/516 kBProgress (4): 0.2/1.9 MB | 108 kB | 63/132 kB | 115/516 kBProgress (4): 0.2/1.9 MB | 108 kB | 63/132 kB | 118/516 kBProgress (4): 0.2/1.9 MB | 108 kB | 63/132 kB | 121/516 kBProgress (4): 0.2/1.9 MB | 108 kB | 63/132 kB | 123/516 kBProgress (4): 0.2/1.9 MB | 108 kB | 66/132 kB | 123/516 kBProgress (4): 0.2/1.9 MB | 108 kB | 66/132 kB | 126/516 kBProgress (4): 0.2/1.9 MB | 108 kB | 69/132 kB | 126/516 kBProgress (4): 0.2/1.9 MB | 108 kB | 69/132 kB | 129/516 kBProgress (4): 0.2/1.9 MB | 108 kB | 71/132 kB | 129/516 kBProgress (4): 0.2/1.9 MB | 108 kB | 71/132 kB | 132/516 kBProgress (4): 0.2/1.9 MB | 108 kB | 71/132 kB | 134/516 kBProgress (4): 0.2/1.9 MB | 108 kB | 71/132 kB | 137/516 kBProgress (4): 0.2/1.9 MB | 108 kB | 71/132 kB | 140/516 kBProgress (4): 0.2/1.9 MB | 108 kB | 71/132 kB | 140/516 kBProgress (4): 0.2/1.9 MB | 108 kB | 74/132 kB | 140/516 kBProgress (4): 0.2/1.9 MB | 108 kB | 74/132 kB | 143/516 kBProgress (4): 0.2/1.9 MB | 108 kB | 74/132 kB | 145/516 kBProgress (4): 0.2/1.9 MB | 108 kB | 74/132 kB | 148/516 kBProgress (4): 0.2/1.9 MB | 108 kB | 74/132 kB | 151/516 kBProgress (4): 0.2/1.9 MB | 108 kB | 74/132 kB | 154/516 kBProgress (4): 0.2/1.9 MB | 108 kB | 74/132 kB | 156/516 kBProgress (4): 0.2/1.9 MB | 108 kB | 74/132 kB | 159/516 kBProgress (4): 0.2/1.9 MB | 108 kB | 77/132 kB | 159/516 kBProgress (4): 0.2/1.9 MB | 108 kB | 77/132 kB | 159/516 kBProgress (4): 0.2/1.9 MB | 108 kB | 80/132 kB | 159/516 kBProgress (4): 0.2/1.9 MB | 108 kB | 80/132 kB | 159/516 kBProgress (4): 0.2/1.9 MB | 108 kB | 82/132 kB | 159/516 kBProgress (4): 0.2/1.9 MB | 108 kB | 85/132 kB | 159/516 kBProgress (4): 0.2/1.9 MB | 108 kB | 85/132 kB | 159/516 kBProgress (4): 0.2/1.9 MB | 108 kB | 88/132 kB | 159/516 kBProgress (4): 0.2/1.9 MB | 108 kB | 88/132 kB | 159/516 kBProgress (4): 0.2/1.9 MB | 108 kB | 88/132 kB | 162/516 kBProgress (4): 0.2/1.9 MB | 108 kB | 90/132 kB | 162/516 kBProgress (4): 0.2/1.9 MB | 108 kB | 93/132 kB | 162/516 kBProgress (4): 0.2/1.9 MB | 108 kB | 93/132 kB | 162/516 kBProgress (4): 0.2/1.9 MB | 108 kB | 93/132 kB | 162/516 kBProgress (4): 0.3/1.9 MB | 108 kB | 93/132 kB | 162/516 kBProgress (4): 0.3/1.9 MB | 108 kB | 93/132 kB | 162/516 kBProgress (4): 0.3/1.9 MB | 108 kB | 96/132 kB | 162/516 kBProgress (4): 0.3/1.9 MB | 108 kB | 96/132 kB | 162/516 kBProgress (4): 0.3/1.9 MB | 108 kB | 96/132 kB | 162/516 kBProgress (4): 0.3/1.9 MB | 108 kB | 99/132 kB | 162/516 kBProgress (4): 0.3/1.9 MB | 108 kB | 101/132 kB | 162/516 kBProgress (4): 0.3/1.9 MB | 108 kB | 104/132 kB | 162/516 kBProgress (4): 0.3/1.9 MB | 108 kB | 107/132 kB | 162/516 kBProgress (4): 0.3/1.9 MB | 108 kB | 110/132 kB | 162/516 kBProgress (4): 0.3/1.9 MB | 108 kB | 112/132 kB | 162/516 kBProgress (4): 0.3/1.9 MB | 108 kB | 115/132 kB | 162/516 kBProgress (4): 0.3/1.9 MB | 108 kB | 118/132 kB | 162/516 kBProgress (5): 0.3/1.9 MB | 108 kB | 118/132 kB | 162/516 kB | 4.1/163 kBProgress (5): 0.3/1.9 MB | 108 kB | 118/132 kB | 162/516 kB | 8.2/163 kBProgress (5): 0.3/1.9 MB | 108 kB | 118/132 kB | 162/516 kB | 12/163 kB Progress (5): 0.3/1.9 MB | 108 kB | 118/132 kB | 162/516 kB | 16/163 kBProgress (5): 0.3/1.9 MB | 108 kB | 118/132 kB | 162/516 kB | 20/163 kBProgress (5): 0.3/1.9 MB | 108 kB | 118/132 kB | 162/516 kB | 25/163 kBProgress (5): 0.3/1.9 MB | 108 kB | 118/132 kB | 162/516 kB | 29/163 kBProgress (5): 0.3/1.9 MB | 108 kB | 118/132 kB | 162/516 kB | 33/163 kBProgress (5): 0.3/1.9 MB | 108 kB | 118/132 kB | 162/516 kB | 37/163 kBProgress (5): 0.3/1.9 MB | 108 kB | 118/132 kB | 162/516 kB | 41/163 kBProgress (5): 0.3/1.9 MB | 108 kB | 118/132 kB | 162/516 kB | 45/163 kBProgress (5): 0.3/1.9 MB | 108 kB | 118/132 kB | 162/516 kB | 49/163 kBProgress (5): 0.3/1.9 MB | 108 kB | 118/132 kB | 162/516 kB | 53/163 kBProgress (5): 0.3/1.9 MB | 108 kB | 118/132 kB | 162/516 kB | 57/163 kBProgress (5): 0.3/1.9 MB | 108 kB | 118/132 kB | 162/516 kB | 61/163 kBProgress (5): 0.3/1.9 MB | 108 kB | 118/132 kB | 162/516 kB | 66/163 kBProgress (5): 0.3/1.9 MB | 108 kB | 118/132 kB | 162/516 kB | 70/163 kBProgress (5): 0.3/1.9 MB | 108 kB | 118/132 kB | 162/516 kB | 74/163 kBProgress (5): 0.3/1.9 MB | 108 kB | 118/132 kB | 162/516 kB | 78/163 kBProgress (5): 0.3/1.9 MB | 108 kB | 118/132 kB | 162/516 kB | 82/163 kBProgress (5): 0.3/1.9 MB | 108 kB | 118/132 kB | 162/516 kB | 86/163 kBProgress (5): 0.3/1.9 MB | 108 kB | 118/132 kB | 162/516 kB | 90/163 kBProgress (5): 0.3/1.9 MB | 108 kB | 118/132 kB | 162/516 kB | 94/163 kBProgress (5): 0.3/1.9 MB | 108 kB | 118/132 kB | 162/516 kB | 98/163 kBProgress (5): 0.3/1.9 MB | 108 kB | 118/132 kB | 162/516 kB | 102/163 kBProgress (5): 0.3/1.9 MB | 108 kB | 118/132 kB | 162/516 kB | 106/163 kBProgress (5): 0.3/1.9 MB | 108 kB | 118/132 kB | 162/516 kB | 111/163 kBProgress (5): 0.3/1.9 MB | 108 kB | 118/132 kB | 162/516 kB | 115/163 kBProgress (5): 0.3/1.9 MB | 108 kB | 118/132 kB | 162/516 kB | 119/163 kBProgress (5): 0.3/1.9 MB | 108 kB | 118/132 kB | 162/516 kB | 123/163 kBProgress (5): 0.3/1.9 MB | 108 kB | 118/132 kB | 162/516 kB | 127/163 kBProgress (5): 0.3/1.9 MB | 108 kB | 118/132 kB | 162/516 kB | 131/163 kBProgress (5): 0.3/1.9 MB | 108 kB | 121/132 kB | 162/516 kB | 131/163 kBProgress (5): 0.3/1.9 MB | 108 kB | 121/132 kB | 162/516 kB | 135/163 kBProgress (5): 0.3/1.9 MB | 108 kB | 121/132 kB | 162/516 kB | 135/163 kBProgress (5): 0.3/1.9 MB | 108 kB | 123/132 kB | 162/516 kB | 135/163 kBProgress (5): 0.3/1.9 MB | 108 kB | 123/132 kB | 162/516 kB | 139/163 kBProgress (5): 0.3/1.9 MB | 108 kB | 123/132 kB | 162/516 kB | 143/163 kBProgress (5): 0.3/1.9 MB | 108 kB | 126/132 kB | 162/516 kB | 143/163 kBProgress (5): 0.3/1.9 MB | 108 kB | 126/132 kB | 162/516 kB | 147/163 kBProgress (5): 0.3/1.9 MB | 108 kB | 129/132 kB | 162/516 kB | 147/163 kBProgress (5): 0.3/1.9 MB | 108 kB | 129/132 kB | 162/516 kB | 152/163 kBProgress (5): 0.3/1.9 MB | 108 kB | 132/132 kB | 162/516 kB | 152/163 kBProgress (5): 0.3/1.9 MB | 108 kB | 132/132 kB | 162/516 kB | 156/163 kBProgress (5): 0.3/1.9 MB | 108 kB | 132 kB | 162/516 kB | 156/163 kB                                                                        Downloaded from central: https://repo.maven.apache.org/maven2/org/apache/ant/ant-junit/1.8.3/ant-junit-1.8.3.jar (108 kB at 43 kB/s)
Downloading from central: https://repo.maven.apache.org/maven2/ch/qos/logback/logback-classic/1.0.13/logback-classic-1.0.13.jar
Progress (4): 0.3/1.9 MB | 132 kB | 162/516 kB | 160/163 kBProgress (4): 0.3/1.9 MB | 132 kB | 162/516 kB | 163 kB    Progress (4): 0.3/1.9 MB | 132 kB | 162/516 kB | 163 kBProgress (4): 0.3/1.9 MB | 132 kB | 162/516 kB | 163 kBProgress (4): 0.3/1.9 MB | 132 kB | 162/516 kB | 163 kBProgress (4): 0.3/1.9 MB | 132 kB | 162/516 kB | 163 kBProgress (4): 0.3/1.9 MB | 132 kB | 162/516 kB | 163 kBProgress (4): 0.3/1.9 MB | 132 kB | 162/516 kB | 163 kBProgress (4): 0.3/1.9 MB | 132 kB | 162/516 kB | 163 kBProgress (4): 0.4/1.9 MB | 132 kB | 162/516 kB | 163 kBProgress (4): 0.4/1.9 MB | 132 kB | 162/516 kB | 163 kBProgress (4): 0.4/1.9 MB | 132 kB | 162/516 kB | 163 kBProgress (4): 0.4/1.9 MB | 132 kB | 162/516 kB | 163 kBProgress (4): 0.4/1.9 MB | 132 kB | 162/516 kB | 163 kBProgress (4): 0.4/1.9 MB | 132 kB | 165/516 kB | 163 kBProgress (4): 0.4/1.9 MB | 132 kB | 167/516 kB | 163 kBProgress (4): 0.4/1.9 MB | 132 kB | 170/516 kB | 163 kBProgress (4): 0.4/1.9 MB | 132 kB | 173/516 kB | 163 kBProgress (4): 0.4/1.9 MB | 132 kB | 173/516 kB | 163 kBProgress (4): 0.4/1.9 MB | 132 kB | 175/516 kB | 163 kBProgress (4): 0.4/1.9 MB | 132 kB | 178/516 kB | 163 kBProgress (4): 0.4/1.9 MB | 132 kB | 181/516 kB | 163 kBProgress (4): 0.4/1.9 MB | 132 kB | 184/516 kB | 163 kBProgress (4): 0.4/1.9 MB | 132 kB | 186/516 kB | 163 kBProgress (4): 0.4/1.9 MB | 132 kB | 186/516 kB | 163 kBProgress (4): 0.4/1.9 MB | 132 kB | 186/516 kB | 163 kBProgress (4): 0.4/1.9 MB | 132 kB | 189/516 kB | 163 kBProgress (4): 0.4/1.9 MB | 132 kB | 192/516 kB | 163 kBProgress (4): 0.4/1.9 MB | 132 kB | 195/516 kB | 163 kBProgress (4): 0.4/1.9 MB | 132 kB | 197/516 kB | 163 kBProgress (4): 0.4/1.9 MB | 132 kB | 197/516 kB | 163 kBProgress (4): 0.4/1.9 MB | 132 kB | 200/516 kB | 163 kBProgress (4): 0.4/1.9 MB | 132 kB | 203/516 kB | 163 kBProgress (4): 0.4/1.9 MB | 132 kB | 206/516 kB | 163 kBProgress (4): 0.4/1.9 MB | 132 kB | 208/516 kB | 163 kBProgress (4): 0.4/1.9 MB | 132 kB | 211/516 kB | 163 kBProgress (4): 0.4/1.9 MB | 132 kB | 214/516 kB | 163 kBProgress (4): 0.4/1.9 MB | 132 kB | 217/516 kB | 163 kBProgress (4): 0.4/1.9 MB | 132 kB | 219/516 kB | 163 kBProgress (4): 0.4/1.9 MB | 132 kB | 223/516 kB | 163 kBProgress (4): 0.4/1.9 MB | 132 kB | 227/516 kB | 163 kBProgress (4): 0.4/1.9 MB | 132 kB | 231/516 kB | 163 kBProgress (4): 0.4/1.9 MB | 132 kB | 235/516 kB | 163 kBProgress (4): 0.4/1.9 MB | 132 kB | 239/516 kB | 163 kBProgress (4): 0.4/1.9 MB | 132 kB | 243/516 kB | 163 kBProgress (4): 0.4/1.9 MB | 132 kB | 247/516 kB | 163 kBProgress (4): 0.4/1.9 MB | 132 kB | 251/516 kB | 163 kBProgress (4): 0.4/1.9 MB | 132 kB | 256/516 kB | 163 kBProgress (4): 0.4/1.9 MB | 132 kB | 260/516 kB | 163 kBProgress (4): 0.4/1.9 MB | 132 kB | 264/516 kB | 163 kBProgress (4): 0.4/1.9 MB | 132 kB | 268/516 kB | 163 kBProgress (4): 0.4/1.9 MB | 132 kB | 268/516 kB | 163 kBProgress (4): 0.4/1.9 MB | 132 kB | 268/516 kB | 163 kBProgress (4): 0.4/1.9 MB | 132 kB | 268/516 kB | 163 kBProgress (4): 0.5/1.9 MB | 132 kB | 268/516 kB | 163 kBProgress (4): 0.5/1.9 MB | 132 kB | 268/516 kB | 163 kBProgress (4): 0.5/1.9 MB | 132 kB | 268/516 kB | 163 kBProgress (4): 0.5/1.9 MB | 132 kB | 268/516 kB | 163 kBProgress (4): 0.5/1.9 MB | 132 kB | 268/516 kB | 163 kBProgress (4): 0.5/1.9 MB | 132 kB | 268/516 kB | 163 kBProgress (4): 0.5/1.9 MB | 132 kB | 268/516 kB | 163 kBProgress (4): 0.5/1.9 MB | 132 kB | 268/516 kB | 163 kBProgress (4): 0.5/1.9 MB | 132 kB | 268/516 kB | 163 kBProgress (4): 0.5/1.9 MB | 132 kB | 268/516 kB | 163 kBProgress (4): 0.5/1.9 MB | 132 kB | 268/516 kB | 163 kBProgress (4): 0.5/1.9 MB | 132 kB | 268/516 kB | 163 kBProgress (4): 0.6/1.9 MB | 132 kB | 268/516 kB | 163 kBProgress (4): 0.6/1.9 MB | 132 kB | 268/516 kB | 163 kBProgress (4): 0.6/1.9 MB | 132 kB | 268/516 kB | 163 kBProgress (4): 0.6/1.9 MB | 132 kB | 268/516 kB | 163 kBProgress (4): 0.6/1.9 MB | 132 kB | 268/516 kB | 163 kBProgress (4): 0.6/1.9 MB | 132 kB | 268/516 kB | 163 kBProgress (4): 0.6/1.9 MB | 132 kB | 268/516 kB | 163 kBProgress (4): 0.6/1.9 MB | 132 kB | 268/516 kB | 163 kBProgress (4): 0.6/1.9 MB | 132 kB | 268/516 kB | 163 kBProgress (4): 0.6/1.9 MB | 132 kB | 268/516 kB | 163 kB                                                       Downloaded from central: https://repo.maven.apache.org/maven2/org/mortbay/jetty/servlet-api-2.5/6.1.14/servlet-api-2.5-6.1.14.jar (132 kB at 48 kB/s)
Downloading from central: https://repo.maven.apache.org/maven2/ch/qos/logback/logback-core/1.0.13/logback-core-1.0.13.jar
Downloaded from central: https://repo.maven.apache.org/maven2/org/mortbay/jetty/jetty-util/6.1.14/jetty-util-6.1.14.jar (163 kB at 59 kB/s)
Downloading from central: https://repo.maven.apache.org/maven2/org/apache/commons/commons-lang3/3.3.2/commons-lang3-3.3.2.jar
Progress (3): 0.6/1.9 MB | 268/516 kB | 2.7/265 kBProgress (3): 0.6/1.9 MB | 268/516 kB | 5.5/265 kBProgress (3): 0.6/1.9 MB | 268/516 kB | 8.2/265 kBProgress (3): 0.6/1.9 MB | 268/516 kB | 11/265 kB Progress (3): 0.6/1.9 MB | 268/516 kB | 14/265 kBProgress (3): 0.6/1.9 MB | 268/516 kB | 14/265 kBProgress (3): 0.6/1.9 MB | 268/516 kB | 16/265 kBProgress (3): 0.6/1.9 MB | 268/516 kB | 16/265 kBProgress (3): 0.6/1.9 MB | 268/516 kB | 16/265 kBProgress (3): 0.6/1.9 MB | 268/516 kB | 19/265 kBProgress (3): 0.7/1.9 MB | 268/516 kB | 19/265 kBProgress (3): 0.7/1.9 MB | 268/516 kB | 22/265 kBProgress (3): 0.7/1.9 MB | 268/516 kB | 22/265 kBProgress (3): 0.7/1.9 MB | 272/516 kB | 22/265 kBProgress (3): 0.7/1.9 MB | 276/516 kB | 22/265 kBProgress (3): 0.7/1.9 MB | 280/516 kB | 22/265 kBProgress (3): 0.7/1.9 MB | 284/516 kB | 22/265 kBProgress (3): 0.7/1.9 MB | 284/516 kB | 22/265 kBProgress (3): 0.7/1.9 MB | 284/516 kB | 25/265 kBProgress (3): 0.7/1.9 MB | 284/516 kB | 25/265 kBProgress (3): 0.7/1.9 MB | 284/516 kB | 27/265 kBProgress (3): 0.7/1.9 MB | 288/516 kB | 27/265 kBProgress (3): 0.7/1.9 MB | 292/516 kB | 27/265 kBProgress (3): 0.7/1.9 MB | 297/516 kB | 27/265 kBProgress (3): 0.7/1.9 MB | 301/516 kB | 27/265 kBProgress (3): 0.7/1.9 MB | 301/516 kB | 27/265 kBProgress (3): 0.7/1.9 MB | 301/516 kB | 27/265 kBProgress (3): 0.7/1.9 MB | 301/516 kB | 30/265 kBProgress (3): 0.7/1.9 MB | 301/516 kB | 30/265 kBProgress (3): 0.7/1.9 MB | 301/516 kB | 33/265 kBProgress (3): 0.7/1.9 MB | 301/516 kB | 33/265 kBProgress (3): 0.7/1.9 MB | 301/516 kB | 36/265 kBProgress (3): 0.7/1.9 MB | 301/516 kB | 36/265 kBProgress (3): 0.7/1.9 MB | 301/516 kB | 38/265 kBProgress (3): 0.7/1.9 MB | 301/516 kB | 41/265 kBProgress (3): 0.7/1.9 MB | 301/516 kB | 41/265 kBProgress (3): 0.7/1.9 MB | 301/516 kB | 41/265 kBProgress (3): 0.7/1.9 MB | 305/516 kB | 41/265 kBProgress (3): 0.7/1.9 MB | 309/516 kB | 41/265 kBProgress (3): 0.7/1.9 MB | 313/516 kB | 41/265 kBProgress (3): 0.7/1.9 MB | 317/516 kB | 41/265 kBProgress (3): 0.7/1.9 MB | 321/516 kB | 41/265 kBProgress (3): 0.7/1.9 MB | 325/516 kB | 41/265 kBProgress (3): 0.7/1.9 MB | 329/516 kB | 41/265 kBProgress (3): 0.7/1.9 MB | 333/516 kB | 41/265 kBProgress (3): 0.7/1.9 MB | 338/516 kB | 41/265 kBProgress (3): 0.7/1.9 MB | 342/516 kB | 41/265 kBProgress (3): 0.7/1.9 MB | 346/516 kB | 41/265 kBProgress (3): 0.7/1.9 MB | 350/516 kB | 41/265 kBProgress (3): 0.7/1.9 MB | 350/516 kB | 44/265 kBProgress (3): 0.7/1.9 MB | 354/516 kB | 44/265 kBProgress (3): 0.7/1.9 MB | 358/516 kB | 44/265 kBProgress (3): 0.7/1.9 MB | 362/516 kB | 44/265 kBProgress (3): 0.7/1.9 MB | 366/516 kB | 44/265 kBProgress (3): 0.7/1.9 MB | 366/516 kB | 47/265 kBProgress (3): 0.8/1.9 MB | 366/516 kB | 47/265 kBProgress (3): 0.8/1.9 MB | 370/516 kB | 47/265 kBProgress (3): 0.8/1.9 MB | 374/516 kB | 47/265 kBProgress (3): 0.8/1.9 MB | 374/516 kB | 47/265 kBProgress (3): 0.8/1.9 MB | 378/516 kB | 47/265 kBProgress (3): 0.8/1.9 MB | 383/516 kB | 47/265 kBProgress (3): 0.8/1.9 MB | 383/516 kB | 49/265 kBProgress (3): 0.8/1.9 MB | 383/516 kB | 52/265 kBProgress (3): 0.8/1.9 MB | 383/516 kB | 52/265 kBProgress (3): 0.8/1.9 MB | 383/516 kB | 52/265 kBProgress (3): 0.8/1.9 MB | 383/516 kB | 55/265 kBProgress (3): 0.8/1.9 MB | 383/516 kB | 58/265 kBProgress (3): 0.8/1.9 MB | 383/516 kB | 58/265 kBProgress (3): 0.8/1.9 MB | 383/516 kB | 58/265 kBProgress (3): 0.8/1.9 MB | 383/516 kB | 60/265 kBProgress (3): 0.8/1.9 MB | 387/516 kB | 60/265 kBProgress (3): 0.8/1.9 MB | 387/516 kB | 60/265 kBProgress (3): 0.8/1.9 MB | 391/516 kB | 60/265 kBProgress (3): 0.8/1.9 MB | 391/516 kB | 60/265 kBProgress (3): 0.8/1.9 MB | 395/516 kB | 60/265 kBProgress (3): 0.8/1.9 MB | 399/516 kB | 60/265 kBProgress (3): 0.8/1.9 MB | 399/516 kB | 63/265 kBProgress (3): 0.8/1.9 MB | 399/516 kB | 63/265 kBProgress (3): 0.8/1.9 MB | 399/516 kB | 66/265 kBProgress (3): 0.8/1.9 MB | 399/516 kB | 69/265 kBProgress (3): 0.8/1.9 MB | 399/516 kB | 69/265 kBProgress (3): 0.8/1.9 MB | 399/516 kB | 69/265 kBProgress (3): 0.8/1.9 MB | 399/516 kB | 69/265 kBProgress (3): 0.8/1.9 MB | 399/516 kB | 71/265 kBProgress (3): 0.9/1.9 MB | 399/516 kB | 71/265 kBProgress (3): 0.9/1.9 MB | 399/516 kB | 71/265 kBProgress (3): 0.9/1.9 MB | 399/516 kB | 74/265 kBProgress (3): 0.9/1.9 MB | 399/516 kB | 74/265 kBProgress (3): 0.9/1.9 MB | 399/516 kB | 74/265 kBProgress (3): 0.9/1.9 MB | 399/516 kB | 77/265 kBProgress (3): 0.9/1.9 MB | 399/516 kB | 80/265 kBProgress (3): 0.9/1.9 MB | 399/516 kB | 80/265 kBProgress (3): 0.9/1.9 MB | 399/516 kB | 80/265 kBProgress (3): 0.9/1.9 MB | 399/516 kB | 82/265 kBProgress (3): 0.9/1.9 MB | 399/516 kB | 82/265 kBProgress (3): 0.9/1.9 MB | 399/516 kB | 82/265 kBProgress (3): 0.9/1.9 MB | 399/516 kB | 85/265 kBProgress (3): 0.9/1.9 MB | 399/516 kB | 85/265 kBProgress (3): 0.9/1.9 MB | 399/516 kB | 85/265 kBProgress (3): 0.9/1.9 MB | 399/516 kB | 88/265 kBProgress (4): 0.9/1.9 MB | 399/516 kB | 88/265 kB | 2.7/419 kBProgress (4): 0.9/1.9 MB | 399/516 kB | 88/265 kB | 5.5/419 kBProgress (4): 0.9/1.9 MB | 399/516 kB | 88/265 kB | 8.2/419 kBProgress (4): 0.9/1.9 MB | 399/516 kB | 88/265 kB | 11/419 kB Progress (4): 0.9/1.9 MB | 399/516 kB | 88/265 kB | 14/419 kBProgress (4): 0.9/1.9 MB | 399/516 kB | 88/265 kB | 16/419 kBProgress (4): 0.9/1.9 MB | 399/516 kB | 88/265 kB | 19/419 kBProgress (4): 0.9/1.9 MB | 399/516 kB | 88/265 kB | 22/419 kBProgress (4): 0.9/1.9 MB | 399/516 kB | 88/265 kB | 25/419 kBProgress (4): 0.9/1.9 MB | 399/516 kB | 88/265 kB | 27/419 kBProgress (4): 0.9/1.9 MB | 399/516 kB | 88/265 kB | 30/419 kBProgress (4): 0.9/1.9 MB | 399/516 kB | 88/265 kB | 33/419 kBProgress (4): 0.9/1.9 MB | 399/516 kB | 88/265 kB | 36/419 kBProgress (4): 0.9/1.9 MB | 399/516 kB | 88/265 kB | 38/419 kBProgress (4): 0.9/1.9 MB | 399/516 kB | 88/265 kB | 41/419 kBProgress (4): 0.9/1.9 MB | 399/516 kB | 88/265 kB | 44/419 kBProgress (4): 0.9/1.9 MB | 399/516 kB | 88/265 kB | 47/419 kBProgress (4): 0.9/1.9 MB | 399/516 kB | 88/265 kB | 49/419 kBProgress (4): 0.9/1.9 MB | 399/516 kB | 88/265 kB | 52/419 kBProgress (4): 0.9/1.9 MB | 399/516 kB | 88/265 kB | 55/419 kBProgress (4): 0.9/1.9 MB | 399/516 kB | 88/265 kB | 58/419 kBProgress (4): 0.9/1.9 MB | 399/516 kB | 88/265 kB | 60/419 kBProgress (4): 0.9/1.9 MB | 399/516 kB | 88/265 kB | 63/419 kBProgress (4): 0.9/1.9 MB | 399/516 kB | 88/265 kB | 66/419 kBProgress (4): 0.9/1.9 MB | 399/516 kB | 88/265 kB | 69/419 kBProgress (4): 0.9/1.9 MB | 399/516 kB | 88/265 kB | 71/419 kBProgress (4): 0.9/1.9 MB | 399/516 kB | 88/265 kB | 74/419 kBProgress (4): 0.9/1.9 MB | 399/516 kB | 88/265 kB | 77/419 kBProgress (4): 0.9/1.9 MB | 399/516 kB | 88/265 kB | 80/419 kBProgress (4): 0.9/1.9 MB | 399/516 kB | 88/265 kB | 82/419 kBProgress (4): 0.9/1.9 MB | 399/516 kB | 88/265 kB | 85/419 kBProgress (4): 0.9/1.9 MB | 399/516 kB | 88/265 kB | 88/419 kBProgress (4): 0.9/1.9 MB | 399/516 kB | 88/265 kB | 90/419 kBProgress (4): 0.9/1.9 MB | 399/516 kB | 88/265 kB | 93/419 kBProgress (4): 0.9/1.9 MB | 399/516 kB | 88/265 kB | 96/419 kBProgress (4): 0.9/1.9 MB | 399/516 kB | 88/265 kB | 99/419 kBProgress (4): 0.9/1.9 MB | 399/516 kB | 88/265 kB | 101/419 kBProgress (4): 0.9/1.9 MB | 399/516 kB | 88/265 kB | 104/419 kBProgress (4): 0.9/1.9 MB | 399/516 kB | 88/265 kB | 107/419 kBProgress (4): 0.9/1.9 MB | 399/516 kB | 88/265 kB | 110/419 kBProgress (4): 0.9/1.9 MB | 399/516 kB | 88/265 kB | 112/419 kBProgress (4): 0.9/1.9 MB | 399/516 kB | 88/265 kB | 115/419 kBProgress (4): 0.9/1.9 MB | 399/516 kB | 88/265 kB | 118/419 kBProgress (4): 0.9/1.9 MB | 399/516 kB | 88/265 kB | 121/419 kBProgress (4): 0.9/1.9 MB | 399/516 kB | 88/265 kB | 123/419 kBProgress (4): 0.9/1.9 MB | 399/516 kB | 88/265 kB | 126/419 kBProgress (4): 0.9/1.9 MB | 399/516 kB | 88/265 kB | 129/419 kBProgress (4): 0.9/1.9 MB | 399/516 kB | 88/265 kB | 132/419 kBProgress (4): 0.9/1.9 MB | 399/516 kB | 88/265 kB | 134/419 kBProgress (4): 0.9/1.9 MB | 399/516 kB | 88/265 kB | 137/419 kBProgress (4): 0.9/1.9 MB | 399/516 kB | 88/265 kB | 140/419 kBProgress (4): 0.9/1.9 MB | 399/516 kB | 88/265 kB | 143/419 kBProgress (4): 0.9/1.9 MB | 399/516 kB | 88/265 kB | 145/419 kBProgress (4): 0.9/1.9 MB | 399/516 kB | 88/265 kB | 148/419 kBProgress (4): 0.9/1.9 MB | 399/516 kB | 88/265 kB | 151/419 kBProgress (4): 0.9/1.9 MB | 399/516 kB | 88/265 kB | 154/419 kBProgress (4): 0.9/1.9 MB | 399/516 kB | 88/265 kB | 156/419 kBProgress (5): 0.9/1.9 MB | 399/516 kB | 88/265 kB | 156/419 kB | 4.1/413 kBProgress (5): 0.9/1.9 MB | 399/516 kB | 88/265 kB | 156/419 kB | 8.2/413 kBProgress (5): 0.9/1.9 MB | 399/516 kB | 88/265 kB | 156/419 kB | 12/413 kB Progress (5): 0.9/1.9 MB | 399/516 kB | 88/265 kB | 156/419 kB | 16/413 kBProgress (5): 0.9/1.9 MB | 399/516 kB | 88/265 kB | 156/419 kB | 20/413 kBProgress (5): 0.9/1.9 MB | 399/516 kB | 88/265 kB | 156/419 kB | 25/413 kBProgress (5): 0.9/1.9 MB | 399/516 kB | 88/265 kB | 156/419 kB | 29/413 kBProgress (5): 0.9/1.9 MB | 399/516 kB | 88/265 kB | 156/419 kB | 33/413 kBProgress (5): 0.9/1.9 MB | 399/516 kB | 88/265 kB | 156/419 kB | 37/413 kBProgress (5): 0.9/1.9 MB | 399/516 kB | 88/265 kB | 156/419 kB | 41/413 kBProgress (5): 0.9/1.9 MB | 399/516 kB | 88/265 kB | 156/419 kB | 45/413 kBProgress (5): 0.9/1.9 MB | 399/516 kB | 88/265 kB | 156/419 kB | 49/413 kBProgress (5): 0.9/1.9 MB | 399/516 kB | 88/265 kB | 156/419 kB | 53/413 kBProgress (5): 0.9/1.9 MB | 399/516 kB | 88/265 kB | 156/419 kB | 57/413 kBProgress (5): 0.9/1.9 MB | 399/516 kB | 88/265 kB | 156/419 kB | 61/413 kBProgress (5): 0.9/1.9 MB | 399/516 kB | 88/265 kB | 156/419 kB | 66/413 kBProgress (5): 0.9/1.9 MB | 399/516 kB | 88/265 kB | 156/419 kB | 70/413 kBProgress (5): 0.9/1.9 MB | 399/516 kB | 88/265 kB | 156/419 kB | 74/413 kBProgress (5): 0.9/1.9 MB | 399/516 kB | 88/265 kB | 156/419 kB | 78/413 kBProgress (5): 0.9/1.9 MB | 399/516 kB | 88/265 kB | 156/419 kB | 82/413 kBProgress (5): 0.9/1.9 MB | 399/516 kB | 88/265 kB | 156/419 kB | 86/413 kBProgress (5): 0.9/1.9 MB | 399/516 kB | 88/265 kB | 156/419 kB | 90/413 kBProgress (5): 0.9/1.9 MB | 399/516 kB | 88/265 kB | 156/419 kB | 94/413 kBProgress (5): 0.9/1.9 MB | 399/516 kB | 88/265 kB | 156/419 kB | 98/413 kBProgress (5): 0.9/1.9 MB | 399/516 kB | 88/265 kB | 156/419 kB | 102/413 kBProgress (5): 0.9/1.9 MB | 399/516 kB | 88/265 kB | 156/419 kB | 106/413 kBProgress (5): 0.9/1.9 MB | 399/516 kB | 88/265 kB | 156/419 kB | 111/413 kBProgress (5): 0.9/1.9 MB | 399/516 kB | 88/265 kB | 156/419 kB | 115/413 kBProgress (5): 0.9/1.9 MB | 399/516 kB | 88/265 kB | 156/419 kB | 119/413 kBProgress (5): 0.9/1.9 MB | 399/516 kB | 88/265 kB | 156/419 kB | 123/413 kBProgress (5): 0.9/1.9 MB | 399/516 kB | 88/265 kB | 156/419 kB | 127/413 kBProgress (5): 0.9/1.9 MB | 399/516 kB | 88/265 kB | 156/419 kB | 131/413 kBProgress (5): 0.9/1.9 MB | 399/516 kB | 88/265 kB | 156/419 kB | 135/413 kBProgress (5): 0.9/1.9 MB | 399/516 kB | 88/265 kB | 156/419 kB | 139/413 kBProgress (5): 0.9/1.9 MB | 399/516 kB | 88/265 kB | 156/419 kB | 143/413 kBProgress (5): 0.9/1.9 MB | 399/516 kB | 88/265 kB | 156/419 kB | 147/413 kBProgress (5): 0.9/1.9 MB | 399/516 kB | 88/265 kB | 156/419 kB | 152/413 kBProgress (5): 0.9/1.9 MB | 399/516 kB | 88/265 kB | 156/419 kB | 156/413 kBProgress (5): 0.9/1.9 MB | 399/516 kB | 88/265 kB | 156/419 kB | 160/413 kBProgress (5): 0.9/1.9 MB | 399/516 kB | 88/265 kB | 156/419 kB | 164/413 kBProgress (5): 0.9/1.9 MB | 399/516 kB | 88/265 kB | 156/419 kB | 168/413 kBProgress (5): 0.9/1.9 MB | 399/516 kB | 88/265 kB | 156/419 kB | 172/413 kBProgress (5): 0.9/1.9 MB | 399/516 kB | 88/265 kB | 156/419 kB | 176/413 kBProgress (5): 0.9/1.9 MB | 399/516 kB | 88/265 kB | 156/419 kB | 180/413 kBProgress (5): 0.9/1.9 MB | 399/516 kB | 88/265 kB | 156/419 kB | 184/413 kBProgress (5): 0.9/1.9 MB | 399/516 kB | 88/265 kB | 156/419 kB | 188/413 kBProgress (5): 0.9/1.9 MB | 399/516 kB | 88/265 kB | 156/419 kB | 193/413 kBProgress (5): 0.9/1.9 MB | 399/516 kB | 88/265 kB | 156/419 kB | 197/413 kBProgress (5): 0.9/1.9 MB | 399/516 kB | 88/265 kB | 156/419 kB | 201/413 kBProgress (5): 0.9/1.9 MB | 399/516 kB | 88/265 kB | 156/419 kB | 205/413 kBProgress (5): 0.9/1.9 MB | 399/516 kB | 88/265 kB | 156/419 kB | 209/413 kBProgress (5): 0.9/1.9 MB | 399/516 kB | 88/265 kB | 156/419 kB | 213/413 kBProgress (5): 0.9/1.9 MB | 399/516 kB | 90/265 kB | 156/419 kB | 213/413 kBProgress (5): 0.9/1.9 MB | 399/516 kB | 90/265 kB | 156/419 kB | 217/413 kBProgress (5): 0.9/1.9 MB | 399/516 kB | 90/265 kB | 156/419 kB | 221/413 kBProgress (5): 0.9/1.9 MB | 399/516 kB | 90/265 kB | 156/419 kB | 225/413 kBProgress (5): 0.9/1.9 MB | 399/516 kB | 90/265 kB | 156/419 kB | 229/413 kBProgress (5): 0.9/1.9 MB | 399/516 kB | 90/265 kB | 156/419 kB | 233/413 kBProgress (5): 0.9/1.9 MB | 399/516 kB | 90/265 kB | 156/419 kB | 238/413 kBProgress (5): 0.9/1.9 MB | 399/516 kB | 90/265 kB | 156/419 kB | 242/413 kBProgress (5): 0.9/1.9 MB | 399/516 kB | 90/265 kB | 156/419 kB | 246/413 kBProgress (5): 0.9/1.9 MB | 399/516 kB | 90/265 kB | 156/419 kB | 250/413 kBProgress (5): 0.9/1.9 MB | 399/516 kB | 90/265 kB | 156/419 kB | 254/413 kBProgress (5): 0.9/1.9 MB | 399/516 kB | 90/265 kB | 156/419 kB | 258/413 kBProgress (5): 0.9/1.9 MB | 399/516 kB | 90/265 kB | 156/419 kB | 262/413 kBProgress (5): 0.9/1.9 MB | 399/516 kB | 90/265 kB | 156/419 kB | 266/413 kBProgress (5): 0.9/1.9 MB | 399/516 kB | 90/265 kB | 156/419 kB | 270/413 kBProgress (5): 0.9/1.9 MB | 399/516 kB | 90/265 kB | 156/419 kB | 274/413 kBProgress (5): 0.9/1.9 MB | 399/516 kB | 90/265 kB | 156/419 kB | 279/413 kBProgress (5): 0.9/1.9 MB | 399/516 kB | 90/265 kB | 156/419 kB | 283/413 kBProgress (5): 0.9/1.9 MB | 399/516 kB | 90/265 kB | 156/419 kB | 287/413 kBProgress (5): 0.9/1.9 MB | 399/516 kB | 90/265 kB | 156/419 kB | 291/413 kBProgress (5): 0.9/1.9 MB | 399/516 kB | 90/265 kB | 156/419 kB | 295/413 kBProgress (5): 0.9/1.9 MB | 399/516 kB | 90/265 kB | 156/419 kB | 299/413 kBProgress (5): 0.9/1.9 MB | 399/516 kB | 90/265 kB | 156/419 kB | 303/413 kBProgress (5): 0.9/1.9 MB | 399/516 kB | 90/265 kB | 156/419 kB | 307/413 kBProgress (5): 0.9/1.9 MB | 399/516 kB | 90/265 kB | 156/419 kB | 311/413 kBProgress (5): 0.9/1.9 MB | 399/516 kB | 90/265 kB | 156/419 kB | 315/413 kBProgress (5): 0.9/1.9 MB | 399/516 kB | 90/265 kB | 156/419 kB | 319/413 kBProgress (5): 0.9/1.9 MB | 399/516 kB | 90/265 kB | 156/419 kB | 324/413 kBProgress (5): 0.9/1.9 MB | 399/516 kB | 90/265 kB | 156/419 kB | 328/413 kBProgress (5): 0.9/1.9 MB | 399/516 kB | 90/265 kB | 156/419 kB | 332/413 kBProgress (5): 0.9/1.9 MB | 399/516 kB | 90/265 kB | 156/419 kB | 336/413 kBProgress (5): 0.9/1.9 MB | 399/516 kB | 90/265 kB | 156/419 kB | 340/413 kBProgress (5): 0.9/1.9 MB | 399/516 kB | 90/265 kB | 156/419 kB | 344/413 kBProgress (5): 0.9/1.9 MB | 399/516 kB | 90/265 kB | 156/419 kB | 348/413 kBProgress (5): 0.9/1.9 MB | 399/516 kB | 90/265 kB | 156/419 kB | 352/413 kBProgress (5): 0.9/1.9 MB | 399/516 kB | 90/265 kB | 156/419 kB | 356/413 kBProgress (5): 0.9/1.9 MB | 399/516 kB | 90/265 kB | 156/419 kB | 360/413 kBProgress (5): 0.9/1.9 MB | 399/516 kB | 90/265 kB | 156/419 kB | 365/413 kBProgress (5): 0.9/1.9 MB | 399/516 kB | 90/265 kB | 156/419 kB | 369/413 kBProgress (5): 0.9/1.9 MB | 399/516 kB | 90/265 kB | 156/419 kB | 373/413 kBProgress (5): 0.9/1.9 MB | 399/516 kB | 90/265 kB | 156/419 kB | 377/413 kBProgress (5): 0.9/1.9 MB | 399/516 kB | 90/265 kB | 156/419 kB | 381/413 kBProgress (5): 0.9/1.9 MB | 399/516 kB | 90/265 kB | 156/419 kB | 385/413 kBProgress (5): 0.9/1.9 MB | 399/516 kB | 90/265 kB | 156/419 kB | 389/413 kBProgress (5): 0.9/1.9 MB | 399/516 kB | 90/265 kB | 156/419 kB | 393/413 kBProgress (5): 0.9/1.9 MB | 399/516 kB | 93/265 kB | 156/419 kB | 393/413 kBProgress (5): 0.9/1.9 MB | 399/516 kB | 93/265 kB | 156/419 kB | 393/413 kBProgress (5): 0.9/1.9 MB | 399/516 kB | 93/265 kB | 156/419 kB | 393/413 kBProgress (5): 0.9/1.9 MB | 399/516 kB | 93/265 kB | 156/419 kB | 397/413 kBProgress (5): 0.9/1.9 MB | 399/516 kB | 93/265 kB | 156/419 kB | 401/413 kBProgress (5): 0.9/1.9 MB | 399/516 kB | 93/265 kB | 156/419 kB | 406/413 kBProgress (5): 0.9/1.9 MB | 399/516 kB | 93/265 kB | 156/419 kB | 410/413 kBProgress (5): 0.9/1.9 MB | 399/516 kB | 93/265 kB | 156/419 kB | 413 kB    Progress (5): 0.9/1.9 MB | 399/516 kB | 96/265 kB | 156/419 kB | 413 kBProgress (5): 1.0/1.9 MB | 399/516 kB | 96/265 kB | 156/419 kB | 413 kBProgress (5): 1.0/1.9 MB | 399/516 kB | 96/265 kB | 156/419 kB | 413 kBProgress (5): 1.0/1.9 MB | 399/516 kB | 99/265 kB | 156/419 kB | 413 kBProgress (5): 1.0/1.9 MB | 399/516 kB | 101/265 kB | 156/419 kB | 413 kBProgress (5): 1.0/1.9 MB | 399/516 kB | 101/265 kB | 156/419 kB | 413 kBProgress (5): 1.0/1.9 MB | 399/516 kB | 101/265 kB | 156/419 kB | 413 kBProgress (5): 1.0/1.9 MB | 399/516 kB | 101/265 kB | 156/419 kB | 413 kBProgress (5): 1.0/1.9 MB | 399/516 kB | 101/265 kB | 156/419 kB | 413 kBProgress (5): 1.0/1.9 MB | 399/516 kB | 104/265 kB | 156/419 kB | 413 kBProgress (5): 1.0/1.9 MB | 399/516 kB | 104/265 kB | 156/419 kB | 413 kBProgress (5): 1.0/1.9 MB | 399/516 kB | 104/265 kB | 156/419 kB | 413 kBProgress (5): 1.0/1.9 MB | 399/516 kB | 107/265 kB | 156/419 kB | 413 kBProgress (5): 1.0/1.9 MB | 399/516 kB | 110/265 kB | 156/419 kB | 413 kBProgress (5): 1.0/1.9 MB | 403/516 kB | 110/265 kB | 156/419 kB | 413 kBProgress (5): 1.0/1.9 MB | 407/516 kB | 110/265 kB | 156/419 kB | 413 kBProgress (5): 1.0/1.9 MB | 411/516 kB | 110/265 kB | 156/419 kB | 413 kBProgress (5): 1.0/1.9 MB | 415/516 kB | 110/265 kB | 156/419 kB | 413 kBProgress (5): 1.0/1.9 MB | 415/516 kB | 112/265 kB | 156/419 kB | 413 kBProgress (5): 1.0/1.9 MB | 415/516 kB | 112/265 kB | 156/419 kB | 413 kBProgress (5): 1.0/1.9 MB | 415/516 kB | 115/265 kB | 156/419 kB | 413 kBProgress (5): 1.0/1.9 MB | 415/516 kB | 115/265 kB | 156/419 kB | 413 kBProgress (5): 1.0/1.9 MB | 415/516 kB | 118/265 kB | 156/419 kB | 413 kBProgress (5): 1.0/1.9 MB | 415/516 kB | 118/265 kB | 156/419 kB | 413 kBProgress (5): 1.0/1.9 MB | 415/516 kB | 121/265 kB | 156/419 kB | 413 kBProgress (5): 1.0/1.9 MB | 415/516 kB | 121/265 kB | 156/419 kB | 413 kBProgress (5): 1.0/1.9 MB | 415/516 kB | 123/265 kB | 156/419 kB | 413 kBProgress (5): 1.1/1.9 MB | 415/516 kB | 123/265 kB | 156/419 kB | 413 kBProgress (5): 1.1/1.9 MB | 415/516 kB | 126/265 kB | 156/419 kB | 413 kBProgress (5): 1.1/1.9 MB | 415/516 kB | 126/265 kB | 156/419 kB | 413 kBProgress (5): 1.1/1.9 MB | 415/516 kB | 129/265 kB | 156/419 kB | 413 kBProgress (5): 1.1/1.9 MB | 415/516 kB | 129/265 kB | 156/419 kB | 413 kBProgress (5): 1.1/1.9 MB | 415/516 kB | 129/265 kB | 156/419 kB | 413 kBProgress (5): 1.1/1.9 MB | 415/516 kB | 132/265 kB | 156/419 kB | 413 kBProgress (5): 1.1/1.9 MB | 419/516 kB | 132/265 kB | 156/419 kB | 413 kBProgress (5): 1.1/1.9 MB | 424/516 kB | 132/265 kB | 156/419 kB | 413 kBProgress (5): 1.1/1.9 MB | 428/516 kB | 132/265 kB | 156/419 kB | 413 kBProgress (5): 1.1/1.9 MB | 432/516 kB | 132/265 kB | 156/419 kB | 413 kBProgress (5): 1.1/1.9 MB | 432/516 kB | 132/265 kB | 156/419 kB | 413 kBProgress (5): 1.1/1.9 MB | 432/516 kB | 132/265 kB | 156/419 kB | 413 kBProgress (5): 1.1/1.9 MB | 436/516 kB | 132/265 kB | 156/419 kB | 413 kBProgress (5): 1.1/1.9 MB | 440/516 kB | 132/265 kB | 156/419 kB | 413 kBProgress (5): 1.1/1.9 MB | 444/516 kB | 132/265 kB | 156/419 kB | 413 kBProgress (5): 1.1/1.9 MB | 448/516 kB | 132/265 kB | 156/419 kB | 413 kBProgress (5): 1.1/1.9 MB | 452/516 kB | 132/265 kB | 156/419 kB | 413 kBProgress (5): 1.1/1.9 MB | 456/516 kB | 132/265 kB | 156/419 kB | 413 kBProgress (5): 1.1/1.9 MB | 460/516 kB | 132/265 kB | 156/419 kB | 413 kBProgress (5): 1.1/1.9 MB | 464/516 kB | 132/265 kB | 156/419 kB | 413 kBProgress (5): 1.1/1.9 MB | 469/516 kB | 132/265 kB | 156/419 kB | 413 kBProgress (5): 1.1/1.9 MB | 473/516 kB | 132/265 kB | 156/419 kB | 413 kBProgress (5): 1.1/1.9 MB | 477/516 kB | 132/265 kB | 156/419 kB | 413 kBProgress (5): 1.1/1.9 MB | 481/516 kB | 132/265 kB | 156/419 kB | 413 kBProgress (5): 1.1/1.9 MB | 481/516 kB | 134/265 kB | 156/419 kB | 413 kBProgress (5): 1.1/1.9 MB | 485/516 kB | 134/265 kB | 156/419 kB | 413 kBProgress (5): 1.1/1.9 MB | 489/516 kB | 134/265 kB | 156/419 kB | 413 kBProgress (5): 1.1/1.9 MB | 493/516 kB | 134/265 kB | 156/419 kB | 413 kBProgress (5): 1.1/1.9 MB | 497/516 kB | 134/265 kB | 156/419 kB | 413 kBProgress (5): 1.1/1.9 MB | 497/516 kB | 134/265 kB | 156/419 kB | 413 kBProgress (5): 1.1/1.9 MB | 497/516 kB | 134/265 kB | 156/419 kB | 413 kBProgress (5): 1.1/1.9 MB | 501/516 kB | 134/265 kB | 156/419 kB | 413 kBProgress (5): 1.1/1.9 MB | 505/516 kB | 134/265 kB | 156/419 kB | 413 kBProgress (5): 1.1/1.9 MB | 510/516 kB | 134/265 kB | 156/419 kB | 413 kBProgress (5): 1.1/1.9 MB | 514/516 kB | 134/265 kB | 156/419 kB | 413 kBProgress (5): 1.1/1.9 MB | 516 kB | 134/265 kB | 156/419 kB | 413 kB    Progress (5): 1.1/1.9 MB | 516 kB | 137/265 kB | 156/419 kB | 413 kBProgress (5): 1.1/1.9 MB | 516 kB | 140/265 kB | 156/419 kB | 413 kBProgress (5): 1.1/1.9 MB | 516 kB | 140/265 kB | 156/419 kB | 413 kBProgress (5): 1.1/1.9 MB | 516 kB | 140/265 kB | 156/419 kB | 413 kBProgress (5): 1.1/1.9 MB | 516 kB | 143/265 kB | 156/419 kB | 413 kBProgress (5): 1.1/1.9 MB | 516 kB | 143/265 kB | 156/419 kB | 413 kBProgress (5): 1.1/1.9 MB | 516 kB | 143/265 kB | 156/419 kB | 413 kBProgress (5): 1.1/1.9 MB | 516 kB | 145/265 kB | 156/419 kB | 413 kBProgress (5): 1.2/1.9 MB | 516 kB | 145/265 kB | 156/419 kB | 413 kBProgress (5): 1.2/1.9 MB | 516 kB | 145/265 kB | 156/419 kB | 413 kBProgress (5): 1.2/1.9 MB | 516 kB | 148/265 kB | 156/419 kB | 413 kBProgress (5): 1.2/1.9 MB | 516 kB | 151/265 kB | 156/419 kB | 413 kBProgress (5): 1.2/1.9 MB | 516 kB | 154/265 kB | 156/419 kB | 413 kBProgress (5): 1.2/1.9 MB | 516 kB | 154/265 kB | 156/419 kB | 413 kBProgress (5): 1.2/1.9 MB | 516 kB | 154/265 kB | 156/419 kB | 413 kBProgress (5): 1.2/1.9 MB | 516 kB | 156/265 kB | 156/419 kB | 413 kBProgress (5): 1.2/1.9 MB | 516 kB | 156/265 kB | 156/419 kB | 413 kBProgress (5): 1.2/1.9 MB | 516 kB | 156/265 kB | 156/419 kB | 413 kBProgress (5): 1.2/1.9 MB | 516 kB | 159/265 kB | 156/419 kB | 413 kBProgress (5): 1.2/1.9 MB | 516 kB | 159/265 kB | 156/419 kB | 413 kBProgress (5): 1.2/1.9 MB | 516 kB | 159/265 kB | 156/419 kB | 413 kBProgress (5): 1.2/1.9 MB | 516 kB | 162/265 kB | 156/419 kB | 413 kBProgress (5): 1.2/1.9 MB | 516 kB | 162/265 kB | 156/419 kB | 413 kBProgress (5): 1.2/1.9 MB | 516 kB | 162/265 kB | 156/419 kB | 413 kBProgress (5): 1.2/1.9 MB | 516 kB | 165/265 kB | 156/419 kB | 413 kBProgress (5): 1.2/1.9 MB | 516 kB | 167/265 kB | 156/419 kB | 413 kBProgress (5): 1.2/1.9 MB | 516 kB | 170/265 kB | 156/419 kB | 413 kBProgress (5): 1.2/1.9 MB | 516 kB | 173/265 kB | 156/419 kB | 413 kBProgress (5): 1.2/1.9 MB | 516 kB | 173/265 kB | 156/419 kB | 413 kBProgress (5): 1.2/1.9 MB | 516 kB | 173/265 kB | 156/419 kB | 413 kBProgress (5): 1.2/1.9 MB | 516 kB | 175/265 kB | 156/419 kB | 413 kBProgress (5): 1.2/1.9 MB | 516 kB | 175/265 kB | 159/419 kB | 413 kBProgress (5): 1.3/1.9 MB | 516 kB | 175/265 kB | 159/419 kB | 413 kBProgress (5): 1.3/1.9 MB | 516 kB | 175/265 kB | 159/419 kB | 413 kBProgress (5): 1.3/1.9 MB | 516 kB | 175/265 kB | 162/419 kB | 413 kBProgress (5): 1.3/1.9 MB | 516 kB | 175/265 kB | 165/419 kB | 413 kBProgress (5): 1.3/1.9 MB | 516 kB | 175/265 kB | 167/419 kB | 413 kBProgress (5): 1.3/1.9 MB | 516 kB | 175/265 kB | 170/419 kB | 413 kBProgress (5): 1.3/1.9 MB | 516 kB | 175/265 kB | 173/419 kB | 413 kBProgress (5): 1.3/1.9 MB | 516 kB | 175/265 kB | 175/419 kB | 413 kBProgress (5): 1.3/1.9 MB | 516 kB | 175/265 kB | 178/419 kB | 413 kBProgress (5): 1.3/1.9 MB | 516 kB | 175/265 kB | 181/419 kB | 413 kBProgress (5): 1.3/1.9 MB | 516 kB | 175/265 kB | 184/419 kB | 413 kBProgress (5): 1.3/1.9 MB | 516 kB | 175/265 kB | 186/419 kB | 413 kBProgress (5): 1.3/1.9 MB | 516 kB | 175/265 kB | 189/419 kB | 413 kBProgress (5): 1.3/1.9 MB | 516 kB | 175/265 kB | 192/419 kB | 413 kBProgress (5): 1.3/1.9 MB | 516 kB | 175/265 kB | 195/419 kB | 413 kBProgress (5): 1.3/1.9 MB | 516 kB | 175/265 kB | 195/419 kB | 413 kBProgress (5): 1.3/1.9 MB | 516 kB | 175/265 kB | 195/419 kB | 413 kBProgress (5): 1.3/1.9 MB | 516 kB | 175/265 kB | 197/419 kB | 413 kBProgress (5): 1.3/1.9 MB | 516 kB | 175/265 kB | 200/419 kB | 413 kBProgress (5): 1.3/1.9 MB | 516 kB | 175/265 kB | 203/419 kB | 413 kBProgress (5): 1.3/1.9 MB | 516 kB | 175/265 kB | 206/419 kB | 413 kBProgress (5): 1.3/1.9 MB | 516 kB | 175/265 kB | 208/419 kB | 413 kBProgress (5): 1.3/1.9 MB | 516 kB | 175/265 kB | 211/419 kB | 413 kBProgress (5): 1.3/1.9 MB | 516 kB | 175/265 kB | 214/419 kB | 413 kBProgress (5): 1.3/1.9 MB | 516 kB | 175/265 kB | 217/419 kB | 413 kBProgress (5): 1.3/1.9 MB | 516 kB | 175/265 kB | 219/419 kB | 413 kBProgress (5): 1.3/1.9 MB | 516 kB | 175/265 kB | 222/419 kB | 413 kBProgress (5): 1.3/1.9 MB | 516 kB | 175/265 kB | 225/419 kB | 413 kBProgress (5): 1.3/1.9 MB | 516 kB | 175/265 kB | 228/419 kB | 413 kBProgress (5): 1.3/1.9 MB | 516 kB | 175/265 kB | 230/419 kB | 413 kBProgress (5): 1.3/1.9 MB | 516 kB | 175/265 kB | 233/419 kB | 413 kBProgress (5): 1.3/1.9 MB | 516 kB | 175/265 kB | 236/419 kB | 413 kBProgress (5): 1.3/1.9 MB | 516 kB | 175/265 kB | 239/419 kB | 413 kBProgress (5): 1.3/1.9 MB | 516 kB | 175/265 kB | 241/419 kB | 413 kBProgress (5): 1.3/1.9 MB | 516 kB | 175/265 kB | 244/419 kB | 413 kBProgress (5): 1.3/1.9 MB | 516 kB | 175/265 kB | 247/419 kB | 413 kBProgress (5): 1.3/1.9 MB | 516 kB | 175/265 kB | 250/419 kB | 413 kBProgress (5): 1.3/1.9 MB | 516 kB | 175/265 kB | 252/419 kB | 413 kBProgress (5): 1.3/1.9 MB | 516 kB | 175/265 kB | 255/419 kB | 413 kBProgress (5): 1.3/1.9 MB | 516 kB | 178/265 kB | 255/419 kB | 413 kBProgress (5): 1.3/1.9 MB | 516 kB | 178/265 kB | 258/419 kB | 413 kBProgress (5): 1.3/1.9 MB | 516 kB | 178/265 kB | 260/419 kB | 413 kBProgress (5): 1.3/1.9 MB | 516 kB | 178/265 kB | 263/419 kB | 413 kBProgress (5): 1.3/1.9 MB | 516 kB | 178/265 kB | 266/419 kB | 413 kBProgress (5): 1.3/1.9 MB | 516 kB | 178/265 kB | 269/419 kB | 413 kBProgress (5): 1.3/1.9 MB | 516 kB | 178/265 kB | 271/419 kB | 413 kBProgress (5): 1.3/1.9 MB | 516 kB | 178/265 kB | 274/419 kB | 413 kBProgress (5): 1.3/1.9 MB | 516 kB | 178/265 kB | 277/419 kB | 413 kBProgress (5): 1.3/1.9 MB | 516 kB | 178/265 kB | 280/419 kB | 413 kBProgress (5): 1.3/1.9 MB | 516 kB | 178/265 kB | 282/419 kB | 413 kBProgress (5): 1.3/1.9 MB | 516 kB | 178/265 kB | 285/419 kB | 413 kBProgress (5): 1.3/1.9 MB | 516 kB | 178/265 kB | 288/419 kB | 413 kBProgress (5): 1.3/1.9 MB | 516 kB | 178/265 kB | 291/419 kB | 413 kBProgress (5): 1.3/1.9 MB | 516 kB | 178/265 kB | 293/419 kB | 413 kBProgress (5): 1.3/1.9 MB | 516 kB | 178/265 kB | 296/419 kB | 413 kBProgress (5): 1.3/1.9 MB | 516 kB | 178/265 kB | 299/419 kB | 413 kBProgress (5): 1.3/1.9 MB | 516 kB | 178/265 kB | 302/419 kB | 413 kBProgress (5): 1.3/1.9 MB | 516 kB | 178/265 kB | 304/419 kB | 413 kBProgress (5): 1.3/1.9 MB | 516 kB | 178/265 kB | 307/419 kB | 413 kBProgress (5): 1.3/1.9 MB | 516 kB | 178/265 kB | 310/419 kB | 413 kBProgress (5): 1.3/1.9 MB | 516 kB | 178/265 kB | 313/419 kB | 413 kBProgress (5): 1.3/1.9 MB | 516 kB | 178/265 kB | 315/419 kB | 413 kBProgress (5): 1.3/1.9 MB | 516 kB | 178/265 kB | 318/419 kB | 413 kBProgress (5): 1.3/1.9 MB | 516 kB | 178/265 kB | 321/419 kB | 413 kBProgress (5): 1.3/1.9 MB | 516 kB | 178/265 kB | 324/419 kB | 413 kBProgress (5): 1.3/1.9 MB | 516 kB | 178/265 kB | 326/419 kB | 413 kBProgress (5): 1.3/1.9 MB | 516 kB | 178/265 kB | 329/419 kB | 413 kBProgress (5): 1.3/1.9 MB | 516 kB | 178/265 kB | 332/419 kB | 413 kBProgress (5): 1.3/1.9 MB | 516 kB | 178/265 kB | 335/419 kB | 413 kBProgress (5): 1.3/1.9 MB | 516 kB | 178/265 kB | 337/419 kB | 413 kBProgress (5): 1.3/1.9 MB | 516 kB | 178/265 kB | 340/419 kB | 413 kBProgress (5): 1.3/1.9 MB | 516 kB | 178/265 kB | 343/419 kB | 413 kBProgress (5): 1.3/1.9 MB | 516 kB | 178/265 kB | 345/419 kB | 413 kBProgress (5): 1.3/1.9 MB | 516 kB | 178/265 kB | 348/419 kB | 413 kBProgress (5): 1.3/1.9 MB | 516 kB | 178/265 kB | 351/419 kB | 413 kBProgress (5): 1.3/1.9 MB | 516 kB | 178/265 kB | 354/419 kB | 413 kBProgress (5): 1.3/1.9 MB | 516 kB | 178/265 kB | 356/419 kB | 413 kBProgress (5): 1.3/1.9 MB | 516 kB | 178/265 kB | 359/419 kB | 413 kBProgress (5): 1.3/1.9 MB | 516 kB | 178/265 kB | 362/419 kB | 413 kBProgress (5): 1.3/1.9 MB | 516 kB | 178/265 kB | 365/419 kB | 413 kBProgress (5): 1.3/1.9 MB | 516 kB | 181/265 kB | 365/419 kB | 413 kBProgress (5): 1.3/1.9 MB | 516 kB | 184/265 kB | 365/419 kB | 413 kBProgress (5): 1.3/1.9 MB | 516 kB | 186/265 kB | 365/419 kB | 413 kB                                                                    Downloaded from central: https://repo.maven.apache.org/maven2/org/apache/commons/commons-lang3/3.3.2/commons-lang3-3.3.2.jar (413 kB at 108 kB/s)
Downloading from central: https://repo.maven.apache.org/maven2/xerces/xercesImpl/2.11.0/xercesImpl-2.11.0.jar
Progress (4): 1.3/1.9 MB | 516 kB | 186/265 kB | 365/419 kBProgress (4): 1.3/1.9 MB | 516 kB | 186/265 kB | 365/419 kBProgress (4): 1.3/1.9 MB | 516 kB | 186/265 kB | 365/419 kBProgress (4): 1.3/1.9 MB | 516 kB | 186/265 kB | 365/419 kBProgress (4): 1.3/1.9 MB | 516 kB | 189/265 kB | 365/419 kBProgress (4): 1.3/1.9 MB | 516 kB | 192/265 kB | 365/419 kBProgress (4): 1.3/1.9 MB | 516 kB | 192/265 kB | 365/419 kBProgress (4): 1.3/1.9 MB | 516 kB | 192/265 kB | 365/419 kBProgress (4): 1.3/1.9 MB | 516 kB | 195/265 kB | 365/419 kBProgress (4): 1.3/1.9 MB | 516 kB | 197/265 kB | 365/419 kBProgress (4): 1.3/1.9 MB | 516 kB | 200/265 kB | 365/419 kBProgress (4): 1.3/1.9 MB | 516 kB | 200/265 kB | 365/419 kBProgress (4): 1.3/1.9 MB | 516 kB | 200/265 kB | 365/419 kBProgress (4): 1.3/1.9 MB | 516 kB | 203/265 kB | 365/419 kBProgress (4): 1.4/1.9 MB | 516 kB | 203/265 kB | 365/419 kBProgress (4): 1.4/1.9 MB | 516 kB | 203/265 kB | 365/419 kBProgress (4): 1.4/1.9 MB | 516 kB | 206/265 kB | 365/419 kBProgress (4): 1.4/1.9 MB | 516 kB | 206/265 kB | 365/419 kBProgress (4): 1.4/1.9 MB | 516 kB | 206/265 kB | 365/419 kBProgress (4): 1.4/1.9 MB | 516 kB | 208/265 kB | 365/419 kBProgress (4): 1.4/1.9 MB | 516 kB | 211/265 kB | 365/419 kBProgress (4): 1.4/1.9 MB | 516 kB | 211/265 kB | 365/419 kBProgress (4): 1.4/1.9 MB | 516 kB | 211/265 kB | 365/419 kBProgress (4): 1.4/1.9 MB | 516 kB | 214/265 kB | 365/419 kBProgress (4): 1.4/1.9 MB | 516 kB | 217/265 kB | 365/419 kBProgress (4): 1.4/1.9 MB | 516 kB | 217/265 kB | 365/419 kBProgress (4): 1.4/1.9 MB | 516 kB | 217/265 kB | 365/419 kBProgress (4): 1.4/1.9 MB | 516 kB | 219/265 kB | 365/419 kBProgress (4): 1.4/1.9 MB | 516 kB | 219/265 kB | 365/419 kBProgress (4): 1.4/1.9 MB | 516 kB | 219/265 kB | 365/419 kB                                                           Downloaded from central: https://repo.maven.apache.org/maven2/org/mortbay/jetty/jetty/6.1.14/jetty-6.1.14.jar (516 kB at 132 kB/s)
Downloading from central: https://repo.maven.apache.org/maven2/xml-apis/xml-apis/1.4.01/xml-apis-1.4.01.jar
Progress (3): 1.4/1.9 MB | 219/265 kB | 365/419 kBProgress (3): 1.4/1.9 MB | 219/265 kB | 365/419 kBProgress (3): 1.4/1.9 MB | 219/265 kB | 365/419 kBProgress (3): 1.5/1.9 MB | 219/265 kB | 365/419 kBProgress (3): 1.5/1.9 MB | 219/265 kB | 365/419 kBProgress (3): 1.5/1.9 MB | 219/265 kB | 365/419 kBProgress (3): 1.5/1.9 MB | 219/265 kB | 365/419 kBProgress (3): 1.5/1.9 MB | 219/265 kB | 365/419 kBProgress (3): 1.5/1.9 MB | 223/265 kB | 365/419 kBProgress (3): 1.5/1.9 MB | 227/265 kB | 365/419 kBProgress (3): 1.5/1.9 MB | 231/265 kB | 365/419 kBProgress (3): 1.5/1.9 MB | 235/265 kB | 365/419 kBProgress (3): 1.5/1.9 MB | 235/265 kB | 365/419 kBProgress (3): 1.5/1.9 MB | 235/265 kB | 365/419 kBProgress (3): 1.5/1.9 MB | 235/265 kB | 369/419 kBProgress (3): 1.5/1.9 MB | 235/265 kB | 373/419 kBProgress (3): 1.5/1.9 MB | 235/265 kB | 377/419 kBProgress (3): 1.5/1.9 MB | 235/265 kB | 381/419 kBProgress (3): 1.5/1.9 MB | 235/265 kB | 381/419 kBProgress (3): 1.5/1.9 MB | 235/265 kB | 381/419 kBProgress (3): 1.5/1.9 MB | 235/265 kB | 385/419 kBProgress (3): 1.5/1.9 MB | 235/265 kB | 389/419 kBProgress (3): 1.5/1.9 MB | 235/265 kB | 393/419 kBProgress (3): 1.5/1.9 MB | 235/265 kB | 397/419 kBProgress (3): 1.5/1.9 MB | 235/265 kB | 397/419 kBProgress (3): 1.5/1.9 MB | 235/265 kB | 397/419 kBProgress (3): 1.5/1.9 MB | 235/265 kB | 402/419 kBProgress (3): 1.5/1.9 MB | 235/265 kB | 406/419 kBProgress (3): 1.5/1.9 MB | 235/265 kB | 410/419 kBProgress (3): 1.5/1.9 MB | 235/265 kB | 414/419 kBProgress (3): 1.5/1.9 MB | 235/265 kB | 418/419 kBProgress (3): 1.5/1.9 MB | 235/265 kB | 419 kB    Progress (3): 1.5/1.9 MB | 235/265 kB | 419 kBProgress (3): 1.6/1.9 MB | 235/265 kB | 419 kBProgress (3): 1.6/1.9 MB | 239/265 kB | 419 kBProgress (3): 1.6/1.9 MB | 243/265 kB | 419 kBProgress (3): 1.6/1.9 MB | 247/265 kB | 419 kBProgress (3): 1.6/1.9 MB | 251/265 kB | 419 kBProgress (3): 1.6/1.9 MB | 251/265 kB | 419 kBProgress (3): 1.6/1.9 MB | 251/265 kB | 419 kBProgress (3): 1.6/1.9 MB | 251/265 kB | 419 kBProgress (3): 1.6/1.9 MB | 251/265 kB | 419 kBProgress (3): 1.6/1.9 MB | 251/265 kB | 419 kBProgress (3): 1.6/1.9 MB | 251/265 kB | 419 kBProgress (3): 1.6/1.9 MB | 256/265 kB | 419 kBProgress (3): 1.6/1.9 MB | 260/265 kB | 419 kBProgress (3): 1.6/1.9 MB | 264/265 kB | 419 kBProgress (3): 1.6/1.9 MB | 265 kB | 419 kB    Progress (3): 1.6/1.9 MB | 265 kB | 419 kBProgress (3): 1.6/1.9 MB | 265 kB | 419 kBProgress (4): 1.6/1.9 MB | 265 kB | 419 kB | 0/1.4 MBProgress (4): 1.6/1.9 MB | 265 kB | 419 kB | 0/1.4 MBProgress (4): 1.6/1.9 MB | 265 kB | 419 kB | 0/1.4 MBProgress (4): 1.6/1.9 MB | 265 kB | 419 kB | 0/1.4 MBProgress (4): 1.6/1.9 MB | 265 kB | 419 kB | 0/1.4 MBProgress (4): 1.6/1.9 MB | 265 kB | 419 kB | 0/1.4 MBProgress (4): 1.6/1.9 MB | 265 kB | 419 kB | 0.1/1.4 MBProgress (4): 1.6/1.9 MB | 265 kB | 419 kB | 0.1/1.4 MBProgress (4): 1.6/1.9 MB | 265 kB | 419 kB | 0.1/1.4 MBProgress (4): 1.6/1.9 MB | 265 kB | 419 kB | 0.1/1.4 MBProgress (4): 1.6/1.9 MB | 265 kB | 419 kB | 0.1/1.4 MBProgress (4): 1.6/1.9 MB | 265 kB | 419 kB | 0.1/1.4 MBProgress (4): 1.6/1.9 MB | 265 kB | 419 kB | 0.1/1.4 MBProgress (4): 1.6/1.9 MB | 265 kB | 419 kB | 0.1/1.4 MBProgress (4): 1.6/1.9 MB | 265 kB | 419 kB | 0.1/1.4 MBProgress (4): 1.6/1.9 MB | 265 kB | 419 kB | 0.1/1.4 MBProgress (4): 1.6/1.9 MB | 265 kB | 419 kB | 0.1/1.4 MBProgress (4): 1.6/1.9 MB | 265 kB | 419 kB | 0.1/1.4 MBProgress (4): 1.6/1.9 MB | 265 kB | 419 kB | 0.2/1.4 MBProgress (4): 1.6/1.9 MB | 265 kB | 419 kB | 0.2/1.4 MBProgress (4): 1.6/1.9 MB | 265 kB | 419 kB | 0.2/1.4 MBProgress (4): 1.6/1.9 MB | 265 kB | 419 kB | 0.2/1.4 MBProgress (4): 1.6/1.9 MB | 265 kB | 419 kB | 0.2/1.4 MBProgress (4): 1.6/1.9 MB | 265 kB | 419 kB | 0.2/1.4 MBProgress (4): 1.6/1.9 MB | 265 kB | 419 kB | 0.2/1.4 MBProgress (4): 1.6/1.9 MB | 265 kB | 419 kB | 0.2/1.4 MBProgress (4): 1.6/1.9 MB | 265 kB | 419 kB | 0.2/1.4 MBProgress (4): 1.6/1.9 MB | 265 kB | 419 kB | 0.2/1.4 MBProgress (4): 1.6/1.9 MB | 265 kB | 419 kB | 0.2/1.4 MBProgress (4): 1.6/1.9 MB | 265 kB | 419 kB | 0.2/1.4 MBProgress (4): 1.6/1.9 MB | 265 kB | 419 kB | 0.3/1.4 MBProgress (4): 1.6/1.9 MB | 265 kB | 419 kB | 0.3/1.4 MBProgress (4): 1.6/1.9 MB | 265 kB | 419 kB | 0.3/1.4 MBProgress (4): 1.6/1.9 MB | 265 kB | 419 kB | 0.3/1.4 MBProgress (4): 1.6/1.9 MB | 265 kB | 419 kB | 0.3/1.4 MBProgress (4): 1.6/1.9 MB | 265 kB | 419 kB | 0.3/1.4 MBProgress (4): 1.6/1.9 MB | 265 kB | 419 kB | 0.3/1.4 MBProgress (4): 1.6/1.9 MB | 265 kB | 419 kB | 0.3/1.4 MBProgress (4): 1.6/1.9 MB | 265 kB | 419 kB | 0.3/1.4 MBProgress (4): 1.6/1.9 MB | 265 kB | 419 kB | 0.3/1.4 MBProgress (4): 1.6/1.9 MB | 265 kB | 419 kB | 0.3/1.4 MBProgress (4): 1.6/1.9 MB | 265 kB | 419 kB | 0.3/1.4 MBProgress (4): 1.6/1.9 MB | 265 kB | 419 kB | 0.4/1.4 MBProgress (4): 1.6/1.9 MB | 265 kB | 419 kB | 0.4/1.4 MBProgress (4): 1.6/1.9 MB | 265 kB | 419 kB | 0.4/1.4 MBProgress (4): 1.6/1.9 MB | 265 kB | 419 kB | 0.4/1.4 MBProgress (4): 1.6/1.9 MB | 265 kB | 419 kB | 0.4/1.4 MBProgress (4): 1.6/1.9 MB | 265 kB | 419 kB | 0.4/1.4 MBProgress (4): 1.6/1.9 MB | 265 kB | 419 kB | 0.4/1.4 MBProgress (4): 1.6/1.9 MB | 265 kB | 419 kB | 0.4/1.4 MBProgress (4): 1.6/1.9 MB | 265 kB | 419 kB | 0.4/1.4 MBProgress (4): 1.6/1.9 MB | 265 kB | 419 kB | 0.4/1.4 MBProgress (4): 1.6/1.9 MB | 265 kB | 419 kB | 0.4/1.4 MBProgress (4): 1.6/1.9 MB | 265 kB | 419 kB | 0.4/1.4 MBProgress (4): 1.6/1.9 MB | 265 kB | 419 kB | 0.5/1.4 MBProgress (4): 1.6/1.9 MB | 265 kB | 419 kB | 0.5/1.4 MBProgress (4): 1.6/1.9 MB | 265 kB | 419 kB | 0.5/1.4 MBProgress (4): 1.6/1.9 MB | 265 kB | 419 kB | 0.5/1.4 MBProgress (4): 1.6/1.9 MB | 265 kB | 419 kB | 0.5/1.4 MBProgress (4): 1.6/1.9 MB | 265 kB | 419 kB | 0.5/1.4 MBProgress (4): 1.6/1.9 MB | 265 kB | 419 kB | 0.5/1.4 MBProgress (4): 1.6/1.9 MB | 265 kB | 419 kB | 0.5/1.4 MBProgress (4): 1.6/1.9 MB | 265 kB | 419 kB | 0.5/1.4 MBProgress (4): 1.6/1.9 MB | 265 kB | 419 kB | 0.5/1.4 MBProgress (4): 1.6/1.9 MB | 265 kB | 419 kB | 0.5/1.4 MBProgress (4): 1.6/1.9 MB | 265 kB | 419 kB | 0.5/1.4 MBProgress (4): 1.6/1.9 MB | 265 kB | 419 kB | 0.5/1.4 MBProgress (4): 1.6/1.9 MB | 265 kB | 419 kB | 0.6/1.4 MBProgress (4): 1.6/1.9 MB | 265 kB | 419 kB | 0.6/1.4 MBProgress (4): 1.6/1.9 MB | 265 kB | 419 kB | 0.6/1.4 MBProgress (4): 1.6/1.9 MB | 265 kB | 419 kB | 0.6/1.4 MBProgress (4): 1.6/1.9 MB | 265 kB | 419 kB | 0.6/1.4 MBProgress (4): 1.6/1.9 MB | 265 kB | 419 kB | 0.6/1.4 MBProgress (4): 1.6/1.9 MB | 265 kB | 419 kB | 0.6/1.4 MBProgress (4): 1.6/1.9 MB | 265 kB | 419 kB | 0.6/1.4 MBProgress (4): 1.6/1.9 MB | 265 kB | 419 kB | 0.6/1.4 MBProgress (4): 1.6/1.9 MB | 265 kB | 419 kB | 0.6/1.4 MBProgress (4): 1.6/1.9 MB | 265 kB | 419 kB | 0.6/1.4 MBProgress (4): 1.6/1.9 MB | 265 kB | 419 kB | 0.6/1.4 MBProgress (4): 1.6/1.9 MB | 265 kB | 419 kB | 0.7/1.4 MBProgress (4): 1.6/1.9 MB | 265 kB | 419 kB | 0.7/1.4 MBProgress (4): 1.6/1.9 MB | 265 kB | 419 kB | 0.7/1.4 MBProgress (4): 1.6/1.9 MB | 265 kB | 419 kB | 0.7/1.4 MBProgress (4): 1.6/1.9 MB | 265 kB | 419 kB | 0.7/1.4 MBProgress (4): 1.6/1.9 MB | 265 kB | 419 kB | 0.7/1.4 MBProgress (4): 1.6/1.9 MB | 265 kB | 419 kB | 0.7/1.4 MBProgress (4): 1.6/1.9 MB | 265 kB | 419 kB | 0.7/1.4 MBProgress (4): 1.6/1.9 MB | 265 kB | 419 kB | 0.7/1.4 MBProgress (4): 1.7/1.9 MB | 265 kB | 419 kB | 0.7/1.4 MBProgress (4): 1.7/1.9 MB | 265 kB | 419 kB | 0.7/1.4 MBProgress (4): 1.7/1.9 MB | 265 kB | 419 kB | 0.7/1.4 MBProgress (4): 1.7/1.9 MB | 265 kB | 419 kB | 0.7/1.4 MBProgress (4): 1.7/1.9 MB | 265 kB | 419 kB | 0.7/1.4 MBProgress (4): 1.7/1.9 MB | 265 kB | 419 kB | 0.7/1.4 MBProgress (4): 1.7/1.9 MB | 265 kB | 419 kB | 0.7/1.4 MBProgress (4): 1.7/1.9 MB | 265 kB | 419 kB | 0.7/1.4 MBProgress (5): 1.7/1.9 MB | 265 kB | 419 kB | 0.7/1.4 MB | 4.1/221 kBProgress (5): 1.7/1.9 MB | 265 kB | 419 kB | 0.7/1.4 MB | 8.2/221 kBProgress (5): 1.7/1.9 MB | 265 kB | 419 kB | 0.7/1.4 MB | 12/221 kB Progress (5): 1.7/1.9 MB | 265 kB | 419 kB | 0.7/1.4 MB | 16/221 kBProgress (5): 1.7/1.9 MB | 265 kB | 419 kB | 0.7/1.4 MB | 20/221 kBProgress (5): 1.7/1.9 MB | 265 kB | 419 kB | 0.7/1.4 MB | 25/221 kBProgress (5): 1.7/1.9 MB | 265 kB | 419 kB | 0.7/1.4 MB | 29/221 kBProgress (5): 1.7/1.9 MB | 265 kB | 419 kB | 0.7/1.4 MB | 33/221 kBProgress (5): 1.7/1.9 MB | 265 kB | 419 kB | 0.7/1.4 MB | 37/221 kBProgress (5): 1.7/1.9 MB | 265 kB | 419 kB | 0.7/1.4 MB | 41/221 kBProgress (5): 1.7/1.9 MB | 265 kB | 419 kB | 0.7/1.4 MB | 45/221 kBProgress (5): 1.7/1.9 MB | 265 kB | 419 kB | 0.7/1.4 MB | 49/221 kBProgress (5): 1.7/1.9 MB | 265 kB | 419 kB | 0.7/1.4 MB | 53/221 kBProgress (5): 1.7/1.9 MB | 265 kB | 419 kB | 0.7/1.4 MB | 57/221 kBProgress (5): 1.7/1.9 MB | 265 kB | 419 kB | 0.7/1.4 MB | 61/221 kBProgress (5): 1.7/1.9 MB | 265 kB | 419 kB | 0.7/1.4 MB | 66/221 kBProgress (5): 1.7/1.9 MB | 265 kB | 419 kB | 0.7/1.4 MB | 70/221 kBProgress (5): 1.7/1.9 MB | 265 kB | 419 kB | 0.7/1.4 MB | 74/221 kBProgress (5): 1.7/1.9 MB | 265 kB | 419 kB | 0.7/1.4 MB | 78/221 kBProgress (5): 1.7/1.9 MB | 265 kB | 419 kB | 0.7/1.4 MB | 82/221 kBProgress (5): 1.7/1.9 MB | 265 kB | 419 kB | 0.7/1.4 MB | 86/221 kBProgress (5): 1.7/1.9 MB | 265 kB | 419 kB | 0.7/1.4 MB | 90/221 kBProgress (5): 1.7/1.9 MB | 265 kB | 419 kB | 0.7/1.4 MB | 94/221 kBProgress (5): 1.7/1.9 MB | 265 kB | 419 kB | 0.7/1.4 MB | 98/221 kBProgress (5): 1.7/1.9 MB | 265 kB | 419 kB | 0.7/1.4 MB | 102/221 kBProgress (5): 1.7/1.9 MB | 265 kB | 419 kB | 0.7/1.4 MB | 106/221 kBProgress (5): 1.7/1.9 MB | 265 kB | 419 kB | 0.7/1.4 MB | 111/221 kBProgress (5): 1.7/1.9 MB | 265 kB | 419 kB | 0.7/1.4 MB | 115/221 kBProgress (5): 1.7/1.9 MB | 265 kB | 419 kB | 0.7/1.4 MB | 119/221 kBProgress (5): 1.7/1.9 MB | 265 kB | 419 kB | 0.7/1.4 MB | 123/221 kBProgress (5): 1.7/1.9 MB | 265 kB | 419 kB | 0.7/1.4 MB | 127/221 kBProgress (5): 1.7/1.9 MB | 265 kB | 419 kB | 0.7/1.4 MB | 131/221 kBProgress (5): 1.7/1.9 MB | 265 kB | 419 kB | 0.7/1.4 MB | 131/221 kBProgress (5): 1.7/1.9 MB | 265 kB | 419 kB | 0.7/1.4 MB | 131/221 kBProgress (5): 1.7/1.9 MB | 265 kB | 419 kB | 0.7/1.4 MB | 131/221 kBProgress (5): 1.7/1.9 MB | 265 kB | 419 kB | 0.7/1.4 MB | 131/221 kBProgress (5): 1.8/1.9 MB | 265 kB | 419 kB | 0.7/1.4 MB | 131/221 kBProgress (5): 1.8/1.9 MB | 265 kB | 419 kB | 0.7/1.4 MB | 131/221 kBProgress (5): 1.8/1.9 MB | 265 kB | 419 kB | 0.7/1.4 MB | 131/221 kBProgress (5): 1.8/1.9 MB | 265 kB | 419 kB | 0.7/1.4 MB | 131/221 kBProgress (5): 1.8/1.9 MB | 265 kB | 419 kB | 0.7/1.4 MB | 131/221 kBProgress (5): 1.8/1.9 MB | 265 kB | 419 kB | 0.7/1.4 MB | 131/221 kBProgress (5): 1.8/1.9 MB | 265 kB | 419 kB | 0.7/1.4 MB | 131/221 kBProgress (5): 1.8/1.9 MB | 265 kB | 419 kB | 0.7/1.4 MB | 131/221 kBProgress (5): 1.8/1.9 MB | 265 kB | 419 kB | 0.7/1.4 MB | 131/221 kBProgress (5): 1.8/1.9 MB | 265 kB | 419 kB | 0.7/1.4 MB | 131/221 kBProgress (5): 1.8/1.9 MB | 265 kB | 419 kB | 0.7/1.4 MB | 131/221 kBProgress (5): 1.8/1.9 MB | 265 kB | 419 kB | 0.7/1.4 MB | 131/221 kB                                                                    Downloaded from central: https://repo.maven.apache.org/maven2/ch/qos/logback/logback-core/1.0.13/logback-core-1.0.13.jar (419 kB at 93 kB/s)
Downloading from central: https://repo.maven.apache.org/maven2/jaxen/jaxen/1.1.4/jaxen-1.1.4.jar
Progress (4): 1.9/1.9 MB | 265 kB | 0.7/1.4 MB | 131/221 kBProgress (4): 1.9/1.9 MB | 265 kB | 0.7/1.4 MB | 131/221 kBProgress (4): 1.9/1.9 MB | 265 kB | 0.7/1.4 MB | 131/221 kBProgress (4): 1.9/1.9 MB | 265 kB | 0.7/1.4 MB | 131/221 kBProgress (4): 1.9/1.9 MB | 265 kB | 0.7/1.4 MB | 131/221 kBProgress (4): 1.9/1.9 MB | 265 kB | 0.7/1.4 MB | 131/221 kBProgress (4): 1.9/1.9 MB | 265 kB | 0.7/1.4 MB | 131/221 kBProgress (4): 1.9/1.9 MB | 265 kB | 0.7/1.4 MB | 131/221 kBProgress (4): 1.9/1.9 MB | 265 kB | 0.7/1.4 MB | 131/221 kBProgress (4): 1.9/1.9 MB | 265 kB | 0.7/1.4 MB | 131/221 kBProgress (4): 1.9 MB | 265 kB | 0.7/1.4 MB | 131/221 kB                                                           Downloaded from central: https://repo.maven.apache.org/maven2/ch/qos/logback/logback-classic/1.0.13/logback-classic-1.0.13.jar (265 kB at 58 kB/s)
Downloading from central: https://repo.maven.apache.org/maven2/org/jdom/jdom/1.1.3/jdom-1.1.3.jar
Progress (3): 1.9 MB | 0.7/1.4 MB | 131/221 kBProgress (3): 1.9 MB | 0.7/1.4 MB | 131/221 kBProgress (3): 1.9 MB | 0.7/1.4 MB | 131/221 kBProgress (3): 1.9 MB | 0.7/1.4 MB | 131/221 kBProgress (3): 1.9 MB | 0.7/1.4 MB | 131/221 kBProgress (3): 1.9 MB | 0.7/1.4 MB | 131/221 kBProgress (3): 1.9 MB | 0.8/1.4 MB | 131/221 kBProgress (3): 1.9 MB | 0.8/1.4 MB | 131/221 kBProgress (3): 1.9 MB | 0.8/1.4 MB | 131/221 kBProgress (3): 1.9 MB | 0.8/1.4 MB | 131/221 kBProgress (3): 1.9 MB | 0.8/1.4 MB | 131/221 kBProgress (3): 1.9 MB | 0.8/1.4 MB | 131/221 kBProgress (3): 1.9 MB | 0.8/1.4 MB | 131/221 kBProgress (3): 1.9 MB | 0.8/1.4 MB | 131/221 kBProgress (3): 1.9 MB | 0.8/1.4 MB | 131/221 kBProgress (3): 1.9 MB | 0.8/1.4 MB | 131/221 kBProgress (3): 1.9 MB | 0.8/1.4 MB | 131/221 kBProgress (3): 1.9 MB | 0.8/1.4 MB | 131/221 kBProgress (3): 1.9 MB | 0.8/1.4 MB | 131/221 kBProgress (3): 1.9 MB | 0.9/1.4 MB | 131/221 kBProgress (3): 1.9 MB | 0.9/1.4 MB | 131/221 kBProgress (3): 1.9 MB | 0.9/1.4 MB | 131/221 kBProgress (3): 1.9 MB | 0.9/1.4 MB | 131/221 kBProgress (3): 1.9 MB | 0.9/1.4 MB | 131/221 kBProgress (3): 1.9 MB | 0.9/1.4 MB | 131/221 kBProgress (3): 1.9 MB | 0.9/1.4 MB | 131/221 kBProgress (3): 1.9 MB | 0.9/1.4 MB | 131/221 kBProgress (3): 1.9 MB | 0.9/1.4 MB | 131/221 kBProgress (3): 1.9 MB | 0.9/1.4 MB | 131/221 kBProgress (3): 1.9 MB | 0.9/1.4 MB | 131/221 kBProgress (3): 1.9 MB | 0.9/1.4 MB | 131/221 kBProgress (3): 1.9 MB | 1.0/1.4 MB | 131/221 kBProgress (3): 1.9 MB | 1.0/1.4 MB | 131/221 kBProgress (3): 1.9 MB | 1.0/1.4 MB | 131/221 kBProgress (3): 1.9 MB | 1.0/1.4 MB | 131/221 kBProgress (3): 1.9 MB | 1.0/1.4 MB | 131/221 kBProgress (3): 1.9 MB | 1.0/1.4 MB | 131/221 kBProgress (3): 1.9 MB | 1.0/1.4 MB | 131/221 kBProgress (3): 1.9 MB | 1.0/1.4 MB | 131/221 kBProgress (3): 1.9 MB | 1.0/1.4 MB | 131/221 kBProgress (3): 1.9 MB | 1.0/1.4 MB | 131/221 kBProgress (3): 1.9 MB | 1.0/1.4 MB | 131/221 kBProgress (3): 1.9 MB | 1.0/1.4 MB | 131/221 kBProgress (3): 1.9 MB | 1.1/1.4 MB | 131/221 kBProgress (3): 1.9 MB | 1.1/1.4 MB | 131/221 kBProgress (3): 1.9 MB | 1.1/1.4 MB | 131/221 kBProgress (3): 1.9 MB | 1.1/1.4 MB | 131/221 kBProgress (3): 1.9 MB | 1.1/1.4 MB | 131/221 kBProgress (3): 1.9 MB | 1.1/1.4 MB | 131/221 kBProgress (3): 1.9 MB | 1.1/1.4 MB | 131/221 kBProgress (3): 1.9 MB | 1.1/1.4 MB | 131/221 kBProgress (3): 1.9 MB | 1.1/1.4 MB | 131/221 kBProgress (3): 1.9 MB | 1.1/1.4 MB | 131/221 kBProgress (3): 1.9 MB | 1.1/1.4 MB | 131/221 kBProgress (3): 1.9 MB | 1.1/1.4 MB | 131/221 kBProgress (3): 1.9 MB | 1.2/1.4 MB | 131/221 kBProgress (3): 1.9 MB | 1.2/1.4 MB | 131/221 kBProgress (3): 1.9 MB | 1.2/1.4 MB | 131/221 kBProgress (3): 1.9 MB | 1.2/1.4 MB | 131/221 kBProgress (3): 1.9 MB | 1.2/1.4 MB | 131/221 kBProgress (3): 1.9 MB | 1.2/1.4 MB | 131/221 kBProgress (3): 1.9 MB | 1.2/1.4 MB | 131/221 kBProgress (3): 1.9 MB | 1.2/1.4 MB | 131/221 kBProgress (3): 1.9 MB | 1.2/1.4 MB | 131/221 kBProgress (3): 1.9 MB | 1.2/1.4 MB | 131/221 kBProgress (3): 1.9 MB | 1.2/1.4 MB | 131/221 kBProgress (3): 1.9 MB | 1.2/1.4 MB | 131/221 kBProgress (3): 1.9 MB | 1.2/1.4 MB | 131/221 kBProgress (3): 1.9 MB | 1.3/1.4 MB | 131/221 kBProgress (3): 1.9 MB | 1.3/1.4 MB | 131/221 kBProgress (3): 1.9 MB | 1.3/1.4 MB | 131/221 kBProgress (3): 1.9 MB | 1.3/1.4 MB | 131/221 kBProgress (3): 1.9 MB | 1.3/1.4 MB | 131/221 kBProgress (3): 1.9 MB | 1.3/1.4 MB | 131/221 kBProgress (3): 1.9 MB | 1.3/1.4 MB | 131/221 kBProgress (3): 1.9 MB | 1.3/1.4 MB | 131/221 kBProgress (3): 1.9 MB | 1.3/1.4 MB | 131/221 kBProgress (3): 1.9 MB | 1.3/1.4 MB | 131/221 kBProgress (3): 1.9 MB | 1.3/1.4 MB | 131/221 kBProgress (3): 1.9 MB | 1.3/1.4 MB | 131/221 kBProgress (3): 1.9 MB | 1.4/1.4 MB | 131/221 kBProgress (3): 1.9 MB | 1.4/1.4 MB | 131/221 kBProgress (3): 1.9 MB | 1.4 MB | 131/221 kB    Progress (3): 1.9 MB | 1.4 MB | 135/221 kBProgress (3): 1.9 MB | 1.4 MB | 139/221 kBProgress (3): 1.9 MB | 1.4 MB | 143/221 kBProgress (3): 1.9 MB | 1.4 MB | 147/221 kBProgress (3): 1.9 MB | 1.4 MB | 152/221 kBProgress (3): 1.9 MB | 1.4 MB | 156/221 kBProgress (3): 1.9 MB | 1.4 MB | 160/221 kBProgress (3): 1.9 MB | 1.4 MB | 164/221 kBProgress (3): 1.9 MB | 1.4 MB | 168/221 kBProgress (3): 1.9 MB | 1.4 MB | 172/221 kBProgress (3): 1.9 MB | 1.4 MB | 176/221 kBProgress (3): 1.9 MB | 1.4 MB | 180/221 kBProgress (3): 1.9 MB | 1.4 MB | 184/221 kBProgress (3): 1.9 MB | 1.4 MB | 188/221 kBProgress (3): 1.9 MB | 1.4 MB | 193/221 kBProgress (3): 1.9 MB | 1.4 MB | 197/221 kBProgress (3): 1.9 MB | 1.4 MB | 201/221 kBProgress (3): 1.9 MB | 1.4 MB | 205/221 kBProgress (3): 1.9 MB | 1.4 MB | 209/221 kBProgress (3): 1.9 MB | 1.4 MB | 213/221 kBProgress (3): 1.9 MB | 1.4 MB | 217/221 kBProgress (3): 1.9 MB | 1.4 MB | 221 kB    Progress (4): 1.9 MB | 1.4 MB | 221 kB | 4.1/226 kBProgress (4): 1.9 MB | 1.4 MB | 221 kB | 8.2/226 kBProgress (4): 1.9 MB | 1.4 MB | 221 kB | 12/226 kB Progress (4): 1.9 MB | 1.4 MB | 221 kB | 16/226 kBProgress (4): 1.9 MB | 1.4 MB | 221 kB | 20/226 kBProgress (4): 1.9 MB | 1.4 MB | 221 kB | 25/226 kBProgress (4): 1.9 MB | 1.4 MB | 221 kB | 29/226 kBProgress (4): 1.9 MB | 1.4 MB | 221 kB | 33/226 kBProgress (4): 1.9 MB | 1.4 MB | 221 kB | 37/226 kBProgress (4): 1.9 MB | 1.4 MB | 221 kB | 41/226 kBProgress (4): 1.9 MB | 1.4 MB | 221 kB | 45/226 kBProgress (4): 1.9 MB | 1.4 MB | 221 kB | 49/226 kBProgress (4): 1.9 MB | 1.4 MB | 221 kB | 53/226 kBProgress (4): 1.9 MB | 1.4 MB | 221 kB | 57/226 kBProgress (4): 1.9 MB | 1.4 MB | 221 kB | 61/226 kBProgress (4): 1.9 MB | 1.4 MB | 221 kB | 66/226 kBProgress (4): 1.9 MB | 1.4 MB | 221 kB | 70/226 kBProgress (4): 1.9 MB | 1.4 MB | 221 kB | 74/226 kBProgress (4): 1.9 MB | 1.4 MB | 221 kB | 78/226 kBProgress (4): 1.9 MB | 1.4 MB | 221 kB | 82/226 kBProgress (4): 1.9 MB | 1.4 MB | 221 kB | 86/226 kBProgress (4): 1.9 MB | 1.4 MB | 221 kB | 90/226 kBProgress (4): 1.9 MB | 1.4 MB | 221 kB | 94/226 kBProgress (4): 1.9 MB | 1.4 MB | 221 kB | 98/226 kBProgress (4): 1.9 MB | 1.4 MB | 221 kB | 102/226 kBProgress (4): 1.9 MB | 1.4 MB | 221 kB | 106/226 kBProgress (4): 1.9 MB | 1.4 MB | 221 kB | 111/226 kBProgress (4): 1.9 MB | 1.4 MB | 221 kB | 115/226 kBProgress (4): 1.9 MB | 1.4 MB | 221 kB | 119/226 kBProgress (4): 1.9 MB | 1.4 MB | 221 kB | 123/226 kBProgress (4): 1.9 MB | 1.4 MB | 221 kB | 127/226 kBProgress (4): 1.9 MB | 1.4 MB | 221 kB | 131/226 kBProgress (4): 1.9 MB | 1.4 MB | 221 kB | 135/226 kBProgress (4): 1.9 MB | 1.4 MB | 221 kB | 139/226 kBProgress (4): 1.9 MB | 1.4 MB | 221 kB | 143/226 kBProgress (4): 1.9 MB | 1.4 MB | 221 kB | 147/226 kBProgress (4): 1.9 MB | 1.4 MB | 221 kB | 152/226 kBProgress (4): 1.9 MB | 1.4 MB | 221 kB | 156/226 kBProgress (4): 1.9 MB | 1.4 MB | 221 kB | 160/226 kBProgress (4): 1.9 MB | 1.4 MB | 221 kB | 164/226 kBProgress (4): 1.9 MB | 1.4 MB | 221 kB | 168/226 kBProgress (4): 1.9 MB | 1.4 MB | 221 kB | 172/226 kBProgress (4): 1.9 MB | 1.4 MB | 221 kB | 176/226 kBProgress (4): 1.9 MB | 1.4 MB | 221 kB | 180/226 kBProgress (4): 1.9 MB | 1.4 MB | 221 kB | 184/226 kBProgress (4): 1.9 MB | 1.4 MB | 221 kB | 188/226 kBProgress (4): 1.9 MB | 1.4 MB | 221 kB | 193/226 kBProgress (4): 1.9 MB | 1.4 MB | 221 kB | 197/226 kBProgress (4): 1.9 MB | 1.4 MB | 221 kB | 201/226 kBProgress (4): 1.9 MB | 1.4 MB | 221 kB | 205/226 kBProgress (4): 1.9 MB | 1.4 MB | 221 kB | 209/226 kBProgress (4): 1.9 MB | 1.4 MB | 221 kB | 213/226 kBProgress (4): 1.9 MB | 1.4 MB | 221 kB | 217/226 kBProgress (4): 1.9 MB | 1.4 MB | 221 kB | 221/226 kBProgress (4): 1.9 MB | 1.4 MB | 221 kB | 225/226 kBProgress (4): 1.9 MB | 1.4 MB | 221 kB | 226 kB                                                   Downloaded from central: https://repo.maven.apache.org/maven2/org/apache/ant/ant/1.8.3/ant-1.8.3.jar (1.9 MB at 391 kB/s)
Downloading from central: https://repo.maven.apache.org/maven2/urbanophile/java-getopt/1.0.9/java-getopt-1.0.9.jar
Progress (4): 1.4 MB | 221 kB | 226 kB | 4.1/151 kBProgress (4): 1.4 MB | 221 kB | 226 kB | 8.2/151 kBProgress (4): 1.4 MB | 221 kB | 226 kB | 12/151 kB Progress (4): 1.4 MB | 221 kB | 226 kB | 16/151 kBProgress (4): 1.4 MB | 221 kB | 226 kB | 20/151 kBProgress (4): 1.4 MB | 221 kB | 226 kB | 25/151 kBProgress (4): 1.4 MB | 221 kB | 226 kB | 29/151 kBProgress (4): 1.4 MB | 221 kB | 226 kB | 33/151 kBProgress (4): 1.4 MB | 221 kB | 226 kB | 37/151 kBProgress (4): 1.4 MB | 221 kB | 226 kB | 41/151 kBProgress (4): 1.4 MB | 221 kB | 226 kB | 45/151 kBProgress (4): 1.4 MB | 221 kB | 226 kB | 49/151 kBProgress (4): 1.4 MB | 221 kB | 226 kB | 53/151 kBProgress (4): 1.4 MB | 221 kB | 226 kB | 57/151 kBProgress (4): 1.4 MB | 221 kB | 226 kB | 61/151 kBProgress (4): 1.4 MB | 221 kB | 226 kB | 66/151 kBProgress (4): 1.4 MB | 221 kB | 226 kB | 70/151 kBProgress (4): 1.4 MB | 221 kB | 226 kB | 74/151 kBProgress (4): 1.4 MB | 221 kB | 226 kB | 78/151 kBProgress (4): 1.4 MB | 221 kB | 226 kB | 82/151 kBProgress (4): 1.4 MB | 221 kB | 226 kB | 86/151 kBProgress (4): 1.4 MB | 221 kB | 226 kB | 90/151 kBProgress (4): 1.4 MB | 221 kB | 226 kB | 94/151 kBProgress (4): 1.4 MB | 221 kB | 226 kB | 98/151 kBProgress (4): 1.4 MB | 221 kB | 226 kB | 102/151 kBProgress (4): 1.4 MB | 221 kB | 226 kB | 106/151 kBProgress (4): 1.4 MB | 221 kB | 226 kB | 111/151 kBProgress (4): 1.4 MB | 221 kB | 226 kB | 115/151 kBProgress (4): 1.4 MB | 221 kB | 226 kB | 119/151 kBProgress (4): 1.4 MB | 221 kB | 226 kB | 123/151 kBProgress (4): 1.4 MB | 221 kB | 226 kB | 127/151 kBProgress (4): 1.4 MB | 221 kB | 226 kB | 131/151 kBProgress (4): 1.4 MB | 221 kB | 226 kB | 135/151 kBProgress (4): 1.4 MB | 221 kB | 226 kB | 139/151 kBProgress (4): 1.4 MB | 221 kB | 226 kB | 143/151 kBProgress (4): 1.4 MB | 221 kB | 226 kB | 147/151 kBProgress (4): 1.4 MB | 221 kB | 226 kB | 151 kB                                                   Downloaded from central: https://repo.maven.apache.org/maven2/xerces/xercesImpl/2.11.0/xercesImpl-2.11.0.jar (1.4 MB at 267 kB/s)
Downloading from central: https://repo.maven.apache.org/maven2/org/apache/maven/maven-core/2.0.8/maven-core-2.0.8.jar
Downloaded from central: https://repo.maven.apache.org/maven2/xml-apis/xml-apis/1.4.01/xml-apis-1.4.01.jar (221 kB at 43 kB/s)
Downloading from central: https://repo.maven.apache.org/maven2/org/apache/maven/maven-settings/2.0.8/maven-settings-2.0.8.jar
Downloaded from central: https://repo.maven.apache.org/maven2/jaxen/jaxen/1.1.4/jaxen-1.1.4.jar (226 kB at 43 kB/s)
Downloading from central: https://repo.maven.apache.org/maven2/org/apache/maven/maven-plugin-parameter-documenter/2.0.8/maven-plugin-parameter-documenter-2.0.8.jar
Progress (2): 151 kB | 4.1/54 kBProgress (2): 151 kB | 8.2/54 kBProgress (2): 151 kB | 12/54 kB Progress (2): 151 kB | 16/54 kB                               Downloaded from central: https://repo.maven.apache.org/maven2/org/jdom/jdom/1.1.3/jdom-1.1.3.jar (151 kB at 29 kB/s)
Downloading from central: https://repo.maven.apache.org/maven2/org/apache/maven/maven-profile/2.0.8/maven-profile-2.0.8.jar
Progress (1): 20/54 kBProgress (1): 25/54 kBProgress (1): 29/54 kBProgress (1): 33/54 kBProgress (1): 37/54 kBProgress (1): 41/54 kBProgress (1): 45/54 kBProgress (1): 49/54 kBProgress (2): 49/54 kB | 4.1/154 kBProgress (2): 49/54 kB | 8.2/154 kBProgress (2): 49/54 kB | 12/154 kB Progress (2): 49/54 kB | 16/154 kBProgress (2): 49/54 kB | 20/154 kBProgress (2): 49/54 kB | 25/154 kBProgress (2): 49/54 kB | 29/154 kBProgress (2): 49/54 kB | 33/154 kBProgress (2): 49/54 kB | 37/154 kBProgress (2): 49/54 kB | 41/154 kBProgress (2): 49/54 kB | 45/154 kBProgress (2): 49/54 kB | 49/154 kBProgress (2): 49/54 kB | 53/154 kBProgress (2): 49/54 kB | 57/154 kBProgress (2): 49/54 kB | 61/154 kBProgress (2): 49/54 kB | 66/154 kBProgress (2): 49/54 kB | 70/154 kBProgress (2): 49/54 kB | 74/154 kBProgress (2): 49/54 kB | 78/154 kBProgress (2): 49/54 kB | 82/154 kBProgress (2): 49/54 kB | 86/154 kBProgress (2): 49/54 kB | 90/154 kBProgress (2): 49/54 kB | 94/154 kBProgress (2): 49/54 kB | 98/154 kBProgress (2): 49/54 kB | 102/154 kBProgress (2): 49/54 kB | 106/154 kBProgress (2): 49/54 kB | 111/154 kBProgress (2): 49/54 kB | 115/154 kBProgress (2): 49/54 kB | 119/154 kBProgress (2): 49/54 kB | 123/154 kBProgress (2): 49/54 kB | 127/154 kBProgress (2): 49/54 kB | 131/154 kBProgress (2): 49/54 kB | 135/154 kBProgress (2): 49/54 kB | 139/154 kBProgress (2): 49/54 kB | 143/154 kBProgress (2): 49/54 kB | 147/154 kBProgress (2): 49/54 kB | 152/154 kBProgress (2): 49/54 kB | 154 kB    Progress (3): 49/54 kB | 154 kB | 4.1/49 kBProgress (3): 49/54 kB | 154 kB | 8.2/49 kBProgress (3): 49/54 kB | 154 kB | 12/49 kB Progress (3): 49/54 kB | 154 kB | 16/49 kBProgress (3): 49/54 kB | 154 kB | 20/49 kBProgress (3): 49/54 kB | 154 kB | 25/49 kBProgress (3): 49/54 kB | 154 kB | 29/49 kBProgress (3): 49/54 kB | 154 kB | 33/49 kBProgress (3): 53/54 kB | 154 kB | 33/49 kBProgress (3): 53/54 kB | 154 kB | 37/49 kBProgress (3): 54 kB | 154 kB | 37/49 kB   Progress (3): 54 kB | 154 kB | 41/49 kBProgress (3): 54 kB | 154 kB | 45/49 kBProgress (3): 54 kB | 154 kB | 49 kB   Progress (4): 54 kB | 154 kB | 49 kB | 4.1/21 kBProgress (4): 54 kB | 154 kB | 49 kB | 8.2/21 kBProgress (4): 54 kB | 154 kB | 49 kB | 12/21 kB Progress (4): 54 kB | 154 kB | 49 kB | 16/21 kBProgress (4): 54 kB | 154 kB | 49 kB | 20/21 kBProgress (4): 54 kB | 154 kB | 49 kB | 21 kB   Progress (5): 54 kB | 154 kB | 49 kB | 21 kB | 4.1/35 kBProgress (5): 54 kB | 154 kB | 49 kB | 21 kB | 8.2/35 kBProgress (5): 54 kB | 154 kB | 49 kB | 21 kB | 12/35 kB Progress (5): 54 kB | 154 kB | 49 kB | 21 kB | 16/35 kBProgress (5): 54 kB | 154 kB | 49 kB | 21 kB | 20/35 kBProgress (5): 54 kB | 154 kB | 49 kB | 21 kB | 25/35 kBProgress (5): 54 kB | 154 kB | 49 kB | 21 kB | 29/35 kBProgress (5): 54 kB | 154 kB | 49 kB | 21 kB | 33/35 kBProgress (5): 54 kB | 154 kB | 49 kB | 21 kB | 35 kB                                                       Downloaded from central: https://repo.maven.apache.org/maven2/org/apache/maven/maven-core/2.0.8/maven-core-2.0.8.jar (154 kB at 27 kB/s)
Downloading from central: https://repo.maven.apache.org/maven2/org/apache/maven/maven-model/2.0.8/maven-model-2.0.8.jar
Downloaded from central: https://repo.maven.apache.org/maven2/urbanophile/java-getopt/1.0.9/java-getopt-1.0.9.jar (54 kB at 9.4 kB/s)
Downloading from central: https://repo.maven.apache.org/maven2/org/apache/maven/maven-repository-metadata/2.0.8/maven-repository-metadata-2.0.8.jar
Downloaded from central: https://repo.maven.apache.org/maven2/org/apache/maven/maven-settings/2.0.8/maven-settings-2.0.8.jar (49 kB at 8.6 kB/s)
Downloading from central: https://repo.maven.apache.org/maven2/org/apache/maven/maven-error-diagnostics/2.0.8/maven-error-diagnostics-2.0.8.jar
Downloaded from central: https://repo.maven.apache.org/maven2/org/apache/maven/maven-plugin-parameter-documenter/2.0.8/maven-plugin-parameter-documenter-2.0.8.jar (21 kB at 3.6 kB/s)
Downloading from central: https://repo.maven.apache.org/maven2/org/apache/maven/maven-plugin-descriptor/2.0.8/maven-plugin-descriptor-2.0.8.jar
Downloaded from central: https://repo.maven.apache.org/maven2/org/apache/maven/maven-profile/2.0.8/maven-profile-2.0.8.jar (35 kB at 6.1 kB/s)
Downloading from central: https://repo.maven.apache.org/maven2/org/apache/maven/maven-artifact-manager/2.0.8/maven-artifact-manager-2.0.8.jar
Progress (1): 4.1/87 kBProgress (1): 8.2/87 kBProgress (1): 12/87 kB Progress (1): 16/87 kBProgress (1): 20/87 kBProgress (1): 25/87 kBProgress (1): 29/87 kBProgress (1): 33/87 kBProgress (1): 37/87 kBProgress (1): 41/87 kBProgress (1): 45/87 kBProgress (1): 49/87 kBProgress (1): 53/87 kBProgress (1): 57/87 kBProgress (1): 61/87 kBProgress (1): 66/87 kBProgress (1): 70/87 kBProgress (1): 74/87 kBProgress (1): 78/87 kBProgress (1): 82/87 kBProgress (1): 86/87 kBProgress (1): 87 kB   Progress (2): 87 kB | 4.1/25 kBProgress (3): 87 kB | 4.1/25 kB | 4.1/14 kBProgress (3): 87 kB | 8.2/25 kB | 4.1/14 kBProgress (3): 87 kB | 8.2/25 kB | 8.2/14 kBProgress (3): 87 kB | 12/25 kB | 8.2/14 kB Progress (3): 87 kB | 12/25 kB | 12/14 kB Progress (3): 87 kB | 16/25 kB | 12/14 kBProgress (3): 87 kB | 16/25 kB | 14 kB   Progress (3): 87 kB | 20/25 kB | 14 kBProgress (3): 87 kB | 25 kB | 14 kB   Progress (4): 87 kB | 25 kB | 14 kB | 4.1/37 kBProgress (4): 87 kB | 25 kB | 14 kB | 8.2/37 kBProgress (4): 87 kB | 25 kB | 14 kB | 12/37 kB Progress (4): 87 kB | 25 kB | 14 kB | 16/37 kBProgress (4): 87 kB | 25 kB | 14 kB | 20/37 kBProgress (4): 87 kB | 25 kB | 14 kB | 25/37 kBProgress (4): 87 kB | 25 kB | 14 kB | 29/37 kBProgress (4): 87 kB | 25 kB | 14 kB | 33/37 kBProgress (4): 87 kB | 25 kB | 14 kB | 37/37 kBProgress (4): 87 kB | 25 kB | 14 kB | 37 kB   Progress (5): 87 kB | 25 kB | 14 kB | 37 kB | 4.1/57 kBProgress (5): 87 kB | 25 kB | 14 kB | 37 kB | 8.2/57 kBProgress (5): 87 kB | 25 kB | 14 kB | 37 kB | 12/57 kB Progress (5): 87 kB | 25 kB | 14 kB | 37 kB | 16/57 kBProgress (5): 87 kB | 25 kB | 14 kB | 37 kB | 20/57 kBProgress (5): 87 kB | 25 kB | 14 kB | 37 kB | 25/57 kBProgress (5): 87 kB | 25 kB | 14 kB | 37 kB | 29/57 kBProgress (5): 87 kB | 25 kB | 14 kB | 37 kB | 33/57 kBProgress (5): 87 kB | 25 kB | 14 kB | 37 kB | 37/57 kBProgress (5): 87 kB | 25 kB | 14 kB | 37 kB | 41/57 kBProgress (5): 87 kB | 25 kB | 14 kB | 37 kB | 45/57 kBProgress (5): 87 kB | 25 kB | 14 kB | 37 kB | 49/57 kBProgress (5): 87 kB | 25 kB | 14 kB | 37 kB | 53/57 kBProgress (5): 87 kB | 25 kB | 14 kB | 37 kB | 57 kB                                                      Downloaded from central: https://repo.maven.apache.org/maven2/org/apache/maven/maven-error-diagnostics/2.0.8/maven-error-diagnostics-2.0.8.jar (14 kB at 2.2 kB/s)
Downloaded from central: https://repo.maven.apache.org/maven2/org/apache/maven/maven-repository-metadata/2.0.8/maven-repository-metadata-2.0.8.jar (25 kB at 3.9 kB/s)
Downloading from central: https://repo.maven.apache.org/maven2/org/apache/maven/maven-monitor/2.0.8/maven-monitor-2.0.8.jar
Downloaded from central: https://repo.maven.apache.org/maven2/org/apache/maven/maven-model/2.0.8/maven-model-2.0.8.jar (87 kB at 14 kB/s)
Downloading from central: https://repo.maven.apache.org/maven2/org/apache/maven/maven-artifact/2.0.8/maven-artifact-2.0.8.jar
Downloading from central: https://repo.maven.apache.org/maven2/org/apache/maven/maven-plugin-api/2.0.8/maven-plugin-api-2.0.8.jar
Downloaded from central: https://repo.maven.apache.org/maven2/org/apache/maven/maven-plugin-descriptor/2.0.8/maven-plugin-descriptor-2.0.8.jar (37 kB at 5.9 kB/s)
Downloading from central: https://repo.maven.apache.org/maven2/org/apache/maven/reporting/maven-reporting-api/2.0.8/maven-reporting-api-2.0.8.jar
Downloaded from central: https://repo.maven.apache.org/maven2/org/apache/maven/maven-artifact-manager/2.0.8/maven-artifact-manager-2.0.8.jar (57 kB at 8.9 kB/s)
Downloading from central: https://repo.maven.apache.org/maven2/org/apache/maven/doxia/doxia-sink-api/1.0-alpha-9/doxia-sink-api-1.0-alpha-9.jar
Progress (1): 4.1/10 kBProgress (1): 8.2/10 kBProgress (1): 10 kB    Progress (2): 10 kB | 4.1/88 kBProgress (3): 10 kB | 4.1/88 kB | 4.1/13 kBProgress (3): 10 kB | 8.2/88 kB | 4.1/13 kBProgress (3): 10 kB | 12/88 kB | 4.1/13 kB Progress (3): 10 kB | 16/88 kB | 4.1/13 kBProgress (3): 10 kB | 16/88 kB | 8.2/13 kBProgress (3): 10 kB | 16/88 kB | 12/13 kB Progress (3): 10 kB | 16/88 kB | 13 kB   Progress (3): 10 kB | 20/88 kB | 13 kBProgress (3): 10 kB | 25/88 kB | 13 kBProgress (3): 10 kB | 29/88 kB | 13 kBProgress (3): 10 kB | 33/88 kB | 13 kBProgress (4): 10 kB | 33/88 kB | 13 kB | 4.1/10 kBProgress (4): 10 kB | 33/88 kB | 13 kB | 8.2/10 kBProgress (4): 10 kB | 33/88 kB | 13 kB | 10 kB    Progress (4): 10 kB | 37/88 kB | 13 kB | 10 kBProgress (4): 10 kB | 41/88 kB | 13 kB | 10 kBProgress (4): 10 kB | 45/88 kB | 13 kB | 10 kBProgress (4): 10 kB | 49/88 kB | 13 kB | 10 kBProgress (5): 10 kB | 49/88 kB | 13 kB | 10 kB | 4.1/9.9 kBProgress (5): 10 kB | 49/88 kB | 13 kB | 10 kB | 8.2/9.9 kBProgress (5): 10 kB | 49/88 kB | 13 kB | 10 kB | 9.9 kB    Progress (5): 10 kB | 53/88 kB | 13 kB | 10 kB | 9.9 kBProgress (5): 10 kB | 57/88 kB | 13 kB | 10 kB | 9.9 kBProgress (5): 10 kB | 61/88 kB | 13 kB | 10 kB | 9.9 kBProgress (5): 10 kB | 66/88 kB | 13 kB | 10 kB | 9.9 kBProgress (5): 10 kB | 70/88 kB | 13 kB | 10 kB | 9.9 kBProgress (5): 10 kB | 74/88 kB | 13 kB | 10 kB | 9.9 kBProgress (5): 10 kB | 78/88 kB | 13 kB | 10 kB | 9.9 kBProgress (5): 10 kB | 82/88 kB | 13 kB | 10 kB | 9.9 kBProgress (5): 10 kB | 86/88 kB | 13 kB | 10 kB | 9.9 kBProgress (5): 10 kB | 88 kB | 13 kB | 10 kB | 9.9 kB                                                       Downloaded from central: https://repo.maven.apache.org/maven2/org/apache/maven/maven-monitor/2.0.8/maven-monitor-2.0.8.jar (10 kB at 1.5 kB/s)
Downloading from central: https://repo.maven.apache.org/maven2/org/apache/maven/maven-project/2.0.8/maven-project-2.0.8.jar
Downloaded from central: https://repo.maven.apache.org/maven2/org/apache/maven/maven-plugin-api/2.0.8/maven-plugin-api-2.0.8.jar (13 kB at 1.9 kB/s)
Downloading from central: https://repo.maven.apache.org/maven2/org/apache/maven/maven-plugin-registry/2.0.8/maven-plugin-registry-2.0.8.jar
Downloaded from central: https://repo.maven.apache.org/maven2/org/apache/maven/reporting/maven-reporting-api/2.0.8/maven-reporting-api-2.0.8.jar (10 kB at 1.5 kB/s)
Downloading from central: https://repo.maven.apache.org/maven2/org/apache/maven/reporting/maven-reporting-impl/2.0.4.2/maven-reporting-impl-2.0.4.2.jar
Downloaded from central: https://repo.maven.apache.org/maven2/org/apache/maven/doxia/doxia-sink-api/1.0-alpha-9/doxia-sink-api-1.0-alpha-9.jar (9.9 kB at 1.4 kB/s)
Downloading from central: https://repo.maven.apache.org/maven2/commons-validator/commons-validator/1.2.0/commons-validator-1.2.0.jar
Downloaded from central: https://repo.maven.apache.org/maven2/org/apache/maven/maven-artifact/2.0.8/maven-artifact-2.0.8.jar (88 kB at 13 kB/s)
Downloading from central: https://repo.maven.apache.org/maven2/commons-digester/commons-digester/1.6/commons-digester-1.6.jar
Progress (1): 4.1/117 kBProgress (1): 8.2/117 kBProgress (1): 12/117 kB Progress (1): 16/117 kBProgress (1): 20/117 kBProgress (1): 25/117 kBProgress (1): 29/117 kBProgress (1): 33/117 kBProgress (1): 37/117 kBProgress (1): 41/117 kBProgress (1): 45/117 kBProgress (1): 49/117 kBProgress (1): 53/117 kBProgress (1): 57/117 kBProgress (1): 61/117 kBProgress (1): 66/117 kBProgress (1): 70/117 kBProgress (1): 74/117 kBProgress (1): 78/117 kBProgress (1): 82/117 kBProgress (1): 86/117 kBProgress (1): 90/117 kBProgress (1): 94/117 kBProgress (1): 98/117 kBProgress (1): 102/117 kBProgress (1): 106/117 kBProgress (1): 111/117 kBProgress (1): 115/117 kBProgress (1): 117 kB    Progress (2): 117 kB | 4.1/29 kBProgress (2): 117 kB | 8.2/29 kBProgress (2): 117 kB | 12/29 kB Progress (2): 117 kB | 16/29 kBProgress (2): 117 kB | 20/29 kBProgress (2): 117 kB | 25/29 kBProgress (2): 117 kB | 29/29 kBProgress (2): 117 kB | 29 kB   Progress (3): 117 kB | 29 kB | 4.1/20 kBProgress (3): 117 kB | 29 kB | 8.2/20 kBProgress (3): 117 kB | 29 kB | 12/20 kB Progress (3): 117 kB | 29 kB | 16/20 kBProgress (3): 117 kB | 29 kB | 20 kB   Progress (4): 117 kB | 29 kB | 20 kB | 4.1/91 kBProgress (4): 117 kB | 29 kB | 20 kB | 8.2/91 kBProgress (4): 117 kB | 29 kB | 20 kB | 12/91 kB Progress (4): 117 kB | 29 kB | 20 kB | 16/91 kBProgress (4): 117 kB | 29 kB | 20 kB | 20/91 kBProgress (4): 117 kB | 29 kB | 20 kB | 25/91 kBProgress (4): 117 kB | 29 kB | 20 kB | 29/91 kBProgress (4): 117 kB | 29 kB | 20 kB | 33/91 kBProgress (4): 117 kB | 29 kB | 20 kB | 37/91 kBProgress (4): 117 kB | 29 kB | 20 kB | 41/91 kBProgress (4): 117 kB | 29 kB | 20 kB | 45/91 kBProgress (4): 117 kB | 29 kB | 20 kB | 49/91 kBProgress (4): 117 kB | 29 kB | 20 kB | 53/91 kBProgress (4): 117 kB | 29 kB | 20 kB | 57/91 kBProgress (4): 117 kB | 29 kB | 20 kB | 61/91 kBProgress (4): 117 kB | 29 kB | 20 kB | 66/91 kBProgress (4): 117 kB | 29 kB | 20 kB | 70/91 kBProgress (4): 117 kB | 29 kB | 20 kB | 74/91 kBProgress (4): 117 kB | 29 kB | 20 kB | 78/91 kBProgress (4): 117 kB | 29 kB | 20 kB | 82/91 kBProgress (4): 117 kB | 29 kB | 20 kB | 86/91 kBProgress (4): 117 kB | 29 kB | 20 kB | 90/91 kBProgress (4): 117 kB | 29 kB | 20 kB | 91 kB   Progress (5): 117 kB | 29 kB | 20 kB | 91 kB | 4.1/168 kBProgress (5): 117 kB | 29 kB | 20 kB | 91 kB | 8.2/168 kBProgress (5): 117 kB | 29 kB | 20 kB | 91 kB | 12/168 kB Progress (5): 117 kB | 29 kB | 20 kB | 91 kB | 16/168 kBProgress (5): 117 kB | 29 kB | 20 kB | 91 kB | 20/168 kBProgress (5): 117 kB | 29 kB | 20 kB | 91 kB | 25/168 kBProgress (5): 117 kB | 29 kB | 20 kB | 91 kB | 29/168 kBProgress (5): 117 kB | 29 kB | 20 kB | 91 kB | 33/168 kBProgress (5): 117 kB | 29 kB | 20 kB | 91 kB | 37/168 kBProgress (5): 117 kB | 29 kB | 20 kB | 91 kB | 41/168 kBProgress (5): 117 kB | 29 kB | 20 kB | 91 kB | 45/168 kBProgress (5): 117 kB | 29 kB | 20 kB | 91 kB | 49/168 kBProgress (5): 117 kB | 29 kB | 20 kB | 91 kB | 53/168 kBProgress (5): 117 kB | 29 kB | 20 kB | 91 kB | 57/168 kBProgress (5): 117 kB | 29 kB | 20 kB | 91 kB | 61/168 kBProgress (5): 117 kB | 29 kB | 20 kB | 91 kB | 66/168 kBProgress (5): 117 kB | 29 kB | 20 kB | 91 kB | 70/168 kBProgress (5): 117 kB | 29 kB | 20 kB | 91 kB | 74/168 kBProgress (5): 117 kB | 29 kB | 20 kB | 91 kB | 78/168 kBProgress (5): 117 kB | 29 kB | 20 kB | 91 kB | 82/168 kBProgress (5): 117 kB | 29 kB | 20 kB | 91 kB | 86/168 kBProgress (5): 117 kB | 29 kB | 20 kB | 91 kB | 90/168 kBProgress (5): 117 kB | 29 kB | 20 kB | 91 kB | 94/168 kBProgress (5): 117 kB | 29 kB | 20 kB | 91 kB | 98/168 kB                                                        Downloaded from central: https://repo.maven.apache.org/maven2/org/apache/maven/maven-project/2.0.8/maven-project-2.0.8.jar (117 kB at 16 kB/s)
Downloading from central: https://repo.maven.apache.org/maven2/commons-logging/commons-logging/1.0.4/commons-logging-1.0.4.jar
Downloaded from central: https://repo.maven.apache.org/maven2/org/apache/maven/maven-plugin-registry/2.0.8/maven-plugin-registry-2.0.8.jar (29 kB at 3.9 kB/s)
Downloading from central: https://repo.maven.apache.org/maven2/org/apache/maven/doxia/doxia-core/1.0/doxia-core-1.0.jar
Downloaded from central: https://repo.maven.apache.org/maven2/org/apache/maven/reporting/maven-reporting-impl/2.0.4.2/maven-reporting-impl-2.0.4.2.jar (20 kB at 2.7 kB/s)
Downloading from central: https://repo.maven.apache.org/maven2/org/apache/maven/doxia/doxia-site-renderer/1.0/doxia-site-renderer-1.0.jar
Downloaded from central: https://repo.maven.apache.org/maven2/commons-validator/commons-validator/1.2.0/commons-validator-1.2.0.jar (91 kB at 12 kB/s)
Downloading from central: https://repo.maven.apache.org/maven2/org/apache/velocity/velocity/1.5/velocity-1.5.jar
Progress (1): 102/168 kBProgress (1): 106/168 kBProgress (1): 111/168 kBProgress (1): 115/168 kBProgress (1): 119/168 kBProgress (1): 123/168 kBProgress (1): 127/168 kBProgress (1): 131/168 kBProgress (1): 135/168 kBProgress (1): 139/168 kBProgress (1): 143/168 kBProgress (1): 147/168 kBProgress (2): 147/168 kB | 4.1/38 kBProgress (2): 147/168 kB | 8.2/38 kBProgress (2): 147/168 kB | 12/38 kB Progress (2): 147/168 kB | 16/38 kBProgress (2): 147/168 kB | 20/38 kBProgress (2): 147/168 kB | 25/38 kBProgress (2): 147/168 kB | 29/38 kBProgress (2): 147/168 kB | 33/38 kBProgress (2): 147/168 kB | 37/38 kBProgress (2): 147/168 kB | 38 kB   Progress (2): 152/168 kB | 38 kBProgress (2): 156/168 kB | 38 kBProgress (2): 160/168 kB | 38 kBProgress (2): 164/168 kB | 38 kBProgress (2): 168/168 kB | 38 kBProgress (2): 168 kB | 38 kB    Progress (3): 168 kB | 38 kB | 4.1/55 kBProgress (3): 168 kB | 38 kB | 8.2/55 kBProgress (3): 168 kB | 38 kB | 12/55 kB Progress (3): 168 kB | 38 kB | 16/55 kBProgress (3): 168 kB | 38 kB | 20/55 kBProgress (3): 168 kB | 38 kB | 25/55 kBProgress (3): 168 kB | 38 kB | 29/55 kBProgress (3): 168 kB | 38 kB | 33/55 kBProgress (3): 168 kB | 38 kB | 37/55 kBProgress (3): 168 kB | 38 kB | 41/55 kBProgress (3): 168 kB | 38 kB | 45/55 kBProgress (3): 168 kB | 38 kB | 49/55 kBProgress (3): 168 kB | 38 kB | 53/55 kBProgress (3): 168 kB | 38 kB | 55 kB   Progress (4): 168 kB | 38 kB | 55 kB | 4.1/47 kBProgress (4): 168 kB | 38 kB | 55 kB | 8.2/47 kBProgress (4): 168 kB | 38 kB | 55 kB | 12/47 kB Progress (4): 168 kB | 38 kB | 55 kB | 16/47 kBProgress (4): 168 kB | 38 kB | 55 kB | 20/47 kBProgress (4): 168 kB | 38 kB | 55 kB | 25/47 kBProgress (4): 168 kB | 38 kB | 55 kB | 29/47 kBProgress (4): 168 kB | 38 kB | 55 kB | 33/47 kBProgress (4): 168 kB | 38 kB | 55 kB | 37/47 kBProgress (4): 168 kB | 38 kB | 55 kB | 41/47 kBProgress (4): 168 kB | 38 kB | 55 kB | 45/47 kBProgress (4): 168 kB | 38 kB | 55 kB | 47 kB   Progress (5): 168 kB | 38 kB | 55 kB | 47 kB | 4.1/392 kBProgress (5): 168 kB | 38 kB | 55 kB | 47 kB | 8.2/392 kBProgress (5): 168 kB | 38 kB | 55 kB | 47 kB | 12/392 kB Progress (5): 168 kB | 38 kB | 55 kB | 47 kB | 16/392 kBProgress (5): 168 kB | 38 kB | 55 kB | 47 kB | 20/392 kBProgress (5): 168 kB | 38 kB | 55 kB | 47 kB | 25/392 kBProgress (5): 168 kB | 38 kB | 55 kB | 47 kB | 29/392 kBProgress (5): 168 kB | 38 kB | 55 kB | 47 kB | 33/392 kBProgress (5): 168 kB | 38 kB | 55 kB | 47 kB | 37/392 kBProgress (5): 168 kB | 38 kB | 55 kB | 47 kB | 41/392 kBProgress (5): 168 kB | 38 kB | 55 kB | 47 kB | 45/392 kBProgress (5): 168 kB | 38 kB | 55 kB | 47 kB | 49/392 kBProgress (5): 168 kB | 38 kB | 55 kB | 47 kB | 53/392 kBProgress (5): 168 kB | 38 kB | 55 kB | 47 kB | 57/392 kBProgress (5): 168 kB | 38 kB | 55 kB | 47 kB | 61/392 kBProgress (5): 168 kB | 38 kB | 55 kB | 47 kB | 66/392 kBProgress (5): 168 kB | 38 kB | 55 kB | 47 kB | 70/392 kBProgress (5): 168 kB | 38 kB | 55 kB | 47 kB | 74/392 kBProgress (5): 168 kB | 38 kB | 55 kB | 47 kB | 78/392 kBProgress (5): 168 kB | 38 kB | 55 kB | 47 kB | 82/392 kBProgress (5): 168 kB | 38 kB | 55 kB | 47 kB | 86/392 kBProgress (5): 168 kB | 38 kB | 55 kB | 47 kB | 90/392 kBProgress (5): 168 kB | 38 kB | 55 kB | 47 kB | 94/392 kBProgress (5): 168 kB | 38 kB | 55 kB | 47 kB | 98/392 kBProgress (5): 168 kB | 38 kB | 55 kB | 47 kB | 102/392 kBProgress (5): 168 kB | 38 kB | 55 kB | 47 kB | 106/392 kBProgress (5): 168 kB | 38 kB | 55 kB | 47 kB | 111/392 kBProgress (5): 168 kB | 38 kB | 55 kB | 47 kB | 115/392 kBProgress (5): 168 kB | 38 kB | 55 kB | 47 kB | 119/392 kBProgress (5): 168 kB | 38 kB | 55 kB | 47 kB | 123/392 kBProgress (5): 168 kB | 38 kB | 55 kB | 47 kB | 127/392 kBProgress (5): 168 kB | 38 kB | 55 kB | 47 kB | 131/392 kBProgress (5): 168 kB | 38 kB | 55 kB | 47 kB | 135/392 kBProgress (5): 168 kB | 38 kB | 55 kB | 47 kB | 139/392 kBProgress (5): 168 kB | 38 kB | 55 kB | 47 kB | 143/392 kBProgress (5): 168 kB | 38 kB | 55 kB | 47 kB | 147/392 kBProgress (5): 168 kB | 38 kB | 55 kB | 47 kB | 152/392 kBProgress (5): 168 kB | 38 kB | 55 kB | 47 kB | 156/392 kBProgress (5): 168 kB | 38 kB | 55 kB | 47 kB | 160/392 kBProgress (5): 168 kB | 38 kB | 55 kB | 47 kB | 164/392 kBProgress (5): 168 kB | 38 kB | 55 kB | 47 kB | 168/392 kBProgress (5): 168 kB | 38 kB | 55 kB | 47 kB | 172/392 kBProgress (5): 168 kB | 38 kB | 55 kB | 47 kB | 176/392 kBProgress (5): 168 kB | 38 kB | 55 kB | 47 kB | 180/392 kBProgress (5): 168 kB | 38 kB | 55 kB | 47 kB | 184/392 kBProgress (5): 168 kB | 38 kB | 55 kB | 47 kB | 188/392 kBProgress (5): 168 kB | 38 kB | 55 kB | 47 kB | 193/392 kBProgress (5): 168 kB | 38 kB | 55 kB | 47 kB | 197/392 kBProgress (5): 168 kB | 38 kB | 55 kB | 47 kB | 201/392 kBProgress (5): 168 kB | 38 kB | 55 kB | 47 kB | 205/392 kBProgress (5): 168 kB | 38 kB | 55 kB | 47 kB | 209/392 kBProgress (5): 168 kB | 38 kB | 55 kB | 47 kB | 213/392 kBProgress (5): 168 kB | 38 kB | 55 kB | 47 kB | 217/392 kBProgress (5): 168 kB | 38 kB | 55 kB | 47 kB | 221/392 kBProgress (5): 168 kB | 38 kB | 55 kB | 47 kB | 225/392 kBProgress (5): 168 kB | 38 kB | 55 kB | 47 kB | 229/392 kB                                                         Downloaded from central: https://repo.maven.apache.org/maven2/commons-logging/commons-logging/1.0.4/commons-logging-1.0.4.jar (38 kB at 4.8 kB/s)
Downloading from central: https://repo.maven.apache.org/maven2/org/apache/maven/doxia/doxia-decoration-model/1.0/doxia-decoration-model-1.0.jar
Progress (4): 168 kB | 55 kB | 47 kB | 233/392 kBProgress (4): 168 kB | 55 kB | 47 kB | 238/392 kBProgress (4): 168 kB | 55 kB | 47 kB | 242/392 kBProgress (4): 168 kB | 55 kB | 47 kB | 246/392 kB                                                 Downloaded from central: https://repo.maven.apache.org/maven2/commons-digester/commons-digester/1.6/commons-digester-1.6.jar (168 kB at 21 kB/s)
Downloading from central: https://repo.maven.apache.org/maven2/commons-collections/commons-collections/3.2/commons-collections-3.2.jar
Progress (3): 55 kB | 47 kB | 250/392 kBProgress (3): 55 kB | 47 kB | 254/392 kBProgress (3): 55 kB | 47 kB | 258/392 kBProgress (3): 55 kB | 47 kB | 262/392 kBProgress (3): 55 kB | 47 kB | 266/392 kBProgress (3): 55 kB | 47 kB | 270/392 kBProgress (3): 55 kB | 47 kB | 274/392 kBProgress (3): 55 kB | 47 kB | 279/392 kBProgress (3): 55 kB | 47 kB | 283/392 kBProgress (3): 55 kB | 47 kB | 287/392 kBProgress (3): 55 kB | 47 kB | 291/392 kBProgress (3): 55 kB | 47 kB | 295/392 kBProgress (3): 55 kB | 47 kB | 299/392 kBProgress (3): 55 kB | 47 kB | 303/392 kBProgress (3): 55 kB | 47 kB | 307/392 kBProgress (3): 55 kB | 47 kB | 311/392 kBProgress (3): 55 kB | 47 kB | 315/392 kB                                        Downloaded from central: https://repo.maven.apache.org/maven2/org/apache/maven/doxia/doxia-site-renderer/1.0/doxia-site-renderer-1.0.jar (47 kB at 5.8 kB/s)
Downloading from central: https://repo.maven.apache.org/maven2/org/apache/maven/doxia/doxia-module-apt/1.0/doxia-module-apt-1.0.jar
Downloaded from central: https://repo.maven.apache.org/maven2/org/apache/maven/doxia/doxia-core/1.0/doxia-core-1.0.jar (55 kB at 6.8 kB/s)
Downloading from central: https://repo.maven.apache.org/maven2/org/apache/maven/doxia/doxia-module-fml/1.0/doxia-module-fml-1.0.jar
Progress (1): 319/392 kBProgress (1): 324/392 kBProgress (1): 328/392 kBProgress (1): 332/392 kBProgress (1): 336/392 kBProgress (1): 340/392 kBProgress (1): 344/392 kBProgress (1): 348/392 kBProgress (1): 352/392 kBProgress (1): 356/392 kBProgress (1): 360/392 kBProgress (1): 365/392 kBProgress (1): 369/392 kBProgress (1): 373/392 kBProgress (1): 377/392 kBProgress (1): 381/392 kBProgress (1): 385/392 kBProgress (1): 389/392 kBProgress (1): 392 kB    Progress (2): 392 kB | 4.1/49 kBProgress (2): 392 kB | 8.2/49 kBProgress (2): 392 kB | 12/49 kB Progress (2): 392 kB | 16/49 kBProgress (2): 392 kB | 20/49 kBProgress (2): 392 kB | 25/49 kBProgress (2): 392 kB | 29/49 kBProgress (2): 392 kB | 33/49 kBProgress (2): 392 kB | 37/49 kBProgress (2): 392 kB | 41/49 kBProgress (2): 392 kB | 45/49 kBProgress (2): 392 kB | 49 kB   Progress (3): 392 kB | 49 kB | 4.1/571 kBProgress (3): 392 kB | 49 kB | 8.2/571 kBProgress (3): 392 kB | 49 kB | 12/571 kB Progress (3): 392 kB | 49 kB | 16/571 kBProgress (3): 392 kB | 49 kB | 20/571 kBProgress (3): 392 kB | 49 kB | 25/571 kBProgress (3): 392 kB | 49 kB | 29/571 kBProgress (3): 392 kB | 49 kB | 33/571 kBProgress (4): 392 kB | 49 kB | 33/571 kB | 4.1/47 kBProgress (4): 392 kB | 49 kB | 33/571 kB | 8.2/47 kBProgress (4): 392 kB | 49 kB | 33/571 kB | 12/47 kB Progress (4): 392 kB | 49 kB | 33/571 kB | 16/47 kBProgress (4): 392 kB | 49 kB | 33/571 kB | 20/47 kBProgress (4): 392 kB | 49 kB | 33/571 kB | 25/47 kBProgress (4): 392 kB | 49 kB | 33/571 kB | 29/47 kBProgress (4): 392 kB | 49 kB | 33/571 kB | 33/47 kBProgress (4): 392 kB | 49 kB | 33/571 kB | 37/47 kBProgress (4): 392 kB | 49 kB | 33/571 kB | 41/47 kBProgress (4): 392 kB | 49 kB | 33/571 kB | 45/47 kBProgress (4): 392 kB | 49 kB | 33/571 kB | 47 kB   Progress (4): 392 kB | 49 kB | 36/571 kB | 47 kBProgress (5): 392 kB | 49 kB | 36/571 kB | 47 kB | 4.1/19 kBProgress (5): 392 kB | 49 kB | 36/571 kB | 47 kB | 8.2/19 kBProgress (5): 392 kB | 49 kB | 36/571 kB | 47 kB | 12/19 kB Progress (5): 392 kB | 49 kB | 36/571 kB | 47 kB | 16/19 kBProgress (5): 392 kB | 49 kB | 36/571 kB | 47 kB | 19 kB   Progress (5): 392 kB | 49 kB | 40/571 kB | 47 kB | 19 kBProgress (5): 392 kB | 49 kB | 44/571 kB | 47 kB | 19 kBProgress (5): 392 kB | 49 kB | 48/571 kB | 47 kB | 19 kBProgress (5): 392 kB | 49 kB | 52/571 kB | 47 kB | 19 kBProgress (5): 392 kB | 49 kB | 56/571 kB | 47 kB | 19 kBProgress (5): 392 kB | 49 kB | 61/571 kB | 47 kB | 19 kBProgress (5): 392 kB | 49 kB | 65/571 kB | 47 kB | 19 kBProgress (5): 392 kB | 49 kB | 69/571 kB | 47 kB | 19 kB                                                        Downloaded from central: https://repo.maven.apache.org/maven2/org/apache/velocity/velocity/1.5/velocity-1.5.jar (392 kB at 47 kB/s)
Downloading from central: https://repo.maven.apache.org/maven2/org/apache/maven/doxia/doxia-module-xdoc/1.0/doxia-module-xdoc-1.0.jar
Progress (4): 49 kB | 73/571 kB | 47 kB | 19 kBProgress (4): 49 kB | 77/571 kB | 47 kB | 19 kBProgress (4): 49 kB | 81/571 kB | 47 kB | 19 kBProgress (4): 49 kB | 85/571 kB | 47 kB | 19 kBProgress (4): 49 kB | 89/571 kB | 47 kB | 19 kBProgress (4): 49 kB | 93/571 kB | 47 kB | 19 kBProgress (4): 49 kB | 97/571 kB | 47 kB | 19 kBProgress (4): 49 kB | 102/571 kB | 47 kB | 19 kB                                                Downloaded from central: https://repo.maven.apache.org/maven2/org/apache/maven/doxia/doxia-decoration-model/1.0/doxia-decoration-model-1.0.jar (49 kB at 5.8 kB/s)
Downloading from central: https://repo.maven.apache.org/maven2/org/apache/maven/doxia/doxia-module-xhtml/1.0/doxia-module-xhtml-1.0.jar
Progress (3): 106/571 kB | 47 kB | 19 kBProgress (3): 110/571 kB | 47 kB | 19 kBProgress (3): 114/571 kB | 47 kB | 19 kBProgress (3): 118/571 kB | 47 kB | 19 kBProgress (3): 122/571 kB | 47 kB | 19 kBProgress (3): 126/571 kB | 47 kB | 19 kBProgress (3): 130/571 kB | 47 kB | 19 kBProgress (3): 134/571 kB | 47 kB | 19 kB                                        Downloaded from central: https://repo.maven.apache.org/maven2/org/apache/maven/doxia/doxia-module-fml/1.0/doxia-module-fml-1.0.jar (19 kB at 2.2 kB/s)
Downloaded from central: https://repo.maven.apache.org/maven2/org/apache/maven/doxia/doxia-module-apt/1.0/doxia-module-apt-1.0.jar (47 kB at 5.5 kB/s)
Downloading from central: https://repo.maven.apache.org/maven2/org/codehaus/plexus/plexus-utils/2.0.2/plexus-utils-2.0.2.jar
Downloading from central: https://repo.maven.apache.org/maven2/org/apache/maven/shared/maven-invoker/2.0.11/maven-invoker-2.0.11.jar
Progress (1): 138/571 kBProgress (1): 142/571 kBProgress (1): 147/571 kBProgress (1): 151/571 kBProgress (1): 155/571 kBProgress (1): 159/571 kBProgress (1): 163/571 kBProgress (1): 167/571 kBProgress (2): 167/571 kB | 4.1/28 kBProgress (2): 167/571 kB | 8.2/28 kBProgress (2): 167/571 kB | 12/28 kB Progress (2): 167/571 kB | 16/28 kBProgress (2): 167/571 kB | 20/28 kBProgress (2): 167/571 kB | 25/28 kBProgress (2): 167/571 kB | 28 kB   Progress (2): 171/571 kB | 28 kBProgress (2): 175/571 kB | 28 kBProgress (2): 179/571 kB | 28 kBProgress (2): 183/571 kB | 28 kBProgress (2): 188/571 kB | 28 kBProgress (2): 192/571 kB | 28 kBProgress (2): 196/571 kB | 28 kBProgress (2): 200/571 kB | 28 kBProgress (2): 204/571 kB | 28 kBProgress (2): 208/571 kB | 28 kBProgress (2): 212/571 kB | 28 kBProgress (2): 216/571 kB | 28 kBProgress (3): 216/571 kB | 28 kB | 4.1/22 kBProgress (3): 216/571 kB | 28 kB | 8.2/22 kBProgress (3): 216/571 kB | 28 kB | 12/22 kB Progress (3): 216/571 kB | 28 kB | 16/22 kBProgress (3): 216/571 kB | 28 kB | 20/22 kBProgress (3): 216/571 kB | 28 kB | 22 kB   Progress (3): 220/571 kB | 28 kB | 22 kBProgress (3): 224/571 kB | 28 kB | 22 kBProgress (3): 229/571 kB | 28 kB | 22 kBProgress (3): 233/571 kB | 28 kB | 22 kBProgress (3): 237/571 kB | 28 kB | 22 kBProgress (3): 241/571 kB | 28 kB | 22 kBProgress (3): 245/571 kB | 28 kB | 22 kBProgress (3): 249/571 kB | 28 kB | 22 kBProgress (4): 249/571 kB | 28 kB | 22 kB | 4.1/29 kBProgress (4): 249/571 kB | 28 kB | 22 kB | 8.2/29 kBProgress (4): 249/571 kB | 28 kB | 22 kB | 12/29 kB Progress (4): 249/571 kB | 28 kB | 22 kB | 16/29 kBProgress (4): 249/571 kB | 28 kB | 22 kB | 20/29 kBProgress (4): 249/571 kB | 28 kB | 22 kB | 25/29 kBProgress (4): 249/571 kB | 28 kB | 22 kB | 29/29 kBProgress (4): 249/571 kB | 28 kB | 22 kB | 29 kB   Progress (5): 249/571 kB | 28 kB | 22 kB | 29 kB | 4.1/223 kBProgress (5): 249/571 kB | 28 kB | 22 kB | 29 kB | 8.2/223 kBProgress (5): 249/571 kB | 28 kB | 22 kB | 29 kB | 12/223 kB Progress (5): 249/571 kB | 28 kB | 22 kB | 29 kB | 16/223 kBProgress (5): 249/571 kB | 28 kB | 22 kB | 29 kB | 20/223 kBProgress (5): 249/571 kB | 28 kB | 22 kB | 29 kB | 25/223 kBProgress (5): 249/571 kB | 28 kB | 22 kB | 29 kB | 29/223 kBProgress (5): 249/571 kB | 28 kB | 22 kB | 29 kB | 33/223 kBProgress (5): 249/571 kB | 28 kB | 22 kB | 29 kB | 37/223 kBProgress (5): 249/571 kB | 28 kB | 22 kB | 29 kB | 41/223 kBProgress (5): 249/571 kB | 28 kB | 22 kB | 29 kB | 45/223 kBProgress (5): 249/571 kB | 28 kB | 22 kB | 29 kB | 49/223 kBProgress (5): 249/571 kB | 28 kB | 22 kB | 29 kB | 53/223 kBProgress (5): 249/571 kB | 28 kB | 22 kB | 29 kB | 57/223 kBProgress (5): 249/571 kB | 28 kB | 22 kB | 29 kB | 61/223 kBProgress (5): 249/571 kB | 28 kB | 22 kB | 29 kB | 66/223 kBProgress (5): 249/571 kB | 28 kB | 22 kB | 29 kB | 70/223 kBProgress (5): 249/571 kB | 28 kB | 22 kB | 29 kB | 74/223 kBProgress (5): 249/571 kB | 28 kB | 22 kB | 29 kB | 78/223 kBProgress (5): 249/571 kB | 28 kB | 22 kB | 29 kB | 82/223 kBProgress (5): 249/571 kB | 28 kB | 22 kB | 29 kB | 86/223 kBProgress (5): 249/571 kB | 28 kB | 22 kB | 29 kB | 90/223 kBProgress (5): 249/571 kB | 28 kB | 22 kB | 29 kB | 94/223 kBProgress (5): 249/571 kB | 28 kB | 22 kB | 29 kB | 98/223 kBProgress (5): 249/571 kB | 28 kB | 22 kB | 29 kB | 102/223 kBProgress (5): 249/571 kB | 28 kB | 22 kB | 29 kB | 106/223 kBProgress (5): 249/571 kB | 28 kB | 22 kB | 29 kB | 111/223 kBProgress (5): 249/571 kB | 28 kB | 22 kB | 29 kB | 115/223 kBProgress (5): 249/571 kB | 28 kB | 22 kB | 29 kB | 119/223 kBProgress (5): 249/571 kB | 28 kB | 22 kB | 29 kB | 123/223 kBProgress (5): 249/571 kB | 28 kB | 22 kB | 29 kB | 127/223 kBProgress (5): 249/571 kB | 28 kB | 22 kB | 29 kB | 131/223 kBProgress (5): 253/571 kB | 28 kB | 22 kB | 29 kB | 131/223 kBProgress (5): 257/571 kB | 28 kB | 22 kB | 29 kB | 131/223 kBProgress (5): 261/571 kB | 28 kB | 22 kB | 29 kB | 131/223 kBProgress (5): 265/571 kB | 28 kB | 22 kB | 29 kB | 131/223 kBProgress (5): 269/571 kB | 28 kB | 22 kB | 29 kB | 131/223 kBProgress (5): 274/571 kB | 28 kB | 22 kB | 29 kB | 131/223 kBProgress (5): 278/571 kB | 28 kB | 22 kB | 29 kB | 131/223 kBProgress (5): 282/571 kB | 28 kB | 22 kB | 29 kB | 131/223 kB                                                             Downloaded from central: https://repo.maven.apache.org/maven2/org/apache/maven/doxia/doxia-module-xdoc/1.0/doxia-module-xdoc-1.0.jar (28 kB at 3.1 kB/s)
Progress (4): 286/571 kB | 22 kB | 29 kB | 131/223 kBProgress (4): 290/571 kB | 22 kB | 29 kB | 131/223 kBProgress (4): 294/571 kB | 22 kB | 29 kB | 131/223 kBProgress (4): 298/571 kB | 22 kB | 29 kB | 131/223 kBProgress (4): 302/571 kB | 22 kB | 29 kB | 131/223 kBProgress (4): 306/571 kB | 22 kB | 29 kB | 131/223 kBProgress (4): 310/571 kB | 22 kB | 29 kB | 131/223 kBProgress (4): 315/571 kB | 22 kB | 29 kB | 131/223 kBProgress (4): 319/571 kB | 22 kB | 29 kB | 131/223 kBProgress (4): 323/571 kB | 22 kB | 29 kB | 131/223 kBProgress (4): 327/571 kB | 22 kB | 29 kB | 131/223 kBProgress (4): 331/571 kB | 22 kB | 29 kB | 131/223 kB                                                     Downloaded from central: https://repo.maven.apache.org/maven2/org/apache/maven/doxia/doxia-module-xhtml/1.0/doxia-module-xhtml-1.0.jar (22 kB at 2.4 kB/s)
Progress (3): 335/571 kB | 29 kB | 131/223 kBProgress (3): 339/571 kB | 29 kB | 131/223 kBProgress (3): 343/571 kB | 29 kB | 131/223 kBProgress (3): 347/571 kB | 29 kB | 131/223 kBProgress (3): 351/571 kB | 29 kB | 131/223 kBProgress (3): 355/571 kB | 29 kB | 131/223 kBProgress (3): 360/571 kB | 29 kB | 131/223 kBProgress (3): 364/571 kB | 29 kB | 131/223 kBProgress (3): 364/571 kB | 29 kB | 135/223 kBProgress (3): 364/571 kB | 29 kB | 139/223 kBProgress (3): 364/571 kB | 29 kB | 143/223 kBProgress (3): 364/571 kB | 29 kB | 147/223 kBProgress (3): 364/571 kB | 29 kB | 152/223 kBProgress (3): 364/571 kB | 29 kB | 156/223 kBProgress (3): 364/571 kB | 29 kB | 160/223 kBProgress (3): 364/571 kB | 29 kB | 164/223 kB                                             Downloaded from central: https://repo.maven.apache.org/maven2/org/apache/maven/shared/maven-invoker/2.0.11/maven-invoker-2.0.11.jar (29 kB at 3.2 kB/s)
Progress (2): 364/571 kB | 168/223 kBProgress (2): 364/571 kB | 172/223 kBProgress (2): 364/571 kB | 176/223 kBProgress (2): 364/571 kB | 180/223 kBProgress (2): 364/571 kB | 184/223 kBProgress (2): 364/571 kB | 188/223 kBProgress (2): 364/571 kB | 193/223 kBProgress (2): 364/571 kB | 197/223 kBProgress (2): 364/571 kB | 201/223 kBProgress (2): 364/571 kB | 205/223 kBProgress (2): 364/571 kB | 209/223 kBProgress (2): 364/571 kB | 213/223 kBProgress (2): 364/571 kB | 217/223 kBProgress (2): 364/571 kB | 221/223 kBProgress (2): 364/571 kB | 223 kB    Progress (2): 368/571 kB | 223 kBProgress (2): 372/571 kB | 223 kBProgress (2): 376/571 kB | 223 kBProgress (2): 380/571 kB | 223 kBProgress (2): 384/571 kB | 223 kBProgress (2): 388/571 kB | 223 kBProgress (2): 392/571 kB | 223 kBProgress (2): 396/571 kB | 223 kBProgress (2): 401/571 kB | 223 kBProgress (2): 405/571 kB | 223 kBProgress (2): 409/571 kB | 223 kBProgress (2): 413/571 kB | 223 kBProgress (2): 417/571 kB | 223 kBProgress (2): 421/571 kB | 223 kBProgress (2): 425/571 kB | 223 kBProgress (2): 429/571 kB | 223 kBProgress (2): 433/571 kB | 223 kBProgress (2): 437/571 kB | 223 kBProgress (2): 442/571 kB | 223 kBProgress (2): 446/571 kB | 223 kBProgress (2): 450/571 kB | 223 kBProgress (2): 454/571 kB | 223 kBProgress (2): 458/571 kB | 223 kBProgress (2): 462/571 kB | 223 kBProgress (2): 466/571 kB | 223 kBProgress (2): 470/571 kB | 223 kBProgress (2): 474/571 kB | 223 kBProgress (2): 478/571 kB | 223 kBProgress (2): 482/571 kB | 223 kBProgress (2): 487/571 kB | 223 kBProgress (2): 491/571 kB | 223 kBProgress (2): 495/571 kB | 223 kB                                 Downloaded from central: https://repo.maven.apache.org/maven2/org/codehaus/plexus/plexus-utils/2.0.2/plexus-utils-2.0.2.jar (223 kB at 24 kB/s)
Progress (1): 499/571 kBProgress (1): 503/571 kBProgress (1): 507/571 kBProgress (1): 511/571 kBProgress (1): 515/571 kBProgress (1): 519/571 kBProgress (1): 523/571 kBProgress (1): 527/571 kBProgress (1): 532/571 kBProgress (1): 536/571 kBProgress (1): 540/571 kBProgress (1): 544/571 kBProgress (1): 548/571 kBProgress (1): 552/571 kBProgress (1): 556/571 kBProgress (1): 560/571 kBProgress (1): 564/571 kBProgress (1): 568/571 kBProgress (1): 571 kB                        Downloaded from central: https://repo.maven.apache.org/maven2/commons-collections/commons-collections/3.2/commons-collections-3.2.jar (571 kB at 59 kB/s)
[INFO] Cobertura 2.1.1 - GNU GPL License (NO WARRANTY) - See COPYRIGHT file
[INFO] Cobertura: Saved information on 17 classes.
[INFO] Cobertura: Saved information on 17 classes.

[8mha:////4PojWHZpDhtN91/kJMBTva77EIUxro2tlSRyqcIQ5bBoAAAAYB+LCAAAAAAAAP9b85aBtbiIQSmjNKU4P0+vJLE4u1gvPjexLDVPzxdEuhYV5Rf55ZekOlc7RKnPKH7IxMBQUcQgBdWQnJ9XnJ+TqucMoUEKGSCAEaSwAACsNFCqYAAAAA==[0m[ERROR] SLF4J: Class path contains multiple SLF4J bindings.
SLF4J: Found binding in [jar:file:/var/lib/jenkins/.m2/repository/ch/qos/logback/logback-classic/1.0.13/logback-classic-1.0.13.jar!/org/slf4j/impl/StaticLoggerBinder.class]
SLF4J: Found binding in [jar:file:/var/lib/jenkins/.m2/repository/org/slf4j/slf4j-simple/1.7.7/slf4j-simple-1.7.7.jar!/org/slf4j/impl/StaticLoggerBinder.class]
SLF4J: Found binding in [jar:file:/var/lib/jenkins/.m2/repository/org/slf4j/slf4j-log4j12/1.7.7/slf4j-log4j12-1.7.7.jar!/org/slf4j/impl/StaticLoggerBinder.class]
SLF4J: See http://www.slf4j.org/codes.html#multiple_bindings for an explanation.
SLF4J: Actual binding is of type [ch.qos.logback.classic.util.ContextSelectorStaticBinder]

[INFO] Instrumentation was successful.
[INFO] NOT adding cobertura ser file to attached artifacts list.
[INFO] 
[8mha:////4Lc+mvqrKhnM9YNVwOOflZDVUMspBVdEZTpv8ygJsN6lAAAAYB+LCAAAAAAAAP9b85aBtbiIQSmjNKU4P0+vJLE4u1gvPjexLDVPzxdEGvvmZ+X75ZekLlOVfvTjc8FPJgaGiiIGKaiG5Py84vycVD1nCA1SyAABjCCFBQCV27OjYAAAAA==[0m[INFO] --- maven-resources-plugin:2.6:testResources (default-testResources) @ addressbook ---
[INFO] Using 'UTF-8' encoding to copy filtered resources.
[INFO] Copying 1 resource
[INFO] 
[8mha:////4Lc+mvqrKhnM9YNVwOOflZDVUMspBVdEZTpv8ygJsN6lAAAAYB+LCAAAAAAAAP9b85aBtbiIQSmjNKU4P0+vJLE4u1gvPjexLDVPzxdEGvvmZ+X75ZekLlOVfvTjc8FPJgaGiiIGKaiG5Py84vycVD1nCA1SyAABjCCFBQCV27OjYAAAAA==[0m[INFO] --- maven-compiler-plugin:3.2:testCompile (default-testCompile) @ addressbook ---
[INFO] Changes detected - recompiling the module!
[INFO] Compiling 5 source files to /var/lib/jenkins/workspace/4.ApplicationMetric/target/test-classes
[INFO] 
[8mha:////4Lc+mvqrKhnM9YNVwOOflZDVUMspBVdEZTpv8ygJsN6lAAAAYB+LCAAAAAAAAP9b85aBtbiIQSmjNKU4P0+vJLE4u1gvPjexLDVPzxdEGvvmZ+X75ZekLlOVfvTjc8FPJgaGiiIGKaiG5Py84vycVD1nCA1SyAABjCCFBQCV27OjYAAAAA==[0m[INFO] --- maven-surefire-plugin:2.19.1:test (default-test) @ addressbook ---

-------------------------------------------------------
 T E S T S
-------------------------------------------------------
Running com.edurekademo.utilities.TestHexAsciiConversion
SLF4J: Class path contains multiple SLF4J bindings.
SLF4J: Found binding in [jar:file:/var/lib/jenkins/.m2/repository/org/slf4j/slf4j-simple/1.7.7/slf4j-simple-1.7.7.jar!/org/slf4j/impl/StaticLoggerBinder.class]
SLF4J: Found binding in [jar:file:/var/lib/jenkins/.m2/repository/org/slf4j/slf4j-log4j12/1.7.7/slf4j-log4j12-1.7.7.jar!/org/slf4j/impl/StaticLoggerBinder.class]
SLF4J: Found binding in [jar:file:/var/lib/jenkins/.m2/repository/ch/qos/logback/logback-classic/1.0.13/logback-classic-1.0.13.jar!/org/slf4j/impl/StaticLoggerBinder.class]
SLF4J: See http://www.slf4j.org/codes.html#multiple_bindings for an explanation.
SLF4J: Actual binding is of type [org.slf4j.impl.SimpleLoggerFactory]
testing ascii convertion into hexadecimal
74657374696e6720617363696920636f6e76657274696f6e20696e746f2068657861646563696d616c
Tests run: 4, Failures: 0, Errors: 0, Skipped: 0, Time elapsed: 0.056 sec - in com.edurekademo.utilities.TestHexAsciiConversion
Running com.edurekademo.utilities.TestLogger
[pool-1-thread-5] INFO com.edurekademo.utilities.TestLogger - java.lang.ArithmeticException: / by zero
Cause:at com.edurekademo.utilities.TestLogger.testGetErrorMessage1(TestLogger.java:14)
Cause:at sun.reflect.NativeMethodAccessorImpl.invoke0(Native Method)
[pool-1-thread-6] INFO com.edurekademo.utilities.TestLogger - java.lang.ArithmeticException: / by zero
Cause:at com.edurekademo.utilities.TestLogger.testGetErrorMessage2(TestLogger.java:30)
Cause:at sun.reflect.NativeMethodAccessorImpl.invoke0(Native Method)
[pool-1-thread-7] INFO com.edurekademo.utilities.TestLogger - java.lang.ArithmeticException: / by zero
Cause:at com.edurekademo.utilities.ExceptionThrower.getCounter(ExceptionThrower.java:13)
Cause:at com.edurekademo.utilities.TestLogger.testGetErrorMessage3(TestLogger.java:45)
[pool-1-thread-8] INFO com.edurekademo.utilities.TestLogger - java.io.IOException: TESTIOEXCEPTION
Cause:at com.edurekademo.utilities.ExceptionThrower.doNothing(ExceptionThrower.java:18)
Cause:at com.edurekademo.utilities.TestLogger.testGetErrorMessage4(TestLogger.java:60)
[pool-1-thread-9] ERROR com.edurekademo.utilities.ExceptionThrower - java.lang.Exception: DEAR
Cause:at com.edurekademo.utilities.ExceptionThrower.doYYY(ExceptionThrower.java:35)
Cause:at com.edurekademo.utilities.ExceptionThrower.doXXX(ExceptionThrower.java:23)
[pool-1-thread-9] INFO com.edurekademo.utilities.TestLogger - java.lang.Exception: TEST MESSAGE
Cause:at com.edurekademo.utilities.ExceptionThrower.doCheck(ExceptionThrower.java:43)
Cause:at com.edurekademo.utilities.TestLogger.testGetErrorMessage5(TestLogger.java:75)
***** java.lang.Exception: TEST MESSAGE
Cause:at com.edurekademo.utilities.ExceptionThrower.doCheck(ExceptionThrower.java:43)
Cause:at com.edurekademo.utilities.TestLogger.testGetErrorMessage5(TestLogger.java:75)
Tests run: 5, Failures: 0, Errors: 0, Skipped: 0, Time elapsed: 0.043 sec - in com.edurekademo.utilities.TestLogger
Running com.edurekademo.utilities.TestGenericComparator
Tests run: 14, Failures: 0, Errors: 0, Skipped: 0, Time elapsed: 0.064 sec - in com.edurekademo.utilities.TestGenericComparator

Results :

Tests run: 23, Failures: 0, Errors: 0, Skipped: 0

[INFO] 
[INFO] <<< cobertura-maven-plugin:2.7:cobertura (default-cli) < [cobertura]test @ addressbook <<<
[INFO] 
[INFO] 
[8mha:////4Lc+mvqrKhnM9YNVwOOflZDVUMspBVdEZTpv8ygJsN6lAAAAYB+LCAAAAAAAAP9b85aBtbiIQSmjNKU4P0+vJLE4u1gvPjexLDVPzxdEGvvmZ+X75ZekLlOVfvTjc8FPJgaGiiIGKaiG5Py84vycVD1nCA1SyAABjCCFBQCV27OjYAAAAA==[0m[INFO] --- cobertura-maven-plugin:2.7:cobertura (default-cli) @ addressbook ---
[INFO] Cobertura 2.1.1 - GNU GPL License (NO WARRANTY) - See COPYRIGHT file
[INFO] Cobertura: Loaded information on 17 classes.
[WARN] JavaNCSS got an error while parsing the java file /var/lib/jenkins/workspace/4.ApplicationMetric/src/main/java/com/edurekademo/tutorial/addressbook/AddressbookUI.java
ParseException in STDIN
Last useful checkpoint: "com.edurekademo.tutorial.addressbook.AddressbookUI.configureComponents()"
Encountered " ">" "> "" at line 72, column 40.
Was expecting one of:
    "assert" ...
    "boolean" ...
    "byte" ...
    "char" ...
    "double" ...
    "enum" ...
    "false" ...
    "float" ...
    "int" ...
    "long" ...
    "new" ...
    "null" ...
    "short" ...
    "super" ...
    "this" ...
    "true" ...
    "void" ...
    <INTEGER_LITERAL> ...
    <FLOATING_POINT_LITERAL> ...
    <CHARACTER_LITERAL> ...
    <STRING_LITERAL> ...
    <IDENTIFIER> ...
    "(" ...
    "!" ...
    "~" ...
    "++" ...
    "--" ...
    "+" ...
    "-" ...
    

[WARN] JavaNCSS got an error while parsing the java file /var/lib/jenkins/workspace/4.ApplicationMetric/src/main/java/com/edurekademo/tutorial/addressbook/ContactForm.java
ParseException in STDIN
Last useful checkpoint: "com.edurekademo.tutorial.addressbook.ContactForm"
Encountered " ":" ": "" at line 26, column 42.
Was expecting one of:
    "assert" ...
    "instanceof" ...
    "new" ...
    <IDENTIFIER> ...
    ")" ...
    "," ...
    "." ...
    "=" ...
    ">" ...
    "<" ...
    "?" ...
    "==" ...
    "<=" ...
    ">=" ...
    "!=" ...
    "||" ...
    "&&" ...
    "++" ...
    "--" ...
    "+" ...
    "-" ...
    "*" ...
    "/" ...
    "&" ...
    "|" ...
    "^" ...
    "%" ...
    "+=" ...
    "-=" ...
    "*=" ...
    "/=" ...
    "&=" ...
    "|=" ...
    "^=" ...
    "%=" ...
    "<<=" ...
    ">>=" ...
    ">>>=" ...
    ">" ...
    "." ...
    "." ...
    "." ...
    "." ...
    

Report time: 536ms

[8mha:////4PojWHZpDhtN91/kJMBTva77EIUxro2tlSRyqcIQ5bBoAAAAYB+LCAAAAAAAAP9b85aBtbiIQSmjNKU4P0+vJLE4u1gvPjexLDVPzxdEuhYV5Rf55ZekOlc7RKnPKH7IxMBQUcQgBdWQnJ9XnJ+TqucMoUEKGSCAEaSwAACsNFCqYAAAAA==[0m[ERROR] net.sourceforge.cobertura.javancss.parser.ParseException: Encountered " ">" "> "" at line 72, column 40.
Was expecting one of:
    "assert" ...
    "boolean" ...
    "byte" ...
    "char" ...
    "double" ...
    "enum" ...
    "false" ...
    "float" ...
    "int" ...
    "long" ...
    "new" ...
    "null" ...
    "short" ...
    "super" ...
    "this" ...
    "true" ...
    "void" ...
    <INTEGER_LITERAL> ...
    <FLOATING_POINT_LITERAL> ...
    <CHARACTER_LITERAL> ...
    <STRING_LITERAL> ...
    <IDENTIFIER> ...
    "(" ...
    "!" ...
    "~" ...
    "++" ...
    "--" ...
    "+" ...
    "-" ...
    
	at net.sourceforge.cobertura.javancss.parser.JavaParser.generateParseException(JavaParser.java:10490)
	at net.sourceforge.cobertura.javancss.parser.JavaParser.jj_consume_token(JavaParser.java:10366)
	at net.sourceforge.cobertura.javancss.parser.JavaParser.UnaryExpression(JavaParser.java:3175)
	at net.sourceforge.cobertura.javancss.parser.JavaParser.MultiplicativeExpression(JavaParser.java:3090)
	at net.sourceforge.cobertura.javancss.parser.JavaParser.AdditiveExpression(JavaParser.java:3085)
	at net.sourceforge.cobertura.javancss.parser.JavaParser.ShiftExpression(JavaParser.java:3027)
	at net.sourceforge.cobertura.javancss.parser.JavaParser.RelationalExpression(JavaParser.java:2990)
	at net.sourceforge.cobertura.javancss.parser.JavaParser.InstanceOfExpression(JavaParser.java:2977)
	at net.sourceforge.cobertura.javancss.parser.JavaParser.AssigmentExpression(JavaParser.java:2959)
	at net.sourceforge.cobertura.javancss.parser.JavaParser.EqualityExpression(JavaParser.java:2886)
	at net.sourceforge.cobertura.javancss.parser.JavaParser.AndExpression(JavaParser.java:2860)
	at net.sourceforge.cobertura.javancss.parser.JavaParser.ExclusiveOrExpression(JavaParser.java:2843)
	at net.sourceforge.cobertura.javancss.parser.JavaParser.InclusiveOrExpression(JavaParser.java:2826)
	at net.sourceforge.cobertura.javancss.parser.JavaParser.ConditionalAndExpression(JavaParser.java:2808)
	at net.sourceforge.cobertura.javancss.parser.JavaParser.ConditionalOrExpression(JavaParser.java:2790)
	at net.sourceforge.cobertura.javancss.parser.JavaParser.ConditionalExpression(JavaParser.java:2774)
	at net.sourceforge.cobertura.javancss.parser.JavaParser.Expression(JavaParser.java:2718)
	at net.sourceforge.cobertura.javancss.parser.JavaParser.ArgumentList(JavaParser.java:3620)
	at net.sourceforge.cobertura.javancss.parser.JavaParser.Arguments(JavaParser.java:3610)
	at net.sourceforge.cobertura.javancss.parser.JavaParser.PrimarySuffix(JavaParser.java:3511)
	at net.sourceforge.cobertura.javancss.parser.JavaParser.PrimaryExpression(JavaParser.java:3384)
	at net.sourceforge.cobertura.javancss.parser.JavaParser.StatementExpression(JavaParser.java:4070)
	at net.sourceforge.cobertura.javancss.parser.JavaParser.Statement(JavaParser.java:3795)
	at net.sourceforge.cobertura.javancss.parser.JavaParser.BlockStatement(JavaParser.java:3984)
	at net.sourceforge.cobertura.javancss.parser.JavaParser.Block(JavaParser.java:3934)
	at net.sourceforge.cobertura.javancss.parser.JavaParser.MethodDeclaration(JavaParser.java:1987)
	at net.sourceforge.cobertura.javancss.parser.JavaParser.ClassBodyDeclaration(JavaParser.java:1039)
	at net.sourceforge.cobertura.javancss.parser.JavaParser.ClassBody(JavaParser.java:898)
	at net.sourceforge.cobertura.javancss.parser.JavaParser.UnmodifiedClassDeclaration(JavaParser.java:824)
	at net.sourceforge.cobertura.javancss.parser.JavaParser.ClassDeclaration(JavaParser.java:728)
	at net.sourceforge.cobertura.javancss.parser.JavaParser.TypeDeclaration(JavaParser.java:575)
	at net.sourceforge.cobertura.javancss.parser.JavaParser.CompilationUnit(JavaParser.java:318)
	at net.sourceforge.cobertura.javancss.parser.JavaParser.parse(JavaParser.java:100)
	at net.sourceforge.cobertura.javancss.Javancss._measureSource(Javancss.java:192)
	at net.sourceforge.cobertura.javancss.Javancss._measureRoot(Javancss.java:268)
	at net.sourceforge.cobertura.javancss.Javancss.<init>(Javancss.java:347)
	at net.sourceforge.cobertura.javancss.JavancssFactory.newInstance(JavancssFactory.java:40)
	at net.sourceforge.cobertura.reporting.ComplexityCalculator.getFunctionMetricsForSingleFile(ComplexityCalculator.java:243)
	at net.sourceforge.cobertura.reporting.ComplexityCalculator.getAccumlatedCCNForSingleFile(ComplexityCalculator.java:143)
	at net.sourceforge.cobertura.reporting.ComplexityCalculator.getCCNForSourceFileNameInternal(ComplexityCalculator.java:273)
	at net.sourceforge.cobertura.reporting.ComplexityCalculator.getCCNForPackageInternal(ComplexityCalculator.java:208)
	at net.sourceforge.cobertura.reporting.ComplexityCalculator.getCCNForProject(ComplexityCalculator.java:174)
	at net.sourceforge.cobertura.reporting.xml.XMLReport.<init>(XMLReport.java:70)
	at net.sourceforge.cobertura.reporting.xml.XMLReportFormatStrategy.save(XMLReportFormatStrategy.java:18)
	at net.sourceforge.cobertura.reporting.NativeReport.export(NativeReport.java:31)
	at net.sourceforge.cobertura.reporting.CompositeReport.export(CompositeReport.java:19)
	at net.sourceforge.cobertura.reporting.ReportMain.parseArgumentsAndReport(ReportMain.java:91)
	at net.sourceforge.cobertura.reporting.ReportMain.generateReport(ReportMain.java:141)
	at net.sourceforge.cobertura.reporting.ReportMain.main(ReportMain.java:151)
net.sourceforge.cobertura.javancss.parser.ParseException: Encountered " ":" ": "" at line 26, column 42.
Was expecting one of:
    "assert" ...
    "instanceof" ...
    "new" ...
    <IDENTIFIER> ...
    ")" ...
    "," ...
    "." ...
    "=" ...
    ">" ...
    "<" ...
    "?" ...
    "==" ...
    "<=" ...
    ">=" ...
    "!=" ...
    "||" ...
    "&&" ...
    "++" ...
    "--" ...
    "+" ...
    "-" ...
    "*" ...
    "/" ...
    "&" ...
    "|" ...
    "^" ...
    "%" ...
    "+=" ...
    "-=" ...
    "*=" ...
    "/=" ...
    "&=" ...
    "|=" ...
    "^=" ...
    "%=" ...
    "<<=" ...
    ">>=" ...
    ">>>=" ...
    ">" ...
    "." ...
    "." ...
    "." ...
    "." ...
    
	at net.sourceforge.cobertura.javancss.parser.JavaParser.generateParseException(JavaParser.java:10490)
	at net.sourceforge.cobertura.javancss.parser.JavaParser.jj_consume_token(JavaParser.java:10366)
	at net.sourceforge.cobertura.javancss.parser.JavaParser.Arguments(JavaParser.java:3616)
	at net.sourceforge.cobertura.javancss.parser.JavaParser.AllocationExpression(JavaParser.java:3665)
	at net.sourceforge.cobertura.javancss.parser.JavaParser.PrimaryPrefix(JavaParser.java:3456)
	at net.sourceforge.cobertura.javancss.parser.JavaParser.PrimaryExpression(JavaParser.java:3376)
	at net.sourceforge.cobertura.javancss.parser.JavaParser.PostfixExpression(JavaParser.java:3330)
	at net.sourceforge.cobertura.javancss.parser.JavaParser.UnaryExpressionNotPlusMinus(JavaParser.java:3237)
	at net.sourceforge.cobertura.javancss.parser.JavaParser.UnaryExpression(JavaParser.java:3171)
	at net.sourceforge.cobertura.javancss.parser.JavaParser.MultiplicativeExpression(JavaParser.java:3090)
	at net.sourceforge.cobertura.javancss.parser.JavaParser.AdditiveExpression(JavaParser.java:3061)
	at net.sourceforge.cobertura.javancss.parser.JavaParser.ShiftExpression(JavaParser.java:3027)
	at net.sourceforge.cobertura.javancss.parser.JavaParser.RelationalExpression(JavaParser.java:2990)
	at net.sourceforge.cobertura.javancss.parser.JavaParser.InstanceOfExpression(JavaParser.java:2977)
	at net.sourceforge.cobertura.javancss.parser.JavaParser.AssigmentExpression(JavaParser.java:2959)
	at net.sourceforge.cobertura.javancss.parser.JavaParser.EqualityExpression(JavaParser.java:2886)
	at net.sourceforge.cobertura.javancss.parser.JavaParser.AndExpression(JavaParser.java:2860)
	at net.sourceforge.cobertura.javancss.parser.JavaParser.ExclusiveOrExpression(JavaParser.java:2843)
	at net.sourceforge.cobertura.javancss.parser.JavaParser.InclusiveOrExpression(JavaParser.java:2826)
	at net.sourceforge.cobertura.javancss.parser.JavaParser.ConditionalAndExpression(JavaParser.java:2808)
	at net.sourceforge.cobertura.javancss.parser.JavaParser.ConditionalOrExpression(JavaParser.java:2790)
	at net.sourceforge.cobertura.javancss.parser.JavaParser.ConditionalExpression(JavaParser.java:2774)
	at net.sourceforge.cobertura.javancss.parser.JavaParser.Expression(JavaParser.java:2718)
	at net.sourceforge.cobertura.javancss.parser.JavaParser.VariableInitializer(JavaParser.java:1744)
	at net.sourceforge.cobertura.javancss.parser.JavaParser.VariableDeclarator(JavaParser.java:1672)
	at net.sourceforge.cobertura.javancss.parser.JavaParser.FieldDeclaration(JavaParser.java:1649)
	at net.sourceforge.cobertura.javancss.parser.JavaParser.ClassBodyDeclaration(JavaParser.java:1071)
	at net.sourceforge.cobertura.javancss.parser.JavaParser.ClassBody(JavaParser.java:898)
	at net.sourceforge.cobertura.javancss.parser.JavaParser.UnmodifiedClassDeclaration(JavaParser.java:824)
	at net.sourceforge.cobertura.javancss.parser.JavaParser.ClassDeclaration(JavaParser.java:728)
	at net.sourceforge.cobertura.javancss.parser.JavaParser.TypeDeclaration(JavaParser.java:575)
	at net.sourceforge.cobertura.javancss.parser.JavaParser.CompilationUnit(JavaParser.java:318)
	at net.sourceforge.cobertura.javancss.parser.JavaParser.parse(JavaParser.java:100)
	at net.sourceforge.cobertura.javancss.Javancss._measureSource(Javancss.java:192)
	at net.sourceforge.cobertura.javancss.Javancss._measureRoot(Javancss.java:268)
	at net.sourceforge.cobertura.javancss.Javancss.<init>(Javancss.java:347)
	at net.sourceforge.cobertura.javancss.JavancssFactory.newInstance(JavancssFactory.java:40)
	at net.sourceforge.cobertura.reporting.ComplexityCalculator.getFunctionMetricsForSingleFile(ComplexityCalculator.java:243)
	at net.sourceforge.cobertura.reporting.ComplexityCalculator.getAccumlatedCCNForSingleFile(ComplexityCalculator.java:143)
	at net.sourceforge.cobertura.reporting.ComplexityCalculator.getCCNForSourceFileNameInternal(ComplexityCalculator.java:273)
	at net.sourceforge.cobertura.reporting.ComplexityCalculator.getCCNForPackageInternal(ComplexityCalculator.java:208)
	at net.sourceforge.cobertura.reporting.ComplexityCalculator.getCCNForProject(ComplexityCalculator.java:174)
	at net.sourceforge.cobertura.reporting.xml.XMLReport.<init>(XMLReport.java:70)
	at net.sourceforge.cobertura.reporting.xml.XMLReportFormatStrategy.save(XMLReportFormatStrategy.java:18)
	at net.sourceforge.cobertura.reporting.NativeReport.export(NativeReport.java:31)
	at net.sourceforge.cobertura.reporting.CompositeReport.export(CompositeReport.java:19)
	at net.sourceforge.cobertura.reporting.ReportMain.parseArgumentsAndReport(ReportMain.java:91)
	at net.sourceforge.cobertura.reporting.ReportMain.generateReport(ReportMain.java:141)
	at net.sourceforge.cobertura.reporting.ReportMain.main(ReportMain.java:151)

[INFO] Cobertura Report generation was successful.
[INFO] ------------------------------------------------------------------------
[INFO] BUILD SUCCESS
[INFO] ------------------------------------------------------------------------
[INFO] Total time:  01:06 min
[INFO] Finished at: 2020-04-09T17:02:50+05:30
[INFO] ------------------------------------------------------------------------
Triggering a new build of [8mha:////4GY9M2ho1CwYWLcfR3fhrMFEnt+cOZspkOCxVyNkAjT4AAAAph+LCAAAAAAAAP9b85aBtbiIQTGjNKU4P08vOT+vOD8nVc83PyU1x6OyILUoJzMv2y+/JJUBAhiZGBgqihhk0NSjKDWzXb3RdlLBUSYGJk8GtpzUvPSSDB8G5tKinBIGIZ+sxLJE/ZzEvHT94JKizLx0a6BxUmjGOUNodHsLgAyREgYp/az8JH1TPceCgpzM5MSSzPy8gMTk7MT0VH0Ap2razs8AAAA=[0m5.ApplicationPackage
Finished: SUCCESS
