[2020-04-13T10:14:04.609Z] Started by user [8mha:////4IMMv8T2XIKwgqbrGOhOzF4+E7SeVBm4zoNrNbmggpHXAAAAlx+LCAAAAAAAAP9b85aBtbiIQTGjNKU4P08vOT+vOD8nVc83PyU1x6OyILUoJzMv2y+/JJUBAhiZGBgqihhk0NSjKDWzXb3RdlLBUSYGJk8GtpzUvPSSDB8G5tKinBIGIZ+sxLJE/ZzEvHT94JKizLx0a6BxUmjGOUNodHsLgAzWEgZu/dLi1CL9xJTczDwAj6GcLcAAAAA=[0madmin
[2020-04-13T10:14:04.609Z] Running in Durability level: MAX_SURVIVABILITY
[2020-04-13T10:14:05.577Z] [8mha:////4HkCTMbguUsNbCviI6jbUHTimscQdH79/E8CCyAshF9uAAAAoh+LCAAAAAAAAP9tjTEOwjAQBM8BClpKHuFItIiK1krDC0x8GCfWnbEdkooX8TX+gCESFVvtrLSa5wtWKcKBo5UdUu8otU4GP9jS5Mixv3geZcdn2TIl9igbHBs2eJyx4YwwR1SwULBGaj0nRzbDRnX6rmuvydanHMu2V1A5c4MHCFXMWcf8hSnC9jqYxPTz/BXAFEIGsfuclm8zQVqFvQAAAA==[0m[Pipeline] Start of Pipeline
[2020-04-13T10:14:05.747Z] [8mha:////4FYj6x4qxNGl+3P432fNY2HeiK28Y3Uw/2z4UscDx0dfAAAApR+LCAAAAAAAAP9tjTEOwjAUQ3+KOrAycohUghExsUZZOEFIQkgb/d8mKe3EibgadyBQiQlLlmxL1nu+oE4RjhQdby12HpP2vA+jK4lPFLtroIm3dOGaMFGwXNpJkrGnpUrKFhaxClYC1hZ1oOTRZdiIVt1VExS65pxj2Q4CKm8GeAAThZxVzN8yR9jeRpMIf5y/AJj7DGxXvP/86jduZBmjwAAAAA==[0m[Pipeline] node
[2020-04-13T10:14:06.188Z] Running on [8mha:////4Nbi4X6v9wHiBbajrPyD5IFr5y5ik4Po7OXFngleXFUKAAAAnh+LCAAAAAAAAP9b85aBtbiIQTGjNKU4P08vOT+vOD8nVc83PyU1x6OyILUoJzMv2y+/JJUBAhiZGBgqihhk0NSjKDWzXb3RdlLBUSYGJk8GtpzUvPSSDB8G5tKinBIGIZ+sxLJE/ZzEvHT94JKizLx0a6BxUmjGOUNodHsLgAz2EgZh/eT83ILSktQifY3cxGIgrakPAHib2iPIAAAA[0mJenkins in /var/lib/jenkins/workspace/0.ApplicationGroovyPipeLine
[2020-04-13T10:14:06.269Z] [8mha:////4Cw25TOrn2s1G6TaNvbzasdH9l7ksnngnCzuLjNik6qiAAAApR+LCAAAAAAAAP9tjTEOwjAUQ3+KOrAycoh0gA0xsUZZOEFIQkgb/d8mKe3EibgadyBQiQlLlmxL1nu+oE4RjhQdby12HpP2vA+jK4lPFLtroIm3dOGaMFGwXNpJkrGnpUrKFhaxClYC1hZ1oOTRZdiIVt1VExS65pxj2Q4CKm8GeAAThZxVzN8yR9jeRpMIf5y/AJj7DGxXvP/86jfoP95RwAAAAA==[0m[Pipeline] {
[2020-04-13T10:14:06.369Z] [8mha:////4CJfidGOy+7O32LyggUqwGsd+5YIj+Q4lxu2S1msNPv3AAAAoh+LCAAAAAAAAP9tjTEOAiEURD9rLGwtPQTbaGWsbAmNJ0AWEZb8zwLrbuWJvJp3kLiJlZNMMm+a93rDOic4UbLcG+wdZu14DKOti0+U+lugiXu6ck2YKRguzSSpM+cFJRUDS1gDKwEbgzpQdmgLbIVXD9UGhba9lFS/o4DGdQM8gYlqLiqVL8wJdvexy4Q/z18BzLEA29ce4gdpL1fxvAAAAA==[0m[Pipeline] properties
[2020-04-13T10:14:06.982Z] [8mha:////4NxAQCU3Ee+QaADc/sLgDXlwCJh/aSUXB7Jcr8zMoPpyAAAAph+LCAAAAAAAAP9tjTEOwjAUQ3+KOrAycoh0QSyIiTXKwglCEkLa6P82SWknTsTVuAOBSkxYsmRbst7zBXWKcKToeGux85i0530YXUl8othdA028pQvXhImC5dJOkow9LVVStrCIVbASsLaoAyWPLsNGtOqumqDQNeccy3YQUHkzwAOYKOSsYv6WOcL2NppE+OP8BcDcZ2C74v3nV78BmoXK/sAAAAA=[0m[Pipeline] stage
[2020-04-13T10:14:07.052Z] [8mha:////4P1Ig47cS23iXMbd5J2+hxTohys5e5IGr/GbqwVTgr+zAAAApR+LCAAAAAAAAP9tjTEOwjAUQ3+KOrAycoh0gwExsUZZOEFIQkgb/d8mKe3EibgadyBQiQlLlmxL1nu+oE4RjhQdby12HpP2vA+jK4lPFLtroIm3dOGaMFGwXNpJkrGnpUrKFhaxClYC1hZ1oOTRZdiIVt1VExS65pxj2Q4CKm8GeAAThZxVzN8yR9jeRpMIf5y/AJj7DGxXvP/86jcChmMxwAAAAA==[0m[Pipeline] { (Checkout)
[2020-04-13T10:14:07.070Z] [8mha:////4CYn5rqLlUkm4lGBbpqee6QLGkeLstmkeATx7qlN/06UAAAAoh+LCAAAAAAAAP9tjTEOAiEURD9rLGwtPQRbamKsbAmNJ0AWEZb8zwLrbuWJvJp3kLiJlZNMMm+a93rDOic4UbLcG+wdZu14DKOti0+U+lugiXu6ck2YKRguzSSpM+cFJRUDS1gDKwEbgzpQdmgLbIVXD9UGhba9lFS/o4DGdQM8gYlqLiqVL8wJdvexy4Q/z18BzLEA29ce4geKI23CvAAAAA==[0m[Pipeline] cleanWs
[2020-04-13T10:14:07.173Z] [WS-CLEANUP] Deleting project workspace...
[2020-04-13T10:14:07.173Z] [WS-CLEANUP] Deferred wipeout is used...
[2020-04-13T10:14:07.513Z] [WS-CLEANUP] done
[2020-04-13T10:14:08.306Z] [8mha:////4HMR/5senrtMcln6vTR5YgpVtNStC3FnDKp+Tcq7aQQaAAAAoh+LCAAAAAAAAP9tjTEOAiEURD9rLGwtPQRbGmOsbAmNJ0AWEZb8zwLrbuWJvJp3kLiJlZNMMm+a93rDOic4UbLcG+wdZu14DKOti0+U+lugiXu6ck2YKRguzSSpM+cFJRUDS1gDKwEbgzpQdmgLbIVXD9UGhba9lFS/o4DGdQM8gYlqLiqVL8wJdvexy4Q/z18BzLEA29ce4gfLEnbbvAAAAA==[0m[Pipeline] git
[2020-04-13T10:14:08.571Z] No credentials specified
[2020-04-13T10:14:08.572Z] Cloning the remote Git repository
[2020-04-13T10:14:08.572Z] Cloning repository https://github.com/rrahul4/DevOpsClassCodes
[2020-04-13T10:14:08.572Z]  > git init /var/lib/jenkins/workspace/0.ApplicationGroovyPipeLine # timeout=10
[2020-04-13T10:14:10.282Z] Fetching upstream changes from https://github.com/rrahul4/DevOpsClassCodes
[2020-04-13T10:14:10.282Z]  > git --version # timeout=10
[2020-04-13T10:14:10.298Z]  > git fetch --tags --progress -- https://github.com/rrahul4/DevOpsClassCodes +refs/heads/*:refs/remotes/origin/* # timeout=10
[2020-04-13T10:14:27.072Z]  > git config remote.origin.url https://github.com/rrahul4/DevOpsClassCodes # timeout=10
[2020-04-13T10:14:27.078Z]  > git config --add remote.origin.fetch +refs/heads/*:refs/remotes/origin/* # timeout=10
[2020-04-13T10:14:27.087Z]  > git config remote.origin.url https://github.com/rrahul4/DevOpsClassCodes # timeout=10
[2020-04-13T10:14:27.098Z] Fetching upstream changes from https://github.com/rrahul4/DevOpsClassCodes
[2020-04-13T10:14:27.098Z]  > git fetch --tags --progress -- https://github.com/rrahul4/DevOpsClassCodes +refs/heads/*:refs/remotes/origin/* # timeout=10
[2020-04-13T10:14:27.977Z]  > git rev-parse refs/remotes/origin/master^{commit} # timeout=10
[2020-04-13T10:14:28.004Z]  > git rev-parse refs/remotes/origin/origin/master^{commit} # timeout=10
[2020-04-13T10:14:28.058Z] Checking out Revision a29c7ecd9516bcd0a0768fa6befad1bb5dc2dc76 (refs/remotes/origin/master)
[2020-04-13T10:14:28.058Z]  > git config core.sparsecheckout # timeout=10
[2020-04-13T10:14:28.069Z]  > git checkout -f a29c7ecd9516bcd0a0768fa6befad1bb5dc2dc76 # timeout=10
[2020-04-13T10:14:28.085Z]  > git branch -a -v --no-abbrev # timeout=10
[2020-04-13T10:14:28.103Z]  > git checkout -b master a29c7ecd9516bcd0a0768fa6befad1bb5dc2dc76 # timeout=10
[2020-04-13T10:14:28.149Z] Commit message: "Fixing Groovy Script"
[2020-04-13T10:14:28.149Z]  > git rev-list --no-walk a29c7ecd9516bcd0a0768fa6befad1bb5dc2dc76 # timeout=10
[2020-04-13T10:14:28.620Z] [8mha:////4HnFljV0yerv8dd46SPPMtkUUnQ8mtS5vm2MNT6UAY8pAAAAox+LCAAAAAAAAP9tjTESgjAQRT84FraWHiJoZeFY2WZoPEGEGAOZXUwWofJEXs07yMiMlb/67zXv9cYyRRw5OtVYaj2lyqsu9G56auDYXgMPquGLqpgSB6tKO5Rc29OMJYvFvCzHQmNlqQqcPDnBWjfmYYpgyBVniZM7aOS+vuOJTE9lMVG+MEZsbn2dmH6dvwGMXSfId1tBtv8AP3pMS70AAAA=[0m[Pipeline] }
[2020-04-13T10:14:28.910Z] [8mha:////4FCXIrRFWCpIiF/Ny3J6lQqdhVR07/FG0aZ359ckDGwsAAAAox+LCAAAAAAAAP9tjTESgjAQRT84FraWHiIMjY1jZZuh8QQRYgxkdjFZhMoTeTXvICMzVv7qv9e81xvrFHHk6FRrqfOUaq/6MLj5qZFjdw08qpYvqmZKHKyq7FhxY08LViwWy7IcK42NpTpw8uQEW92ahymCIVecJc7uoJH75o4nMj2XxUT5whSxuw1NYvp1/gYw9b0gL0tBtv8AGWMrAb0AAAA=[0m[Pipeline] // stage
[2020-04-13T10:14:29.804Z] [8mha:////4H7px8MgWfIuxEYycqll1pyR8vyvfKmbXe3uEK1XgAu3AAAAph+LCAAAAAAAAP9tjTEOwjAQBM9BKWgpeYQjEB2iorXc8AITG+PEugv2haTiRXyNPxCIRMVWOyut5vmCMic4UPKycdgGzHWQXez91ORAqb1EGmRDZ1kTZopOajdosu44oyZ2MEcUsFCwdFhHygE9w0o15m6qaNBXJ07TtldQBHuDBwg1mdkk/sKYYH3tbSb8ef4KYOwYxI6h2Gw/x/INvUXiHMEAAAA=[0m[Pipeline] stage
[2020-04-13T10:14:30.089Z] [8mha:////4AC+/jOWgjw18JZZB4Vn4kXgrrJgSOASdANvqT4ax1amAAAAph+LCAAAAAAAAP9tjTEOwjAUQ3+LOrAycohUwIiYukZZOEFoQkgb/V9+UtqJE3E17kBLJSY8WLYl673eUESGE7ETjcXWY6y96ELvpiQG4vYaaBANXURNGClYoeygyNhqqYqShUVZDisJa4t1oOjRJdjIRj90GTS68px42o4Scm/u8IRMTuSkOX3LyLC99SYS/jh/ATB2CfLdfrbD/Cw+y7kUycIAAAA=[0m[Pipeline] { (Package)
[2020-04-13T10:14:30.584Z] [8mha:////4FjcDgfBW/Y91/N2qfYhz3E7sFyHKtFJy6XqqwtunynWAAAApx+LCAAAAAAAAP9tjTEOwjAUQ3+LOrAycohUCDbE1DXKwglCE0La6P/yk9JOnIircQdaKjHhwbItWe/1hiIynIidaCy2HmPtRRd6NyUxELfXQINo6CJqwkjBCmUHRcZWS1WULCzKclhJWFusA0WPLsFGNvqhy6DRlefE03aUkHtzhydkciInzelbRobtrTeR8Mf5C4CxS5Dv9rMd5mfxAbNWnxXCAAAA[0m[Pipeline] withMaven
[2020-04-13T10:14:30.613Z] [withMaven] Options: []
[2020-04-13T10:14:30.613Z] [withMaven] Available options: 
[2020-04-13T10:14:30.613Z] [withMaven] using JDK installation provided by the build agent
[2020-04-13T10:14:30.617Z] [withMaven] using Maven installation 'MyMaven'
[2020-04-13T10:14:31.273Z] [8mha:////4CWO7pcwHvL/fy2iuItgRsXTT+QdVARTrL/RiLmK4LslAAAApx+LCAAAAAAAAP9tjTEOwjAUQ3+LOrAycohUSDAhpq5RFk4QmhDSRv+Xn5R24kRcjTvQUokJD5ZtyXqvNxSR4UTsRGOx9RhrL7rQuymJgbi9BhpEQxdRE0YKVig7KDK2WqqiZGFRlsNKwtpiHSh6dAk2stEPXQaNrjwnnrajhNybOzwhkxM5aU7fMjJsb72JhD/OXwCMXYJ8t5/tMD+LD5WQ+PfCAAAA[0m[Pipeline] {
[2020-04-13T10:14:31.772Z] [8mha:////4A+nostiqBG9ubXXWC4dNmj8z1KBpqHdXpYqBDAhexuRAAAApB+LCAAAAAAAAP9tjTEOwjAQBC9BFLSUPOIiCmgQVVrLDS8wsTFOrDtjOyQVL+Jr/IFAJCq2WO1sM88XLFOEI0eLraHOUWocBt/baeHAsbt4HrDlMzZMib1BaQbJ2tQzSs4G5hQlLASsDDWekyObYS1adVeVV2SrU47TdxBQOn2DBxRiMmcV8xfGCJtrrxPTz/NXAGPIUG53n9qHN7LjSKW+AAAA[0m[Pipeline] sh
[2020-04-13T10:14:32.638Z] + mvn package
[2020-04-13T10:14:32.638Z] ----- withMaven Wrapper script -----
[2020-04-13T10:14:32.638Z] Picked up JAVA_TOOL_OPTIONS: -Dmaven.ext.class.path="/var/lib/jenkins/workspace/0.ApplicationGroovyPipeLine@tmp/withMaven9062b863/pipeline-maven-spy.jar" -Dorg.jenkinsci.plugins.pipeline.maven.reportsFolder="/var/lib/jenkins/workspace/0.ApplicationGroovyPipeLine@tmp/withMaven9062b863" 
[2020-04-13T10:14:32.889Z] Apache Maven 3.6.3 (cecedd343002696d0abb50b32b541b8a6ba2883f)
[2020-04-13T10:14:32.889Z] Maven home: /var/lib/jenkins/tools/hudson.tasks.Maven_MavenInstallation/MyMaven
[2020-04-13T10:14:32.889Z] Java version: 1.8.0_242, vendor: Private Build, runtime: /usr/lib/jvm/java-8-openjdk-amd64/jre
[2020-04-13T10:14:32.889Z] Default locale: en_IN, platform encoding: UTF-8
[2020-04-13T10:14:32.889Z] OS name: "linux", version: "5.3.0-46-generic", arch: "amd64", family: "unix"
[2020-04-13T10:14:35.376Z] [INFO] [jenkins-event-spy] Generate /var/lib/jenkins/workspace/0.ApplicationGroovyPipeLine@tmp/withMaven9062b863/maven-spy-20200413-154434-8174368741921155414005.log.tmp ...
[2020-04-13T10:14:35.376Z] [INFO] Scanning for projects...
[2020-04-13T10:14:35.376Z] [WARNING] 
[2020-04-13T10:14:35.376Z] [WARNING] Some problems were encountered while building the effective model for com.edurekademo.tutorial:addressbook:war:2.0
[2020-04-13T10:14:35.376Z] [WARNING] Reporting configuration should be done in <reporting> section, not in maven-site-plugin <configuration> as reportPlugins parameter. @ line 298, column 40
[2020-04-13T10:14:35.376Z] [WARNING] 
[2020-04-13T10:14:35.376Z] [WARNING] It is highly recommended to fix these problems because they threaten the stability of your build.
[2020-04-13T10:14:35.376Z] [WARNING] 
[2020-04-13T10:14:35.376Z] [WARNING] For this reason, future Maven versions might no longer support building such malformed projects.
[2020-04-13T10:14:35.376Z] [WARNING] 
[2020-04-13T10:14:35.628Z] [INFO] 
[2020-04-13T10:14:35.628Z] [INFO] ----------------< com.edurekademo.tutorial:addressbook >----------------
[2020-04-13T10:14:35.628Z] [INFO] Building Vaadin Addressbook example 2.0
[2020-04-13T10:14:35.628Z] [INFO] --------------------------------[ war ]---------------------------------
[2020-04-13T10:14:36.180Z] [INFO] 
[2020-04-13T10:14:36.180Z] [INFO] --- maven-enforcer-plugin:1.0:enforce (enforce-versions) @ addressbook ---
[2020-04-13T10:14:36.731Z] [INFO] 
[2020-04-13T10:14:36.731Z] [INFO] --- maven-resources-plugin:2.6:resources (default-resources) @ addressbook ---
[2020-04-13T10:14:36.986Z] [INFO] Using 'UTF-8' encoding to copy filtered resources.
[2020-04-13T10:14:36.986Z] [INFO] skip non existing resourceDirectory /var/lib/jenkins/workspace/0.ApplicationGroovyPipeLine/src/main/resources
[2020-04-13T10:14:36.986Z] [INFO] 
[2020-04-13T10:14:36.986Z] [INFO] --- maven-compiler-plugin:3.2:compile (default-compile) @ addressbook ---
[2020-04-13T10:14:37.539Z] [INFO] Changes detected - recompiling the module!
[2020-04-13T10:14:37.539Z] [INFO] Compiling 13 source files to /var/lib/jenkins/workspace/0.ApplicationGroovyPipeLine/target/classes
[2020-04-13T10:14:40.770Z] [INFO] /var/lib/jenkins/workspace/0.ApplicationGroovyPipeLine/src/main/java/com/edurekademo/tutorial/addressbook/AddressbookUI.java: Some input files use or override a deprecated API.
[2020-04-13T10:14:40.770Z] [INFO] /var/lib/jenkins/workspace/0.ApplicationGroovyPipeLine/src/main/java/com/edurekademo/tutorial/addressbook/AddressbookUI.java: Recompile with -Xlint:deprecation for details.
[2020-04-13T10:14:40.770Z] [INFO] /var/lib/jenkins/workspace/0.ApplicationGroovyPipeLine/src/main/java/com/edurekademo/tutorial/addressbook/backend/ContactService.java: /var/lib/jenkins/workspace/0.ApplicationGroovyPipeLine/src/main/java/com/edurekademo/tutorial/addressbook/backend/ContactService.java uses unchecked or unsafe operations.
[2020-04-13T10:14:40.770Z] [INFO] /var/lib/jenkins/workspace/0.ApplicationGroovyPipeLine/src/main/java/com/edurekademo/tutorial/addressbook/backend/ContactService.java: Recompile with -Xlint:unchecked for details.
[2020-04-13T10:14:40.770Z] [INFO] 
[2020-04-13T10:14:40.770Z] [INFO] --- maven-resources-plugin:2.6:testResources (default-testResources) @ addressbook ---
[2020-04-13T10:14:40.770Z] [INFO] Using 'UTF-8' encoding to copy filtered resources.
[2020-04-13T10:14:40.770Z] [INFO] Copying 1 resource
[2020-04-13T10:14:40.770Z] [INFO] 
[2020-04-13T10:14:40.770Z] [INFO] --- maven-compiler-plugin:3.2:testCompile (default-testCompile) @ addressbook ---
[2020-04-13T10:14:40.770Z] [INFO] Changes detected - recompiling the module!
[2020-04-13T10:14:40.770Z] [INFO] Compiling 5 source files to /var/lib/jenkins/workspace/0.ApplicationGroovyPipeLine/target/test-classes
[2020-04-13T10:14:41.021Z] [INFO] 
[2020-04-13T10:14:41.021Z] [INFO] --- maven-surefire-plugin:2.19.1:test (default-test) @ addressbook ---
[2020-04-13T10:14:41.933Z] 
[2020-04-13T10:14:41.933Z] -------------------------------------------------------
[2020-04-13T10:14:41.933Z]  T E S T S
[2020-04-13T10:14:41.933Z] -------------------------------------------------------
[2020-04-13T10:14:42.184Z] Picked up JAVA_TOOL_OPTIONS: -Dmaven.ext.class.path="/var/lib/jenkins/workspace/0.ApplicationGroovyPipeLine@tmp/withMaven9062b863/pipeline-maven-spy.jar" -Dorg.jenkinsci.plugins.pipeline.maven.reportsFolder="/var/lib/jenkins/workspace/0.ApplicationGroovyPipeLine@tmp/withMaven9062b863" 
[2020-04-13T10:14:46.331Z] Running com.edurekademo.utilities.TestHexAsciiConversion
[2020-04-13T10:14:46.331Z] 74657374696e6720617363696920636f6e76657274696f6e20696e746f2068657861646563696d616c
[2020-04-13T10:14:46.331Z] testing ascii convertion into hexadecimal
[2020-04-13T10:14:46.331Z] Tests run: 4, Failures: 0, Errors: 0, Skipped: 0, Time elapsed: 0.032 sec - in com.edurekademo.utilities.TestHexAsciiConversion
[2020-04-13T10:14:46.331Z] Running com.edurekademo.utilities.TestLogger
[2020-04-13T10:14:46.331Z] SLF4J: Class path contains multiple SLF4J bindings.
[2020-04-13T10:14:46.331Z] SLF4J: Found binding in [jar:file:/var/lib/jenkins/.m2/repository/org/slf4j/slf4j-simple/1.7.7/slf4j-simple-1.7.7.jar!/org/slf4j/impl/StaticLoggerBinder.class]
[2020-04-13T10:14:46.331Z] SLF4J: Found binding in [jar:file:/var/lib/jenkins/.m2/repository/org/slf4j/slf4j-log4j12/1.7.7/slf4j-log4j12-1.7.7.jar!/org/slf4j/impl/StaticLoggerBinder.class]
[2020-04-13T10:14:46.331Z] SLF4J: See http://www.slf4j.org/codes.html#multiple_bindings for an explanation.
[2020-04-13T10:14:46.331Z] SLF4J: Actual binding is of type [org.slf4j.impl.SimpleLoggerFactory]
[2020-04-13T10:14:46.331Z] [pool-1-thread-5] INFO com.edurekademo.utilities.TestLogger - java.lang.ArithmeticException: / by zero
[2020-04-13T10:14:46.331Z] Cause:at com.edurekademo.utilities.ExceptionThrower.getCounter(ExceptionThrower.java:13)
[2020-04-13T10:14:46.331Z] Cause:at com.edurekademo.utilities.TestLogger.testGetErrorMessage3(TestLogger.java:45)
[2020-04-13T10:14:46.331Z] [pool-1-thread-6] INFO com.edurekademo.utilities.TestLogger - java.io.IOException: TESTIOEXCEPTION
[2020-04-13T10:14:46.331Z] Cause:at com.edurekademo.utilities.ExceptionThrower.doNothing(ExceptionThrower.java:18)
[2020-04-13T10:14:46.331Z] Cause:at com.edurekademo.utilities.TestLogger.testGetErrorMessage4(TestLogger.java:60)
[2020-04-13T10:14:46.331Z] [pool-1-thread-7] ERROR com.edurekademo.utilities.ExceptionThrower - java.lang.Exception: DEAR
[2020-04-13T10:14:46.331Z] Cause:at com.edurekademo.utilities.ExceptionThrower.doYYY(ExceptionThrower.java:35)
[2020-04-13T10:14:46.331Z] Cause:at com.edurekademo.utilities.ExceptionThrower.doXXX(ExceptionThrower.java:23)
[2020-04-13T10:14:46.331Z] [pool-1-thread-7] INFO com.edurekademo.utilities.TestLogger - java.lang.Exception: TEST MESSAGE
[2020-04-13T10:14:46.331Z] Cause:at com.edurekademo.utilities.ExceptionThrower.doCheck(ExceptionThrower.java:43)
[2020-04-13T10:14:46.331Z] Cause:at com.edurekademo.utilities.TestLogger.testGetErrorMessage5(TestLogger.java:75)
[2020-04-13T10:14:46.331Z] ***** java.lang.Exception: TEST MESSAGE
[2020-04-13T10:14:46.331Z] Cause:at com.edurekademo.utilities.ExceptionThrower.doCheck(ExceptionThrower.java:43)
[2020-04-13T10:14:46.331Z] Cause:at com.edurekademo.utilities.TestLogger.testGetErrorMessage5(TestLogger.java:75)
[2020-04-13T10:14:46.331Z] [pool-1-thread-8] INFO com.edurekademo.utilities.TestLogger - java.lang.ArithmeticException: / by zero
[2020-04-13T10:14:46.331Z] Cause:at com.edurekademo.utilities.TestLogger.testGetErrorMessage1(TestLogger.java:14)
[2020-04-13T10:14:46.331Z] Cause:at sun.reflect.NativeMethodAccessorImpl.invoke0(Native Method)
[2020-04-13T10:14:46.331Z] [pool-1-thread-9] INFO com.edurekademo.utilities.TestLogger - java.lang.ArithmeticException: / by zero
[2020-04-13T10:14:46.331Z] Cause:at com.edurekademo.utilities.TestLogger.testGetErrorMessage2(TestLogger.java:30)
[2020-04-13T10:14:46.331Z] Cause:at sun.reflect.NativeMethodAccessorImpl.invoke0(Native Method)
[2020-04-13T10:14:46.331Z] Tests run: 5, Failures: 0, Errors: 0, Skipped: 0, Time elapsed: 0.06 sec - in com.edurekademo.utilities.TestLogger
[2020-04-13T10:14:46.331Z] Running com.edurekademo.utilities.TestGenericComparator
[2020-04-13T10:14:46.331Z] Tests run: 14, Failures: 0, Errors: 0, Skipped: 0, Time elapsed: 0.059 sec - in com.edurekademo.utilities.TestGenericComparator
[2020-04-13T10:14:46.586Z] 
[2020-04-13T10:14:46.586Z] Results :
[2020-04-13T10:14:46.586Z] 
[2020-04-13T10:14:46.586Z] Tests run: 23, Failures: 0, Errors: 0, Skipped: 0
[2020-04-13T10:14:46.586Z] 
[2020-04-13T10:14:46.586Z] [INFO] 
[2020-04-13T10:14:46.586Z] [INFO] --- maven-war-plugin:2.2:war (default-war) @ addressbook ---
[2020-04-13T10:14:49.818Z] [INFO] Packaging webapp
[2020-04-13T10:14:49.818Z] [INFO] Assembling webapp [addressbook] in [/var/lib/jenkins/workspace/0.ApplicationGroovyPipeLine/target/addressbook]
[2020-04-13T10:14:49.818Z] [INFO] Processing war project
[2020-04-13T10:14:56.310Z] [INFO] Webapp assembled in [6168 msecs]
[2020-04-13T10:14:56.310Z] [INFO] Building war: /var/lib/jenkins/workspace/0.ApplicationGroovyPipeLine/target/addressbook.war
[2020-04-13T10:14:57.225Z] [INFO] ------------------------------------------------------------------------
[2020-04-13T10:14:57.225Z] [INFO] BUILD SUCCESS
[2020-04-13T10:14:57.225Z] [INFO] ------------------------------------------------------------------------
[2020-04-13T10:14:57.225Z] [INFO] Total time:  21.875 s
[2020-04-13T10:14:57.225Z] [INFO] Finished at: 2020-04-13T15:44:57+05:30
[2020-04-13T10:14:57.225Z] [INFO] ------------------------------------------------------------------------
[2020-04-13T10:14:57.225Z] [INFO] [jenkins-event-spy] Generated /var/lib/jenkins/workspace/0.ApplicationGroovyPipeLine@tmp/withMaven9062b863/maven-spy-20200413-154434-8174368741921155414005.log
[2020-04-13T10:14:59.302Z] [8mha:////4Fg6ITAXgCroINBCxxt6ZryoC3XO9aHy95XXwxgdX5kNAAAApR+LCAAAAAAAAP9tjTEOwjAQBC9BFLSUPOIiCkSBqNJabniBiY1xYt0Z2yGpeBFf4w8EIlGxxWpnm3m+YJkiHDlabA11jlLjMPjeTgsHjt3F84Atn7FhSuwNSjNI1qaeUXI2MKcoYSFgZajxnBzZDGvRqruqvCJbnXKcvoOA0ukbPKAQkzmrmL8wRthce52Yfp6/AhhDyFBu95/avQGOY4V7vgAAAA==[0m[Pipeline] }
[2020-04-13T10:14:59.518Z] [withMaven] artifactsPublisher - Archive artifact pom.xml under com/edurekademo/tutorial/addressbook/2.0/addressbook-2.0.pom
[2020-04-13T10:14:59.518Z] [withMaven] artifactsPublisher - Archive artifact target/addressbook.war under com/edurekademo/tutorial/addressbook/2.0/addressbook-2.0.war
[2020-04-13T10:14:59.795Z] [withMaven] junitPublisher - Archive test results for Maven artifact com.edurekademo.tutorial:addressbook:war:2.0 generated by maven-surefire-plugin:test (default-test): target/surefire-reports/*.xml
[2020-04-13T10:14:59.795Z] Recording test results
[2020-04-13T10:14:59.816Z] [withMaven] openTasksPublisher - Scan Tasks for Maven artifact com.edurekademo.tutorial:addressbook:war:2.0 in source directory src/main/java
[2020-04-13T10:14:59.837Z] [TASKS] Scanning folder '/var/lib/jenkins/workspace/0.ApplicationGroovyPipeLine' for files matching the pattern 'src/main/java/**/*' - excludes: null
[2020-04-13T10:14:59.837Z] [TASKS] Found 13 files to scan for tasks
[2020-04-13T10:14:59.837Z] [TASKS] Found 0 open tasks.
[2020-04-13T10:14:59.837Z] Skipping warnings blame since pipelines do not have an SCM link.%n
[2020-04-13T10:14:59.911Z] [TASKS] Computing warning deltas based on reference build #13
[2020-04-13T10:14:59.911Z] [withMaven] Publishers: Pipeline Graph Publisher: 2 ms, Generated Artifacts Publisher: 343 ms, Junit Publisher: 20 ms, Open Task Scanner Publisher: 94 ms
[2020-04-13T10:14:59.918Z] [8mha:////4KjugxSXNe3tq7ryiWnlnDKDR759pkqi4i41anFfLlsDAAAApR+LCAAAAAAAAP9tjTEOwjAQBC9BFLSUPOIiJAokRJXWcsMLTGyME+vO2A5JxYv4Gn8gEImKLVY728zzBcsU4cjRYmuoc5Qah8H3dlo4cOwungds+YwNU2JvUJpBsjb1jJKzgTlFCQsBK0ON5+TIZliLVt1V5RXZ6pTj9B0ElE7f4AGFmMxZxfyFMcLm2uvE9PP8FcAYQoZyu//U7g3N4dT9vgAAAA==[0m[Pipeline] // withMaven
[2020-04-13T10:14:59.937Z] [8mha:////4NLE/aVaLpHVxq/qMIoUEHpgBpeXpghQOEkgS+akpKSGAAAApB+LCAAAAAAAAP9tjTEOwjAQBC9BFLSUPOIiRIUQVVrLDS8wsTFOrDtjOyQVL+Jr/IFAJCq2WO1sM88XLFOEI0eLraHOUWocBt/baeHAsbt4HrDlMzZMib1BaQbJ2tQzSs4G5hQlLASsDDWekyObYS1adVeVV2SrU47TdxBQOn2DBxRiMmcV8xfGCJtrrxPTz/NXAGMIGcrt/lO7N8un7Ki+AAAA[0m[Pipeline] }
[2020-04-13T10:14:59.951Z] [8mha:////4P5nx8JGY+phMH2j0L/k9xQbkjDgAwoDltuty/Jy2TjfAAAApB+LCAAAAAAAAP9tjTEOwjAQBC9BFLSUPOICaRFVWisNLzCxMU6sO2M7JBUv4mv8AYtIVGyx2tlmXm9YxwAnDgZ7TYOl2Fn0bjR54cRhuDqesOcLdkyRncZWTy0r3SzYctKwpChhJWCjqXMcLZkEW9HLh6ycJFOdU8jfUUBp1R2eUIhsTjKkL8wBdrdRRaaf568AZu8TlPU+16H+AAjcDMm+AAAA[0m[Pipeline] // stage
[2020-04-13T10:14:59.991Z] [8mha:////4FK0cZFWL0Bl3TwtxZ2CwwxxjBZksyBC32cYEE2e4nUFAAAAph+LCAAAAAAAAP9tjTEOwjAQBM9BKWgpeYQjEB2iorXc8AITG+PEugv2haTiRXyNPxCIRMVWOyut5vmCMic4UPKycdgGzHWQXez91ORAqb1EGmRDZ1kTZopOajdosu44oyZ2MEcUsFCwdFhHygE9w0o15m6qaNBXJ07TtldQBHuDBwg1mdkk/sKYYH3tbSb8ef4KYOwYxI6h2G4+x/INji2eq8EAAAA=[0m[Pipeline] stage
[2020-04-13T10:15:00.001Z] [8mha:////4KSjDTaFdShqh4sBQODcsucJo3J4mdxb2Ct8SbG7QdkJAAAAph+LCAAAAAAAAP9tjTEOwjAUQ3+DOrAycohUdEVMrFEXThCaEJJG/7dJSjpxIq7GHWipxIQHy7ZkvdcbyhjgRMFwp7GzGFvLez+aOfFMobt5ytzRlbeEkbzmjc4NKX1ea0NJw6qCwUbAVmPrKVo0CXbCyYesvERTXVKYt6MAZtUATyjETE4ypG+ZAuzvo4qEP85fAEx9AlYfFquXZ/kBAsTc3cIAAAA=[0m[Pipeline] { (Docker Image Build)
[2020-04-13T10:15:00.051Z] [8mha:////4L3QRCMtAJf2/6Lb7wsLO7bfwPD16nl9PAm4AbsHqncqAAAAox+LCAAAAAAAAP9tjTESwiAURH/iWNhaeggyE0vHypah8QSYIEKY/wkQSeWJvJp3EM2MlVvs7NvmPV+wjgGOFDSzCgeDsTPMu0mXxTKF4eooM0sX1hFGcooJlQX16rSgoKRgSVXDisNGYecoGtQJttzKu2ycRN2cUyjfgUNt+hEeUPFiTjKkL8wBdrepj4Q/z18BzD5B3baf2vs3w5BRkb4AAAA=[0m[Pipeline] writeFile
[2020-04-13T10:15:00.069Z] [8mha:////4I0IesNUQQMeLF3Q1VfkGrwYMdMbcjhAwZPixDcfmMkMAAAApB+LCAAAAAAAAP9tjbEOwiAURV9rHFwd/QiaNG7GyZWw+AXYIkLJexSodPKL/DX/QbSJk3e4uecu5/mCdQxwpKCZVTgYjJ1h3k26LJYpDFdHmVm6sI4wklNMqCyoV6cFBSUFS6oaVhw2CjtH0aBOsOVW3mXjJOrmnEL5Dhxq04/wgIoXc5IhfWEOsLtNfST8ef4KYPYJ6rb91N6/AQQGEN6+AAAA[0m[Pipeline] sh
[2020-04-13T10:15:00.396Z] + cp /var/lib/jenkins/workspace/0.ApplicationGroovyPipeLine/target/addressbook.war .
[2020-04-13T10:15:00.396Z] + sudo docker build . -t rrahul4/addressbook:14
[2020-04-13T10:15:56.520Z] Sending build context to Docker daemon  51.56MB
[2020-04-13T10:15:56.520Z] Step 1/4 : FROM tomcat
[2020-04-13T10:15:56.520Z]  ---> e36064f7c6f0
[2020-04-13T10:15:56.520Z] Step 2/4 : Maintainer Rahulkumar Rakhonde
[2020-04-13T10:15:56.520Z]  ---> Using cache
[2020-04-13T10:15:56.520Z]  ---> 144381ceb1bd
[2020-04-13T10:15:56.520Z] Step 3/4 : ADD addressbook.war  /usr/local/tomcat/webapps/
[2020-04-13T10:16:23.041Z]  ---> 8f0ab5e269a6
[2020-04-13T10:16:23.041Z] Step 4/4 : CMD "catalina.sh" "run"
[2020-04-13T10:16:26.273Z]  ---> Running in fcb8484ba6b1
[2020-04-13T10:16:32.758Z] Removing intermediate container fcb8484ba6b1
[2020-04-13T10:16:32.758Z]  ---> 9211d67147e7
[2020-04-13T10:16:33.310Z] Successfully built 9211d67147e7
[2020-04-13T10:16:34.223Z] Successfully tagged rrahul4/addressbook:14
[2020-04-13T10:16:34.774Z] + sudo docker push rrahul4/addressbook:14
[2020-04-13T10:16:41.281Z] The push refers to repository [docker.io/rrahul4/addressbook]
[2020-04-13T10:16:51.191Z] a07c852533e9: Preparing
[2020-04-13T10:16:51.191Z] 7361d0bafa8b: Preparing
[2020-04-13T10:16:51.191Z] 07845babec19: Preparing
[2020-04-13T10:16:51.191Z] 81349fc07565: Preparing
[2020-04-13T10:16:51.191Z] 892007193bb6: Preparing
[2020-04-13T10:16:51.191Z] e811ee12aa10: Preparing
[2020-04-13T10:16:51.191Z] 23f8d486123a: Preparing
[2020-04-13T10:16:51.191Z] e811ee12aa10: Waiting
[2020-04-13T10:16:51.191Z] 23f8d486123a: Waiting
[2020-04-13T10:16:51.191Z] afae6f50abb9: Preparing
[2020-04-13T10:16:51.191Z] 136a15f81f25: Preparing
[2020-04-13T10:16:51.191Z] 185574602537: Preparing
[2020-04-13T10:16:51.191Z] 24efcd549ab5: Preparing
[2020-04-13T10:16:51.191Z] 185574602537: Waiting
[2020-04-13T10:16:51.191Z] 24efcd549ab5: Waiting
[2020-04-13T10:16:51.191Z] afae6f50abb9: Waiting
[2020-04-13T10:16:51.191Z] 136a15f81f25: Waiting
[2020-04-13T10:17:03.334Z] 07845babec19: Layer already exists
[2020-04-13T10:17:03.334Z] 7361d0bafa8b: Layer already exists
[2020-04-13T10:17:03.334Z] 892007193bb6: Layer already exists
[2020-04-13T10:17:03.334Z] 81349fc07565: Layer already exists
[2020-04-13T10:17:03.593Z] 136a15f81f25: Layer already exists
[2020-04-13T10:17:03.844Z] afae6f50abb9: Layer already exists
[2020-04-13T10:17:03.844Z] e811ee12aa10: Layer already exists
[2020-04-13T10:17:04.095Z] 23f8d486123a: Layer already exists
[2020-04-13T10:17:09.334Z] 185574602537: Layer already exists
[2020-04-13T10:17:09.334Z] 24efcd549ab5: Layer already exists
[2020-04-13T10:18:45.638Z] a07c852533e9: Pushed
[2020-04-13T10:18:45.638Z] 14: digest: sha256:6a851a2dd82eed54d8a85ac2dcce36f103f5b08499846317cf2ffae10219e54b size: 2633
[2020-04-13T10:18:45.885Z] [8mha:////4Euy1Jhru80KW49vLCV6HW0sR0Fn2pG3gEoou9iHWurDAAAApB+LCAAAAAAAAP9tjbEOwiAURV9rHFwd/QiaNHEyTq6ExS/AFhFK3qNApZNf5K/5D6JNnLzDzT13Oc8XrGOAIwXNrMLBYOwM827SZbFMYbg6yszShXWEkZxiQmVBvTotKCgpWFLVsOKwUdg5igZ1gi238i4bJ1E35xTKd+BQm36EB1S8mJMM6QtzgN1t6iPhz/NXALP3Cep2/6n2DXge7LK+AAAA[0m[Pipeline] }
[2020-04-13T10:18:46.440Z] [8mha:////4PCDOKWcKZAVR8SZNmHA+gQHMIqmBenS41wIPgGGi6JVAAAApB+LCAAAAAAAAP9tjTEOwjAQBC9BFLSUPOIiKGgQVVrLDS8wsTFOrDtjOyQVL+Jr/IFAJCq2WO1sM88XLFOEI0eLraHOUWocBt/baeHAsbt4HrDlMzZMib1BaQbJ2tQzSs4G5hQlLASsDDWekyObYS1adVeVV2SrU47TdxBQOn2DBxRiMmcV8xfGCJtrrxPTz/NXAGMIGcrd/lPbN2w9ca2+AAAA[0m[Pipeline] // stage
[2020-04-13T10:18:46.461Z] [8mha:////4Id/0JTdP8kx3RsICMdIzq7tLH/3e967aYPzaRN8af8bAAAApB+LCAAAAAAAAP9tjTEOwjAQBDdBFLSUPMKREBIFoqK10vACkxjjxLoL9oWk4kV8jT8QEYmKrXammdcbyxRx5OhUY6n1lCqvutC76amBY3sNPKiGL6piShysKu1Qcm1PM5YsFvOyHAuNlaUqcPLkBGvdmIcpgiFXnCVO7qCR+/qOJzI9lcVE+cIYsbn1dWL6df4GMHadIN/uBdnuAzuF8ea9AAAA[0m[Pipeline] }
[2020-04-13T10:18:46.486Z] [8mha:////4IbGArtVytjERiJACoSG0M5xR/m1TJkHTnbdQ60PkL0+AAAApB+LCAAAAAAAAP9tjTEOwjAQBDdBFLSUPMKRoEFCVLRWGl5gEmOcWHfBvpBUvIiv8QciIlGx1c4083pjmSKOHJ1qLLWeUuVVF3o3PTVwbK+BB9XwRVVMiYNVpR1Kru1pxpLFYl6WY6GxslQFTp6cYK0b8zBFMOSKs8TJHTRyX9/xRKanspgoXxgjNre+Tky/zt8Axq4T5Nu9INt9AEmHxfq9AAAA[0m[Pipeline] // node
[2020-04-13T10:18:46.496Z] [8mha:////4O1QjuX7/1o+h5+mCtXt9mtXLTmOWl9HbDQmRLUKgKu5AAAAox+LCAAAAAAAAP9tjbEOgjAURS8YB1dHP6IkbMY4uTYsfkGFWgvNe9g+hMkv8tf8B4kkTt7pnrOc1xvrFHHk6FRrqfOUaq/6MLj5qZFjdw08qpYvqmZKHKyq7FhxY08LViwWy7IcK42NpTpw8uQEW92ahymCIVecJc7uoJH75o4nMj2XxUT5whSxuw1NYvp1/gYw9b0gL/eCrPwAb56isL0AAAA=[0m[Pipeline] End of Pipeline
[2020-04-13T10:18:46.650Z] Finished: SUCCESS
