[2020-04-13T10:05:41.397Z] Started by user [8mha:////4IMMv8T2XIKwgqbrGOhOzF4+E7SeVBm4zoNrNbmggpHXAAAAlx+LCAAAAAAAAP9b85aBtbiIQTGjNKU4P08vOT+vOD8nVc83PyU1x6OyILUoJzMv2y+/JJUBAhiZGBgqihhk0NSjKDWzXb3RdlLBUSYGJk8GtpzUvPSSDB8G5tKinBIGIZ+sxLJE/ZzEvHT94JKizLx0a6BxUmjGOUNodHsLgAzWEgZu/dLi1CL9xJTczDwAj6GcLcAAAAA=[0madmin
[2020-04-13T10:05:41.397Z] Running in Durability level: MAX_SURVIVABILITY
[2020-04-13T10:05:42.709Z] [8mha:////4HkCTMbguUsNbCviI6jbUHTimscQdH79/E8CCyAshF9uAAAAoh+LCAAAAAAAAP9tjTEOwjAQBM8BClpKHuFItIiK1krDC0x8GCfWnbEdkooX8TX+gCESFVvtrLSa5wtWKcKBo5UdUu8otU4GP9jS5Mixv3geZcdn2TIl9igbHBs2eJyx4YwwR1SwULBGaj0nRzbDRnX6rmuvydanHMu2V1A5c4MHCFXMWcf8hSnC9jqYxPTz/BXAFEIGsfuclm8zQVqFvQAAAA==[0m[Pipeline] Start of Pipeline
[2020-04-13T10:05:43.461Z] [8mha:////4FYj6x4qxNGl+3P432fNY2HeiK28Y3Uw/2z4UscDx0dfAAAApR+LCAAAAAAAAP9tjTEOwjAUQ3+KOrAycohUghExsUZZOEFIQkgb/d8mKe3EibgadyBQiQlLlmxL1nu+oE4RjhQdby12HpP2vA+jK4lPFLtroIm3dOGaMFGwXNpJkrGnpUrKFhaxClYC1hZ1oOTRZdiIVt1VExS65pxj2Q4CKm8GeAAThZxVzN8yR9jeRpMIf5y/AJj7DGxXvP/86jduZBmjwAAAAA==[0m[Pipeline] node
[2020-04-13T10:05:43.786Z] Running on [8mha:////4Nbi4X6v9wHiBbajrPyD5IFr5y5ik4Po7OXFngleXFUKAAAAnh+LCAAAAAAAAP9b85aBtbiIQTGjNKU4P08vOT+vOD8nVc83PyU1x6OyILUoJzMv2y+/JJUBAhiZGBgqihhk0NSjKDWzXb3RdlLBUSYGJk8GtpzUvPSSDB8G5tKinBIGIZ+sxLJE/ZzEvHT94JKizLx0a6BxUmjGOUNodHsLgAz2EgZh/eT83ILSktQifY3cxGIgrakPAHib2iPIAAAA[0mJenkins in /var/lib/jenkins/workspace/0.ApplicationGroovyPipeLine
[2020-04-13T10:05:44.167Z] [8mha:////4Cw25TOrn2s1G6TaNvbzasdH9l7ksnngnCzuLjNik6qiAAAApR+LCAAAAAAAAP9tjTEOwjAUQ3+KOrAycoh0gA0xsUZZOEFIQkgb/d8mKe3EibgadyBQiQlLlmxL1nu+oE4RjhQdby12HpP2vA+jK4lPFLtroIm3dOGaMFGwXNpJkrGnpUrKFhaxClYC1hZ1oOTRZdiIVt1VExS65pxj2Q4CKm8GeAAThZxVzN8yR9jeRpMIf5y/AJj7DGxXvP/86jfoP95RwAAAAA==[0m[Pipeline] {
[2020-04-13T10:05:44.575Z] [8mha:////4CJfidGOy+7O32LyggUqwGsd+5YIj+Q4lxu2S1msNPv3AAAAoh+LCAAAAAAAAP9tjTEOAiEURD9rLGwtPQTbaGWsbAmNJ0AWEZb8zwLrbuWJvJp3kLiJlZNMMm+a93rDOic4UbLcG+wdZu14DKOti0+U+lugiXu6ck2YKRguzSSpM+cFJRUDS1gDKwEbgzpQdmgLbIVXD9UGhba9lFS/o4DGdQM8gYlqLiqVL8wJdvexy4Q/z18BzLEA29ce4gdpL1fxvAAAAA==[0m[Pipeline] properties
[2020-04-13T10:05:45.007Z] [8mha:////4NxAQCU3Ee+QaADc/sLgDXlwCJh/aSUXB7Jcr8zMoPpyAAAAph+LCAAAAAAAAP9tjTEOwjAUQ3+KOrAycoh0QSyIiTXKwglCEkLa6P82SWknTsTVuAOBSkxYsmRbst7zBXWKcKToeGux85i0530YXUl8othdA028pQvXhImC5dJOkow9LVVStrCIVbASsLaoAyWPLsNGtOqumqDQNeccy3YQUHkzwAOYKOSsYv6WOcL2NppE+OP8BcDcZ2C74v3nV78BmoXK/sAAAAA=[0m[Pipeline] stage
[2020-04-13T10:05:45.017Z] [8mha:////4P1Ig47cS23iXMbd5J2+hxTohys5e5IGr/GbqwVTgr+zAAAApR+LCAAAAAAAAP9tjTEOwjAUQ3+KOrAycoh0gwExsUZZOEFIQkgb/d8mKe3EibgadyBQiQlLlmxL1nu+oE4RjhQdby12HpP2vA+jK4lPFLtroIm3dOGaMFGwXNpJkrGnpUrKFhaxClYC1hZ1oOTRZdiIVt1VExS65pxj2Q4CKm8GeAAThZxVzN8yR9jeRpMIf5y/AJj7DGxXvP/86jcChmMxwAAAAA==[0m[Pipeline] { (Checkout)
[2020-04-13T10:05:45.333Z] [8mha:////4CYn5rqLlUkm4lGBbpqee6QLGkeLstmkeATx7qlN/06UAAAAoh+LCAAAAAAAAP9tjTEOAiEURD9rLGwtPQRbamKsbAmNJ0AWEZb8zwLrbuWJvJp3kLiJlZNMMm+a93rDOic4UbLcG+wdZu14DKOti0+U+lugiXu6ck2YKRguzSSpM+cFJRUDS1gDKwEbgzpQdmgLbIVXD9UGhba9lFS/o4DGdQM8gYlqLiqVL8wJdvexy4Q/z18BzLEA29ce4geKI23CvAAAAA==[0m[Pipeline] cleanWs
[2020-04-13T10:05:45.341Z] [WS-CLEANUP] Deleting project workspace...
[2020-04-13T10:05:45.341Z] [WS-CLEANUP] Deferred wipeout is used...
[2020-04-13T10:05:46.061Z] [WS-CLEANUP] done
[2020-04-13T10:05:46.512Z] [8mha:////4HMR/5senrtMcln6vTR5YgpVtNStC3FnDKp+Tcq7aQQaAAAAoh+LCAAAAAAAAP9tjTEOAiEURD9rLGwtPQRbGmOsbAmNJ0AWEZb8zwLrbuWJvJp3kLiJlZNMMm+a93rDOic4UbLcG+wdZu14DKOti0+U+lugiXu6ck2YKRguzSSpM+cFJRUDS1gDKwEbgzpQdmgLbIVXD9UGhba9lFS/o4DGdQM8gYlqLiqVL8wJdvexy4Q/z18BzLEA29ce4gfLEnbbvAAAAA==[0m[Pipeline] git
[2020-04-13T10:05:46.638Z] No credentials specified
[2020-04-13T10:05:46.639Z] Cloning the remote Git repository
[2020-04-13T10:05:46.639Z] Cloning repository https://github.com/rrahul4/DevOpsClassCodes
[2020-04-13T10:05:46.639Z]  > git init /var/lib/jenkins/workspace/0.ApplicationGroovyPipeLine # timeout=10
[2020-04-13T10:05:48.429Z] Fetching upstream changes from https://github.com/rrahul4/DevOpsClassCodes
[2020-04-13T10:05:48.429Z]  > git --version # timeout=10
[2020-04-13T10:05:48.435Z]  > git fetch --tags --progress -- https://github.com/rrahul4/DevOpsClassCodes +refs/heads/*:refs/remotes/origin/* # timeout=10
[2020-04-13T10:05:59.054Z]  > git config remote.origin.url https://github.com/rrahul4/DevOpsClassCodes # timeout=10
[2020-04-13T10:05:59.059Z]  > git config --add remote.origin.fetch +refs/heads/*:refs/remotes/origin/* # timeout=10
[2020-04-13T10:05:59.068Z]  > git config remote.origin.url https://github.com/rrahul4/DevOpsClassCodes # timeout=10
[2020-04-13T10:05:59.079Z] Fetching upstream changes from https://github.com/rrahul4/DevOpsClassCodes
[2020-04-13T10:05:59.079Z]  > git fetch --tags --progress -- https://github.com/rrahul4/DevOpsClassCodes +refs/heads/*:refs/remotes/origin/* # timeout=10
[2020-04-13T10:05:59.937Z]  > git rev-parse refs/remotes/origin/master^{commit} # timeout=10
[2020-04-13T10:05:59.975Z]  > git rev-parse refs/remotes/origin/origin/master^{commit} # timeout=10
[2020-04-13T10:05:59.990Z] Checking out Revision a29c7ecd9516bcd0a0768fa6befad1bb5dc2dc76 (refs/remotes/origin/master)
[2020-04-13T10:05:59.990Z]  > git config core.sparsecheckout # timeout=10
[2020-04-13T10:05:59.999Z]  > git checkout -f a29c7ecd9516bcd0a0768fa6befad1bb5dc2dc76 # timeout=10
[2020-04-13T10:06:00.021Z]  > git branch -a -v --no-abbrev # timeout=10
[2020-04-13T10:06:00.040Z]  > git checkout -b master a29c7ecd9516bcd0a0768fa6befad1bb5dc2dc76 # timeout=10
[2020-04-13T10:06:00.079Z] Commit message: "Fixing Groovy Script"
[2020-04-13T10:06:00.079Z]  > git rev-list --no-walk a29c7ecd9516bcd0a0768fa6befad1bb5dc2dc76 # timeout=10
[2020-04-13T10:06:00.298Z] [8mha:////4HnFljV0yerv8dd46SPPMtkUUnQ8mtS5vm2MNT6UAY8pAAAAox+LCAAAAAAAAP9tjTESgjAQRT84FraWHiJoZeFY2WZoPEGEGAOZXUwWofJEXs07yMiMlb/67zXv9cYyRRw5OtVYaj2lyqsu9G56auDYXgMPquGLqpgSB6tKO5Rc29OMJYvFvCzHQmNlqQqcPDnBWjfmYYpgyBVniZM7aOS+vuOJTE9lMVG+MEZsbn2dmH6dvwGMXSfId1tBtv8AP3pMS70AAAA=[0m[Pipeline] }
[2020-04-13T10:06:00.309Z] [8mha:////4FCXIrRFWCpIiF/Ny3J6lQqdhVR07/FG0aZ359ckDGwsAAAAox+LCAAAAAAAAP9tjTESgjAQRT84FraWHiIMjY1jZZuh8QQRYgxkdjFZhMoTeTXvICMzVv7qv9e81xvrFHHk6FRrqfOUaq/6MLj5qZFjdw08qpYvqmZKHKyq7FhxY08LViwWy7IcK42NpTpw8uQEW92ahymCIVecJc7uoJH75o4nMj2XxUT5whSxuw1NYvp1/gYw9b0gL0tBtv8AGWMrAb0AAAA=[0m[Pipeline] // stage
[2020-04-13T10:06:00.684Z] [8mha:////4H7px8MgWfIuxEYycqll1pyR8vyvfKmbXe3uEK1XgAu3AAAAph+LCAAAAAAAAP9tjTEOwjAQBM9BKWgpeYQjEB2iorXc8AITG+PEugv2haTiRXyNPxCIRMVWOyut5vmCMic4UPKycdgGzHWQXez91ORAqb1EGmRDZ1kTZopOajdosu44oyZ2MEcUsFCwdFhHygE9w0o15m6qaNBXJ07TtldQBHuDBwg1mdkk/sKYYH3tbSb8ef4KYOwYxI6h2Gw/x/INvUXiHMEAAAA=[0m[Pipeline] stage
[2020-04-13T10:06:00.751Z] [8mha:////4AC+/jOWgjw18JZZB4Vn4kXgrrJgSOASdANvqT4ax1amAAAAph+LCAAAAAAAAP9tjTEOwjAUQ3+LOrAycohUwIiYukZZOEFoQkgb/V9+UtqJE3E17kBLJSY8WLYl673eUESGE7ETjcXWY6y96ELvpiQG4vYaaBANXURNGClYoeygyNhqqYqShUVZDisJa4t1oOjRJdjIRj90GTS68px42o4Scm/u8IRMTuSkOX3LyLC99SYS/jh/ATB2CfLdfrbD/Cw+y7kUycIAAAA=[0m[Pipeline] { (Compile)
[2020-04-13T10:06:01.647Z] [8mha:////4FjcDgfBW/Y91/N2qfYhz3E7sFyHKtFJy6XqqwtunynWAAAApx+LCAAAAAAAAP9tjTEOwjAUQ3+LOrAycohUCDbE1DXKwglCE0La6P/yk9JOnIircQdaKjHhwbItWe/1hiIynIidaCy2HmPtRRd6NyUxELfXQINo6CJqwkjBCmUHRcZWS1WULCzKclhJWFusA0WPLsFGNvqhy6DRlefE03aUkHtzhydkciInzelbRobtrTeR8Mf5C4CxS5Dv9rMd5mfxAbNWnxXCAAAA[0m[Pipeline] withMaven
[2020-04-13T10:06:01.648Z] [withMaven] Options: []
[2020-04-13T10:06:01.649Z] [withMaven] Available options: 
[2020-04-13T10:06:01.649Z] [withMaven] using JDK installation provided by the build agent
[2020-04-13T10:06:02.108Z] [withMaven] using Maven installation 'MyMaven'
[2020-04-13T10:06:02.825Z] [8mha:////4CWO7pcwHvL/fy2iuItgRsXTT+QdVARTrL/RiLmK4LslAAAApx+LCAAAAAAAAP9tjTEOwjAUQ3+LOrAycohUSDAhpq5RFk4QmhDSRv+Xn5R24kRcjTvQUokJD5ZtyXqvNxSR4UTsRGOx9RhrL7rQuymJgbi9BhpEQxdRE0YKVig7KDK2WqqiZGFRlsNKwtpiHSh6dAk2stEPXQaNrjwnnrajhNybOzwhkxM5aU7fMjJsb72JhD/OXwCMXYJ8t5/tMD+LD5WQ+PfCAAAA[0m[Pipeline] {
[2020-04-13T10:06:03.743Z] [8mha:////4A+nostiqBG9ubXXWC4dNmj8z1KBpqHdXpYqBDAhexuRAAAApB+LCAAAAAAAAP9tjTEOwjAQBC9BFLSUPOIiCmgQVVrLDS8wsTFOrDtjOyQVL+Jr/IFAJCq2WO1sM88XLFOEI0eLraHOUWocBt/baeHAsbt4HrDlMzZMib1BaQbJ2tQzSs4G5hQlLASsDDWekyObYS1adVeVV2SrU47TdxBQOn2DBxRiMmcV8xfGCJtrrxPTz/NXAGPIUG53n9qHN7LjSKW+AAAA[0m[Pipeline] sh
[2020-04-13T10:06:04.177Z] + mvn compile
[2020-04-13T10:06:04.177Z] ----- withMaven Wrapper script -----
[2020-04-13T10:06:06.053Z] Picked up JAVA_TOOL_OPTIONS: -Dmaven.ext.class.path="/var/lib/jenkins/workspace/0.ApplicationGroovyPipeLine@tmp/withMaveneb988e15/pipeline-maven-spy.jar" -Dorg.jenkinsci.plugins.pipeline.maven.reportsFolder="/var/lib/jenkins/workspace/0.ApplicationGroovyPipeLine@tmp/withMaveneb988e15" 
[2020-04-13T10:06:10.191Z] Apache Maven 3.6.3 (cecedd343002696d0abb50b32b541b8a6ba2883f)
[2020-04-13T10:06:10.192Z] Maven home: /var/lib/jenkins/tools/hudson.tasks.Maven_MavenInstallation/MyMaven
[2020-04-13T10:06:10.192Z] Java version: 1.8.0_242, vendor: Private Build, runtime: /usr/lib/jvm/java-8-openjdk-amd64/jre
[2020-04-13T10:06:10.192Z] Default locale: en_IN, platform encoding: UTF-8
[2020-04-13T10:06:10.192Z] OS name: "linux", version: "5.3.0-46-generic", arch: "amd64", family: "unix"
[2020-04-13T10:06:20.087Z] [INFO] [jenkins-event-spy] Generate /var/lib/jenkins/workspace/0.ApplicationGroovyPipeLine@tmp/withMaveneb988e15/maven-spy-20200413-153617-4542297279428773807884.log.tmp ...
[2020-04-13T10:06:20.087Z] [INFO] Scanning for projects...
[2020-04-13T10:06:20.087Z] [WARNING] 
[2020-04-13T10:06:20.087Z] [WARNING] Some problems were encountered while building the effective model for com.edurekademo.tutorial:addressbook:war:2.0
[2020-04-13T10:06:20.087Z] [WARNING] Reporting configuration should be done in <reporting> section, not in maven-site-plugin <configuration> as reportPlugins parameter. @ line 298, column 40
[2020-04-13T10:06:20.087Z] [WARNING] 
[2020-04-13T10:06:20.087Z] [WARNING] It is highly recommended to fix these problems because they threaten the stability of your build.
[2020-04-13T10:06:20.087Z] [WARNING] 
[2020-04-13T10:06:20.087Z] [WARNING] For this reason, future Maven versions might no longer support building such malformed projects.
[2020-04-13T10:06:20.087Z] [WARNING] 
[2020-04-13T10:06:20.087Z] [INFO] 
[2020-04-13T10:06:20.087Z] [INFO] ----------------< com.edurekademo.tutorial:addressbook >----------------
[2020-04-13T10:06:20.087Z] [INFO] Building Vaadin Addressbook example 2.0
[2020-04-13T10:06:20.087Z] [INFO] --------------------------------[ war ]---------------------------------
[2020-04-13T10:06:22.572Z] [INFO] 
[2020-04-13T10:06:22.572Z] [INFO] --- maven-enforcer-plugin:1.0:enforce (enforce-versions) @ addressbook ---
[2020-04-13T10:06:25.806Z] [INFO] 
[2020-04-13T10:06:25.806Z] [INFO] --- maven-resources-plugin:2.6:resources (default-resources) @ addressbook ---
[2020-04-13T10:06:27.671Z] [INFO] Using 'UTF-8' encoding to copy filtered resources.
[2020-04-13T10:06:27.671Z] [INFO] skip non existing resourceDirectory /var/lib/jenkins/workspace/0.ApplicationGroovyPipeLine/src/main/resources
[2020-04-13T10:06:27.671Z] [INFO] 
[2020-04-13T10:06:27.671Z] [INFO] --- maven-compiler-plugin:3.2:compile (default-compile) @ addressbook ---
[2020-04-13T10:06:29.022Z] [INFO] Changes detected - recompiling the module!
[2020-04-13T10:06:29.022Z] [INFO] Compiling 13 source files to /var/lib/jenkins/workspace/0.ApplicationGroovyPipeLine/target/classes
[2020-04-13T10:06:41.153Z] [INFO] /var/lib/jenkins/workspace/0.ApplicationGroovyPipeLine/src/main/java/com/edurekademo/tutorial/addressbook/AddressbookUI.java: Some input files use or override a deprecated API.
[2020-04-13T10:06:41.153Z] [INFO] /var/lib/jenkins/workspace/0.ApplicationGroovyPipeLine/src/main/java/com/edurekademo/tutorial/addressbook/AddressbookUI.java: Recompile with -Xlint:deprecation for details.
[2020-04-13T10:06:41.153Z] [INFO] /var/lib/jenkins/workspace/0.ApplicationGroovyPipeLine/src/main/java/com/edurekademo/tutorial/addressbook/backend/ContactService.java: /var/lib/jenkins/workspace/0.ApplicationGroovyPipeLine/src/main/java/com/edurekademo/tutorial/addressbook/backend/ContactService.java uses unchecked or unsafe operations.
[2020-04-13T10:06:41.153Z] [INFO] /var/lib/jenkins/workspace/0.ApplicationGroovyPipeLine/src/main/java/com/edurekademo/tutorial/addressbook/backend/ContactService.java: Recompile with -Xlint:unchecked for details.
[2020-04-13T10:06:41.153Z] [INFO] ------------------------------------------------------------------------
[2020-04-13T10:06:41.153Z] [INFO] BUILD SUCCESS
[2020-04-13T10:06:41.153Z] [INFO] ------------------------------------------------------------------------
[2020-04-13T10:06:41.153Z] [INFO] Total time:  21.405 s
[2020-04-13T10:06:41.153Z] [INFO] Finished at: 2020-04-13T15:36:40+05:30
[2020-04-13T10:06:41.153Z] [INFO] ------------------------------------------------------------------------
[2020-04-13T10:06:41.153Z] [INFO] [jenkins-event-spy] Generated /var/lib/jenkins/workspace/0.ApplicationGroovyPipeLine@tmp/withMaveneb988e15/maven-spy-20200413-153617-4542297279428773807884.log
[2020-04-13T10:06:41.299Z] [8mha:////4Fg6ITAXgCroINBCxxt6ZryoC3XO9aHy95XXwxgdX5kNAAAApR+LCAAAAAAAAP9tjTEOwjAQBC9BFLSUPOIiCkSBqNJabniBiY1xYt0Z2yGpeBFf4w8EIlGxxWpnm3m+YJkiHDlabA11jlLjMPjeTgsHjt3F84Atn7FhSuwNSjNI1qaeUXI2MKcoYSFgZajxnBzZDGvRqruqvCJbnXKcvoOA0ukbPKAQkzmrmL8wRthce52Yfp6/AhhDyFBu95/avQGOY4V7vgAAAA==[0m[Pipeline] }
[2020-04-13T10:06:41.319Z] [withMaven] artifactsPublisher - Archive artifact pom.xml under com/edurekademo/tutorial/addressbook/2.0/addressbook-2.0.pom
[2020-04-13T10:06:41.723Z] [withMaven] openTasksPublisher - Scan Tasks for Maven artifact com.edurekademo.tutorial:addressbook:war:2.0 in source directory src/main/java
[2020-04-13T10:06:41.740Z] [TASKS] Scanning folder '/var/lib/jenkins/workspace/0.ApplicationGroovyPipeLine' for files matching the pattern 'src/main/java/**/*' - excludes: null
[2020-04-13T10:06:41.740Z] [TASKS] Found 13 files to scan for tasks
[2020-04-13T10:06:41.740Z] [TASKS] Found 0 open tasks.
[2020-04-13T10:06:41.740Z] Skipping warnings blame since pipelines do not have an SCM link.%n
[2020-04-13T10:06:42.428Z] [withMaven] Publishers: Pipeline Graph Publisher: 11 ms, Generated Artifacts Publisher: 399 ms, JGiven Publisher: 2 ms, Open Task Scanner Publisher: 705 ms
[2020-04-13T10:06:42.785Z] [8mha:////4KjugxSXNe3tq7ryiWnlnDKDR759pkqi4i41anFfLlsDAAAApR+LCAAAAAAAAP9tjTEOwjAQBC9BFLSUPOIiJAokRJXWcsMLTGyME+vO2A5JxYv4Gn8gEImKLVY728zzBcsU4cjRYmuoc5Qah8H3dlo4cOwungds+YwNU2JvUJpBsjb1jJKzgTlFCQsBK0ON5+TIZliLVt1V5RXZ6pTj9B0ElE7f4AGFmMxZxfyFMcLm2uvE9PP8FcAYQoZyu//U7g3N4dT9vgAAAA==[0m[Pipeline] // withMaven
[2020-04-13T10:06:42.965Z] [8mha:////4NLE/aVaLpHVxq/qMIoUEHpgBpeXpghQOEkgS+akpKSGAAAApB+LCAAAAAAAAP9tjTEOwjAQBC9BFLSUPOIiRIUQVVrLDS8wsTFOrDtjOyQVL+Jr/IFAJCq2WO1sM88XLFOEI0eLraHOUWocBt/baeHAsbt4HrDlMzZMib1BaQbJ2tQzSs4G5hQlLASsDDWekyObYS1adVeVV2SrU47TdxBQOn2DBxRiMmcV8xfGCJtrrxPTz/NXAGMIGcrt/lO7N8un7Ki+AAAA[0m[Pipeline] }
[2020-04-13T10:06:43.163Z] [8mha:////4P5nx8JGY+phMH2j0L/k9xQbkjDgAwoDltuty/Jy2TjfAAAApB+LCAAAAAAAAP9tjTEOwjAQBC9BFLSUPOICaRFVWisNLzCxMU6sO2M7JBUv4mv8AYtIVGyx2tlmXm9YxwAnDgZ7TYOl2Fn0bjR54cRhuDqesOcLdkyRncZWTy0r3SzYctKwpChhJWCjqXMcLZkEW9HLh6ycJFOdU8jfUUBp1R2eUIhsTjKkL8wBdrdRRaaf568AZu8TlPU+16H+AAjcDMm+AAAA[0m[Pipeline] // stage
[2020-04-13T10:06:43.377Z] [8mha:////4FK0cZFWL0Bl3TwtxZ2CwwxxjBZksyBC32cYEE2e4nUFAAAAph+LCAAAAAAAAP9tjTEOwjAQBM9BKWgpeYQjEB2iorXc8AITG+PEugv2haTiRXyNPxCIRMVWOyut5vmCMic4UPKycdgGzHWQXez91ORAqb1EGmRDZ1kTZopOajdosu44oyZ2MEcUsFCwdFhHygE9w0o15m6qaNBXJ07TtldQBHuDBwg1mdkk/sKYYH3tbSb8ef4KYOwYxI6h2G4+x/INji2eq8EAAAA=[0m[Pipeline] stage
[2020-04-13T10:06:43.384Z] [8mha:////4KSjDTaFdShqh4sBQODcsucJo3J4mdxb2Ct8SbG7QdkJAAAAph+LCAAAAAAAAP9tjTEOwjAUQ3+DOrAycohUdEVMrFEXThCaEJJG/7dJSjpxIq7GHWipxIQHy7ZkvdcbyhjgRMFwp7GzGFvLez+aOfFMobt5ytzRlbeEkbzmjc4NKX1ea0NJw6qCwUbAVmPrKVo0CXbCyYesvERTXVKYt6MAZtUATyjETE4ypG+ZAuzvo4qEP85fAEx9AlYfFquXZ/kBAsTc3cIAAAA=[0m[Pipeline] { (Review)
[2020-04-13T10:06:43.464Z] [8mha:////4CNWBTS7QtmrYEBjz6Uk+PZDDJKrSpEmUwjCPgcl6f9xAAAAph+LCAAAAAAAAP9tjTEOwjAUQ3+LOrAycohUKiNiYo2ycILQhJA0+r9NUtKJE3E17kBLJSY8WLYl673eUMUAJwqGOY2dxdha1vvRzIllCt3NU2aOrqwljOQ1EzoLUvq8VkFJw6qihA2HrcbWU7RoEuy4kw9Ze4mmvqQwb0cOpVUDPKHgMznJkL5lCrC/jyoS/jh/ATD1CcqmWeywPKsPpnFij8IAAAA=[0m[Pipeline] withMaven
[2020-04-13T10:06:43.465Z] [withMaven] Options: []
[2020-04-13T10:06:43.465Z] [withMaven] Available options: 
[2020-04-13T10:06:43.465Z] [withMaven] using JDK installation provided by the build agent
[2020-04-13T10:06:43.833Z] [withMaven] using Maven installation 'MyMaven'
[2020-04-13T10:06:44.050Z] [8mha:////4Ixg7blGLhKLWDKuP9HgFHeVreEoxRJoMH7l8xFKOLNzAAAApx+LCAAAAAAAAP9tjTEOwjAUQ3+LOrAycohUAjbE1DXKwglCE0La6P/yk9JOnIircQdaKjHhwbItWe/1hiIynIidaCy2HmPtRRd6NyUxELfXQINo6CJqwkjBCmUHRcZWS1WULCzKclhJWFusA0WPLsFGNvqhy6DRlefE03aUkHtzhydkciInzelbRobtrTeR8Mf5C4CxS5Dv9rMd5mfxAd6e6VPCAAAA[0m[Pipeline] {
[2020-04-13T10:06:44.551Z] [8mha:////4PtoMvQe9T92bdHOc87K15jbc0632KCYafxOJAamTTybAAAApB+LCAAAAAAAAP9tjTEOwjAQBC9BFLSUPOIiIagQVVrLDS8wsTFOrDtjOyQVL+Jr/IFAJCq2WO1sM88XLFOEI0eLraHOUWocBt/baeHAsbt4HrDlMzZMib1BaQbJ2tQzSs4G5hQlLASsDDWekyObYS1adVeVV2SrU47TdxBQOn2DBxRiMmcV8xfGCJtrrxPTz/NXAGPIUG53n9qHN38C26S+AAAA[0m[Pipeline] sh
[2020-04-13T10:06:44.812Z] + mvn pmd:pmd
[2020-04-13T10:06:44.812Z] ----- withMaven Wrapper script -----
[2020-04-13T10:06:45.726Z] Picked up JAVA_TOOL_OPTIONS: -Dmaven.ext.class.path="/var/lib/jenkins/workspace/0.ApplicationGroovyPipeLine@tmp/withMaven599b7772/pipeline-maven-spy.jar" -Dorg.jenkinsci.plugins.pipeline.maven.reportsFolder="/var/lib/jenkins/workspace/0.ApplicationGroovyPipeLine@tmp/withMaven599b7772" 
[2020-04-13T10:06:49.890Z] Apache Maven 3.6.3 (cecedd343002696d0abb50b32b541b8a6ba2883f)
[2020-04-13T10:06:49.891Z] Maven home: /var/lib/jenkins/tools/hudson.tasks.Maven_MavenInstallation/MyMaven
[2020-04-13T10:06:49.891Z] Java version: 1.8.0_242, vendor: Private Build, runtime: /usr/lib/jvm/java-8-openjdk-amd64/jre
[2020-04-13T10:06:49.891Z] Default locale: en_IN, platform encoding: UTF-8
[2020-04-13T10:06:49.891Z] OS name: "linux", version: "5.3.0-46-generic", arch: "amd64", family: "unix"
[2020-04-13T10:06:52.375Z] [INFO] [jenkins-event-spy] Generate /var/lib/jenkins/workspace/0.ApplicationGroovyPipeLine@tmp/withMaven599b7772/maven-spy-20200413-153651-9058388354688742785730.log.tmp ...
[2020-04-13T10:06:52.375Z] [INFO] Scanning for projects...
[2020-04-13T10:06:52.625Z] [WARNING] 
[2020-04-13T10:06:52.625Z] [WARNING] Some problems were encountered while building the effective model for com.edurekademo.tutorial:addressbook:war:2.0
[2020-04-13T10:06:52.625Z] [WARNING] Reporting configuration should be done in <reporting> section, not in maven-site-plugin <configuration> as reportPlugins parameter. @ line 298, column 40
[2020-04-13T10:06:52.625Z] [WARNING] 
[2020-04-13T10:06:52.625Z] [WARNING] It is highly recommended to fix these problems because they threaten the stability of your build.
[2020-04-13T10:06:52.625Z] [WARNING] 
[2020-04-13T10:06:52.625Z] [WARNING] For this reason, future Maven versions might no longer support building such malformed projects.
[2020-04-13T10:06:52.625Z] [WARNING] 
[2020-04-13T10:06:59.124Z] [INFO] Downloading from vaadin-snapshots: http://oss.sonatype.org/content/repositories/vaadin-snapshots/org/apache/maven/plugins/maven-metadata.xml
[2020-04-13T10:06:59.125Z] [INFO] Downloading from vaadin-snapshots: http://oss.sonatype.org/content/repositories/vaadin-snapshots/org/codehaus/mojo/maven-metadata.xml
[2020-04-13T10:07:04.349Z] [INFO] Downloading from vaadin-snapshots: http://oss.sonatype.org/content/repositories/vaadin-snapshots/org/apache/maven/plugins/maven-pmd-plugin/maven-metadata.xml
[2020-04-13T10:07:06.213Z] [INFO] 
[2020-04-13T10:07:06.213Z] [INFO] ----------------< com.edurekademo.tutorial:addressbook >----------------
[2020-04-13T10:07:06.213Z] [INFO] Building Vaadin Addressbook example 2.0
[2020-04-13T10:07:06.213Z] [INFO] --------------------------------[ war ]---------------------------------
[2020-04-13T10:07:06.464Z] [INFO] 
[2020-04-13T10:07:06.464Z] [INFO] --- maven-pmd-plugin:3.13.0:pmd (default-cli) @ addressbook ---
[2020-04-13T10:07:21.235Z] [WARNING] Unable to locate Source XRef to link to - DISABLED
[2020-04-13T10:07:47.649Z] [INFO] ------------------------------------------------------------------------
[2020-04-13T10:07:47.649Z] [INFO] BUILD SUCCESS
[2020-04-13T10:07:47.649Z] [INFO] ------------------------------------------------------------------------
[2020-04-13T10:07:47.649Z] [INFO] Total time:  53.997 s
[2020-04-13T10:07:47.649Z] [INFO] Finished at: 2020-04-13T15:37:46+05:30
[2020-04-13T10:07:47.649Z] [INFO] ------------------------------------------------------------------------
[2020-04-13T10:07:47.649Z] [INFO] [jenkins-event-spy] Generated /var/lib/jenkins/workspace/0.ApplicationGroovyPipeLine@tmp/withMaven599b7772/maven-spy-20200413-153651-9058388354688742785730.log
[2020-04-13T10:07:47.921Z] [8mha:////4Bq8CDz++eJ4RHJ43Q+p4iKEuRi3ZUyy8t11jOr+QCGNAAAApR+LCAAAAAAAAP9tjTEOwjAQBC9BFLSUPOIiIUSDqNJabniBiY1xYt0Z2yGpeBFf4w8EIlGxxWpnm3m+YJkiHDlabA11jlLjMPjeTgsHjt3F84Atn7FhSuwNSjNI1qaeUXI2MKcoYSFgZajxnBzZDGvRqruqvCJbnXKcvoOA0ukbPKAQkzmrmL8wRthce52Yfp6/AhhDhnK7+9Q+vAG8UfaPvgAAAA==[0m[Pipeline] pmd
[2020-04-13T10:07:47.936Z] [PMD] Collecting PMD analysis files...
[2020-04-13T10:07:48.405Z] [PMD] Searching for all files in /var/lib/jenkins/workspace/0.ApplicationGroovyPipeLine that match the pattern target/pmd.xml
[2020-04-13T10:07:48.405Z] [PMD] Parsing 1 file in /var/lib/jenkins/workspace/0.ApplicationGroovyPipeLine
[2020-04-13T10:07:48.405Z] [PMD] Successfully parsed file /var/lib/jenkins/workspace/0.ApplicationGroovyPipeLine/target/pmd.xml with 12 unique warnings and 0 duplicates.
[2020-04-13T10:07:48.405Z] Skipping warnings blame since pipelines do not have an SCM link.%n
[2020-04-13T10:07:49.205Z] [PMD] Computing warning deltas based on reference build #9
[2020-04-13T10:07:49.438Z] [8mha:////4HJz1CMtaAkXqca+UKUTE1eakgS/YIs1UY4xDLwPMy08AAAApR+LCAAAAAAAAP9tjTEOwjAQBC9BFLSUPOIiISQKRJXWcsMLTGyME+vO2A5JxYv4Gn8gEImKLVY728zzBcsU4cjRYmuoc5Qah8H3dlo4cOwungds+YwNU2JvUJpBsjb1jJKzgTlFCQsBK0ON5+TIZliLVt1V5RXZ6pTj9B0ElE7f4AGFmMxZxfyFMcLm2uvE9PP8FcAYQoZyu//U7g1GGkcWvgAAAA==[0m[Pipeline] }
[2020-04-13T10:07:50.190Z] [withMaven] artifactsPublisher - Archive artifact pom.xml under com/edurekademo/tutorial/addressbook/2.0/addressbook-2.0.pom
[2020-04-13T10:07:50.338Z] [withMaven] openTasksPublisher - Scan Tasks for Maven artifact com.edurekademo.tutorial:addressbook:war:2.0 in source directory src/main/java
[2020-04-13T10:07:50.388Z] [TASKS] Scanning folder '/var/lib/jenkins/workspace/0.ApplicationGroovyPipeLine' for files matching the pattern 'src/main/java/**/*' - excludes: null
[2020-04-13T10:07:50.388Z] [TASKS] Found 13 files to scan for tasks
[2020-04-13T10:07:50.388Z] [TASKS] Found 0 open tasks.
[2020-04-13T10:07:50.388Z] Skipping warnings blame since pipelines do not have an SCM link.%n
[2020-04-13T10:07:50.422Z] [withMaven] Publishers: Pipeline Graph Publisher: 2 ms, Generated Artifacts Publisher: 147 ms, Open Task Scanner Publisher: 84 ms
[2020-04-13T10:07:50.444Z] [8mha:////4OT0E8i/j9cFH2BGHBkD6Kfpi18dy4DI3VfsTd01hZeQAAAApR+LCAAAAAAAAP9tjTEOwjAQBC9BFLSUPOIiQYOEqNJabniBiY1xYt0Z2yGpeBFf4w8EIlGxxWpnm3m+YJkiHDlabA11jlLjMPjeTgsHjt3F84Atn7FhSuwNSjNI1qaeUXI2MKcoYSFgZajxnBzZDGvRqruqvCJbnXKcvoOA0ukbPKAQkzmrmL8wRthce52Yfp6/AhhDyFBu95/avQEwPXV5vgAAAA==[0m[Pipeline] // withMaven
[2020-04-13T10:07:50.454Z] [8mha:////4HF8gsXtStK00pHRNLPRkOnYGn1zIyvdgpzYCLAwQpI0AAAApB+LCAAAAAAAAP9tjbEOwiAURV9rHFwd/QiadDPGyZWw+AXYIkLJexSodPKL/DX/QbSJk3e4uecu5/mCdQxwpKCZVTgYjJ1h3k26LJYpDFdHmVm6sI4wklNMqCyoV6cFBSUFS6oaVhw2CjtH0aBOsOVW3mXjJOrmnEL5Dhxq04/wgIoXc5IhfWEOsLtNfST8ef4KYPY+Qd3uP9W+AQPeLsW+AAAA[0m[Pipeline] }
[2020-04-13T10:07:50.465Z] [8mha:////4Ctw0wjgw/T7hkVTuxXmlgngqeEzBmMxZ123LelfDXNQAAAApB+LCAAAAAAAAP9tjTsOwjAQRDdBFLSUHGLDp0SpaC03nMAkxjixdoPt4FSciKtxBywiUTHFaN407/WGZfBQszfYaeothcbi4EaTFyb2/dVxwo4v2DAFdhqlTpJbfZpRctQwpyhhIWClqXEcLJkIa9Gph6qcIlOdo8/fUUBp2zs8oRDZHJWPX5g8bG5jG5h+nr8CmIYhQnnY5trvPsXVX92+AAAA[0m[Pipeline] // stage
[2020-04-13T10:07:50.492Z] [8mha:////4KWiJpPJeeuK3XZ5GJnEo9FK1ihehJ5/7Cfx5cUcZ7SXAAAAph+LCAAAAAAAAP9tjTEOwjAQBM9BKWgpeYQjBB2iorXc8AITG+PEugv2haTiRXyNPxCIRMVWOyut5vmCMic4UPKycdgGzHWQXez91ORAqb1EGmRDZ1kTZopOajdosu44oyZ2MEcUsFCwdFhHygE9w0o15m6qaNBXJ07TtldQBHuDBwg1mdkk/sKYYH3tbSb8ef4KYOwYxI6h2G4+x/INOibpDcEAAAA=[0m[Pipeline] stage
[2020-04-13T10:07:50.500Z] [8mha:////4DIbBNWSwZ4tMeXe2YEH1J+eQkxT7G3CG9NhfwU6f9KTAAAAph+LCAAAAAAAAP9tjTEOwjAUQ3+LOrAycohUwIiYukZZOEFoQkgb/V9+UtqJE3E17kBLJSY8WLYl673eUESGE7ETjcXWY6y96ELvpiQG4vYaaBANXURNGClYoeygyNhqqYqShUVZDisJa4t1oOjRJdjIRj90GTS68px42o4Scm/u8IRMTuSkOX3LyLC99SYS/jh/ATB2CfLDbrb9/Cw+2YMO4MIAAAA=[0m[Pipeline] { (Test)
[2020-04-13T10:07:50.520Z] [8mha:////4AIAlaA/pzrRxJz/grrIoLWN+WF2tvAvT6ERSUOUngk5AAAAph+LCAAAAAAAAP9tjTEOwjAUQ3+DOrAycohUoiNiYo26cILQhJA0+r9NUtKJE3E17kBLJSY8WLYl673eUMYAJwqGO42dxdha3vvRzIlnCt3NU+aOrrwljOQ1b3RuSOnzWhtKGlYVDDYCthpbT9GiSbATTj5k5SWa6pLCvB0FMKsGeEIhZnKSIX3LFGB/H1Uk/HH+AmDqE7D6sFi9PMsPfTawssIAAAA=[0m[Pipeline] withMaven
[2020-04-13T10:07:50.521Z] [withMaven] Options: []
[2020-04-13T10:07:50.521Z] [withMaven] Available options: 
[2020-04-13T10:07:50.521Z] [withMaven] using JDK installation provided by the build agent
[2020-04-13T10:07:50.621Z] [withMaven] using Maven installation 'MyMaven'
[2020-04-13T10:07:50.633Z] [8mha:////4NGzCJuE5LmpxVv+l+fK/02fMUTOvJLd0HQHoZ0+iWnvAAAAph+LCAAAAAAAAP9tjTEOwjAUQ3+LOrAycoh0KBtiYo2ycILQhJA0+r9NUtKJE3E17kBLJSY8WLYl673eUMUAJwqGOY2dxdha1vvRzIllCt3NU2aOrqwljOQ1EzoLUvq8VkFJw6qihA2HrcbWU7RoEuy4kw9Ze4mmvqQwb0cOpVUDPKHgMznJkL5lCrC/jyoS/jh/ATD1CcqmWeywPKsPBdk7bsIAAAA=[0m[Pipeline] {
[2020-04-13T10:07:50.653Z] [8mha:////4Cm0MByeayQgQjk2YAOk8PKnK1SK9sAm0WKQ6ub3WXx7AAAApB+LCAAAAAAAAP9tjTEOwjAQBC9BFLSUPOJSABWiSmu54QUmNsaJdWdsh6TiRXyNPxCIRMUWq51t5vmCZYpw5GixNdQ5So3D4Hs7LRw4dhfPA7Z8xoYpsTcozSBZm3pGydnAnKKEhYCVocZzcmQzrEWr7qryimx1ynH6DgJKp2/wgEJM5qxi/sIYYXPtdWL6ef4KYAwZyu3uU/vwBtZos2m+AAAA[0m[Pipeline] sh
[2020-04-13T10:07:50.990Z] + mvn test
[2020-04-13T10:07:50.990Z] ----- withMaven Wrapper script -----
[2020-04-13T10:07:51.250Z] Picked up JAVA_TOOL_OPTIONS: -Dmaven.ext.class.path="/var/lib/jenkins/workspace/0.ApplicationGroovyPipeLine@tmp/withMaven32ab5ff7/pipeline-maven-spy.jar" -Dorg.jenkinsci.plugins.pipeline.maven.reportsFolder="/var/lib/jenkins/workspace/0.ApplicationGroovyPipeLine@tmp/withMaven32ab5ff7" 
[2020-04-13T10:08:03.376Z] Apache Maven 3.6.3 (cecedd343002696d0abb50b32b541b8a6ba2883f)
[2020-04-13T10:08:03.376Z] Maven home: /var/lib/jenkins/tools/hudson.tasks.Maven_MavenInstallation/MyMaven
[2020-04-13T10:08:03.376Z] Java version: 1.8.0_242, vendor: Private Build, runtime: /usr/lib/jvm/java-8-openjdk-amd64/jre
[2020-04-13T10:08:03.376Z] Default locale: en_IN, platform encoding: UTF-8
[2020-04-13T10:08:03.376Z] OS name: "linux", version: "5.3.0-46-generic", arch: "amd64", family: "unix"
[2020-04-13T10:08:15.489Z] [INFO] [jenkins-event-spy] Generate /var/lib/jenkins/workspace/0.ApplicationGroovyPipeLine@tmp/withMaven32ab5ff7/maven-spy-20200413-153812-8013852879744709398420.log.tmp ...
[2020-04-13T10:08:15.490Z] [INFO] Scanning for projects...
[2020-04-13T10:08:15.490Z] [WARNING] 
[2020-04-13T10:08:15.490Z] [WARNING] Some problems were encountered while building the effective model for com.edurekademo.tutorial:addressbook:war:2.0
[2020-04-13T10:08:15.490Z] [WARNING] Reporting configuration should be done in <reporting> section, not in maven-site-plugin <configuration> as reportPlugins parameter. @ line 298, column 40
[2020-04-13T10:08:15.490Z] [WARNING] 
[2020-04-13T10:08:15.490Z] [WARNING] It is highly recommended to fix these problems because they threaten the stability of your build.
[2020-04-13T10:08:15.490Z] [WARNING] 
[2020-04-13T10:08:15.490Z] [WARNING] For this reason, future Maven versions might no longer support building such malformed projects.
[2020-04-13T10:08:15.490Z] [WARNING] 
[2020-04-13T10:08:15.490Z] [INFO] 
[2020-04-13T10:08:15.490Z] [INFO] ----------------< com.edurekademo.tutorial:addressbook >----------------
[2020-04-13T10:08:15.490Z] [INFO] Building Vaadin Addressbook example 2.0
[2020-04-13T10:08:15.490Z] [INFO] --------------------------------[ war ]---------------------------------
[2020-04-13T10:08:20.699Z] [INFO] 
[2020-04-13T10:08:20.699Z] [INFO] --- maven-enforcer-plugin:1.0:enforce (enforce-versions) @ addressbook ---
[2020-04-13T10:08:25.913Z] [INFO] 
[2020-04-13T10:08:25.913Z] [INFO] --- maven-resources-plugin:2.6:resources (default-resources) @ addressbook ---
[2020-04-13T10:08:28.401Z] [INFO] Using 'UTF-8' encoding to copy filtered resources.
[2020-04-13T10:08:28.401Z] [INFO] skip non existing resourceDirectory /var/lib/jenkins/workspace/0.ApplicationGroovyPipeLine/src/main/resources
[2020-04-13T10:08:28.401Z] [INFO] 
[2020-04-13T10:08:28.401Z] [INFO] --- maven-compiler-plugin:3.2:compile (default-compile) @ addressbook ---
[2020-04-13T10:08:32.528Z] [INFO] Nothing to compile - all classes are up to date
[2020-04-13T10:08:32.528Z] [INFO] 
[2020-04-13T10:08:32.528Z] [INFO] --- maven-resources-plugin:2.6:testResources (default-testResources) @ addressbook ---
[2020-04-13T10:08:32.528Z] [INFO] Using 'UTF-8' encoding to copy filtered resources.
[2020-04-13T10:08:32.779Z] [INFO] Copying 1 resource
[2020-04-13T10:08:33.037Z] [INFO] 
[2020-04-13T10:08:33.037Z] [INFO] --- maven-compiler-plugin:3.2:testCompile (default-testCompile) @ addressbook ---
[2020-04-13T10:08:33.294Z] [INFO] Changes detected - recompiling the module!
[2020-04-13T10:08:33.294Z] [INFO] Compiling 5 source files to /var/lib/jenkins/workspace/0.ApplicationGroovyPipeLine/target/test-classes
[2020-04-13T10:08:45.419Z] [INFO] 
[2020-04-13T10:08:45.419Z] [INFO] --- maven-surefire-plugin:2.19.1:test (default-test) @ addressbook ---
[2020-04-13T10:08:50.629Z] 
[2020-04-13T10:08:50.629Z] -------------------------------------------------------
[2020-04-13T10:08:50.629Z]  T E S T S
[2020-04-13T10:08:50.629Z] -------------------------------------------------------
[2020-04-13T10:08:51.543Z] Picked up JAVA_TOOL_OPTIONS: -Dmaven.ext.class.path="/var/lib/jenkins/workspace/0.ApplicationGroovyPipeLine@tmp/withMaven32ab5ff7/pipeline-maven-spy.jar" -Dorg.jenkinsci.plugins.pipeline.maven.reportsFolder="/var/lib/jenkins/workspace/0.ApplicationGroovyPipeLine@tmp/withMaven32ab5ff7" 
[2020-04-13T10:08:52.456Z] Running com.edurekademo.utilities.TestHexAsciiConversion
[2020-04-13T10:08:52.456Z] 74657374696e6720617363696920636f6e76657274696f6e20696e746f2068657861646563696d616c
[2020-04-13T10:08:52.456Z] testing ascii convertion into hexadecimal
[2020-04-13T10:08:52.707Z] Tests run: 4, Failures: 0, Errors: 0, Skipped: 0, Time elapsed: 0.026 sec - in com.edurekademo.utilities.TestHexAsciiConversion
[2020-04-13T10:08:52.707Z] Running com.edurekademo.utilities.TestLogger
[2020-04-13T10:08:52.707Z] SLF4J: Class path contains multiple SLF4J bindings.
[2020-04-13T10:08:52.707Z] SLF4J: Found binding in [jar:file:/var/lib/jenkins/.m2/repository/org/slf4j/slf4j-simple/1.7.7/slf4j-simple-1.7.7.jar!/org/slf4j/impl/StaticLoggerBinder.class]
[2020-04-13T10:08:52.707Z] SLF4J: Found binding in [jar:file:/var/lib/jenkins/.m2/repository/org/slf4j/slf4j-log4j12/1.7.7/slf4j-log4j12-1.7.7.jar!/org/slf4j/impl/StaticLoggerBinder.class]
[2020-04-13T10:08:52.707Z] SLF4J: See http://www.slf4j.org/codes.html#multiple_bindings for an explanation.
[2020-04-13T10:08:52.707Z] SLF4J: Actual binding is of type [org.slf4j.impl.SimpleLoggerFactory]
[2020-04-13T10:08:52.707Z] [pool-1-thread-5] INFO com.edurekademo.utilities.TestLogger - java.lang.ArithmeticException: / by zero
[2020-04-13T10:08:52.707Z] Cause:at com.edurekademo.utilities.TestLogger.testGetErrorMessage1(TestLogger.java:14)
[2020-04-13T10:08:52.707Z] Cause:at sun.reflect.NativeMethodAccessorImpl.invoke0(Native Method)
[2020-04-13T10:08:52.707Z] [pool-1-thread-8] INFO com.edurekademo.utilities.TestLogger - java.io.IOException: TESTIOEXCEPTION
[2020-04-13T10:08:52.707Z] Cause:at com.edurekademo.utilities.ExceptionThrower.doNothing(ExceptionThrower.java:18)
[2020-04-13T10:08:52.707Z] Cause:at com.edurekademo.utilities.TestLogger.testGetErrorMessage4(TestLogger.java:60)
[2020-04-13T10:08:52.708Z] [pool-1-thread-7] INFO com.edurekademo.utilities.TestLogger - java.lang.ArithmeticException: / by zero
[2020-04-13T10:08:52.708Z] Cause:at com.edurekademo.utilities.ExceptionThrower.getCounter(ExceptionThrower.java:13)
[2020-04-13T10:08:52.708Z] Cause:at com.edurekademo.utilities.TestLogger.testGetErrorMessage3(TestLogger.java:45)
[2020-04-13T10:08:52.708Z] [pool-1-thread-6] INFO com.edurekademo.utilities.TestLogger - java.lang.ArithmeticException: / by zero
[2020-04-13T10:08:52.708Z] Cause:at com.edurekademo.utilities.TestLogger.testGetErrorMessage2(TestLogger.java:30)
[2020-04-13T10:08:52.708Z] Cause:at sun.reflect.NativeMethodAccessorImpl.invoke0(Native Method)
[2020-04-13T10:08:52.708Z] [pool-1-thread-9] ERROR com.edurekademo.utilities.ExceptionThrower - java.lang.Exception: DEAR
[2020-04-13T10:08:52.708Z] Cause:at com.edurekademo.utilities.ExceptionThrower.doYYY(ExceptionThrower.java:35)
[2020-04-13T10:08:52.708Z] Cause:at com.edurekademo.utilities.ExceptionThrower.doXXX(ExceptionThrower.java:23)
[2020-04-13T10:08:52.708Z] [pool-1-thread-9] INFO com.edurekademo.utilities.TestLogger - java.lang.Exception: TEST MESSAGE
[2020-04-13T10:08:52.708Z] Cause:at com.edurekademo.utilities.ExceptionThrower.doCheck(ExceptionThrower.java:43)
[2020-04-13T10:08:52.708Z] Cause:at com.edurekademo.utilities.TestLogger.testGetErrorMessage5(TestLogger.java:75)
[2020-04-13T10:08:52.708Z] ***** java.lang.Exception: TEST MESSAGE
[2020-04-13T10:08:52.708Z] Cause:at com.edurekademo.utilities.ExceptionThrower.doCheck(ExceptionThrower.java:43)
[2020-04-13T10:08:52.708Z] Cause:at com.edurekademo.utilities.TestLogger.testGetErrorMessage5(TestLogger.java:75)
[2020-04-13T10:08:52.708Z] Tests run: 5, Failures: 0, Errors: 0, Skipped: 0, Time elapsed: 0.213 sec - in com.edurekademo.utilities.TestLogger
[2020-04-13T10:08:52.969Z] Running com.edurekademo.utilities.TestGenericComparator
[2020-04-13T10:08:52.969Z] Tests run: 14, Failures: 0, Errors: 0, Skipped: 0, Time elapsed: 0.077 sec - in com.edurekademo.utilities.TestGenericComparator
[2020-04-13T10:08:53.222Z] 
[2020-04-13T10:08:53.222Z] Results :
[2020-04-13T10:08:53.222Z] 
[2020-04-13T10:08:53.222Z] Tests run: 23, Failures: 0, Errors: 0, Skipped: 0
[2020-04-13T10:08:53.222Z] 
[2020-04-13T10:08:53.473Z] [INFO] ------------------------------------------------------------------------
[2020-04-13T10:08:53.473Z] [INFO] BUILD SUCCESS
[2020-04-13T10:08:53.473Z] [INFO] ------------------------------------------------------------------------
[2020-04-13T10:08:53.473Z] [INFO] Total time:  38.483 s
[2020-04-13T10:08:53.473Z] [INFO] Finished at: 2020-04-13T15:38:53+05:30
[2020-04-13T10:08:53.473Z] [INFO] ------------------------------------------------------------------------
[2020-04-13T10:08:53.473Z] [INFO] [jenkins-event-spy] Generated /var/lib/jenkins/workspace/0.ApplicationGroovyPipeLine@tmp/withMaven32ab5ff7/maven-spy-20200413-153812-8013852879744709398420.log
[2020-04-13T10:08:53.735Z] [8mha:////4KDBOBB0nnDD5CFQXgZO/tpCh01VpePU4r5QUiCnRWQYAAAApB+LCAAAAAAAAP9tjTEOwjAQBC9BFLSUPOJSgGgQVVrLDS8wsTFOrDtjOyQVL+Jr/IFAJCq2WO1sM88XLFOEI0eLraHOUWocBt/baeHAsbt4HrDlMzZMib1BaQbJ2tQzSs4G5hQlLASsDDWekyObYS1adVeVV2SrU47TdxBQOn2DBxRiMmcV8xfGCJtrrxPTz/NXAGPIUG53n9qHNxU7nkK+AAAA[0m[Pipeline] junit
[2020-04-13T10:08:53.858Z] Recording test results
[2020-04-13T10:08:54.484Z] [8mha:////4AUjZkr2W0+AUIYbgXMINCDdd8TeLFUADH7zvei08VRoAAAApR+LCAAAAAAAAP9tjTEOwjAQBC9BFLSUPOJSgESBqNJabniBiY1xYt0Z2yGpeBFf4w8EIlGxxWpnm3m+YJkiHDlabA11jlLjMPjeTgsHjt3F84Atn7FhSuwNSjNI1qaeUXI2MKcoYSFgZajxnBzZDGvRqruqvCJbnXKcvoOA0ukbPKAQkzmrmL8wRthce52Yfp6/AhhDyFBu95/avQGzICupvgAAAA==[0m[Pipeline] }
[2020-04-13T10:08:54.873Z] [withMaven] artifactsPublisher - Archive artifact pom.xml under com/edurekademo/tutorial/addressbook/2.0/addressbook-2.0.pom
[2020-04-13T10:08:55.009Z] [withMaven] junitPublisher - Archive test results for Maven artifact com.edurekademo.tutorial:addressbook:war:2.0 generated by maven-surefire-plugin:test (default-test): target/surefire-reports/*.xml
[2020-04-13T10:08:55.009Z] Recording test results
[2020-04-13T10:08:55.596Z] [withMaven] openTasksPublisher - Scan Tasks for Maven artifact com.edurekademo.tutorial:addressbook:war:2.0 in source directory src/main/java
[2020-04-13T10:08:55.614Z] [TASKS] Scanning folder '/var/lib/jenkins/workspace/0.ApplicationGroovyPipeLine' for files matching the pattern 'src/main/java/**/*' - excludes: null
[2020-04-13T10:08:55.614Z] [TASKS] Found 13 files to scan for tasks
[2020-04-13T10:08:55.614Z] [TASKS] Found 0 open tasks.
[2020-04-13T10:08:55.614Z] Skipping warnings blame since pipelines do not have an SCM link.%n
[2020-04-13T10:08:55.907Z] [withMaven] Publishers: Pipeline Graph Publisher: 1 ms, Generated Artifacts Publisher: 507 ms, Junit Publisher: 586 ms, Open Task Scanner Publisher: 310 ms
[2020-04-13T10:08:56.081Z] [8mha:////4JqSAeYb1IBNFHknuhFTUmVNsMtzMZia7WZvi8ib7wuIAAAApB+LCAAAAAAAAP9tjTESwiAURH/iWNhaeghSpHHGsbJlaDwBJogQ5n8CRFJ5Iq/mHUQzY+UWO/u2ec8XrGOAIwXNrMLBYOwM827SZbFMYbg6yszShXWEkZxiQmVBvTotKCgpWFLVsOKwUdg5igZ1gi238i4bJ1E35xTKd+BQm36EB1S8mJMM6QtzgN1t6iPhz/NXALP3Cep2/6n2DcUHGca+AAAA[0m[Pipeline] // withMaven
[2020-04-13T10:08:56.166Z] [8mha:////4HtQ5VxvuCfQ23W45QFRKFy+5FFHvJEqZyeiFk8XQWgpAAAApB+LCAAAAAAAAP9tjTEOwjAQBC9BFLSUPOIiQYUQVVrLDS8wsTFOrDtjOyQVL+Jr/IFAJCq2WO1sM88XLFOEI0eLraHOUWocBt/baeHAsbt4HrDlMzZMib1BaQbJ2tQzSs4G5hQlLASsDDWekyObYS1adVeVV2SrU47TdxBQOn2DBxRiMmcV8xfGCJtrrxPTz/NXAGMIGcrd/lPbN/bkQnq+AAAA[0m[Pipeline] }
[2020-04-13T10:08:56.452Z] [8mha:////4BIA9U7Xq5AVbpj0qkKyX9+2vPVMjTZEBW1vBBpHeLRQAAAApB+LCAAAAAAAAP9tjTEOwjAQBC9BFLSUPOICgg6lorXc8AKTGOPEugu2g1PxIr7GH7CIRMUWq51t5vWGZfBQszfYaeothcbi4EaTFyb2/dVxwo4v2DAFdhqlTpJbfZpRctQwpyhhIWClqXEcLJkIa9Gph6qcIlOdo8/fUUBp2zs8oRDZHJWPX5g8bG5jG5h+nr8CmIYhQnnY5trvPgra4wG+AAAA[0m[Pipeline] // stage
[2020-04-13T10:08:57.054Z] [8mha:////4BAQz0y/rOk0wI1zCw7BfZl3GmYEfPdN8ivf8ySCTSFZAAAAph+LCAAAAAAAAP9tjTEOwjAQBM9BKWgpeYQjpHSIitZywwtMYowT6y7YF5KKF/E1/oAhEhVb7ay0mucLyhThQNHJzmLvMTVeDmF0ucmJYn8JNMmOzrIhTBSs1HbS1NrjgprYwhJRwErB2mITKHl0DBvVmbupgkFXnTjmba+g8O0NHiBUNrOJ/IU5wvY6tonw5/krgHlgEDVDUe8+x/INtBhOyMEAAAA=[0m[Pipeline] stage
[2020-04-13T10:08:57.154Z] [8mha:////4ER+TSHvl5rxYdq11H7UZ5iyR+grH7b/BF6/RrFgFKc0AAAApx+LCAAAAAAAAP9tjTEOwjAUQ3+LOrAycohUIDbE1DXKwglCE0La6P/yk9JOnIircQdaKjHhwbItWe/1hiIynIidaCy2HmPtRRd6NyUxELfXQINo6CJqwkjBCmUHRcZWS1WULCzKclhJWFusA0WPLsFGNvqhy6DRlefE03aUkHtzhydkciInzelbRobtrTeR8Mf5C4CxS5AfdrPt52fxAdhUMVHCAAAA[0m[Pipeline] { (Metrics)
[2020-04-13T10:08:57.538Z] [8mha:////4L1dNiN9U7EiYWG4jlfW/rURjkSfw7mEWcXKXvEmx8hxAAAApx+LCAAAAAAAAP9tjTEOwjAUQ3+LOrAycohUAjbE1DXKwglCE0La6P/yk9JOnIircQdaKjHhwbItWe/1hiIynIidaCy2HmPtRRd6NyUxELfXQINo6CJqwkjBCmUHRcZWS1WULCzKclhJWFusA0WPLsFGNvqhy6DRlefE03aUkHtzhydkciInzelbRobtrTeR8Mf5C4CxS5AfdrPt52fxAXzhjwPCAAAA[0m[Pipeline] withMaven
[2020-04-13T10:08:57.539Z] [withMaven] Options: []
[2020-04-13T10:08:57.539Z] [withMaven] Available options: 
[2020-04-13T10:08:57.539Z] [withMaven] using JDK installation provided by the build agent
[2020-04-13T10:08:57.542Z] [withMaven] using Maven installation 'MyMaven'
[2020-04-13T10:08:57.778Z] [8mha:////4HBc6fHBDkc/hwwKDbXSRlFjwMZt3dwMLuxS3kaGJbuFAAAAph+LCAAAAAAAAP9tjTEOwjAUQ3+DOrAycoh0oBtiYo26cILQhJA0+r9NUtKJE3E17kBLJSY8WLYl673eUMYAJwqGO42dxdha3vvRzIlnCt3NU+aOrrwljOQ1b3RuSOnzWhtKGlYVDDYCthpbT9GiSbATTj5k5SWa6pLCvB0FMKsGeEIhZnKSIX3LFGB/H1Uk/HH+AmDqE7D6sFi9PMsPBA4E38IAAAA=[0m[Pipeline] {
[2020-04-13T10:08:58.194Z] [8mha:////4E4tHqUXrzSNr8KrZ7GtccsBcuDAo6NcTb8Pn5x0ZJycAAAAox+LCAAAAAAAAP9tjTESwiAURH/iWNhaegjSxMqxsmVoPAEmiBDmfwJEUnkir+YdRDNj5RY7+7Z5zxesY4AjBc2swsFg7AzzbtJlsUxhuDrKzNKFdYSRnGJCZUG9Oi0oKClYUtWw4rBR2DmKBnWCLbfyLhsnUTfnFMp34FCbfoQHVLyYkwzpC3OA3W3qI+HP81cAs09Qt+2n9v4NSnc5Zr4AAAA=[0m[Pipeline] sh
[2020-04-13T10:08:58.460Z] + mvn cobertura:cobertura -Dcobertura.report.format=xml
[2020-04-13T10:08:58.460Z] ----- withMaven Wrapper script -----
[2020-04-13T10:08:58.460Z] Picked up JAVA_TOOL_OPTIONS: -Dmaven.ext.class.path="/var/lib/jenkins/workspace/0.ApplicationGroovyPipeLine@tmp/withMavenddcf55d5/pipeline-maven-spy.jar" -Dorg.jenkinsci.plugins.pipeline.maven.reportsFolder="/var/lib/jenkins/workspace/0.ApplicationGroovyPipeLine@tmp/withMavenddcf55d5" 
[2020-04-13T10:08:58.711Z] Apache Maven 3.6.3 (cecedd343002696d0abb50b32b541b8a6ba2883f)
[2020-04-13T10:08:58.711Z] Maven home: /var/lib/jenkins/tools/hudson.tasks.Maven_MavenInstallation/MyMaven
[2020-04-13T10:08:58.711Z] Java version: 1.8.0_242, vendor: Private Build, runtime: /usr/lib/jvm/java-8-openjdk-amd64/jre
[2020-04-13T10:08:58.711Z] Default locale: en_IN, platform encoding: UTF-8
[2020-04-13T10:08:58.711Z] OS name: "linux", version: "5.3.0-46-generic", arch: "amd64", family: "unix"
[2020-04-13T10:09:01.944Z] [INFO] [jenkins-event-spy] Generate /var/lib/jenkins/workspace/0.ApplicationGroovyPipeLine@tmp/withMavenddcf55d5/maven-spy-20200413-153901-3695616762871088175139.log.tmp ...
[2020-04-13T10:09:02.195Z] [INFO] Scanning for projects...
[2020-04-13T10:09:02.195Z] [WARNING] 
[2020-04-13T10:09:02.195Z] [WARNING] Some problems were encountered while building the effective model for com.edurekademo.tutorial:addressbook:war:2.0
[2020-04-13T10:09:02.195Z] [WARNING] Reporting configuration should be done in <reporting> section, not in maven-site-plugin <configuration> as reportPlugins parameter. @ line 298, column 40
[2020-04-13T10:09:02.195Z] [WARNING] 
[2020-04-13T10:09:02.195Z] [WARNING] It is highly recommended to fix these problems because they threaten the stability of your build.
[2020-04-13T10:09:02.195Z] [WARNING] 
[2020-04-13T10:09:02.195Z] [WARNING] For this reason, future Maven versions might no longer support building such malformed projects.
[2020-04-13T10:09:02.195Z] [WARNING] 
[2020-04-13T10:09:08.689Z] [INFO] Downloading from vaadin-snapshots: http://oss.sonatype.org/content/repositories/vaadin-snapshots/org/codehaus/mojo/cobertura-maven-plugin/maven-metadata.xml
[2020-04-13T10:09:15.199Z] [INFO] 
[2020-04-13T10:09:15.200Z] [INFO] ----------------< com.edurekademo.tutorial:addressbook >----------------
[2020-04-13T10:09:15.200Z] [INFO] Building Vaadin Addressbook example 2.0
[2020-04-13T10:09:15.200Z] [INFO] --------------------------------[ war ]---------------------------------
[2020-04-13T10:09:15.200Z] [INFO] 
[2020-04-13T10:09:15.200Z] [INFO] >>> cobertura-maven-plugin:2.7:cobertura (default-cli) > [cobertura]test @ addressbook >>>
[2020-04-13T10:09:15.200Z] [INFO] 
[2020-04-13T10:09:15.200Z] [INFO] --- maven-enforcer-plugin:1.0:enforce (enforce-versions) @ addressbook ---
[2020-04-13T10:09:15.200Z] [INFO] 
[2020-04-13T10:09:15.200Z] [INFO] --- maven-resources-plugin:2.6:resources (default-resources) @ addressbook ---
[2020-04-13T10:09:15.200Z] [INFO] Using 'UTF-8' encoding to copy filtered resources.
[2020-04-13T10:09:15.200Z] [INFO] skip non existing resourceDirectory /var/lib/jenkins/workspace/0.ApplicationGroovyPipeLine/src/main/resources
[2020-04-13T10:09:15.200Z] [INFO] 
[2020-04-13T10:09:15.200Z] [INFO] --- maven-compiler-plugin:3.2:compile (default-compile) @ addressbook ---
[2020-04-13T10:09:15.451Z] [INFO] Nothing to compile - all classes are up to date
[2020-04-13T10:09:15.451Z] [INFO] 
[2020-04-13T10:09:15.451Z] [INFO] --- cobertura-maven-plugin:2.7:instrument (default-cli) @ addressbook ---
[2020-04-13T10:09:33.428Z] [INFO] Cobertura 2.1.1 - GNU GPL License (NO WARRANTY) - See COPYRIGHT file
[2020-04-13T10:09:33.428Z] [INFO] Cobertura: Saved information on 17 classes.
[2020-04-13T10:09:33.428Z] [INFO] Cobertura: Saved information on 17 classes.
[2020-04-13T10:09:33.428Z] 
[2020-04-13T10:09:33.428Z] [ERROR] Picked up JAVA_TOOL_OPTIONS: -Dmaven.ext.class.path="/var/lib/jenkins/workspace/0.ApplicationGroovyPipeLine@tmp/withMavenddcf55d5/pipeline-maven-spy.jar" -Dorg.jenkinsci.plugins.pipeline.maven.reportsFolder="/var/lib/jenkins/workspace/0.ApplicationGroovyPipeLine@tmp/withMavenddcf55d5" 
[2020-04-13T10:09:33.428Z] SLF4J: Class path contains multiple SLF4J bindings.
[2020-04-13T10:09:33.428Z] SLF4J: Found binding in [jar:file:/var/lib/jenkins/.m2/repository/ch/qos/logback/logback-classic/1.0.13/logback-classic-1.0.13.jar!/org/slf4j/impl/StaticLoggerBinder.class]
[2020-04-13T10:09:33.428Z] SLF4J: Found binding in [jar:file:/var/lib/jenkins/.m2/repository/org/slf4j/slf4j-simple/1.7.7/slf4j-simple-1.7.7.jar!/org/slf4j/impl/StaticLoggerBinder.class]
[2020-04-13T10:09:33.428Z] SLF4J: Found binding in [jar:file:/var/lib/jenkins/.m2/repository/org/slf4j/slf4j-log4j12/1.7.7/slf4j-log4j12-1.7.7.jar!/org/slf4j/impl/StaticLoggerBinder.class]
[2020-04-13T10:09:33.428Z] SLF4J: See http://www.slf4j.org/codes.html#multiple_bindings for an explanation.
[2020-04-13T10:09:33.428Z] SLF4J: Actual binding is of type [ch.qos.logback.classic.util.ContextSelectorStaticBinder]
[2020-04-13T10:09:33.428Z] 
[2020-04-13T10:09:33.428Z] [INFO] Instrumentation was successful.
[2020-04-13T10:09:33.428Z] [INFO] NOT adding cobertura ser file to attached artifacts list.
[2020-04-13T10:09:33.428Z] [INFO] 
[2020-04-13T10:09:33.428Z] [INFO] --- maven-resources-plugin:2.6:testResources (default-testResources) @ addressbook ---
[2020-04-13T10:09:33.428Z] [INFO] Using 'UTF-8' encoding to copy filtered resources.
[2020-04-13T10:09:33.428Z] [INFO] Copying 1 resource
[2020-04-13T10:09:33.428Z] [INFO] 
[2020-04-13T10:09:33.428Z] [INFO] --- maven-compiler-plugin:3.2:testCompile (default-testCompile) @ addressbook ---
[2020-04-13T10:09:33.428Z] [INFO] Nothing to compile - all classes are up to date
[2020-04-13T10:09:33.428Z] [INFO] 
[2020-04-13T10:09:33.428Z] [INFO] --- maven-surefire-plugin:2.19.1:test (default-test) @ addressbook ---
[2020-04-13T10:09:34.340Z] 
[2020-04-13T10:09:34.340Z] -------------------------------------------------------
[2020-04-13T10:09:34.340Z]  T E S T S
[2020-04-13T10:09:34.340Z] -------------------------------------------------------
[2020-04-13T10:09:35.252Z] Picked up JAVA_TOOL_OPTIONS: -Dmaven.ext.class.path="/var/lib/jenkins/workspace/0.ApplicationGroovyPipeLine@tmp/withMavenddcf55d5/pipeline-maven-spy.jar" -Dorg.jenkinsci.plugins.pipeline.maven.reportsFolder="/var/lib/jenkins/workspace/0.ApplicationGroovyPipeLine@tmp/withMavenddcf55d5" 
[2020-04-13T10:09:36.172Z] Running com.edurekademo.utilities.TestHexAsciiConversion
[2020-04-13T10:09:36.172Z] SLF4J: Class path contains multiple SLF4J bindings.
[2020-04-13T10:09:36.172Z] SLF4J: Found binding in [jar:file:/var/lib/jenkins/.m2/repository/org/slf4j/slf4j-simple/1.7.7/slf4j-simple-1.7.7.jar!/org/slf4j/impl/StaticLoggerBinder.class]
[2020-04-13T10:09:36.425Z] SLF4J: Found binding in [jar:file:/var/lib/jenkins/.m2/repository/org/slf4j/slf4j-log4j12/1.7.7/slf4j-log4j12-1.7.7.jar!/org/slf4j/impl/StaticLoggerBinder.class]
[2020-04-13T10:09:36.425Z] SLF4J: Found binding in [jar:file:/var/lib/jenkins/.m2/repository/ch/qos/logback/logback-classic/1.0.13/logback-classic-1.0.13.jar!/org/slf4j/impl/StaticLoggerBinder.class]
[2020-04-13T10:09:36.425Z] SLF4J: See http://www.slf4j.org/codes.html#multiple_bindings for an explanation.
[2020-04-13T10:09:36.425Z] SLF4J: Actual binding is of type [org.slf4j.impl.SimpleLoggerFactory]
[2020-04-13T10:09:36.425Z] testing ascii convertion into hexadecimal
[2020-04-13T10:09:36.425Z] 74657374696e6720617363696920636f6e76657274696f6e20696e746f2068657861646563696d616c
[2020-04-13T10:09:36.425Z] Tests run: 4, Failures: 0, Errors: 0, Skipped: 0, Time elapsed: 0.09 sec - in com.edurekademo.utilities.TestHexAsciiConversion
[2020-04-13T10:09:36.425Z] Running com.edurekademo.utilities.TestLogger
[2020-04-13T10:09:36.425Z] [pool-1-thread-5] INFO com.edurekademo.utilities.TestLogger - java.lang.ArithmeticException: / by zero
[2020-04-13T10:09:36.425Z] Cause:at com.edurekademo.utilities.TestLogger.testGetErrorMessage1(TestLogger.java:14)
[2020-04-13T10:09:36.425Z] Cause:at sun.reflect.NativeMethodAccessorImpl.invoke0(Native Method)
[2020-04-13T10:09:36.425Z] [pool-1-thread-6] INFO com.edurekademo.utilities.TestLogger - java.lang.ArithmeticException: / by zero
[2020-04-13T10:09:36.425Z] Cause:at com.edurekademo.utilities.TestLogger.testGetErrorMessage2(TestLogger.java:30)
[2020-04-13T10:09:36.425Z] Cause:at sun.reflect.NativeMethodAccessorImpl.invoke0(Native Method)
[2020-04-13T10:09:36.425Z] [pool-1-thread-7] INFO com.edurekademo.utilities.TestLogger - java.lang.ArithmeticException: / by zero
[2020-04-13T10:09:36.425Z] Cause:at com.edurekademo.utilities.ExceptionThrower.getCounter(ExceptionThrower.java:13)
[2020-04-13T10:09:36.425Z] Cause:at com.edurekademo.utilities.TestLogger.testGetErrorMessage3(TestLogger.java:45)
[2020-04-13T10:09:36.425Z] [pool-1-thread-9] ERROR com.edurekademo.utilities.ExceptionThrower - java.lang.Exception: DEAR
[2020-04-13T10:09:36.425Z] Cause:at com.edurekademo.utilities.ExceptionThrower.doYYY(ExceptionThrower.java:35)
[2020-04-13T10:09:36.425Z] Cause:at com.edurekademo.utilities.ExceptionThrower.doXXX(ExceptionThrower.java:23)
[2020-04-13T10:09:36.425Z] [pool-1-thread-9] INFO com.edurekademo.utilities.TestLogger - java.lang.Exception: TEST MESSAGE
[2020-04-13T10:09:36.425Z] Cause:at com.edurekademo.utilities.ExceptionThrower.doCheck(ExceptionThrower.java:43)
[2020-04-13T10:09:36.425Z] Cause:at com.edurekademo.utilities.TestLogger.testGetErrorMessage5(TestLogger.java:75)
[2020-04-13T10:09:36.425Z] ***** java.lang.Exception: TEST MESSAGE
[2020-04-13T10:09:36.425Z] Cause:at com.edurekademo.utilities.ExceptionThrower.doCheck(ExceptionThrower.java:43)
[2020-04-13T10:09:36.425Z] Cause:at com.edurekademo.utilities.TestLogger.testGetErrorMessage5(TestLogger.java:75)
[2020-04-13T10:09:36.425Z] [pool-1-thread-8] INFO com.edurekademo.utilities.TestLogger - java.io.IOException: TESTIOEXCEPTION
[2020-04-13T10:09:36.425Z] Cause:at com.edurekademo.utilities.ExceptionThrower.doNothing(ExceptionThrower.java:18)
[2020-04-13T10:09:36.425Z] Cause:at com.edurekademo.utilities.TestLogger.testGetErrorMessage4(TestLogger.java:60)
[2020-04-13T10:09:36.425Z] Tests run: 5, Failures: 0, Errors: 0, Skipped: 0, Time elapsed: 0.061 sec - in com.edurekademo.utilities.TestLogger
[2020-04-13T10:09:36.425Z] Running com.edurekademo.utilities.TestGenericComparator
[2020-04-13T10:09:36.425Z] Tests run: 14, Failures: 0, Errors: 0, Skipped: 0, Time elapsed: 0.061 sec - in com.edurekademo.utilities.TestGenericComparator
[2020-04-13T10:09:38.306Z] 
[2020-04-13T10:09:38.307Z] Results :
[2020-04-13T10:09:38.307Z] 
[2020-04-13T10:09:38.307Z] Tests run: 23, Failures: 0, Errors: 0, Skipped: 0
[2020-04-13T10:09:38.307Z] 
[2020-04-13T10:09:38.307Z] [INFO] 
[2020-04-13T10:09:38.307Z] [INFO] <<< cobertura-maven-plugin:2.7:cobertura (default-cli) < [cobertura]test @ addressbook <<<
[2020-04-13T10:09:38.307Z] [INFO] 
[2020-04-13T10:09:38.307Z] [INFO] 
[2020-04-13T10:09:38.307Z] [INFO] --- cobertura-maven-plugin:2.7:cobertura (default-cli) @ addressbook ---
[2020-04-13T10:09:42.448Z] [INFO] Cobertura 2.1.1 - GNU GPL License (NO WARRANTY) - See COPYRIGHT file
[2020-04-13T10:09:42.448Z] [INFO] Cobertura: Loaded information on 17 classes.
[2020-04-13T10:09:42.448Z] [WARN] JavaNCSS got an error while parsing the java file /var/lib/jenkins/workspace/0.ApplicationGroovyPipeLine/src/main/java/com/edurekademo/tutorial/addressbook/AddressbookUI.java
[2020-04-13T10:09:42.448Z] ParseException in STDIN
[2020-04-13T10:09:42.448Z] Last useful checkpoint: "com.edurekademo.tutorial.addressbook.AddressbookUI.configureComponents()"
[2020-04-13T10:09:42.448Z] Encountered " ">" "> "" at line 72, column 40.
[2020-04-13T10:09:42.448Z] Was expecting one of:
[2020-04-13T10:09:42.448Z]     "assert" ...
[2020-04-13T10:09:42.448Z]     "boolean" ...
[2020-04-13T10:09:42.448Z]     "byte" ...
[2020-04-13T10:09:42.448Z]     "char" ...
[2020-04-13T10:09:42.448Z]     "double" ...
[2020-04-13T10:09:42.448Z]     "enum" ...
[2020-04-13T10:09:42.448Z]     "false" ...
[2020-04-13T10:09:42.448Z]     "float" ...
[2020-04-13T10:09:42.448Z]     "int" ...
[2020-04-13T10:09:42.448Z]     "long" ...
[2020-04-13T10:09:42.448Z]     "new" ...
[2020-04-13T10:09:42.448Z]     "null" ...
[2020-04-13T10:09:42.448Z]     "short" ...
[2020-04-13T10:09:42.448Z]     "super" ...
[2020-04-13T10:09:42.448Z]     "this" ...
[2020-04-13T10:09:42.448Z]     "true" ...
[2020-04-13T10:09:42.448Z]     "void" ...
[2020-04-13T10:09:42.448Z]     <INTEGER_LITERAL> ...
[2020-04-13T10:09:42.448Z]     <FLOATING_POINT_LITERAL> ...
[2020-04-13T10:09:42.448Z]     <CHARACTER_LITERAL> ...
[2020-04-13T10:09:42.448Z]     <STRING_LITERAL> ...
[2020-04-13T10:09:42.448Z]     <IDENTIFIER> ...
[2020-04-13T10:09:42.448Z]     "(" ...
[2020-04-13T10:09:42.448Z]     "!" ...
[2020-04-13T10:09:42.448Z]     "~" ...
[2020-04-13T10:09:42.448Z]     "++" ...
[2020-04-13T10:09:42.448Z]     "--" ...
[2020-04-13T10:09:42.448Z]     "+" ...
[2020-04-13T10:09:42.448Z]     "-" ...
[2020-04-13T10:09:42.448Z]     
[2020-04-13T10:09:42.448Z] 
[2020-04-13T10:09:42.448Z] [WARN] JavaNCSS got an error while parsing the java file /var/lib/jenkins/workspace/0.ApplicationGroovyPipeLine/src/main/java/com/edurekademo/tutorial/addressbook/ContactForm.java
[2020-04-13T10:09:42.449Z] ParseException in STDIN
[2020-04-13T10:09:42.449Z] Last useful checkpoint: "com.edurekademo.tutorial.addressbook.ContactForm"
[2020-04-13T10:09:42.449Z] Encountered " ":" ": "" at line 26, column 42.
[2020-04-13T10:09:42.449Z] Was expecting one of:
[2020-04-13T10:09:42.449Z]     "assert" ...
[2020-04-13T10:09:42.449Z]     "instanceof" ...
[2020-04-13T10:09:42.449Z]     "new" ...
[2020-04-13T10:09:42.449Z]     <IDENTIFIER> ...
[2020-04-13T10:09:42.449Z]     ")" ...
[2020-04-13T10:09:42.449Z]     "," ...
[2020-04-13T10:09:42.449Z]     "." ...
[2020-04-13T10:09:42.449Z]     "=" ...
[2020-04-13T10:09:42.449Z]     ">" ...
[2020-04-13T10:09:42.449Z]     "<" ...
[2020-04-13T10:09:42.449Z]     "?" ...
[2020-04-13T10:09:42.449Z]     "==" ...
[2020-04-13T10:09:42.449Z]     "<=" ...
[2020-04-13T10:09:42.449Z]     ">=" ...
[2020-04-13T10:09:42.449Z]     "!=" ...
[2020-04-13T10:09:42.449Z]     "||" ...
[2020-04-13T10:09:42.449Z]     "&&" ...
[2020-04-13T10:09:42.449Z]     "++" ...
[2020-04-13T10:09:42.449Z]     "--" ...
[2020-04-13T10:09:42.449Z]     "+" ...
[2020-04-13T10:09:42.449Z]     "-" ...
[2020-04-13T10:09:42.449Z]     "*" ...
[2020-04-13T10:09:42.449Z]     "/" ...
[2020-04-13T10:09:42.449Z]     "&" ...
[2020-04-13T10:09:42.449Z]     "|" ...
[2020-04-13T10:09:42.449Z]     "^" ...
[2020-04-13T10:09:42.449Z]     "%" ...
[2020-04-13T10:09:42.449Z]     "+=" ...
[2020-04-13T10:09:42.449Z]     "-=" ...
[2020-04-13T10:09:42.449Z]     "*=" ...
[2020-04-13T10:09:42.449Z]     "/=" ...
[2020-04-13T10:09:42.449Z]     "&=" ...
[2020-04-13T10:09:42.449Z]     "|=" ...
[2020-04-13T10:09:42.449Z]     "^=" ...
[2020-04-13T10:09:42.449Z]     "%=" ...
[2020-04-13T10:09:42.449Z]     "<<=" ...
[2020-04-13T10:09:42.449Z]     ">>=" ...
[2020-04-13T10:09:42.449Z]     ">>>=" ...
[2020-04-13T10:09:42.449Z]     ">" ...
[2020-04-13T10:09:42.449Z]     "." ...
[2020-04-13T10:09:42.449Z]     "." ...
[2020-04-13T10:09:42.449Z]     "." ...
[2020-04-13T10:09:42.449Z]     "." ...
[2020-04-13T10:09:42.449Z]     
[2020-04-13T10:09:42.449Z] 
[2020-04-13T10:09:42.449Z] Report time: 1260ms
[2020-04-13T10:09:42.449Z] 
[2020-04-13T10:09:42.449Z] [ERROR] Picked up JAVA_TOOL_OPTIONS: -Dmaven.ext.class.path="/var/lib/jenkins/workspace/0.ApplicationGroovyPipeLine@tmp/withMavenddcf55d5/pipeline-maven-spy.jar" -Dorg.jenkinsci.plugins.pipeline.maven.reportsFolder="/var/lib/jenkins/workspace/0.ApplicationGroovyPipeLine@tmp/withMavenddcf55d5" 
[2020-04-13T10:09:42.449Z] net.sourceforge.cobertura.javancss.parser.ParseException: Encountered " ">" "> "" at line 72, column 40.
[2020-04-13T10:09:42.449Z] Was expecting one of:
[2020-04-13T10:09:42.449Z]     "assert" ...
[2020-04-13T10:09:42.449Z]     "boolean" ...
[2020-04-13T10:09:42.449Z]     "byte" ...
[2020-04-13T10:09:42.449Z]     "char" ...
[2020-04-13T10:09:42.449Z]     "double" ...
[2020-04-13T10:09:42.449Z]     "enum" ...
[2020-04-13T10:09:42.449Z]     "false" ...
[2020-04-13T10:09:42.449Z]     "float" ...
[2020-04-13T10:09:42.449Z]     "int" ...
[2020-04-13T10:09:42.449Z]     "long" ...
[2020-04-13T10:09:42.449Z]     "new" ...
[2020-04-13T10:09:42.449Z]     "null" ...
[2020-04-13T10:09:42.449Z]     "short" ...
[2020-04-13T10:09:42.449Z]     "super" ...
[2020-04-13T10:09:42.449Z]     "this" ...
[2020-04-13T10:09:42.449Z]     "true" ...
[2020-04-13T10:09:42.449Z]     "void" ...
[2020-04-13T10:09:42.449Z]     <INTEGER_LITERAL> ...
[2020-04-13T10:09:42.449Z]     <FLOATING_POINT_LITERAL> ...
[2020-04-13T10:09:42.449Z]     <CHARACTER_LITERAL> ...
[2020-04-13T10:09:42.449Z]     <STRING_LITERAL> ...
[2020-04-13T10:09:42.449Z]     <IDENTIFIER> ...
[2020-04-13T10:09:42.449Z]     "(" ...
[2020-04-13T10:09:42.449Z]     "!" ...
[2020-04-13T10:09:42.449Z]     "~" ...
[2020-04-13T10:09:42.449Z]     "++" ...
[2020-04-13T10:09:42.449Z]     "--" ...
[2020-04-13T10:09:42.449Z]     "+" ...
[2020-04-13T10:09:42.449Z]     "-" ...
[2020-04-13T10:09:42.449Z]     
[2020-04-13T10:09:42.449Z] 	at net.sourceforge.cobertura.javancss.parser.JavaParser.generateParseException(JavaParser.java:10490)
[2020-04-13T10:09:42.449Z] 	at net.sourceforge.cobertura.javancss.parser.JavaParser.jj_consume_token(JavaParser.java:10366)
[2020-04-13T10:09:42.449Z] 	at net.sourceforge.cobertura.javancss.parser.JavaParser.UnaryExpression(JavaParser.java:3175)
[2020-04-13T10:09:42.449Z] 	at net.sourceforge.cobertura.javancss.parser.JavaParser.MultiplicativeExpression(JavaParser.java:3090)
[2020-04-13T10:09:42.449Z] 	at net.sourceforge.cobertura.javancss.parser.JavaParser.AdditiveExpression(JavaParser.java:3085)
[2020-04-13T10:09:42.449Z] 	at net.sourceforge.cobertura.javancss.parser.JavaParser.ShiftExpression(JavaParser.java:3027)
[2020-04-13T10:09:42.449Z] 	at net.sourceforge.cobertura.javancss.parser.JavaParser.RelationalExpression(JavaParser.java:2990)
[2020-04-13T10:09:42.449Z] 	at net.sourceforge.cobertura.javancss.parser.JavaParser.InstanceOfExpression(JavaParser.java:2977)
[2020-04-13T10:09:42.449Z] 	at net.sourceforge.cobertura.javancss.parser.JavaParser.AssigmentExpression(JavaParser.java:2959)
[2020-04-13T10:09:42.449Z] 	at net.sourceforge.cobertura.javancss.parser.JavaParser.EqualityExpression(JavaParser.java:2886)
[2020-04-13T10:09:42.449Z] 	at net.sourceforge.cobertura.javancss.parser.JavaParser.AndExpression(JavaParser.java:2860)
[2020-04-13T10:09:42.449Z] 	at net.sourceforge.cobertura.javancss.parser.JavaParser.ExclusiveOrExpression(JavaParser.java:2843)
[2020-04-13T10:09:42.449Z] 	at net.sourceforge.cobertura.javancss.parser.JavaParser.InclusiveOrExpression(JavaParser.java:2826)
[2020-04-13T10:09:42.449Z] 	at net.sourceforge.cobertura.javancss.parser.JavaParser.ConditionalAndExpression(JavaParser.java:2808)
[2020-04-13T10:09:42.449Z] 	at net.sourceforge.cobertura.javancss.parser.JavaParser.ConditionalOrExpression(JavaParser.java:2790)
[2020-04-13T10:09:42.449Z] 	at net.sourceforge.cobertura.javancss.parser.JavaParser.ConditionalExpression(JavaParser.java:2774)
[2020-04-13T10:09:42.449Z] 	at net.sourceforge.cobertura.javancss.parser.JavaParser.Expression(JavaParser.java:2718)
[2020-04-13T10:09:42.449Z] 	at net.sourceforge.cobertura.javancss.parser.JavaParser.ArgumentList(JavaParser.java:3620)
[2020-04-13T10:09:42.449Z] 	at net.sourceforge.cobertura.javancss.parser.JavaParser.Arguments(JavaParser.java:3610)
[2020-04-13T10:09:42.449Z] 	at net.sourceforge.cobertura.javancss.parser.JavaParser.PrimarySuffix(JavaParser.java:3511)
[2020-04-13T10:09:42.449Z] 	at net.sourceforge.cobertura.javancss.parser.JavaParser.PrimaryExpression(JavaParser.java:3384)
[2020-04-13T10:09:42.449Z] 	at net.sourceforge.cobertura.javancss.parser.JavaParser.StatementExpression(JavaParser.java:4070)
[2020-04-13T10:09:42.450Z] 	at net.sourceforge.cobertura.javancss.parser.JavaParser.Statement(JavaParser.java:3795)
[2020-04-13T10:09:42.450Z] 	at net.sourceforge.cobertura.javancss.parser.JavaParser.BlockStatement(JavaParser.java:3984)
[2020-04-13T10:09:42.450Z] 	at net.sourceforge.cobertura.javancss.parser.JavaParser.Block(JavaParser.java:3934)
[2020-04-13T10:09:42.450Z] 	at net.sourceforge.cobertura.javancss.parser.JavaParser.MethodDeclaration(JavaParser.java:1987)
[2020-04-13T10:09:42.450Z] 	at net.sourceforge.cobertura.javancss.parser.JavaParser.ClassBodyDeclaration(JavaParser.java:1039)
[2020-04-13T10:09:42.450Z] 	at net.sourceforge.cobertura.javancss.parser.JavaParser.ClassBody(JavaParser.java:898)
[2020-04-13T10:09:42.450Z] 	at net.sourceforge.cobertura.javancss.parser.JavaParser.UnmodifiedClassDeclaration(JavaParser.java:824)
[2020-04-13T10:09:42.450Z] 	at net.sourceforge.cobertura.javancss.parser.JavaParser.ClassDeclaration(JavaParser.java:728)
[2020-04-13T10:09:42.450Z] 	at net.sourceforge.cobertura.javancss.parser.JavaParser.TypeDeclaration(JavaParser.java:575)
[2020-04-13T10:09:42.450Z] 	at net.sourceforge.cobertura.javancss.parser.JavaParser.CompilationUnit(JavaParser.java:318)
[2020-04-13T10:09:42.450Z] 	at net.sourceforge.cobertura.javancss.parser.JavaParser.parse(JavaParser.java:100)
[2020-04-13T10:09:42.450Z] 	at net.sourceforge.cobertura.javancss.Javancss._measureSource(Javancss.java:192)
[2020-04-13T10:09:42.450Z] 	at net.sourceforge.cobertura.javancss.Javancss._measureRoot(Javancss.java:268)
[2020-04-13T10:09:42.450Z] 	at net.sourceforge.cobertura.javancss.Javancss.<init>(Javancss.java:347)
[2020-04-13T10:09:42.450Z] 	at net.sourceforge.cobertura.javancss.JavancssFactory.newInstance(JavancssFactory.java:40)
[2020-04-13T10:09:42.450Z] 	at net.sourceforge.cobertura.reporting.ComplexityCalculator.getFunctionMetricsForSingleFile(ComplexityCalculator.java:243)
[2020-04-13T10:09:42.450Z] 	at net.sourceforge.cobertura.reporting.ComplexityCalculator.getAccumlatedCCNForSingleFile(ComplexityCalculator.java:143)
[2020-04-13T10:09:42.450Z] 	at net.sourceforge.cobertura.reporting.ComplexityCalculator.getCCNForSourceFileNameInternal(ComplexityCalculator.java:273)
[2020-04-13T10:09:42.450Z] 	at net.sourceforge.cobertura.reporting.ComplexityCalculator.getCCNForPackageInternal(ComplexityCalculator.java:208)
[2020-04-13T10:09:42.450Z] 	at net.sourceforge.cobertura.reporting.ComplexityCalculator.getCCNForProject(ComplexityCalculator.java:174)
[2020-04-13T10:09:42.450Z] 	at net.sourceforge.cobertura.reporting.xml.XMLReport.<init>(XMLReport.java:70)
[2020-04-13T10:09:42.450Z] 	at net.sourceforge.cobertura.reporting.xml.XMLReportFormatStrategy.save(XMLReportFormatStrategy.java:18)
[2020-04-13T10:09:42.450Z] 	at net.sourceforge.cobertura.reporting.NativeReport.export(NativeReport.java:31)
[2020-04-13T10:09:42.450Z] 	at net.sourceforge.cobertura.reporting.CompositeReport.export(CompositeReport.java:19)
[2020-04-13T10:09:42.450Z] 	at net.sourceforge.cobertura.reporting.ReportMain.parseArgumentsAndReport(ReportMain.java:91)
[2020-04-13T10:09:42.450Z] 	at net.sourceforge.cobertura.reporting.ReportMain.generateReport(ReportMain.java:141)
[2020-04-13T10:09:42.450Z] 	at net.sourceforge.cobertura.reporting.ReportMain.main(ReportMain.java:151)
[2020-04-13T10:09:42.450Z] net.sourceforge.cobertura.javancss.parser.ParseException: Encountered " ":" ": "" at line 26, column 42.
[2020-04-13T10:09:42.450Z] Was expecting one of:
[2020-04-13T10:09:42.450Z]     "assert" ...
[2020-04-13T10:09:42.450Z]     "instanceof" ...
[2020-04-13T10:09:42.450Z]     "new" ...
[2020-04-13T10:09:42.450Z]     <IDENTIFIER> ...
[2020-04-13T10:09:42.450Z]     ")" ...
[2020-04-13T10:09:42.450Z]     "," ...
[2020-04-13T10:09:42.450Z]     "." ...
[2020-04-13T10:09:42.450Z]     "=" ...
[2020-04-13T10:09:42.450Z]     ">" ...
[2020-04-13T10:09:42.450Z]     "<" ...
[2020-04-13T10:09:42.450Z]     "?" ...
[2020-04-13T10:09:42.450Z]     "==" ...
[2020-04-13T10:09:42.450Z]     "<=" ...
[2020-04-13T10:09:42.450Z]     ">=" ...
[2020-04-13T10:09:42.450Z]     "!=" ...
[2020-04-13T10:09:42.450Z]     "||" ...
[2020-04-13T10:09:42.450Z]     "&&" ...
[2020-04-13T10:09:42.450Z]     "++" ...
[2020-04-13T10:09:42.450Z]     "--" ...
[2020-04-13T10:09:42.450Z]     "+" ...
[2020-04-13T10:09:42.450Z]     "-" ...
[2020-04-13T10:09:42.450Z]     "*" ...
[2020-04-13T10:09:42.450Z]     "/" ...
[2020-04-13T10:09:42.450Z]     "&" ...
[2020-04-13T10:09:42.450Z]     "|" ...
[2020-04-13T10:09:42.450Z]     "^" ...
[2020-04-13T10:09:42.450Z]     "%" ...
[2020-04-13T10:09:42.450Z]     "+=" ...
[2020-04-13T10:09:42.450Z]     "-=" ...
[2020-04-13T10:09:42.450Z]     "*=" ...
[2020-04-13T10:09:42.450Z]     "/=" ...
[2020-04-13T10:09:42.450Z]     "&=" ...
[2020-04-13T10:09:42.450Z]     "|=" ...
[2020-04-13T10:09:42.450Z]     "^=" ...
[2020-04-13T10:09:42.450Z]     "%=" ...
[2020-04-13T10:09:42.450Z]     "<<=" ...
[2020-04-13T10:09:42.450Z]     ">>=" ...
[2020-04-13T10:09:42.450Z]     ">>>=" ...
[2020-04-13T10:09:42.450Z]     ">" ...
[2020-04-13T10:09:42.450Z]     "." ...
[2020-04-13T10:09:42.450Z]     "." ...
[2020-04-13T10:09:42.450Z]     "." ...
[2020-04-13T10:09:42.450Z]     "." ...
[2020-04-13T10:09:42.450Z]     
[2020-04-13T10:09:42.450Z] 	at net.sourceforge.cobertura.javancss.parser.JavaParser.generateParseException(JavaParser.java:10490)
[2020-04-13T10:09:42.450Z] 	at net.sourceforge.cobertura.javancss.parser.JavaParser.jj_consume_token(JavaParser.java:10366)
[2020-04-13T10:09:42.450Z] 	at net.sourceforge.cobertura.javancss.parser.JavaParser.Arguments(JavaParser.java:3616)
[2020-04-13T10:09:42.451Z] 	at net.sourceforge.cobertura.javancss.parser.JavaParser.AllocationExpression(JavaParser.java:3665)
[2020-04-13T10:09:42.451Z] 	at net.sourceforge.cobertura.javancss.parser.JavaParser.PrimaryPrefix(JavaParser.java:3456)
[2020-04-13T10:09:42.451Z] 	at net.sourceforge.cobertura.javancss.parser.JavaParser.PrimaryExpression(JavaParser.java:3376)
[2020-04-13T10:09:42.451Z] 	at net.sourceforge.cobertura.javancss.parser.JavaParser.PostfixExpression(JavaParser.java:3330)
[2020-04-13T10:09:42.451Z] 	at net.sourceforge.cobertura.javancss.parser.JavaParser.UnaryExpressionNotPlusMinus(JavaParser.java:3237)
[2020-04-13T10:09:42.451Z] 	at net.sourceforge.cobertura.javancss.parser.JavaParser.UnaryExpression(JavaParser.java:3171)
[2020-04-13T10:09:42.451Z] 	at net.sourceforge.cobertura.javancss.parser.JavaParser.MultiplicativeExpression(JavaParser.java:3090)
[2020-04-13T10:09:42.451Z] 	at net.sourceforge.cobertura.javancss.parser.JavaParser.AdditiveExpression(JavaParser.java:3061)
[2020-04-13T10:09:42.451Z] 	at net.sourceforge.cobertura.javancss.parser.JavaParser.ShiftExpression(JavaParser.java:3027)
[2020-04-13T10:09:42.451Z] 	at net.sourceforge.cobertura.javancss.parser.JavaParser.RelationalExpression(JavaParser.java:2990)
[2020-04-13T10:09:42.451Z] 	at net.sourceforge.cobertura.javancss.parser.JavaParser.InstanceOfExpression(JavaParser.java:2977)
[2020-04-13T10:09:42.451Z] 	at net.sourceforge.cobertura.javancss.parser.JavaParser.AssigmentExpression(JavaParser.java:2959)
[2020-04-13T10:09:42.451Z] 	at net.sourceforge.cobertura.javancss.parser.JavaParser.EqualityExpression(JavaParser.java:2886)
[2020-04-13T10:09:42.451Z] 	at net.sourceforge.cobertura.javancss.parser.JavaParser.AndExpression(JavaParser.java:2860)
[2020-04-13T10:09:42.451Z] 	at net.sourceforge.cobertura.javancss.parser.JavaParser.ExclusiveOrExpression(JavaParser.java:2843)
[2020-04-13T10:09:42.451Z] 	at net.sourceforge.cobertura.javancss.parser.JavaParser.InclusiveOrExpression(JavaParser.java:2826)
[2020-04-13T10:09:42.451Z] 	at net.sourceforge.cobertura.javancss.parser.JavaParser.ConditionalAndExpression(JavaParser.java:2808)
[2020-04-13T10:09:42.451Z] 	at net.sourceforge.cobertura.javancss.parser.JavaParser.ConditionalOrExpression(JavaParser.java:2790)
[2020-04-13T10:09:42.451Z] 	at net.sourceforge.cobertura.javancss.parser.JavaParser.ConditionalExpression(JavaParser.java:2774)
[2020-04-13T10:09:42.451Z] 	at net.sourceforge.cobertura.javancss.parser.JavaParser.Expression(JavaParser.java:2718)
[2020-04-13T10:09:42.451Z] 	at net.sourceforge.cobertura.javancss.parser.JavaParser.VariableInitializer(JavaParser.java:1744)
[2020-04-13T10:09:42.451Z] 	at net.sourceforge.cobertura.javancss.parser.JavaParser.VariableDeclarator(JavaParser.java:1672)
[2020-04-13T10:09:42.451Z] 	at net.sourceforge.cobertura.javancss.parser.JavaParser.FieldDeclaration(JavaParser.java:1649)
[2020-04-13T10:09:42.451Z] 	at net.sourceforge.cobertura.javancss.parser.JavaParser.ClassBodyDeclaration(JavaParser.java:1071)
[2020-04-13T10:09:42.451Z] 	at net.sourceforge.cobertura.javancss.parser.JavaParser.ClassBody(JavaParser.java:898)
[2020-04-13T10:09:42.451Z] 	at net.sourceforge.cobertura.javancss.parser.JavaParser.UnmodifiedClassDeclaration(JavaParser.java:824)
[2020-04-13T10:09:42.451Z] 	at net.sourceforge.cobertura.javancss.parser.JavaParser.ClassDeclaration(JavaParser.java:728)
[2020-04-13T10:09:42.451Z] 	at net.sourceforge.cobertura.javancss.parser.JavaParser.TypeDeclaration(JavaParser.java:575)
[2020-04-13T10:09:42.451Z] 	at net.sourceforge.cobertura.javancss.parser.JavaParser.CompilationUnit(JavaParser.java:318)
[2020-04-13T10:09:42.451Z] 	at net.sourceforge.cobertura.javancss.parser.JavaParser.parse(JavaParser.java:100)
[2020-04-13T10:09:42.451Z] 	at net.sourceforge.cobertura.javancss.Javancss._measureSource(Javancss.java:192)
[2020-04-13T10:09:42.451Z] 	at net.sourceforge.cobertura.javancss.Javancss._measureRoot(Javancss.java:268)
[2020-04-13T10:09:42.451Z] 	at net.sourceforge.cobertura.javancss.Javancss.<init>(Javancss.java:347)
[2020-04-13T10:09:42.451Z] 	at net.sourceforge.cobertura.javancss.JavancssFactory.newInstance(JavancssFactory.java:40)
[2020-04-13T10:09:42.451Z] 	at net.sourceforge.cobertura.reporting.ComplexityCalculator.getFunctionMetricsForSingleFile(ComplexityCalculator.java:243)
[2020-04-13T10:09:42.451Z] 	at net.sourceforge.cobertura.reporting.ComplexityCalculator.getAccumlatedCCNForSingleFile(ComplexityCalculator.java:143)
[2020-04-13T10:09:42.451Z] 	at net.sourceforge.cobertura.reporting.ComplexityCalculator.getCCNForSourceFileNameInternal(ComplexityCalculator.java:273)
[2020-04-13T10:09:42.451Z] 	at net.sourceforge.cobertura.reporting.ComplexityCalculator.getCCNForPackageInternal(ComplexityCalculator.java:208)
[2020-04-13T10:09:42.451Z] 	at net.sourceforge.cobertura.reporting.ComplexityCalculator.getCCNForProject(ComplexityCalculator.java:174)
[2020-04-13T10:09:42.451Z] 	at net.sourceforge.cobertura.reporting.xml.XMLReport.<init>(XMLReport.java:70)
[2020-04-13T10:09:42.451Z] 	at net.sourceforge.cobertura.reporting.xml.XMLReportFormatStrategy.save(XMLReportFormatStrategy.java:18)
[2020-04-13T10:09:42.451Z] 	at net.sourceforge.cobertura.reporting.NativeReport.export(NativeReport.java:31)
[2020-04-13T10:09:42.451Z] 	at net.sourceforge.cobertura.reporting.CompositeReport.export(CompositeReport.java:19)
[2020-04-13T10:09:42.451Z] 	at net.sourceforge.cobertura.reporting.ReportMain.parseArgumentsAndReport(ReportMain.java:91)
[2020-04-13T10:09:42.451Z] 	at net.sourceforge.cobertura.reporting.ReportMain.generateReport(ReportMain.java:141)
[2020-04-13T10:09:42.451Z] 	at net.sourceforge.cobertura.reporting.ReportMain.main(ReportMain.java:151)
[2020-04-13T10:09:42.451Z] 
[2020-04-13T10:09:42.451Z] [INFO] Cobertura Report generation was successful.
[2020-04-13T10:09:42.451Z] [INFO] ------------------------------------------------------------------------
[2020-04-13T10:09:42.451Z] [INFO] BUILD SUCCESS
[2020-04-13T10:09:42.451Z] [INFO] ------------------------------------------------------------------------
[2020-04-13T10:09:42.451Z] [INFO] Total time:  40.257 s
[2020-04-13T10:09:42.451Z] [INFO] Finished at: 2020-04-13T15:39:42+05:30
[2020-04-13T10:09:42.451Z] [INFO] ------------------------------------------------------------------------
[2020-04-13T10:09:42.451Z] [INFO] [jenkins-event-spy] Generated /var/lib/jenkins/workspace/0.ApplicationGroovyPipeLine@tmp/withMavenddcf55d5/maven-spy-20200413-153901-3695616762871088175139.log
[2020-04-13T10:09:43.013Z] [8mha:////4FFIDszJwmuUzqGsTYGdBLs+pPI4QHRDGUE4ks4u3MFfAAAAox+LCAAAAAAAAP9tjTESwiAURH/iWNhaegjSZGwcK1uGxhNggghh/idAJJUn8mreQTQzVm6xs2+b93zBOgY4UtDMKhwMxs4w7yZdFssUhqujzCxdWEcYySkmVBbUq9OCgpKCJVUNKw4bhZ2jaFAn2HIr77JxEnVzTqF8Bw616Ud4QMWLOcmQvjAH2N2mPhL+PH8FMPsEddt+au/fiSQUTb4AAAA=[0m[Pipeline] cobertura
[2020-04-13T10:09:43.134Z] [Cobertura] Publishing Cobertura coverage report...
[2020-04-13T10:09:43.134Z] 
[2020-04-13T10:09:43.160Z] [Cobertura] Publishing Cobertura coverage results...
[2020-04-13T10:09:43.160Z] 
[2020-04-13T10:09:43.167Z] [Cobertura] Cobertura coverage report found.
[2020-04-13T10:09:43.167Z] 
[2020-04-13T10:09:43.909Z] [8mha:////4KUdk4tIihl6znSa7YWyOd8QFoS1XbZJ5YXHCGYfPfLzAAAApB+LCAAAAAAAAP9tjTESwiAURH/iWNhaegjSZMbCsbJlaDwBJogQ5n8CRFJ5Iq/mHUQzY+UWO/u2ec8XrGOAIwXNrMLBYOwM827SZbFMYbg6yszShXWEkZxiQmVBvTotKCgpWFLVsOKwUdg5igZ1gi238i4bJ1E35xTKd+BQm36EB1S8mJMM6QtzgN1t6iPhz/NXALP3Cep2/6n2DfqIzSO+AAAA[0m[Pipeline] }
[2020-04-13T10:09:44.364Z] [withMaven] artifactsPublisher - Archive artifact pom.xml under com/edurekademo/tutorial/addressbook/2.0/addressbook-2.0.pom
[2020-04-13T10:09:44.567Z] [withMaven] junitPublisher - Archive test results for Maven artifact com.edurekademo.tutorial:addressbook:war:2.0 generated by maven-surefire-plugin:test (default-test): target/surefire-reports/*.xml
[2020-04-13T10:09:44.567Z] Recording test results
[2020-04-13T10:09:44.763Z] [withMaven] openTasksPublisher - Scan Tasks for Maven artifact com.edurekademo.tutorial:addressbook:war:2.0 in source directory src/main/java
[2020-04-13T10:09:44.779Z] [TASKS] Scanning folder '/var/lib/jenkins/workspace/0.ApplicationGroovyPipeLine' for files matching the pattern 'src/main/java/**/*' - excludes: null
[2020-04-13T10:09:44.779Z] [TASKS] Found 13 files to scan for tasks
[2020-04-13T10:09:44.779Z] [TASKS] Found 0 open tasks.
[2020-04-13T10:09:44.779Z] Skipping warnings blame since pipelines do not have an SCM link.%n
[2020-04-13T10:09:45.263Z] [withMaven] Publishers: Pipeline Graph Publisher: 11 ms, Generated Artifacts Publisher: 202 ms, Junit Publisher: 194 ms, Open Task Scanner Publisher: 499 ms
[2020-04-13T10:09:45.268Z] [8mha:////4BFsGrUA+vL0KhcI9eA9K80X7dZJhfvKK9PZ1ZWrQmYXAAAApR+LCAAAAAAAAP9tjTEOwjAQBC9BFLSUPOJSQIGEqNJabniBiY1xYt0Z2yGpeBFf4w8EIlGxxWpnm3m+YJkiHDlabA11jlLjMPjeTgsHjt3F84Atn7FhSuwNSjNI1qaeUXI2MKcoYSFgZajxnBzZDGvRqruqvCJbnXKcvoOA0ukbPKAQkzmrmL8wRthce52Yfp6/AhhDyFDu9p/avgGMr/9MvgAAAA==[0m[Pipeline] // withMaven
[2020-04-13T10:09:45.366Z] [8mha:////4JM22CNGDdfkWwys3y6vcT2Pqx4r3GLnENNx3h+LziroAAAApR+LCAAAAAAAAP9tjTEOwjAQBC9BFLSUPOIiIRqEqNJabniBiY1xYt0Z2yGpeBFf4w8EIlGxxWpnm3m+YJkiHDlabA11jlLjMPjeTgsHjt3F84Atn7FhSuwNSjNI1qaeUXI2MKcoYSFgZajxnBzZDGvRqruqvCJbnXKcvoOA0ukbPKAQkzmrmL8wRthce52Yfp6/AhhDyFDu9p/avgG/TKTwvgAAAA==[0m[Pipeline] }
[2020-04-13T10:09:45.784Z] [8mha:////4Pj0MhKQWF/QxI56pTf6Chwi8EJzZ8hDpsD9oNwvnkgBAAAApR+LCAAAAAAAAP9tjTEOwjAQBC9BFLSUPOICElQoFa3lhheYxBgn1l2wHZyKF/E1/oBFJCq2WO1sM683LIOHmr3BTlNvKTQWBzeavDCx76+OE3Z8wYYpsNModZLc6tOMkqOGOUUJCwErTY3jYMlEWItOPVTlFJnqHH3+jgJK297hCYXI5qh8/MLkYXMb28D08/wVwDQMEcrDNtd+9wF5R9XovgAAAA==[0m[Pipeline] // stage
[2020-04-13T10:09:45.882Z] [8mha:////4M8E/6SET4uVyKaIOIrpngcMbTOlmTKm9k8kJBIuH/OgAAAAph+LCAAAAAAAAP9tjTEOwjAQBM9BKWgpeYQjJKgQFa3lhheY2Bgn1l2wLyQVL+Jr/IFAJCq22llpNc8XlDnBgZKXjcM2YK6D7GLvpyYHSu0l0iAbOsuaMFN0UrtBk3XHGTWxgzmigIWCpcM6Ug7oGVaqMXdTRYO+OnGatr2CItgbPECoycwm8RfGBOtrbzPhz/NXAGPHILYMxW7zOZZvABM5bsEAAAA=[0m[Pipeline] stage
[2020-04-13T10:09:46.130Z] [8mha:////4CcQy1C8wSC4UD1mHxOxhqB9f6SQorFp3nSEbogr1btSAAAApx+LCAAAAAAAAP9tjTEOwjAUQ3+LOrAycohUIDEhpq5RFk4QmhDSRv+Xn5R24kRcjTvQUokJD5ZtyXqvNxSR4UTsRGOx9RhrL7rQuymJgbi9BhpEQxdRE0YKVig7KDK2WqqiZGFRlsNKwtpiHSh6dAk2stEPXQaNrjwnnrajhNybOzwhkxM5aU7fMjJsb72JhD/OXwCMXYL8sJttPz+LDwMT42zCAAAA[0m[Pipeline] { (Package)
[2020-04-13T10:09:46.634Z] [8mha:////4D9qOmmys3DU8Z2KEVEXlEAV3j4MHu4TZseSk6uXYaEEAAAApx+LCAAAAAAAAP9tjTEOwjAUQ3+LOrAycohUAjEhpq5RFk4QmhDSRv+Xn5R24kRcjTvQUokJD5ZtyXqvNxSR4UTsRGOx9RhrL7rQuymJgbi9BhpEQxdRE0YKVig7KDK2WqqiZGFRlsNKwtpiHSh6dAk2stEPXQaNrjwnnrajhNybOzwhkxM5aU7fMjJsb72JhD/OXwCMXYL8sJttPz+LD6emXT7CAAAA[0m[Pipeline] withMaven
[2020-04-13T10:09:46.636Z] [withMaven] Options: []
[2020-04-13T10:09:46.636Z] [withMaven] Available options: 
[2020-04-13T10:09:46.636Z] [withMaven] using JDK installation provided by the build agent
[2020-04-13T10:09:46.844Z] [withMaven] using Maven installation 'MyMaven'
[2020-04-13T10:09:46.994Z] [8mha:////4GVU14OAv1A6Lm2DxLLssoidHJFC7CH4RYmmUNKFRIE9AAAApx+LCAAAAAAAAP9tjTEOwjAUQ3+LOrAycoh0ACbE1DXKwglCE0La6P/yk9JOnIircQdaKjHhwbItWe/1hiIynIidaCy2HmPtRRd6NyUxELfXQINo6CJqwkjBCmUHRcZWS1WULCzKclhJWFusA0WPLsFGNvqhy6DRlefE03aUkHtzhydkciInzelbRobtrTeR8Mf5C4CxS5AfdrPt52fxAd9J1uLCAAAA[0m[Pipeline] {
[2020-04-13T10:09:47.208Z] [8mha:////4PfM9RMAHy1qwAhdzwN+uGO5mp0kChusmBwYnqEjHgntAAAAox+LCAAAAAAAAP9tjTEOwjAQBC9BFLSUPOLSkApR0VppeIFJjLFj3Tm2g1PxIr7GHwhEomKL1c4283zBOgY4ctBoFfWGYmvQu1HPCzOH/uo4o+ULtkyRncJG5YY7dVqw4aRgSVHCSsBGUes4GtIJtsLKu6ycJF2dU5i/g4DSdAM8oBCzOcmQvjAF2N3GLjL9PH8FMPkEZb3/VO3f4x1Rq74AAAA=[0m[Pipeline] sh
[2020-04-13T10:09:47.867Z] + mvn package
[2020-04-13T10:09:47.867Z] ----- withMaven Wrapper script -----
[2020-04-13T10:09:49.230Z] Picked up JAVA_TOOL_OPTIONS: -Dmaven.ext.class.path="/var/lib/jenkins/workspace/0.ApplicationGroovyPipeLine@tmp/withMaven390d69ed/pipeline-maven-spy.jar" -Dorg.jenkinsci.plugins.pipeline.maven.reportsFolder="/var/lib/jenkins/workspace/0.ApplicationGroovyPipeLine@tmp/withMaven390d69ed" 
[2020-04-13T10:09:50.147Z] Apache Maven 3.6.3 (cecedd343002696d0abb50b32b541b8a6ba2883f)
[2020-04-13T10:09:50.147Z] Maven home: /var/lib/jenkins/tools/hudson.tasks.Maven_MavenInstallation/MyMaven
[2020-04-13T10:09:50.147Z] Java version: 1.8.0_242, vendor: Private Build, runtime: /usr/lib/jvm/java-8-openjdk-amd64/jre
[2020-04-13T10:09:50.147Z] Default locale: en_IN, platform encoding: UTF-8
[2020-04-13T10:09:50.147Z] OS name: "linux", version: "5.3.0-46-generic", arch: "amd64", family: "unix"
[2020-04-13T10:09:52.634Z] [INFO] [jenkins-event-spy] Generate /var/lib/jenkins/workspace/0.ApplicationGroovyPipeLine@tmp/withMaven390d69ed/maven-spy-20200413-153952-245862695301179527534.log.tmp ...
[2020-04-13T10:09:52.885Z] [INFO] Scanning for projects...
[2020-04-13T10:09:53.137Z] [WARNING] 
[2020-04-13T10:09:53.137Z] [WARNING] Some problems were encountered while building the effective model for com.edurekademo.tutorial:addressbook:war:2.0
[2020-04-13T10:09:53.137Z] [WARNING] Reporting configuration should be done in <reporting> section, not in maven-site-plugin <configuration> as reportPlugins parameter. @ line 298, column 40
[2020-04-13T10:09:53.137Z] [WARNING] 
[2020-04-13T10:09:53.137Z] [WARNING] It is highly recommended to fix these problems because they threaten the stability of your build.
[2020-04-13T10:09:53.137Z] [WARNING] 
[2020-04-13T10:09:53.137Z] [WARNING] For this reason, future Maven versions might no longer support building such malformed projects.
[2020-04-13T10:09:53.137Z] [WARNING] 
[2020-04-13T10:09:53.137Z] [INFO] 
[2020-04-13T10:09:53.137Z] [INFO] ----------------< com.edurekademo.tutorial:addressbook >----------------
[2020-04-13T10:09:53.137Z] [INFO] Building Vaadin Addressbook example 2.0
[2020-04-13T10:09:53.137Z] [INFO] --------------------------------[ war ]---------------------------------
[2020-04-13T10:09:54.483Z] [INFO] 
[2020-04-13T10:09:54.483Z] [INFO] --- maven-enforcer-plugin:1.0:enforce (enforce-versions) @ addressbook ---
[2020-04-13T10:09:54.734Z] [INFO] 
[2020-04-13T10:09:54.734Z] [INFO] --- maven-resources-plugin:2.6:resources (default-resources) @ addressbook ---
[2020-04-13T10:09:54.984Z] [INFO] Using 'UTF-8' encoding to copy filtered resources.
[2020-04-13T10:09:54.984Z] [INFO] skip non existing resourceDirectory /var/lib/jenkins/workspace/0.ApplicationGroovyPipeLine/src/main/resources
[2020-04-13T10:09:54.984Z] [INFO] 
[2020-04-13T10:09:54.984Z] [INFO] --- maven-compiler-plugin:3.2:compile (default-compile) @ addressbook ---
[2020-04-13T10:09:55.535Z] [INFO] Nothing to compile - all classes are up to date
[2020-04-13T10:09:55.535Z] [INFO] 
[2020-04-13T10:09:55.535Z] [INFO] --- maven-resources-plugin:2.6:testResources (default-testResources) @ addressbook ---
[2020-04-13T10:09:55.535Z] [INFO] Using 'UTF-8' encoding to copy filtered resources.
[2020-04-13T10:09:55.535Z] [INFO] Copying 1 resource
[2020-04-13T10:09:55.535Z] [INFO] 
[2020-04-13T10:09:55.535Z] [INFO] --- maven-compiler-plugin:3.2:testCompile (default-testCompile) @ addressbook ---
[2020-04-13T10:09:55.535Z] [INFO] Nothing to compile - all classes are up to date
[2020-04-13T10:09:55.535Z] [INFO] 
[2020-04-13T10:09:55.535Z] [INFO] --- maven-surefire-plugin:2.19.1:test (default-test) @ addressbook ---
[2020-04-13T10:09:56.087Z] 
[2020-04-13T10:09:56.087Z] -------------------------------------------------------
[2020-04-13T10:09:56.087Z]  T E S T S
[2020-04-13T10:09:56.087Z] -------------------------------------------------------
[2020-04-13T10:09:56.337Z] Picked up JAVA_TOOL_OPTIONS: -Dmaven.ext.class.path="/var/lib/jenkins/workspace/0.ApplicationGroovyPipeLine@tmp/withMaven390d69ed/pipeline-maven-spy.jar" -Dorg.jenkinsci.plugins.pipeline.maven.reportsFolder="/var/lib/jenkins/workspace/0.ApplicationGroovyPipeLine@tmp/withMaven390d69ed" 
[2020-04-13T10:09:56.889Z] Running com.edurekademo.utilities.TestHexAsciiConversion
[2020-04-13T10:09:56.889Z] 74657374696e6720617363696920636f6e76657274696f6e20696e746f2068657861646563696d616c
[2020-04-13T10:09:57.140Z] testing ascii convertion into hexadecimal
[2020-04-13T10:09:57.140Z] Tests run: 4, Failures: 0, Errors: 0, Skipped: 0, Time elapsed: 0.015 sec - in com.edurekademo.utilities.TestHexAsciiConversion
[2020-04-13T10:09:57.140Z] Running com.edurekademo.utilities.TestLogger
[2020-04-13T10:09:57.140Z] SLF4J: Class path contains multiple SLF4J bindings.
[2020-04-13T10:09:57.140Z] SLF4J: Found binding in [jar:file:/var/lib/jenkins/.m2/repository/org/slf4j/slf4j-simple/1.7.7/slf4j-simple-1.7.7.jar!/org/slf4j/impl/StaticLoggerBinder.class]
[2020-04-13T10:09:57.140Z] SLF4J: Found binding in [jar:file:/var/lib/jenkins/.m2/repository/org/slf4j/slf4j-log4j12/1.7.7/slf4j-log4j12-1.7.7.jar!/org/slf4j/impl/StaticLoggerBinder.class]
[2020-04-13T10:09:57.140Z] SLF4J: See http://www.slf4j.org/codes.html#multiple_bindings for an explanation.
[2020-04-13T10:09:57.140Z] SLF4J: Actual binding is of type [org.slf4j.impl.SimpleLoggerFactory]
[2020-04-13T10:09:57.140Z] [pool-1-thread-5] INFO com.edurekademo.utilities.TestLogger - java.lang.ArithmeticException: / by zero
[2020-04-13T10:09:57.140Z] Cause:at com.edurekademo.utilities.TestLogger.testGetErrorMessage1(TestLogger.java:14)
[2020-04-13T10:09:57.140Z] Cause:at sun.reflect.NativeMethodAccessorImpl.invoke0(Native Method)
[2020-04-13T10:09:57.140Z] [pool-1-thread-6] INFO com.edurekademo.utilities.TestLogger - java.lang.ArithmeticException: / by zero
[2020-04-13T10:09:57.140Z] Cause:at com.edurekademo.utilities.TestLogger.testGetErrorMessage2(TestLogger.java:30)
[2020-04-13T10:09:57.140Z] Cause:at sun.reflect.NativeMethodAccessorImpl.invoke0(Native Method)
[2020-04-13T10:09:57.140Z] [pool-1-thread-7] INFO com.edurekademo.utilities.TestLogger - java.lang.ArithmeticException: / by zero
[2020-04-13T10:09:57.140Z] Cause:at com.edurekademo.utilities.ExceptionThrower.getCounter(ExceptionThrower.java:13)
[2020-04-13T10:09:57.140Z] Cause:at com.edurekademo.utilities.TestLogger.testGetErrorMessage3(TestLogger.java:45)
[2020-04-13T10:09:57.140Z] [pool-1-thread-8] INFO com.edurekademo.utilities.TestLogger - java.io.IOException: TESTIOEXCEPTION
[2020-04-13T10:09:57.140Z] Cause:at com.edurekademo.utilities.ExceptionThrower.doNothing(ExceptionThrower.java:18)
[2020-04-13T10:09:57.140Z] Cause:at com.edurekademo.utilities.TestLogger.testGetErrorMessage4(TestLogger.java:60)
[2020-04-13T10:09:57.140Z] [pool-1-thread-9] ERROR com.edurekademo.utilities.ExceptionThrower - java.lang.Exception: DEAR
[2020-04-13T10:09:57.140Z] Cause:at com.edurekademo.utilities.ExceptionThrower.doYYY(ExceptionThrower.java:35)
[2020-04-13T10:09:57.140Z] Cause:at com.edurekademo.utilities.ExceptionThrower.doXXX(ExceptionThrower.java:23)
[2020-04-13T10:09:57.140Z] [pool-1-thread-9] INFO com.edurekademo.utilities.TestLogger - java.lang.Exception: TEST MESSAGE
[2020-04-13T10:09:57.140Z] Cause:at com.edurekademo.utilities.ExceptionThrower.doCheck(ExceptionThrower.java:43)
[2020-04-13T10:09:57.140Z] Cause:at com.edurekademo.utilities.TestLogger.testGetErrorMessage5(TestLogger.java:75)
[2020-04-13T10:09:57.140Z] ***** java.lang.Exception: TEST MESSAGE
[2020-04-13T10:09:57.140Z] Cause:at com.edurekademo.utilities.ExceptionThrower.doCheck(ExceptionThrower.java:43)
[2020-04-13T10:09:57.140Z] Cause:at com.edurekademo.utilities.TestLogger.testGetErrorMessage5(TestLogger.java:75)
[2020-04-13T10:09:57.140Z] Tests run: 5, Failures: 0, Errors: 0, Skipped: 0, Time elapsed: 0.066 sec - in com.edurekademo.utilities.TestLogger
[2020-04-13T10:09:57.140Z] Running com.edurekademo.utilities.TestGenericComparator
[2020-04-13T10:09:57.140Z] Tests run: 14, Failures: 0, Errors: 0, Skipped: 0, Time elapsed: 0.078 sec - in com.edurekademo.utilities.TestGenericComparator
[2020-04-13T10:09:57.695Z] 
[2020-04-13T10:09:57.695Z] Results :
[2020-04-13T10:09:57.695Z] 
[2020-04-13T10:09:57.695Z] Tests run: 23, Failures: 0, Errors: 0, Skipped: 0
[2020-04-13T10:09:57.695Z] 
[2020-04-13T10:09:57.695Z] [INFO] 
[2020-04-13T10:09:57.695Z] [INFO] --- maven-war-plugin:2.2:war (default-war) @ addressbook ---
[2020-04-13T10:10:02.912Z] [INFO] Packaging webapp
[2020-04-13T10:10:02.912Z] [INFO] Assembling webapp [addressbook] in [/var/lib/jenkins/workspace/0.ApplicationGroovyPipeLine/target/addressbook]
[2020-04-13T10:10:03.162Z] [INFO] Processing war project
[2020-04-13T10:10:08.380Z] [INFO] Webapp assembled in [5184 msecs]
[2020-04-13T10:10:08.380Z] [INFO] Building war: /var/lib/jenkins/workspace/0.ApplicationGroovyPipeLine/target/addressbook.war
[2020-04-13T10:10:12.508Z] [INFO] ------------------------------------------------------------------------
[2020-04-13T10:10:12.509Z] [INFO] BUILD SUCCESS
[2020-04-13T10:10:12.509Z] [INFO] ------------------------------------------------------------------------
[2020-04-13T10:10:12.509Z] [INFO] Total time:  19.138 s
[2020-04-13T10:10:12.509Z] [INFO] Finished at: 2020-04-13T15:40:11+05:30
[2020-04-13T10:10:12.509Z] [INFO] ------------------------------------------------------------------------
[2020-04-13T10:10:12.509Z] [INFO] [jenkins-event-spy] Generated /var/lib/jenkins/workspace/0.ApplicationGroovyPipeLine@tmp/withMaven390d69ed/maven-spy-20200413-153952-245862695301179527534.log
[2020-04-13T10:10:12.717Z] [8mha:////4HqxZ74PjUgJ8y0RpQrVD7wQTN4ty7IGcKukDDOJGW5kAAAApB+LCAAAAAAAAP9tjTEOwjAQBC9BFLSUPOLSAA2iSmu54QUmNsaJdWdsh6TiRXyNPxCIRMUWq51t5vmCZYpw5GixNdQ5So3D4Hs7LRw4dhfPA7Z8xoYpsTcozSBZm3pGydnAnKKEhYCVocZzcmQzrEWr7qryimx1ynH6DgJKp2/wgEJM5qxi/sIYYXPtdWL6ef4KYAwhQ7nbf2r7Bqph/Ve+AAAA[0m[Pipeline] }
[2020-04-13T10:10:13.368Z] [withMaven] artifactsPublisher - Archive artifact pom.xml under com/edurekademo/tutorial/addressbook/2.0/addressbook-2.0.pom
[2020-04-13T10:10:13.368Z] [withMaven] artifactsPublisher - Archive artifact target/addressbook.war under com/edurekademo/tutorial/addressbook/2.0/addressbook-2.0.war
[2020-04-13T10:10:13.911Z] [withMaven] junitPublisher - Archive test results for Maven artifact com.edurekademo.tutorial:addressbook:war:2.0 generated by maven-surefire-plugin:test (default-test): target/surefire-reports/*.xml
[2020-04-13T10:10:13.911Z] Recording test results
[2020-04-13T10:10:14.174Z] [withMaven] openTasksPublisher - Scan Tasks for Maven artifact com.edurekademo.tutorial:addressbook:war:2.0 in source directory src/main/java
[2020-04-13T10:10:14.192Z] [TASKS] Scanning folder '/var/lib/jenkins/workspace/0.ApplicationGroovyPipeLine' for files matching the pattern 'src/main/java/**/*' - excludes: null
[2020-04-13T10:10:14.192Z] [TASKS] Found 13 files to scan for tasks
[2020-04-13T10:10:14.192Z] [TASKS] Found 0 open tasks.
[2020-04-13T10:10:14.192Z] Skipping warnings blame since pipelines do not have an SCM link.%n
[2020-04-13T10:10:14.518Z] [withMaven] Publishers: Pipeline Graph Publisher: 15 ms, Generated Artifacts Publisher: 625 ms, Junit Publisher: 261 ms, Open Task Scanner Publisher: 344 ms
[2020-04-13T10:10:14.739Z] [8mha:////4NxsTBNhRtzFdldNDv80iyL1TdqjcHprS7zXi2tusF60AAAApR+LCAAAAAAAAP9tjTEOwjAQBC9BFLSUPOJSIESBqNJabniBiY1xYt0Z2yGpeBFf4w8EIlGxxWpnm3m+YJkiHDlabA11jlLjMPjeTgsHjt3F84Atn7FhSuwNSjNI1qaeUXI2MKcoYSFgZajxnBzZDGvRqruqvCJbnXKcvoOA0ukbPKAQkzmrmL8wRthce52Yfp6/AhhDyFDu9p/avgGsJ8UCvgAAAA==[0m[Pipeline] // withMaven
[2020-04-13T10:10:14.973Z] [8mha:////4DIPVX1/LXCK8A/AQ3ZRr4gZMZxqlgsqaALXM7Flazt6AAAApR+LCAAAAAAAAP9tjTEOwjAQBC9BFLSUPOIiISEhIaq0lhteYGJjnFh3xnZIKl7E1/gDgUhUbLHa2WaeL1imCEeOFltDnaPUOAy+t9PCgWN38Txgy2dsmBJ7g9IMkrWpZ5ScDcwpSlgIWBlqPCdHNsNatOquKq/IVqccp+8goHT6Bg8oxGTOKuYvjBE2114npp/nrwDGEDKUu/2ntm/vpZSEvgAAAA==[0m[Pipeline] }
[2020-04-13T10:10:15.325Z] [8mha:////4GLgfQQAbqvuCmKi54MJppVt6ivtlhiyUMxwWoXW5QgeAAAApR+LCAAAAAAAAP9tjTEOwjAQBC9BFLSUPOIiCgqEqNJabniBiY1xYt0Z2yGpeBFf4w8EIlGxxWpnm3m+YJkiHDlabA11jlLjMPjeTgsHjt3F84Atn7FhSuwNSjNI1qaeUXI2MKcoYSFgZajxnBzZDGvRqruqvCJbnXKcvoOA0ukbPKAQkzmrmL8wRthce52Yfp6/AhhDyFDu9p/avgHwJ8HWvgAAAA==[0m[Pipeline] // stage
[2020-04-13T10:10:16.426Z] [8mha:////4JB/CYjrniYYQxD5vYDXoWLM1McxLUWsMQrCH9yTVFShAAAAox+LCAAAAAAAAP9tjTEOwjAQBDdBFLSUPMKhQDSIitZKwwtMYowT6y7YF5KKF/E1/kBEJCq22plmXm8sU8SRo1ONpdZTqrzqQu+mpwaO7TXwoBq+qIopcbCqtEPJtT3NWLJYzMtyLDRWlqrAyZMTrHVjHqYIhlxxlji5g0bu6zueyPRUFhPlC2PE5tbXienX+RvA2HWCfL8VZLsPPRtAz70AAAA=[0m[Pipeline] }
[2020-04-13T10:10:17.558Z] [8mha:////4O0jX2h5s1q/CwwkVIasfn39SOdSmyQDvR2mmLbKx0n9AAAApB+LCAAAAAAAAP9tjTEOwjAQBDdBFLSUPMIRQqJBVLRWGl5gEmOcWHfBvpBUvIiv8QciIlGx1c4083pjmSKOHJ1qLLWeUuVVF3o3PTVwbK+BB9XwRVVMiYNVpR1Kru1pxpLFYl6WY6GxslQFTp6cYK0b8zBFMOSKs8TJHTRyX9/xRKanspgoXxgjNre+Tky/zt8Axq4T5PutINt9AC6nRGy9AAAA[0m[Pipeline] // node
[2020-04-13T10:10:18.202Z] [8mha:////4LtF0txlXKMt8ct0P97aCOJx02PrY/zvHxltS5e+5bu7AAAAox+LCAAAAAAAAP9tjbEOgjAURS8YB1dHP6IkDC7GybVh8Qsq1Fpo3sP2IUx+kb/mP0gkcfJO95zlvN5Yp4gjR6daS52nVHvVh8HNT40cu2vgUbV8UTVT4mBVZceKG3tasGKxWJblWGlsLNWBkycn2OrWPEwRDLniLHF2B43cN3c8kem5LCbKF6aI3W1oEtOv8zeAqe8F+b4UZOUHaO3jXL0AAAA=[0m[Pipeline] End of Pipeline
[2020-04-13T10:10:19.291Z] Finished: SUCCESS
