[2020-04-13T10:33:43.747Z] Started by user [8mha:////4IMMv8T2XIKwgqbrGOhOzF4+E7SeVBm4zoNrNbmggpHXAAAAlx+LCAAAAAAAAP9b85aBtbiIQTGjNKU4P08vOT+vOD8nVc83PyU1x6OyILUoJzMv2y+/JJUBAhiZGBgqihhk0NSjKDWzXb3RdlLBUSYGJk8GtpzUvPSSDB8G5tKinBIGIZ+sxLJE/ZzEvHT94JKizLx0a6BxUmjGOUNodHsLgAzWEgZu/dLi1CL9xJTczDwAj6GcLcAAAAA=[0madmin
[2020-04-13T10:33:43.747Z] Running in Durability level: MAX_SURVIVABILITY
[2020-04-13T10:33:44.230Z] [8mha:////4HkCTMbguUsNbCviI6jbUHTimscQdH79/E8CCyAshF9uAAAAoh+LCAAAAAAAAP9tjTEOwjAQBM8BClpKHuFItIiK1krDC0x8GCfWnbEdkooX8TX+gCESFVvtrLSa5wtWKcKBo5UdUu8otU4GP9jS5Mixv3geZcdn2TIl9igbHBs2eJyx4YwwR1SwULBGaj0nRzbDRnX6rmuvydanHMu2V1A5c4MHCFXMWcf8hSnC9jqYxPTz/BXAFEIGsfuclm8zQVqFvQAAAA==[0m[Pipeline] Start of Pipeline
[2020-04-13T10:33:44.336Z] [8mha:////4FYj6x4qxNGl+3P432fNY2HeiK28Y3Uw/2z4UscDx0dfAAAApR+LCAAAAAAAAP9tjTEOwjAUQ3+KOrAycohUghExsUZZOEFIQkgb/d8mKe3EibgadyBQiQlLlmxL1nu+oE4RjhQdby12HpP2vA+jK4lPFLtroIm3dOGaMFGwXNpJkrGnpUrKFhaxClYC1hZ1oOTRZdiIVt1VExS65pxj2Q4CKm8GeAAThZxVzN8yR9jeRpMIf5y/AJj7DGxXvP/86jduZBmjwAAAAA==[0m[Pipeline] node
[2020-04-13T10:33:44.607Z] Running on [8mha:////4Nbi4X6v9wHiBbajrPyD5IFr5y5ik4Po7OXFngleXFUKAAAAnh+LCAAAAAAAAP9b85aBtbiIQTGjNKU4P08vOT+vOD8nVc83PyU1x6OyILUoJzMv2y+/JJUBAhiZGBgqihhk0NSjKDWzXb3RdlLBUSYGJk8GtpzUvPSSDB8G5tKinBIGIZ+sxLJE/ZzEvHT94JKizLx0a6BxUmjGOUNodHsLgAz2EgZh/eT83ILSktQifY3cxGIgrakPAHib2iPIAAAA[0mJenkins in /var/lib/jenkins/workspace/0.ApplicationGroovyPipeLine
[2020-04-13T10:33:44.611Z] [8mha:////4Cw25TOrn2s1G6TaNvbzasdH9l7ksnngnCzuLjNik6qiAAAApR+LCAAAAAAAAP9tjTEOwjAUQ3+KOrAycoh0gA0xsUZZOEFIQkgb/d8mKe3EibgadyBQiQlLlmxL1nu+oE4RjhQdby12HpP2vA+jK4lPFLtroIm3dOGaMFGwXNpJkrGnpUrKFhaxClYC1hZ1oOTRZdiIVt1VExS65pxj2Q4CKm8GeAAThZxVzN8yR9jeRpMIf5y/AJj7DGxXvP/86jfoP95RwAAAAA==[0m[Pipeline] {
[2020-04-13T10:33:44.709Z] [8mha:////4CJfidGOy+7O32LyggUqwGsd+5YIj+Q4lxu2S1msNPv3AAAAoh+LCAAAAAAAAP9tjTEOAiEURD9rLGwtPQTbaGWsbAmNJ0AWEZb8zwLrbuWJvJp3kLiJlZNMMm+a93rDOic4UbLcG+wdZu14DKOti0+U+lugiXu6ck2YKRguzSSpM+cFJRUDS1gDKwEbgzpQdmgLbIVXD9UGhba9lFS/o4DGdQM8gYlqLiqVL8wJdvexy4Q/z18BzLEA29ce4gdpL1fxvAAAAA==[0m[Pipeline] properties
[2020-04-13T10:33:45.045Z] [8mha:////4NxAQCU3Ee+QaADc/sLgDXlwCJh/aSUXB7Jcr8zMoPpyAAAAph+LCAAAAAAAAP9tjTEOwjAUQ3+KOrAycoh0QSyIiTXKwglCEkLa6P82SWknTsTVuAOBSkxYsmRbst7zBXWKcKToeGux85i0530YXUl8othdA028pQvXhImC5dJOkow9LVVStrCIVbASsLaoAyWPLsNGtOqumqDQNeccy3YQUHkzwAOYKOSsYv6WOcL2NppE+OP8BcDcZ2C74v3nV78BmoXK/sAAAAA=[0m[Pipeline] stage
[2020-04-13T10:33:45.059Z] [8mha:////4P1Ig47cS23iXMbd5J2+hxTohys5e5IGr/GbqwVTgr+zAAAApR+LCAAAAAAAAP9tjTEOwjAUQ3+KOrAycoh0gwExsUZZOEFIQkgb/d8mKe3EibgadyBQiQlLlmxL1nu+oE4RjhQdby12HpP2vA+jK4lPFLtroIm3dOGaMFGwXNpJkrGnpUrKFhaxClYC1hZ1oOTRZdiIVt1VExS65pxj2Q4CKm8GeAAThZxVzN8yR9jeRpMIf5y/AJj7DGxXvP/86jcChmMxwAAAAA==[0m[Pipeline] { (Checkout)
[2020-04-13T10:33:45.167Z] [8mha:////4CYn5rqLlUkm4lGBbpqee6QLGkeLstmkeATx7qlN/06UAAAAoh+LCAAAAAAAAP9tjTEOAiEURD9rLGwtPQRbamKsbAmNJ0AWEZb8zwLrbuWJvJp3kLiJlZNMMm+a93rDOic4UbLcG+wdZu14DKOti0+U+lugiXu6ck2YKRguzSSpM+cFJRUDS1gDKwEbgzpQdmgLbIVXD9UGhba9lFS/o4DGdQM8gYlqLiqVL8wJdvexy4Q/z18BzLEA29ce4geKI23CvAAAAA==[0m[Pipeline] cleanWs
[2020-04-13T10:33:45.267Z] [WS-CLEANUP] Deleting project workspace...
[2020-04-13T10:33:45.267Z] [WS-CLEANUP] Deferred wipeout is used...
[2020-04-13T10:33:45.306Z] [WS-CLEANUP] done
[2020-04-13T10:33:45.707Z] [8mha:////4HMR/5senrtMcln6vTR5YgpVtNStC3FnDKp+Tcq7aQQaAAAAoh+LCAAAAAAAAP9tjTEOAiEURD9rLGwtPQRbGmOsbAmNJ0AWEZb8zwLrbuWJvJp3kLiJlZNMMm+a93rDOic4UbLcG+wdZu14DKOti0+U+lugiXu6ck2YKRguzSSpM+cFJRUDS1gDKwEbgzpQdmgLbIVXD9UGhba9lFS/o4DGdQM8gYlqLiqVL8wJdvexy4Q/z18BzLEA29ce4gfLEnbbvAAAAA==[0m[Pipeline] git
[2020-04-13T10:33:46.083Z] No credentials specified
[2020-04-13T10:33:46.083Z] Cloning the remote Git repository
[2020-04-13T10:33:46.083Z] Cloning repository https://github.com/rrahul4/DevOpsClassCodes
[2020-04-13T10:33:46.083Z]  > git init /var/lib/jenkins/workspace/0.ApplicationGroovyPipeLine # timeout=10
[2020-04-13T10:33:46.597Z] Fetching upstream changes from https://github.com/rrahul4/DevOpsClassCodes
[2020-04-13T10:33:46.597Z]  > git --version # timeout=10
[2020-04-13T10:33:46.605Z]  > git fetch --tags --progress -- https://github.com/rrahul4/DevOpsClassCodes +refs/heads/*:refs/remotes/origin/* # timeout=10
[2020-04-13T10:33:49.013Z]  > git config remote.origin.url https://github.com/rrahul4/DevOpsClassCodes # timeout=10
[2020-04-13T10:33:49.018Z]  > git config --add remote.origin.fetch +refs/heads/*:refs/remotes/origin/* # timeout=10
[2020-04-13T10:33:49.024Z]  > git config remote.origin.url https://github.com/rrahul4/DevOpsClassCodes # timeout=10
[2020-04-13T10:33:49.034Z] Fetching upstream changes from https://github.com/rrahul4/DevOpsClassCodes
[2020-04-13T10:33:49.034Z]  > git fetch --tags --progress -- https://github.com/rrahul4/DevOpsClassCodes +refs/heads/*:refs/remotes/origin/* # timeout=10
[2020-04-13T10:33:50.286Z]  > git rev-parse refs/remotes/origin/master^{commit} # timeout=10
[2020-04-13T10:33:50.291Z]  > git rev-parse refs/remotes/origin/origin/master^{commit} # timeout=10
[2020-04-13T10:33:50.297Z] Checking out Revision 323e26d9bb6429423a6950447809bb7ad48466ab (refs/remotes/origin/master)
[2020-04-13T10:33:50.297Z]  > git config core.sparsecheckout # timeout=10
[2020-04-13T10:33:50.305Z]  > git checkout -f 323e26d9bb6429423a6950447809bb7ad48466ab # timeout=10
[2020-04-13T10:33:50.323Z]  > git branch -a -v --no-abbrev # timeout=10
[2020-04-13T10:33:50.330Z]  > git checkout -b master 323e26d9bb6429423a6950447809bb7ad48466ab # timeout=10
[2020-04-13T10:33:50.342Z] Commit message: "Adding DockerFile"
[2020-04-13T10:33:50.342Z]  > git rev-list --no-walk a29c7ecd9516bcd0a0768fa6befad1bb5dc2dc76 # timeout=10
[2020-04-13T10:33:50.802Z] [8mha:////4HnFljV0yerv8dd46SPPMtkUUnQ8mtS5vm2MNT6UAY8pAAAAox+LCAAAAAAAAP9tjTESgjAQRT84FraWHiJoZeFY2WZoPEGEGAOZXUwWofJEXs07yMiMlb/67zXv9cYyRRw5OtVYaj2lyqsu9G56auDYXgMPquGLqpgSB6tKO5Rc29OMJYvFvCzHQmNlqQqcPDnBWjfmYYpgyBVniZM7aOS+vuOJTE9lMVG+MEZsbn2dmH6dvwGMXSfId1tBtv8AP3pMS70AAAA=[0m[Pipeline] }
[2020-04-13T10:33:51.110Z] [8mha:////4FCXIrRFWCpIiF/Ny3J6lQqdhVR07/FG0aZ359ckDGwsAAAAox+LCAAAAAAAAP9tjTESgjAQRT84FraWHiIMjY1jZZuh8QQRYgxkdjFZhMoTeTXvICMzVv7qv9e81xvrFHHk6FRrqfOUaq/6MLj5qZFjdw08qpYvqmZKHKyq7FhxY08LViwWy7IcK42NpTpw8uQEW92ahymCIVecJc7uoJH75o4nMj2XxUT5whSxuw1NYvp1/gYw9b0gL0tBtv8AGWMrAb0AAAA=[0m[Pipeline] // stage
[2020-04-13T10:33:51.469Z] [8mha:////4H7px8MgWfIuxEYycqll1pyR8vyvfKmbXe3uEK1XgAu3AAAAph+LCAAAAAAAAP9tjTEOwjAQBM9BKWgpeYQjEB2iorXc8AITG+PEugv2haTiRXyNPxCIRMVWOyut5vmCMic4UPKycdgGzHWQXez91ORAqb1EGmRDZ1kTZopOajdosu44oyZ2MEcUsFCwdFhHygE9w0o15m6qaNBXJ07TtldQBHuDBwg1mdkk/sKYYH3tbSb8ef4KYOwYxI6h2Gw/x/INvUXiHMEAAAA=[0m[Pipeline] stage
[2020-04-13T10:33:51.665Z] [8mha:////4AC+/jOWgjw18JZZB4Vn4kXgrrJgSOASdANvqT4ax1amAAAAph+LCAAAAAAAAP9tjTEOwjAUQ3+LOrAycohUwIiYukZZOEFoQkgb/V9+UtqJE3E17kBLJSY8WLYl673eUESGE7ETjcXWY6y96ELvpiQG4vYaaBANXURNGClYoeygyNhqqYqShUVZDisJa4t1oOjRJdjIRj90GTS68px42o4Scm/u8IRMTuSkOX3LyLC99SYS/jh/ATB2CfLdfrbD/Cw+y7kUycIAAAA=[0m[Pipeline] { (Compile)
[2020-04-13T10:33:52.076Z] [8mha:////4FjcDgfBW/Y91/N2qfYhz3E7sFyHKtFJy6XqqwtunynWAAAApx+LCAAAAAAAAP9tjTEOwjAUQ3+LOrAycohUCDbE1DXKwglCE0La6P/yk9JOnIircQdaKjHhwbItWe/1hiIynIidaCy2HmPtRRd6NyUxELfXQINo6CJqwkjBCmUHRcZWS1WULCzKclhJWFusA0WPLsFGNvqhy6DRlefE03aUkHtzhydkciInzelbRobtrTeR8Mf5C4CxS5Dv9rMd5mfxAbNWnxXCAAAA[0m[Pipeline] withMaven
[2020-04-13T10:33:52.077Z] [withMaven] Options: []
[2020-04-13T10:33:52.078Z] [withMaven] Available options: 
[2020-04-13T10:33:52.078Z] [withMaven] using JDK installation provided by the build agent
[2020-04-13T10:33:52.511Z] [withMaven] using Maven installation 'MyMaven'
[2020-04-13T10:33:52.663Z] [8mha:////4CWO7pcwHvL/fy2iuItgRsXTT+QdVARTrL/RiLmK4LslAAAApx+LCAAAAAAAAP9tjTEOwjAUQ3+LOrAycohUSDAhpq5RFk4QmhDSRv+Xn5R24kRcjTvQUokJD5ZtyXqvNxSR4UTsRGOx9RhrL7rQuymJgbi9BhpEQxdRE0YKVig7KDK2WqqiZGFRlsNKwtpiHSh6dAk2stEPXQaNrjwnnrajhNybOzwhkxM5aU7fMjJsb72JhD/OXwCMXYJ8t5/tMD+LD5WQ+PfCAAAA[0m[Pipeline] {
[2020-04-13T10:33:52.775Z] [8mha:////4A+nostiqBG9ubXXWC4dNmj8z1KBpqHdXpYqBDAhexuRAAAApB+LCAAAAAAAAP9tjTEOwjAQBC9BFLSUPOIiCmgQVVrLDS8wsTFOrDtjOyQVL+Jr/IFAJCq2WO1sM88XLFOEI0eLraHOUWocBt/baeHAsbt4HrDlMzZMib1BaQbJ2tQzSs4G5hQlLASsDDWekyObYS1adVeVV2SrU47TdxBQOn2DBxRiMmcV8xfGCJtrrxPTz/NXAGPIUG53n9qHN7LjSKW+AAAA[0m[Pipeline] sh
[2020-04-13T10:33:53.050Z] + mvn compile
[2020-04-13T10:33:53.050Z] ----- withMaven Wrapper script -----
[2020-04-13T10:33:53.964Z] Picked up JAVA_TOOL_OPTIONS: -Dmaven.ext.class.path="/var/lib/jenkins/workspace/0.ApplicationGroovyPipeLine@tmp/withMavend3774c66/pipeline-maven-spy.jar" -Dorg.jenkinsci.plugins.pipeline.maven.reportsFolder="/var/lib/jenkins/workspace/0.ApplicationGroovyPipeLine@tmp/withMavend3774c66" 
[2020-04-13T10:33:57.196Z] Apache Maven 3.6.3 (cecedd343002696d0abb50b32b541b8a6ba2883f)
[2020-04-13T10:33:57.197Z] Maven home: /var/lib/jenkins/tools/hudson.tasks.Maven_MavenInstallation/MyMaven
[2020-04-13T10:33:57.197Z] Java version: 1.8.0_242, vendor: Private Build, runtime: /usr/lib/jvm/java-8-openjdk-amd64/jre
[2020-04-13T10:33:57.197Z] Default locale: en_IN, platform encoding: UTF-8
[2020-04-13T10:33:57.197Z] OS name: "linux", version: "5.3.0-46-generic", arch: "amd64", family: "unix"
[2020-04-13T10:34:05.247Z] [INFO] [jenkins-event-spy] Generate /var/lib/jenkins/workspace/0.ApplicationGroovyPipeLine@tmp/withMavend3774c66/maven-spy-20200413-160402-897285026242380495416.log.tmp ...
[2020-04-13T10:34:05.499Z] [INFO] Scanning for projects...
[2020-04-13T10:34:06.061Z] [WARNING] 
[2020-04-13T10:34:06.061Z] [WARNING] Some problems were encountered while building the effective model for com.edurekademo.tutorial:addressbook:war:2.0
[2020-04-13T10:34:06.061Z] [WARNING] Reporting configuration should be done in <reporting> section, not in maven-site-plugin <configuration> as reportPlugins parameter. @ line 298, column 40
[2020-04-13T10:34:06.061Z] [WARNING] 
[2020-04-13T10:34:06.061Z] [WARNING] It is highly recommended to fix these problems because they threaten the stability of your build.
[2020-04-13T10:34:06.061Z] [WARNING] 
[2020-04-13T10:34:06.061Z] [WARNING] For this reason, future Maven versions might no longer support building such malformed projects.
[2020-04-13T10:34:06.061Z] [WARNING] 
[2020-04-13T10:34:06.061Z] [INFO] 
[2020-04-13T10:34:06.061Z] [INFO] ----------------< com.edurekademo.tutorial:addressbook >----------------
[2020-04-13T10:34:06.061Z] [INFO] Building Vaadin Addressbook example 2.0
[2020-04-13T10:34:06.061Z] [INFO] --------------------------------[ war ]---------------------------------
[2020-04-13T10:34:10.200Z] [INFO] 
[2020-04-13T10:34:10.200Z] [INFO] --- maven-enforcer-plugin:1.0:enforce (enforce-versions) @ addressbook ---
[2020-04-13T10:34:11.547Z] [INFO] 
[2020-04-13T10:34:11.547Z] [INFO] --- maven-resources-plugin:2.6:resources (default-resources) @ addressbook ---
[2020-04-13T10:34:13.411Z] [INFO] Using 'UTF-8' encoding to copy filtered resources.
[2020-04-13T10:34:13.411Z] [INFO] skip non existing resourceDirectory /var/lib/jenkins/workspace/0.ApplicationGroovyPipeLine/src/main/resources
[2020-04-13T10:34:13.411Z] [INFO] 
[2020-04-13T10:34:13.411Z] [INFO] --- maven-compiler-plugin:3.2:compile (default-compile) @ addressbook ---
[2020-04-13T10:34:18.610Z] [INFO] Changes detected - recompiling the module!
[2020-04-13T10:34:18.610Z] [INFO] Compiling 13 source files to /var/lib/jenkins/workspace/0.ApplicationGroovyPipeLine/target/classes
[2020-04-13T10:34:20.474Z] [INFO] /var/lib/jenkins/workspace/0.ApplicationGroovyPipeLine/src/main/java/com/edurekademo/tutorial/addressbook/AddressbookUI.java: Some input files use or override a deprecated API.
[2020-04-13T10:34:20.725Z] [INFO] /var/lib/jenkins/workspace/0.ApplicationGroovyPipeLine/src/main/java/com/edurekademo/tutorial/addressbook/AddressbookUI.java: Recompile with -Xlint:deprecation for details.
[2020-04-13T10:34:20.725Z] [INFO] /var/lib/jenkins/workspace/0.ApplicationGroovyPipeLine/src/main/java/com/edurekademo/tutorial/addressbook/backend/ContactService.java: /var/lib/jenkins/workspace/0.ApplicationGroovyPipeLine/src/main/java/com/edurekademo/tutorial/addressbook/backend/ContactService.java uses unchecked or unsafe operations.
[2020-04-13T10:34:20.725Z] [INFO] /var/lib/jenkins/workspace/0.ApplicationGroovyPipeLine/src/main/java/com/edurekademo/tutorial/addressbook/backend/ContactService.java: Recompile with -Xlint:unchecked for details.
[2020-04-13T10:34:20.725Z] [INFO] ------------------------------------------------------------------------
[2020-04-13T10:34:20.725Z] [INFO] BUILD SUCCESS
[2020-04-13T10:34:20.725Z] [INFO] ------------------------------------------------------------------------
[2020-04-13T10:34:20.725Z] [INFO] Total time:  15.305 s
[2020-04-13T10:34:20.725Z] [INFO] Finished at: 2020-04-13T16:04:20+05:30
[2020-04-13T10:34:20.725Z] [INFO] ------------------------------------------------------------------------
[2020-04-13T10:34:20.725Z] [INFO] [jenkins-event-spy] Generated /var/lib/jenkins/workspace/0.ApplicationGroovyPipeLine@tmp/withMavend3774c66/maven-spy-20200413-160402-897285026242380495416.log
[2020-04-13T10:34:21.428Z] [8mha:////4Fg6ITAXgCroINBCxxt6ZryoC3XO9aHy95XXwxgdX5kNAAAApR+LCAAAAAAAAP9tjTEOwjAQBC9BFLSUPOIiCkSBqNJabniBiY1xYt0Z2yGpeBFf4w8EIlGxxWpnm3m+YJkiHDlabA11jlLjMPjeTgsHjt3F84Atn7FhSuwNSjNI1qaeUXI2MKcoYSFgZajxnBzZDGvRqruqvCJbnXKcvoOA0ukbPKAQkzmrmL8wRthce52Yfp6/AhhDyFBu95/avQGOY4V7vgAAAA==[0m[Pipeline] }
[2020-04-13T10:34:21.633Z] [withMaven] artifactsPublisher - Archive artifact pom.xml under com/edurekademo/tutorial/addressbook/2.0/addressbook-2.0.pom
[2020-04-13T10:34:22.460Z] [withMaven] openTasksPublisher - Scan Tasks for Maven artifact com.edurekademo.tutorial:addressbook:war:2.0 in source directory src/main/java
[2020-04-13T10:34:22.480Z] [TASKS] Scanning folder '/var/lib/jenkins/workspace/0.ApplicationGroovyPipeLine' for files matching the pattern 'src/main/java/**/*' - excludes: null
[2020-04-13T10:34:22.480Z] [TASKS] Found 13 files to scan for tasks
[2020-04-13T10:34:22.480Z] [TASKS] Found 0 open tasks.
[2020-04-13T10:34:22.480Z] Skipping warnings blame since pipelines do not have an SCM link.%n
[2020-04-13T10:34:22.909Z] [TASKS] Computing warning deltas based on reference build #15
[2020-04-13T10:34:22.910Z] [withMaven] Publishers: Pipeline Graph Publisher: 15 ms, Generated Artifacts Publisher: 887 ms, Open Task Scanner Publisher: 449 ms
[2020-04-13T10:34:23.181Z] [8mha:////4KjugxSXNe3tq7ryiWnlnDKDR759pkqi4i41anFfLlsDAAAApR+LCAAAAAAAAP9tjTEOwjAQBC9BFLSUPOIiJAokRJXWcsMLTGyME+vO2A5JxYv4Gn8gEImKLVY728zzBcsU4cjRYmuoc5Qah8H3dlo4cOwungds+YwNU2JvUJpBsjb1jJKzgTlFCQsBK0ON5+TIZliLVt1V5RXZ6pTj9B0ElE7f4AGFmMxZxfyFMcLm2uvE9PP8FcAYQoZyu//U7g3N4dT9vgAAAA==[0m[Pipeline] // withMaven
[2020-04-13T10:34:23.746Z] [8mha:////4NLE/aVaLpHVxq/qMIoUEHpgBpeXpghQOEkgS+akpKSGAAAApB+LCAAAAAAAAP9tjTEOwjAQBC9BFLSUPOIiRIUQVVrLDS8wsTFOrDtjOyQVL+Jr/IFAJCq2WO1sM88XLFOEI0eLraHOUWocBt/baeHAsbt4HrDlMzZMib1BaQbJ2tQzSs4G5hQlLASsDDWekyObYS1adVeVV2SrU47TdxBQOn2DBxRiMmcV8xfGCJtrrxPTz/NXAGMIGcrt/lO7N8un7Ki+AAAA[0m[Pipeline] }
[2020-04-13T10:34:23.799Z] [8mha:////4P5nx8JGY+phMH2j0L/k9xQbkjDgAwoDltuty/Jy2TjfAAAApB+LCAAAAAAAAP9tjTEOwjAQBC9BFLSUPOICaRFVWisNLzCxMU6sO2M7JBUv4mv8AYtIVGyx2tlmXm9YxwAnDgZ7TYOl2Fn0bjR54cRhuDqesOcLdkyRncZWTy0r3SzYctKwpChhJWCjqXMcLZkEW9HLh6ycJFOdU8jfUUBp1R2eUIhsTjKkL8wBdrdRRaaf568AZu8TlPU+16H+AAjcDMm+AAAA[0m[Pipeline] // stage
[2020-04-13T10:34:23.906Z] [8mha:////4FK0cZFWL0Bl3TwtxZ2CwwxxjBZksyBC32cYEE2e4nUFAAAAph+LCAAAAAAAAP9tjTEOwjAQBM9BKWgpeYQjEB2iorXc8AITG+PEugv2haTiRXyNPxCIRMVWOyut5vmCMic4UPKycdgGzHWQXez91ORAqb1EGmRDZ1kTZopOajdosu44oyZ2MEcUsFCwdFhHygE9w0o15m6qaNBXJ07TtldQBHuDBwg1mdkk/sKYYH3tbSb8ef4KYOwYxI6h2G4+x/INji2eq8EAAAA=[0m[Pipeline] stage
[2020-04-13T10:34:23.933Z] [8mha:////4KSjDTaFdShqh4sBQODcsucJo3J4mdxb2Ct8SbG7QdkJAAAAph+LCAAAAAAAAP9tjTEOwjAUQ3+DOrAycohUdEVMrFEXThCaEJJG/7dJSjpxIq7GHWipxIQHy7ZkvdcbyhjgRMFwp7GzGFvLez+aOfFMobt5ytzRlbeEkbzmjc4NKX1ea0NJw6qCwUbAVmPrKVo0CXbCyYesvERTXVKYt6MAZtUATyjETE4ypG+ZAuzvo4qEP85fAEx9AlYfFquXZ/kBAsTc3cIAAAA=[0m[Pipeline] { (Review)
[2020-04-13T10:34:24.803Z] [8mha:////4CNWBTS7QtmrYEBjz6Uk+PZDDJKrSpEmUwjCPgcl6f9xAAAAph+LCAAAAAAAAP9tjTEOwjAUQ3+LOrAycohUKiNiYo2ycILQhJA0+r9NUtKJE3E17kBLJSY8WLYl673eUMUAJwqGOY2dxdha1vvRzIllCt3NU2aOrqwljOQ1EzoLUvq8VkFJw6qihA2HrcbWU7RoEuy4kw9Ze4mmvqQwb0cOpVUDPKHgMznJkL5lCrC/jyoS/jh/ATD1CcqmWeywPKsPpnFij8IAAAA=[0m[Pipeline] withMaven
[2020-04-13T10:34:24.804Z] [withMaven] Options: []
[2020-04-13T10:34:24.804Z] [withMaven] Available options: 
[2020-04-13T10:34:24.804Z] [withMaven] using JDK installation provided by the build agent
[2020-04-13T10:34:24.807Z] [withMaven] using Maven installation 'MyMaven'
[2020-04-13T10:34:25.411Z] [8mha:////4Ixg7blGLhKLWDKuP9HgFHeVreEoxRJoMH7l8xFKOLNzAAAApx+LCAAAAAAAAP9tjTEOwjAUQ3+LOrAycohUAjbE1DXKwglCE0La6P/yk9JOnIircQdaKjHhwbItWe/1hiIynIidaCy2HmPtRRd6NyUxELfXQINo6CJqwkjBCmUHRcZWS1WULCzKclhJWFusA0WPLsFGNvqhy6DRlefE03aUkHtzhydkciInzelbRobtrTeR8Mf5C4CxS5Dv9rMd5mfxAd6e6VPCAAAA[0m[Pipeline] {
[2020-04-13T10:34:26.742Z] [8mha:////4PtoMvQe9T92bdHOc87K15jbc0632KCYafxOJAamTTybAAAApB+LCAAAAAAAAP9tjTEOwjAQBC9BFLSUPOIiIagQVVrLDS8wsTFOrDtjOyQVL+Jr/IFAJCq2WO1sM88XLFOEI0eLraHOUWocBt/baeHAsbt4HrDlMzZMib1BaQbJ2tQzSs4G5hQlLASsDDWekyObYS1adVeVV2SrU47TdxBQOn2DBxRiMmcV8xfGCJtrrxPTz/NXAGPIUG53n9qHN38C26S+AAAA[0m[Pipeline] sh
[2020-04-13T10:34:27.151Z] + mvn pmd:pmd
[2020-04-13T10:34:27.151Z] ----- withMaven Wrapper script -----
[2020-04-13T10:34:27.151Z] Picked up JAVA_TOOL_OPTIONS: -Dmaven.ext.class.path="/var/lib/jenkins/workspace/0.ApplicationGroovyPipeLine@tmp/withMavenf9bcc874/pipeline-maven-spy.jar" -Dorg.jenkinsci.plugins.pipeline.maven.reportsFolder="/var/lib/jenkins/workspace/0.ApplicationGroovyPipeLine@tmp/withMavenf9bcc874" 
[2020-04-13T10:34:27.702Z] Apache Maven 3.6.3 (cecedd343002696d0abb50b32b541b8a6ba2883f)
[2020-04-13T10:34:27.702Z] Maven home: /var/lib/jenkins/tools/hudson.tasks.Maven_MavenInstallation/MyMaven
[2020-04-13T10:34:27.702Z] Java version: 1.8.0_242, vendor: Private Build, runtime: /usr/lib/jvm/java-8-openjdk-amd64/jre
[2020-04-13T10:34:27.702Z] Default locale: en_IN, platform encoding: UTF-8
[2020-04-13T10:34:27.702Z] OS name: "linux", version: "5.3.0-46-generic", arch: "amd64", family: "unix"
[2020-04-13T10:34:30.942Z] [INFO] [jenkins-event-spy] Generate /var/lib/jenkins/workspace/0.ApplicationGroovyPipeLine@tmp/withMavenf9bcc874/maven-spy-20200413-160430-2355119948199314634793.log.tmp ...
[2020-04-13T10:34:30.942Z] [INFO] Scanning for projects...
[2020-04-13T10:34:31.193Z] [WARNING] 
[2020-04-13T10:34:31.193Z] [WARNING] Some problems were encountered while building the effective model for com.edurekademo.tutorial:addressbook:war:2.0
[2020-04-13T10:34:31.193Z] [WARNING] Reporting configuration should be done in <reporting> section, not in maven-site-plugin <configuration> as reportPlugins parameter. @ line 298, column 40
[2020-04-13T10:34:31.193Z] [WARNING] 
[2020-04-13T10:34:31.193Z] [WARNING] It is highly recommended to fix these problems because they threaten the stability of your build.
[2020-04-13T10:34:31.193Z] [WARNING] 
[2020-04-13T10:34:31.193Z] [WARNING] For this reason, future Maven versions might no longer support building such malformed projects.
[2020-04-13T10:34:31.193Z] [WARNING] 
[2020-04-13T10:34:35.335Z] [INFO] 
[2020-04-13T10:34:35.335Z] [INFO] ----------------< com.edurekademo.tutorial:addressbook >----------------
[2020-04-13T10:34:35.335Z] [INFO] Building Vaadin Addressbook example 2.0
[2020-04-13T10:34:35.335Z] [INFO] --------------------------------[ war ]---------------------------------
[2020-04-13T10:34:35.887Z] [INFO] 
[2020-04-13T10:34:35.887Z] [INFO] --- maven-pmd-plugin:3.13.0:pmd (default-cli) @ addressbook ---
[2020-04-13T10:34:53.861Z] [WARNING] Unable to locate Source XRef to link to - DISABLED
[2020-04-13T10:35:25.811Z] [INFO] ------------------------------------------------------------------------
[2020-04-13T10:35:25.812Z] [INFO] BUILD SUCCESS
[2020-04-13T10:35:25.812Z] [INFO] ------------------------------------------------------------------------
[2020-04-13T10:35:25.812Z] [INFO] Total time:  51.330 s
[2020-04-13T10:35:25.812Z] [INFO] Finished at: 2020-04-13T16:05:22+05:30
[2020-04-13T10:35:25.812Z] [INFO] ------------------------------------------------------------------------
[2020-04-13T10:35:25.812Z] [INFO] [jenkins-event-spy] Generated /var/lib/jenkins/workspace/0.ApplicationGroovyPipeLine@tmp/withMavenf9bcc874/maven-spy-20200413-160430-2355119948199314634793.log
[2020-04-13T10:35:26.579Z] [8mha:////4Bq8CDz++eJ4RHJ43Q+p4iKEuRi3ZUyy8t11jOr+QCGNAAAApR+LCAAAAAAAAP9tjTEOwjAQBC9BFLSUPOIiIUSDqNJabniBiY1xYt0Z2yGpeBFf4w8EIlGxxWpnm3m+YJkiHDlabA11jlLjMPjeTgsHjt3F84Atn7FhSuwNSjNI1qaeUXI2MKcoYSFgZajxnBzZDGvRqruqvCJbnXKcvoOA0ukbPKAQkzmrmL8wRthce52Yfp6/AhhDhnK7+9Q+vAG8UfaPvgAAAA==[0m[Pipeline] pmd
[2020-04-13T10:35:26.923Z] [PMD] Collecting PMD analysis files...
[2020-04-13T10:35:27.653Z] [PMD] Searching for all files in /var/lib/jenkins/workspace/0.ApplicationGroovyPipeLine that match the pattern target/pmd.xml
[2020-04-13T10:35:27.653Z] [PMD] Parsing 1 file in /var/lib/jenkins/workspace/0.ApplicationGroovyPipeLine
[2020-04-13T10:35:27.653Z] [PMD] Successfully parsed file /var/lib/jenkins/workspace/0.ApplicationGroovyPipeLine/target/pmd.xml with 12 unique warnings and 0 duplicates.
[2020-04-13T10:35:27.653Z] Skipping warnings blame since pipelines do not have an SCM link.%n
[2020-04-13T10:35:28.075Z] [PMD] Computing warning deltas based on reference build #13
[2020-04-13T10:35:28.160Z] [8mha:////4HJz1CMtaAkXqca+UKUTE1eakgS/YIs1UY4xDLwPMy08AAAApR+LCAAAAAAAAP9tjTEOwjAQBC9BFLSUPOIiISQKRJXWcsMLTGyME+vO2A5JxYv4Gn8gEImKLVY728zzBcsU4cjRYmuoc5Qah8H3dlo4cOwungds+YwNU2JvUJpBsjb1jJKzgTlFCQsBK0ON5+TIZliLVt1V5RXZ6pTj9B0ElE7f4AGFmMxZxfyFMcLm2uvE9PP8FcAYQoZyu//U7g1GGkcWvgAAAA==[0m[Pipeline] }
[2020-04-13T10:35:28.553Z] [withMaven] artifactsPublisher - Archive artifact pom.xml under com/edurekademo/tutorial/addressbook/2.0/addressbook-2.0.pom
[2020-04-13T10:35:29.336Z] [withMaven] openTasksPublisher - Scan Tasks for Maven artifact com.edurekademo.tutorial:addressbook:war:2.0 in source directory src/main/java
[2020-04-13T10:35:29.515Z] [TASKS] Scanning folder '/var/lib/jenkins/workspace/0.ApplicationGroovyPipeLine' for files matching the pattern 'src/main/java/**/*' - excludes: null
[2020-04-13T10:35:29.515Z] [TASKS] Found 13 files to scan for tasks
[2020-04-13T10:35:29.515Z] [TASKS] Found 0 open tasks.
[2020-04-13T10:35:29.515Z] Skipping warnings blame since pipelines do not have an SCM link.%n
[2020-04-13T10:35:30.012Z] [TASKS] Computing warning deltas based on reference build #15
[2020-04-13T10:35:30.012Z] [withMaven] Publishers: Pipeline Graph Publisher: 1 ms, Generated Artifacts Publisher: 782 ms, Open Task Scanner Publisher: 676 ms
[2020-04-13T10:35:30.311Z] [8mha:////4OT0E8i/j9cFH2BGHBkD6Kfpi18dy4DI3VfsTd01hZeQAAAApR+LCAAAAAAAAP9tjTEOwjAQBC9BFLSUPOIiQYOEqNJabniBiY1xYt0Z2yGpeBFf4w8EIlGxxWpnm3m+YJkiHDlabA11jlLjMPjeTgsHjt3F84Atn7FhSuwNSjNI1qaeUXI2MKcoYSFgZajxnBzZDGvRqruqvCJbnXKcvoOA0ukbPKAQkzmrmL8wRthce52Yfp6/AhhDyFBu95/avQEwPXV5vgAAAA==[0m[Pipeline] // withMaven
[2020-04-13T10:35:31.055Z] [8mha:////4HF8gsXtStK00pHRNLPRkOnYGn1zIyvdgpzYCLAwQpI0AAAApB+LCAAAAAAAAP9tjbEOwiAURV9rHFwd/QiadDPGyZWw+AXYIkLJexSodPKL/DX/QbSJk3e4uecu5/mCdQxwpKCZVTgYjJ1h3k26LJYpDFdHmVm6sI4wklNMqCyoV6cFBSUFS6oaVhw2CjtH0aBOsOVW3mXjJOrmnEL5Dhxq04/wgIoXc5IhfWEOsLtNfST8ef4KYPY+Qd3uP9W+AQPeLsW+AAAA[0m[Pipeline] }
[2020-04-13T10:35:31.687Z] [8mha:////4Ctw0wjgw/T7hkVTuxXmlgngqeEzBmMxZ123LelfDXNQAAAApB+LCAAAAAAAAP9tjTsOwjAQRDdBFLSUHGLDp0SpaC03nMAkxjixdoPt4FSciKtxBywiUTHFaN407/WGZfBQszfYaeothcbi4EaTFyb2/dVxwo4v2DAFdhqlTpJbfZpRctQwpyhhIWClqXEcLJkIa9Gph6qcIlOdo8/fUUBp2zs8oRDZHJWPX5g8bG5jG5h+nr8CmIYhQnnY5trvPsXVX92+AAAA[0m[Pipeline] // stage
[2020-04-13T10:35:33.274Z] [8mha:////4KWiJpPJeeuK3XZ5GJnEo9FK1ihehJ5/7Cfx5cUcZ7SXAAAAph+LCAAAAAAAAP9tjTEOwjAQBM9BKWgpeYQjBB2iorXc8AITG+PEugv2haTiRXyNPxCIRMVWOyut5vmCMic4UPKycdgGzHWQXez91ORAqb1EGmRDZ1kTZopOajdosu44oyZ2MEcUsFCwdFhHygE9w0o15m6qaNBXJ07TtldQBHuDBwg1mdkk/sKYYH3tbSb8ef4KYOwYxI6h2G4+x/INOibpDcEAAAA=[0m[Pipeline] stage
[2020-04-13T10:35:33.936Z] [8mha:////4DIbBNWSwZ4tMeXe2YEH1J+eQkxT7G3CG9NhfwU6f9KTAAAAph+LCAAAAAAAAP9tjTEOwjAUQ3+LOrAycohUwIiYukZZOEFoQkgb/V9+UtqJE3E17kBLJSY8WLYl673eUESGE7ETjcXWY6y96ELvpiQG4vYaaBANXURNGClYoeygyNhqqYqShUVZDisJa4t1oOjRJdjIRj90GTS68px42o4Scm/u8IRMTuSkOX3LyLC99SYS/jh/ATB2CfLDbrb9/Cw+2YMO4MIAAAA=[0m[Pipeline] { (Test)
[2020-04-13T10:35:35.260Z] [8mha:////4AIAlaA/pzrRxJz/grrIoLWN+WF2tvAvT6ERSUOUngk5AAAAph+LCAAAAAAAAP9tjTEOwjAUQ3+DOrAycohUoiNiYo26cILQhJA0+r9NUtKJE3E17kBLJSY8WLYl673eUMYAJwqGO42dxdha3vvRzIlnCt3NU+aOrrwljOQ1b3RuSOnzWhtKGlYVDDYCthpbT9GiSbATTj5k5SWa6pLCvB0FMKsGeEIhZnKSIX3LFGB/H1Uk/HH+AmDqE7D6sFi9PMsPfTawssIAAAA=[0m[Pipeline] withMaven
[2020-04-13T10:35:35.261Z] [withMaven] Options: []
[2020-04-13T10:35:35.261Z] [withMaven] Available options: 
[2020-04-13T10:35:35.262Z] [withMaven] using JDK installation provided by the build agent
[2020-04-13T10:35:35.965Z] [withMaven] using Maven installation 'MyMaven'
[2020-04-13T10:35:36.358Z] [8mha:////4NGzCJuE5LmpxVv+l+fK/02fMUTOvJLd0HQHoZ0+iWnvAAAAph+LCAAAAAAAAP9tjTEOwjAUQ3+LOrAycoh0KBtiYo2ycILQhJA0+r9NUtKJE3E17kBLJSY8WLYl673eUMUAJwqGOY2dxdha1vvRzIllCt3NU2aOrqwljOQ1EzoLUvq8VkFJw6qihA2HrcbWU7RoEuy4kw9Ze4mmvqQwb0cOpVUDPKHgMznJkL5lCrC/jyoS/jh/ATD1CcqmWeywPKsPBdk7bsIAAAA=[0m[Pipeline] {
[2020-04-13T10:35:36.857Z] [8mha:////4Cm0MByeayQgQjk2YAOk8PKnK1SK9sAm0WKQ6ub3WXx7AAAApB+LCAAAAAAAAP9tjTEOwjAQBC9BFLSUPOJSABWiSmu54QUmNsaJdWdsh6TiRXyNPxCIRMUWq51t5vmCZYpw5GixNdQ5So3D4Hs7LRw4dhfPA7Z8xoYpsTcozSBZm3pGydnAnKKEhYCVocZzcmQzrEWr7qryimx1ynH6DgJKp2/wgEJM5qxi/sIYYXPtdWL6ef4KYAwZyu3uU/vwBtZos2m+AAAA[0m[Pipeline] sh
[2020-04-13T10:35:37.510Z] + mvn test
[2020-04-13T10:35:37.510Z] ----- withMaven Wrapper script -----
[2020-04-13T10:35:39.384Z] Picked up JAVA_TOOL_OPTIONS: -Dmaven.ext.class.path="/var/lib/jenkins/workspace/0.ApplicationGroovyPipeLine@tmp/withMaven11004011/pipeline-maven-spy.jar" -Dorg.jenkinsci.plugins.pipeline.maven.reportsFolder="/var/lib/jenkins/workspace/0.ApplicationGroovyPipeLine@tmp/withMaven11004011" 
[2020-04-13T10:35:54.161Z] Apache Maven 3.6.3 (cecedd343002696d0abb50b32b541b8a6ba2883f)
[2020-04-13T10:35:54.161Z] Maven home: /var/lib/jenkins/tools/hudson.tasks.Maven_MavenInstallation/MyMaven
[2020-04-13T10:35:54.161Z] Java version: 1.8.0_242, vendor: Private Build, runtime: /usr/lib/jvm/java-8-openjdk-amd64/jre
[2020-04-13T10:35:54.161Z] Default locale: en_IN, platform encoding: UTF-8
[2020-04-13T10:35:54.161Z] OS name: "linux", version: "5.3.0-46-generic", arch: "amd64", family: "unix"
[2020-04-13T10:36:04.044Z] [INFO] [jenkins-event-spy] Generate /var/lib/jenkins/workspace/0.ApplicationGroovyPipeLine@tmp/withMaven11004011/maven-spy-20200413-160600-9306276566031594708119.log.tmp ...
[2020-04-13T10:36:04.044Z] [INFO] Scanning for projects...
[2020-04-13T10:36:04.294Z] [WARNING] 
[2020-04-13T10:36:04.294Z] [WARNING] Some problems were encountered while building the effective model for com.edurekademo.tutorial:addressbook:war:2.0
[2020-04-13T10:36:04.294Z] [WARNING] Reporting configuration should be done in <reporting> section, not in maven-site-plugin <configuration> as reportPlugins parameter. @ line 298, column 40
[2020-04-13T10:36:04.294Z] [WARNING] 
[2020-04-13T10:36:04.294Z] [WARNING] It is highly recommended to fix these problems because they threaten the stability of your build.
[2020-04-13T10:36:04.294Z] [WARNING] 
[2020-04-13T10:36:04.294Z] [WARNING] For this reason, future Maven versions might no longer support building such malformed projects.
[2020-04-13T10:36:04.294Z] [WARNING] 
[2020-04-13T10:36:04.294Z] [INFO] 
[2020-04-13T10:36:04.295Z] [INFO] ----------------< com.edurekademo.tutorial:addressbook >----------------
[2020-04-13T10:36:04.295Z] [INFO] Building Vaadin Addressbook example 2.0
[2020-04-13T10:36:04.295Z] [INFO] --------------------------------[ war ]---------------------------------
[2020-04-13T10:36:09.501Z] [INFO] 
[2020-04-13T10:36:09.501Z] [INFO] --- maven-enforcer-plugin:1.0:enforce (enforce-versions) @ addressbook ---
[2020-04-13T10:36:12.737Z] [INFO] 
[2020-04-13T10:36:12.737Z] [INFO] --- maven-resources-plugin:2.6:resources (default-resources) @ addressbook ---
[2020-04-13T10:36:14.616Z] [INFO] Using 'UTF-8' encoding to copy filtered resources.
[2020-04-13T10:36:14.616Z] [INFO] skip non existing resourceDirectory /var/lib/jenkins/workspace/0.ApplicationGroovyPipeLine/src/main/resources
[2020-04-13T10:36:14.616Z] [INFO] 
[2020-04-13T10:36:14.616Z] [INFO] --- maven-compiler-plugin:3.2:compile (default-compile) @ addressbook ---
[2020-04-13T10:36:18.758Z] [INFO] Nothing to compile - all classes are up to date
[2020-04-13T10:36:18.758Z] [INFO] 
[2020-04-13T10:36:18.758Z] [INFO] --- maven-resources-plugin:2.6:testResources (default-testResources) @ addressbook ---
[2020-04-13T10:36:18.758Z] [INFO] Using 'UTF-8' encoding to copy filtered resources.
[2020-04-13T10:36:18.758Z] [INFO] Copying 1 resource
[2020-04-13T10:36:19.010Z] [INFO] 
[2020-04-13T10:36:19.010Z] [INFO] --- maven-compiler-plugin:3.2:testCompile (default-testCompile) @ addressbook ---
[2020-04-13T10:36:19.261Z] [INFO] Changes detected - recompiling the module!
[2020-04-13T10:36:19.261Z] [INFO] Compiling 5 source files to /var/lib/jenkins/workspace/0.ApplicationGroovyPipeLine/target/test-classes
[2020-04-13T10:36:31.378Z] [INFO] 
[2020-04-13T10:36:31.378Z] [INFO] --- maven-surefire-plugin:2.19.1:test (default-test) @ addressbook ---
[2020-04-13T10:36:34.617Z] 
[2020-04-13T10:36:34.617Z] -------------------------------------------------------
[2020-04-13T10:36:34.617Z]  T E S T S
[2020-04-13T10:36:34.617Z] -------------------------------------------------------
[2020-04-13T10:36:35.965Z] Picked up JAVA_TOOL_OPTIONS: -Dmaven.ext.class.path="/var/lib/jenkins/workspace/0.ApplicationGroovyPipeLine@tmp/withMaven11004011/pipeline-maven-spy.jar" -Dorg.jenkinsci.plugins.pipeline.maven.reportsFolder="/var/lib/jenkins/workspace/0.ApplicationGroovyPipeLine@tmp/withMaven11004011" 
[2020-04-13T10:36:36.877Z] Running com.edurekademo.utilities.TestHexAsciiConversion
[2020-04-13T10:36:36.877Z] 74657374696e6720617363696920636f6e76657274696f6e20696e746f2068657861646563696d616c
[2020-04-13T10:36:36.877Z] testing ascii convertion into hexadecimal
[2020-04-13T10:36:37.128Z] Tests run: 4, Failures: 0, Errors: 0, Skipped: 0, Time elapsed: 0.025 sec - in com.edurekademo.utilities.TestHexAsciiConversion
[2020-04-13T10:36:37.128Z] Running com.edurekademo.utilities.TestLogger
[2020-04-13T10:36:37.128Z] SLF4J: Class path contains multiple SLF4J bindings.
[2020-04-13T10:36:37.128Z] SLF4J: Found binding in [jar:file:/var/lib/jenkins/.m2/repository/org/slf4j/slf4j-simple/1.7.7/slf4j-simple-1.7.7.jar!/org/slf4j/impl/StaticLoggerBinder.class]
[2020-04-13T10:36:37.128Z] SLF4J: Found binding in [jar:file:/var/lib/jenkins/.m2/repository/org/slf4j/slf4j-log4j12/1.7.7/slf4j-log4j12-1.7.7.jar!/org/slf4j/impl/StaticLoggerBinder.class]
[2020-04-13T10:36:37.128Z] SLF4J: See http://www.slf4j.org/codes.html#multiple_bindings for an explanation.
[2020-04-13T10:36:37.128Z] SLF4J: Actual binding is of type [org.slf4j.impl.SimpleLoggerFactory]
[2020-04-13T10:36:37.128Z] [pool-1-thread-5] INFO com.edurekademo.utilities.TestLogger - java.lang.ArithmeticException: / by zero
[2020-04-13T10:36:37.128Z] Cause:at com.edurekademo.utilities.TestLogger.testGetErrorMessage1(TestLogger.java:14)
[2020-04-13T10:36:37.128Z] Cause:at sun.reflect.NativeMethodAccessorImpl.invoke0(Native Method)
[2020-04-13T10:36:37.128Z] [pool-1-thread-7] INFO com.edurekademo.utilities.TestLogger - java.lang.ArithmeticException: / by zero
[2020-04-13T10:36:37.128Z] Cause:at com.edurekademo.utilities.ExceptionThrower.getCounter(ExceptionThrower.java:13)
[2020-04-13T10:36:37.128Z] Cause:at com.edurekademo.utilities.TestLogger.testGetErrorMessage3(TestLogger.java:45)
[2020-04-13T10:36:37.128Z] [pool-1-thread-6] INFO com.edurekademo.utilities.TestLogger - java.lang.ArithmeticException: / by zero
[2020-04-13T10:36:37.128Z] Cause:at com.edurekademo.utilities.TestLogger.testGetErrorMessage2(TestLogger.java:30)
[2020-04-13T10:36:37.128Z] Cause:at sun.reflect.NativeMethodAccessorImpl.invoke0(Native Method)
[2020-04-13T10:36:37.128Z] [pool-1-thread-8] INFO com.edurekademo.utilities.TestLogger - java.io.IOException: TESTIOEXCEPTION
[2020-04-13T10:36:37.128Z] Cause:at com.edurekademo.utilities.ExceptionThrower.doNothing(ExceptionThrower.java:18)
[2020-04-13T10:36:37.128Z] Cause:at com.edurekademo.utilities.TestLogger.testGetErrorMessage4(TestLogger.java:60)
[2020-04-13T10:36:37.129Z] [pool-1-thread-9] ERROR com.edurekademo.utilities.ExceptionThrower - java.lang.Exception: DEAR
[2020-04-13T10:36:37.129Z] Cause:at com.edurekademo.utilities.ExceptionThrower.doYYY(ExceptionThrower.java:35)
[2020-04-13T10:36:37.129Z] Cause:at com.edurekademo.utilities.ExceptionThrower.doXXX(ExceptionThrower.java:23)
[2020-04-13T10:36:37.129Z] [pool-1-thread-9] INFO com.edurekademo.utilities.TestLogger - java.lang.Exception: TEST MESSAGE
[2020-04-13T10:36:37.129Z] Cause:at com.edurekademo.utilities.ExceptionThrower.doCheck(ExceptionThrower.java:43)
[2020-04-13T10:36:37.129Z] Cause:at com.edurekademo.utilities.TestLogger.testGetErrorMessage5(TestLogger.java:75)
[2020-04-13T10:36:37.129Z] ***** java.lang.Exception: TEST MESSAGE
[2020-04-13T10:36:37.129Z] Cause:at com.edurekademo.utilities.ExceptionThrower.doCheck(ExceptionThrower.java:43)
[2020-04-13T10:36:37.129Z] Cause:at com.edurekademo.utilities.TestLogger.testGetErrorMessage5(TestLogger.java:75)
[2020-04-13T10:36:37.129Z] Tests run: 5, Failures: 0, Errors: 0, Skipped: 0, Time elapsed: 0.091 sec - in com.edurekademo.utilities.TestLogger
[2020-04-13T10:36:37.129Z] Running com.edurekademo.utilities.TestGenericComparator
[2020-04-13T10:36:37.129Z] Tests run: 14, Failures: 0, Errors: 0, Skipped: 0, Time elapsed: 0.037 sec - in com.edurekademo.utilities.TestGenericComparator
[2020-04-13T10:36:37.380Z] 
[2020-04-13T10:36:37.380Z] Results :
[2020-04-13T10:36:37.380Z] 
[2020-04-13T10:36:37.380Z] Tests run: 23, Failures: 0, Errors: 0, Skipped: 0
[2020-04-13T10:36:37.380Z] 
[2020-04-13T10:36:37.631Z] [INFO] ------------------------------------------------------------------------
[2020-04-13T10:36:37.631Z] [INFO] BUILD SUCCESS
[2020-04-13T10:36:37.631Z] [INFO] ------------------------------------------------------------------------
[2020-04-13T10:36:37.631Z] [INFO] Total time:  33.886 s
[2020-04-13T10:36:37.631Z] [INFO] Finished at: 2020-04-13T16:06:37+05:30
[2020-04-13T10:36:37.631Z] [INFO] ------------------------------------------------------------------------
[2020-04-13T10:36:37.631Z] [INFO] [jenkins-event-spy] Generated /var/lib/jenkins/workspace/0.ApplicationGroovyPipeLine@tmp/withMaven11004011/maven-spy-20200413-160600-9306276566031594708119.log
[2020-04-13T10:36:37.980Z] [8mha:////4KDBOBB0nnDD5CFQXgZO/tpCh01VpePU4r5QUiCnRWQYAAAApB+LCAAAAAAAAP9tjTEOwjAQBC9BFLSUPOJSgGgQVVrLDS8wsTFOrDtjOyQVL+Jr/IFAJCq2WO1sM88XLFOEI0eLraHOUWocBt/baeHAsbt4HrDlMzZMib1BaQbJ2tQzSs4G5hQlLASsDDWekyObYS1adVeVV2SrU47TdxBQOn2DBxRiMmcV8xfGCJtrrxPTz/NXAGPIUG53n9qHNxU7nkK+AAAA[0m[Pipeline] junit
[2020-04-13T10:36:37.984Z] Recording test results
[2020-04-13T10:36:38.460Z] [8mha:////4AUjZkr2W0+AUIYbgXMINCDdd8TeLFUADH7zvei08VRoAAAApR+LCAAAAAAAAP9tjTEOwjAQBC9BFLSUPOJSgESBqNJabniBiY1xYt0Z2yGpeBFf4w8EIlGxxWpnm3m+YJkiHDlabA11jlLjMPjeTgsHjt3F84Atn7FhSuwNSjNI1qaeUXI2MKcoYSFgZajxnBzZDGvRqruqvCJbnXKcvoOA0ukbPKAQkzmrmL8wRthce52Yfp6/AhhDyFBu95/avQGzICupvgAAAA==[0m[Pipeline] }
[2020-04-13T10:36:38.572Z] [withMaven] artifactsPublisher - Archive artifact pom.xml under com/edurekademo/tutorial/addressbook/2.0/addressbook-2.0.pom
[2020-04-13T10:36:38.577Z] [withMaven] junitPublisher - Archive test results for Maven artifact com.edurekademo.tutorial:addressbook:war:2.0 generated by maven-surefire-plugin:test (default-test): target/surefire-reports/*.xml
[2020-04-13T10:36:38.577Z] Recording test results
[2020-04-13T10:36:38.810Z] [withMaven] openTasksPublisher - Scan Tasks for Maven artifact com.edurekademo.tutorial:addressbook:war:2.0 in source directory src/main/java
[2020-04-13T10:36:38.827Z] [TASKS] Scanning folder '/var/lib/jenkins/workspace/0.ApplicationGroovyPipeLine' for files matching the pattern 'src/main/java/**/*' - excludes: null
[2020-04-13T10:36:38.827Z] [TASKS] Found 13 files to scan for tasks
[2020-04-13T10:36:38.827Z] [TASKS] Found 0 open tasks.
[2020-04-13T10:36:38.827Z] Skipping warnings blame since pipelines do not have an SCM link.%n
[2020-04-13T10:36:39.014Z] [TASKS] Computing warning deltas based on reference build #15
[2020-04-13T10:36:39.014Z] [withMaven] Publishers: Pipeline Graph Publisher: 2 ms, Generated Artifacts Publisher: 98 ms, Junit Publisher: 232 ms, Open Task Scanner Publisher: 203 ms
[2020-04-13T10:36:39.256Z] [8mha:////4JqSAeYb1IBNFHknuhFTUmVNsMtzMZia7WZvi8ib7wuIAAAApB+LCAAAAAAAAP9tjTESwiAURH/iWNhaeghSpHHGsbJlaDwBJogQ5n8CRFJ5Iq/mHUQzY+UWO/u2ec8XrGOAIwXNrMLBYOwM827SZbFMYbg6yszShXWEkZxiQmVBvTotKCgpWFLVsOKwUdg5igZ1gi238i4bJ1E35xTKd+BQm36EB1S8mJMM6QtzgN1t6iPhz/NXALP3Cep2/6n2DcUHGca+AAAA[0m[Pipeline] // withMaven
[2020-04-13T10:36:39.378Z] [8mha:////4HtQ5VxvuCfQ23W45QFRKFy+5FFHvJEqZyeiFk8XQWgpAAAApB+LCAAAAAAAAP9tjTEOwjAQBC9BFLSUPOIiQYUQVVrLDS8wsTFOrDtjOyQVL+Jr/IFAJCq2WO1sM88XLFOEI0eLraHOUWocBt/baeHAsbt4HrDlMzZMib1BaQbJ2tQzSs4G5hQlLASsDDWekyObYS1adVeVV2SrU47TdxBQOn2DBxRiMmcV8xfGCJtrrxPTz/NXAGMIGcrd/lPbN/bkQnq+AAAA[0m[Pipeline] }
[2020-04-13T10:36:39.661Z] [8mha:////4BIA9U7Xq5AVbpj0qkKyX9+2vPVMjTZEBW1vBBpHeLRQAAAApB+LCAAAAAAAAP9tjTEOwjAQBC9BFLSUPOICgg6lorXc8AKTGOPEugu2g1PxIr7GH7CIRMUWq51t5vWGZfBQszfYaeothcbi4EaTFyb2/dVxwo4v2DAFdhqlTpJbfZpRctQwpyhhIWClqXEcLJkIa9Gph6qcIlOdo8/fUUBp2zs8oRDZHJWPX5g8bG5jG5h+nr8CmIYhQnnY5trvPgra4wG+AAAA[0m[Pipeline] // stage
[2020-04-13T10:36:39.853Z] [8mha:////4BAQz0y/rOk0wI1zCw7BfZl3GmYEfPdN8ivf8ySCTSFZAAAAph+LCAAAAAAAAP9tjTEOwjAQBM9BKWgpeYQjpHSIitZywwtMYowT6y7YF5KKF/E1/oAhEhVb7ay0mucLyhThQNHJzmLvMTVeDmF0ucmJYn8JNMmOzrIhTBSs1HbS1NrjgprYwhJRwErB2mITKHl0DBvVmbupgkFXnTjmba+g8O0NHiBUNrOJ/IU5wvY6tonw5/krgHlgEDVDUe8+x/INtBhOyMEAAAA=[0m[Pipeline] stage
[2020-04-13T10:36:39.944Z] [8mha:////4ER+TSHvl5rxYdq11H7UZ5iyR+grH7b/BF6/RrFgFKc0AAAApx+LCAAAAAAAAP9tjTEOwjAUQ3+LOrAycohUIDbE1DXKwglCE0La6P/yk9JOnIircQdaKjHhwbItWe/1hiIynIidaCy2HmPtRRd6NyUxELfXQINo6CJqwkjBCmUHRcZWS1WULCzKclhJWFusA0WPLsFGNvqhy6DRlefE03aUkHtzhydkciInzelbRobtrTeR8Mf5C4CxS5AfdrPt52fxAdhUMVHCAAAA[0m[Pipeline] { (Metrics)
[2020-04-13T10:36:40.249Z] [8mha:////4L1dNiN9U7EiYWG4jlfW/rURjkSfw7mEWcXKXvEmx8hxAAAApx+LCAAAAAAAAP9tjTEOwjAUQ3+LOrAycohUAjbE1DXKwglCE0La6P/yk9JOnIircQdaKjHhwbItWe/1hiIynIidaCy2HmPtRRd6NyUxELfXQINo6CJqwkjBCmUHRcZWS1WULCzKclhJWFusA0WPLsFGNvqhy6DRlefE03aUkHtzhydkciInzelbRobtrTeR8Mf5C4CxS5AfdrPt52fxAXzhjwPCAAAA[0m[Pipeline] withMaven
[2020-04-13T10:36:40.250Z] [withMaven] Options: []
[2020-04-13T10:36:40.250Z] [withMaven] Available options: 
[2020-04-13T10:36:40.250Z] [withMaven] using JDK installation provided by the build agent
[2020-04-13T10:36:40.253Z] [withMaven] using Maven installation 'MyMaven'
[2020-04-13T10:36:40.480Z] [8mha:////4HBc6fHBDkc/hwwKDbXSRlFjwMZt3dwMLuxS3kaGJbuFAAAAph+LCAAAAAAAAP9tjTEOwjAUQ3+DOrAycoh0oBtiYo26cILQhJA0+r9NUtKJE3E17kBLJSY8WLYl673eUMYAJwqGO42dxdha3vvRzIlnCt3NU+aOrrwljOQ1b3RuSOnzWhtKGlYVDDYCthpbT9GiSbATTj5k5SWa6pLCvB0FMKsGeEIhZnKSIX3LFGB/H1Uk/HH+AmDqE7D6sFi9PMsPBA4E38IAAAA=[0m[Pipeline] {
[2020-04-13T10:36:40.895Z] [8mha:////4E4tHqUXrzSNr8KrZ7GtccsBcuDAo6NcTb8Pn5x0ZJycAAAAox+LCAAAAAAAAP9tjTESwiAURH/iWNhaegjSxMqxsmVoPAEmiBDmfwJEUnkir+YdRDNj5RY7+7Z5zxesY4AjBc2swsFg7AzzbtJlsUxhuDrKzNKFdYSRnGJCZUG9Oi0oKClYUtWw4rBR2DmKBnWCLbfyLhsnUTfnFMp34FCbfoQHVLyYkwzpC3OA3W3qI+HP81cAs09Qt+2n9v4NSnc5Zr4AAAA=[0m[Pipeline] sh
[2020-04-13T10:36:41.153Z] + mvn cobertura:cobertura -Dcobertura.report.format=xml
[2020-04-13T10:36:41.153Z] ----- withMaven Wrapper script -----
[2020-04-13T10:36:41.153Z] Picked up JAVA_TOOL_OPTIONS: -Dmaven.ext.class.path="/var/lib/jenkins/workspace/0.ApplicationGroovyPipeLine@tmp/withMaven21dfdb6b/pipeline-maven-spy.jar" -Dorg.jenkinsci.plugins.pipeline.maven.reportsFolder="/var/lib/jenkins/workspace/0.ApplicationGroovyPipeLine@tmp/withMaven21dfdb6b" 
[2020-04-13T10:36:41.406Z] Apache Maven 3.6.3 (cecedd343002696d0abb50b32b541b8a6ba2883f)
[2020-04-13T10:36:41.407Z] Maven home: /var/lib/jenkins/tools/hudson.tasks.Maven_MavenInstallation/MyMaven
[2020-04-13T10:36:41.407Z] Java version: 1.8.0_242, vendor: Private Build, runtime: /usr/lib/jvm/java-8-openjdk-amd64/jre
[2020-04-13T10:36:41.407Z] Default locale: en_IN, platform encoding: UTF-8
[2020-04-13T10:36:41.407Z] OS name: "linux", version: "5.3.0-46-generic", arch: "amd64", family: "unix"
[2020-04-13T10:36:43.270Z] [INFO] [jenkins-event-spy] Generate /var/lib/jenkins/workspace/0.ApplicationGroovyPipeLine@tmp/withMaven21dfdb6b/maven-spy-20200413-160642-8981679454469534398618.log.tmp ...
[2020-04-13T10:36:43.270Z] [INFO] Scanning for projects...
[2020-04-13T10:36:43.521Z] [WARNING] 
[2020-04-13T10:36:43.521Z] [WARNING] Some problems were encountered while building the effective model for com.edurekademo.tutorial:addressbook:war:2.0
[2020-04-13T10:36:43.521Z] [WARNING] Reporting configuration should be done in <reporting> section, not in maven-site-plugin <configuration> as reportPlugins parameter. @ line 298, column 40
[2020-04-13T10:36:43.521Z] [WARNING] 
[2020-04-13T10:36:43.521Z] [WARNING] It is highly recommended to fix these problems because they threaten the stability of your build.
[2020-04-13T10:36:43.521Z] [WARNING] 
[2020-04-13T10:36:43.521Z] [WARNING] For this reason, future Maven versions might no longer support building such malformed projects.
[2020-04-13T10:36:43.521Z] [WARNING] 
[2020-04-13T10:36:45.385Z] [INFO] 
[2020-04-13T10:36:45.385Z] [INFO] ----------------< com.edurekademo.tutorial:addressbook >----------------
[2020-04-13T10:36:45.385Z] [INFO] Building Vaadin Addressbook example 2.0
[2020-04-13T10:36:45.385Z] [INFO] --------------------------------[ war ]---------------------------------
[2020-04-13T10:36:45.385Z] [INFO] 
[2020-04-13T10:36:45.385Z] [INFO] >>> cobertura-maven-plugin:2.7:cobertura (default-cli) > [cobertura]test @ addressbook >>>
[2020-04-13T10:36:45.939Z] [INFO] 
[2020-04-13T10:36:45.939Z] [INFO] --- maven-enforcer-plugin:1.0:enforce (enforce-versions) @ addressbook ---
[2020-04-13T10:36:46.190Z] [INFO] 
[2020-04-13T10:36:46.190Z] [INFO] --- maven-resources-plugin:2.6:resources (default-resources) @ addressbook ---
[2020-04-13T10:36:46.447Z] [INFO] Using 'UTF-8' encoding to copy filtered resources.
[2020-04-13T10:36:46.447Z] [INFO] skip non existing resourceDirectory /var/lib/jenkins/workspace/0.ApplicationGroovyPipeLine/src/main/resources
[2020-04-13T10:36:46.447Z] [INFO] 
[2020-04-13T10:36:46.447Z] [INFO] --- maven-compiler-plugin:3.2:compile (default-compile) @ addressbook ---
[2020-04-13T10:36:46.998Z] [INFO] Nothing to compile - all classes are up to date
[2020-04-13T10:36:46.998Z] [INFO] 
[2020-04-13T10:36:46.998Z] [INFO] --- cobertura-maven-plugin:2.7:instrument (default-cli) @ addressbook ---
[2020-04-13T10:37:01.769Z] [INFO] Cobertura 2.1.1 - GNU GPL License (NO WARRANTY) - See COPYRIGHT file
[2020-04-13T10:37:01.769Z] [INFO] Cobertura: Saved information on 17 classes.
[2020-04-13T10:37:01.769Z] [INFO] Cobertura: Saved information on 17 classes.
[2020-04-13T10:37:01.769Z] 
[2020-04-13T10:37:01.769Z] [ERROR] Picked up JAVA_TOOL_OPTIONS: -Dmaven.ext.class.path="/var/lib/jenkins/workspace/0.ApplicationGroovyPipeLine@tmp/withMaven21dfdb6b/pipeline-maven-spy.jar" -Dorg.jenkinsci.plugins.pipeline.maven.reportsFolder="/var/lib/jenkins/workspace/0.ApplicationGroovyPipeLine@tmp/withMaven21dfdb6b" 
[2020-04-13T10:37:01.769Z] SLF4J: Class path contains multiple SLF4J bindings.
[2020-04-13T10:37:01.769Z] SLF4J: Found binding in [jar:file:/var/lib/jenkins/.m2/repository/ch/qos/logback/logback-classic/1.0.13/logback-classic-1.0.13.jar!/org/slf4j/impl/StaticLoggerBinder.class]
[2020-04-13T10:37:01.769Z] SLF4J: Found binding in [jar:file:/var/lib/jenkins/.m2/repository/org/slf4j/slf4j-simple/1.7.7/slf4j-simple-1.7.7.jar!/org/slf4j/impl/StaticLoggerBinder.class]
[2020-04-13T10:37:01.769Z] SLF4J: Found binding in [jar:file:/var/lib/jenkins/.m2/repository/org/slf4j/slf4j-log4j12/1.7.7/slf4j-log4j12-1.7.7.jar!/org/slf4j/impl/StaticLoggerBinder.class]
[2020-04-13T10:37:01.769Z] SLF4J: See http://www.slf4j.org/codes.html#multiple_bindings for an explanation.
[2020-04-13T10:37:01.769Z] SLF4J: Actual binding is of type [ch.qos.logback.classic.util.ContextSelectorStaticBinder]
[2020-04-13T10:37:01.769Z] 
[2020-04-13T10:37:01.769Z] [INFO] Instrumentation was successful.
[2020-04-13T10:37:01.769Z] [INFO] NOT adding cobertura ser file to attached artifacts list.
[2020-04-13T10:37:01.769Z] [INFO] 
[2020-04-13T10:37:01.769Z] [INFO] --- maven-resources-plugin:2.6:testResources (default-testResources) @ addressbook ---
[2020-04-13T10:37:01.769Z] [INFO] Using 'UTF-8' encoding to copy filtered resources.
[2020-04-13T10:37:01.769Z] [INFO] Copying 1 resource
[2020-04-13T10:37:01.769Z] [INFO] 
[2020-04-13T10:37:01.769Z] [INFO] --- maven-compiler-plugin:3.2:testCompile (default-testCompile) @ addressbook ---
[2020-04-13T10:37:01.769Z] [INFO] Nothing to compile - all classes are up to date
[2020-04-13T10:37:01.769Z] [INFO] 
[2020-04-13T10:37:01.769Z] [INFO] --- maven-surefire-plugin:2.19.1:test (default-test) @ addressbook ---
[2020-04-13T10:37:02.321Z] 
[2020-04-13T10:37:02.321Z] -------------------------------------------------------
[2020-04-13T10:37:02.321Z]  T E S T S
[2020-04-13T10:37:02.321Z] -------------------------------------------------------
[2020-04-13T10:37:03.669Z] Picked up JAVA_TOOL_OPTIONS: -Dmaven.ext.class.path="/var/lib/jenkins/workspace/0.ApplicationGroovyPipeLine@tmp/withMaven21dfdb6b/pipeline-maven-spy.jar" -Dorg.jenkinsci.plugins.pipeline.maven.reportsFolder="/var/lib/jenkins/workspace/0.ApplicationGroovyPipeLine@tmp/withMaven21dfdb6b" 
[2020-04-13T10:37:06.902Z] Running com.edurekademo.utilities.TestHexAsciiConversion
[2020-04-13T10:37:06.902Z] SLF4J: Class path contains multiple SLF4J bindings.
[2020-04-13T10:37:06.902Z] SLF4J: Found binding in [jar:file:/var/lib/jenkins/.m2/repository/org/slf4j/slf4j-simple/1.7.7/slf4j-simple-1.7.7.jar!/org/slf4j/impl/StaticLoggerBinder.class]
[2020-04-13T10:37:06.902Z] SLF4J: Found binding in [jar:file:/var/lib/jenkins/.m2/repository/org/slf4j/slf4j-log4j12/1.7.7/slf4j-log4j12-1.7.7.jar!/org/slf4j/impl/StaticLoggerBinder.class]
[2020-04-13T10:37:06.902Z] SLF4J: Found binding in [jar:file:/var/lib/jenkins/.m2/repository/ch/qos/logback/logback-classic/1.0.13/logback-classic-1.0.13.jar!/org/slf4j/impl/StaticLoggerBinder.class]
[2020-04-13T10:37:06.902Z] SLF4J: See http://www.slf4j.org/codes.html#multiple_bindings for an explanation.
[2020-04-13T10:37:06.902Z] SLF4J: Actual binding is of type [org.slf4j.impl.SimpleLoggerFactory]
[2020-04-13T10:37:06.902Z] 74657374696e6720617363696920636f6e76657274696f6e20696e746f2068657861646563696d616c
[2020-04-13T10:37:06.902Z] testing ascii convertion into hexadecimal
[2020-04-13T10:37:06.902Z] Tests run: 4, Failures: 0, Errors: 0, Skipped: 0, Time elapsed: 0.162 sec - in com.edurekademo.utilities.TestHexAsciiConversion
[2020-04-13T10:37:06.902Z] Running com.edurekademo.utilities.TestLogger
[2020-04-13T10:37:06.902Z] [pool-1-thread-6] INFO com.edurekademo.utilities.TestLogger - java.lang.ArithmeticException: / by zero
[2020-04-13T10:37:06.903Z] Cause:at com.edurekademo.utilities.TestLogger.testGetErrorMessage2(TestLogger.java:30)
[2020-04-13T10:37:06.903Z] Cause:at sun.reflect.NativeMethodAccessorImpl.invoke0(Native Method)
[2020-04-13T10:37:06.903Z] [pool-1-thread-5] INFO com.edurekademo.utilities.TestLogger - java.lang.ArithmeticException: / by zero
[2020-04-13T10:37:06.903Z] Cause:at com.edurekademo.utilities.TestLogger.testGetErrorMessage1(TestLogger.java:14)
[2020-04-13T10:37:06.903Z] Cause:at sun.reflect.NativeMethodAccessorImpl.invoke0(Native Method)
[2020-04-13T10:37:06.903Z] [pool-1-thread-7] INFO com.edurekademo.utilities.TestLogger - java.lang.ArithmeticException: / by zero
[2020-04-13T10:37:06.903Z] Cause:at com.edurekademo.utilities.ExceptionThrower.getCounter(ExceptionThrower.java:13)
[2020-04-13T10:37:06.903Z] Cause:at com.edurekademo.utilities.TestLogger.testGetErrorMessage3(TestLogger.java:45)
[2020-04-13T10:37:06.903Z] [pool-1-thread-8] INFO com.edurekademo.utilities.TestLogger - java.io.IOException: TESTIOEXCEPTION
[2020-04-13T10:37:06.903Z] Cause:at com.edurekademo.utilities.ExceptionThrower.doNothing(ExceptionThrower.java:18)
[2020-04-13T10:37:06.903Z] Cause:at com.edurekademo.utilities.TestLogger.testGetErrorMessage4(TestLogger.java:60)
[2020-04-13T10:37:06.903Z] [pool-1-thread-9] ERROR com.edurekademo.utilities.ExceptionThrower - java.lang.Exception: DEAR
[2020-04-13T10:37:06.903Z] Cause:at com.edurekademo.utilities.ExceptionThrower.doYYY(ExceptionThrower.java:35)
[2020-04-13T10:37:06.903Z] Cause:at com.edurekademo.utilities.ExceptionThrower.doXXX(ExceptionThrower.java:23)
[2020-04-13T10:37:06.903Z] [pool-1-thread-9] INFO com.edurekademo.utilities.TestLogger - java.lang.Exception: TEST MESSAGE
[2020-04-13T10:37:06.903Z] Cause:at com.edurekademo.utilities.ExceptionThrower.doCheck(ExceptionThrower.java:43)
[2020-04-13T10:37:06.903Z] Cause:at com.edurekademo.utilities.TestLogger.testGetErrorMessage5(TestLogger.java:75)
[2020-04-13T10:37:06.903Z] ***** java.lang.Exception: TEST MESSAGE
[2020-04-13T10:37:06.903Z] Cause:at com.edurekademo.utilities.ExceptionThrower.doCheck(ExceptionThrower.java:43)
[2020-04-13T10:37:06.903Z] Cause:at com.edurekademo.utilities.TestLogger.testGetErrorMessage5(TestLogger.java:75)
[2020-04-13T10:37:06.903Z] Tests run: 5, Failures: 0, Errors: 0, Skipped: 0, Time elapsed: 0.481 sec - in com.edurekademo.utilities.TestLogger
[2020-04-13T10:37:07.153Z] Running com.edurekademo.utilities.TestGenericComparator
[2020-04-13T10:37:07.153Z] Tests run: 14, Failures: 0, Errors: 0, Skipped: 0, Time elapsed: 0.054 sec - in com.edurekademo.utilities.TestGenericComparator
[2020-04-13T10:37:09.643Z] 
[2020-04-13T10:37:09.643Z] Results :
[2020-04-13T10:37:09.643Z] 
[2020-04-13T10:37:09.643Z] Tests run: 23, Failures: 0, Errors: 0, Skipped: 0
[2020-04-13T10:37:09.643Z] 
[2020-04-13T10:37:09.894Z] [INFO] 
[2020-04-13T10:37:09.894Z] [INFO] <<< cobertura-maven-plugin:2.7:cobertura (default-cli) < [cobertura]test @ addressbook <<<
[2020-04-13T10:37:09.894Z] [INFO] 
[2020-04-13T10:37:09.894Z] [INFO] 
[2020-04-13T10:37:09.894Z] [INFO] --- cobertura-maven-plugin:2.7:cobertura (default-cli) @ addressbook ---
[2020-04-13T10:37:19.787Z] [INFO] Cobertura 2.1.1 - GNU GPL License (NO WARRANTY) - See COPYRIGHT file
[2020-04-13T10:37:19.787Z] [INFO] Cobertura: Loaded information on 17 classes.
[2020-04-13T10:37:19.787Z] [WARN] JavaNCSS got an error while parsing the java file /var/lib/jenkins/workspace/0.ApplicationGroovyPipeLine/src/main/java/com/edurekademo/tutorial/addressbook/AddressbookUI.java
[2020-04-13T10:37:19.787Z] ParseException in STDIN
[2020-04-13T10:37:19.787Z] Last useful checkpoint: "com.edurekademo.tutorial.addressbook.AddressbookUI.configureComponents()"
[2020-04-13T10:37:19.787Z] Encountered " ">" "> "" at line 72, column 40.
[2020-04-13T10:37:19.787Z] Was expecting one of:
[2020-04-13T10:37:19.787Z]     "assert" ...
[2020-04-13T10:37:19.787Z]     "boolean" ...
[2020-04-13T10:37:19.787Z]     "byte" ...
[2020-04-13T10:37:19.787Z]     "char" ...
[2020-04-13T10:37:19.787Z]     "double" ...
[2020-04-13T10:37:19.787Z]     "enum" ...
[2020-04-13T10:37:19.787Z]     "false" ...
[2020-04-13T10:37:19.787Z]     "float" ...
[2020-04-13T10:37:19.787Z]     "int" ...
[2020-04-13T10:37:19.787Z]     "long" ...
[2020-04-13T10:37:19.787Z]     "new" ...
[2020-04-13T10:37:19.787Z]     "null" ...
[2020-04-13T10:37:19.787Z]     "short" ...
[2020-04-13T10:37:19.787Z]     "super" ...
[2020-04-13T10:37:19.787Z]     "this" ...
[2020-04-13T10:37:19.787Z]     "true" ...
[2020-04-13T10:37:19.787Z]     "void" ...
[2020-04-13T10:37:19.787Z]     <INTEGER_LITERAL> ...
[2020-04-13T10:37:19.787Z]     <FLOATING_POINT_LITERAL> ...
[2020-04-13T10:37:19.787Z]     <CHARACTER_LITERAL> ...
[2020-04-13T10:37:19.787Z]     <STRING_LITERAL> ...
[2020-04-13T10:37:19.787Z]     <IDENTIFIER> ...
[2020-04-13T10:37:19.787Z]     "(" ...
[2020-04-13T10:37:19.787Z]     "!" ...
[2020-04-13T10:37:19.787Z]     "~" ...
[2020-04-13T10:37:19.787Z]     "++" ...
[2020-04-13T10:37:19.787Z]     "--" ...
[2020-04-13T10:37:19.787Z]     "+" ...
[2020-04-13T10:37:19.787Z]     "-" ...
[2020-04-13T10:37:19.787Z]     
[2020-04-13T10:37:19.787Z] 
[2020-04-13T10:37:19.787Z] [WARN] JavaNCSS got an error while parsing the java file /var/lib/jenkins/workspace/0.ApplicationGroovyPipeLine/src/main/java/com/edurekademo/tutorial/addressbook/ContactForm.java
[2020-04-13T10:37:19.787Z] ParseException in STDIN
[2020-04-13T10:37:19.787Z] Last useful checkpoint: "com.edurekademo.tutorial.addressbook.ContactForm"
[2020-04-13T10:37:19.787Z] Encountered " ":" ": "" at line 26, column 42.
[2020-04-13T10:37:19.787Z] Was expecting one of:
[2020-04-13T10:37:19.787Z]     "assert" ...
[2020-04-13T10:37:19.787Z]     "instanceof" ...
[2020-04-13T10:37:19.787Z]     "new" ...
[2020-04-13T10:37:19.787Z]     <IDENTIFIER> ...
[2020-04-13T10:37:19.787Z]     ")" ...
[2020-04-13T10:37:19.787Z]     "," ...
[2020-04-13T10:37:19.787Z]     "." ...
[2020-04-13T10:37:19.787Z]     "=" ...
[2020-04-13T10:37:19.787Z]     ">" ...
[2020-04-13T10:37:19.787Z]     "<" ...
[2020-04-13T10:37:19.787Z]     "?" ...
[2020-04-13T10:37:19.787Z]     "==" ...
[2020-04-13T10:37:19.787Z]     "<=" ...
[2020-04-13T10:37:19.787Z]     ">=" ...
[2020-04-13T10:37:19.787Z]     "!=" ...
[2020-04-13T10:37:19.787Z]     "||" ...
[2020-04-13T10:37:19.787Z]     "&&" ...
[2020-04-13T10:37:19.787Z]     "++" ...
[2020-04-13T10:37:19.787Z]     "--" ...
[2020-04-13T10:37:19.787Z]     "+" ...
[2020-04-13T10:37:19.787Z]     "-" ...
[2020-04-13T10:37:19.787Z]     "*" ...
[2020-04-13T10:37:19.787Z]     "/" ...
[2020-04-13T10:37:19.787Z]     "&" ...
[2020-04-13T10:37:19.787Z]     "|" ...
[2020-04-13T10:37:19.787Z]     "^" ...
[2020-04-13T10:37:19.787Z]     "%" ...
[2020-04-13T10:37:19.787Z]     "+=" ...
[2020-04-13T10:37:19.788Z]     "-=" ...
[2020-04-13T10:37:19.788Z]     "*=" ...
[2020-04-13T10:37:19.788Z]     "/=" ...
[2020-04-13T10:37:19.788Z]     "&=" ...
[2020-04-13T10:37:19.788Z]     "|=" ...
[2020-04-13T10:37:19.788Z]     "^=" ...
[2020-04-13T10:37:19.788Z]     "%=" ...
[2020-04-13T10:37:19.788Z]     "<<=" ...
[2020-04-13T10:37:19.788Z]     ">>=" ...
[2020-04-13T10:37:19.788Z]     ">>>=" ...
[2020-04-13T10:37:19.788Z]     ">" ...
[2020-04-13T10:37:19.788Z]     "." ...
[2020-04-13T10:37:19.788Z]     "." ...
[2020-04-13T10:37:19.788Z]     "." ...
[2020-04-13T10:37:19.788Z]     "." ...
[2020-04-13T10:37:19.788Z]     
[2020-04-13T10:37:19.788Z] 
[2020-04-13T10:37:19.788Z] Report time: 3639ms
[2020-04-13T10:37:19.788Z] 
[2020-04-13T10:37:19.788Z] [ERROR] Picked up JAVA_TOOL_OPTIONS: -Dmaven.ext.class.path="/var/lib/jenkins/workspace/0.ApplicationGroovyPipeLine@tmp/withMaven21dfdb6b/pipeline-maven-spy.jar" -Dorg.jenkinsci.plugins.pipeline.maven.reportsFolder="/var/lib/jenkins/workspace/0.ApplicationGroovyPipeLine@tmp/withMaven21dfdb6b" 
[2020-04-13T10:37:19.788Z] net.sourceforge.cobertura.javancss.parser.ParseException: Encountered " ">" "> "" at line 72, column 40.
[2020-04-13T10:37:19.788Z] Was expecting one of:
[2020-04-13T10:37:19.788Z]     "assert" ...
[2020-04-13T10:37:19.788Z]     "boolean" ...
[2020-04-13T10:37:19.788Z]     "byte" ...
[2020-04-13T10:37:19.788Z]     "char" ...
[2020-04-13T10:37:19.788Z]     "double" ...
[2020-04-13T10:37:19.788Z]     "enum" ...
[2020-04-13T10:37:19.788Z]     "false" ...
[2020-04-13T10:37:19.788Z]     "float" ...
[2020-04-13T10:37:19.788Z]     "int" ...
[2020-04-13T10:37:19.788Z]     "long" ...
[2020-04-13T10:37:19.788Z]     "new" ...
[2020-04-13T10:37:19.788Z]     "null" ...
[2020-04-13T10:37:19.788Z]     "short" ...
[2020-04-13T10:37:19.788Z]     "super" ...
[2020-04-13T10:37:19.788Z]     "this" ...
[2020-04-13T10:37:19.788Z]     "true" ...
[2020-04-13T10:37:19.788Z]     "void" ...
[2020-04-13T10:37:19.788Z]     <INTEGER_LITERAL> ...
[2020-04-13T10:37:19.788Z]     <FLOATING_POINT_LITERAL> ...
[2020-04-13T10:37:19.788Z]     <CHARACTER_LITERAL> ...
[2020-04-13T10:37:19.788Z]     <STRING_LITERAL> ...
[2020-04-13T10:37:19.788Z]     <IDENTIFIER> ...
[2020-04-13T10:37:19.788Z]     "(" ...
[2020-04-13T10:37:19.788Z]     "!" ...
[2020-04-13T10:37:19.788Z]     "~" ...
[2020-04-13T10:37:19.788Z]     "++" ...
[2020-04-13T10:37:19.788Z]     "--" ...
[2020-04-13T10:37:19.788Z]     "+" ...
[2020-04-13T10:37:19.788Z]     "-" ...
[2020-04-13T10:37:19.788Z]     
[2020-04-13T10:37:19.788Z] 	at net.sourceforge.cobertura.javancss.parser.JavaParser.generateParseException(JavaParser.java:10490)
[2020-04-13T10:37:19.788Z] 	at net.sourceforge.cobertura.javancss.parser.JavaParser.jj_consume_token(JavaParser.java:10366)
[2020-04-13T10:37:19.788Z] 	at net.sourceforge.cobertura.javancss.parser.JavaParser.UnaryExpression(JavaParser.java:3175)
[2020-04-13T10:37:19.788Z] 	at net.sourceforge.cobertura.javancss.parser.JavaParser.MultiplicativeExpression(JavaParser.java:3090)
[2020-04-13T10:37:19.788Z] 	at net.sourceforge.cobertura.javancss.parser.JavaParser.AdditiveExpression(JavaParser.java:3085)
[2020-04-13T10:37:19.788Z] 	at net.sourceforge.cobertura.javancss.parser.JavaParser.ShiftExpression(JavaParser.java:3027)
[2020-04-13T10:37:19.788Z] 	at net.sourceforge.cobertura.javancss.parser.JavaParser.RelationalExpression(JavaParser.java:2990)
[2020-04-13T10:37:19.788Z] 	at net.sourceforge.cobertura.javancss.parser.JavaParser.InstanceOfExpression(JavaParser.java:2977)
[2020-04-13T10:37:19.788Z] 	at net.sourceforge.cobertura.javancss.parser.JavaParser.AssigmentExpression(JavaParser.java:2959)
[2020-04-13T10:37:19.788Z] 	at net.sourceforge.cobertura.javancss.parser.JavaParser.EqualityExpression(JavaParser.java:2886)
[2020-04-13T10:37:19.788Z] 	at net.sourceforge.cobertura.javancss.parser.JavaParser.AndExpression(JavaParser.java:2860)
[2020-04-13T10:37:19.788Z] 	at net.sourceforge.cobertura.javancss.parser.JavaParser.ExclusiveOrExpression(JavaParser.java:2843)
[2020-04-13T10:37:19.788Z] 	at net.sourceforge.cobertura.javancss.parser.JavaParser.InclusiveOrExpression(JavaParser.java:2826)
[2020-04-13T10:37:19.788Z] 	at net.sourceforge.cobertura.javancss.parser.JavaParser.ConditionalAndExpression(JavaParser.java:2808)
[2020-04-13T10:37:19.788Z] 	at net.sourceforge.cobertura.javancss.parser.JavaParser.ConditionalOrExpression(JavaParser.java:2790)
[2020-04-13T10:37:19.788Z] 	at net.sourceforge.cobertura.javancss.parser.JavaParser.ConditionalExpression(JavaParser.java:2774)
[2020-04-13T10:37:19.788Z] 	at net.sourceforge.cobertura.javancss.parser.JavaParser.Expression(JavaParser.java:2718)
[2020-04-13T10:37:19.788Z] 	at net.sourceforge.cobertura.javancss.parser.JavaParser.ArgumentList(JavaParser.java:3620)
[2020-04-13T10:37:19.788Z] 	at net.sourceforge.cobertura.javancss.parser.JavaParser.Arguments(JavaParser.java:3610)
[2020-04-13T10:37:19.788Z] 	at net.sourceforge.cobertura.javancss.parser.JavaParser.PrimarySuffix(JavaParser.java:3511)
[2020-04-13T10:37:19.788Z] 	at net.sourceforge.cobertura.javancss.parser.JavaParser.PrimaryExpression(JavaParser.java:3384)
[2020-04-13T10:37:19.788Z] 	at net.sourceforge.cobertura.javancss.parser.JavaParser.StatementExpression(JavaParser.java:4070)
[2020-04-13T10:37:19.788Z] 	at net.sourceforge.cobertura.javancss.parser.JavaParser.Statement(JavaParser.java:3795)
[2020-04-13T10:37:19.788Z] 	at net.sourceforge.cobertura.javancss.parser.JavaParser.BlockStatement(JavaParser.java:3984)
[2020-04-13T10:37:19.788Z] 	at net.sourceforge.cobertura.javancss.parser.JavaParser.Block(JavaParser.java:3934)
[2020-04-13T10:37:19.788Z] 	at net.sourceforge.cobertura.javancss.parser.JavaParser.MethodDeclaration(JavaParser.java:1987)
[2020-04-13T10:37:19.788Z] 	at net.sourceforge.cobertura.javancss.parser.JavaParser.ClassBodyDeclaration(JavaParser.java:1039)
[2020-04-13T10:37:19.788Z] 	at net.sourceforge.cobertura.javancss.parser.JavaParser.ClassBody(JavaParser.java:898)
[2020-04-13T10:37:19.788Z] 	at net.sourceforge.cobertura.javancss.parser.JavaParser.UnmodifiedClassDeclaration(JavaParser.java:824)
[2020-04-13T10:37:19.788Z] 	at net.sourceforge.cobertura.javancss.parser.JavaParser.ClassDeclaration(JavaParser.java:728)
[2020-04-13T10:37:19.788Z] 	at net.sourceforge.cobertura.javancss.parser.JavaParser.TypeDeclaration(JavaParser.java:575)
[2020-04-13T10:37:19.788Z] 	at net.sourceforge.cobertura.javancss.parser.JavaParser.CompilationUnit(JavaParser.java:318)
[2020-04-13T10:37:19.789Z] 	at net.sourceforge.cobertura.javancss.parser.JavaParser.parse(JavaParser.java:100)
[2020-04-13T10:37:19.789Z] 	at net.sourceforge.cobertura.javancss.Javancss._measureSource(Javancss.java:192)
[2020-04-13T10:37:19.789Z] 	at net.sourceforge.cobertura.javancss.Javancss._measureRoot(Javancss.java:268)
[2020-04-13T10:37:19.789Z] 	at net.sourceforge.cobertura.javancss.Javancss.<init>(Javancss.java:347)
[2020-04-13T10:37:19.789Z] 	at net.sourceforge.cobertura.javancss.JavancssFactory.newInstance(JavancssFactory.java:40)
[2020-04-13T10:37:19.789Z] 	at net.sourceforge.cobertura.reporting.ComplexityCalculator.getFunctionMetricsForSingleFile(ComplexityCalculator.java:243)
[2020-04-13T10:37:19.789Z] 	at net.sourceforge.cobertura.reporting.ComplexityCalculator.getAccumlatedCCNForSingleFile(ComplexityCalculator.java:143)
[2020-04-13T10:37:19.789Z] 	at net.sourceforge.cobertura.reporting.ComplexityCalculator.getCCNForSourceFileNameInternal(ComplexityCalculator.java:273)
[2020-04-13T10:37:19.789Z] 	at net.sourceforge.cobertura.reporting.ComplexityCalculator.getCCNForPackageInternal(ComplexityCalculator.java:208)
[2020-04-13T10:37:19.789Z] 	at net.sourceforge.cobertura.reporting.ComplexityCalculator.getCCNForProject(ComplexityCalculator.java:174)
[2020-04-13T10:37:19.789Z] 	at net.sourceforge.cobertura.reporting.xml.XMLReport.<init>(XMLReport.java:70)
[2020-04-13T10:37:19.789Z] 	at net.sourceforge.cobertura.reporting.xml.XMLReportFormatStrategy.save(XMLReportFormatStrategy.java:18)
[2020-04-13T10:37:19.789Z] 	at net.sourceforge.cobertura.reporting.NativeReport.export(NativeReport.java:31)
[2020-04-13T10:37:19.789Z] 	at net.sourceforge.cobertura.reporting.CompositeReport.export(CompositeReport.java:19)
[2020-04-13T10:37:19.789Z] 	at net.sourceforge.cobertura.reporting.ReportMain.parseArgumentsAndReport(ReportMain.java:91)
[2020-04-13T10:37:19.789Z] 	at net.sourceforge.cobertura.reporting.ReportMain.generateReport(ReportMain.java:141)
[2020-04-13T10:37:19.789Z] 	at net.sourceforge.cobertura.reporting.ReportMain.main(ReportMain.java:151)
[2020-04-13T10:37:19.789Z] net.sourceforge.cobertura.javancss.parser.ParseException: Encountered " ":" ": "" at line 26, column 42.
[2020-04-13T10:37:19.789Z] Was expecting one of:
[2020-04-13T10:37:19.789Z]     "assert" ...
[2020-04-13T10:37:19.789Z]     "instanceof" ...
[2020-04-13T10:37:19.789Z]     "new" ...
[2020-04-13T10:37:19.789Z]     <IDENTIFIER> ...
[2020-04-13T10:37:19.789Z]     ")" ...
[2020-04-13T10:37:19.789Z]     "," ...
[2020-04-13T10:37:19.789Z]     "." ...
[2020-04-13T10:37:19.789Z]     "=" ...
[2020-04-13T10:37:19.789Z]     ">" ...
[2020-04-13T10:37:19.789Z]     "<" ...
[2020-04-13T10:37:19.789Z]     "?" ...
[2020-04-13T10:37:19.789Z]     "==" ...
[2020-04-13T10:37:19.789Z]     "<=" ...
[2020-04-13T10:37:19.789Z]     ">=" ...
[2020-04-13T10:37:19.789Z]     "!=" ...
[2020-04-13T10:37:19.789Z]     "||" ...
[2020-04-13T10:37:19.789Z]     "&&" ...
[2020-04-13T10:37:19.789Z]     "++" ...
[2020-04-13T10:37:19.793Z]     "--" ...
[2020-04-13T10:37:19.793Z]     "+" ...
[2020-04-13T10:37:19.793Z]     "-" ...
[2020-04-13T10:37:19.793Z]     "*" ...
[2020-04-13T10:37:19.793Z]     "/" ...
[2020-04-13T10:37:19.793Z]     "&" ...
[2020-04-13T10:37:19.793Z]     "|" ...
[2020-04-13T10:37:19.793Z]     "^" ...
[2020-04-13T10:37:19.793Z]     "%" ...
[2020-04-13T10:37:19.793Z]     "+=" ...
[2020-04-13T10:37:19.793Z]     "-=" ...
[2020-04-13T10:37:19.793Z]     "*=" ...
[2020-04-13T10:37:19.793Z]     "/=" ...
[2020-04-13T10:37:19.793Z]     "&=" ...
[2020-04-13T10:37:19.793Z]     "|=" ...
[2020-04-13T10:37:19.793Z]     "^=" ...
[2020-04-13T10:37:19.793Z]     "%=" ...
[2020-04-13T10:37:19.793Z]     "<<=" ...
[2020-04-13T10:37:19.793Z]     ">>=" ...
[2020-04-13T10:37:19.793Z]     ">>>=" ...
[2020-04-13T10:37:19.793Z]     ">" ...
[2020-04-13T10:37:19.793Z]     "." ...
[2020-04-13T10:37:19.793Z]     "." ...
[2020-04-13T10:37:19.793Z]     "." ...
[2020-04-13T10:37:19.793Z]     "." ...
[2020-04-13T10:37:19.793Z]     
[2020-04-13T10:37:19.793Z] 	at net.sourceforge.cobertura.javancss.parser.JavaParser.generateParseException(JavaParser.java:10490)
[2020-04-13T10:37:19.793Z] 	at net.sourceforge.cobertura.javancss.parser.JavaParser.jj_consume_token(JavaParser.java:10366)
[2020-04-13T10:37:19.793Z] 	at net.sourceforge.cobertura.javancss.parser.JavaParser.Arguments(JavaParser.java:3616)
[2020-04-13T10:37:19.793Z] 	at net.sourceforge.cobertura.javancss.parser.JavaParser.AllocationExpression(JavaParser.java:3665)
[2020-04-13T10:37:19.793Z] 	at net.sourceforge.cobertura.javancss.parser.JavaParser.PrimaryPrefix(JavaParser.java:3456)
[2020-04-13T10:37:19.793Z] 	at net.sourceforge.cobertura.javancss.parser.JavaParser.PrimaryExpression(JavaParser.java:3376)
[2020-04-13T10:37:19.793Z] 	at net.sourceforge.cobertura.javancss.parser.JavaParser.PostfixExpression(JavaParser.java:3330)
[2020-04-13T10:37:19.793Z] 	at net.sourceforge.cobertura.javancss.parser.JavaParser.UnaryExpressionNotPlusMinus(JavaParser.java:3237)
[2020-04-13T10:37:19.793Z] 	at net.sourceforge.cobertura.javancss.parser.JavaParser.UnaryExpression(JavaParser.java:3171)
[2020-04-13T10:37:19.793Z] 	at net.sourceforge.cobertura.javancss.parser.JavaParser.MultiplicativeExpression(JavaParser.java:3090)
[2020-04-13T10:37:19.793Z] 	at net.sourceforge.cobertura.javancss.parser.JavaParser.AdditiveExpression(JavaParser.java:3061)
[2020-04-13T10:37:19.793Z] 	at net.sourceforge.cobertura.javancss.parser.JavaParser.ShiftExpression(JavaParser.java:3027)
[2020-04-13T10:37:19.793Z] 	at net.sourceforge.cobertura.javancss.parser.JavaParser.RelationalExpression(JavaParser.java:2990)
[2020-04-13T10:37:19.793Z] 	at net.sourceforge.cobertura.javancss.parser.JavaParser.InstanceOfExpression(JavaParser.java:2977)
[2020-04-13T10:37:19.793Z] 	at net.sourceforge.cobertura.javancss.parser.JavaParser.AssigmentExpression(JavaParser.java:2959)
[2020-04-13T10:37:19.793Z] 	at net.sourceforge.cobertura.javancss.parser.JavaParser.EqualityExpression(JavaParser.java:2886)
[2020-04-13T10:37:19.793Z] 	at net.sourceforge.cobertura.javancss.parser.JavaParser.AndExpression(JavaParser.java:2860)
[2020-04-13T10:37:19.793Z] 	at net.sourceforge.cobertura.javancss.parser.JavaParser.ExclusiveOrExpression(JavaParser.java:2843)
[2020-04-13T10:37:19.793Z] 	at net.sourceforge.cobertura.javancss.parser.JavaParser.InclusiveOrExpression(JavaParser.java:2826)
[2020-04-13T10:37:19.793Z] 	at net.sourceforge.cobertura.javancss.parser.JavaParser.ConditionalAndExpression(JavaParser.java:2808)
[2020-04-13T10:37:19.793Z] 	at net.sourceforge.cobertura.javancss.parser.JavaParser.ConditionalOrExpression(JavaParser.java:2790)
[2020-04-13T10:37:19.793Z] 	at net.sourceforge.cobertura.javancss.parser.JavaParser.ConditionalExpression(JavaParser.java:2774)
[2020-04-13T10:37:19.793Z] 	at net.sourceforge.cobertura.javancss.parser.JavaParser.Expression(JavaParser.java:2718)
[2020-04-13T10:37:19.793Z] 	at net.sourceforge.cobertura.javancss.parser.JavaParser.VariableInitializer(JavaParser.java:1744)
[2020-04-13T10:37:19.793Z] 	at net.sourceforge.cobertura.javancss.parser.JavaParser.VariableDeclarator(JavaParser.java:1672)
[2020-04-13T10:37:19.793Z] 	at net.sourceforge.cobertura.javancss.parser.JavaParser.FieldDeclaration(JavaParser.java:1649)
[2020-04-13T10:37:19.793Z] 	at net.sourceforge.cobertura.javancss.parser.JavaParser.ClassBodyDeclaration(JavaParser.java:1071)
[2020-04-13T10:37:19.793Z] 	at net.sourceforge.cobertura.javancss.parser.JavaParser.ClassBody(JavaParser.java:898)
[2020-04-13T10:37:19.793Z] 	at net.sourceforge.cobertura.javancss.parser.JavaParser.UnmodifiedClassDeclaration(JavaParser.java:824)
[2020-04-13T10:37:19.793Z] 	at net.sourceforge.cobertura.javancss.parser.JavaParser.ClassDeclaration(JavaParser.java:728)
[2020-04-13T10:37:19.793Z] 	at net.sourceforge.cobertura.javancss.parser.JavaParser.TypeDeclaration(JavaParser.java:575)
[2020-04-13T10:37:19.793Z] 	at net.sourceforge.cobertura.javancss.parser.JavaParser.CompilationUnit(JavaParser.java:318)
[2020-04-13T10:37:19.793Z] 	at net.sourceforge.cobertura.javancss.parser.JavaParser.parse(JavaParser.java:100)
[2020-04-13T10:37:19.793Z] 	at net.sourceforge.cobertura.javancss.Javancss._measureSource(Javancss.java:192)
[2020-04-13T10:37:19.793Z] 	at net.sourceforge.cobertura.javancss.Javancss._measureRoot(Javancss.java:268)
[2020-04-13T10:37:19.793Z] 	at net.sourceforge.cobertura.javancss.Javancss.<init>(Javancss.java:347)
[2020-04-13T10:37:19.793Z] 	at net.sourceforge.cobertura.javancss.JavancssFactory.newInstance(JavancssFactory.java:40)
[2020-04-13T10:37:19.793Z] 	at net.sourceforge.cobertura.reporting.ComplexityCalculator.getFunctionMetricsForSingleFile(ComplexityCalculator.java:243)
[2020-04-13T10:37:19.793Z] 	at net.sourceforge.cobertura.reporting.ComplexityCalculator.getAccumlatedCCNForSingleFile(ComplexityCalculator.java:143)
[2020-04-13T10:37:19.793Z] 	at net.sourceforge.cobertura.reporting.ComplexityCalculator.getCCNForSourceFileNameInternal(ComplexityCalculator.java:273)
[2020-04-13T10:37:19.793Z] 	at net.sourceforge.cobertura.reporting.ComplexityCalculator.getCCNForPackageInternal(ComplexityCalculator.java:208)
[2020-04-13T10:37:19.793Z] 	at net.sourceforge.cobertura.reporting.ComplexityCalculator.getCCNForProject(ComplexityCalculator.java:174)
[2020-04-13T10:37:19.793Z] 	at net.sourceforge.cobertura.reporting.xml.XMLReport.<init>(XMLReport.java:70)
[2020-04-13T10:37:19.793Z] 	at net.sourceforge.cobertura.reporting.xml.XMLReportFormatStrategy.save(XMLReportFormatStrategy.java:18)
[2020-04-13T10:37:19.794Z] 	at net.sourceforge.cobertura.reporting.NativeReport.export(NativeReport.java:31)
[2020-04-13T10:37:19.794Z] 	at net.sourceforge.cobertura.reporting.CompositeReport.export(CompositeReport.java:19)
[2020-04-13T10:37:19.794Z] 	at net.sourceforge.cobertura.reporting.ReportMain.parseArgumentsAndReport(ReportMain.java:91)
[2020-04-13T10:37:19.794Z] 	at net.sourceforge.cobertura.reporting.ReportMain.generateReport(ReportMain.java:141)
[2020-04-13T10:37:19.794Z] 	at net.sourceforge.cobertura.reporting.ReportMain.main(ReportMain.java:151)
[2020-04-13T10:37:19.794Z] 
[2020-04-13T10:37:19.794Z] [INFO] Cobertura Report generation was successful.
[2020-04-13T10:37:19.794Z] [INFO] ------------------------------------------------------------------------
[2020-04-13T10:37:19.794Z] [INFO] BUILD SUCCESS
[2020-04-13T10:37:19.794Z] [INFO] ------------------------------------------------------------------------
[2020-04-13T10:37:20.045Z] [INFO] Total time:  36.430 s
[2020-04-13T10:37:20.045Z] [INFO] Finished at: 2020-04-13T16:07:19+05:30
[2020-04-13T10:37:20.045Z] [INFO] ------------------------------------------------------------------------
[2020-04-13T10:37:20.295Z] [INFO] [jenkins-event-spy] Generated /var/lib/jenkins/workspace/0.ApplicationGroovyPipeLine@tmp/withMaven21dfdb6b/maven-spy-20200413-160642-8981679454469534398618.log
[2020-04-13T10:37:21.740Z] [8mha:////4FFIDszJwmuUzqGsTYGdBLs+pPI4QHRDGUE4ks4u3MFfAAAAox+LCAAAAAAAAP9tjTESwiAURH/iWNhaegjSZGwcK1uGxhNggghh/idAJJUn8mreQTQzVm6xs2+b93zBOgY4UtDMKhwMxs4w7yZdFssUhqujzCxdWEcYySkmVBbUq9OCgpKCJVUNKw4bhZ2jaFAn2HIr77JxEnVzTqF8Bw616Ud4QMWLOcmQvjAH2N2mPhL+PH8FMPsEddt+au/fiSQUTb4AAAA=[0m[Pipeline] cobertura
[2020-04-13T10:37:21.929Z] [Cobertura] Publishing Cobertura coverage report...
[2020-04-13T10:37:21.929Z] 
[2020-04-13T10:37:22.369Z] [Cobertura] Publishing Cobertura coverage results...
[2020-04-13T10:37:22.369Z] 
[2020-04-13T10:37:22.376Z] [Cobertura] Cobertura coverage report found.
[2020-04-13T10:37:22.376Z] 
[2020-04-13T10:37:22.873Z] [8mha:////4KUdk4tIihl6znSa7YWyOd8QFoS1XbZJ5YXHCGYfPfLzAAAApB+LCAAAAAAAAP9tjTESwiAURH/iWNhaegjSZMbCsbJlaDwBJogQ5n8CRFJ5Iq/mHUQzY+UWO/u2ec8XrGOAIwXNrMLBYOwM827SZbFMYbg6yszShXWEkZxiQmVBvTotKCgpWFLVsOKwUdg5igZ1gi238i4bJ1E35xTKd+BQm36EB1S8mJMM6QtzgN1t6iPhz/NXALP3Cep2/6n2DfqIzSO+AAAA[0m[Pipeline] }
[2020-04-13T10:37:23.499Z] [withMaven] artifactsPublisher - Archive artifact pom.xml under com/edurekademo/tutorial/addressbook/2.0/addressbook-2.0.pom
[2020-04-13T10:37:24.121Z] [withMaven] junitPublisher - Archive test results for Maven artifact com.edurekademo.tutorial:addressbook:war:2.0 generated by maven-surefire-plugin:test (default-test): target/surefire-reports/*.xml
[2020-04-13T10:37:24.121Z] Recording test results
[2020-04-13T10:37:24.221Z] [withMaven] openTasksPublisher - Scan Tasks for Maven artifact com.edurekademo.tutorial:addressbook:war:2.0 in source directory src/main/java
[2020-04-13T10:37:24.255Z] [TASKS] Scanning folder '/var/lib/jenkins/workspace/0.ApplicationGroovyPipeLine' for files matching the pattern 'src/main/java/**/*' - excludes: null
[2020-04-13T10:37:24.255Z] [TASKS] Found 13 files to scan for tasks
[2020-04-13T10:37:24.255Z] [TASKS] Found 0 open tasks.
[2020-04-13T10:37:24.255Z] Skipping warnings blame since pipelines do not have an SCM link.%n
[2020-04-13T10:37:24.271Z] [TASKS] Computing warning deltas based on reference build #15
[2020-04-13T10:37:24.271Z] [withMaven] Publishers: Pipeline Graph Publisher: 2 ms, Generated Artifacts Publisher: 739 ms, Junit Publisher: 98 ms, Open Task Scanner Publisher: 50 ms
[2020-04-13T10:37:24.276Z] [8mha:////4BFsGrUA+vL0KhcI9eA9K80X7dZJhfvKK9PZ1ZWrQmYXAAAApR+LCAAAAAAAAP9tjTEOwjAQBC9BFLSUPOJSQIGEqNJabniBiY1xYt0Z2yGpeBFf4w8EIlGxxWpnm3m+YJkiHDlabA11jlLjMPjeTgsHjt3F84Atn7FhSuwNSjNI1qaeUXI2MKcoYSFgZajxnBzZDGvRqruqvCJbnXKcvoOA0ukbPKAQkzmrmL8wRthce52Yfp6/AhhDyFDu9p/avgGMr/9MvgAAAA==[0m[Pipeline] // withMaven
[2020-04-13T10:37:24.287Z] [8mha:////4JM22CNGDdfkWwys3y6vcT2Pqx4r3GLnENNx3h+LziroAAAApR+LCAAAAAAAAP9tjTEOwjAQBC9BFLSUPOIiIRqEqNJabniBiY1xYt0Z2yGpeBFf4w8EIlGxxWpnm3m+YJkiHDlabA11jlLjMPjeTgsHjt3F84Atn7FhSuwNSjNI1qaeUXI2MKcoYSFgZajxnBzZDGvRqruqvCJbnXKcvoOA0ukbPKAQkzmrmL8wRthce52Yfp6/AhhDyFDu9p/avgG/TKTwvgAAAA==[0m[Pipeline] }
[2020-04-13T10:37:24.300Z] [8mha:////4Pj0MhKQWF/QxI56pTf6Chwi8EJzZ8hDpsD9oNwvnkgBAAAApR+LCAAAAAAAAP9tjTEOwjAQBC9BFLSUPOICElQoFa3lhheYxBgn1l2wHZyKF/E1/oBFJCq2WO1sM683LIOHmr3BTlNvKTQWBzeavDCx76+OE3Z8wYYpsNModZLc6tOMkqOGOUUJCwErTY3jYMlEWItOPVTlFJnqHH3+jgJK297hCYXI5qh8/MLkYXMb28D08/wVwDQMEcrDNtd+9wF5R9XovgAAAA==[0m[Pipeline] // stage
[2020-04-13T10:37:24.328Z] [8mha:////4M8E/6SET4uVyKaIOIrpngcMbTOlmTKm9k8kJBIuH/OgAAAAph+LCAAAAAAAAP9tjTEOwjAQBM9BKWgpeYQjJKgQFa3lhheY2Bgn1l2wLyQVL+Jr/IFAJCq22llpNc8XlDnBgZKXjcM2YK6D7GLvpyYHSu0l0iAbOsuaMFN0UrtBk3XHGTWxgzmigIWCpcM6Ug7oGVaqMXdTRYO+OnGatr2CItgbPECoycwm8RfGBOtrbzPhz/NXAGPHILYMxW7zOZZvABM5bsEAAAA=[0m[Pipeline] stage
[2020-04-13T10:37:24.335Z] [8mha:////4CcQy1C8wSC4UD1mHxOxhqB9f6SQorFp3nSEbogr1btSAAAApx+LCAAAAAAAAP9tjTEOwjAUQ3+LOrAycohUIDEhpq5RFk4QmhDSRv+Xn5R24kRcjTvQUokJD5ZtyXqvNxSR4UTsRGOx9RhrL7rQuymJgbi9BhpEQxdRE0YKVig7KDK2WqqiZGFRlsNKwtpiHSh6dAk2stEPXQaNrjwnnrajhNybOzwhkxM5aU7fMjJsb72JhD/OXwCMXYL8sJttPz+LDwMT42zCAAAA[0m[Pipeline] { (Package)
[2020-04-13T10:37:24.360Z] [8mha:////4D9qOmmys3DU8Z2KEVEXlEAV3j4MHu4TZseSk6uXYaEEAAAApx+LCAAAAAAAAP9tjTEOwjAUQ3+LOrAycohUAjEhpq5RFk4QmhDSRv+Xn5R24kRcjTvQUokJD5ZtyXqvNxSR4UTsRGOx9RhrL7rQuymJgbi9BhpEQxdRE0YKVig7KDK2WqqiZGFRlsNKwtpiHSh6dAk2stEPXQaNrjwnnrajhNybOzwhkxM5aU7fMjJsb72JhD/OXwCMXYL8sJttPz+LD6emXT7CAAAA[0m[Pipeline] withMaven
[2020-04-13T10:37:24.361Z] [withMaven] Options: []
[2020-04-13T10:37:24.362Z] [withMaven] Available options: 
[2020-04-13T10:37:24.362Z] [withMaven] using JDK installation provided by the build agent
[2020-04-13T10:37:24.655Z] [withMaven] using Maven installation 'MyMaven'
[2020-04-13T10:37:24.833Z] [8mha:////4GVU14OAv1A6Lm2DxLLssoidHJFC7CH4RYmmUNKFRIE9AAAApx+LCAAAAAAAAP9tjTEOwjAUQ3+LOrAycoh0ACbE1DXKwglCE0La6P/yk9JOnIircQdaKjHhwbItWe/1hiIynIidaCy2HmPtRRd6NyUxELfXQINo6CJqwkjBCmUHRcZWS1WULCzKclhJWFusA0WPLsFGNvqhy6DRlefE03aUkHtzhydkciInzelbRobtrTeR8Mf5C4CxS5AfdrPt52fxAd9J1uLCAAAA[0m[Pipeline] {
[2020-04-13T10:37:25.349Z] [8mha:////4PfM9RMAHy1qwAhdzwN+uGO5mp0kChusmBwYnqEjHgntAAAAox+LCAAAAAAAAP9tjTEOwjAQBC9BFLSUPOLSkApR0VppeIFJjLFj3Tm2g1PxIr7GHwhEomKL1c4283zBOgY4ctBoFfWGYmvQu1HPCzOH/uo4o+ULtkyRncJG5YY7dVqw4aRgSVHCSsBGUes4GtIJtsLKu6ycJF2dU5i/g4DSdAM8oBCzOcmQvjAF2N3GLjL9PH8FMPkEZb3/VO3f4x1Rq74AAAA=[0m[Pipeline] sh
[2020-04-13T10:37:26.470Z] + mvn package
[2020-04-13T10:37:26.470Z] ----- withMaven Wrapper script -----
[2020-04-13T10:37:27.024Z] Picked up JAVA_TOOL_OPTIONS: -Dmaven.ext.class.path="/var/lib/jenkins/workspace/0.ApplicationGroovyPipeLine@tmp/withMaven22e1514e/pipeline-maven-spy.jar" -Dorg.jenkinsci.plugins.pipeline.maven.reportsFolder="/var/lib/jenkins/workspace/0.ApplicationGroovyPipeLine@tmp/withMaven22e1514e" 
[2020-04-13T10:37:31.156Z] Apache Maven 3.6.3 (cecedd343002696d0abb50b32b541b8a6ba2883f)
[2020-04-13T10:37:31.156Z] Maven home: /var/lib/jenkins/tools/hudson.tasks.Maven_MavenInstallation/MyMaven
[2020-04-13T10:37:31.156Z] Java version: 1.8.0_242, vendor: Private Build, runtime: /usr/lib/jvm/java-8-openjdk-amd64/jre
[2020-04-13T10:37:31.156Z] Default locale: en_IN, platform encoding: UTF-8
[2020-04-13T10:37:31.156Z] OS name: "linux", version: "5.3.0-46-generic", arch: "amd64", family: "unix"
[2020-04-13T10:37:39.189Z] [INFO] [jenkins-event-spy] Generate /var/lib/jenkins/workspace/0.ApplicationGroovyPipeLine@tmp/withMaven22e1514e/maven-spy-20200413-160738-8608161403159703849149.log.tmp ...
[2020-04-13T10:37:40.108Z] [INFO] Scanning for projects...
[2020-04-13T10:37:40.660Z] [WARNING] 
[2020-04-13T10:37:40.660Z] [WARNING] Some problems were encountered while building the effective model for com.edurekademo.tutorial:addressbook:war:2.0
[2020-04-13T10:37:40.660Z] [WARNING] Reporting configuration should be done in <reporting> section, not in maven-site-plugin <configuration> as reportPlugins parameter. @ line 298, column 40
[2020-04-13T10:37:40.660Z] [WARNING] 
[2020-04-13T10:37:40.660Z] [WARNING] It is highly recommended to fix these problems because they threaten the stability of your build.
[2020-04-13T10:37:40.660Z] [WARNING] 
[2020-04-13T10:37:40.660Z] [WARNING] For this reason, future Maven versions might no longer support building such malformed projects.
[2020-04-13T10:37:40.660Z] [WARNING] 
[2020-04-13T10:37:40.660Z] [INFO] 
[2020-04-13T10:37:40.660Z] [INFO] ----------------< com.edurekademo.tutorial:addressbook >----------------
[2020-04-13T10:37:40.660Z] [INFO] Building Vaadin Addressbook example 2.0
[2020-04-13T10:37:40.660Z] [INFO] --------------------------------[ war ]---------------------------------
[2020-04-13T10:37:47.152Z] [INFO] 
[2020-04-13T10:37:47.153Z] [INFO] --- maven-enforcer-plugin:1.0:enforce (enforce-versions) @ addressbook ---
[2020-04-13T10:37:48.501Z] [INFO] 
[2020-04-13T10:37:48.502Z] [INFO] --- maven-resources-plugin:2.6:resources (default-resources) @ addressbook ---
[2020-04-13T10:37:49.853Z] [INFO] Using 'UTF-8' encoding to copy filtered resources.
[2020-04-13T10:37:49.853Z] [INFO] skip non existing resourceDirectory /var/lib/jenkins/workspace/0.ApplicationGroovyPipeLine/src/main/resources
[2020-04-13T10:37:49.853Z] [INFO] 
[2020-04-13T10:37:49.853Z] [INFO] --- maven-compiler-plugin:3.2:compile (default-compile) @ addressbook ---
[2020-04-13T10:37:51.209Z] [INFO] Nothing to compile - all classes are up to date
[2020-04-13T10:37:51.209Z] [INFO] 
[2020-04-13T10:37:51.209Z] [INFO] --- maven-resources-plugin:2.6:testResources (default-testResources) @ addressbook ---
[2020-04-13T10:37:51.209Z] [INFO] Using 'UTF-8' encoding to copy filtered resources.
[2020-04-13T10:37:51.209Z] [INFO] Copying 1 resource
[2020-04-13T10:37:51.209Z] [INFO] 
[2020-04-13T10:37:51.209Z] [INFO] --- maven-compiler-plugin:3.2:testCompile (default-testCompile) @ addressbook ---
[2020-04-13T10:37:51.209Z] [INFO] Nothing to compile - all classes are up to date
[2020-04-13T10:37:51.209Z] [INFO] 
[2020-04-13T10:37:51.209Z] [INFO] --- maven-surefire-plugin:2.19.1:test (default-test) @ addressbook ---
[2020-04-13T10:37:53.073Z] 
[2020-04-13T10:37:53.073Z] -------------------------------------------------------
[2020-04-13T10:37:53.073Z]  T E S T S
[2020-04-13T10:37:53.073Z] -------------------------------------------------------
[2020-04-13T10:37:53.073Z] Picked up JAVA_TOOL_OPTIONS: -Dmaven.ext.class.path="/var/lib/jenkins/workspace/0.ApplicationGroovyPipeLine@tmp/withMaven22e1514e/pipeline-maven-spy.jar" -Dorg.jenkinsci.plugins.pipeline.maven.reportsFolder="/var/lib/jenkins/workspace/0.ApplicationGroovyPipeLine@tmp/withMaven22e1514e" 
[2020-04-13T10:37:53.984Z] Running com.edurekademo.utilities.TestHexAsciiConversion
[2020-04-13T10:37:53.984Z] 74657374696e6720617363696920636f6e76657274696f6e20696e746f2068657861646563696d616c
[2020-04-13T10:37:53.984Z] testing ascii convertion into hexadecimal
[2020-04-13T10:37:53.984Z] Tests run: 4, Failures: 0, Errors: 0, Skipped: 0, Time elapsed: 0.029 sec - in com.edurekademo.utilities.TestHexAsciiConversion
[2020-04-13T10:37:53.984Z] Running com.edurekademo.utilities.TestLogger
[2020-04-13T10:37:53.984Z] [pool-1-thread-5] INFO com.edurekademo.utilities.TestLogger - java.lang.ArithmeticException: / by zero
[2020-04-13T10:37:53.984Z] Cause:at com.edurekademo.utilities.TestLogger.testGetErrorMessage1(TestLogger.java:14)
[2020-04-13T10:37:53.984Z] Cause:at sun.reflect.NativeMethodAccessorImpl.invoke0(Native Method)
[2020-04-13T10:37:53.984Z] [pool-1-thread-6] INFO com.edurekademo.utilities.TestLogger - java.lang.ArithmeticException: / by zero
[2020-04-13T10:37:53.984Z] Cause:at com.edurekademo.utilities.TestLogger.testGetErrorMessage2(TestLogger.java:30)
[2020-04-13T10:37:53.984Z] Cause:at sun.reflect.NativeMethodAccessorImpl.invoke0(Native Method)
[2020-04-13T10:37:53.984Z] SLF4J: Class path contains multiple SLF4J bindings.
[2020-04-13T10:37:53.984Z] SLF4J: Found binding in [jar:file:/var/lib/jenkins/.m2/repository/org/slf4j/slf4j-simple/1.7.7/slf4j-simple-1.7.7.jar!/org/slf4j/impl/StaticLoggerBinder.class]
[2020-04-13T10:37:53.984Z] SLF4J: Found binding in [jar:file:/var/lib/jenkins/.m2/repository/org/slf4j/slf4j-log4j12/1.7.7/slf4j-log4j12-1.7.7.jar!/org/slf4j/impl/StaticLoggerBinder.class]
[2020-04-13T10:37:53.984Z] SLF4J: See http://www.slf4j.org/codes.html#multiple_bindings for an explanation.
[2020-04-13T10:37:53.984Z] SLF4J: Actual binding is of type [org.slf4j.impl.SimpleLoggerFactory]
[2020-04-13T10:37:53.984Z] [pool-1-thread-7] INFO com.edurekademo.utilities.TestLogger - java.lang.ArithmeticException: / by zero
[2020-04-13T10:37:53.984Z] Cause:at com.edurekademo.utilities.ExceptionThrower.getCounter(ExceptionThrower.java:13)
[2020-04-13T10:37:53.984Z] Cause:at com.edurekademo.utilities.TestLogger.testGetErrorMessage3(TestLogger.java:45)
[2020-04-13T10:37:53.984Z] [pool-1-thread-8] INFO com.edurekademo.utilities.TestLogger - java.io.IOException: TESTIOEXCEPTION
[2020-04-13T10:37:53.984Z] Cause:at com.edurekademo.utilities.ExceptionThrower.doNothing(ExceptionThrower.java:18)
[2020-04-13T10:37:53.984Z] Cause:at com.edurekademo.utilities.TestLogger.testGetErrorMessage4(TestLogger.java:60)
[2020-04-13T10:37:53.984Z] [pool-1-thread-9] ERROR com.edurekademo.utilities.ExceptionThrower - java.lang.Exception: DEAR
[2020-04-13T10:37:53.984Z] Cause:at com.edurekademo.utilities.ExceptionThrower.doYYY(ExceptionThrower.java:35)
[2020-04-13T10:37:53.984Z] Cause:at com.edurekademo.utilities.ExceptionThrower.doXXX(ExceptionThrower.java:23)
[2020-04-13T10:37:53.984Z] [pool-1-thread-9] INFO com.edurekademo.utilities.TestLogger - java.lang.Exception: TEST MESSAGE
[2020-04-13T10:37:53.984Z] Cause:at com.edurekademo.utilities.ExceptionThrower.doCheck(ExceptionThrower.java:43)
[2020-04-13T10:37:53.984Z] Cause:at com.edurekademo.utilities.TestLogger.testGetErrorMessage5(TestLogger.java:75)
[2020-04-13T10:37:53.984Z] ***** java.lang.Exception: TEST MESSAGE
[2020-04-13T10:37:53.984Z] Cause:at com.edurekademo.utilities.ExceptionThrower.doCheck(ExceptionThrower.java:43)
[2020-04-13T10:37:53.985Z] Cause:at com.edurekademo.utilities.TestLogger.testGetErrorMessage5(TestLogger.java:75)
[2020-04-13T10:37:53.985Z] Tests run: 5, Failures: 0, Errors: 0, Skipped: 0, Time elapsed: 0.08 sec - in com.edurekademo.utilities.TestLogger
[2020-04-13T10:37:53.985Z] Running com.edurekademo.utilities.TestGenericComparator
[2020-04-13T10:37:53.985Z] Tests run: 14, Failures: 0, Errors: 0, Skipped: 0, Time elapsed: 0.044 sec - in com.edurekademo.utilities.TestGenericComparator
[2020-04-13T10:37:54.236Z] 
[2020-04-13T10:37:54.236Z] Results :
[2020-04-13T10:37:54.236Z] 
[2020-04-13T10:37:54.236Z] Tests run: 23, Failures: 0, Errors: 0, Skipped: 0
[2020-04-13T10:37:54.236Z] 
[2020-04-13T10:37:54.236Z] [INFO] 
[2020-04-13T10:37:54.236Z] [INFO] --- maven-war-plugin:2.2:war (default-war) @ addressbook ---
[2020-04-13T10:37:58.361Z] [INFO] Packaging webapp
[2020-04-13T10:37:58.361Z] [INFO] Assembling webapp [addressbook] in [/var/lib/jenkins/workspace/0.ApplicationGroovyPipeLine/target/addressbook]
[2020-04-13T10:37:58.361Z] [INFO] Processing war project
[2020-04-13T10:38:03.565Z] [INFO] Webapp assembled in [5481 msecs]
[2020-04-13T10:38:04.910Z] [INFO] Building war: /var/lib/jenkins/workspace/0.ApplicationGroovyPipeLine/target/addressbook.war
[2020-04-13T10:38:05.821Z] [INFO] ------------------------------------------------------------------------
[2020-04-13T10:38:05.821Z] [INFO] BUILD SUCCESS
[2020-04-13T10:38:05.821Z] [INFO] ------------------------------------------------------------------------
[2020-04-13T10:38:05.821Z] [INFO] Total time:  25.785 s
[2020-04-13T10:38:05.821Z] [INFO] Finished at: 2020-04-13T16:08:05+05:30
[2020-04-13T10:38:05.821Z] [INFO] ------------------------------------------------------------------------
[2020-04-13T10:38:05.821Z] [INFO] [jenkins-event-spy] Generated /var/lib/jenkins/workspace/0.ApplicationGroovyPipeLine@tmp/withMaven22e1514e/maven-spy-20200413-160738-8608161403159703849149.log
[2020-04-13T10:38:06.329Z] [8mha:////4HqxZ74PjUgJ8y0RpQrVD7wQTN4ty7IGcKukDDOJGW5kAAAApB+LCAAAAAAAAP9tjTEOwjAQBC9BFLSUPOLSAA2iSmu54QUmNsaJdWdsh6TiRXyNPxCIRMUWq51t5vmCZYpw5GixNdQ5So3D4Hs7LRw4dhfPA7Z8xoYpsTcozSBZm3pGydnAnKKEhYCVocZzcmQzrEWr7qryimx1ynH6DgJKp2/wgEJM5qxi/sIYYXPtdWL6ef4KYAwhQ7nbf2r7Bqph/Ve+AAAA[0m[Pipeline] }
[2020-04-13T10:38:06.437Z] [withMaven] artifactsPublisher - Archive artifact pom.xml under com/edurekademo/tutorial/addressbook/2.0/addressbook-2.0.pom
[2020-04-13T10:38:06.437Z] [withMaven] artifactsPublisher - Archive artifact target/addressbook.war under com/edurekademo/tutorial/addressbook/2.0/addressbook-2.0.war
[2020-04-13T10:38:07.864Z] [withMaven] junitPublisher - Archive test results for Maven artifact com.edurekademo.tutorial:addressbook:war:2.0 generated by maven-surefire-plugin:test (default-test): target/surefire-reports/*.xml
[2020-04-13T10:38:07.865Z] Recording test results
[2020-04-13T10:38:08.545Z] [withMaven] openTasksPublisher - Scan Tasks for Maven artifact com.edurekademo.tutorial:addressbook:war:2.0 in source directory src/main/java
[2020-04-13T10:38:08.561Z] [TASKS] Scanning folder '/var/lib/jenkins/workspace/0.ApplicationGroovyPipeLine' for files matching the pattern 'src/main/java/**/*' - excludes: null
[2020-04-13T10:38:08.561Z] [TASKS] Found 13 files to scan for tasks
[2020-04-13T10:38:08.561Z] [TASKS] Found 0 open tasks.
[2020-04-13T10:38:08.561Z] Skipping warnings blame since pipelines do not have an SCM link.%n
[2020-04-13T10:38:09.638Z] [TASKS] Computing warning deltas based on reference build #15
[2020-04-13T10:38:09.638Z] [withMaven] Publishers: Pipeline Graph Publisher: 2 ms, Generated Artifacts Publisher: 1519 ms, Junit Publisher: 679 ms, Open Task Scanner Publisher: 1093 ms
[2020-04-13T10:38:10.049Z] [8mha:////4NxsTBNhRtzFdldNDv80iyL1TdqjcHprS7zXi2tusF60AAAApR+LCAAAAAAAAP9tjTEOwjAQBC9BFLSUPOJSIESBqNJabniBiY1xYt0Z2yGpeBFf4w8EIlGxxWpnm3m+YJkiHDlabA11jlLjMPjeTgsHjt3F84Atn7FhSuwNSjNI1qaeUXI2MKcoYSFgZajxnBzZDGvRqruqvCJbnXKcvoOA0ukbPKAQkzmrmL8wRthce52Yfp6/AhhDyFDu9p/avgGsJ8UCvgAAAA==[0m[Pipeline] // withMaven
[2020-04-13T10:38:10.551Z] [8mha:////4DIPVX1/LXCK8A/AQ3ZRr4gZMZxqlgsqaALXM7Flazt6AAAApR+LCAAAAAAAAP9tjTEOwjAQBC9BFLSUPOIiISEhIaq0lhteYGJjnFh3xnZIKl7E1/gDgUhUbLHa2WaeL1imCEeOFltDnaPUOAy+t9PCgWN38Txgy2dsmBJ7g9IMkrWpZ5ScDcwpSlgIWBlqPCdHNsNatOquKq/IVqccp+8goHT6Bg8oxGTOKuYvjBE2114npp/nrwDGEDKUu/2ntm/vpZSEvgAAAA==[0m[Pipeline] }
[2020-04-13T10:38:10.996Z] [8mha:////4GLgfQQAbqvuCmKi54MJppVt6ivtlhiyUMxwWoXW5QgeAAAApR+LCAAAAAAAAP9tjTEOwjAQBC9BFLSUPOIiCgqEqNJabniBiY1xYt0Z2yGpeBFf4w8EIlGxxWpnm3m+YJkiHDlabA11jlLjMPjeTgsHjt3F84Atn7FhSuwNSjNI1qaeUXI2MKcoYSFgZajxnBzZDGvRqruqvCJbnXKcvoOA0ukbPKAQkzmrmL8wRthce52Yfp6/AhhDyFDu9p/avgHwJ8HWvgAAAA==[0m[Pipeline] // stage
[2020-04-13T10:38:11.195Z] [8mha:////4HxvV11lXLZjelMu1ggkCm+uOFDbIggUAxF0+YjC3GL7AAAAph+LCAAAAAAAAP9tjTEOwjAQBM9BKWgpeYRDgWgQFa3lhheY2Bgn1l2wLyQVL+Jr/IFAJCq22llpNc8XlDnBgZKXjcM2YK6D7GLvpyYHSu0l0iAbOsuaMFN0UrtBk3XHGTWxgzmigIWCpcM6Ug7oGVaqMXdTRYO+OnGatr2CItgbPECoycwm8RfGBOtrbzPhz/NXAGPHILYMxW7zOZZvONqNlMEAAAA=[0m[Pipeline] stage
[2020-04-13T10:38:11.450Z] [8mha:////4Ar5H1PSqPerAf84UUJ5Y7TFC9h1sNKeYWb0YSm/QUYLAAAApx+LCAAAAAAAAP9tjTEOwjAUQ3+LOrAycogUFhbE1DXKwglCE0La6P/yk9JOnIircQdaKjHhwbItWe/1hiIynIidaCy2HmPtRRd6NyUxELfXQINo6CJqwkjBCmUHRcZWS1WULCzKclhJWFusA0WPLsFGNvqhy6DRlefE03aUkHtzhydkciInzelbRobtrTeR8Mf5C4CxS5AfdrPt52fxAQB2j23CAAAA[0m[Pipeline] { (Docker Image Build)
[2020-04-13T10:38:11.677Z] [8mha:////4CIDgIdMSr8YkhCDA3oqzWeZ+dnHpguEHTHFXKwuirEiAAAApB+LCAAAAAAAAP9tjTEOwjAQBC9BFLSUPOIiKGgQVVrLDS8wsTFOrDtjOyQVL+Jr/IFAJCq2WO1sM88XLFOEI0eLraHOUWocBt/baeHAsbt4HrDlMzZMib1BaQbJ2tQzSs4G5hQlLASsDDWekyObYS1adVeVV2SrU47TdxBQOn2DBxRiMmcV8xfGCJtrrxPTz/NXAGPIUO63n9qFNzkd4Tq+AAAA[0m[Pipeline] sh
[2020-04-13T10:38:11.935Z] + cp /var/lib/jenkins/workspace/0.ApplicationGroovyPipeLine/target/addressbook.war .
[2020-04-13T10:38:12.186Z] + sudo docker build . -t rrahul4/addressbook:16
[2020-04-13T10:39:19.723Z] Sending build context to Docker daemon  51.83MB
[2020-04-13T10:39:19.723Z] Step 1/4 : FROM tomcat
[2020-04-13T10:39:19.723Z]  ---> e36064f7c6f0
[2020-04-13T10:39:19.723Z] Step 2/4 : Maintainer Rahulkumar Rakhonde
[2020-04-13T10:39:19.723Z]  ---> Using cache
[2020-04-13T10:39:19.723Z]  ---> 144381ceb1bd
[2020-04-13T10:39:19.723Z] Step 3/4 : ADD addressbook.war  /usr/local/tomcat/webapps/
[2020-04-13T10:39:31.849Z]  ---> 7b34026aeefc
[2020-04-13T10:39:31.849Z] Step 4/4 : CMD "catalina.sh" "run"
[2020-04-13T10:39:35.994Z]  ---> Running in 1b43acc3af67
[2020-04-13T10:39:42.481Z] Removing intermediate container 1b43acc3af67
[2020-04-13T10:39:42.481Z]  ---> b4ecb8f4fb3e
[2020-04-13T10:39:42.481Z] Successfully built b4ecb8f4fb3e
[2020-04-13T10:39:42.481Z] Successfully tagged rrahul4/addressbook:16
[2020-04-13T10:39:43.649Z] [8mha:////4IhDN5oyAVOVxh+5/qtnG7KqOmNeMj6iJWRpo2J7qIYoAAAApR+LCAAAAAAAAP9tjTEOwjAQBC9BFLSUPOIihESDqNJabniBiY1xYt0Z2yGpeBFf4w8EIlGxxWpnm3m+YJkiHDlabA11jlLjMPjeTgsHjt3F84Atn7FhSuwNSjNI1qaeUXI2MKcoYSFgZajxnBzZDGvRqruqvCJbnXKcvoOA0ukbPKAQkzmrmL8wRthce52Yfp6/AhhDyFDud5/avgHITZ9tvgAAAA==[0m[Pipeline] }
[2020-04-13T10:39:44.505Z] [8mha:////4KxLznGDcJmnX/M8BSN9iThRXC3NIBIBANUhutAKCEQWAAAApB+LCAAAAAAAAP9tjTEOwjAQBC9BFLSUPOJCgWgQVVrLDS8wsTFOrDtjOyQVL+Jr/IFAJCq2WO1sM88XLFOEI0eLraHOUWocBt/baeHAsbt4HrDlMzZMib1BaQbJ2tQzSs4G5hQlLASsDDWekyObYS1adVeVV2SrU47TdxBQOn2DBxRiMmcV8xfGCJtrrxPTz/NXAGMIGcr97lPbN+ZNnQe+AAAA[0m[Pipeline] // stage
[2020-04-13T10:39:45.136Z] [8mha:////4G857ACUclr1H6CAy/5exQ+WSVRKUNMhOd66x1OOolbEAAAAox+LCAAAAAAAAP9tjTESgjAQRT84FraWHiI0auNY2WZoPEGEGAOZXUwWofJEXs07yMiMlb/67zXv9cYyRRw5OtVYaj2lyqsu9G56auDYXgMPquGLqpgSB6tKO5Rc29OMJYvFvCzHQmNlqQqcPDnBWjfmYYpgyBVniZM7aOS+vuOJTE9lMVG+MEZsbn2dmH6dvwGMXSfI9ztBtv0ATZSgB70AAAA=[0m[Pipeline] }
[2020-04-13T10:39:45.657Z] [8mha:////4E51HCdOulkAOO/CnWJvz7+HikmLgRl74l3feWPX6X/nAAAAox+LCAAAAAAAAP9tjbEOgjAURS8YB1dHP6IMJizGybVh8Qsq1Fpo3sP2IUx+kb/mP0gkcfJO95zlvN5Yp4gjR6daS52nVHvVh8HNT40cu2vgUbV8UTVT4mBVZceKG3tasGKxWJblWGlsLNWBkycn2OrWPEwRDLniLHF2B43cN3c8kem5LCbKF6aI3W1oEtOv8zeAqe8FeVkKsv0HPntk3r0AAAA=[0m[Pipeline] // node
[2020-04-13T10:39:46.051Z] [8mha:////4OrusjY7fFD5SQ8fV+RZ6c25Q+3JRvwClQArhbEInpLPAAAApB+LCAAAAAAAAP9tjTEOwjAQBDdBFLSUPMKRKKBAVLRWGl5gEmOcWHfBvpBUvIiv8QciIlGx1c4083pjmSKOHJ1qLLWeUuVVF3o3PTVwbK+BB9XwRVVMiYNVpR1Kru1pxpLFYl6WY6GxslQFTp6cYK0b8zBFMOSKs8TJHTRyX9/xRKanspgoXxgjNre+Tky/zt8Axq4T5Lu9INt+ABhiA5S9AAAA[0m[Pipeline] End of Pipeline
[2020-04-13T10:39:47.157Z] Finished: SUCCESS
