[2020-04-09T16:25:24.935Z] Started by user [8mha:////4IMMv8T2XIKwgqbrGOhOzF4+E7SeVBm4zoNrNbmggpHXAAAAlx+LCAAAAAAAAP9b85aBtbiIQTGjNKU4P08vOT+vOD8nVc83PyU1x6OyILUoJzMv2y+/JJUBAhiZGBgqihhk0NSjKDWzXb3RdlLBUSYGJk8GtpzUvPSSDB8G5tKinBIGIZ+sxLJE/ZzEvHT94JKizLx0a6BxUmjGOUNodHsLgAzWEgZu/dLi1CL9xJTczDwAj6GcLcAAAAA=[0madmin
[2020-04-09T16:25:24.936Z] Running in Durability level: MAX_SURVIVABILITY
[2020-04-09T16:25:25.248Z] [8mha:////4HkCTMbguUsNbCviI6jbUHTimscQdH79/E8CCyAshF9uAAAAoh+LCAAAAAAAAP9tjTEOwjAQBM8BClpKHuFItIiK1krDC0x8GCfWnbEdkooX8TX+gCESFVvtrLSa5wtWKcKBo5UdUu8otU4GP9jS5Mixv3geZcdn2TIl9igbHBs2eJyx4YwwR1SwULBGaj0nRzbDRnX6rmuvydanHMu2V1A5c4MHCFXMWcf8hSnC9jqYxPTz/BXAFEIGsfuclm8zQVqFvQAAAA==[0m[Pipeline] Start of Pipeline
[2020-04-09T16:25:25.746Z] [8mha:////4FYj6x4qxNGl+3P432fNY2HeiK28Y3Uw/2z4UscDx0dfAAAApR+LCAAAAAAAAP9tjTEOwjAUQ3+KOrAycohUghExsUZZOEFIQkgb/d8mKe3EibgadyBQiQlLlmxL1nu+oE4RjhQdby12HpP2vA+jK4lPFLtroIm3dOGaMFGwXNpJkrGnpUrKFhaxClYC1hZ1oOTRZdiIVt1VExS65pxj2Q4CKm8GeAAThZxVzN8yR9jeRpMIf5y/AJj7DGxXvP/86jduZBmjwAAAAA==[0m[Pipeline] node
[2020-04-09T16:25:25.792Z] Running on [8mha:////4B5Qvfz4mSWrl8nRAeikFh2aZ+O5pRyWRxrkwnDJ9WA1AAAAnx+LCAAAAAAAAP9b85aBtbiIQTGjNKU4P08vOT+vOD8nVc83PyU1x6OyILUoJzMv2y+/JJUBAhiZGBgqihhk0NSjKDWzXb3RdlLBUSYGJk8GtpzUvPSSDB8G5tKinBIGIZ+sxLJE/ZzEvHT94JKizLx0a6BxUmjGOUNodHsLgAyOEgZh/eT83ILSktQifd9Kt9SU/KJEfQC177dTyAAAAA==[0mMyFedora in /var/lib/jenkins/workspace/0.ApplicationGroovyPipeLine
[2020-04-09T16:25:25.797Z] [8mha:////4Cw25TOrn2s1G6TaNvbzasdH9l7ksnngnCzuLjNik6qiAAAApR+LCAAAAAAAAP9tjTEOwjAUQ3+KOrAycoh0gA0xsUZZOEFIQkgb/d8mKe3EibgadyBQiQlLlmxL1nu+oE4RjhQdby12HpP2vA+jK4lPFLtroIm3dOGaMFGwXNpJkrGnpUrKFhaxClYC1hZ1oOTRZdiIVt1VExS65pxj2Q4CKm8GeAAThZxVzN8yR9jeRpMIf5y/AJj7DGxXvP/86jfoP95RwAAAAA==[0m[Pipeline] {
[2020-04-09T16:25:25.871Z] [8mha:////4CJfidGOy+7O32LyggUqwGsd+5YIj+Q4lxu2S1msNPv3AAAAoh+LCAAAAAAAAP9tjTEOAiEURD9rLGwtPQTbaGWsbAmNJ0AWEZb8zwLrbuWJvJp3kLiJlZNMMm+a93rDOic4UbLcG+wdZu14DKOti0+U+lugiXu6ck2YKRguzSSpM+cFJRUDS1gDKwEbgzpQdmgLbIVXD9UGhba9lFS/o4DGdQM8gYlqLiqVL8wJdvexy4Q/z18BzLEA29ce4gdpL1fxvAAAAA==[0m[Pipeline] properties
[2020-04-09T16:25:25.955Z] [8mha:////4NxAQCU3Ee+QaADc/sLgDXlwCJh/aSUXB7Jcr8zMoPpyAAAAph+LCAAAAAAAAP9tjTEOwjAUQ3+KOrAycoh0QSyIiTXKwglCEkLa6P82SWknTsTVuAOBSkxYsmRbst7zBXWKcKToeGux85i0530YXUl8othdA028pQvXhImC5dJOkow9LVVStrCIVbASsLaoAyWPLsNGtOqumqDQNeccy3YQUHkzwAOYKOSsYv6WOcL2NppE+OP8BcDcZ2C74v3nV78BmoXK/sAAAAA=[0m[Pipeline] stage
[2020-04-09T16:25:26.000Z] [8mha:////4P1Ig47cS23iXMbd5J2+hxTohys5e5IGr/GbqwVTgr+zAAAApR+LCAAAAAAAAP9tjTEOwjAUQ3+KOrAycoh0gwExsUZZOEFIQkgb/d8mKe3EibgadyBQiQlLlmxL1nu+oE4RjhQdby12HpP2vA+jK4lPFLtroIm3dOGaMFGwXNpJkrGnpUrKFhaxClYC1hZ1oOTRZdiIVt1VExS65pxj2Q4CKm8GeAAThZxVzN8yR9jeRpMIf5y/AJj7DGxXvP/86jcChmMxwAAAAA==[0m[Pipeline] { (Checkout)
[2020-04-09T16:25:26.068Z] [8mha:////4CYn5rqLlUkm4lGBbpqee6QLGkeLstmkeATx7qlN/06UAAAAoh+LCAAAAAAAAP9tjTEOAiEURD9rLGwtPQRbamKsbAmNJ0AWEZb8zwLrbuWJvJp3kLiJlZNMMm+a93rDOic4UbLcG+wdZu14DKOti0+U+lugiXu6ck2YKRguzSSpM+cFJRUDS1gDKwEbgzpQdmgLbIVXD9UGhba9lFS/o4DGdQM8gYlqLiqVL8wJdvexy4Q/z18BzLEA29ce4geKI23CvAAAAA==[0m[Pipeline] cleanWs
[2020-04-09T16:25:26.086Z] [WS-CLEANUP] Deleting project workspace...
[2020-04-09T16:25:26.086Z] [WS-CLEANUP] Deferred wipeout is used...
[2020-04-09T16:25:26.099Z] [WS-CLEANUP] done
[2020-04-09T16:25:26.111Z] [8mha:////4HMR/5senrtMcln6vTR5YgpVtNStC3FnDKp+Tcq7aQQaAAAAoh+LCAAAAAAAAP9tjTEOAiEURD9rLGwtPQRbGmOsbAmNJ0AWEZb8zwLrbuWJvJp3kLiJlZNMMm+a93rDOic4UbLcG+wdZu14DKOti0+U+lugiXu6ck2YKRguzSSpM+cFJRUDS1gDKwEbgzpQdmgLbIVXD9UGhba9lFS/o4DGdQM8gYlqLiqVL8wJdvexy4Q/z18BzLEA29ce4gfLEnbbvAAAAA==[0m[Pipeline] git
[2020-04-09T16:25:26.134Z] No credentials specified
[2020-04-09T16:25:26.146Z] Cloning the remote Git repository
[2020-04-09T16:25:26.833Z] Cloning repository https://github.com/rrahul4/DevOpsClassCodes
[2020-04-09T16:25:26.833Z]  > git init /var/lib/jenkins/workspace/0.ApplicationGroovyPipeLine # timeout=10
[2020-04-09T16:25:26.878Z] Fetching upstream changes from https://github.com/rrahul4/DevOpsClassCodes
[2020-04-09T16:25:26.878Z]  > git --version # timeout=10
[2020-04-09T16:25:26.889Z]  > git fetch --tags --force --progress -- https://github.com/rrahul4/DevOpsClassCodes +refs/heads/*:refs/remotes/origin/* # timeout=10
[2020-04-09T16:25:34.084Z] Checking out Revision a29c7ecd9516bcd0a0768fa6befad1bb5dc2dc76 (refs/remotes/origin/master)
[2020-04-09T16:25:34.139Z] Commit message: "Fixing Groovy Script"
[2020-04-09T16:25:33.913Z]  > git config remote.origin.url https://github.com/rrahul4/DevOpsClassCodes # timeout=10
[2020-04-09T16:25:33.932Z]  > git config --add remote.origin.fetch +refs/heads/*:refs/remotes/origin/* # timeout=10
[2020-04-09T16:25:33.959Z]  > git config remote.origin.url https://github.com/rrahul4/DevOpsClassCodes # timeout=10
[2020-04-09T16:25:33.978Z] Fetching upstream changes from https://github.com/rrahul4/DevOpsClassCodes
[2020-04-09T16:25:33.979Z]  > git fetch --tags --force --progress -- https://github.com/rrahul4/DevOpsClassCodes +refs/heads/*:refs/remotes/origin/* # timeout=10
[2020-04-09T16:25:34.724Z]  > git rev-parse refs/remotes/origin/master^{commit} # timeout=10
[2020-04-09T16:25:34.750Z]  > git rev-parse refs/remotes/origin/origin/master^{commit} # timeout=10
[2020-04-09T16:25:34.769Z]  > git config core.sparsecheckout # timeout=10
[2020-04-09T16:25:34.775Z]  > git checkout -f a29c7ecd9516bcd0a0768fa6befad1bb5dc2dc76 # timeout=10
[2020-04-09T16:25:34.792Z]  > git branch -a -v --no-abbrev # timeout=10
[2020-04-09T16:25:34.801Z]  > git checkout -b master a29c7ecd9516bcd0a0768fa6befad1bb5dc2dc76 # timeout=10
[2020-04-09T16:25:34.823Z]  > git rev-list --no-walk a29c7ecd9516bcd0a0768fa6befad1bb5dc2dc76 # timeout=10
[2020-04-09T16:25:34.204Z] [8mha:////4HnFljV0yerv8dd46SPPMtkUUnQ8mtS5vm2MNT6UAY8pAAAAox+LCAAAAAAAAP9tjTESgjAQRT84FraWHiJoZeFY2WZoPEGEGAOZXUwWofJEXs07yMiMlb/67zXv9cYyRRw5OtVYaj2lyqsu9G56auDYXgMPquGLqpgSB6tKO5Rc29OMJYvFvCzHQmNlqQqcPDnBWjfmYYpgyBVniZM7aOS+vuOJTE9lMVG+MEZsbn2dmH6dvwGMXSfId1tBtv8AP3pMS70AAAA=[0m[Pipeline] }
[2020-04-09T16:25:34.219Z] [8mha:////4FCXIrRFWCpIiF/Ny3J6lQqdhVR07/FG0aZ359ckDGwsAAAAox+LCAAAAAAAAP9tjTESgjAQRT84FraWHiIMjY1jZZuh8QQRYgxkdjFZhMoTeTXvICMzVv7qv9e81xvrFHHk6FRrqfOUaq/6MLj5qZFjdw08qpYvqmZKHKyq7FhxY08LViwWy7IcK42NpTpw8uQEW92ahymCIVecJc7uoJH75o4nMj2XxUT5whSxuw1NYvp1/gYw9b0gL0tBtv8AGWMrAb0AAAA=[0m[Pipeline] // stage
[2020-04-09T16:25:34.241Z] [8mha:////4H7px8MgWfIuxEYycqll1pyR8vyvfKmbXe3uEK1XgAu3AAAAph+LCAAAAAAAAP9tjTEOwjAQBM9BKWgpeYQjEB2iorXc8AITG+PEugv2haTiRXyNPxCIRMVWOyut5vmCMic4UPKycdgGzHWQXez91ORAqb1EGmRDZ1kTZopOajdosu44oyZ2MEcUsFCwdFhHygE9w0o15m6qaNBXJ07TtldQBHuDBwg1mdkk/sKYYH3tbSb8ef4KYOwYxI6h2Gw/x/INvUXiHMEAAAA=[0m[Pipeline] stage
[2020-04-09T16:25:34.251Z] [8mha:////4AC+/jOWgjw18JZZB4Vn4kXgrrJgSOASdANvqT4ax1amAAAAph+LCAAAAAAAAP9tjTEOwjAUQ3+LOrAycohUwIiYukZZOEFoQkgb/V9+UtqJE3E17kBLJSY8WLYl673eUESGE7ETjcXWY6y96ELvpiQG4vYaaBANXURNGClYoeygyNhqqYqShUVZDisJa4t1oOjRJdjIRj90GTS68px42o4Scm/u8IRMTuSkOX3LyLC99SYS/jh/ATB2CfLdfrbD/Cw+y7kUycIAAAA=[0m[Pipeline] { (Compile)
[2020-04-09T16:25:34.269Z] [8mha:////4FjcDgfBW/Y91/N2qfYhz3E7sFyHKtFJy6XqqwtunynWAAAApx+LCAAAAAAAAP9tjTEOwjAUQ3+LOrAycohUCDbE1DXKwglCE0La6P/yk9JOnIircQdaKjHhwbItWe/1hiIynIidaCy2HmPtRRd6NyUxELfXQINo6CJqwkjBCmUHRcZWS1WULCzKclhJWFusA0WPLsFGNvqhy6DRlefE03aUkHtzhydkciInzelbRobtrTeR8Mf5C4CxS5Dv9rMd5mfxAbNWnxXCAAAA[0m[Pipeline] withMaven
[2020-04-09T16:25:34.274Z] [withMaven] Options: []
[2020-04-09T16:25:34.274Z] [withMaven] Available options: 
[2020-04-09T16:25:34.274Z] [withMaven] using JDK installation provided by the build agent
[2020-04-09T16:25:34.350Z] [withMaven] using Maven installation 'MyMaven'
[2020-04-09T16:25:34.398Z] [8mha:////4CWO7pcwHvL/fy2iuItgRsXTT+QdVARTrL/RiLmK4LslAAAApx+LCAAAAAAAAP9tjTEOwjAUQ3+LOrAycohUSDAhpq5RFk4QmhDSRv+Xn5R24kRcjTvQUokJD5ZtyXqvNxSR4UTsRGOx9RhrL7rQuymJgbi9BhpEQxdRE0YKVig7KDK2WqqiZGFRlsNKwtpiHSh6dAk2stEPXQaNrjwnnrajhNybOzwhkxM5aU7fMjJsb72JhD/OXwCMXYJ8t5/tMD+LD5WQ+PfCAAAA[0m[Pipeline] {
[2020-04-09T16:25:34.418Z] [8mha:////4A+nostiqBG9ubXXWC4dNmj8z1KBpqHdXpYqBDAhexuRAAAApB+LCAAAAAAAAP9tjTEOwjAQBC9BFLSUPOIiCmgQVVrLDS8wsTFOrDtjOyQVL+Jr/IFAJCq2WO1sM88XLFOEI0eLraHOUWocBt/baeHAsbt4HrDlMzZMib1BaQbJ2tQzSs4G5hQlLASsDDWekyObYS1adVeVV2SrU47TdxBQOn2DBxRiMmcV8xfGCJtrrxPTz/NXAGPIUG53n9qHN7LjSKW+AAAA[0m[Pipeline] sh
[2020-04-09T16:25:34.747Z] + mvn compile
[2020-04-09T16:25:34.748Z] ----- withMaven Wrapper script -----
[2020-04-09T16:25:34.748Z] Picked up JAVA_TOOL_OPTIONS: -Dmaven.ext.class.path="/var/lib/jenkins/workspace/0.ApplicationGroovyPipeLine@tmp/withMavencb72dd32/pipeline-maven-spy.jar" -Dorg.jenkinsci.plugins.pipeline.maven.reportsFolder="/var/lib/jenkins/workspace/0.ApplicationGroovyPipeLine@tmp/withMavencb72dd32" 
[2020-04-09T16:25:35.033Z] Apache Maven 3.6.3 (cecedd343002696d0abb50b32b541b8a6ba2883f)
[2020-04-09T16:25:35.033Z] Maven home: /var/lib/jenkins/tools/hudson.tasks.Maven_MavenInstallation/MyMaven
[2020-04-09T16:25:35.033Z] Java version: 1.8.0_242, vendor: Oracle Corporation, runtime: /usr/lib/jvm/java-1.8.0-openjdk-1.8.0.242.b08-0.fc31.x86_64/jre
[2020-04-09T16:25:35.033Z] Default locale: en_US, platform encoding: UTF-8
[2020-04-09T16:25:35.033Z] OS name: "linux", version: "5.5.15-200.fc31.x86_64", arch: "amd64", family: "unix"
[2020-04-09T16:25:37.619Z] [INFO] [jenkins-event-spy] Generate /var/lib/jenkins/workspace/0.ApplicationGroovyPipeLine@tmp/withMavencb72dd32/maven-spy-20200409-215537-9415300778901655795166.log.tmp ...
[2020-04-09T16:25:37.887Z] [INFO] Scanning for projects...
[2020-04-09T16:25:38.151Z] [WARNING] 
[2020-04-09T16:25:38.151Z] [WARNING] Some problems were encountered while building the effective model for com.edurekademo.tutorial:addressbook:war:2.0
[2020-04-09T16:25:38.151Z] [WARNING] Reporting configuration should be done in <reporting> section, not in maven-site-plugin <configuration> as reportPlugins parameter. @ line 298, column 40
[2020-04-09T16:25:38.152Z] [WARNING] 
[2020-04-09T16:25:38.152Z] [WARNING] It is highly recommended to fix these problems because they threaten the stability of your build.
[2020-04-09T16:25:38.152Z] [WARNING] 
[2020-04-09T16:25:38.152Z] [WARNING] For this reason, future Maven versions might no longer support building such malformed projects.
[2020-04-09T16:25:38.152Z] [WARNING] 
[2020-04-09T16:25:38.152Z] [INFO] 
[2020-04-09T16:25:38.152Z] [INFO] ----------------< com.edurekademo.tutorial:addressbook >----------------
[2020-04-09T16:25:38.152Z] [INFO] Building Vaadin Addressbook example 2.0
[2020-04-09T16:25:38.152Z] [INFO] --------------------------------[ war ]---------------------------------
[2020-04-09T16:25:39.119Z] [INFO] 
[2020-04-09T16:25:39.119Z] [INFO] --- maven-enforcer-plugin:1.0:enforce (enforce-versions) @ addressbook ---
[2020-04-09T16:25:40.071Z] [INFO] 
[2020-04-09T16:25:40.071Z] [INFO] --- maven-resources-plugin:2.6:resources (default-resources) @ addressbook ---
[2020-04-09T16:25:40.336Z] [INFO] Using 'UTF-8' encoding to copy filtered resources.
[2020-04-09T16:25:40.336Z] [INFO] skip non existing resourceDirectory /var/lib/jenkins/workspace/0.ApplicationGroovyPipeLine/src/main/resources
[2020-04-09T16:25:40.336Z] [INFO] 
[2020-04-09T16:25:40.336Z] [INFO] --- maven-compiler-plugin:3.2:compile (default-compile) @ addressbook ---
[2020-04-09T16:25:40.912Z] [INFO] Changes detected - recompiling the module!
[2020-04-09T16:25:40.912Z] [INFO] Compiling 13 source files to /var/lib/jenkins/workspace/0.ApplicationGroovyPipeLine/target/classes
[2020-04-09T16:25:43.648Z] [INFO] /var/lib/jenkins/workspace/0.ApplicationGroovyPipeLine/src/main/java/com/edurekademo/tutorial/addressbook/AddressbookUI.java: Some input files use or override a deprecated API.
[2020-04-09T16:25:43.648Z] [INFO] /var/lib/jenkins/workspace/0.ApplicationGroovyPipeLine/src/main/java/com/edurekademo/tutorial/addressbook/AddressbookUI.java: Recompile with -Xlint:deprecation for details.
[2020-04-09T16:25:43.648Z] [INFO] /var/lib/jenkins/workspace/0.ApplicationGroovyPipeLine/src/main/java/com/edurekademo/tutorial/addressbook/backend/ContactService.java: /var/lib/jenkins/workspace/0.ApplicationGroovyPipeLine/src/main/java/com/edurekademo/tutorial/addressbook/backend/ContactService.java uses unchecked or unsafe operations.
[2020-04-09T16:25:43.648Z] [INFO] /var/lib/jenkins/workspace/0.ApplicationGroovyPipeLine/src/main/java/com/edurekademo/tutorial/addressbook/backend/ContactService.java: Recompile with -Xlint:unchecked for details.
[2020-04-09T16:25:43.917Z] [INFO] ------------------------------------------------------------------------
[2020-04-09T16:25:43.917Z] [INFO] BUILD SUCCESS
[2020-04-09T16:25:43.917Z] [INFO] ------------------------------------------------------------------------
[2020-04-09T16:25:43.917Z] [INFO] Total time:  5.916 s
[2020-04-09T16:25:43.917Z] [INFO] Finished at: 2020-04-09T21:55:44+05:30
[2020-04-09T16:25:43.917Z] [INFO] ------------------------------------------------------------------------
[2020-04-09T16:25:43.917Z] [INFO] [jenkins-event-spy] Generated /var/lib/jenkins/workspace/0.ApplicationGroovyPipeLine@tmp/withMavencb72dd32/maven-spy-20200409-215537-9415300778901655795166.log
[2020-04-09T16:25:43.973Z] [8mha:////4Fg6ITAXgCroINBCxxt6ZryoC3XO9aHy95XXwxgdX5kNAAAApR+LCAAAAAAAAP9tjTEOwjAQBC9BFLSUPOIiCkSBqNJabniBiY1xYt0Z2yGpeBFf4w8EIlGxxWpnm3m+YJkiHDlabA11jlLjMPjeTgsHjt3F84Atn7FhSuwNSjNI1qaeUXI2MKcoYSFgZajxnBzZDGvRqruqvCJbnXKcvoOA0ukbPKAQkzmrmL8wRthce52Yfp6/AhhDyFBu95/avQGOY4V7vgAAAA==[0m[Pipeline] }
[2020-04-09T16:25:44.041Z] [withMaven] artifactsPublisher - Archive artifact pom.xml under com/edurekademo/tutorial/addressbook/2.0/addressbook-2.0.pom
[2020-04-09T16:25:44.169Z] [withMaven] Jenkins [8mha:////4A6k7nFBUgdTY5D74cEfX9bqXzv5XP8Hla+vtR3JaxPxAAAAvB+LCAAAAAAAAP9djMEJwjAUQL8VHUBv4gbF5uZBKR5EsFqKUBcIbUjThJ+QpNqu4Rp6cQjHcQeV3nyX907v8YaRszCvmtJpjAqNTisW7TvDrBIoM+3ZMr4/45t5BRAkMFYMua9SGDZWeZikNb1QoihyknsrkK9bC7O/3bb3bwY9gwCgNd+YethU3hu3IuQqpIhqhlKgWxQi0paTUjijaEcOu+yYZDk5UyfDvKCIzIYn1XCBHwby8vjEAAAA[0mTask Scanner Plugin not found, don't display results of source code scanning for 'TODO' and 'FIXME' in pipeline screen.
[2020-04-09T16:25:44.169Z] [withMaven] Publishers: Pipeline Graph Publisher: 9 ms, Generated Artifacts Publisher: 84 ms, Open Task Scanner Publisher: 1 ms
[2020-04-09T16:25:44.185Z] [8mha:////4KjugxSXNe3tq7ryiWnlnDKDR759pkqi4i41anFfLlsDAAAApR+LCAAAAAAAAP9tjTEOwjAQBC9BFLSUPOIiJAokRJXWcsMLTGyME+vO2A5JxYv4Gn8gEImKLVY728zzBcsU4cjRYmuoc5Qah8H3dlo4cOwungds+YwNU2JvUJpBsjb1jJKzgTlFCQsBK0ON5+TIZliLVt1V5RXZ6pTj9B0ElE7f4AGFmMxZxfyFMcLm2uvE9PP8FcAYQoZyu//U7g3N4dT9vgAAAA==[0m[Pipeline] // withMaven
[2020-04-09T16:25:44.200Z] [8mha:////4NLE/aVaLpHVxq/qMIoUEHpgBpeXpghQOEkgS+akpKSGAAAApB+LCAAAAAAAAP9tjTEOwjAQBC9BFLSUPOIiRIUQVVrLDS8wsTFOrDtjOyQVL+Jr/IFAJCq2WO1sM88XLFOEI0eLraHOUWocBt/baeHAsbt4HrDlMzZMib1BaQbJ2tQzSs4G5hQlLASsDDWekyObYS1adVeVV2SrU47TdxBQOn2DBxRiMmcV8xfGCJtrrxPTz/NXAGMIGcrt/lO7N8un7Ki+AAAA[0m[Pipeline] }
[2020-04-09T16:25:44.215Z] [8mha:////4P5nx8JGY+phMH2j0L/k9xQbkjDgAwoDltuty/Jy2TjfAAAApB+LCAAAAAAAAP9tjTEOwjAQBC9BFLSUPOICaRFVWisNLzCxMU6sO2M7JBUv4mv8AYtIVGyx2tlmXm9YxwAnDgZ7TYOl2Fn0bjR54cRhuDqesOcLdkyRncZWTy0r3SzYctKwpChhJWCjqXMcLZkEW9HLh6ycJFOdU8jfUUBp1R2eUIhsTjKkL8wBdrdRRaaf568AZu8TlPU+16H+AAjcDMm+AAAA[0m[Pipeline] // stage
[2020-04-09T16:25:44.239Z] [8mha:////4FK0cZFWL0Bl3TwtxZ2CwwxxjBZksyBC32cYEE2e4nUFAAAAph+LCAAAAAAAAP9tjTEOwjAQBM9BKWgpeYQjEB2iorXc8AITG+PEugv2haTiRXyNPxCIRMVWOyut5vmCMic4UPKycdgGzHWQXez91ORAqb1EGmRDZ1kTZopOajdosu44oyZ2MEcUsFCwdFhHygE9w0o15m6qaNBXJ07TtldQBHuDBwg1mdkk/sKYYH3tbSb8ef4KYOwYxI6h2G4+x/INji2eq8EAAAA=[0m[Pipeline] stage
[2020-04-09T16:25:44.253Z] [8mha:////4KSjDTaFdShqh4sBQODcsucJo3J4mdxb2Ct8SbG7QdkJAAAAph+LCAAAAAAAAP9tjTEOwjAUQ3+DOrAycohUdEVMrFEXThCaEJJG/7dJSjpxIq7GHWipxIQHy7ZkvdcbyhjgRMFwp7GzGFvLez+aOfFMobt5ytzRlbeEkbzmjc4NKX1ea0NJw6qCwUbAVmPrKVo0CXbCyYesvERTXVKYt6MAZtUATyjETE4ypG+ZAuzvo4qEP85fAEx9AlYfFquXZ/kBAsTc3cIAAAA=[0m[Pipeline] { (Review)
[2020-04-09T16:25:44.281Z] [8mha:////4CNWBTS7QtmrYEBjz6Uk+PZDDJKrSpEmUwjCPgcl6f9xAAAAph+LCAAAAAAAAP9tjTEOwjAUQ3+LOrAycohUKiNiYo2ycILQhJA0+r9NUtKJE3E17kBLJSY8WLYl673eUMUAJwqGOY2dxdha1vvRzIllCt3NU2aOrqwljOQ1EzoLUvq8VkFJw6qihA2HrcbWU7RoEuy4kw9Ze4mmvqQwb0cOpVUDPKHgMznJkL5lCrC/jyoS/jh/ATD1CcqmWeywPKsPpnFij8IAAAA=[0m[Pipeline] withMaven
[2020-04-09T16:25:44.284Z] [withMaven] Options: []
[2020-04-09T16:25:44.284Z] [withMaven] Available options: 
[2020-04-09T16:25:44.285Z] [withMaven] using JDK installation provided by the build agent
[2020-04-09T16:25:44.347Z] [withMaven] using Maven installation 'MyMaven'
[2020-04-09T16:25:44.373Z] [8mha:////4Ixg7blGLhKLWDKuP9HgFHeVreEoxRJoMH7l8xFKOLNzAAAApx+LCAAAAAAAAP9tjTEOwjAUQ3+LOrAycohUAjbE1DXKwglCE0La6P/yk9JOnIircQdaKjHhwbItWe/1hiIynIidaCy2HmPtRRd6NyUxELfXQINo6CJqwkjBCmUHRcZWS1WULCzKclhJWFusA0WPLsFGNvqhy6DRlefE03aUkHtzhydkciInzelbRobtrTeR8Mf5C4CxS5Dv9rMd5mfxAd6e6VPCAAAA[0m[Pipeline] {
[2020-04-09T16:25:44.391Z] [8mha:////4PtoMvQe9T92bdHOc87K15jbc0632KCYafxOJAamTTybAAAApB+LCAAAAAAAAP9tjTEOwjAQBC9BFLSUPOIiIagQVVrLDS8wsTFOrDtjOyQVL+Jr/IFAJCq2WO1sM88XLFOEI0eLraHOUWocBt/baeHAsbt4HrDlMzZMib1BaQbJ2tQzSs4G5hQlLASsDDWekyObYS1adVeVV2SrU47TdxBQOn2DBxRiMmcV8xfGCJtrrxPTz/NXAGPIUG53n9qHN38C26S+AAAA[0m[Pipeline] sh
[2020-04-09T16:25:44.711Z] + mvn pmd:pmd
[2020-04-09T16:25:44.711Z] ----- withMaven Wrapper script -----
[2020-04-09T16:25:44.711Z] Picked up JAVA_TOOL_OPTIONS: -Dmaven.ext.class.path="/var/lib/jenkins/workspace/0.ApplicationGroovyPipeLine@tmp/withMaven0533dd83/pipeline-maven-spy.jar" -Dorg.jenkinsci.plugins.pipeline.maven.reportsFolder="/var/lib/jenkins/workspace/0.ApplicationGroovyPipeLine@tmp/withMaven0533dd83" 
[2020-04-09T16:25:44.977Z] Apache Maven 3.6.3 (cecedd343002696d0abb50b32b541b8a6ba2883f)
[2020-04-09T16:25:44.978Z] Maven home: /var/lib/jenkins/tools/hudson.tasks.Maven_MavenInstallation/MyMaven
[2020-04-09T16:25:45.245Z] Java version: 1.8.0_242, vendor: Oracle Corporation, runtime: /usr/lib/jvm/java-1.8.0-openjdk-1.8.0.242.b08-0.fc31.x86_64/jre
[2020-04-09T16:25:45.245Z] Default locale: en_US, platform encoding: UTF-8
[2020-04-09T16:25:45.245Z] OS name: "linux", version: "5.5.15-200.fc31.x86_64", arch: "amd64", family: "unix"
[2020-04-09T16:25:47.812Z] [INFO] [jenkins-event-spy] Generate /var/lib/jenkins/workspace/0.ApplicationGroovyPipeLine@tmp/withMaven0533dd83/maven-spy-20200409-215548-23392111155832732584.log.tmp ...
[2020-04-09T16:25:48.096Z] [INFO] Scanning for projects...
[2020-04-09T16:25:48.407Z] [WARNING] 
[2020-04-09T16:25:48.407Z] [WARNING] Some problems were encountered while building the effective model for com.edurekademo.tutorial:addressbook:war:2.0
[2020-04-09T16:25:48.407Z] [WARNING] Reporting configuration should be done in <reporting> section, not in maven-site-plugin <configuration> as reportPlugins parameter. @ line 298, column 40
[2020-04-09T16:25:48.407Z] [WARNING] 
[2020-04-09T16:25:48.407Z] [WARNING] It is highly recommended to fix these problems because they threaten the stability of your build.
[2020-04-09T16:25:48.407Z] [WARNING] 
[2020-04-09T16:25:48.407Z] [WARNING] For this reason, future Maven versions might no longer support building such malformed projects.
[2020-04-09T16:25:48.407Z] [WARNING] 
[2020-04-09T16:25:49.881Z] [INFO] 
[2020-04-09T16:25:49.881Z] [INFO] ----------------< com.edurekademo.tutorial:addressbook >----------------
[2020-04-09T16:25:49.881Z] [INFO] Building Vaadin Addressbook example 2.0
[2020-04-09T16:25:49.881Z] [INFO] --------------------------------[ war ]---------------------------------
[2020-04-09T16:25:50.463Z] [INFO] 
[2020-04-09T16:25:50.464Z] [INFO] --- maven-pmd-plugin:3.13.0:pmd (default-cli) @ addressbook ---
[2020-04-09T16:25:52.437Z] [WARNING] Unable to locate Source XRef to link to - DISABLED
[2020-04-09T16:26:02.616Z] [INFO] ------------------------------------------------------------------------
[2020-04-09T16:26:02.616Z] [INFO] BUILD SUCCESS
[2020-04-09T16:26:02.617Z] [INFO] ------------------------------------------------------------------------
[2020-04-09T16:26:02.617Z] [INFO] Total time:  12.957 s
[2020-04-09T16:26:02.617Z] [INFO] Finished at: 2020-04-09T21:56:01+05:30
[2020-04-09T16:26:02.617Z] [INFO] ------------------------------------------------------------------------
[2020-04-09T16:26:02.617Z] [INFO] [jenkins-event-spy] Generated /var/lib/jenkins/workspace/0.ApplicationGroovyPipeLine@tmp/withMaven0533dd83/maven-spy-20200409-215548-23392111155832732584.log
[2020-04-09T16:26:02.672Z] [8mha:////4Bq8CDz++eJ4RHJ43Q+p4iKEuRi3ZUyy8t11jOr+QCGNAAAApR+LCAAAAAAAAP9tjTEOwjAQBC9BFLSUPOIiIUSDqNJabniBiY1xYt0Z2yGpeBFf4w8EIlGxxWpnm3m+YJkiHDlabA11jlLjMPjeTgsHjt3F84Atn7FhSuwNSjNI1qaeUXI2MKcoYSFgZajxnBzZDGvRqruqvCJbnXKcvoOA0ukbPKAQkzmrmL8wRthce52Yfp6/AhhDhnK7+9Q+vAG8UfaPvgAAAA==[0m[Pipeline] pmd
[2020-04-09T16:26:02.720Z] [PMD] Collecting PMD analysis files...
[2020-04-09T16:26:02.799Z] [PMD] Searching for all files in /var/lib/jenkins/workspace/0.ApplicationGroovyPipeLine that match the pattern target/pmd.xml
[2020-04-09T16:26:02.799Z] [PMD] Parsing 1 file in /var/lib/jenkins/workspace/0.ApplicationGroovyPipeLine
[2020-04-09T16:26:02.799Z] [PMD] Successfully parsed file /var/lib/jenkins/workspace/0.ApplicationGroovyPipeLine/target/pmd.xml with 12 unique warnings and 0 duplicates.
[2020-04-09T16:26:02.799Z] Skipping warnings blame since pipelines do not have an SCM link.%n
[2020-04-09T16:26:02.845Z] [PMD] Computing warning deltas based on reference build #4
[2020-04-09T16:26:02.907Z] [8mha:////4HJz1CMtaAkXqca+UKUTE1eakgS/YIs1UY4xDLwPMy08AAAApR+LCAAAAAAAAP9tjTEOwjAQBC9BFLSUPOIiISQKRJXWcsMLTGyME+vO2A5JxYv4Gn8gEImKLVY728zzBcsU4cjRYmuoc5Qah8H3dlo4cOwungds+YwNU2JvUJpBsjb1jJKzgTlFCQsBK0ON5+TIZliLVt1V5RXZ6pTj9B0ElE7f4AGFmMxZxfyFMcLm2uvE9PP8FcAYQoZyu//U7g1GGkcWvgAAAA==[0m[Pipeline] }
[2020-04-09T16:26:02.988Z] [withMaven] artifactsPublisher - Archive artifact pom.xml under com/edurekademo/tutorial/addressbook/2.0/addressbook-2.0.pom
[2020-04-09T16:26:03.097Z] [withMaven] Jenkins [8mha:////4A6k7nFBUgdTY5D74cEfX9bqXzv5XP8Hla+vtR3JaxPxAAAAvB+LCAAAAAAAAP9djMEJwjAUQL8VHUBv4gbF5uZBKR5EsFqKUBcIbUjThJ+QpNqu4Rp6cQjHcQeV3nyX907v8YaRszCvmtJpjAqNTisW7TvDrBIoM+3ZMr4/45t5BRAkMFYMua9SGDZWeZikNb1QoihyknsrkK9bC7O/3bb3bwY9gwCgNd+YethU3hu3IuQqpIhqhlKgWxQi0paTUjijaEcOu+yYZDk5UyfDvKCIzIYn1XCBHwby8vjEAAAA[0mTask Scanner Plugin not found, don't display results of source code scanning for 'TODO' and 'FIXME' in pipeline screen.
[2020-04-09T16:26:03.097Z] [withMaven] Publishers: Pipeline Graph Publisher: 4 ms, Generated Artifacts Publisher: 40 ms, Open Task Scanner Publisher: 1 ms
[2020-04-09T16:26:03.123Z] [8mha:////4OT0E8i/j9cFH2BGHBkD6Kfpi18dy4DI3VfsTd01hZeQAAAApR+LCAAAAAAAAP9tjTEOwjAQBC9BFLSUPOIiQYOEqNJabniBiY1xYt0Z2yGpeBFf4w8EIlGxxWpnm3m+YJkiHDlabA11jlLjMPjeTgsHjt3F84Atn7FhSuwNSjNI1qaeUXI2MKcoYSFgZajxnBzZDGvRqruqvCJbnXKcvoOA0ukbPKAQkzmrmL8wRthce52Yfp6/AhhDyFBu95/avQEwPXV5vgAAAA==[0m[Pipeline] // withMaven
[2020-04-09T16:26:03.138Z] [8mha:////4HF8gsXtStK00pHRNLPRkOnYGn1zIyvdgpzYCLAwQpI0AAAApB+LCAAAAAAAAP9tjbEOwiAURV9rHFwd/QiadDPGyZWw+AXYIkLJexSodPKL/DX/QbSJk3e4uecu5/mCdQxwpKCZVTgYjJ1h3k26LJYpDFdHmVm6sI4wklNMqCyoV6cFBSUFS6oaVhw2CjtH0aBOsOVW3mXjJOrmnEL5Dhxq04/wgIoXc5IhfWEOsLtNfST8ef4KYPY+Qd3uP9W+AQPeLsW+AAAA[0m[Pipeline] }
[2020-04-09T16:26:03.148Z] [8mha:////4Ctw0wjgw/T7hkVTuxXmlgngqeEzBmMxZ123LelfDXNQAAAApB+LCAAAAAAAAP9tjTsOwjAQRDdBFLSUHGLDp0SpaC03nMAkxjixdoPt4FSciKtxBywiUTHFaN407/WGZfBQszfYaeothcbi4EaTFyb2/dVxwo4v2DAFdhqlTpJbfZpRctQwpyhhIWClqXEcLJkIa9Gph6qcIlOdo8/fUUBp2zs8oRDZHJWPX5g8bG5jG5h+nr8CmIYhQnnY5trvPsXVX92+AAAA[0m[Pipeline] // stage
[2020-04-09T16:26:03.166Z] [8mha:////4KWiJpPJeeuK3XZ5GJnEo9FK1ihehJ5/7Cfx5cUcZ7SXAAAAph+LCAAAAAAAAP9tjTEOwjAQBM9BKWgpeYQjBB2iorXc8AITG+PEugv2haTiRXyNPxCIRMVWOyut5vmCMic4UPKycdgGzHWQXez91ORAqb1EGmRDZ1kTZopOajdosu44oyZ2MEcUsFCwdFhHygE9w0o15m6qaNBXJ07TtldQBHuDBwg1mdkk/sKYYH3tbSb8ef4KYOwYxI6h2G4+x/INOibpDcEAAAA=[0m[Pipeline] stage
[2020-04-09T16:26:03.172Z] [8mha:////4DIbBNWSwZ4tMeXe2YEH1J+eQkxT7G3CG9NhfwU6f9KTAAAAph+LCAAAAAAAAP9tjTEOwjAUQ3+LOrAycohUwIiYukZZOEFoQkgb/V9+UtqJE3E17kBLJSY8WLYl673eUESGE7ETjcXWY6y96ELvpiQG4vYaaBANXURNGClYoeygyNhqqYqShUVZDisJa4t1oOjRJdjIRj90GTS68px42o4Scm/u8IRMTuSkOX3LyLC99SYS/jh/ATB2CfLDbrb9/Cw+2YMO4MIAAAA=[0m[Pipeline] { (Test)
[2020-04-09T16:26:03.196Z] [8mha:////4AIAlaA/pzrRxJz/grrIoLWN+WF2tvAvT6ERSUOUngk5AAAAph+LCAAAAAAAAP9tjTEOwjAUQ3+DOrAycohUoiNiYo26cILQhJA0+r9NUtKJE3E17kBLJSY8WLYl673eUMYAJwqGO42dxdha3vvRzIlnCt3NU+aOrrwljOQ1b3RuSOnzWhtKGlYVDDYCthpbT9GiSbATTj5k5SWa6pLCvB0FMKsGeEIhZnKSIX3LFGB/H1Uk/HH+AmDqE7D6sFi9PMsPfTawssIAAAA=[0m[Pipeline] withMaven
[2020-04-09T16:26:03.199Z] [withMaven] Options: []
[2020-04-09T16:26:03.199Z] [withMaven] Available options: 
[2020-04-09T16:26:03.199Z] [withMaven] using JDK installation provided by the build agent
[2020-04-09T16:26:03.242Z] [withMaven] using Maven installation 'MyMaven'
[2020-04-09T16:26:03.287Z] [8mha:////4NGzCJuE5LmpxVv+l+fK/02fMUTOvJLd0HQHoZ0+iWnvAAAAph+LCAAAAAAAAP9tjTEOwjAUQ3+LOrAycoh0KBtiYo2ycILQhJA0+r9NUtKJE3E17kBLJSY8WLYl673eUMUAJwqGOY2dxdha1vvRzIllCt3NU2aOrqwljOQ1EzoLUvq8VkFJw6qihA2HrcbWU7RoEuy4kw9Ze4mmvqQwb0cOpVUDPKHgMznJkL5lCrC/jyoS/jh/ATD1CcqmWeywPKsPBdk7bsIAAAA=[0m[Pipeline] {
[2020-04-09T16:26:03.300Z] [8mha:////4Cm0MByeayQgQjk2YAOk8PKnK1SK9sAm0WKQ6ub3WXx7AAAApB+LCAAAAAAAAP9tjTEOwjAQBC9BFLSUPOJSABWiSmu54QUmNsaJdWdsh6TiRXyNPxCIRMUWq51t5vmCZYpw5GixNdQ5So3D4Hs7LRw4dhfPA7Z8xoYpsTcozSBZm3pGydnAnKKEhYCVocZzcmQzrEWr7qryimx1ynH6DgJKp2/wgEJM5qxi/sIYYXPtdWL6ef4KYAwZyu3uU/vwBtZos2m+AAAA[0m[Pipeline] sh
[2020-04-09T16:26:03.610Z] + mvn test
[2020-04-09T16:26:03.612Z] ----- withMaven Wrapper script -----
[2020-04-09T16:26:03.612Z] Picked up JAVA_TOOL_OPTIONS: -Dmaven.ext.class.path="/var/lib/jenkins/workspace/0.ApplicationGroovyPipeLine@tmp/withMavenf793c153/pipeline-maven-spy.jar" -Dorg.jenkinsci.plugins.pipeline.maven.reportsFolder="/var/lib/jenkins/workspace/0.ApplicationGroovyPipeLine@tmp/withMavenf793c153" 
[2020-04-09T16:26:03.883Z] Apache Maven 3.6.3 (cecedd343002696d0abb50b32b541b8a6ba2883f)
[2020-04-09T16:26:03.883Z] Maven home: /var/lib/jenkins/tools/hudson.tasks.Maven_MavenInstallation/MyMaven
[2020-04-09T16:26:04.171Z] Java version: 1.8.0_242, vendor: Oracle Corporation, runtime: /usr/lib/jvm/java-1.8.0-openjdk-1.8.0.242.b08-0.fc31.x86_64/jre
[2020-04-09T16:26:04.172Z] Default locale: en_US, platform encoding: UTF-8
[2020-04-09T16:26:04.172Z] OS name: "linux", version: "5.5.15-200.fc31.x86_64", arch: "amd64", family: "unix"
[2020-04-09T16:26:06.762Z] [INFO] [jenkins-event-spy] Generate /var/lib/jenkins/workspace/0.ApplicationGroovyPipeLine@tmp/withMavenf793c153/maven-spy-20200409-215606-9056008612854350950417.log.tmp ...
[2020-04-09T16:26:06.762Z] [INFO] Scanning for projects...
[2020-04-09T16:26:07.050Z] [WARNING] 
[2020-04-09T16:26:07.050Z] [WARNING] Some problems were encountered while building the effective model for com.edurekademo.tutorial:addressbook:war:2.0
[2020-04-09T16:26:07.050Z] [WARNING] Reporting configuration should be done in <reporting> section, not in maven-site-plugin <configuration> as reportPlugins parameter. @ line 298, column 40
[2020-04-09T16:26:07.050Z] [WARNING] 
[2020-04-09T16:26:07.050Z] [WARNING] It is highly recommended to fix these problems because they threaten the stability of your build.
[2020-04-09T16:26:07.050Z] [WARNING] 
[2020-04-09T16:26:07.050Z] [WARNING] For this reason, future Maven versions might no longer support building such malformed projects.
[2020-04-09T16:26:07.050Z] [WARNING] 
[2020-04-09T16:26:07.050Z] [INFO] 
[2020-04-09T16:26:07.050Z] [INFO] ----------------< com.edurekademo.tutorial:addressbook >----------------
[2020-04-09T16:26:07.050Z] [INFO] Building Vaadin Addressbook example 2.0
[2020-04-09T16:26:07.050Z] [INFO] --------------------------------[ war ]---------------------------------
[2020-04-09T16:26:08.048Z] [INFO] 
[2020-04-09T16:26:08.048Z] [INFO] --- maven-enforcer-plugin:1.0:enforce (enforce-versions) @ addressbook ---
[2020-04-09T16:26:08.627Z] [INFO] 
[2020-04-09T16:26:08.627Z] [INFO] --- maven-resources-plugin:2.6:resources (default-resources) @ addressbook ---
[2020-04-09T16:26:08.894Z] [INFO] Using 'UTF-8' encoding to copy filtered resources.
[2020-04-09T16:26:08.894Z] [INFO] skip non existing resourceDirectory /var/lib/jenkins/workspace/0.ApplicationGroovyPipeLine/src/main/resources
[2020-04-09T16:26:08.894Z] [INFO] 
[2020-04-09T16:26:08.894Z] [INFO] --- maven-compiler-plugin:3.2:compile (default-compile) @ addressbook ---
[2020-04-09T16:26:09.475Z] [INFO] Nothing to compile - all classes are up to date
[2020-04-09T16:26:09.476Z] [INFO] 
[2020-04-09T16:26:09.476Z] [INFO] --- maven-resources-plugin:2.6:testResources (default-testResources) @ addressbook ---
[2020-04-09T16:26:09.476Z] [INFO] Using 'UTF-8' encoding to copy filtered resources.
[2020-04-09T16:26:09.476Z] [INFO] Copying 1 resource
[2020-04-09T16:26:09.740Z] [INFO] 
[2020-04-09T16:26:09.740Z] [INFO] --- maven-compiler-plugin:3.2:testCompile (default-testCompile) @ addressbook ---
[2020-04-09T16:26:09.749Z] [INFO] Changes detected - recompiling the module!
[2020-04-09T16:26:09.749Z] [INFO] Compiling 5 source files to /var/lib/jenkins/workspace/0.ApplicationGroovyPipeLine/target/test-classes
[2020-04-09T16:26:12.325Z] [INFO] 
[2020-04-09T16:26:12.325Z] [INFO] --- maven-surefire-plugin:2.19.1:test (default-test) @ addressbook ---
[2020-04-09T16:26:13.275Z] 
[2020-04-09T16:26:13.275Z] -------------------------------------------------------
[2020-04-09T16:26:13.275Z]  T E S T S
[2020-04-09T16:26:13.275Z] -------------------------------------------------------
[2020-04-09T16:26:13.864Z] Picked up JAVA_TOOL_OPTIONS: -Dmaven.ext.class.path="/var/lib/jenkins/workspace/0.ApplicationGroovyPipeLine@tmp/withMavenf793c153/pipeline-maven-spy.jar" -Dorg.jenkinsci.plugins.pipeline.maven.reportsFolder="/var/lib/jenkins/workspace/0.ApplicationGroovyPipeLine@tmp/withMavenf793c153" 
[2020-04-09T16:26:14.812Z] Running com.edurekademo.utilities.TestHexAsciiConversion
[2020-04-09T16:26:14.812Z] testing ascii convertion into hexadecimal
[2020-04-09T16:26:14.812Z] 74657374696e6720617363696920636f6e76657274696f6e20696e746f2068657861646563696d616c
[2020-04-09T16:26:14.812Z] Tests run: 4, Failures: 0, Errors: 0, Skipped: 0, Time elapsed: 0.047 sec - in com.edurekademo.utilities.TestHexAsciiConversion
[2020-04-09T16:26:14.812Z] Running com.edurekademo.utilities.TestLogger
[2020-04-09T16:26:14.812Z] SLF4J: Class path contains multiple SLF4J bindings.
[2020-04-09T16:26:14.812Z] SLF4J: Found binding in [jar:file:/root/.m2/repository/org/slf4j/slf4j-simple/1.7.7/slf4j-simple-1.7.7.jar!/org/slf4j/impl/StaticLoggerBinder.class]
[2020-04-09T16:26:14.812Z] SLF4J: Found binding in [jar:file:/root/.m2/repository/org/slf4j/slf4j-log4j12/1.7.7/slf4j-log4j12-1.7.7.jar!/org/slf4j/impl/StaticLoggerBinder.class]
[2020-04-09T16:26:14.812Z] SLF4J: See http://www.slf4j.org/codes.html#multiple_bindings for an explanation.
[2020-04-09T16:26:14.812Z] SLF4J: Actual binding is of type [org.slf4j.impl.SimpleLoggerFactory]
[2020-04-09T16:26:14.812Z] [pool-1-thread-5] INFO com.edurekademo.utilities.TestLogger - java.lang.ArithmeticException: / by zero
[2020-04-09T16:26:14.812Z] Cause:at com.edurekademo.utilities.TestLogger.testGetErrorMessage1(TestLogger.java:14)
[2020-04-09T16:26:14.812Z] Cause:at sun.reflect.NativeMethodAccessorImpl.invoke0(Native Method)
[2020-04-09T16:26:14.813Z] [pool-1-thread-6] INFO com.edurekademo.utilities.TestLogger - java.lang.ArithmeticException: / by zero
[2020-04-09T16:26:14.813Z] Cause:at com.edurekademo.utilities.TestLogger.testGetErrorMessage2(TestLogger.java:30)
[2020-04-09T16:26:14.813Z] Cause:at sun.reflect.NativeMethodAccessorImpl.invoke0(Native Method)
[2020-04-09T16:26:14.813Z] [pool-1-thread-7] INFO com.edurekademo.utilities.TestLogger - java.lang.ArithmeticException: / by zero
[2020-04-09T16:26:14.813Z] Cause:at com.edurekademo.utilities.ExceptionThrower.getCounter(ExceptionThrower.java:13)
[2020-04-09T16:26:14.813Z] Cause:at com.edurekademo.utilities.TestLogger.testGetErrorMessage3(TestLogger.java:45)
[2020-04-09T16:26:14.813Z] [pool-1-thread-8] INFO com.edurekademo.utilities.TestLogger - java.io.IOException: TESTIOEXCEPTION
[2020-04-09T16:26:14.813Z] Cause:at com.edurekademo.utilities.ExceptionThrower.doNothing(ExceptionThrower.java:18)
[2020-04-09T16:26:14.813Z] Cause:at com.edurekademo.utilities.TestLogger.testGetErrorMessage4(TestLogger.java:60)
[2020-04-09T16:26:14.813Z] [pool-1-thread-9] ERROR com.edurekademo.utilities.ExceptionThrower - java.lang.Exception: DEAR
[2020-04-09T16:26:14.813Z] Cause:at com.edurekademo.utilities.ExceptionThrower.doYYY(ExceptionThrower.java:35)
[2020-04-09T16:26:14.813Z] Cause:at com.edurekademo.utilities.ExceptionThrower.doXXX(ExceptionThrower.java:23)
[2020-04-09T16:26:14.813Z] [pool-1-thread-9] INFO com.edurekademo.utilities.TestLogger - java.lang.Exception: TEST MESSAGE
[2020-04-09T16:26:14.813Z] Cause:at com.edurekademo.utilities.ExceptionThrower.doCheck(ExceptionThrower.java:43)
[2020-04-09T16:26:14.813Z] Cause:at com.edurekademo.utilities.TestLogger.testGetErrorMessage5(TestLogger.java:75)
[2020-04-09T16:26:14.813Z] ***** java.lang.Exception: TEST MESSAGE
[2020-04-09T16:26:14.813Z] Cause:at com.edurekademo.utilities.ExceptionThrower.doCheck(ExceptionThrower.java:43)
[2020-04-09T16:26:14.813Z] Cause:at com.edurekademo.utilities.TestLogger.testGetErrorMessage5(TestLogger.java:75)
[2020-04-09T16:26:14.813Z] Tests run: 5, Failures: 0, Errors: 0, Skipped: 0, Time elapsed: 0.127 sec - in com.edurekademo.utilities.TestLogger
[2020-04-09T16:26:14.813Z] Running com.edurekademo.utilities.TestGenericComparator
[2020-04-09T16:26:14.813Z] Tests run: 14, Failures: 0, Errors: 0, Skipped: 0, Time elapsed: 0.097 sec - in com.edurekademo.utilities.TestGenericComparator
[2020-04-09T16:26:15.426Z] 
[2020-04-09T16:26:15.426Z] Results :
[2020-04-09T16:26:15.426Z] 
[2020-04-09T16:26:15.426Z] Tests run: 23, Failures: 0, Errors: 0, Skipped: 0
[2020-04-09T16:26:15.426Z] 
[2020-04-09T16:26:15.426Z] [INFO] ------------------------------------------------------------------------
[2020-04-09T16:26:15.426Z] [INFO] BUILD SUCCESS
[2020-04-09T16:26:15.427Z] [INFO] ------------------------------------------------------------------------
[2020-04-09T16:26:15.427Z] [INFO] Total time:  8.568 s
[2020-04-09T16:26:15.427Z] [INFO] Finished at: 2020-04-09T21:56:15+05:30
[2020-04-09T16:26:15.427Z] [INFO] ------------------------------------------------------------------------
[2020-04-09T16:26:15.427Z] [INFO] [jenkins-event-spy] Generated /var/lib/jenkins/workspace/0.ApplicationGroovyPipeLine@tmp/withMavenf793c153/maven-spy-20200409-215606-9056008612854350950417.log
[2020-04-09T16:26:15.528Z] [8mha:////4KDBOBB0nnDD5CFQXgZO/tpCh01VpePU4r5QUiCnRWQYAAAApB+LCAAAAAAAAP9tjTEOwjAQBC9BFLSUPOJSgGgQVVrLDS8wsTFOrDtjOyQVL+Jr/IFAJCq2WO1sM88XLFOEI0eLraHOUWocBt/baeHAsbt4HrDlMzZMib1BaQbJ2tQzSs4G5hQlLASsDDWekyObYS1adVeVV2SrU47TdxBQOn2DBxRiMmcV8xfGCJtrrxPTz/NXAGPIUG53n9qHNxU7nkK+AAAA[0m[Pipeline] junit
[2020-04-09T16:26:15.536Z] Recording test results
[2020-04-09T16:26:16.406Z] [8mha:////4AUjZkr2W0+AUIYbgXMINCDdd8TeLFUADH7zvei08VRoAAAApR+LCAAAAAAAAP9tjTEOwjAQBC9BFLSUPOJSgESBqNJabniBiY1xYt0Z2yGpeBFf4w8EIlGxxWpnm3m+YJkiHDlabA11jlLjMPjeTgsHjt3F84Atn7FhSuwNSjNI1qaeUXI2MKcoYSFgZajxnBzZDGvRqruqvCJbnXKcvoOA0ukbPKAQkzmrmL8wRthce52Yfp6/AhhDyFBu95/avQGzICupvgAAAA==[0m[Pipeline] }
[2020-04-09T16:26:16.449Z] [withMaven] artifactsPublisher - Archive artifact pom.xml under com/edurekademo/tutorial/addressbook/2.0/addressbook-2.0.pom
[2020-04-09T16:26:16.497Z] [withMaven] junitPublisher - Archive test results for Maven artifact com.edurekademo.tutorial:addressbook:war:2.0 generated by maven-surefire-plugin:test (default-test): target/surefire-reports/*.xml
[2020-04-09T16:26:16.498Z] [withMaven] junitPublisher - Jenkins [8mha:////4H0kOZ2Mp7Jqx5CS7xHN1c8p5HimQU2Ed88buk40PMcuAAAAwR+LCAAAAAAAAP9djEsKwjAUAJ8VPYArEW9QbHYuFBeigj+KIB4g1JC+Nr6E5NXPNbyGbjyEx/EOKu6czcxq7i9oBA/dvNoHS0lmKVijkvnFKW+QytSy6o9uj9HVPSOIFtA0ijTna6hX3jC01oU8SmEkabFlj6SHZw+dv93k5+8MftQigLP7RJthmjO7MBDihCUmhaISKfQyTKzXYo/BGXkRy1m6WqRbsdwRcjxmlll+UMQh3phKI70B4ncifskAAAA=[0mJUnit Attachments Plugin not found, can't publish test attachments.Recording test results
[2020-04-09T16:26:16.644Z] [withMaven] Jenkins [8mha:////4A6k7nFBUgdTY5D74cEfX9bqXzv5XP8Hla+vtR3JaxPxAAAAvB+LCAAAAAAAAP9djMEJwjAUQL8VHUBv4gbF5uZBKR5EsFqKUBcIbUjThJ+QpNqu4Rp6cQjHcQeV3nyX907v8YaRszCvmtJpjAqNTisW7TvDrBIoM+3ZMr4/45t5BRAkMFYMua9SGDZWeZikNb1QoihyknsrkK9bC7O/3bb3bwY9gwCgNd+YethU3hu3IuQqpIhqhlKgWxQi0paTUjijaEcOu+yYZDk5UyfDvKCIzIYn1XCBHwby8vjEAAAA[0mTask Scanner Plugin not found, don't display results of source code scanning for 'TODO' and 'FIXME' in pipeline screen.
[2020-04-09T16:26:16.644Z] [withMaven] Publishers: Pipeline Graph Publisher: 6 ms, Generated Artifacts Publisher: 48 ms, Junit Publisher: 106 ms, Dependencies Fingerprint Publisher: 5 ms, Open Task Scanner Publisher: 1 ms
[2020-04-09T16:26:16.662Z] [8mha:////4JqSAeYb1IBNFHknuhFTUmVNsMtzMZia7WZvi8ib7wuIAAAApB+LCAAAAAAAAP9tjTESwiAURH/iWNhaeghSpHHGsbJlaDwBJogQ5n8CRFJ5Iq/mHUQzY+UWO/u2ec8XrGOAIwXNrMLBYOwM827SZbFMYbg6yszShXWEkZxiQmVBvTotKCgpWFLVsOKwUdg5igZ1gi238i4bJ1E35xTKd+BQm36EB1S8mJMM6QtzgN1t6iPhz/NXALP3Cep2/6n2DcUHGca+AAAA[0m[Pipeline] // withMaven
[2020-04-09T16:26:16.672Z] [8mha:////4HtQ5VxvuCfQ23W45QFRKFy+5FFHvJEqZyeiFk8XQWgpAAAApB+LCAAAAAAAAP9tjTEOwjAQBC9BFLSUPOIiQYUQVVrLDS8wsTFOrDtjOyQVL+Jr/IFAJCq2WO1sM88XLFOEI0eLraHOUWocBt/baeHAsbt4HrDlMzZMib1BaQbJ2tQzSs4G5hQlLASsDDWekyObYS1adVeVV2SrU47TdxBQOn2DBxRiMmcV8xfGCJtrrxPTz/NXAGMIGcrd/lPbN/bkQnq+AAAA[0m[Pipeline] }
[2020-04-09T16:26:16.694Z] [8mha:////4BIA9U7Xq5AVbpj0qkKyX9+2vPVMjTZEBW1vBBpHeLRQAAAApB+LCAAAAAAAAP9tjTEOwjAQBC9BFLSUPOICgg6lorXc8AKTGOPEugu2g1PxIr7GH7CIRMUWq51t5vWGZfBQszfYaeothcbi4EaTFyb2/dVxwo4v2DAFdhqlTpJbfZpRctQwpyhhIWClqXEcLJkIa9Gph6qcIlOdo8/fUUBp2zs8oRDZHJWPX5g8bG5jG5h+nr8CmIYhQnnY5trvPgra4wG+AAAA[0m[Pipeline] // stage
[2020-04-09T16:26:16.716Z] [8mha:////4BAQz0y/rOk0wI1zCw7BfZl3GmYEfPdN8ivf8ySCTSFZAAAAph+LCAAAAAAAAP9tjTEOwjAQBM9BKWgpeYQjpHSIitZywwtMYowT6y7YF5KKF/E1/oAhEhVb7ay0mucLyhThQNHJzmLvMTVeDmF0ucmJYn8JNMmOzrIhTBSs1HbS1NrjgprYwhJRwErB2mITKHl0DBvVmbupgkFXnTjmba+g8O0NHiBUNrOJ/IU5wvY6tonw5/krgHlgEDVDUe8+x/INtBhOyMEAAAA=[0m[Pipeline] stage
[2020-04-09T16:26:16.726Z] [8mha:////4ER+TSHvl5rxYdq11H7UZ5iyR+grH7b/BF6/RrFgFKc0AAAApx+LCAAAAAAAAP9tjTEOwjAUQ3+LOrAycohUIDbE1DXKwglCE0La6P/yk9JOnIircQdaKjHhwbItWe/1hiIynIidaCy2HmPtRRd6NyUxELfXQINo6CJqwkjBCmUHRcZWS1WULCzKclhJWFusA0WPLsFGNvqhy6DRlefE03aUkHtzhydkciInzelbRobtrTeR8Mf5C4CxS5AfdrPt52fxAdhUMVHCAAAA[0m[Pipeline] { (Metrics)
[2020-04-09T16:26:16.747Z] [8mha:////4L1dNiN9U7EiYWG4jlfW/rURjkSfw7mEWcXKXvEmx8hxAAAApx+LCAAAAAAAAP9tjTEOwjAUQ3+LOrAycohUAjbE1DXKwglCE0La6P/yk9JOnIircQdaKjHhwbItWe/1hiIynIidaCy2HmPtRRd6NyUxELfXQINo6CJqwkjBCmUHRcZWS1WULCzKclhJWFusA0WPLsFGNvqhy6DRlefE03aUkHtzhydkciInzelbRobtrTeR8Mf5C4CxS5AfdrPt52fxAXzhjwPCAAAA[0m[Pipeline] withMaven
[2020-04-09T16:26:16.749Z] [withMaven] Options: []
[2020-04-09T16:26:16.749Z] [withMaven] Available options: 
[2020-04-09T16:26:16.749Z] [withMaven] using JDK installation provided by the build agent
[2020-04-09T16:26:16.791Z] [withMaven] using Maven installation 'MyMaven'
[2020-04-09T16:26:16.811Z] [8mha:////4HBc6fHBDkc/hwwKDbXSRlFjwMZt3dwMLuxS3kaGJbuFAAAAph+LCAAAAAAAAP9tjTEOwjAUQ3+DOrAycoh0oBtiYo26cILQhJA0+r9NUtKJE3E17kBLJSY8WLYl673eUMYAJwqGO42dxdha3vvRzIlnCt3NU+aOrrwljOQ1b3RuSOnzWhtKGlYVDDYCthpbT9GiSbATTj5k5SWa6pLCvB0FMKsGeEIhZnKSIX3LFGB/H1Uk/HH+AmDqE7D6sFi9PMsPBA4E38IAAAA=[0m[Pipeline] {
[2020-04-09T16:26:16.826Z] [8mha:////4E4tHqUXrzSNr8KrZ7GtccsBcuDAo6NcTb8Pn5x0ZJycAAAAox+LCAAAAAAAAP9tjTESwiAURH/iWNhaegjSxMqxsmVoPAEmiBDmfwJEUnkir+YdRDNj5RY7+7Z5zxesY4AjBc2swsFg7AzzbtJlsUxhuDrKzNKFdYSRnGJCZUG9Oi0oKClYUtWw4rBR2DmKBnWCLbfyLhsnUTfnFMp34FCbfoQHVLyYkwzpC3OA3W3qI+HP81cAs09Qt+2n9v4NSnc5Zr4AAAA=[0m[Pipeline] sh
[2020-04-09T16:26:17.154Z] + mvn cobertura:cobertura -Dcobertura.report.format=xml
[2020-04-09T16:26:17.155Z] ----- withMaven Wrapper script -----
[2020-04-09T16:26:17.155Z] Picked up JAVA_TOOL_OPTIONS: -Dmaven.ext.class.path="/var/lib/jenkins/workspace/0.ApplicationGroovyPipeLine@tmp/withMavenc14be28f/pipeline-maven-spy.jar" -Dorg.jenkinsci.plugins.pipeline.maven.reportsFolder="/var/lib/jenkins/workspace/0.ApplicationGroovyPipeLine@tmp/withMavenc14be28f" 
[2020-04-09T16:26:17.755Z] Apache Maven 3.6.3 (cecedd343002696d0abb50b32b541b8a6ba2883f)
[2020-04-09T16:26:17.757Z] Maven home: /var/lib/jenkins/tools/hudson.tasks.Maven_MavenInstallation/MyMaven
[2020-04-09T16:26:17.758Z] Java version: 1.8.0_242, vendor: Oracle Corporation, runtime: /usr/lib/jvm/java-1.8.0-openjdk-1.8.0.242.b08-0.fc31.x86_64/jre
[2020-04-09T16:26:17.758Z] Default locale: en_US, platform encoding: UTF-8
[2020-04-09T16:26:17.758Z] OS name: "linux", version: "5.5.15-200.fc31.x86_64", arch: "amd64", family: "unix"
[2020-04-09T16:26:20.336Z] [INFO] [jenkins-event-spy] Generate /var/lib/jenkins/workspace/0.ApplicationGroovyPipeLine@tmp/withMavenc14be28f/maven-spy-20200409-215620-4097725637699714831733.log.tmp ...
[2020-04-09T16:26:20.336Z] [INFO] Scanning for projects...
[2020-04-09T16:26:20.602Z] [WARNING] 
[2020-04-09T16:26:20.602Z] [WARNING] Some problems were encountered while building the effective model for com.edurekademo.tutorial:addressbook:war:2.0
[2020-04-09T16:26:20.602Z] [WARNING] Reporting configuration should be done in <reporting> section, not in maven-site-plugin <configuration> as reportPlugins parameter. @ line 298, column 40
[2020-04-09T16:26:20.602Z] [WARNING] 
[2020-04-09T16:26:20.602Z] [WARNING] It is highly recommended to fix these problems because they threaten the stability of your build.
[2020-04-09T16:26:20.602Z] [WARNING] 
[2020-04-09T16:26:20.602Z] [WARNING] For this reason, future Maven versions might no longer support building such malformed projects.
[2020-04-09T16:26:20.602Z] [WARNING] 
[2020-04-09T16:26:22.576Z] [INFO] Downloading from vaadin-snapshots: http://oss.sonatype.org/content/repositories/vaadin-snapshots/org/codehaus/mojo/cobertura-maven-plugin/maven-metadata.xml
[2020-04-09T16:26:35.014Z] [INFO] 
[2020-04-09T16:26:35.014Z] [INFO] ----------------< com.edurekademo.tutorial:addressbook >----------------
[2020-04-09T16:26:35.014Z] [INFO] Building Vaadin Addressbook example 2.0
[2020-04-09T16:26:35.014Z] [INFO] --------------------------------[ war ]---------------------------------
[2020-04-09T16:26:35.014Z] [INFO] 
[2020-04-09T16:26:35.014Z] [INFO] >>> cobertura-maven-plugin:2.7:cobertura (default-cli) > [cobertura]test @ addressbook >>>
[2020-04-09T16:26:35.014Z] [INFO] 
[2020-04-09T16:26:35.014Z] [INFO] --- maven-enforcer-plugin:1.0:enforce (enforce-versions) @ addressbook ---
[2020-04-09T16:26:35.014Z] [INFO] 
[2020-04-09T16:26:35.014Z] [INFO] --- maven-resources-plugin:2.6:resources (default-resources) @ addressbook ---
[2020-04-09T16:26:35.014Z] [INFO] Using 'UTF-8' encoding to copy filtered resources.
[2020-04-09T16:26:35.014Z] [INFO] skip non existing resourceDirectory /var/lib/jenkins/workspace/0.ApplicationGroovyPipeLine/src/main/resources
[2020-04-09T16:26:35.014Z] [INFO] 
[2020-04-09T16:26:35.014Z] [INFO] --- maven-compiler-plugin:3.2:compile (default-compile) @ addressbook ---
[2020-04-09T16:26:35.628Z] [INFO] Nothing to compile - all classes are up to date
[2020-04-09T16:26:35.628Z] [INFO] 
[2020-04-09T16:26:35.628Z] [INFO] --- cobertura-maven-plugin:2.7:instrument (default-cli) @ addressbook ---
[2020-04-09T16:26:41.004Z] [INFO] Cobertura 2.1.1 - GNU GPL License (NO WARRANTY) - See COPYRIGHT file
[2020-04-09T16:26:41.004Z] [INFO] Cobertura: Saved information on 17 classes.
[2020-04-09T16:26:41.004Z] [INFO] Cobertura: Saved information on 17 classes.
[2020-04-09T16:26:41.004Z] 
[2020-04-09T16:26:41.004Z] [ERROR] Picked up JAVA_TOOL_OPTIONS: -Dmaven.ext.class.path="/var/lib/jenkins/workspace/0.ApplicationGroovyPipeLine@tmp/withMavenc14be28f/pipeline-maven-spy.jar" -Dorg.jenkinsci.plugins.pipeline.maven.reportsFolder="/var/lib/jenkins/workspace/0.ApplicationGroovyPipeLine@tmp/withMavenc14be28f" 
[2020-04-09T16:26:41.004Z] SLF4J: Class path contains multiple SLF4J bindings.
[2020-04-09T16:26:41.004Z] SLF4J: Found binding in [jar:file:/root/.m2/repository/ch/qos/logback/logback-classic/1.0.13/logback-classic-1.0.13.jar!/org/slf4j/impl/StaticLoggerBinder.class]
[2020-04-09T16:26:41.004Z] SLF4J: Found binding in [jar:file:/root/.m2/repository/org/slf4j/slf4j-simple/1.7.7/slf4j-simple-1.7.7.jar!/org/slf4j/impl/StaticLoggerBinder.class]
[2020-04-09T16:26:41.004Z] SLF4J: Found binding in [jar:file:/root/.m2/repository/org/slf4j/slf4j-log4j12/1.7.7/slf4j-log4j12-1.7.7.jar!/org/slf4j/impl/StaticLoggerBinder.class]
[2020-04-09T16:26:41.004Z] SLF4J: See http://www.slf4j.org/codes.html#multiple_bindings for an explanation.
[2020-04-09T16:26:41.004Z] SLF4J: Actual binding is of type [ch.qos.logback.classic.util.ContextSelectorStaticBinder]
[2020-04-09T16:26:41.004Z] 
[2020-04-09T16:26:41.004Z] [INFO] Instrumentation was successful.
[2020-04-09T16:26:41.004Z] [INFO] NOT adding cobertura ser file to attached artifacts list.
[2020-04-09T16:26:41.004Z] [INFO] 
[2020-04-09T16:26:41.004Z] [INFO] --- maven-resources-plugin:2.6:testResources (default-testResources) @ addressbook ---
[2020-04-09T16:26:41.004Z] [INFO] Using 'UTF-8' encoding to copy filtered resources.
[2020-04-09T16:26:41.004Z] [INFO] Copying 1 resource
[2020-04-09T16:26:41.004Z] [INFO] 
[2020-04-09T16:26:41.004Z] [INFO] --- maven-compiler-plugin:3.2:testCompile (default-testCompile) @ addressbook ---
[2020-04-09T16:26:41.004Z] [INFO] Nothing to compile - all classes are up to date
[2020-04-09T16:26:41.004Z] [INFO] 
[2020-04-09T16:26:41.004Z] [INFO] --- maven-surefire-plugin:2.19.1:test (default-test) @ addressbook ---
[2020-04-09T16:26:41.986Z] 
[2020-04-09T16:26:41.986Z] -------------------------------------------------------
[2020-04-09T16:26:41.986Z]  T E S T S
[2020-04-09T16:26:41.986Z] -------------------------------------------------------
[2020-04-09T16:26:42.252Z] Picked up JAVA_TOOL_OPTIONS: -Dmaven.ext.class.path="/var/lib/jenkins/workspace/0.ApplicationGroovyPipeLine@tmp/withMavenc14be28f/pipeline-maven-spy.jar" -Dorg.jenkinsci.plugins.pipeline.maven.reportsFolder="/var/lib/jenkins/workspace/0.ApplicationGroovyPipeLine@tmp/withMavenc14be28f" 
[2020-04-09T16:26:43.670Z] Running com.edurekademo.utilities.TestHexAsciiConversion
[2020-04-09T16:26:43.670Z] SLF4J: Class path contains multiple SLF4J bindings.
[2020-04-09T16:26:43.670Z] SLF4J: Found binding in [jar:file:/root/.m2/repository/org/slf4j/slf4j-simple/1.7.7/slf4j-simple-1.7.7.jar!/org/slf4j/impl/StaticLoggerBinder.class]
[2020-04-09T16:26:43.670Z] SLF4J: Found binding in [jar:file:/root/.m2/repository/org/slf4j/slf4j-log4j12/1.7.7/slf4j-log4j12-1.7.7.jar!/org/slf4j/impl/StaticLoggerBinder.class]
[2020-04-09T16:26:43.670Z] SLF4J: Found binding in [jar:file:/root/.m2/repository/ch/qos/logback/logback-classic/1.0.13/logback-classic-1.0.13.jar!/org/slf4j/impl/StaticLoggerBinder.class]
[2020-04-09T16:26:43.670Z] SLF4J: See http://www.slf4j.org/codes.html#multiple_bindings for an explanation.
[2020-04-09T16:26:43.670Z] SLF4J: Actual binding is of type [org.slf4j.impl.SimpleLoggerFactory]
[2020-04-09T16:26:43.670Z] testing ascii convertion into hexadecimal
[2020-04-09T16:26:43.670Z] 74657374696e6720617363696920636f6e76657274696f6e20696e746f2068657861646563696d616c
[2020-04-09T16:26:43.670Z] Tests run: 4, Failures: 0, Errors: 0, Skipped: 0, Time elapsed: 0.107 sec - in com.edurekademo.utilities.TestHexAsciiConversion
[2020-04-09T16:26:43.670Z] Running com.edurekademo.utilities.TestLogger
[2020-04-09T16:26:43.670Z] [pool-1-thread-5] INFO com.edurekademo.utilities.TestLogger - java.lang.ArithmeticException: / by zero
[2020-04-09T16:26:43.670Z] Cause:at com.edurekademo.utilities.TestLogger.testGetErrorMessage1(TestLogger.java:14)
[2020-04-09T16:26:43.670Z] Cause:at sun.reflect.NativeMethodAccessorImpl.invoke0(Native Method)
[2020-04-09T16:26:43.670Z] [pool-1-thread-6] INFO com.edurekademo.utilities.TestLogger - java.lang.ArithmeticException: / by zero
[2020-04-09T16:26:43.670Z] Cause:at com.edurekademo.utilities.TestLogger.testGetErrorMessage2(TestLogger.java:30)
[2020-04-09T16:26:43.670Z] Cause:at sun.reflect.NativeMethodAccessorImpl.invoke0(Native Method)
[2020-04-09T16:26:43.670Z] [pool-1-thread-7] INFO com.edurekademo.utilities.TestLogger - java.lang.ArithmeticException: / by zero
[2020-04-09T16:26:43.670Z] Cause:at com.edurekademo.utilities.ExceptionThrower.getCounter(ExceptionThrower.java:13)
[2020-04-09T16:26:43.670Z] Cause:at com.edurekademo.utilities.TestLogger.testGetErrorMessage3(TestLogger.java:45)
[2020-04-09T16:26:43.670Z] [pool-1-thread-8] INFO com.edurekademo.utilities.TestLogger - java.io.IOException: TESTIOEXCEPTION
[2020-04-09T16:26:43.670Z] Cause:at com.edurekademo.utilities.ExceptionThrower.doNothing(ExceptionThrower.java:18)
[2020-04-09T16:26:43.670Z] Cause:at com.edurekademo.utilities.TestLogger.testGetErrorMessage4(TestLogger.java:60)
[2020-04-09T16:26:43.670Z] [pool-1-thread-9] ERROR com.edurekademo.utilities.ExceptionThrower - java.lang.Exception: DEAR
[2020-04-09T16:26:43.670Z] Cause:at com.edurekademo.utilities.ExceptionThrower.doYYY(ExceptionThrower.java:35)
[2020-04-09T16:26:43.670Z] Cause:at com.edurekademo.utilities.ExceptionThrower.doXXX(ExceptionThrower.java:23)
[2020-04-09T16:26:43.670Z] [pool-1-thread-9] INFO com.edurekademo.utilities.TestLogger - java.lang.Exception: TEST MESSAGE
[2020-04-09T16:26:43.670Z] Cause:at com.edurekademo.utilities.ExceptionThrower.doCheck(ExceptionThrower.java:43)
[2020-04-09T16:26:43.671Z] Cause:at com.edurekademo.utilities.TestLogger.testGetErrorMessage5(TestLogger.java:75)
[2020-04-09T16:26:43.671Z] ***** java.lang.Exception: TEST MESSAGE
[2020-04-09T16:26:43.671Z] Cause:at com.edurekademo.utilities.ExceptionThrower.doCheck(ExceptionThrower.java:43)
[2020-04-09T16:26:43.671Z] Cause:at com.edurekademo.utilities.TestLogger.testGetErrorMessage5(TestLogger.java:75)
[2020-04-09T16:26:43.671Z] Tests run: 5, Failures: 0, Errors: 0, Skipped: 0, Time elapsed: 0.19 sec - in com.edurekademo.utilities.TestLogger
[2020-04-09T16:26:43.671Z] Running com.edurekademo.utilities.TestGenericComparator
[2020-04-09T16:26:43.960Z] Tests run: 14, Failures: 0, Errors: 0, Skipped: 0, Time elapsed: 0.154 sec - in com.edurekademo.utilities.TestGenericComparator
[2020-04-09T16:26:45.927Z] 
[2020-04-09T16:26:45.927Z] Results :
[2020-04-09T16:26:45.927Z] 
[2020-04-09T16:26:45.927Z] Tests run: 23, Failures: 0, Errors: 0, Skipped: 0
[2020-04-09T16:26:45.928Z] 
[2020-04-09T16:26:45.928Z] [INFO] 
[2020-04-09T16:26:45.928Z] [INFO] <<< cobertura-maven-plugin:2.7:cobertura (default-cli) < [cobertura]test @ addressbook <<<
[2020-04-09T16:26:45.928Z] [INFO] 
[2020-04-09T16:26:45.928Z] [INFO] 
[2020-04-09T16:26:45.928Z] [INFO] --- cobertura-maven-plugin:2.7:cobertura (default-cli) @ addressbook ---
[2020-04-09T16:26:47.884Z] [INFO] Cobertura 2.1.1 - GNU GPL License (NO WARRANTY) - See COPYRIGHT file
[2020-04-09T16:26:47.884Z] [INFO] Cobertura: Loaded information on 17 classes.
[2020-04-09T16:26:47.884Z] [WARN] JavaNCSS got an error while parsing the java file /var/lib/jenkins/workspace/0.ApplicationGroovyPipeLine/src/main/java/com/edurekademo/tutorial/addressbook/AddressbookUI.java
[2020-04-09T16:26:47.884Z] ParseException in STDIN
[2020-04-09T16:26:47.884Z] Last useful checkpoint: "com.edurekademo.tutorial.addressbook.AddressbookUI.configureComponents()"
[2020-04-09T16:26:47.884Z] Encountered " ">" "> "" at line 72, column 40.
[2020-04-09T16:26:47.884Z] Was expecting one of:
[2020-04-09T16:26:47.884Z]     "assert" ...
[2020-04-09T16:26:47.884Z]     "boolean" ...
[2020-04-09T16:26:47.884Z]     "byte" ...
[2020-04-09T16:26:47.884Z]     "char" ...
[2020-04-09T16:26:47.884Z]     "double" ...
[2020-04-09T16:26:47.884Z]     "enum" ...
[2020-04-09T16:26:47.884Z]     "false" ...
[2020-04-09T16:26:47.884Z]     "float" ...
[2020-04-09T16:26:47.884Z]     "int" ...
[2020-04-09T16:26:47.884Z]     "long" ...
[2020-04-09T16:26:47.884Z]     "new" ...
[2020-04-09T16:26:47.884Z]     "null" ...
[2020-04-09T16:26:47.884Z]     "short" ...
[2020-04-09T16:26:47.884Z]     "super" ...
[2020-04-09T16:26:47.884Z]     "this" ...
[2020-04-09T16:26:48.150Z]     "true" ...
[2020-04-09T16:26:48.150Z]     "void" ...
[2020-04-09T16:26:48.150Z]     <INTEGER_LITERAL> ...
[2020-04-09T16:26:48.150Z]     <FLOATING_POINT_LITERAL> ...
[2020-04-09T16:26:48.150Z]     <CHARACTER_LITERAL> ...
[2020-04-09T16:26:48.150Z]     <STRING_LITERAL> ...
[2020-04-09T16:26:48.150Z]     <IDENTIFIER> ...
[2020-04-09T16:26:48.150Z]     "(" ...
[2020-04-09T16:26:48.150Z]     "!" ...
[2020-04-09T16:26:48.150Z]     "~" ...
[2020-04-09T16:26:48.150Z]     "++" ...
[2020-04-09T16:26:48.150Z]     "--" ...
[2020-04-09T16:26:48.150Z]     "+" ...
[2020-04-09T16:26:48.150Z]     "-" ...
[2020-04-09T16:26:48.150Z]     
[2020-04-09T16:26:48.150Z] 
[2020-04-09T16:26:48.150Z] [WARN] JavaNCSS got an error while parsing the java file /var/lib/jenkins/workspace/0.ApplicationGroovyPipeLine/src/main/java/com/edurekademo/tutorial/addressbook/ContactForm.java
[2020-04-09T16:26:48.150Z] ParseException in STDIN
[2020-04-09T16:26:48.150Z] Last useful checkpoint: "com.edurekademo.tutorial.addressbook.ContactForm"
[2020-04-09T16:26:48.150Z] Encountered " ":" ": "" at line 26, column 42.
[2020-04-09T16:26:48.150Z] Was expecting one of:
[2020-04-09T16:26:48.150Z]     "assert" ...
[2020-04-09T16:26:48.150Z]     "instanceof" ...
[2020-04-09T16:26:48.150Z]     "new" ...
[2020-04-09T16:26:48.150Z]     <IDENTIFIER> ...
[2020-04-09T16:26:48.150Z]     ")" ...
[2020-04-09T16:26:48.150Z]     "," ...
[2020-04-09T16:26:48.150Z]     "." ...
[2020-04-09T16:26:48.150Z]     "=" ...
[2020-04-09T16:26:48.150Z]     ">" ...
[2020-04-09T16:26:48.150Z]     "<" ...
[2020-04-09T16:26:48.150Z]     "?" ...
[2020-04-09T16:26:48.150Z]     "==" ...
[2020-04-09T16:26:48.150Z]     "<=" ...
[2020-04-09T16:26:48.150Z]     ">=" ...
[2020-04-09T16:26:48.150Z]     "!=" ...
[2020-04-09T16:26:48.150Z]     "||" ...
[2020-04-09T16:26:48.150Z]     "&&" ...
[2020-04-09T16:26:48.150Z]     "++" ...
[2020-04-09T16:26:48.150Z]     "--" ...
[2020-04-09T16:26:48.150Z]     "+" ...
[2020-04-09T16:26:48.150Z]     "-" ...
[2020-04-09T16:26:48.150Z]     "*" ...
[2020-04-09T16:26:48.150Z]     "/" ...
[2020-04-09T16:26:48.150Z]     "&" ...
[2020-04-09T16:26:48.150Z]     "|" ...
[2020-04-09T16:26:48.150Z]     "^" ...
[2020-04-09T16:26:48.150Z]     "%" ...
[2020-04-09T16:26:48.150Z]     "+=" ...
[2020-04-09T16:26:48.150Z]     "-=" ...
[2020-04-09T16:26:48.150Z]     "*=" ...
[2020-04-09T16:26:48.150Z]     "/=" ...
[2020-04-09T16:26:48.150Z]     "&=" ...
[2020-04-09T16:26:48.150Z]     "|=" ...
[2020-04-09T16:26:48.150Z]     "^=" ...
[2020-04-09T16:26:48.150Z]     "%=" ...
[2020-04-09T16:26:48.150Z]     "<<=" ...
[2020-04-09T16:26:48.150Z]     ">>=" ...
[2020-04-09T16:26:48.150Z]     ">>>=" ...
[2020-04-09T16:26:48.150Z]     ">" ...
[2020-04-09T16:26:48.150Z]     "." ...
[2020-04-09T16:26:48.150Z]     "." ...
[2020-04-09T16:26:48.150Z]     "." ...
[2020-04-09T16:26:48.150Z]     "." ...
[2020-04-09T16:26:48.151Z]     
[2020-04-09T16:26:48.151Z] 
[2020-04-09T16:26:48.151Z] Report time: 1040ms
[2020-04-09T16:26:48.151Z] 
[2020-04-09T16:26:48.151Z] [ERROR] Picked up JAVA_TOOL_OPTIONS: -Dmaven.ext.class.path="/var/lib/jenkins/workspace/0.ApplicationGroovyPipeLine@tmp/withMavenc14be28f/pipeline-maven-spy.jar" -Dorg.jenkinsci.plugins.pipeline.maven.reportsFolder="/var/lib/jenkins/workspace/0.ApplicationGroovyPipeLine@tmp/withMavenc14be28f" 
[2020-04-09T16:26:48.151Z] net.sourceforge.cobertura.javancss.parser.ParseException: Encountered " ">" "> "" at line 72, column 40.
[2020-04-09T16:26:48.151Z] Was expecting one of:
[2020-04-09T16:26:48.151Z]     "assert" ...
[2020-04-09T16:26:48.151Z]     "boolean" ...
[2020-04-09T16:26:48.151Z]     "byte" ...
[2020-04-09T16:26:48.151Z]     "char" ...
[2020-04-09T16:26:48.151Z]     "double" ...
[2020-04-09T16:26:48.151Z]     "enum" ...
[2020-04-09T16:26:48.151Z]     "false" ...
[2020-04-09T16:26:48.151Z]     "float" ...
[2020-04-09T16:26:48.151Z]     "int" ...
[2020-04-09T16:26:48.151Z]     "long" ...
[2020-04-09T16:26:48.151Z]     "new" ...
[2020-04-09T16:26:48.151Z]     "null" ...
[2020-04-09T16:26:48.151Z]     "short" ...
[2020-04-09T16:26:48.151Z]     "super" ...
[2020-04-09T16:26:48.151Z]     "this" ...
[2020-04-09T16:26:48.151Z]     "true" ...
[2020-04-09T16:26:48.151Z]     "void" ...
[2020-04-09T16:26:48.151Z]     <INTEGER_LITERAL> ...
[2020-04-09T16:26:48.151Z]     <FLOATING_POINT_LITERAL> ...
[2020-04-09T16:26:48.151Z]     <CHARACTER_LITERAL> ...
[2020-04-09T16:26:48.151Z]     <STRING_LITERAL> ...
[2020-04-09T16:26:48.151Z]     <IDENTIFIER> ...
[2020-04-09T16:26:48.151Z]     "(" ...
[2020-04-09T16:26:48.151Z]     "!" ...
[2020-04-09T16:26:48.151Z]     "~" ...
[2020-04-09T16:26:48.151Z]     "++" ...
[2020-04-09T16:26:48.151Z]     "--" ...
[2020-04-09T16:26:48.151Z]     "+" ...
[2020-04-09T16:26:48.151Z]     "-" ...
[2020-04-09T16:26:48.151Z]     
[2020-04-09T16:26:48.151Z] 	at net.sourceforge.cobertura.javancss.parser.JavaParser.generateParseException(JavaParser.java:10490)
[2020-04-09T16:26:48.151Z] 	at net.sourceforge.cobertura.javancss.parser.JavaParser.jj_consume_token(JavaParser.java:10366)
[2020-04-09T16:26:48.151Z] 	at net.sourceforge.cobertura.javancss.parser.JavaParser.UnaryExpression(JavaParser.java:3175)
[2020-04-09T16:26:48.151Z] 	at net.sourceforge.cobertura.javancss.parser.JavaParser.MultiplicativeExpression(JavaParser.java:3090)
[2020-04-09T16:26:48.151Z] 	at net.sourceforge.cobertura.javancss.parser.JavaParser.AdditiveExpression(JavaParser.java:3085)
[2020-04-09T16:26:48.151Z] 	at net.sourceforge.cobertura.javancss.parser.JavaParser.ShiftExpression(JavaParser.java:3027)
[2020-04-09T16:26:48.151Z] 	at net.sourceforge.cobertura.javancss.parser.JavaParser.RelationalExpression(JavaParser.java:2990)
[2020-04-09T16:26:48.151Z] 	at net.sourceforge.cobertura.javancss.parser.JavaParser.InstanceOfExpression(JavaParser.java:2977)
[2020-04-09T16:26:48.151Z] 	at net.sourceforge.cobertura.javancss.parser.JavaParser.AssigmentExpression(JavaParser.java:2959)
[2020-04-09T16:26:48.151Z] 	at net.sourceforge.cobertura.javancss.parser.JavaParser.EqualityExpression(JavaParser.java:2886)
[2020-04-09T16:26:48.151Z] 	at net.sourceforge.cobertura.javancss.parser.JavaParser.AndExpression(JavaParser.java:2860)
[2020-04-09T16:26:48.151Z] 	at net.sourceforge.cobertura.javancss.parser.JavaParser.ExclusiveOrExpression(JavaParser.java:2843)
[2020-04-09T16:26:48.151Z] 	at net.sourceforge.cobertura.javancss.parser.JavaParser.InclusiveOrExpression(JavaParser.java:2826)
[2020-04-09T16:26:48.151Z] 	at net.sourceforge.cobertura.javancss.parser.JavaParser.ConditionalAndExpression(JavaParser.java:2808)
[2020-04-09T16:26:48.151Z] 	at net.sourceforge.cobertura.javancss.parser.JavaParser.ConditionalOrExpression(JavaParser.java:2790)
[2020-04-09T16:26:48.151Z] 	at net.sourceforge.cobertura.javancss.parser.JavaParser.ConditionalExpression(JavaParser.java:2774)
[2020-04-09T16:26:48.151Z] 	at net.sourceforge.cobertura.javancss.parser.JavaParser.Expression(JavaParser.java:2718)
[2020-04-09T16:26:48.151Z] 	at net.sourceforge.cobertura.javancss.parser.JavaParser.ArgumentList(JavaParser.java:3620)
[2020-04-09T16:26:48.151Z] 	at net.sourceforge.cobertura.javancss.parser.JavaParser.Arguments(JavaParser.java:3610)
[2020-04-09T16:26:48.151Z] 	at net.sourceforge.cobertura.javancss.parser.JavaParser.PrimarySuffix(JavaParser.java:3511)
[2020-04-09T16:26:48.151Z] 	at net.sourceforge.cobertura.javancss.parser.JavaParser.PrimaryExpression(JavaParser.java:3384)
[2020-04-09T16:26:48.151Z] 	at net.sourceforge.cobertura.javancss.parser.JavaParser.StatementExpression(JavaParser.java:4070)
[2020-04-09T16:26:48.151Z] 	at net.sourceforge.cobertura.javancss.parser.JavaParser.Statement(JavaParser.java:3795)
[2020-04-09T16:26:48.151Z] 	at net.sourceforge.cobertura.javancss.parser.JavaParser.BlockStatement(JavaParser.java:3984)
[2020-04-09T16:26:48.151Z] 	at net.sourceforge.cobertura.javancss.parser.JavaParser.Block(JavaParser.java:3934)
[2020-04-09T16:26:48.151Z] 	at net.sourceforge.cobertura.javancss.parser.JavaParser.MethodDeclaration(JavaParser.java:1987)
[2020-04-09T16:26:48.151Z] 	at net.sourceforge.cobertura.javancss.parser.JavaParser.ClassBodyDeclaration(JavaParser.java:1039)
[2020-04-09T16:26:48.151Z] 	at net.sourceforge.cobertura.javancss.parser.JavaParser.ClassBody(JavaParser.java:898)
[2020-04-09T16:26:48.151Z] 	at net.sourceforge.cobertura.javancss.parser.JavaParser.UnmodifiedClassDeclaration(JavaParser.java:824)
[2020-04-09T16:26:48.151Z] 	at net.sourceforge.cobertura.javancss.parser.JavaParser.ClassDeclaration(JavaParser.java:728)
[2020-04-09T16:26:48.151Z] 	at net.sourceforge.cobertura.javancss.parser.JavaParser.TypeDeclaration(JavaParser.java:575)
[2020-04-09T16:26:48.151Z] 	at net.sourceforge.cobertura.javancss.parser.JavaParser.CompilationUnit(JavaParser.java:318)
[2020-04-09T16:26:48.151Z] 	at net.sourceforge.cobertura.javancss.parser.JavaParser.parse(JavaParser.java:100)
[2020-04-09T16:26:48.151Z] 	at net.sourceforge.cobertura.javancss.Javancss._measureSource(Javancss.java:192)
[2020-04-09T16:26:48.151Z] 	at net.sourceforge.cobertura.javancss.Javancss._measureRoot(Javancss.java:268)
[2020-04-09T16:26:48.151Z] 	at net.sourceforge.cobertura.javancss.Javancss.<init>(Javancss.java:347)
[2020-04-09T16:26:48.151Z] 	at net.sourceforge.cobertura.javancss.JavancssFactory.newInstance(JavancssFactory.java:40)
[2020-04-09T16:26:48.151Z] 	at net.sourceforge.cobertura.reporting.ComplexityCalculator.getFunctionMetricsForSingleFile(ComplexityCalculator.java:243)
[2020-04-09T16:26:48.151Z] 	at net.sourceforge.cobertura.reporting.ComplexityCalculator.getAccumlatedCCNForSingleFile(ComplexityCalculator.java:143)
[2020-04-09T16:26:48.151Z] 	at net.sourceforge.cobertura.reporting.ComplexityCalculator.getCCNForSourceFileNameInternal(ComplexityCalculator.java:273)
[2020-04-09T16:26:48.152Z] 	at net.sourceforge.cobertura.reporting.ComplexityCalculator.getCCNForPackageInternal(ComplexityCalculator.java:208)
[2020-04-09T16:26:48.152Z] 	at net.sourceforge.cobertura.reporting.ComplexityCalculator.getCCNForProject(ComplexityCalculator.java:174)
[2020-04-09T16:26:48.152Z] 	at net.sourceforge.cobertura.reporting.xml.XMLReport.<init>(XMLReport.java:70)
[2020-04-09T16:26:48.152Z] 	at net.sourceforge.cobertura.reporting.xml.XMLReportFormatStrategy.save(XMLReportFormatStrategy.java:18)
[2020-04-09T16:26:48.152Z] 	at net.sourceforge.cobertura.reporting.NativeReport.export(NativeReport.java:31)
[2020-04-09T16:26:48.152Z] 	at net.sourceforge.cobertura.reporting.CompositeReport.export(CompositeReport.java:19)
[2020-04-09T16:26:48.152Z] 	at net.sourceforge.cobertura.reporting.ReportMain.parseArgumentsAndReport(ReportMain.java:91)
[2020-04-09T16:26:48.152Z] 	at net.sourceforge.cobertura.reporting.ReportMain.generateReport(ReportMain.java:141)
[2020-04-09T16:26:48.152Z] 	at net.sourceforge.cobertura.reporting.ReportMain.main(ReportMain.java:151)
[2020-04-09T16:26:48.152Z] net.sourceforge.cobertura.javancss.parser.ParseException: Encountered " ":" ": "" at line 26, column 42.
[2020-04-09T16:26:48.152Z] Was expecting one of:
[2020-04-09T16:26:48.152Z]     "assert" ...
[2020-04-09T16:26:48.152Z]     "instanceof" ...
[2020-04-09T16:26:48.152Z]     "new" ...
[2020-04-09T16:26:48.152Z]     <IDENTIFIER> ...
[2020-04-09T16:26:48.152Z]     ")" ...
[2020-04-09T16:26:48.152Z]     "," ...
[2020-04-09T16:26:48.152Z]     "." ...
[2020-04-09T16:26:48.152Z]     "=" ...
[2020-04-09T16:26:48.152Z]     ">" ...
[2020-04-09T16:26:48.152Z]     "<" ...
[2020-04-09T16:26:48.152Z]     "?" ...
[2020-04-09T16:26:48.152Z]     "==" ...
[2020-04-09T16:26:48.152Z]     "<=" ...
[2020-04-09T16:26:48.152Z]     ">=" ...
[2020-04-09T16:26:48.152Z]     "!=" ...
[2020-04-09T16:26:48.152Z]     "||" ...
[2020-04-09T16:26:48.152Z]     "&&" ...
[2020-04-09T16:26:48.152Z]     "++" ...
[2020-04-09T16:26:48.152Z]     "--" ...
[2020-04-09T16:26:48.152Z]     "+" ...
[2020-04-09T16:26:48.152Z]     "-" ...
[2020-04-09T16:26:48.152Z]     "*" ...
[2020-04-09T16:26:48.152Z]     "/" ...
[2020-04-09T16:26:48.152Z]     "&" ...
[2020-04-09T16:26:48.152Z]     "|" ...
[2020-04-09T16:26:48.152Z]     "^" ...
[2020-04-09T16:26:48.152Z]     "%" ...
[2020-04-09T16:26:48.152Z]     "+=" ...
[2020-04-09T16:26:48.152Z]     "-=" ...
[2020-04-09T16:26:48.152Z]     "*=" ...
[2020-04-09T16:26:48.152Z]     "/=" ...
[2020-04-09T16:26:48.152Z]     "&=" ...
[2020-04-09T16:26:48.154Z]     "|=" ...
[2020-04-09T16:26:48.154Z]     "^=" ...
[2020-04-09T16:26:48.154Z]     "%=" ...
[2020-04-09T16:26:48.154Z]     "<<=" ...
[2020-04-09T16:26:48.154Z]     ">>=" ...
[2020-04-09T16:26:48.154Z]     ">>>=" ...
[2020-04-09T16:26:48.154Z]     ">" ...
[2020-04-09T16:26:48.154Z]     "." ...
[2020-04-09T16:26:48.154Z]     "." ...
[2020-04-09T16:26:48.154Z]     "." ...
[2020-04-09T16:26:48.154Z]     "." ...
[2020-04-09T16:26:48.154Z]     
[2020-04-09T16:26:48.154Z] 	at net.sourceforge.cobertura.javancss.parser.JavaParser.generateParseException(JavaParser.java:10490)
[2020-04-09T16:26:48.154Z] 	at net.sourceforge.cobertura.javancss.parser.JavaParser.jj_consume_token(JavaParser.java:10366)
[2020-04-09T16:26:48.154Z] 	at net.sourceforge.cobertura.javancss.parser.JavaParser.Arguments(JavaParser.java:3616)
[2020-04-09T16:26:48.154Z] 	at net.sourceforge.cobertura.javancss.parser.JavaParser.AllocationExpression(JavaParser.java:3665)
[2020-04-09T16:26:48.154Z] 	at net.sourceforge.cobertura.javancss.parser.JavaParser.PrimaryPrefix(JavaParser.java:3456)
[2020-04-09T16:26:48.154Z] 	at net.sourceforge.cobertura.javancss.parser.JavaParser.PrimaryExpression(JavaParser.java:3376)
[2020-04-09T16:26:48.154Z] 	at net.sourceforge.cobertura.javancss.parser.JavaParser.PostfixExpression(JavaParser.java:3330)
[2020-04-09T16:26:48.154Z] 	at net.sourceforge.cobertura.javancss.parser.JavaParser.UnaryExpressionNotPlusMinus(JavaParser.java:3237)
[2020-04-09T16:26:48.154Z] 	at net.sourceforge.cobertura.javancss.parser.JavaParser.UnaryExpression(JavaParser.java:3171)
[2020-04-09T16:26:48.154Z] 	at net.sourceforge.cobertura.javancss.parser.JavaParser.MultiplicativeExpression(JavaParser.java:3090)
[2020-04-09T16:26:48.154Z] 	at net.sourceforge.cobertura.javancss.parser.JavaParser.AdditiveExpression(JavaParser.java:3061)
[2020-04-09T16:26:48.154Z] 	at net.sourceforge.cobertura.javancss.parser.JavaParser.ShiftExpression(JavaParser.java:3027)
[2020-04-09T16:26:48.154Z] 	at net.sourceforge.cobertura.javancss.parser.JavaParser.RelationalExpression(JavaParser.java:2990)
[2020-04-09T16:26:48.154Z] 	at net.sourceforge.cobertura.javancss.parser.JavaParser.InstanceOfExpression(JavaParser.java:2977)
[2020-04-09T16:26:48.154Z] 	at net.sourceforge.cobertura.javancss.parser.JavaParser.AssigmentExpression(JavaParser.java:2959)
[2020-04-09T16:26:48.154Z] 	at net.sourceforge.cobertura.javancss.parser.JavaParser.EqualityExpression(JavaParser.java:2886)
[2020-04-09T16:26:48.154Z] 	at net.sourceforge.cobertura.javancss.parser.JavaParser.AndExpression(JavaParser.java:2860)
[2020-04-09T16:26:48.154Z] 	at net.sourceforge.cobertura.javancss.parser.JavaParser.ExclusiveOrExpression(JavaParser.java:2843)
[2020-04-09T16:26:48.154Z] 	at net.sourceforge.cobertura.javancss.parser.JavaParser.InclusiveOrExpression(JavaParser.java:2826)
[2020-04-09T16:26:48.154Z] 	at net.sourceforge.cobertura.javancss.parser.JavaParser.ConditionalAndExpression(JavaParser.java:2808)
[2020-04-09T16:26:48.154Z] 	at net.sourceforge.cobertura.javancss.parser.JavaParser.ConditionalOrExpression(JavaParser.java:2790)
[2020-04-09T16:26:48.154Z] 	at net.sourceforge.cobertura.javancss.parser.JavaParser.ConditionalExpression(JavaParser.java:2774)
[2020-04-09T16:26:48.154Z] 	at net.sourceforge.cobertura.javancss.parser.JavaParser.Expression(JavaParser.java:2718)
[2020-04-09T16:26:48.154Z] 	at net.sourceforge.cobertura.javancss.parser.JavaParser.VariableInitializer(JavaParser.java:1744)
[2020-04-09T16:26:48.154Z] 	at net.sourceforge.cobertura.javancss.parser.JavaParser.VariableDeclarator(JavaParser.java:1672)
[2020-04-09T16:26:48.154Z] 	at net.sourceforge.cobertura.javancss.parser.JavaParser.FieldDeclaration(JavaParser.java:1649)
[2020-04-09T16:26:48.154Z] 	at net.sourceforge.cobertura.javancss.parser.JavaParser.ClassBodyDeclaration(JavaParser.java:1071)
[2020-04-09T16:26:48.154Z] 	at net.sourceforge.cobertura.javancss.parser.JavaParser.ClassBody(JavaParser.java:898)
[2020-04-09T16:26:48.154Z] 	at net.sourceforge.cobertura.javancss.parser.JavaParser.UnmodifiedClassDeclaration(JavaParser.java:824)
[2020-04-09T16:26:48.154Z] 	at net.sourceforge.cobertura.javancss.parser.JavaParser.ClassDeclaration(JavaParser.java:728)
[2020-04-09T16:26:48.154Z] 	at net.sourceforge.cobertura.javancss.parser.JavaParser.TypeDeclaration(JavaParser.java:575)
[2020-04-09T16:26:48.154Z] 	at net.sourceforge.cobertura.javancss.parser.JavaParser.CompilationUnit(JavaParser.java:318)
[2020-04-09T16:26:48.154Z] 	at net.sourceforge.cobertura.javancss.parser.JavaParser.parse(JavaParser.java:100)
[2020-04-09T16:26:48.154Z] 	at net.sourceforge.cobertura.javancss.Javancss._measureSource(Javancss.java:192)
[2020-04-09T16:26:48.154Z] 	at net.sourceforge.cobertura.javancss.Javancss._measureRoot(Javancss.java:268)
[2020-04-09T16:26:48.154Z] 	at net.sourceforge.cobertura.javancss.Javancss.<init>(Javancss.java:347)
[2020-04-09T16:26:48.154Z] 	at net.sourceforge.cobertura.javancss.JavancssFactory.newInstance(JavancssFactory.java:40)
[2020-04-09T16:26:48.154Z] 	at net.sourceforge.cobertura.reporting.ComplexityCalculator.getFunctionMetricsForSingleFile(ComplexityCalculator.java:243)
[2020-04-09T16:26:48.154Z] 	at net.sourceforge.cobertura.reporting.ComplexityCalculator.getAccumlatedCCNForSingleFile(ComplexityCalculator.java:143)
[2020-04-09T16:26:48.154Z] 	at net.sourceforge.cobertura.reporting.ComplexityCalculator.getCCNForSourceFileNameInternal(ComplexityCalculator.java:273)
[2020-04-09T16:26:48.154Z] 	at net.sourceforge.cobertura.reporting.ComplexityCalculator.getCCNForPackageInternal(ComplexityCalculator.java:208)
[2020-04-09T16:26:48.155Z] 	at net.sourceforge.cobertura.reporting.ComplexityCalculator.getCCNForProject(ComplexityCalculator.java:174)
[2020-04-09T16:26:48.155Z] 	at net.sourceforge.cobertura.reporting.xml.XMLReport.<init>(XMLReport.java:70)
[2020-04-09T16:26:48.155Z] 	at net.sourceforge.cobertura.reporting.xml.XMLReportFormatStrategy.save(XMLReportFormatStrategy.java:18)
[2020-04-09T16:26:48.155Z] 	at net.sourceforge.cobertura.reporting.NativeReport.export(NativeReport.java:31)
[2020-04-09T16:26:48.155Z] 	at net.sourceforge.cobertura.reporting.CompositeReport.export(CompositeReport.java:19)
[2020-04-09T16:26:48.155Z] 	at net.sourceforge.cobertura.reporting.ReportMain.parseArgumentsAndReport(ReportMain.java:91)
[2020-04-09T16:26:48.155Z] 	at net.sourceforge.cobertura.reporting.ReportMain.generateReport(ReportMain.java:141)
[2020-04-09T16:26:48.155Z] 	at net.sourceforge.cobertura.reporting.ReportMain.main(ReportMain.java:151)
[2020-04-09T16:26:48.155Z] 
[2020-04-09T16:26:48.155Z] [INFO] Cobertura Report generation was successful.
[2020-04-09T16:26:48.155Z] [INFO] ------------------------------------------------------------------------
[2020-04-09T16:26:48.155Z] [INFO] BUILD SUCCESS
[2020-04-09T16:26:48.155Z] [INFO] ------------------------------------------------------------------------
[2020-04-09T16:26:48.155Z] [INFO] Total time:  27.833 s
[2020-04-09T16:26:48.155Z] [INFO] Finished at: 2020-04-09T21:56:48+05:30
[2020-04-09T16:26:48.155Z] [INFO] ------------------------------------------------------------------------
[2020-04-09T16:26:48.155Z] [INFO] [jenkins-event-spy] Generated /var/lib/jenkins/workspace/0.ApplicationGroovyPipeLine@tmp/withMavenc14be28f/maven-spy-20200409-215620-4097725637699714831733.log
[2020-04-09T16:26:48.214Z] [8mha:////4FFIDszJwmuUzqGsTYGdBLs+pPI4QHRDGUE4ks4u3MFfAAAAox+LCAAAAAAAAP9tjTESwiAURH/iWNhaegjSZGwcK1uGxhNggghh/idAJJUn8mreQTQzVm6xs2+b93zBOgY4UtDMKhwMxs4w7yZdFssUhqujzCxdWEcYySkmVBbUq9OCgpKCJVUNKw4bhZ2jaFAn2HIr77JxEnVzTqF8Bw616Ud4QMWLOcmQvjAH2N2mPhL+PH8FMPsEddt+au/fiSQUTb4AAAA=[0m[Pipeline] cobertura
[2020-04-09T16:26:48.230Z] [Cobertura] Publishing Cobertura coverage report...
[2020-04-09T16:26:48.230Z] 
[2020-04-09T16:26:48.891Z] [Cobertura] Publishing Cobertura coverage results...
[2020-04-09T16:26:48.891Z] 
[2020-04-09T16:26:48.902Z] [Cobertura] Cobertura coverage report found.
[2020-04-09T16:26:48.902Z] 
[2020-04-09T16:26:49.661Z] [8mha:////4KUdk4tIihl6znSa7YWyOd8QFoS1XbZJ5YXHCGYfPfLzAAAApB+LCAAAAAAAAP9tjTESwiAURH/iWNhaegjSZMbCsbJlaDwBJogQ5n8CRFJ5Iq/mHUQzY+UWO/u2ec8XrGOAIwXNrMLBYOwM827SZbFMYbg6yszShXWEkZxiQmVBvTotKCgpWFLVsOKwUdg5igZ1gi238i4bJ1E35xTKd+BQm36EB1S8mJMM6QtzgN1t6iPhz/NXALP3Cep2/6n2DfqIzSO+AAAA[0m[Pipeline] }
[2020-04-09T16:26:49.747Z] [withMaven] artifactsPublisher - Archive artifact pom.xml under com/edurekademo/tutorial/addressbook/2.0/addressbook-2.0.pom
[2020-04-09T16:26:49.785Z] [withMaven] junitPublisher - Archive test results for Maven artifact com.edurekademo.tutorial:addressbook:war:2.0 generated by maven-surefire-plugin:test (default-test): target/surefire-reports/*.xml
[2020-04-09T16:26:49.787Z] [withMaven] junitPublisher - Jenkins [8mha:////4H0kOZ2Mp7Jqx5CS7xHN1c8p5HimQU2Ed88buk40PMcuAAAAwR+LCAAAAAAAAP9djEsKwjAUAJ8VPYArEW9QbHYuFBeigj+KIB4g1JC+Nr6E5NXPNbyGbjyEx/EOKu6czcxq7i9oBA/dvNoHS0lmKVijkvnFKW+QytSy6o9uj9HVPSOIFtA0ijTna6hX3jC01oU8SmEkabFlj6SHZw+dv93k5+8MftQigLP7RJthmjO7MBDihCUmhaISKfQyTKzXYo/BGXkRy1m6WqRbsdwRcjxmlll+UMQh3phKI70B4ncifskAAAA=[0mJUnit Attachments Plugin not found, can't publish test attachments.Recording test results
[2020-04-09T16:26:49.910Z] [withMaven] Jenkins [8mha:////4A6k7nFBUgdTY5D74cEfX9bqXzv5XP8Hla+vtR3JaxPxAAAAvB+LCAAAAAAAAP9djMEJwjAUQL8VHUBv4gbF5uZBKR5EsFqKUBcIbUjThJ+QpNqu4Rp6cQjHcQeV3nyX907v8YaRszCvmtJpjAqNTisW7TvDrBIoM+3ZMr4/45t5BRAkMFYMua9SGDZWeZikNb1QoihyknsrkK9bC7O/3bb3bwY9gwCgNd+YethU3hu3IuQqpIhqhlKgWxQi0paTUjijaEcOu+yYZDk5UyfDvKCIzIYn1XCBHwby8vjEAAAA[0mTask Scanner Plugin not found, don't display results of source code scanning for 'TODO' and 'FIXME' in pipeline screen.
[2020-04-09T16:26:49.910Z] [withMaven] Publishers: Pipeline Graph Publisher: 12 ms, Generated Artifacts Publisher: 39 ms, Junit Publisher: 98 ms, Open Task Scanner Publisher: 1 ms
[2020-04-09T16:26:49.921Z] [8mha:////4BFsGrUA+vL0KhcI9eA9K80X7dZJhfvKK9PZ1ZWrQmYXAAAApR+LCAAAAAAAAP9tjTEOwjAQBC9BFLSUPOJSQIGEqNJabniBiY1xYt0Z2yGpeBFf4w8EIlGxxWpnm3m+YJkiHDlabA11jlLjMPjeTgsHjt3F84Atn7FhSuwNSjNI1qaeUXI2MKcoYSFgZajxnBzZDGvRqruqvCJbnXKcvoOA0ukbPKAQkzmrmL8wRthce52Yfp6/AhhDyFDu9p/avgGMr/9MvgAAAA==[0m[Pipeline] // withMaven
[2020-04-09T16:26:49.934Z] [8mha:////4JM22CNGDdfkWwys3y6vcT2Pqx4r3GLnENNx3h+LziroAAAApR+LCAAAAAAAAP9tjTEOwjAQBC9BFLSUPOIiIRqEqNJabniBiY1xYt0Z2yGpeBFf4w8EIlGxxWpnm3m+YJkiHDlabA11jlLjMPjeTgsHjt3F84Atn7FhSuwNSjNI1qaeUXI2MKcoYSFgZajxnBzZDGvRqruqvCJbnXKcvoOA0ukbPKAQkzmrmL8wRthce52Yfp6/AhhDyFDu9p/avgG/TKTwvgAAAA==[0m[Pipeline] }
[2020-04-09T16:26:49.949Z] [8mha:////4Pj0MhKQWF/QxI56pTf6Chwi8EJzZ8hDpsD9oNwvnkgBAAAApR+LCAAAAAAAAP9tjTEOwjAQBC9BFLSUPOICElQoFa3lhheYxBgn1l2wHZyKF/E1/oBFJCq2WO1sM683LIOHmr3BTlNvKTQWBzeavDCx76+OE3Z8wYYpsNModZLc6tOMkqOGOUUJCwErTY3jYMlEWItOPVTlFJnqHH3+jgJK297hCYXI5qh8/MLkYXMb28D08/wVwDQMEcrDNtd+9wF5R9XovgAAAA==[0m[Pipeline] // stage
[2020-04-09T16:26:49.965Z] [8mha:////4M8E/6SET4uVyKaIOIrpngcMbTOlmTKm9k8kJBIuH/OgAAAAph+LCAAAAAAAAP9tjTEOwjAQBM9BKWgpeYQjJKgQFa3lhheY2Bgn1l2wLyQVL+Jr/IFAJCq22llpNc8XlDnBgZKXjcM2YK6D7GLvpyYHSu0l0iAbOsuaMFN0UrtBk3XHGTWxgzmigIWCpcM6Ug7oGVaqMXdTRYO+OnGatr2CItgbPECoycwm8RfGBOtrbzPhz/NXAGPHILYMxW7zOZZvABM5bsEAAAA=[0m[Pipeline] stage
[2020-04-09T16:26:50.017Z] [8mha:////4CcQy1C8wSC4UD1mHxOxhqB9f6SQorFp3nSEbogr1btSAAAApx+LCAAAAAAAAP9tjTEOwjAUQ3+LOrAycohUIDEhpq5RFk4QmhDSRv+Xn5R24kRcjTvQUokJD5ZtyXqvNxSR4UTsRGOx9RhrL7rQuymJgbi9BhpEQxdRE0YKVig7KDK2WqqiZGFRlsNKwtpiHSh6dAk2stEPXQaNrjwnnrajhNybOzwhkxM5aU7fMjJsb72JhD/OXwCMXYL8sJttPz+LDwMT42zCAAAA[0m[Pipeline] { (Package)
[2020-04-09T16:26:50.034Z] [8mha:////4D9qOmmys3DU8Z2KEVEXlEAV3j4MHu4TZseSk6uXYaEEAAAApx+LCAAAAAAAAP9tjTEOwjAUQ3+LOrAycohUAjEhpq5RFk4QmhDSRv+Xn5R24kRcjTvQUokJD5ZtyXqvNxSR4UTsRGOx9RhrL7rQuymJgbi9BhpEQxdRE0YKVig7KDK2WqqiZGFRlsNKwtpiHSh6dAk2stEPXQaNrjwnnrajhNybOzwhkxM5aU7fMjJsb72JhD/OXwCMXYL8sJttPz+LD6emXT7CAAAA[0m[Pipeline] withMaven
[2020-04-09T16:26:50.035Z] [withMaven] Options: []
[2020-04-09T16:26:50.035Z] [withMaven] Available options: 
[2020-04-09T16:26:50.035Z] [withMaven] using JDK installation provided by the build agent
[2020-04-09T16:26:50.070Z] [withMaven] using Maven installation 'MyMaven'
[2020-04-09T16:26:50.100Z] [8mha:////4GVU14OAv1A6Lm2DxLLssoidHJFC7CH4RYmmUNKFRIE9AAAApx+LCAAAAAAAAP9tjTEOwjAUQ3+LOrAycoh0ACbE1DXKwglCE0La6P/yk9JOnIircQdaKjHhwbItWe/1hiIynIidaCy2HmPtRRd6NyUxELfXQINo6CJqwkjBCmUHRcZWS1WULCzKclhJWFusA0WPLsFGNvqhy6DRlefE03aUkHtzhydkciInzelbRobtrTeR8Mf5C4CxS5AfdrPt52fxAd9J1uLCAAAA[0m[Pipeline] {
[2020-04-09T16:26:50.119Z] [8mha:////4PfM9RMAHy1qwAhdzwN+uGO5mp0kChusmBwYnqEjHgntAAAAox+LCAAAAAAAAP9tjTEOwjAQBC9BFLSUPOLSkApR0VppeIFJjLFj3Tm2g1PxIr7GHwhEomKL1c4283zBOgY4ctBoFfWGYmvQu1HPCzOH/uo4o+ULtkyRncJG5YY7dVqw4aRgSVHCSsBGUes4GtIJtsLKu6ycJF2dU5i/g4DSdAM8oBCzOcmQvjAF2N3GLjL9PH8FMPkEZb3/VO3f4x1Rq74AAAA=[0m[Pipeline] sh
[2020-04-09T16:26:50.422Z] + mvn package
[2020-04-09T16:26:50.422Z] ----- withMaven Wrapper script -----
[2020-04-09T16:26:50.422Z] Picked up JAVA_TOOL_OPTIONS: -Dmaven.ext.class.path="/var/lib/jenkins/workspace/0.ApplicationGroovyPipeLine@tmp/withMavendf2c2780/pipeline-maven-spy.jar" -Dorg.jenkinsci.plugins.pipeline.maven.reportsFolder="/var/lib/jenkins/workspace/0.ApplicationGroovyPipeLine@tmp/withMavendf2c2780" 
[2020-04-09T16:26:51.001Z] Apache Maven 3.6.3 (cecedd343002696d0abb50b32b541b8a6ba2883f)
[2020-04-09T16:26:51.002Z] Maven home: /var/lib/jenkins/tools/hudson.tasks.Maven_MavenInstallation/MyMaven
[2020-04-09T16:26:51.002Z] Java version: 1.8.0_242, vendor: Oracle Corporation, runtime: /usr/lib/jvm/java-1.8.0-openjdk-1.8.0.242.b08-0.fc31.x86_64/jre
[2020-04-09T16:26:51.002Z] Default locale: en_US, platform encoding: UTF-8
[2020-04-09T16:26:51.002Z] OS name: "linux", version: "5.5.15-200.fc31.x86_64", arch: "amd64", family: "unix"
[2020-04-09T16:26:53.565Z] [INFO] [jenkins-event-spy] Generate /var/lib/jenkins/workspace/0.ApplicationGroovyPipeLine@tmp/withMavendf2c2780/maven-spy-20200409-215654-243330630738402688351.log.tmp ...
[2020-04-09T16:26:54.157Z] [INFO] Scanning for projects...
[2020-04-09T16:26:54.157Z] [WARNING] 
[2020-04-09T16:26:54.157Z] [WARNING] Some problems were encountered while building the effective model for com.edurekademo.tutorial:addressbook:war:2.0
[2020-04-09T16:26:54.157Z] [WARNING] Reporting configuration should be done in <reporting> section, not in maven-site-plugin <configuration> as reportPlugins parameter. @ line 298, column 40
[2020-04-09T16:26:54.157Z] [WARNING] 
[2020-04-09T16:26:54.157Z] [WARNING] It is highly recommended to fix these problems because they threaten the stability of your build.
[2020-04-09T16:26:54.157Z] [WARNING] 
[2020-04-09T16:26:54.157Z] [WARNING] For this reason, future Maven versions might no longer support building such malformed projects.
[2020-04-09T16:26:54.157Z] [WARNING] 
[2020-04-09T16:26:54.157Z] [INFO] 
[2020-04-09T16:26:54.157Z] [INFO] ----------------< com.edurekademo.tutorial:addressbook >----------------
[2020-04-09T16:26:54.157Z] [INFO] Building Vaadin Addressbook example 2.0
[2020-04-09T16:26:54.157Z] [INFO] --------------------------------[ war ]---------------------------------
[2020-04-09T16:26:55.575Z] [INFO] 
[2020-04-09T16:26:55.575Z] [INFO] --- maven-enforcer-plugin:1.0:enforce (enforce-versions) @ addressbook ---
[2020-04-09T16:26:56.168Z] [INFO] 
[2020-04-09T16:26:56.169Z] [INFO] --- maven-resources-plugin:2.6:resources (default-resources) @ addressbook ---
[2020-04-09T16:26:56.757Z] [INFO] Using 'UTF-8' encoding to copy filtered resources.
[2020-04-09T16:26:56.757Z] [INFO] skip non existing resourceDirectory /var/lib/jenkins/workspace/0.ApplicationGroovyPipeLine/src/main/resources
[2020-04-09T16:26:56.757Z] [INFO] 
[2020-04-09T16:26:56.757Z] [INFO] --- maven-compiler-plugin:3.2:compile (default-compile) @ addressbook ---
[2020-04-09T16:26:57.346Z] [INFO] Nothing to compile - all classes are up to date
[2020-04-09T16:26:57.346Z] [INFO] 
[2020-04-09T16:26:57.346Z] [INFO] --- maven-resources-plugin:2.6:testResources (default-testResources) @ addressbook ---
[2020-04-09T16:26:57.346Z] [INFO] Using 'UTF-8' encoding to copy filtered resources.
[2020-04-09T16:26:57.346Z] [INFO] Copying 1 resource
[2020-04-09T16:26:57.346Z] [INFO] 
[2020-04-09T16:26:57.346Z] [INFO] --- maven-compiler-plugin:3.2:testCompile (default-testCompile) @ addressbook ---
[2020-04-09T16:26:57.346Z] [INFO] Nothing to compile - all classes are up to date
[2020-04-09T16:26:57.346Z] [INFO] 
[2020-04-09T16:26:57.346Z] [INFO] --- maven-surefire-plugin:2.19.1:test (default-test) @ addressbook ---
[2020-04-09T16:26:58.301Z] 
[2020-04-09T16:26:58.301Z] -------------------------------------------------------
[2020-04-09T16:26:58.301Z]  T E S T S
[2020-04-09T16:26:58.301Z] -------------------------------------------------------
[2020-04-09T16:26:58.926Z] Picked up JAVA_TOOL_OPTIONS: -Dmaven.ext.class.path="/var/lib/jenkins/workspace/0.ApplicationGroovyPipeLine@tmp/withMavendf2c2780/pipeline-maven-spy.jar" -Dorg.jenkinsci.plugins.pipeline.maven.reportsFolder="/var/lib/jenkins/workspace/0.ApplicationGroovyPipeLine@tmp/withMavendf2c2780" 
[2020-04-09T16:26:59.881Z] Running com.edurekademo.utilities.TestHexAsciiConversion
[2020-04-09T16:26:59.881Z] testing ascii convertion into hexadecimal
[2020-04-09T16:26:59.881Z] 74657374696e6720617363696920636f6e76657274696f6e20696e746f2068657861646563696d616c
[2020-04-09T16:26:59.881Z] Tests run: 4, Failures: 0, Errors: 0, Skipped: 0, Time elapsed: 0.019 sec - in com.edurekademo.utilities.TestHexAsciiConversion
[2020-04-09T16:26:59.881Z] Running com.edurekademo.utilities.TestLogger
[2020-04-09T16:26:59.881Z] SLF4J: Class path contains multiple SLF4J bindings.
[2020-04-09T16:26:59.881Z] SLF4J: Found binding in [jar:file:/root/.m2/repository/org/slf4j/slf4j-simple/1.7.7/slf4j-simple-1.7.7.jar!/org/slf4j/impl/StaticLoggerBinder.class]
[2020-04-09T16:26:59.881Z] SLF4J: Found binding in [jar:file:/root/.m2/repository/org/slf4j/slf4j-log4j12/1.7.7/slf4j-log4j12-1.7.7.jar!/org/slf4j/impl/StaticLoggerBinder.class]
[2020-04-09T16:26:59.881Z] SLF4J: See http://www.slf4j.org/codes.html#multiple_bindings for an explanation.
[2020-04-09T16:26:59.881Z] SLF4J: Actual binding is of type [org.slf4j.impl.SimpleLoggerFactory]
[2020-04-09T16:26:59.881Z] [pool-1-thread-5] INFO com.edurekademo.utilities.TestLogger - java.lang.ArithmeticException: / by zero
[2020-04-09T16:26:59.881Z] Cause:at com.edurekademo.utilities.TestLogger.testGetErrorMessage2(TestLogger.java:30)
[2020-04-09T16:26:59.881Z] Cause:at sun.reflect.NativeMethodAccessorImpl.invoke0(Native Method)
[2020-04-09T16:26:59.881Z] [pool-1-thread-6] INFO com.edurekademo.utilities.TestLogger - java.lang.ArithmeticException: / by zero
[2020-04-09T16:26:59.881Z] Cause:at com.edurekademo.utilities.ExceptionThrower.getCounter(ExceptionThrower.java:13)
[2020-04-09T16:26:59.881Z] Cause:at com.edurekademo.utilities.TestLogger.testGetErrorMessage3(TestLogger.java:45)
[2020-04-09T16:26:59.881Z] [pool-1-thread-7] INFO com.edurekademo.utilities.TestLogger - java.io.IOException: TESTIOEXCEPTION
[2020-04-09T16:26:59.881Z] Cause:at com.edurekademo.utilities.ExceptionThrower.doNothing(ExceptionThrower.java:18)
[2020-04-09T16:26:59.881Z] Cause:at com.edurekademo.utilities.TestLogger.testGetErrorMessage4(TestLogger.java:60)
[2020-04-09T16:26:59.882Z] [pool-1-thread-8] ERROR com.edurekademo.utilities.ExceptionThrower - java.lang.Exception: DEAR
[2020-04-09T16:26:59.882Z] Cause:at com.edurekademo.utilities.ExceptionThrower.doYYY(ExceptionThrower.java:35)
[2020-04-09T16:26:59.882Z] Cause:at com.edurekademo.utilities.ExceptionThrower.doXXX(ExceptionThrower.java:23)
[2020-04-09T16:26:59.882Z] [pool-1-thread-8] INFO com.edurekademo.utilities.TestLogger - java.lang.Exception: TEST MESSAGE
[2020-04-09T16:26:59.882Z] Cause:at com.edurekademo.utilities.ExceptionThrower.doCheck(ExceptionThrower.java:43)
[2020-04-09T16:26:59.882Z] Cause:at com.edurekademo.utilities.TestLogger.testGetErrorMessage5(TestLogger.java:75)
[2020-04-09T16:26:59.882Z] ***** java.lang.Exception: TEST MESSAGE
[2020-04-09T16:26:59.882Z] Cause:at com.edurekademo.utilities.ExceptionThrower.doCheck(ExceptionThrower.java:43)
[2020-04-09T16:26:59.882Z] Cause:at com.edurekademo.utilities.TestLogger.testGetErrorMessage5(TestLogger.java:75)
[2020-04-09T16:26:59.882Z] [pool-1-thread-9] INFO com.edurekademo.utilities.TestLogger - java.lang.ArithmeticException: / by zero
[2020-04-09T16:26:59.882Z] Cause:at com.edurekademo.utilities.TestLogger.testGetErrorMessage1(TestLogger.java:14)
[2020-04-09T16:26:59.882Z] Cause:at sun.reflect.NativeMethodAccessorImpl.invoke0(Native Method)
[2020-04-09T16:26:59.882Z] Tests run: 5, Failures: 0, Errors: 0, Skipped: 0, Time elapsed: 0.129 sec - in com.edurekademo.utilities.TestLogger
[2020-04-09T16:26:59.882Z] Running com.edurekademo.utilities.TestGenericComparator
[2020-04-09T16:27:00.154Z] Tests run: 14, Failures: 0, Errors: 0, Skipped: 0, Time elapsed: 0.125 sec - in com.edurekademo.utilities.TestGenericComparator
[2020-04-09T16:27:00.434Z] 
[2020-04-09T16:27:00.434Z] Results :
[2020-04-09T16:27:00.434Z] 
[2020-04-09T16:27:00.434Z] Tests run: 23, Failures: 0, Errors: 0, Skipped: 0
[2020-04-09T16:27:00.434Z] 
[2020-04-09T16:27:00.434Z] [INFO] 
[2020-04-09T16:27:00.434Z] [INFO] --- maven-war-plugin:2.2:war (default-war) @ addressbook ---
[2020-04-09T16:27:01.441Z] [INFO] Packaging webapp
[2020-04-09T16:27:01.441Z] [INFO] Assembling webapp [addressbook] in [/var/lib/jenkins/workspace/0.ApplicationGroovyPipeLine/target/addressbook]
[2020-04-09T16:27:01.441Z] [INFO] Processing war project
[2020-04-09T16:27:02.034Z] [INFO] Webapp assembled in [573 msecs]
[2020-04-09T16:27:02.034Z] [INFO] Building war: /var/lib/jenkins/workspace/0.ApplicationGroovyPipeLine/target/addressbook.war
[2020-04-09T16:27:03.438Z] [INFO] ------------------------------------------------------------------------
[2020-04-09T16:27:03.438Z] [INFO] BUILD SUCCESS
[2020-04-09T16:27:03.438Z] [INFO] ------------------------------------------------------------------------
[2020-04-09T16:27:03.438Z] [INFO] Total time:  9.417 s
[2020-04-09T16:27:03.438Z] [INFO] Finished at: 2020-04-09T21:57:03+05:30
[2020-04-09T16:27:03.438Z] [INFO] ------------------------------------------------------------------------
[2020-04-09T16:27:03.438Z] [INFO] [jenkins-event-spy] Generated /var/lib/jenkins/workspace/0.ApplicationGroovyPipeLine@tmp/withMavendf2c2780/maven-spy-20200409-215654-243330630738402688351.log
[2020-04-09T16:27:03.507Z] [8mha:////4HqxZ74PjUgJ8y0RpQrVD7wQTN4ty7IGcKukDDOJGW5kAAAApB+LCAAAAAAAAP9tjTEOwjAQBC9BFLSUPOLSAA2iSmu54QUmNsaJdWdsh6TiRXyNPxCIRMUWq51t5vmCZYpw5GixNdQ5So3D4Hs7LRw4dhfPA7Z8xoYpsTcozSBZm3pGydnAnKKEhYCVocZzcmQzrEWr7qryimx1ynH6DgJKp2/wgEJM5qxi/sIYYXPtdWL6ef4KYAwhQ7nbf2r7Bqph/Ve+AAAA[0m[Pipeline] }
[2020-04-09T16:27:03.599Z] [withMaven] artifactsPublisher - Archive artifact pom.xml under com/edurekademo/tutorial/addressbook/2.0/addressbook-2.0.pom
[2020-04-09T16:27:03.605Z] [withMaven] artifactsPublisher - Archive artifact target/addressbook.war under com/edurekademo/tutorial/addressbook/2.0/addressbook-2.0.war
[2020-04-09T16:27:08.350Z] [withMaven] junitPublisher - Archive test results for Maven artifact com.edurekademo.tutorial:addressbook:war:2.0 generated by maven-surefire-plugin:test (default-test): target/surefire-reports/*.xml
[2020-04-09T16:27:08.352Z] [withMaven] junitPublisher - Jenkins [8mha:////4H0kOZ2Mp7Jqx5CS7xHN1c8p5HimQU2Ed88buk40PMcuAAAAwR+LCAAAAAAAAP9djEsKwjAUAJ8VPYArEW9QbHYuFBeigj+KIB4g1JC+Nr6E5NXPNbyGbjyEx/EOKu6czcxq7i9oBA/dvNoHS0lmKVijkvnFKW+QytSy6o9uj9HVPSOIFtA0ijTna6hX3jC01oU8SmEkabFlj6SHZw+dv93k5+8MftQigLP7RJthmjO7MBDihCUmhaISKfQyTKzXYo/BGXkRy1m6WqRbsdwRcjxmlll+UMQh3phKI70B4ncifskAAAA=[0mJUnit Attachments Plugin not found, can't publish test attachments.Recording test results
[2020-04-09T16:27:08.521Z] [withMaven] Jenkins [8mha:////4A6k7nFBUgdTY5D74cEfX9bqXzv5XP8Hla+vtR3JaxPxAAAAvB+LCAAAAAAAAP9djMEJwjAUQL8VHUBv4gbF5uZBKR5EsFqKUBcIbUjThJ+QpNqu4Rp6cQjHcQeV3nyX907v8YaRszCvmtJpjAqNTisW7TvDrBIoM+3ZMr4/45t5BRAkMFYMua9SGDZWeZikNb1QoihyknsrkK9bC7O/3bb3bwY9gwCgNd+YethU3hu3IuQqpIhqhlKgWxQi0paTUjijaEcOu+yYZDk5UyfDvKCIzIYn1XCBHwby8vjEAAAA[0mTask Scanner Plugin not found, don't display results of source code scanning for 'TODO' and 'FIXME' in pipeline screen.
[2020-04-09T16:27:08.522Z] [withMaven] Publishers: Pipeline Graph Publisher: 17 ms, Generated Artifacts Publisher: 4747 ms, Junit Publisher: 136 ms, Open Task Scanner Publisher: 2 ms
[2020-04-09T16:27:08.537Z] [8mha:////4NxsTBNhRtzFdldNDv80iyL1TdqjcHprS7zXi2tusF60AAAApR+LCAAAAAAAAP9tjTEOwjAQBC9BFLSUPOJSIESBqNJabniBiY1xYt0Z2yGpeBFf4w8EIlGxxWpnm3m+YJkiHDlabA11jlLjMPjeTgsHjt3F84Atn7FhSuwNSjNI1qaeUXI2MKcoYSFgZajxnBzZDGvRqruqvCJbnXKcvoOA0ukbPKAQkzmrmL8wRthce52Yfp6/AhhDyFDu9p/avgGsJ8UCvgAAAA==[0m[Pipeline] // withMaven
[2020-04-09T16:27:08.549Z] [8mha:////4DIPVX1/LXCK8A/AQ3ZRr4gZMZxqlgsqaALXM7Flazt6AAAApR+LCAAAAAAAAP9tjTEOwjAQBC9BFLSUPOIiISEhIaq0lhteYGJjnFh3xnZIKl7E1/gDgUhUbLHa2WaeL1imCEeOFltDnaPUOAy+t9PCgWN38Txgy2dsmBJ7g9IMkrWpZ5ScDcwpSlgIWBlqPCdHNsNatOquKq/IVqccp+8goHT6Bg8oxGTOKuYvjBE2114npp/nrwDGEDKUu/2ntm/vpZSEvgAAAA==[0m[Pipeline] }
[2020-04-09T16:27:08.564Z] [8mha:////4GLgfQQAbqvuCmKi54MJppVt6ivtlhiyUMxwWoXW5QgeAAAApR+LCAAAAAAAAP9tjTEOwjAQBC9BFLSUPOIiCgqEqNJabniBiY1xYt0Z2yGpeBFf4w8EIlGxxWpnm3m+YJkiHDlabA11jlLjMPjeTgsHjt3F84Atn7FhSuwNSjNI1qaeUXI2MKcoYSFgZajxnBzZDGvRqruqvCJbnXKcvoOA0ukbPKAQkzmrmL8wRthce52Yfp6/AhhDyFDu9p/avgHwJ8HWvgAAAA==[0m[Pipeline] // stage
[2020-04-09T16:27:08.759Z] [8mha:////4HxvV11lXLZjelMu1ggkCm+uOFDbIggUAxF0+YjC3GL7AAAAph+LCAAAAAAAAP9tjTEOwjAQBM9BKWgpeYRDgWgQFa3lhheY2Bgn1l2wLyQVL+Jr/IFAJCq22llpNc8XlDnBgZKXjcM2YK6D7GLvpyYHSu0l0iAbOsuaMFN0UrtBk3XHGTWxgzmigIWCpcM6Ug7oGVaqMXdTRYO+OnGatr2CItgbPECoycwm8RfGBOtrbzPhz/NXAGPHILYMxW7zOZZvONqNlMEAAAA=[0m[Pipeline] stage
[2020-04-09T16:27:08.787Z] [8mha:////4Ar5H1PSqPerAf84UUJ5Y7TFC9h1sNKeYWb0YSm/QUYLAAAApx+LCAAAAAAAAP9tjTEOwjAUQ3+LOrAycogUFhbE1DXKwglCE0La6P/yk9JOnIircQdaKjHhwbItWe/1hiIynIidaCy2HmPtRRd6NyUxELfXQINo6CJqwkjBCmUHRcZWS1WULCzKclhJWFusA0WPLsFGNvqhy6DRlefE03aUkHtzhydkciInzelbRobtrTeR8Mf5C4CxS5AfdrPt52fxAQB2j23CAAAA[0m[Pipeline] { (Docker Image Build)
[2020-04-09T16:27:08.815Z] [8mha:////4CIDgIdMSr8YkhCDA3oqzWeZ+dnHpguEHTHFXKwuirEiAAAApB+LCAAAAAAAAP9tjTEOwjAQBC9BFLSUPOIiKGgQVVrLDS8wsTFOrDtjOyQVL+Jr/IFAJCq2WO1sM88XLFOEI0eLraHOUWocBt/baeHAsbt4HrDlMzZMib1BaQbJ2tQzSs4G5hQlLASsDDWekyObYS1adVeVV2SrU47TdxBQOn2DBxRiMmcV8xfGCJtrrxPTz/NXAGPIUO63n9qFNzkd4Tq+AAAA[0m[Pipeline] writeFile
[2020-04-09T16:27:08.859Z] [8mha:////4NhCbsVNthD4wWYTA+fcGN+rV+ZGR/rVEOkclnYZz9RYAAAApR+LCAAAAAAAAP9tjTEOwjAQBC9BFLSUPOIihESDqNJabniBiY1xYt0Z2yGpeBFf4w8EIlGxxWpnm3m+YJkiHDlabA11jlLjMPjeTgsHjt3F84Atn7FhSuwNSjNI1qaeUXI2MKcoYSFgZajxnBzZDGvRqruqvCJbnXKcvoOA0ukbPKAQkzmrmL8wRthce52Yfp6/AhhDhnK//dQuvAF4LPojvgAAAA==[0m[Pipeline] sh
[2020-04-09T16:27:09.179Z] + cp /var/lib/jenkins/workspace/0.ApplicationGroovyPipeLine/target/addressbook.war .
[2020-04-09T16:27:09.179Z] + sudo docker build . -t rrahul4/addressbook:8
[2020-04-09T16:27:14.618Z] Sending build context to Docker daemon  51.83MB
[2020-04-09T16:27:14.618Z] Step 1/4 : FROM tomcat
[2020-04-09T16:27:14.618Z]  ---> e36064f7c6f0
[2020-04-09T16:27:14.618Z] Step 2/4 : Maintainer Rahulkumar Rakhonde
[2020-04-09T16:27:14.618Z]  ---> Using cache
[2020-04-09T16:27:14.618Z]  ---> 650808ed0fda
[2020-04-09T16:27:14.618Z] Step 3/4 : ADD addressbook.war  /usr/local/tomcat/webapps/
[2020-04-09T16:27:20.086Z]  ---> a4ad9bd5e1fa
[2020-04-09T16:27:20.086Z] Step 4/4 : CMD "catalina.sh" "run"
[2020-04-09T16:27:20.086Z]  ---> Running in 2ca1a2df119a
[2020-04-09T16:27:20.086Z] Removing intermediate container 2ca1a2df119a
[2020-04-09T16:27:20.086Z]  ---> 1bf1fed49bd2
[2020-04-09T16:27:20.086Z] Successfully built 1bf1fed49bd2
[2020-04-09T16:27:20.086Z] Successfully tagged rrahul4/addressbook:8
[2020-04-09T16:27:20.086Z] + sudo docker push rrahul4/addressbook:8
[2020-04-09T16:27:20.372Z] The push refers to repository [docker.io/rrahul4/addressbook]
[2020-04-09T16:27:22.336Z] 090658a7fd09: Preparing
[2020-04-09T16:27:22.336Z] 7361d0bafa8b: Preparing
[2020-04-09T16:27:22.336Z] 07845babec19: Preparing
[2020-04-09T16:27:22.336Z] 81349fc07565: Preparing
[2020-04-09T16:27:22.336Z] 892007193bb6: Preparing
[2020-04-09T16:27:22.336Z] e811ee12aa10: Preparing
[2020-04-09T16:27:22.336Z] 23f8d486123a: Preparing
[2020-04-09T16:27:22.336Z] afae6f50abb9: Preparing
[2020-04-09T16:27:22.336Z] 136a15f81f25: Preparing
[2020-04-09T16:27:22.336Z] 185574602537: Preparing
[2020-04-09T16:27:22.336Z] 24efcd549ab5: Preparing
[2020-04-09T16:27:22.336Z] e811ee12aa10: Waiting
[2020-04-09T16:27:22.336Z] 23f8d486123a: Waiting
[2020-04-09T16:27:22.336Z] afae6f50abb9: Waiting
[2020-04-09T16:27:22.336Z] 136a15f81f25: Waiting
[2020-04-09T16:27:22.336Z] 185574602537: Waiting
[2020-04-09T16:27:22.336Z] 24efcd549ab5: Waiting
[2020-04-09T16:27:27.732Z] 090658a7fd09: Retrying in 5 seconds
[2020-04-09T16:27:28.018Z] 090658a7fd09: Retrying in 4 seconds
[2020-04-09T16:27:29.021Z] 090658a7fd09: Retrying in 3 seconds
[2020-04-09T16:27:29.983Z] 090658a7fd09: Retrying in 2 seconds
[2020-04-09T16:27:31.005Z] 090658a7fd09: Retrying in 1 second
[2020-04-09T16:27:49.352Z] 81349fc07565: Layer already exists
[2020-04-09T16:27:49.352Z] 7361d0bafa8b: Layer already exists
[2020-04-09T16:27:49.352Z] 07845babec19: Mounted from library/tomcat
[2020-04-09T16:27:49.352Z] 892007193bb6: Layer already exists
[2020-04-09T16:27:56.024Z] afae6f50abb9: Layer already exists
[2020-04-09T16:27:56.024Z] e811ee12aa10: Layer already exists
[2020-04-09T16:27:56.024Z] 23f8d486123a: Layer already exists
[2020-04-09T16:27:56.024Z] 136a15f81f25: Layer already exists
[2020-04-09T16:27:58.024Z] 24efcd549ab5: Layer already exists
[2020-04-09T16:27:58.024Z] 185574602537: Layer already exists
[2020-04-09T16:28:03.523Z] 090658a7fd09: Pushed
[2020-04-09T16:28:13.842Z] 8: digest: sha256:fe716626e646f614f4b6aa2ae552b0b45a10dfafba9dea855b3ad59fe0adfc2c size: 2633
[2020-04-09T16:28:13.868Z] [8mha:////4G18ICI2PqgR87bVJP3KlMRkep0VNo9iEjzsJ6CQisBPAAAApR+LCAAAAAAAAP9tjTEOwjAQBC9BFLSUPOIiJESDqNJabniBiY1xYt0Z2yGpeBFf4w8EIlGxxWpnm3m+YJkiHDlabA11jlLjMPjeTgsHjt3F84Atn7FhSuwNSjNI1qaeUXI2MKcoYSFgZajxnBzZDGvRqruqvCJbnXKcvoOA0ukbPKAQkzmrmL8wRthce52Yfp6/AhhDyFDud5/avgFwfZpwvgAAAA==[0m[Pipeline] }
[2020-04-09T16:28:13.880Z] [8mha:////4EzNuFlOZ6tT7qkVwFRLxIexuW0tceFDaTsqmGsBdfDEAAAApB+LCAAAAAAAAP9tjTEOwjAQBC9BFLSUPOJCAw2iSmu54QUmNsaJdWdsh6TiRXyNPxCIRMUWq51t5vmCZYpw5GixNdQ5So3D4Hs7LRw4dhfPA7Z8xoYpsTcozSBZm3pGydnAnKKEhYCVocZzcmQzrEWr7qryimx1ynH6DgJKp2/wgEJM5qxi/sIYYXPtdWL6ef4KYAwhQ7nffWr7BkOewcy+AAAA[0m[Pipeline] // stage
[2020-04-09T16:28:13.893Z] [8mha:////4IsWNlVdptJTDrxFc8kEYZfKxINqXFDoMAQC7L9l4vFGAAAAox+LCAAAAAAAAP9tjTESgjAQRT84FraWHiI0Do1jZZuh8QQRYgxkdjFZhMoTeTXvICMzVv7qv9e81xvrFHHk6FRrqfOUaq/6MLj5qZFjdw08qpYvqmZKHKyq7FhxY08LViwWy7IcK42NpTpw8uQEW92ahymCIVecJc7uoJH75o4nMj2XxUT5whSxuw1NYvp1/gYw9b0gL0tBtv8Ane4AQL0AAAA=[0m[Pipeline] }
[2020-04-09T16:28:13.915Z] [8mha:////4I5pazItRRcWBDf+ysav0t/ZDAuD4vMRmlPxSbFchz3/AAAApB+LCAAAAAAAAP9tjTEOwjAQBDdBFLSUPMIpkKBAVLRWGl5gEmOcWHfBvpBUvIiv8QciIlGx1c4083pjmSKOHJ1qLLWeUuVVF3o3PTVwbK+BB9XwRVVMiYNVpR1Kru1pxpLFYl6WY6GxslQFTp6cYK0b8zBFMOSKs8TJHTRyX9/xRKanspgoXxgjNre+Tky/zt8Axq4T5Lu9INt+AI5SBOO9AAAA[0m[Pipeline] // node
[2020-04-09T16:28:13.929Z] [8mha:////4OaRXF0RelQm7ifwtrLedXdHwx33Qt8BLcH4lD4FgCrMAAAApB+LCAAAAAAAAP9tjTEOwjAQBDdBFLSUPMKRKBASoqK10vACkxjjxLoL9oWk4kV8jT8QEYmKrXammdcbyxRx5OhUY6n1lCqvutC76amBY3sNPKiGL6piShysKu1Qcm1PM5YsFvOyHAuNlaUqcPLkBGvdmIcpgiFXnCVO7qCR+/qOJzI9lcVE+cIYsbn1dWL6df4GMHadIN/tBdn2A8n1Uxa9AAAA[0m[Pipeline] End of Pipeline
[2020-04-09T16:28:14.210Z] Finished: SUCCESS
