Started by upstream project "[8mha:////4L6ZpHCd28Iz+iAtiEQDh2KYWLsUecrCJYCcsFjvLAeyAAAApR+LCAAAAAAAAP9b85aBtbiIQTGjNKU4P08vOT+vOD8nVc83PyU1x6OyILUoJzMv2y+/JJUBAhiZGBgqihhk0NSjKDWzXb3RdlLBUSYGJk8GtpzUvPSSDB8G5tKinBIGIZ+sxLJE/ZzEvHT94JKizLx0a6BxUmjGOUNodHsLgAzhEgZJ/az8JH0jPceCgpzM5MSSzPy8oNSyzNRyfQDtm1SAzgAAAA==[0m2.ApplicationReview" build number [8mha:////4F5Wv/2rRH2lrQRQnLfvj9Z16wqhoX9k6y0IKYQPDDsaAAAApR+LCAAAAAAAAP9b85aBtbiIQTGjNKU4P08vOT+vOD8nVc83PyU1x6OyILUoJzMv2y+/JJUBAhiZGBgqihhk0NSjKDWzXb3RdlLBUSYGJk8GtpzUvPSSDB8G5tKinBIGIZ+sxLJE/ZzEvHT94JKizLx0a6BxUmjGOUNodHsLQIwSBin9rPwkfSM9x4KCnMzkxJLM/Lyg1LLM1HJ9QwA48l7mzwAAAA==[0m1
originally caused by:
 Started by upstream project "[8mha:////4PmpKaD9+yQouXuLB3GwTnQnkisHrqi34LMJbczvEU46AAAAph+LCAAAAAAAAP9b85aBtbiIQTGjNKU4P08vOT+vOD8nVc83PyU1x6OyILUoJzMv2y+/JJUBAhiZGBgqihhk0NSjKDWzXb3RdlLBUSYGJk8GtpzUvPSSDB8G5tKinBIGIZ+sxLJE/ZzEvHT94JKizLx0a6BxUmjGOUNodHsLgAyREgYp/az8JH1DPceCgpzM5MSSzPw85/zcgsycVH0AZCPzms8AAAA=[0m1.ApplicationCompile" build number [8mha:////4N1jJgVYWrL2Wd3OTsu6TswPRxdbXXY9J4L27GySreekAAAAph+LCAAAAAAAAP9b85aBtbiIQTGjNKU4P08vOT+vOD8nVc83PyU1x6OyILUoJzMv2y+/JJUBAhiZGBgqihhk0NSjKDWzXb3RdlLBUSYGJk8GtpzUvPSSDB8G5tKinBIGIZ+sxLJE/ZzEvHT94JKizLx0a6BxUmjGOUNodHsLQIwSBmn9rPwkfUM9x4KCnMzkxJLM/Dzn/NyCzJxUfUMATYIqE9AAAAA=[0m1
 originally caused by:
  Started by user [8mha:////4IMMv8T2XIKwgqbrGOhOzF4+E7SeVBm4zoNrNbmggpHXAAAAlx+LCAAAAAAAAP9b85aBtbiIQTGjNKU4P08vOT+vOD8nVc83PyU1x6OyILUoJzMv2y+/JJUBAhiZGBgqihhk0NSjKDWzXb3RdlLBUSYGJk8GtpzUvPSSDB8G5tKinBIGIZ+sxLJE/ZzEvHT94JKizLx0a6BxUmjGOUNodHsLgAzWEgZu/dLi1CL9xJTczDwAj6GcLcAAAAA=[0madmin
Running as SYSTEM
Building on master in workspace /var/lib/jenkins/workspace/3.ApplicationTest
No credentials specified
Cloning the remote Git repository
Cloning repository https://github.com/rrahul4/DevOpsClassCodes
 > git init /var/lib/jenkins/workspace/3.ApplicationTest # timeout=10
Fetching upstream changes from https://github.com/rrahul4/DevOpsClassCodes
 > git --version # timeout=10
 > git fetch --tags --progress -- https://github.com/rrahul4/DevOpsClassCodes +refs/heads/*:refs/remotes/origin/* # timeout=10
 > git config remote.origin.url https://github.com/rrahul4/DevOpsClassCodes # timeout=10
 > git config --add remote.origin.fetch +refs/heads/*:refs/remotes/origin/* # timeout=10
 > git config remote.origin.url https://github.com/rrahul4/DevOpsClassCodes # timeout=10
Fetching upstream changes from https://github.com/rrahul4/DevOpsClassCodes
 > git fetch --tags --progress -- https://github.com/rrahul4/DevOpsClassCodes +refs/heads/*:refs/remotes/origin/* # timeout=10
 > git rev-parse refs/remotes/origin/master^{commit} # timeout=10
 > git rev-parse refs/remotes/origin/origin/master^{commit} # timeout=10
Checking out Revision a29c7ecd9516bcd0a0768fa6befad1bb5dc2dc76 (refs/remotes/origin/master)
 > git config core.sparsecheckout # timeout=10
 > git checkout -f a29c7ecd9516bcd0a0768fa6befad1bb5dc2dc76 # timeout=10
Commit message: "Fixing Groovy Script"
First time build. Skipping changelog.
[3.ApplicationTest] $ /var/lib/jenkins/tools/hudson.tasks.Maven_MavenInstallation/MyMaven/bin/mvn test
[INFO] Scanning for projects...
[8mha:////4IqbBJIFef61nTBanMGKDvKUzUc/OIsuqkiuZJWRh9nsAAAAYx+LCAAAAAAAAP9b85aBtbiIQSWjNKU4P0+vJLE4u1gvPjexLDVPzxdEhicW5WXmpfvll6S2fNly5fzGzauYGBgqihikoFqS8/OK83NS9ZwhNEghAwQwghQWAACwxA+XYgAAAA==[0m[WARNING] 
[8mha:////4IqbBJIFef61nTBanMGKDvKUzUc/OIsuqkiuZJWRh9nsAAAAYx+LCAAAAAAAAP9b85aBtbiIQSWjNKU4P0+vJLE4u1gvPjexLDVPzxdEhicW5WXmpfvll6S2fNly5fzGzauYGBgqihikoFqS8/OK83NS9ZwhNEghAwQwghQWAACwxA+XYgAAAA==[0m[WARNING] Some problems were encountered while building the effective model for com.edurekademo.tutorial:addressbook:war:2.0
[8mha:////4IqbBJIFef61nTBanMGKDvKUzUc/OIsuqkiuZJWRh9nsAAAAYx+LCAAAAAAAAP9b85aBtbiIQSWjNKU4P0+vJLE4u1gvPjexLDVPzxdEhicW5WXmpfvll6S2fNly5fzGzauYGBgqihikoFqS8/OK83NS9ZwhNEghAwQwghQWAACwxA+XYgAAAA==[0m[WARNING] Reporting configuration should be done in <reporting> section, not in maven-site-plugin <configuration> as reportPlugins parameter. @ line 298, column 40
[8mha:////4IqbBJIFef61nTBanMGKDvKUzUc/OIsuqkiuZJWRh9nsAAAAYx+LCAAAAAAAAP9b85aBtbiIQSWjNKU4P0+vJLE4u1gvPjexLDVPzxdEhicW5WXmpfvll6S2fNly5fzGzauYGBgqihikoFqS8/OK83NS9ZwhNEghAwQwghQWAACwxA+XYgAAAA==[0m[WARNING] 
[8mha:////4IqbBJIFef61nTBanMGKDvKUzUc/OIsuqkiuZJWRh9nsAAAAYx+LCAAAAAAAAP9b85aBtbiIQSWjNKU4P0+vJLE4u1gvPjexLDVPzxdEhicW5WXmpfvll6S2fNly5fzGzauYGBgqihikoFqS8/OK83NS9ZwhNEghAwQwghQWAACwxA+XYgAAAA==[0m[WARNING] It is highly recommended to fix these problems because they threaten the stability of your build.
[8mha:////4IqbBJIFef61nTBanMGKDvKUzUc/OIsuqkiuZJWRh9nsAAAAYx+LCAAAAAAAAP9b85aBtbiIQSWjNKU4P0+vJLE4u1gvPjexLDVPzxdEhicW5WXmpfvll6S2fNly5fzGzauYGBgqihikoFqS8/OK83NS9ZwhNEghAwQwghQWAACwxA+XYgAAAA==[0m[WARNING] 
[8mha:////4IqbBJIFef61nTBanMGKDvKUzUc/OIsuqkiuZJWRh9nsAAAAYx+LCAAAAAAAAP9b85aBtbiIQSWjNKU4P0+vJLE4u1gvPjexLDVPzxdEhicW5WXmpfvll6S2fNly5fzGzauYGBgqihikoFqS8/OK83NS9ZwhNEghAwQwghQWAACwxA+XYgAAAA==[0m[WARNING] For this reason, future Maven versions might no longer support building such malformed projects.
[8mha:////4IqbBJIFef61nTBanMGKDvKUzUc/OIsuqkiuZJWRh9nsAAAAYx+LCAAAAAAAAP9b85aBtbiIQSWjNKU4P0+vJLE4u1gvPjexLDVPzxdEhicW5WXmpfvll6S2fNly5fzGzauYGBgqihikoFqS8/OK83NS9ZwhNEghAwQwghQWAACwxA+XYgAAAA==[0m[WARNING] 
[INFO] 
[INFO] ----------------< com.edurekademo.tutorial:addressbook >----------------
[INFO] Building Vaadin Addressbook example 2.0
[INFO] --------------------------------[ war ]---------------------------------
[INFO] 
[8mha:////4Lc+mvqrKhnM9YNVwOOflZDVUMspBVdEZTpv8ygJsN6lAAAAYB+LCAAAAAAAAP9b85aBtbiIQSmjNKU4P0+vJLE4u1gvPjexLDVPzxdEGvvmZ+X75ZekLlOVfvTjc8FPJgaGiiIGKaiG5Py84vycVD1nCA1SyAABjCCFBQCV27OjYAAAAA==[0m[INFO] --- maven-enforcer-plugin:1.0:enforce (enforce-versions) @ addressbook ---
[INFO] 
[8mha:////4Lc+mvqrKhnM9YNVwOOflZDVUMspBVdEZTpv8ygJsN6lAAAAYB+LCAAAAAAAAP9b85aBtbiIQSmjNKU4P0+vJLE4u1gvPjexLDVPzxdEGvvmZ+X75ZekLlOVfvTjc8FPJgaGiiIGKaiG5Py84vycVD1nCA1SyAABjCCFBQCV27OjYAAAAA==[0m[INFO] --- maven-resources-plugin:2.6:resources (default-resources) @ addressbook ---
[INFO] Using 'UTF-8' encoding to copy filtered resources.
[INFO] skip non existing resourceDirectory /var/lib/jenkins/workspace/3.ApplicationTest/src/main/resources
[INFO] 
[8mha:////4Lc+mvqrKhnM9YNVwOOflZDVUMspBVdEZTpv8ygJsN6lAAAAYB+LCAAAAAAAAP9b85aBtbiIQSmjNKU4P0+vJLE4u1gvPjexLDVPzxdEGvvmZ+X75ZekLlOVfvTjc8FPJgaGiiIGKaiG5Py84vycVD1nCA1SyAABjCCFBQCV27OjYAAAAA==[0m[INFO] --- maven-compiler-plugin:3.2:compile (default-compile) @ addressbook ---
[INFO] Changes detected - recompiling the module!
[INFO] Compiling 13 source files to /var/lib/jenkins/workspace/3.ApplicationTest/target/classes
[INFO] /var/lib/jenkins/workspace/3.ApplicationTest/src/main/java/com/edurekademo/tutorial/addressbook/ContactForm.java: Some input files use or override a deprecated API.
[INFO] /var/lib/jenkins/workspace/3.ApplicationTest/src/main/java/com/edurekademo/tutorial/addressbook/ContactForm.java: Recompile with -Xlint:deprecation for details.
[INFO] /var/lib/jenkins/workspace/3.ApplicationTest/src/main/java/com/edurekademo/tutorial/addressbook/backend/ContactService.java: /var/lib/jenkins/workspace/3.ApplicationTest/src/main/java/com/edurekademo/tutorial/addressbook/backend/ContactService.java uses unchecked or unsafe operations.
[INFO] /var/lib/jenkins/workspace/3.ApplicationTest/src/main/java/com/edurekademo/tutorial/addressbook/backend/ContactService.java: Recompile with -Xlint:unchecked for details.
[INFO] 
[8mha:////4Lc+mvqrKhnM9YNVwOOflZDVUMspBVdEZTpv8ygJsN6lAAAAYB+LCAAAAAAAAP9b85aBtbiIQSmjNKU4P0+vJLE4u1gvPjexLDVPzxdEGvvmZ+X75ZekLlOVfvTjc8FPJgaGiiIGKaiG5Py84vycVD1nCA1SyAABjCCFBQCV27OjYAAAAA==[0m[INFO] --- maven-resources-plugin:2.6:testResources (default-testResources) @ addressbook ---
[INFO] Using 'UTF-8' encoding to copy filtered resources.
[INFO] Copying 1 resource
[INFO] 
[8mha:////4Lc+mvqrKhnM9YNVwOOflZDVUMspBVdEZTpv8ygJsN6lAAAAYB+LCAAAAAAAAP9b85aBtbiIQSmjNKU4P0+vJLE4u1gvPjexLDVPzxdEGvvmZ+X75ZekLlOVfvTjc8FPJgaGiiIGKaiG5Py84vycVD1nCA1SyAABjCCFBQCV27OjYAAAAA==[0m[INFO] --- maven-compiler-plugin:3.2:testCompile (default-testCompile) @ addressbook ---
[INFO] Changes detected - recompiling the module!
[INFO] Compiling 5 source files to /var/lib/jenkins/workspace/3.ApplicationTest/target/test-classes
[INFO] 
[8mha:////4Lc+mvqrKhnM9YNVwOOflZDVUMspBVdEZTpv8ygJsN6lAAAAYB+LCAAAAAAAAP9b85aBtbiIQSmjNKU4P0+vJLE4u1gvPjexLDVPzxdEGvvmZ+X75ZekLlOVfvTjc8FPJgaGiiIGKaiG5Py84vycVD1nCA1SyAABjCCFBQCV27OjYAAAAA==[0m[INFO] --- maven-surefire-plugin:2.19.1:test (default-test) @ addressbook ---
Downloading from central: https://repo.maven.apache.org/maven2/org/apache/maven/surefire/maven-surefire-common/2.19.1/maven-surefire-common-2.19.1.pom
Progress (1): 2.7/7.3 kBProgress (1): 5.5/7.3 kBProgress (1): 7.3 kB                        Downloaded from central: https://repo.maven.apache.org/maven2/org/apache/maven/surefire/maven-surefire-common/2.19.1/maven-surefire-common-2.19.1.pom (7.3 kB at 3.0 kB/s)
Downloading from central: https://repo.maven.apache.org/maven2/org/apache/maven/plugin-tools/maven-plugin-annotations/3.3/maven-plugin-annotations-3.3.pom
Progress (1): 1.6 kB                    Downloaded from central: https://repo.maven.apache.org/maven2/org/apache/maven/plugin-tools/maven-plugin-annotations/3.3/maven-plugin-annotations-3.3.pom (1.6 kB at 3.2 kB/s)
Downloading from central: https://repo.maven.apache.org/maven2/org/apache/maven/plugin-tools/maven-plugin-tools/3.3/maven-plugin-tools-3.3.pom
Progress (1): 2.7/13 kBProgress (1): 5.5/13 kBProgress (1): 8.2/13 kBProgress (1): 11/13 kB Progress (1): 13 kB                      Downloaded from central: https://repo.maven.apache.org/maven2/org/apache/maven/plugin-tools/maven-plugin-tools/3.3/maven-plugin-tools-3.3.pom (13 kB at 24 kB/s)
Downloading from central: https://repo.maven.apache.org/maven2/org/apache/maven/surefire/surefire-api/2.19.1/surefire-api-2.19.1.pom
Progress (1): 2.7/3.5 kBProgress (1): 3.5 kB                        Downloaded from central: https://repo.maven.apache.org/maven2/org/apache/maven/surefire/surefire-api/2.19.1/surefire-api-2.19.1.pom (3.5 kB at 6.5 kB/s)
Downloading from central: https://repo.maven.apache.org/maven2/org/apache/maven/surefire/surefire-booter/2.19.1/surefire-booter-2.19.1.pom
Progress (1): 2.7/3.2 kBProgress (1): 3.2 kB                        Downloaded from central: https://repo.maven.apache.org/maven2/org/apache/maven/surefire/surefire-booter/2.19.1/surefire-booter-2.19.1.pom (3.2 kB at 5.9 kB/s)
Downloading from central: https://repo.maven.apache.org/maven2/junit/junit/4.12/junit-4.12.pom
Progress (1): 2.7/24 kBProgress (1): 5.5/24 kBProgress (1): 8.2/24 kBProgress (1): 11/24 kB Progress (1): 14/24 kBProgress (1): 16/24 kBProgress (1): 19/24 kBProgress (1): 22/24 kBProgress (1): 24 kB                      Downloaded from central: https://repo.maven.apache.org/maven2/junit/junit/4.12/junit-4.12.pom (24 kB at 43 kB/s)
Downloading from central: https://repo.maven.apache.org/maven2/org/hamcrest/hamcrest-core/1.3/hamcrest-core-1.3.pom
Progress (1): 766 B                   Downloaded from central: https://repo.maven.apache.org/maven2/org/hamcrest/hamcrest-core/1.3/hamcrest-core-1.3.pom (766 B at 1.5 kB/s)
Downloading from central: https://repo.maven.apache.org/maven2/org/hamcrest/hamcrest-parent/1.3/hamcrest-parent-1.3.pom
Progress (1): 2.0 kB                    Downloaded from central: https://repo.maven.apache.org/maven2/org/hamcrest/hamcrest-parent/1.3/hamcrest-parent-1.3.pom (2.0 kB at 3.9 kB/s)
Downloading from central: https://repo.maven.apache.org/maven2/org/apache/maven/maven-toolchain/2.2.1/maven-toolchain-2.2.1.pom
Progress (1): 2.7/3.3 kBProgress (1): 3.3 kB                        Downloaded from central: https://repo.maven.apache.org/maven2/org/apache/maven/maven-toolchain/2.2.1/maven-toolchain-2.2.1.pom (3.3 kB at 6.4 kB/s)
Downloading from central: https://repo.maven.apache.org/maven2/org/apache/maven/maven-plugin-api/2.2.1/maven-plugin-api-2.2.1.jar
Downloading from central: https://repo.maven.apache.org/maven2/org/apache/maven/surefire/maven-surefire-common/2.19.1/maven-surefire-common-2.19.1.jar
Downloading from central: https://repo.maven.apache.org/maven2/org/apache/maven/surefire/surefire-booter/2.19.1/surefire-booter-2.19.1.jar
Downloading from central: https://repo.maven.apache.org/maven2/org/codehaus/plexus/plexus-utils/1.5.15/plexus-utils-1.5.15.jar
Downloading from central: https://repo.maven.apache.org/maven2/org/apache/maven/maven-artifact/2.2.1/maven-artifact-2.2.1.jar
Progress (1): 2.7/46 kBProgress (1): 5.5/46 kBProgress (1): 8.2/46 kBProgress (1): 11/46 kB Progress (1): 14/46 kBProgress (1): 16/46 kBProgress (1): 19/46 kBProgress (1): 22/46 kBProgress (1): 25/46 kBProgress (1): 27/46 kBProgress (1): 30/46 kBProgress (1): 33/46 kBProgress (1): 36/46 kBProgress (1): 38/46 kBProgress (1): 41/46 kBProgress (1): 44/46 kBProgress (1): 46 kB                      Downloaded from central: https://repo.maven.apache.org/maven2/org/apache/maven/surefire/surefire-booter/2.19.1/surefire-booter-2.19.1.jar (46 kB at 63 kB/s)
Downloading from central: https://repo.maven.apache.org/maven2/org/apache/maven/maven-plugin-descriptor/2.2.1/maven-plugin-descriptor-2.2.1.jar
Progress (1): 2.7/12 kBProgress (1): 5.5/12 kBProgress (2): 5.5/12 kB | 2.7/228 kBProgress (2): 5.5/12 kB | 5.5/228 kBProgress (2): 5.5/12 kB | 8.2/228 kBProgress (2): 8.2/12 kB | 8.2/228 kBProgress (2): 11/12 kB | 8.2/228 kB Progress (2): 12 kB | 8.2/228 kB   Progress (2): 12 kB | 11/228 kB Progress (3): 12 kB | 11/228 kB | 2.7/80 kBProgress (3): 12 kB | 11/228 kB | 5.5/80 kBProgress (3): 12 kB | 11/228 kB | 8.2/80 kBProgress (4): 12 kB | 11/228 kB | 8.2/80 kB | 2.7/293 kBProgress (4): 12 kB | 11/228 kB | 8.2/80 kB | 5.5/293 kBProgress (4): 12 kB | 11/228 kB | 8.2/80 kB | 8.2/293 kBProgress (4): 12 kB | 11/228 kB | 11/80 kB | 8.2/293 kB Progress (5): 12 kB | 11/228 kB | 11/80 kB | 8.2/293 kB | 2.7/39 kBProgress (5): 12 kB | 11/228 kB | 11/80 kB | 8.2/293 kB | 5.5/39 kBProgress (5): 12 kB | 11/228 kB | 11/80 kB | 8.2/293 kB | 8.2/39 kBProgress (5): 12 kB | 11/228 kB | 11/80 kB | 8.2/293 kB | 11/39 kB Progress (5): 12 kB | 11/228 kB | 11/80 kB | 11/293 kB | 11/39 kB Progress (5): 12 kB | 11/228 kB | 11/80 kB | 11/293 kB | 14/39 kBProgress (5): 12 kB | 11/228 kB | 11/80 kB | 11/293 kB | 16/39 kBProgress (5): 12 kB | 11/228 kB | 11/80 kB | 11/293 kB | 19/39 kBProgress (5): 12 kB | 11/228 kB | 11/80 kB | 11/293 kB | 22/39 kBProgress (5): 12 kB | 11/228 kB | 11/80 kB | 11/293 kB | 25/39 kBProgress (5): 12 kB | 11/228 kB | 11/80 kB | 11/293 kB | 27/39 kBProgress (5): 12 kB | 11/228 kB | 11/80 kB | 11/293 kB | 30/39 kBProgress (5): 12 kB | 11/228 kB | 11/80 kB | 11/293 kB | 33/39 kBProgress (5): 12 kB | 11/228 kB | 11/80 kB | 11/293 kB | 36/39 kBProgress (5): 12 kB | 11/228 kB | 11/80 kB | 11/293 kB | 38/39 kBProgress (5): 12 kB | 11/228 kB | 11/80 kB | 11/293 kB | 39 kB   Progress (5): 12 kB | 14/228 kB | 11/80 kB | 11/293 kB | 39 kBProgress (5): 12 kB | 16/228 kB | 11/80 kB | 11/293 kB | 39 kBProgress (5): 12 kB | 19/228 kB | 11/80 kB | 11/293 kB | 39 kBProgress (5): 12 kB | 19/228 kB | 14/80 kB | 11/293 kB | 39 kBProgress (5): 12 kB | 22/228 kB | 14/80 kB | 11/293 kB | 39 kBProgress (5): 12 kB | 25/228 kB | 14/80 kB | 11/293 kB | 39 kBProgress (5): 12 kB | 27/228 kB | 14/80 kB | 11/293 kB | 39 kB                                                              Downloaded from central: https://repo.maven.apache.org/maven2/org/apache/maven/maven-plugin-api/2.2.1/maven-plugin-api-2.2.1.jar (12 kB at 10 kB/s)
Progress (4): 27/228 kB | 16/80 kB | 11/293 kB | 39 kB                                                      Downloading from central: https://repo.maven.apache.org/maven2/junit/junit/4.12/junit-4.12.jar
Progress (4): 27/228 kB | 16/80 kB | 14/293 kB | 39 kBProgress (4): 27/228 kB | 16/80 kB | 16/293 kB | 39 kBProgress (4): 27/228 kB | 16/80 kB | 19/293 kB | 39 kBProgress (4): 27/228 kB | 16/80 kB | 22/293 kB | 39 kBProgress (4): 27/228 kB | 16/80 kB | 25/293 kB | 39 kBProgress (4): 27/228 kB | 16/80 kB | 27/293 kB | 39 kBProgress (4): 27/228 kB | 16/80 kB | 30/293 kB | 39 kBProgress (4): 27/228 kB | 16/80 kB | 33/293 kB | 39 kBProgress (4): 27/228 kB | 16/80 kB | 36/293 kB | 39 kBProgress (4): 27/228 kB | 16/80 kB | 38/293 kB | 39 kBProgress (4): 30/228 kB | 16/80 kB | 38/293 kB | 39 kBProgress (4): 33/228 kB | 16/80 kB | 38/293 kB | 39 kBProgress (4): 33/228 kB | 19/80 kB | 38/293 kB | 39 kBProgress (4): 36/228 kB | 19/80 kB | 38/293 kB | 39 kBProgress (4): 36/228 kB | 22/80 kB | 38/293 kB | 39 kBProgress (4): 38/228 kB | 22/80 kB | 38/293 kB | 39 kBProgress (4): 38/228 kB | 25/80 kB | 38/293 kB | 39 kBProgress (4): 38/228 kB | 27/80 kB | 38/293 kB | 39 kBProgress (4): 38/228 kB | 30/80 kB | 38/293 kB | 39 kB                                                      Downloaded from central: https://repo.maven.apache.org/maven2/org/apache/maven/maven-plugin-descriptor/2.2.1/maven-plugin-descriptor-2.2.1.jar (39 kB at 31 kB/s)
Downloading from central: https://repo.maven.apache.org/maven2/org/hamcrest/hamcrest-core/1.3/hamcrest-core-1.3.jar
Progress (3): 38/228 kB | 33/80 kB | 38/293 kBProgress (3): 38/228 kB | 36/80 kB | 38/293 kBProgress (3): 38/228 kB | 38/80 kB | 38/293 kBProgress (3): 41/228 kB | 38/80 kB | 38/293 kBProgress (3): 41/228 kB | 41/80 kB | 38/293 kBProgress (3): 41/228 kB | 44/80 kB | 38/293 kBProgress (3): 41/228 kB | 47/80 kB | 38/293 kBProgress (3): 41/228 kB | 49/80 kB | 38/293 kBProgress (3): 41/228 kB | 49/80 kB | 41/293 kBProgress (3): 41/228 kB | 49/80 kB | 44/293 kBProgress (3): 41/228 kB | 49/80 kB | 47/293 kBProgress (3): 44/228 kB | 49/80 kB | 47/293 kBProgress (3): 47/228 kB | 49/80 kB | 47/293 kBProgress (3): 49/228 kB | 49/80 kB | 47/293 kBProgress (3): 52/228 kB | 49/80 kB | 47/293 kBProgress (3): 52/228 kB | 49/80 kB | 49/293 kBProgress (3): 52/228 kB | 49/80 kB | 52/293 kBProgress (3): 52/228 kB | 49/80 kB | 55/293 kBProgress (3): 52/228 kB | 49/80 kB | 58/293 kBProgress (3): 52/228 kB | 49/80 kB | 60/293 kBProgress (3): 52/228 kB | 49/80 kB | 63/293 kBProgress (3): 52/228 kB | 49/80 kB | 66/293 kBProgress (4): 52/228 kB | 49/80 kB | 66/293 kB | 2.7/315 kBProgress (4): 52/228 kB | 49/80 kB | 66/293 kB | 5.5/315 kBProgress (4): 52/228 kB | 49/80 kB | 66/293 kB | 8.2/315 kBProgress (4): 52/228 kB | 52/80 kB | 66/293 kB | 8.2/315 kBProgress (4): 52/228 kB | 55/80 kB | 66/293 kB | 8.2/315 kBProgress (4): 52/228 kB | 58/80 kB | 66/293 kB | 8.2/315 kBProgress (4): 55/228 kB | 58/80 kB | 66/293 kB | 8.2/315 kBProgress (4): 55/228 kB | 58/80 kB | 66/293 kB | 11/315 kB Progress (4): 55/228 kB | 58/80 kB | 66/293 kB | 14/315 kBProgress (4): 55/228 kB | 58/80 kB | 66/293 kB | 16/315 kBProgress (4): 55/228 kB | 58/80 kB | 66/293 kB | 19/315 kBProgress (4): 55/228 kB | 58/80 kB | 69/293 kB | 19/315 kBProgress (4): 55/228 kB | 58/80 kB | 71/293 kB | 19/315 kBProgress (4): 55/228 kB | 60/80 kB | 71/293 kB | 19/315 kBProgress (4): 58/228 kB | 60/80 kB | 71/293 kB | 19/315 kBProgress (4): 60/228 kB | 60/80 kB | 71/293 kB | 19/315 kBProgress (4): 63/228 kB | 60/80 kB | 71/293 kB | 19/315 kBProgress (4): 66/228 kB | 60/80 kB | 71/293 kB | 19/315 kBProgress (4): 69/228 kB | 60/80 kB | 71/293 kB | 19/315 kBProgress (4): 69/228 kB | 60/80 kB | 74/293 kB | 19/315 kBProgress (4): 69/228 kB | 60/80 kB | 77/293 kB | 19/315 kBProgress (4): 69/228 kB | 60/80 kB | 80/293 kB | 19/315 kBProgress (4): 69/228 kB | 60/80 kB | 82/293 kB | 19/315 kBProgress (4): 69/228 kB | 60/80 kB | 85/293 kB | 19/315 kBProgress (4): 69/228 kB | 60/80 kB | 85/293 kB | 22/315 kBProgress (4): 71/228 kB | 60/80 kB | 85/293 kB | 22/315 kBProgress (4): 74/228 kB | 60/80 kB | 85/293 kB | 22/315 kBProgress (4): 77/228 kB | 60/80 kB | 85/293 kB | 22/315 kBProgress (4): 77/228 kB | 63/80 kB | 85/293 kB | 22/315 kBProgress (4): 77/228 kB | 63/80 kB | 85/293 kB | 25/315 kBProgress (4): 80/228 kB | 63/80 kB | 85/293 kB | 25/315 kBProgress (4): 80/228 kB | 66/80 kB | 85/293 kB | 25/315 kBProgress (4): 82/228 kB | 66/80 kB | 85/293 kB | 25/315 kBProgress (5): 82/228 kB | 66/80 kB | 85/293 kB | 25/315 kB | 2.7/45 kBProgress (5): 82/228 kB | 66/80 kB | 85/293 kB | 25/315 kB | 5.5/45 kBProgress (5): 82/228 kB | 66/80 kB | 85/293 kB | 25/315 kB | 8.2/45 kBProgress (5): 82/228 kB | 66/80 kB | 85/293 kB | 25/315 kB | 11/45 kB Progress (5): 82/228 kB | 66/80 kB | 85/293 kB | 25/315 kB | 14/45 kBProgress (5): 82/228 kB | 66/80 kB | 85/293 kB | 25/315 kB | 16/45 kBProgress (5): 82/228 kB | 66/80 kB | 85/293 kB | 25/315 kB | 19/45 kBProgress (5): 82/228 kB | 66/80 kB | 85/293 kB | 25/315 kB | 22/45 kBProgress (5): 82/228 kB | 66/80 kB | 85/293 kB | 25/315 kB | 25/45 kBProgress (5): 82/228 kB | 66/80 kB | 85/293 kB | 25/315 kB | 27/45 kBProgress (5): 82/228 kB | 66/80 kB | 85/293 kB | 25/315 kB | 30/45 kBProgress (5): 82/228 kB | 66/80 kB | 85/293 kB | 25/315 kB | 33/45 kBProgress (5): 82/228 kB | 66/80 kB | 85/293 kB | 25/315 kB | 36/45 kBProgress (5): 82/228 kB | 66/80 kB | 85/293 kB | 25/315 kB | 38/45 kBProgress (5): 82/228 kB | 66/80 kB | 85/293 kB | 25/315 kB | 41/45 kBProgress (5): 82/228 kB | 66/80 kB | 85/293 kB | 25/315 kB | 44/45 kBProgress (5): 82/228 kB | 66/80 kB | 85/293 kB | 25/315 kB | 45 kB   Progress (5): 82/228 kB | 69/80 kB | 85/293 kB | 25/315 kB | 45 kBProgress (5): 85/228 kB | 69/80 kB | 85/293 kB | 25/315 kB | 45 kBProgress (5): 85/228 kB | 71/80 kB | 85/293 kB | 25/315 kB | 45 kBProgress (5): 88/228 kB | 71/80 kB | 85/293 kB | 25/315 kB | 45 kBProgress (5): 88/228 kB | 74/80 kB | 85/293 kB | 25/315 kB | 45 kBProgress (5): 90/228 kB | 74/80 kB | 85/293 kB | 25/315 kB | 45 kBProgress (5): 90/228 kB | 77/80 kB | 85/293 kB | 25/315 kB | 45 kBProgress (5): 93/228 kB | 77/80 kB | 85/293 kB | 25/315 kB | 45 kBProgress (5): 93/228 kB | 80/80 kB | 85/293 kB | 25/315 kB | 45 kBProgress (5): 93/228 kB | 80 kB | 85/293 kB | 25/315 kB | 45 kB   Progress (5): 96/228 kB | 80 kB | 85/293 kB | 25/315 kB | 45 kBProgress (5): 99/228 kB | 80 kB | 85/293 kB | 25/315 kB | 45 kBProgress (5): 101/228 kB | 80 kB | 85/293 kB | 25/315 kB | 45 kBProgress (5): 101/228 kB | 80 kB | 88/293 kB | 25/315 kB | 45 kBProgress (5): 101/228 kB | 80 kB | 90/293 kB | 25/315 kB | 45 kBProgress (5): 101/228 kB | 80 kB | 93/293 kB | 25/315 kB | 45 kBProgress (5): 101/228 kB | 80 kB | 96/293 kB | 25/315 kB | 45 kBProgress (5): 101/228 kB | 80 kB | 99/293 kB | 25/315 kB | 45 kBProgress (5): 101/228 kB | 80 kB | 101/293 kB | 25/315 kB | 45 kBProgress (5): 101/228 kB | 80 kB | 104/293 kB | 25/315 kB | 45 kBProgress (5): 104/228 kB | 80 kB | 104/293 kB | 25/315 kB | 45 kBProgress (5): 107/228 kB | 80 kB | 104/293 kB | 25/315 kB | 45 kBProgress (5): 107/228 kB | 80 kB | 107/293 kB | 25/315 kB | 45 kBProgress (5): 107/228 kB | 80 kB | 110/293 kB | 25/315 kB | 45 kBProgress (5): 107/228 kB | 80 kB | 112/293 kB | 25/315 kB | 45 kBProgress (5): 107/228 kB | 80 kB | 115/293 kB | 25/315 kB | 45 kBProgress (5): 107/228 kB | 80 kB | 118/293 kB | 25/315 kB | 45 kBProgress (5): 107/228 kB | 80 kB | 121/293 kB | 25/315 kB | 45 kBProgress (5): 107/228 kB | 80 kB | 123/293 kB | 25/315 kB | 45 kBProgress (5): 107/228 kB | 80 kB | 126/293 kB | 25/315 kB | 45 kBProgress (5): 107/228 kB | 80 kB | 129/293 kB | 25/315 kB | 45 kBProgress (5): 107/228 kB | 80 kB | 132/293 kB | 25/315 kB | 45 kBProgress (5): 107/228 kB | 80 kB | 134/293 kB | 25/315 kB | 45 kBProgress (5): 110/228 kB | 80 kB | 134/293 kB | 25/315 kB | 45 kBProgress (5): 110/228 kB | 80 kB | 134/293 kB | 27/315 kB | 45 kBProgress (5): 110/228 kB | 80 kB | 134/293 kB | 30/315 kB | 45 kBProgress (5): 110/228 kB | 80 kB | 134/293 kB | 33/315 kB | 45 kBProgress (5): 112/228 kB | 80 kB | 134/293 kB | 33/315 kB | 45 kBProgress (5): 112/228 kB | 80 kB | 134/293 kB | 36/315 kB | 45 kBProgress (5): 112/228 kB | 80 kB | 134/293 kB | 38/315 kB | 45 kBProgress (5): 112/228 kB | 80 kB | 134/293 kB | 41/315 kB | 45 kBProgress (5): 112/228 kB | 80 kB | 134/293 kB | 44/315 kB | 45 kBProgress (5): 112/228 kB | 80 kB | 134/293 kB | 47/315 kB | 45 kBProgress (5): 115/228 kB | 80 kB | 134/293 kB | 47/315 kB | 45 kBProgress (5): 118/228 kB | 80 kB | 134/293 kB | 47/315 kB | 45 kBProgress (5): 118/228 kB | 80 kB | 137/293 kB | 47/315 kB | 45 kBProgress (5): 118/228 kB | 80 kB | 140/293 kB | 47/315 kB | 45 kBProgress (5): 118/228 kB | 80 kB | 143/293 kB | 47/315 kB | 45 kBProgress (5): 118/228 kB | 80 kB | 145/293 kB | 47/315 kB | 45 kBProgress (5): 118/228 kB | 80 kB | 148/293 kB | 47/315 kB | 45 kBProgress (5): 118/228 kB | 80 kB | 151/293 kB | 47/315 kB | 45 kBProgress (5): 118/228 kB | 80 kB | 154/293 kB | 47/315 kB | 45 kBProgress (5): 118/228 kB | 80 kB | 156/293 kB | 47/315 kB | 45 kBProgress (5): 118/228 kB | 80 kB | 159/293 kB | 47/315 kB | 45 kBProgress (5): 118/228 kB | 80 kB | 162/293 kB | 47/315 kB | 45 kBProgress (5): 118/228 kB | 80 kB | 165/293 kB | 47/315 kB | 45 kBProgress (5): 118/228 kB | 80 kB | 167/293 kB | 47/315 kB | 45 kBProgress (5): 118/228 kB | 80 kB | 170/293 kB | 47/315 kB | 45 kBProgress (5): 121/228 kB | 80 kB | 170/293 kB | 47/315 kB | 45 kBProgress (5): 121/228 kB | 80 kB | 173/293 kB | 47/315 kB | 45 kBProgress (5): 121/228 kB | 80 kB | 173/293 kB | 49/315 kB | 45 kBProgress (5): 121/228 kB | 80 kB | 175/293 kB | 49/315 kB | 45 kBProgress (5): 121/228 kB | 80 kB | 178/293 kB | 49/315 kB | 45 kBProgress (5): 121/228 kB | 80 kB | 181/293 kB | 49/315 kB | 45 kBProgress (5): 121/228 kB | 80 kB | 184/293 kB | 49/315 kB | 45 kBProgress (5): 121/228 kB | 80 kB | 186/293 kB | 49/315 kB | 45 kBProgress (5): 121/228 kB | 80 kB | 186/293 kB | 52/315 kB | 45 kBProgress (5): 123/228 kB | 80 kB | 186/293 kB | 52/315 kB | 45 kBProgress (5): 123/228 kB | 80 kB | 186/293 kB | 55/315 kB | 45 kBProgress (5): 126/228 kB | 80 kB | 186/293 kB | 55/315 kB | 45 kBProgress (5): 126/228 kB | 80 kB | 186/293 kB | 58/315 kB | 45 kBProgress (5): 129/228 kB | 80 kB | 186/293 kB | 58/315 kB | 45 kBProgress (5): 129/228 kB | 80 kB | 186/293 kB | 60/315 kB | 45 kBProgress (5): 132/228 kB | 80 kB | 186/293 kB | 60/315 kB | 45 kBProgress (5): 132/228 kB | 80 kB | 186/293 kB | 63/315 kB | 45 kBProgress (5): 132/228 kB | 80 kB | 186/293 kB | 66/315 kB | 45 kBProgress (5): 134/228 kB | 80 kB | 186/293 kB | 66/315 kB | 45 kBProgress (5): 134/228 kB | 80 kB | 186/293 kB | 69/315 kB | 45 kBProgress (5): 137/228 kB | 80 kB | 186/293 kB | 69/315 kB | 45 kBProgress (5): 137/228 kB | 80 kB | 186/293 kB | 71/315 kB | 45 kB                                                                 Downloaded from central: https://repo.maven.apache.org/maven2/org/hamcrest/hamcrest-core/1.3/hamcrest-core-1.3.jar (45 kB at 25 kB/s)
Downloading from central: https://repo.maven.apache.org/maven2/org/apache/maven/maven-project/2.2.1/maven-project-2.2.1.jar
Progress (4): 140/228 kB | 80 kB | 186/293 kB | 71/315 kBProgress (4): 143/228 kB | 80 kB | 186/293 kB | 71/315 kBProgress (4): 143/228 kB | 80 kB | 186/293 kB | 74/315 kBProgress (4): 143/228 kB | 80 kB | 186/293 kB | 77/315 kBProgress (4): 145/228 kB | 80 kB | 186/293 kB | 77/315 kB                                                         Downloaded from central: https://repo.maven.apache.org/maven2/org/apache/maven/maven-artifact/2.2.1/maven-artifact-2.2.1.jar (80 kB at 44 kB/s)
Progress (3): 145/228 kB | 186/293 kB | 80/315 kB                                                 Downloading from central: https://repo.maven.apache.org/maven2/org/apache/maven/maven-settings/2.2.1/maven-settings-2.2.1.jar
Progress (3): 148/228 kB | 186/293 kB | 80/315 kBProgress (3): 151/228 kB | 186/293 kB | 80/315 kBProgress (3): 154/228 kB | 186/293 kB | 80/315 kBProgress (3): 156/228 kB | 186/293 kB | 80/315 kBProgress (3): 159/228 kB | 186/293 kB | 80/315 kBProgress (3): 162/228 kB | 186/293 kB | 80/315 kBProgress (3): 165/228 kB | 186/293 kB | 80/315 kBProgress (3): 167/228 kB | 186/293 kB | 80/315 kBProgress (3): 170/228 kB | 186/293 kB | 80/315 kBProgress (3): 173/228 kB | 186/293 kB | 80/315 kBProgress (3): 175/228 kB | 186/293 kB | 80/315 kBProgress (3): 175/228 kB | 189/293 kB | 80/315 kBProgress (3): 175/228 kB | 192/293 kB | 80/315 kBProgress (3): 175/228 kB | 195/293 kB | 80/315 kBProgress (3): 178/228 kB | 195/293 kB | 80/315 kBProgress (3): 178/228 kB | 197/293 kB | 80/315 kBProgress (3): 178/228 kB | 200/293 kB | 80/315 kBProgress (3): 178/228 kB | 203/293 kB | 80/315 kBProgress (3): 178/228 kB | 206/293 kB | 80/315 kBProgress (3): 178/228 kB | 208/293 kB | 80/315 kBProgress (3): 178/228 kB | 211/293 kB | 80/315 kBProgress (3): 178/228 kB | 214/293 kB | 80/315 kBProgress (3): 178/228 kB | 217/293 kB | 80/315 kBProgress (3): 178/228 kB | 219/293 kB | 80/315 kBProgress (3): 178/228 kB | 222/293 kB | 80/315 kBProgress (3): 178/228 kB | 225/293 kB | 80/315 kBProgress (3): 178/228 kB | 228/293 kB | 80/315 kBProgress (3): 178/228 kB | 230/293 kB | 80/315 kBProgress (3): 178/228 kB | 233/293 kB | 80/315 kBProgress (3): 178/228 kB | 236/293 kB | 80/315 kBProgress (3): 178/228 kB | 239/293 kB | 80/315 kBProgress (3): 178/228 kB | 241/293 kB | 80/315 kBProgress (3): 181/228 kB | 241/293 kB | 80/315 kBProgress (3): 184/228 kB | 241/293 kB | 80/315 kBProgress (3): 186/228 kB | 241/293 kB | 80/315 kBProgress (3): 186/228 kB | 244/293 kB | 80/315 kBProgress (3): 189/228 kB | 244/293 kB | 80/315 kBProgress (3): 189/228 kB | 244/293 kB | 82/315 kBProgress (3): 189/228 kB | 247/293 kB | 82/315 kBProgress (3): 189/228 kB | 247/293 kB | 85/315 kBProgress (3): 189/228 kB | 247/293 kB | 88/315 kBProgress (3): 189/228 kB | 250/293 kB | 88/315 kBProgress (3): 189/228 kB | 252/293 kB | 88/315 kBProgress (3): 189/228 kB | 255/293 kB | 88/315 kBProgress (3): 189/228 kB | 255/293 kB | 90/315 kBProgress (3): 192/228 kB | 255/293 kB | 90/315 kBProgress (3): 192/228 kB | 255/293 kB | 93/315 kBProgress (3): 192/228 kB | 258/293 kB | 93/315 kBProgress (3): 192/228 kB | 260/293 kB | 93/315 kBProgress (3): 192/228 kB | 263/293 kB | 93/315 kBProgress (3): 192/228 kB | 266/293 kB | 93/315 kBProgress (3): 192/228 kB | 266/293 kB | 96/315 kBProgress (3): 195/228 kB | 266/293 kB | 96/315 kBProgress (3): 195/228 kB | 269/293 kB | 96/315 kBProgress (3): 195/228 kB | 271/293 kB | 96/315 kBProgress (3): 195/228 kB | 274/293 kB | 96/315 kBProgress (3): 195/228 kB | 277/293 kB | 96/315 kBProgress (3): 195/228 kB | 280/293 kB | 96/315 kBProgress (3): 195/228 kB | 282/293 kB | 96/315 kBProgress (3): 195/228 kB | 282/293 kB | 99/315 kBProgress (3): 195/228 kB | 285/293 kB | 99/315 kBProgress (3): 195/228 kB | 288/293 kB | 99/315 kBProgress (3): 195/228 kB | 291/293 kB | 99/315 kBProgress (3): 195/228 kB | 293 kB | 99/315 kB    Progress (3): 197/228 kB | 293 kB | 99/315 kBProgress (3): 197/228 kB | 293 kB | 101/315 kBProgress (3): 197/228 kB | 293 kB | 104/315 kBProgress (3): 200/228 kB | 293 kB | 104/315 kBProgress (3): 200/228 kB | 293 kB | 107/315 kBProgress (3): 200/228 kB | 293 kB | 110/315 kBProgress (3): 203/228 kB | 293 kB | 110/315 kBProgress (3): 203/228 kB | 293 kB | 112/315 kBProgress (3): 203/228 kB | 293 kB | 115/315 kBProgress (3): 206/228 kB | 293 kB | 115/315 kBProgress (3): 206/228 kB | 293 kB | 118/315 kBProgress (3): 206/228 kB | 293 kB | 121/315 kBProgress (3): 208/228 kB | 293 kB | 121/315 kBProgress (3): 208/228 kB | 293 kB | 123/315 kBProgress (3): 208/228 kB | 293 kB | 126/315 kBProgress (3): 208/228 kB | 293 kB | 129/315 kBProgress (4): 208/228 kB | 293 kB | 129/315 kB | 2.7/156 kBProgress (4): 208/228 kB | 293 kB | 129/315 kB | 5.5/156 kBProgress (4): 208/228 kB | 293 kB | 129/315 kB | 8.2/156 kBProgress (4): 208/228 kB | 293 kB | 129/315 kB | 11/156 kB Progress (4): 208/228 kB | 293 kB | 129/315 kB | 14/156 kBProgress (4): 208/228 kB | 293 kB | 129/315 kB | 16/156 kBProgress (4): 208/228 kB | 293 kB | 129/315 kB | 19/156 kBProgress (4): 208/228 kB | 293 kB | 129/315 kB | 22/156 kBProgress (4): 208/228 kB | 293 kB | 129/315 kB | 25/156 kBProgress (4): 208/228 kB | 293 kB | 129/315 kB | 27/156 kBProgress (4): 208/228 kB | 293 kB | 129/315 kB | 30/156 kBProgress (4): 208/228 kB | 293 kB | 129/315 kB | 33/156 kBProgress (4): 208/228 kB | 293 kB | 129/315 kB | 36/156 kBProgress (4): 208/228 kB | 293 kB | 129/315 kB | 38/156 kBProgress (4): 208/228 kB | 293 kB | 129/315 kB | 41/156 kBProgress (4): 208/228 kB | 293 kB | 129/315 kB | 44/156 kBProgress (4): 208/228 kB | 293 kB | 129/315 kB | 47/156 kBProgress (4): 208/228 kB | 293 kB | 129/315 kB | 49/156 kBProgress (4): 208/228 kB | 293 kB | 129/315 kB | 52/156 kBProgress (4): 208/228 kB | 293 kB | 129/315 kB | 55/156 kBProgress (4): 208/228 kB | 293 kB | 129/315 kB | 58/156 kBProgress (4): 208/228 kB | 293 kB | 129/315 kB | 60/156 kBProgress (4): 208/228 kB | 293 kB | 129/315 kB | 63/156 kBProgress (4): 208/228 kB | 293 kB | 129/315 kB | 66/156 kBProgress (4): 208/228 kB | 293 kB | 129/315 kB | 69/156 kBProgress (4): 208/228 kB | 293 kB | 129/315 kB | 71/156 kBProgress (4): 208/228 kB | 293 kB | 129/315 kB | 74/156 kBProgress (4): 208/228 kB | 293 kB | 129/315 kB | 77/156 kBProgress (4): 208/228 kB | 293 kB | 129/315 kB | 80/156 kBProgress (4): 208/228 kB | 293 kB | 129/315 kB | 82/156 kBProgress (4): 208/228 kB | 293 kB | 129/315 kB | 85/156 kBProgress (4): 208/228 kB | 293 kB | 129/315 kB | 88/156 kBProgress (4): 208/228 kB | 293 kB | 129/315 kB | 90/156 kBProgress (4): 208/228 kB | 293 kB | 129/315 kB | 93/156 kBProgress (4): 208/228 kB | 293 kB | 129/315 kB | 96/156 kBProgress (4): 208/228 kB | 293 kB | 129/315 kB | 99/156 kBProgress (4): 211/228 kB | 293 kB | 129/315 kB | 99/156 kBProgress (4): 211/228 kB | 293 kB | 132/315 kB | 99/156 kBProgress (4): 211/228 kB | 293 kB | 134/315 kB | 99/156 kBProgress (4): 211/228 kB | 293 kB | 137/315 kB | 99/156 kBProgress (4): 214/228 kB | 293 kB | 137/315 kB | 99/156 kBProgress (4): 214/228 kB | 293 kB | 140/315 kB | 99/156 kBProgress (5): 214/228 kB | 293 kB | 140/315 kB | 99/156 kB | 2.7/49 kBProgress (5): 214/228 kB | 293 kB | 140/315 kB | 99/156 kB | 5.5/49 kBProgress (5): 214/228 kB | 293 kB | 143/315 kB | 99/156 kB | 5.5/49 kBProgress (5): 214/228 kB | 293 kB | 143/315 kB | 99/156 kB | 8.2/49 kBProgress (5): 214/228 kB | 293 kB | 143/315 kB | 99/156 kB | 11/49 kB Progress (5): 214/228 kB | 293 kB | 143/315 kB | 99/156 kB | 14/49 kBProgress (5): 214/228 kB | 293 kB | 143/315 kB | 99/156 kB | 16/49 kBProgress (5): 214/228 kB | 293 kB | 145/315 kB | 99/156 kB | 16/49 kBProgress (5): 217/228 kB | 293 kB | 145/315 kB | 99/156 kB | 16/49 kBProgress (5): 219/228 kB | 293 kB | 145/315 kB | 99/156 kB | 16/49 kBProgress (5): 222/228 kB | 293 kB | 145/315 kB | 99/156 kB | 16/49 kBProgress (5): 222/228 kB | 293 kB | 145/315 kB | 99/156 kB | 19/49 kBProgress (5): 222/228 kB | 293 kB | 148/315 kB | 99/156 kB | 19/49 kBProgress (5): 222/228 kB | 293 kB | 151/315 kB | 99/156 kB | 19/49 kBProgress (5): 222/228 kB | 293 kB | 154/315 kB | 99/156 kB | 19/49 kBProgress (5): 222/228 kB | 293 kB | 154/315 kB | 99/156 kB | 22/49 kBProgress (5): 222/228 kB | 293 kB | 156/315 kB | 99/156 kB | 22/49 kBProgress (5): 225/228 kB | 293 kB | 156/315 kB | 99/156 kB | 22/49 kBProgress (5): 225/228 kB | 293 kB | 156/315 kB | 99/156 kB | 25/49 kBProgress (5): 225/228 kB | 293 kB | 156/315 kB | 99/156 kB | 27/49 kBProgress (5): 225/228 kB | 293 kB | 159/315 kB | 99/156 kB | 27/49 kBProgress (5): 228/228 kB | 293 kB | 159/315 kB | 99/156 kB | 27/49 kBProgress (5): 228/228 kB | 293 kB | 162/315 kB | 99/156 kB | 27/49 kBProgress (5): 228/228 kB | 293 kB | 162/315 kB | 99/156 kB | 30/49 kBProgress (5): 228 kB | 293 kB | 162/315 kB | 99/156 kB | 30/49 kB    Progress (5): 228 kB | 293 kB | 165/315 kB | 99/156 kB | 30/49 kBProgress (5): 228 kB | 293 kB | 167/315 kB | 99/156 kB | 30/49 kBProgress (5): 228 kB | 293 kB | 167/315 kB | 99/156 kB | 33/49 kBProgress (5): 228 kB | 293 kB | 170/315 kB | 99/156 kB | 33/49 kBProgress (5): 228 kB | 293 kB | 173/315 kB | 99/156 kB | 33/49 kBProgress (5): 228 kB | 293 kB | 173/315 kB | 99/156 kB | 36/49 kBProgress (5): 228 kB | 293 kB | 173/315 kB | 99/156 kB | 38/49 kBProgress (5): 228 kB | 293 kB | 175/315 kB | 99/156 kB | 38/49 kBProgress (5): 228 kB | 293 kB | 178/315 kB | 99/156 kB | 38/49 kBProgress (5): 228 kB | 293 kB | 178/315 kB | 99/156 kB | 41/49 kBProgress (5): 228 kB | 293 kB | 178/315 kB | 99/156 kB | 44/49 kBProgress (5): 228 kB | 293 kB | 178/315 kB | 99/156 kB | 47/49 kBProgress (5): 228 kB | 293 kB | 181/315 kB | 99/156 kB | 47/49 kBProgress (5): 228 kB | 293 kB | 184/315 kB | 99/156 kB | 47/49 kBProgress (5): 228 kB | 293 kB | 184/315 kB | 99/156 kB | 49 kB   Progress (5): 228 kB | 293 kB | 186/315 kB | 99/156 kB | 49 kBProgress (5): 228 kB | 293 kB | 189/315 kB | 99/156 kB | 49 kBProgress (5): 228 kB | 293 kB | 192/315 kB | 99/156 kB | 49 kBProgress (5): 228 kB | 293 kB | 195/315 kB | 99/156 kB | 49 kBProgress (5): 228 kB | 293 kB | 197/315 kB | 99/156 kB | 49 kBProgress (5): 228 kB | 293 kB | 200/315 kB | 99/156 kB | 49 kBProgress (5): 228 kB | 293 kB | 203/315 kB | 99/156 kB | 49 kBProgress (5): 228 kB | 293 kB | 206/315 kB | 99/156 kB | 49 kBProgress (5): 228 kB | 293 kB | 208/315 kB | 99/156 kB | 49 kBProgress (5): 228 kB | 293 kB | 211/315 kB | 99/156 kB | 49 kBProgress (5): 228 kB | 293 kB | 214/315 kB | 99/156 kB | 49 kBProgress (5): 228 kB | 293 kB | 217/315 kB | 99/156 kB | 49 kB                                                              Downloaded from central: https://repo.maven.apache.org/maven2/org/apache/maven/surefire/maven-surefire-common/2.19.1/maven-surefire-common-2.19.1.jar (293 kB at 127 kB/s)
Downloading from central: https://repo.maven.apache.org/maven2/org/apache/maven/maven-profile/2.2.1/maven-profile-2.2.1.jar
Progress (4): 228 kB | 219/315 kB | 99/156 kB | 49 kBProgress (4): 228 kB | 222/315 kB | 99/156 kB | 49 kBProgress (4): 228 kB | 225/315 kB | 99/156 kB | 49 kBProgress (4): 228 kB | 228/315 kB | 99/156 kB | 49 kBProgress (4): 228 kB | 230/315 kB | 99/156 kB | 49 kBProgress (4): 228 kB | 233/315 kB | 99/156 kB | 49 kBProgress (4): 228 kB | 236/315 kB | 99/156 kB | 49 kBProgress (4): 228 kB | 239/315 kB | 99/156 kB | 49 kBProgress (4): 228 kB | 241/315 kB | 99/156 kB | 49 kBProgress (4): 228 kB | 244/315 kB | 99/156 kB | 49 kBProgress (4): 228 kB | 247/315 kB | 99/156 kB | 49 kBProgress (4): 228 kB | 250/315 kB | 99/156 kB | 49 kBProgress (4): 228 kB | 252/315 kB | 99/156 kB | 49 kBProgress (4): 228 kB | 255/315 kB | 99/156 kB | 49 kBProgress (4): 228 kB | 255/315 kB | 101/156 kB | 49 kBProgress (4): 228 kB | 255/315 kB | 104/156 kB | 49 kBProgress (4): 228 kB | 255/315 kB | 107/156 kB | 49 kBProgress (4): 228 kB | 255/315 kB | 110/156 kB | 49 kBProgress (4): 228 kB | 258/315 kB | 110/156 kB | 49 kBProgress (4): 228 kB | 258/315 kB | 112/156 kB | 49 kBProgress (4): 228 kB | 258/315 kB | 115/156 kB | 49 kBProgress (4): 228 kB | 258/315 kB | 118/156 kB | 49 kBProgress (4): 228 kB | 258/315 kB | 121/156 kB | 49 kBProgress (4): 228 kB | 258/315 kB | 123/156 kB | 49 kBProgress (4): 228 kB | 258/315 kB | 126/156 kB | 49 kBProgress (4): 228 kB | 260/315 kB | 126/156 kB | 49 kBProgress (4): 228 kB | 260/315 kB | 129/156 kB | 49 kBProgress (4): 228 kB | 263/315 kB | 129/156 kB | 49 kBProgress (4): 228 kB | 263/315 kB | 132/156 kB | 49 kBProgress (4): 228 kB | 263/315 kB | 134/156 kB | 49 kBProgress (4): 228 kB | 263/315 kB | 137/156 kB | 49 kBProgress (4): 228 kB | 263/315 kB | 140/156 kB | 49 kBProgress (4): 228 kB | 263/315 kB | 143/156 kB | 49 kBProgress (4): 228 kB | 263/315 kB | 145/156 kB | 49 kBProgress (4): 228 kB | 263/315 kB | 148/156 kB | 49 kBProgress (4): 228 kB | 266/315 kB | 148/156 kB | 49 kBProgress (4): 228 kB | 266/315 kB | 151/156 kB | 49 kBProgress (4): 228 kB | 266/315 kB | 154/156 kB | 49 kBProgress (4): 228 kB | 266/315 kB | 156 kB | 49 kB    Progress (4): 228 kB | 269/315 kB | 156 kB | 49 kBProgress (4): 228 kB | 271/315 kB | 156 kB | 49 kBProgress (4): 228 kB | 274/315 kB | 156 kB | 49 kBProgress (4): 228 kB | 277/315 kB | 156 kB | 49 kBProgress (4): 228 kB | 280/315 kB | 156 kB | 49 kBProgress (4): 228 kB | 282/315 kB | 156 kB | 49 kBProgress (4): 228 kB | 285/315 kB | 156 kB | 49 kBProgress (4): 228 kB | 288/315 kB | 156 kB | 49 kBProgress (4): 228 kB | 291/315 kB | 156 kB | 49 kBProgress (4): 228 kB | 293/315 kB | 156 kB | 49 kBProgress (4): 228 kB | 296/315 kB | 156 kB | 49 kBProgress (4): 228 kB | 299/315 kB | 156 kB | 49 kBProgress (4): 228 kB | 302/315 kB | 156 kB | 49 kBProgress (4): 228 kB | 304/315 kB | 156 kB | 49 kBProgress (4): 228 kB | 307/315 kB | 156 kB | 49 kBProgress (4): 228 kB | 310/315 kB | 156 kB | 49 kBProgress (4): 228 kB | 313/315 kB | 156 kB | 49 kBProgress (4): 228 kB | 315 kB | 156 kB | 49 kB                                                  Downloaded from central: https://repo.maven.apache.org/maven2/org/codehaus/plexus/plexus-utils/1.5.15/plexus-utils-1.5.15.jar (228 kB at 96 kB/s)
Downloading from central: https://repo.maven.apache.org/maven2/org/apache/maven/maven-artifact-manager/2.2.1/maven-artifact-manager-2.2.1.jar
Downloaded from central: https://repo.maven.apache.org/maven2/org/apache/maven/maven-settings/2.2.1/maven-settings-2.2.1.jar (49 kB at 21 kB/s)
Downloading from central: https://repo.maven.apache.org/maven2/backport-util-concurrent/backport-util-concurrent/3.1/backport-util-concurrent-3.1.jar
Progress (3): 315 kB | 156 kB | 4.1/35 kBProgress (3): 315 kB | 156 kB | 8.2/35 kBProgress (3): 315 kB | 156 kB | 12/35 kB Progress (3): 315 kB | 156 kB | 16/35 kBProgress (3): 315 kB | 156 kB | 20/35 kBProgress (3): 315 kB | 156 kB | 25/35 kBProgress (3): 315 kB | 156 kB | 29/35 kBProgress (3): 315 kB | 156 kB | 33/35 kBProgress (3): 315 kB | 156 kB | 35 kB                                        Downloaded from central: https://repo.maven.apache.org/maven2/org/apache/maven/maven-project/2.2.1/maven-project-2.2.1.jar (156 kB at 61 kB/s)
Downloading from central: https://repo.maven.apache.org/maven2/org/apache/maven/maven-plugin-registry/2.2.1/maven-plugin-registry-2.2.1.jar
Downloaded from central: https://repo.maven.apache.org/maven2/junit/junit/4.12/junit-4.12.jar (315 kB at 121 kB/s)
Downloading from central: https://repo.maven.apache.org/maven2/org/codehaus/plexus/plexus-interpolation/1.11/plexus-interpolation-1.11.jar
Progress (2): 35 kB | 2.7/332 kBProgress (2): 35 kB | 5.5/332 kBProgress (2): 35 kB | 8.2/332 kBProgress (2): 35 kB | 11/332 kB Progress (2): 35 kB | 14/332 kBProgress (2): 35 kB | 16/332 kBProgress (2): 35 kB | 19/332 kBProgress (2): 35 kB | 22/332 kBProgress (2): 35 kB | 25/332 kBProgress (3): 35 kB | 25/332 kB | 4.1/68 kBProgress (3): 35 kB | 25/332 kB | 8.2/68 kBProgress (3): 35 kB | 27/332 kB | 8.2/68 kBProgress (3): 35 kB | 27/332 kB | 12/68 kB Progress (3): 35 kB | 27/332 kB | 16/68 kBProgress (3): 35 kB | 30/332 kB | 16/68 kBProgress (3): 35 kB | 33/332 kB | 16/68 kBProgress (3): 35 kB | 36/332 kB | 16/68 kBProgress (3): 35 kB | 38/332 kB | 16/68 kBProgress (3): 35 kB | 41/332 kB | 16/68 kBProgress (3): 35 kB | 44/332 kB | 16/68 kBProgress (3): 35 kB | 44/332 kB | 20/68 kBProgress (3): 35 kB | 44/332 kB | 25/68 kBProgress (3): 35 kB | 44/332 kB | 29/68 kBProgress (3): 35 kB | 44/332 kB | 33/68 kBProgress (3): 35 kB | 47/332 kB | 33/68 kBProgress (3): 35 kB | 49/332 kB | 33/68 kBProgress (3): 35 kB | 52/332 kB | 33/68 kBProgress (3): 35 kB | 55/332 kB | 33/68 kBProgress (3): 35 kB | 58/332 kB | 33/68 kBProgress (3): 35 kB | 60/332 kB | 33/68 kBProgress (3): 35 kB | 63/332 kB | 33/68 kBProgress (3): 35 kB | 63/332 kB | 37/68 kBProgress (3): 35 kB | 63/332 kB | 41/68 kBProgress (3): 35 kB | 63/332 kB | 45/68 kBProgress (3): 35 kB | 63/332 kB | 49/68 kBProgress (3): 35 kB | 66/332 kB | 49/68 kBProgress (3): 35 kB | 69/332 kB | 49/68 kBProgress (3): 35 kB | 71/332 kB | 49/68 kBProgress (3): 35 kB | 74/332 kB | 49/68 kBProgress (3): 35 kB | 77/332 kB | 49/68 kBProgress (3): 35 kB | 80/332 kB | 49/68 kB                                          Downloaded from central: https://repo.maven.apache.org/maven2/org/apache/maven/maven-profile/2.2.1/maven-profile-2.2.1.jar (35 kB at 13 kB/s)
Downloading from central: https://repo.maven.apache.org/maven2/org/apache/maven/maven-model/2.2.1/maven-model-2.2.1.jar
Progress (2): 82/332 kB | 49/68 kBProgress (2): 85/332 kB | 49/68 kBProgress (2): 85/332 kB | 53/68 kBProgress (2): 85/332 kB | 57/68 kBProgress (2): 85/332 kB | 61/68 kBProgress (2): 85/332 kB | 66/68 kBProgress (2): 88/332 kB | 66/68 kBProgress (2): 90/332 kB | 66/68 kBProgress (2): 90/332 kB | 68 kB   Progress (2): 93/332 kB | 68 kBProgress (2): 96/332 kB | 68 kBProgress (3): 96/332 kB | 68 kB | 4.1/30 kBProgress (3): 96/332 kB | 68 kB | 8.2/30 kBProgress (3): 96/332 kB | 68 kB | 12/30 kB Progress (3): 96/332 kB | 68 kB | 16/30 kBProgress (3): 96/332 kB | 68 kB | 20/30 kBProgress (3): 96/332 kB | 68 kB | 25/30 kBProgress (3): 96/332 kB | 68 kB | 29/30 kBProgress (3): 96/332 kB | 68 kB | 30 kB   Progress (3): 99/332 kB | 68 kB | 30 kBProgress (4): 99/332 kB | 68 kB | 30 kB | 4.1/51 kBProgress (4): 99/332 kB | 68 kB | 30 kB | 8.2/51 kBProgress (4): 99/332 kB | 68 kB | 30 kB | 12/51 kB Progress (4): 99/332 kB | 68 kB | 30 kB | 16/51 kBProgress (4): 99/332 kB | 68 kB | 30 kB | 20/51 kBProgress (4): 99/332 kB | 68 kB | 30 kB | 25/51 kBProgress (4): 99/332 kB | 68 kB | 30 kB | 29/51 kBProgress (4): 99/332 kB | 68 kB | 30 kB | 33/51 kBProgress (4): 99/332 kB | 68 kB | 30 kB | 37/51 kBProgress (4): 99/332 kB | 68 kB | 30 kB | 41/51 kBProgress (4): 99/332 kB | 68 kB | 30 kB | 45/51 kBProgress (4): 99/332 kB | 68 kB | 30 kB | 49/51 kBProgress (4): 99/332 kB | 68 kB | 30 kB | 51 kB   Progress (4): 101/332 kB | 68 kB | 30 kB | 51 kBProgress (4): 104/332 kB | 68 kB | 30 kB | 51 kBProgress (4): 107/332 kB | 68 kB | 30 kB | 51 kBProgress (4): 110/332 kB | 68 kB | 30 kB | 51 kBProgress (4): 112/332 kB | 68 kB | 30 kB | 51 kBProgress (4): 115/332 kB | 68 kB | 30 kB | 51 kBProgress (4): 118/332 kB | 68 kB | 30 kB | 51 kBProgress (4): 121/332 kB | 68 kB | 30 kB | 51 kBProgress (4): 123/332 kB | 68 kB | 30 kB | 51 kBProgress (4): 126/332 kB | 68 kB | 30 kB | 51 kBProgress (4): 129/332 kB | 68 kB | 30 kB | 51 kBProgress (4): 132/332 kB | 68 kB | 30 kB | 51 kBProgress (4): 134/332 kB | 68 kB | 30 kB | 51 kBProgress (4): 137/332 kB | 68 kB | 30 kB | 51 kBProgress (4): 140/332 kB | 68 kB | 30 kB | 51 kBProgress (4): 143/332 kB | 68 kB | 30 kB | 51 kBProgress (4): 145/332 kB | 68 kB | 30 kB | 51 kBProgress (4): 148/332 kB | 68 kB | 30 kB | 51 kBProgress (4): 151/332 kB | 68 kB | 30 kB | 51 kBProgress (4): 154/332 kB | 68 kB | 30 kB | 51 kBProgress (4): 156/332 kB | 68 kB | 30 kB | 51 kBProgress (4): 159/332 kB | 68 kB | 30 kB | 51 kBProgress (4): 162/332 kB | 68 kB | 30 kB | 51 kBProgress (4): 165/332 kB | 68 kB | 30 kB | 51 kBProgress (4): 167/332 kB | 68 kB | 30 kB | 51 kBProgress (4): 170/332 kB | 68 kB | 30 kB | 51 kBProgress (4): 173/332 kB | 68 kB | 30 kB | 51 kBProgress (4): 175/332 kB | 68 kB | 30 kB | 51 kBProgress (5): 175/332 kB | 68 kB | 30 kB | 51 kB | 4.1/88 kBProgress (5): 175/332 kB | 68 kB | 30 kB | 51 kB | 8.2/88 kBProgress (5): 175/332 kB | 68 kB | 30 kB | 51 kB | 12/88 kB Progress (5): 175/332 kB | 68 kB | 30 kB | 51 kB | 16/88 kBProgress (5): 175/332 kB | 68 kB | 30 kB | 51 kB | 20/88 kBProgress (5): 175/332 kB | 68 kB | 30 kB | 51 kB | 25/88 kBProgress (5): 175/332 kB | 68 kB | 30 kB | 51 kB | 29/88 kBProgress (5): 175/332 kB | 68 kB | 30 kB | 51 kB | 33/88 kBProgress (5): 175/332 kB | 68 kB | 30 kB | 51 kB | 36/88 kBProgress (5): 175/332 kB | 68 kB | 30 kB | 51 kB | 40/88 kBProgress (5): 175/332 kB | 68 kB | 30 kB | 51 kB | 44/88 kBProgress (5): 175/332 kB | 68 kB | 30 kB | 51 kB | 48/88 kBProgress (5): 175/332 kB | 68 kB | 30 kB | 51 kB | 52/88 kBProgress (5): 175/332 kB | 68 kB | 30 kB | 51 kB | 56/88 kBProgress (5): 175/332 kB | 68 kB | 30 kB | 51 kB | 61/88 kBProgress (5): 175/332 kB | 68 kB | 30 kB | 51 kB | 65/88 kBProgress (5): 175/332 kB | 68 kB | 30 kB | 51 kB | 69/88 kBProgress (5): 175/332 kB | 68 kB | 30 kB | 51 kB | 73/88 kBProgress (5): 175/332 kB | 68 kB | 30 kB | 51 kB | 77/88 kBProgress (5): 175/332 kB | 68 kB | 30 kB | 51 kB | 81/88 kBProgress (5): 178/332 kB | 68 kB | 30 kB | 51 kB | 81/88 kBProgress (5): 178/332 kB | 68 kB | 30 kB | 51 kB | 85/88 kB                                                           Downloaded from central: https://repo.maven.apache.org/maven2/org/apache/maven/maven-artifact-manager/2.2.1/maven-artifact-manager-2.2.1.jar (68 kB at 22 kB/s)
Downloading from central: https://repo.maven.apache.org/maven2/org/apache/maven/maven-core/2.2.1/maven-core-2.2.1.jar
Downloaded from central: https://repo.maven.apache.org/maven2/org/apache/maven/maven-plugin-registry/2.2.1/maven-plugin-registry-2.2.1.jar (30 kB at 9.6 kB/s)
Downloading from central: https://repo.maven.apache.org/maven2/org/apache/maven/maven-plugin-parameter-documenter/2.2.1/maven-plugin-parameter-documenter-2.2.1.jar
Progress (3): 181/332 kB | 51 kB | 85/88 kBProgress (3): 184/332 kB | 51 kB | 85/88 kBProgress (3): 186/332 kB | 51 kB | 85/88 kBProgress (3): 189/332 kB | 51 kB | 85/88 kBProgress (3): 192/332 kB | 51 kB | 85/88 kBProgress (3): 195/332 kB | 51 kB | 85/88 kBProgress (3): 197/332 kB | 51 kB | 85/88 kBProgress (3): 200/332 kB | 51 kB | 85/88 kBProgress (3): 200/332 kB | 51 kB | 88 kB   Progress (3): 203/332 kB | 51 kB | 88 kBProgress (3): 206/332 kB | 51 kB | 88 kBProgress (3): 208/332 kB | 51 kB | 88 kB                                        Downloaded from central: https://repo.maven.apache.org/maven2/org/codehaus/plexus/plexus-interpolation/1.11/plexus-interpolation-1.11.jar (51 kB at 16 kB/s)
Downloading from central: https://repo.maven.apache.org/maven2/org/slf4j/slf4j-jdk14/1.5.6/slf4j-jdk14-1.5.6.jar
Progress (2): 211/332 kB | 88 kBProgress (2): 214/332 kB | 88 kBProgress (2): 217/332 kB | 88 kBProgress (2): 219/332 kB | 88 kBProgress (2): 222/332 kB | 88 kBProgress (2): 225/332 kB | 88 kBProgress (2): 228/332 kB | 88 kBProgress (2): 230/332 kB | 88 kBProgress (2): 233/332 kB | 88 kBProgress (2): 236/332 kB | 88 kBProgress (2): 239/332 kB | 88 kBProgress (2): 241/332 kB | 88 kBProgress (2): 244/332 kB | 88 kBProgress (2): 247/332 kB | 88 kBProgress (2): 250/332 kB | 88 kBProgress (2): 252/332 kB | 88 kBProgress (2): 255/332 kB | 88 kBProgress (2): 258/332 kB | 88 kBProgress (2): 260/332 kB | 88 kBProgress (2): 263/332 kB | 88 kBProgress (2): 266/332 kB | 88 kBProgress (2): 269/332 kB | 88 kBProgress (2): 271/332 kB | 88 kBProgress (2): 274/332 kB | 88 kBProgress (2): 277/332 kB | 88 kBProgress (2): 280/332 kB | 88 kBProgress (2): 282/332 kB | 88 kBProgress (2): 285/332 kB | 88 kBProgress (2): 288/332 kB | 88 kBProgress (2): 291/332 kB | 88 kBProgress (2): 293/332 kB | 88 kBProgress (3): 293/332 kB | 88 kB | 4.1/178 kBProgress (3): 293/332 kB | 88 kB | 8.2/178 kBProgress (3): 293/332 kB | 88 kB | 12/178 kB Progress (3): 293/332 kB | 88 kB | 16/178 kBProgress (3): 293/332 kB | 88 kB | 20/178 kBProgress (3): 293/332 kB | 88 kB | 25/178 kBProgress (3): 293/332 kB | 88 kB | 29/178 kBProgress (3): 293/332 kB | 88 kB | 33/178 kBProgress (3): 293/332 kB | 88 kB | 37/178 kBProgress (3): 293/332 kB | 88 kB | 41/178 kBProgress (3): 293/332 kB | 88 kB | 45/178 kBProgress (3): 293/332 kB | 88 kB | 49/178 kBProgress (3): 293/332 kB | 88 kB | 53/178 kBProgress (3): 293/332 kB | 88 kB | 57/178 kBProgress (3): 293/332 kB | 88 kB | 61/178 kBProgress (3): 293/332 kB | 88 kB | 66/178 kBProgress (3): 293/332 kB | 88 kB | 70/178 kBProgress (3): 293/332 kB | 88 kB | 74/178 kBProgress (3): 293/332 kB | 88 kB | 78/178 kBProgress (3): 293/332 kB | 88 kB | 82/178 kBProgress (3): 293/332 kB | 88 kB | 86/178 kBProgress (3): 293/332 kB | 88 kB | 90/178 kBProgress (3): 293/332 kB | 88 kB | 94/178 kBProgress (3): 293/332 kB | 88 kB | 98/178 kBProgress (3): 293/332 kB | 88 kB | 102/178 kBProgress (3): 293/332 kB | 88 kB | 106/178 kBProgress (3): 293/332 kB | 88 kB | 111/178 kBProgress (3): 293/332 kB | 88 kB | 115/178 kBProgress (3): 293/332 kB | 88 kB | 119/178 kBProgress (3): 293/332 kB | 88 kB | 123/178 kBProgress (3): 293/332 kB | 88 kB | 127/178 kBProgress (3): 293/332 kB | 88 kB | 131/178 kBProgress (3): 293/332 kB | 88 kB | 135/178 kBProgress (3): 293/332 kB | 88 kB | 139/178 kBProgress (3): 293/332 kB | 88 kB | 143/178 kBProgress (3): 293/332 kB | 88 kB | 147/178 kBProgress (3): 293/332 kB | 88 kB | 152/178 kBProgress (3): 293/332 kB | 88 kB | 156/178 kBProgress (3): 293/332 kB | 88 kB | 160/178 kBProgress (3): 293/332 kB | 88 kB | 164/178 kBProgress (4): 293/332 kB | 88 kB | 164/178 kB | 4.1/22 kBProgress (4): 293/332 kB | 88 kB | 164/178 kB | 8.2/22 kBProgress (4): 293/332 kB | 88 kB | 164/178 kB | 12/22 kB Progress (4): 293/332 kB | 88 kB | 164/178 kB | 16/22 kB                                                        Downloaded from central: https://repo.maven.apache.org/maven2/org/apache/maven/maven-model/2.2.1/maven-model-2.2.1.jar (88 kB at 26 kB/s)
Progress (3): 296/332 kB | 164/178 kB | 16/22 kBProgress (3): 299/332 kB | 164/178 kB | 16/22 kBProgress (3): 299/332 kB | 168/178 kB | 16/22 kBProgress (3): 299/332 kB | 172/178 kB | 16/22 kBProgress (3): 299/332 kB | 176/178 kB | 16/22 kB                                                Downloading from central: https://repo.maven.apache.org/maven2/org/slf4j/slf4j-api/1.5.6/slf4j-api-1.5.6.jar
Progress (3): 299/332 kB | 178 kB | 16/22 kBProgress (3): 299/332 kB | 178 kB | 20/22 kBProgress (3): 302/332 kB | 178 kB | 20/22 kBProgress (3): 304/332 kB | 178 kB | 20/22 kBProgress (3): 304/332 kB | 178 kB | 22 kB   Progress (4): 304/332 kB | 178 kB | 22 kB | 4.1/8.8 kBProgress (4): 304/332 kB | 178 kB | 22 kB | 8.2/8.8 kBProgress (4): 304/332 kB | 178 kB | 22 kB | 8.8 kB    Progress (4): 307/332 kB | 178 kB | 22 kB | 8.8 kBProgress (4): 310/332 kB | 178 kB | 22 kB | 8.8 kBProgress (4): 313/332 kB | 178 kB | 22 kB | 8.8 kBProgress (4): 315/332 kB | 178 kB | 22 kB | 8.8 kBProgress (4): 318/332 kB | 178 kB | 22 kB | 8.8 kBProgress (4): 321/332 kB | 178 kB | 22 kB | 8.8 kBProgress (4): 324/332 kB | 178 kB | 22 kB | 8.8 kBProgress (4): 326/332 kB | 178 kB | 22 kB | 8.8 kBProgress (4): 329/332 kB | 178 kB | 22 kB | 8.8 kBProgress (4): 332 kB | 178 kB | 22 kB | 8.8 kB    Progress (5): 332 kB | 178 kB | 22 kB | 8.8 kB | 4.1/22 kBProgress (5): 332 kB | 178 kB | 22 kB | 8.8 kB | 8.2/22 kBProgress (5): 332 kB | 178 kB | 22 kB | 8.8 kB | 12/22 kB Progress (5): 332 kB | 178 kB | 22 kB | 8.8 kB | 16/22 kBProgress (5): 332 kB | 178 kB | 22 kB | 8.8 kB | 20/22 kBProgress (5): 332 kB | 178 kB | 22 kB | 8.8 kB | 22 kB                                                         Downloaded from central: https://repo.maven.apache.org/maven2/backport-util-concurrent/backport-util-concurrent/3.1/backport-util-concurrent-3.1.jar (332 kB at 90 kB/s)
Downloading from central: https://repo.maven.apache.org/maven2/org/slf4j/jcl-over-slf4j/1.5.6/jcl-over-slf4j-1.5.6.jar
Downloaded from central: https://repo.maven.apache.org/maven2/org/apache/maven/maven-plugin-parameter-documenter/2.2.1/maven-plugin-parameter-documenter-2.2.1.jar (22 kB at 6.0 kB/s)
Downloading from central: https://repo.maven.apache.org/maven2/org/apache/maven/maven-repository-metadata/2.2.1/maven-repository-metadata-2.2.1.jar
Downloaded from central: https://repo.maven.apache.org/maven2/org/slf4j/slf4j-jdk14/1.5.6/slf4j-jdk14-1.5.6.jar (8.8 kB at 2.4 kB/s)
Downloading from central: https://repo.maven.apache.org/maven2/org/apache/maven/maven-error-diagnostics/2.2.1/maven-error-diagnostics-2.2.1.jar
Downloaded from central: https://repo.maven.apache.org/maven2/org/apache/maven/maven-core/2.2.1/maven-core-2.2.1.jar (178 kB at 48 kB/s)
Downloading from central: https://repo.maven.apache.org/maven2/org/apache/maven/maven-monitor/2.2.1/maven-monitor-2.2.1.jar
Downloaded from central: https://repo.maven.apache.org/maven2/org/slf4j/slf4j-api/1.5.6/slf4j-api-1.5.6.jar (22 kB at 5.7 kB/s)
Downloading from central: https://repo.maven.apache.org/maven2/org/apache/maven/surefire/surefire-api/2.19.1/surefire-api-2.19.1.jar
Progress (1): 4.1/17 kBProgress (1): 8.2/17 kBProgress (1): 12/17 kB Progress (1): 16/17 kBProgress (1): 17 kB   Progress (2): 17 kB | 4.1/26 kBProgress (2): 17 kB | 8.2/26 kBProgress (2): 17 kB | 12/26 kB Progress (2): 17 kB | 16/26 kBProgress (2): 17 kB | 20/26 kBProgress (2): 17 kB | 25/26 kBProgress (2): 17 kB | 26 kB   Progress (3): 17 kB | 26 kB | 4.1/13 kBProgress (3): 17 kB | 26 kB | 8.2/13 kBProgress (3): 17 kB | 26 kB | 12/13 kB Progress (4): 17 kB | 26 kB | 12/13 kB | 4.1/10 kBProgress (4): 17 kB | 26 kB | 13 kB | 4.1/10 kB   Progress (4): 17 kB | 26 kB | 13 kB | 8.2/10 kBProgress (4): 17 kB | 26 kB | 13 kB | 10 kB    Progress (5): 17 kB | 26 kB | 13 kB | 10 kB | 4.1/196 kBProgress (5): 17 kB | 26 kB | 13 kB | 10 kB | 8.2/196 kBProgress (5): 17 kB | 26 kB | 13 kB | 10 kB | 12/196 kB Progress (5): 17 kB | 26 kB | 13 kB | 10 kB | 16/196 kBProgress (5): 17 kB | 26 kB | 13 kB | 10 kB | 20/196 kBProgress (5): 17 kB | 26 kB | 13 kB | 10 kB | 25/196 kBProgress (5): 17 kB | 26 kB | 13 kB | 10 kB | 29/196 kBProgress (5): 17 kB | 26 kB | 13 kB | 10 kB | 33/196 kB                                                       Downloaded from central: https://repo.maven.apache.org/maven2/org/slf4j/jcl-over-slf4j/1.5.6/jcl-over-slf4j-1.5.6.jar (17 kB at 4.0 kB/s)
Downloading from central: https://repo.maven.apache.org/maven2/org/apache/maven/maven-toolchain/2.2.1/maven-toolchain-2.2.1.jar
Progress (4): 26 kB | 13 kB | 10 kB | 37/196 kBProgress (4): 26 kB | 13 kB | 10 kB | 41/196 kBProgress (4): 26 kB | 13 kB | 10 kB | 45/196 kBProgress (4): 26 kB | 13 kB | 10 kB | 49/196 kB                                               Downloaded from central: https://repo.maven.apache.org/maven2/org/apache/maven/maven-repository-metadata/2.2.1/maven-repository-metadata-2.2.1.jar (26 kB at 6.1 kB/s)
Downloading from central: https://repo.maven.apache.org/maven2/org/apache/maven/plugin-tools/maven-plugin-annotations/3.3/maven-plugin-annotations-3.3.jar
Progress (3): 13 kB | 10 kB | 53/196 kBProgress (3): 13 kB | 10 kB | 57/196 kBProgress (3): 13 kB | 10 kB | 61/196 kBProgress (3): 13 kB | 10 kB | 66/196 kBProgress (3): 13 kB | 10 kB | 70/196 kBProgress (3): 13 kB | 10 kB | 74/196 kBProgress (3): 13 kB | 10 kB | 78/196 kB                                       Downloaded from central: https://repo.maven.apache.org/maven2/org/apache/maven/maven-monitor/2.2.1/maven-monitor-2.2.1.jar (10 kB at 2.5 kB/s)
Progress (2): 13 kB | 82/196 kBProgress (2): 13 kB | 86/196 kBProgress (2): 13 kB | 90/196 kBProgress (2): 13 kB | 94/196 kBProgress (2): 13 kB | 98/196 kB                               Downloaded from central: https://repo.maven.apache.org/maven2/org/apache/maven/maven-error-diagnostics/2.2.1/maven-error-diagnostics-2.2.1.jar (13 kB at 3.1 kB/s)
Progress (1): 102/196 kBProgress (1): 106/196 kBProgress (1): 111/196 kBProgress (1): 115/196 kBProgress (1): 119/196 kBProgress (1): 123/196 kBProgress (1): 127/196 kBProgress (1): 131/196 kBProgress (1): 135/196 kBProgress (1): 139/196 kBProgress (1): 143/196 kBProgress (1): 147/196 kBProgress (1): 152/196 kBProgress (1): 156/196 kBProgress (1): 160/196 kBProgress (1): 164/196 kBProgress (1): 168/196 kBProgress (1): 172/196 kBProgress (1): 176/196 kBProgress (1): 180/196 kBProgress (1): 184/196 kBProgress (1): 188/196 kBProgress (1): 193/196 kBProgress (1): 196 kB    Progress (2): 196 kB | 4.1/38 kBProgress (2): 196 kB | 8.2/38 kBProgress (2): 196 kB | 12/38 kB Progress (2): 196 kB | 16/38 kBProgress (2): 196 kB | 20/38 kBProgress (2): 196 kB | 25/38 kBProgress (2): 196 kB | 29/38 kBProgress (2): 196 kB | 33/38 kBProgress (2): 196 kB | 37/38 kBProgress (2): 196 kB | 38 kB   Progress (3): 196 kB | 38 kB | 4.1/14 kBProgress (3): 196 kB | 38 kB | 8.2/14 kBProgress (3): 196 kB | 38 kB | 12/14 kB Progress (3): 196 kB | 38 kB | 14 kB                                       Downloaded from central: https://repo.maven.apache.org/maven2/org/apache/maven/surefire/surefire-api/2.19.1/surefire-api-2.19.1.jar (196 kB at 44 kB/s)
Downloaded from central: https://repo.maven.apache.org/maven2/org/apache/maven/maven-toolchain/2.2.1/maven-toolchain-2.2.1.jar (38 kB at 8.2 kB/s)
Downloaded from central: https://repo.maven.apache.org/maven2/org/apache/maven/plugin-tools/maven-plugin-annotations/3.3/maven-plugin-annotations-3.3.jar (14 kB at 3.0 kB/s)
Downloading from central: https://repo.maven.apache.org/maven2/org/apache/maven/surefire/surefire-junit47/2.19.1/surefire-junit47-2.19.1.pom
Progress (1): 4.1/6.2 kBProgress (1): 6.2 kB                        Downloaded from central: https://repo.maven.apache.org/maven2/org/apache/maven/surefire/surefire-junit47/2.19.1/surefire-junit47-2.19.1.pom (6.2 kB at 12 kB/s)
Downloading from central: https://repo.maven.apache.org/maven2/org/apache/maven/surefire/surefire-providers/2.19.1/surefire-providers-2.19.1.pom
Progress (1): 2.6 kB                    Downloaded from central: https://repo.maven.apache.org/maven2/org/apache/maven/surefire/surefire-providers/2.19.1/surefire-providers-2.19.1.pom (2.6 kB at 5.0 kB/s)
Downloading from central: https://repo.maven.apache.org/maven2/org/apache/maven/surefire/common-junit48/2.19.1/common-junit48-2.19.1.pom
Progress (1): 3.1 kB                    Downloaded from central: https://repo.maven.apache.org/maven2/org/apache/maven/surefire/common-junit48/2.19.1/common-junit48-2.19.1.pom (3.1 kB at 6.1 kB/s)
Downloading from central: https://repo.maven.apache.org/maven2/org/apache/maven/surefire/common-junit4/2.19.1/common-junit4-2.19.1.pom
Progress (1): 2.1 kB                    Downloaded from central: https://repo.maven.apache.org/maven2/org/apache/maven/surefire/common-junit4/2.19.1/common-junit4-2.19.1.pom (2.1 kB at 4.2 kB/s)
Downloading from central: https://repo.maven.apache.org/maven2/org/apache/maven/surefire/common-junit3/2.19.1/common-junit3-2.19.1.pom
Progress (1): 1.6 kB                    Downloaded from central: https://repo.maven.apache.org/maven2/org/apache/maven/surefire/common-junit3/2.19.1/common-junit3-2.19.1.pom (1.6 kB at 3.1 kB/s)
Downloading from central: https://repo.maven.apache.org/maven2/org/apache/maven/surefire/common-java5/2.19.1/common-java5-2.19.1.pom
Progress (1): 2.7 kB                    Downloaded from central: https://repo.maven.apache.org/maven2/org/apache/maven/surefire/common-java5/2.19.1/common-java5-2.19.1.pom (2.7 kB at 5.2 kB/s)
Downloading from central: https://repo.maven.apache.org/maven2/org/apache/maven/shared/maven-shared-utils/0.9/maven-shared-utils-0.9.pom
Progress (1): 4.1/6.2 kBProgress (1): 6.2 kB                        Downloaded from central: https://repo.maven.apache.org/maven2/org/apache/maven/shared/maven-shared-utils/0.9/maven-shared-utils-0.9.pom (6.2 kB at 12 kB/s)
Downloading from central: https://repo.maven.apache.org/maven2/org/apache/maven/shared/maven-shared-components/21/maven-shared-components-21.pom
Progress (1): 4.1/5.1 kBProgress (1): 5.1 kB                        Downloaded from central: https://repo.maven.apache.org/maven2/org/apache/maven/shared/maven-shared-components/21/maven-shared-components-21.pom (5.1 kB at 10 kB/s)
Downloading from central: https://repo.maven.apache.org/maven2/org/apache/maven/maven-parent/25/maven-parent-25.pom
Progress (1): 4.1/37 kBProgress (1): 8.2/37 kBProgress (1): 12/37 kB Progress (1): 16/37 kBProgress (1): 20/37 kBProgress (1): 25/37 kBProgress (1): 29/37 kBProgress (1): 33/37 kBProgress (1): 37/37 kBProgress (1): 37 kB                      Downloaded from central: https://repo.maven.apache.org/maven2/org/apache/maven/maven-parent/25/maven-parent-25.pom (37 kB at 64 kB/s)
Downloading from central: https://repo.maven.apache.org/maven2/org/apache/apache/15/apache-15.pom
Progress (1): 4.1/15 kBProgress (1): 8.2/15 kBProgress (1): 12/15 kB Progress (1): 15 kB                      Downloaded from central: https://repo.maven.apache.org/maven2/org/apache/apache/15/apache-15.pom (15 kB at 30 kB/s)
Downloading from central: https://repo.maven.apache.org/maven2/org/apache/maven/surefire/surefire-grouper/2.19.1/surefire-grouper-2.19.1.pom
Progress (1): 2.6 kB                    Downloaded from central: https://repo.maven.apache.org/maven2/org/apache/maven/surefire/surefire-grouper/2.19.1/surefire-grouper-2.19.1.pom (2.6 kB at 5.2 kB/s)
Downloading from central: https://repo.maven.apache.org/maven2/org/apache/maven/surefire/surefire-junit47/2.19.1/surefire-junit47-2.19.1.jar
Downloading from central: https://repo.maven.apache.org/maven2/org/apache/maven/surefire/common-junit4/2.19.1/common-junit4-2.19.1.jar
Downloading from central: https://repo.maven.apache.org/maven2/org/apache/maven/surefire/common-junit3/2.19.1/common-junit3-2.19.1.jar
Downloading from central: https://repo.maven.apache.org/maven2/org/apache/maven/surefire/common-java5/2.19.1/common-java5-2.19.1.jar
Downloading from central: https://repo.maven.apache.org/maven2/org/apache/maven/surefire/common-junit48/2.19.1/common-junit48-2.19.1.jar
Progress (1): 4.1/153 kBProgress (1): 8.2/153 kBProgress (1): 12/153 kB Progress (1): 16/153 kBProgress (1): 20/153 kBProgress (1): 25/153 kBProgress (1): 29/153 kBProgress (1): 33/153 kBProgress (2): 33/153 kB | 4.1/26 kBProgress (2): 33/153 kB | 8.2/26 kBProgress (2): 33/153 kB | 12/26 kB Progress (2): 33/153 kB | 16/26 kBProgress (2): 33/153 kB | 20/26 kBProgress (2): 33/153 kB | 25/26 kBProgress (2): 33/153 kB | 26 kB   Progress (3): 33/153 kB | 26 kB | 4.1/12 kBProgress (3): 33/153 kB | 26 kB | 8.2/12 kBProgress (3): 33/153 kB | 26 kB | 12 kB    Progress (3): 37/153 kB | 26 kB | 12 kBProgress (3): 41/153 kB | 26 kB | 12 kBProgress (3): 45/153 kB | 26 kB | 12 kBProgress (3): 49/153 kB | 26 kB | 12 kBProgress (3): 53/153 kB | 26 kB | 12 kBProgress (4): 53/153 kB | 26 kB | 12 kB | 4.1/23 kBProgress (4): 57/153 kB | 26 kB | 12 kB | 4.1/23 kBProgress (4): 57/153 kB | 26 kB | 12 kB | 8.2/23 kBProgress (4): 61/153 kB | 26 kB | 12 kB | 8.2/23 kBProgress (4): 61/153 kB | 26 kB | 12 kB | 12/23 kB Progress (4): 66/153 kB | 26 kB | 12 kB | 12/23 kBProgress (4): 66/153 kB | 26 kB | 12 kB | 16/23 kBProgress (5): 66/153 kB | 26 kB | 12 kB | 16/23 kB | 4.1/44 kBProgress (5): 66/153 kB | 26 kB | 12 kB | 16/23 kB | 8.2/44 kBProgress (5): 66/153 kB | 26 kB | 12 kB | 16/23 kB | 12/44 kB Progress (5): 66/153 kB | 26 kB | 12 kB | 16/23 kB | 16/44 kBProgress (5): 70/153 kB | 26 kB | 12 kB | 16/23 kB | 16/44 kBProgress (5): 74/153 kB | 26 kB | 12 kB | 16/23 kB | 16/44 kBProgress (5): 78/153 kB | 26 kB | 12 kB | 16/23 kB | 16/44 kBProgress (5): 82/153 kB | 26 kB | 12 kB | 16/23 kB | 16/44 kBProgress (5): 86/153 kB | 26 kB | 12 kB | 16/23 kB | 16/44 kBProgress (5): 90/153 kB | 26 kB | 12 kB | 16/23 kB | 16/44 kBProgress (5): 90/153 kB | 26 kB | 12 kB | 20/23 kB | 16/44 kBProgress (5): 90/153 kB | 26 kB | 12 kB | 23 kB | 16/44 kB   Progress (5): 94/153 kB | 26 kB | 12 kB | 23 kB | 16/44 kBProgress (5): 98/153 kB | 26 kB | 12 kB | 23 kB | 16/44 kBProgress (5): 102/153 kB | 26 kB | 12 kB | 23 kB | 16/44 kBProgress (5): 106/153 kB | 26 kB | 12 kB | 23 kB | 16/44 kBProgress (5): 111/153 kB | 26 kB | 12 kB | 23 kB | 16/44 kBProgress (5): 115/153 kB | 26 kB | 12 kB | 23 kB | 16/44 kBProgress (5): 119/153 kB | 26 kB | 12 kB | 23 kB | 16/44 kBProgress (5): 123/153 kB | 26 kB | 12 kB | 23 kB | 16/44 kBProgress (5): 127/153 kB | 26 kB | 12 kB | 23 kB | 16/44 kBProgress (5): 127/153 kB | 26 kB | 12 kB | 23 kB | 20/44 kBProgress (5): 127/153 kB | 26 kB | 12 kB | 23 kB | 25/44 kBProgress (5): 127/153 kB | 26 kB | 12 kB | 23 kB | 29/44 kBProgress (5): 127/153 kB | 26 kB | 12 kB | 23 kB | 33/44 kBProgress (5): 131/153 kB | 26 kB | 12 kB | 23 kB | 33/44 kBProgress (5): 135/153 kB | 26 kB | 12 kB | 23 kB | 33/44 kBProgress (5): 139/153 kB | 26 kB | 12 kB | 23 kB | 33/44 kBProgress (5): 143/153 kB | 26 kB | 12 kB | 23 kB | 33/44 kBProgress (5): 147/153 kB | 26 kB | 12 kB | 23 kB | 33/44 kBProgress (5): 152/153 kB | 26 kB | 12 kB | 23 kB | 33/44 kBProgress (5): 153 kB | 26 kB | 12 kB | 23 kB | 33/44 kB    Progress (5): 153 kB | 26 kB | 12 kB | 23 kB | 37/44 kBProgress (5): 153 kB | 26 kB | 12 kB | 23 kB | 41/44 kBProgress (5): 153 kB | 26 kB | 12 kB | 23 kB | 44 kB                                                       Downloaded from central: https://repo.maven.apache.org/maven2/org/apache/maven/surefire/common-junit4/2.19.1/common-junit4-2.19.1.jar (26 kB at 50 kB/s)
Downloading from central: https://repo.maven.apache.org/maven2/org/apache/maven/shared/maven-shared-utils/0.9/maven-shared-utils-0.9.jar
Downloaded from central: https://repo.maven.apache.org/maven2/org/apache/maven/surefire/common-junit3/2.19.1/common-junit3-2.19.1.jar (12 kB at 22 kB/s)
Downloading from central: https://repo.maven.apache.org/maven2/org/apache/maven/surefire/surefire-grouper/2.19.1/surefire-grouper-2.19.1.jar
Downloaded from central: https://repo.maven.apache.org/maven2/org/apache/maven/surefire/common-junit48/2.19.1/common-junit48-2.19.1.jar (23 kB at 39 kB/s)
Downloaded from central: https://repo.maven.apache.org/maven2/org/apache/maven/surefire/surefire-junit47/2.19.1/surefire-junit47-2.19.1.jar (153 kB at 260 kB/s)
Downloaded from central: https://repo.maven.apache.org/maven2/org/apache/maven/surefire/common-java5/2.19.1/common-java5-2.19.1.jar (44 kB at 74 kB/s)
Progress (1): 4.1/172 kBProgress (1): 8.2/172 kBProgress (1): 12/172 kB Progress (1): 16/172 kBProgress (1): 20/172 kBProgress (1): 25/172 kBProgress (1): 29/172 kBProgress (1): 33/172 kBProgress (1): 37/172 kBProgress (1): 41/172 kBProgress (1): 45/172 kBProgress (1): 49/172 kBProgress (1): 53/172 kBProgress (1): 57/172 kBProgress (1): 61/172 kBProgress (1): 66/172 kBProgress (1): 70/172 kBProgress (1): 74/172 kBProgress (1): 78/172 kBProgress (1): 82/172 kBProgress (1): 86/172 kBProgress (1): 90/172 kBProgress (1): 94/172 kBProgress (1): 98/172 kBProgress (1): 102/172 kBProgress (1): 106/172 kBProgress (1): 111/172 kBProgress (1): 115/172 kBProgress (1): 119/172 kBProgress (1): 123/172 kBProgress (1): 127/172 kBProgress (1): 131/172 kBProgress (1): 135/172 kBProgress (1): 139/172 kBProgress (1): 143/172 kBProgress (1): 147/172 kBProgress (1): 152/172 kBProgress (1): 156/172 kBProgress (1): 160/172 kBProgress (1): 164/172 kBProgress (1): 168/172 kBProgress (1): 172 kB    Progress (2): 172 kB | 4.1/38 kBProgress (2): 172 kB | 8.2/38 kBProgress (2): 172 kB | 12/38 kB Progress (2): 172 kB | 16/38 kBProgress (2): 172 kB | 20/38 kBProgress (2): 172 kB | 25/38 kBProgress (2): 172 kB | 29/38 kBProgress (2): 172 kB | 33/38 kBProgress (2): 172 kB | 37/38 kBProgress (2): 172 kB | 38 kB                               Downloaded from central: https://repo.maven.apache.org/maven2/org/apache/maven/surefire/surefire-grouper/2.19.1/surefire-grouper-2.19.1.jar (38 kB at 69 kB/s)
Downloaded from central: https://repo.maven.apache.org/maven2/org/apache/maven/shared/maven-shared-utils/0.9/maven-shared-utils-0.9.jar (172 kB at 298 kB/s)

-------------------------------------------------------
 T E S T S
-------------------------------------------------------
Running com.edurekademo.utilities.TestHexAsciiConversion
74657374696e6720617363696920636f6e76657274696f6e20696e746f2068657861646563696d616c
testing ascii convertion into hexadecimal
Tests run: 4, Failures: 0, Errors: 0, Skipped: 0, Time elapsed: 0.02 sec - in com.edurekademo.utilities.TestHexAsciiConversion
Running com.edurekademo.utilities.TestLogger
SLF4J: Class path contains multiple SLF4J bindings.
SLF4J: Found binding in [jar:file:/var/lib/jenkins/.m2/repository/org/slf4j/slf4j-simple/1.7.7/slf4j-simple-1.7.7.jar!/org/slf4j/impl/StaticLoggerBinder.class]
SLF4J: Found binding in [jar:file:/var/lib/jenkins/.m2/repository/org/slf4j/slf4j-log4j12/1.7.7/slf4j-log4j12-1.7.7.jar!/org/slf4j/impl/StaticLoggerBinder.class]
SLF4J: See http://www.slf4j.org/codes.html#multiple_bindings for an explanation.
SLF4J: Actual binding is of type [org.slf4j.impl.SimpleLoggerFactory]
[pool-1-thread-5] INFO com.edurekademo.utilities.TestLogger - java.lang.ArithmeticException: / by zero
Cause:at com.edurekademo.utilities.TestLogger.testGetErrorMessage1(TestLogger.java:14)
Cause:at sun.reflect.NativeMethodAccessorImpl.invoke0(Native Method)
[pool-1-thread-6] INFO com.edurekademo.utilities.TestLogger - java.lang.ArithmeticException: / by zero
Cause:at com.edurekademo.utilities.TestLogger.testGetErrorMessage2(TestLogger.java:30)
Cause:at sun.reflect.NativeMethodAccessorImpl.invoke0(Native Method)
[pool-1-thread-7] INFO com.edurekademo.utilities.TestLogger - java.lang.ArithmeticException: / by zero
Cause:at com.edurekademo.utilities.ExceptionThrower.getCounter(ExceptionThrower.java:13)
Cause:at com.edurekademo.utilities.TestLogger.testGetErrorMessage3(TestLogger.java:45)
[pool-1-thread-9] ERROR com.edurekademo.utilities.ExceptionThrower - java.lang.Exception: DEAR
Cause:at com.edurekademo.utilities.ExceptionThrower.doYYY(ExceptionThrower.java:35)
Cause:at com.edurekademo.utilities.ExceptionThrower.doXXX(ExceptionThrower.java:23)
[pool-1-thread-9] INFO com.edurekademo.utilities.TestLogger - java.lang.Exception: TEST MESSAGE
Cause:at com.edurekademo.utilities.ExceptionThrower.doCheck(ExceptionThrower.java:43)
Cause:at com.edurekademo.utilities.TestLogger.testGetErrorMessage5(TestLogger.java:75)
***** java.lang.Exception: TEST MESSAGE
Cause:at com.edurekademo.utilities.ExceptionThrower.doCheck(ExceptionThrower.java:43)
Cause:at com.edurekademo.utilities.TestLogger.testGetErrorMessage5(TestLogger.java:75)
[pool-1-thread-8] INFO com.edurekademo.utilities.TestLogger - java.io.IOException: TESTIOEXCEPTION
Cause:at com.edurekademo.utilities.ExceptionThrower.doNothing(ExceptionThrower.java:18)
Cause:at com.edurekademo.utilities.TestLogger.testGetErrorMessage4(TestLogger.java:60)
Tests run: 5, Failures: 0, Errors: 0, Skipped: 0, Time elapsed: 0.048 sec - in com.edurekademo.utilities.TestLogger
Running com.edurekademo.utilities.TestGenericComparator
Tests run: 14, Failures: 0, Errors: 0, Skipped: 0, Time elapsed: 0.065 sec - in com.edurekademo.utilities.TestGenericComparator

Results :

Tests run: 23, Failures: 0, Errors: 0, Skipped: 0

[INFO] ------------------------------------------------------------------------
[INFO] BUILD SUCCESS
[INFO] ------------------------------------------------------------------------
[INFO] Total time:  25.399 s
[INFO] Finished at: 2020-04-09T17:01:29+05:30
[INFO] ------------------------------------------------------------------------
Recording test results
Triggering a new build of [8mha:////4ETZ2YOoT+yHkjWonNrpdb90Uyz1lpHFIsi9/eLC4O3pAAAApB+LCAAAAAAAAP9b85aBtbiIQTGjNKU4P08vOT+vOD8nVc83PyU1x6OyILUoJzMv2y+/JJUBAhiZGBgqihhk0NSjKDWzXb3RdlLBUSYGJk8GtpzUvPSSDB8G5tKinBIGIZ+sxLJE/ZzEvHT94JKizLx0a6BxUmjGOUNodHsLgAzhEgZJ/az8JH0TPceCgpzM5MSSzPw831SgWcn6ANBHjU/OAAAA[0m4.ApplicationMetric
Finished: SUCCESS
