[2020-04-13T09:35:16.349Z] Started by user [8mha:////4IMMv8T2XIKwgqbrGOhOzF4+E7SeVBm4zoNrNbmggpHXAAAAlx+LCAAAAAAAAP9b85aBtbiIQTGjNKU4P08vOT+vOD8nVc83PyU1x6OyILUoJzMv2y+/JJUBAhiZGBgqihhk0NSjKDWzXb3RdlLBUSYGJk8GtpzUvPSSDB8G5tKinBIGIZ+sxLJE/ZzEvHT94JKizLx0a6BxUmjGOUNodHsLgAzWEgZu/dLi1CL9xJTczDwAj6GcLcAAAAA=[0madmin
[2020-04-13T09:35:16.349Z] Running in Durability level: MAX_SURVIVABILITY
[2020-04-13T09:35:17.274Z] [8mha:////4HkCTMbguUsNbCviI6jbUHTimscQdH79/E8CCyAshF9uAAAAoh+LCAAAAAAAAP9tjTEOwjAQBM8BClpKHuFItIiK1krDC0x8GCfWnbEdkooX8TX+gCESFVvtrLSa5wtWKcKBo5UdUu8otU4GP9jS5Mixv3geZcdn2TIl9igbHBs2eJyx4YwwR1SwULBGaj0nRzbDRnX6rmuvydanHMu2V1A5c4MHCFXMWcf8hSnC9jqYxPTz/BXAFEIGsfuclm8zQVqFvQAAAA==[0m[Pipeline] Start of Pipeline
[2020-04-13T09:35:17.497Z] [8mha:////4FYj6x4qxNGl+3P432fNY2HeiK28Y3Uw/2z4UscDx0dfAAAApR+LCAAAAAAAAP9tjTEOwjAUQ3+KOrAycohUghExsUZZOEFIQkgb/d8mKe3EibgadyBQiQlLlmxL1nu+oE4RjhQdby12HpP2vA+jK4lPFLtroIm3dOGaMFGwXNpJkrGnpUrKFhaxClYC1hZ1oOTRZdiIVt1VExS65pxj2Q4CKm8GeAAThZxVzN8yR9jeRpMIf5y/AJj7DGxXvP/86jduZBmjwAAAAA==[0m[Pipeline] node
[2020-04-13T09:35:18.464Z] Running on [8mha:////4Nbi4X6v9wHiBbajrPyD5IFr5y5ik4Po7OXFngleXFUKAAAAnh+LCAAAAAAAAP9b85aBtbiIQTGjNKU4P08vOT+vOD8nVc83PyU1x6OyILUoJzMv2y+/JJUBAhiZGBgqihhk0NSjKDWzXb3RdlLBUSYGJk8GtpzUvPSSDB8G5tKinBIGIZ+sxLJE/ZzEvHT94JKizLx0a6BxUmjGOUNodHsLgAz2EgZh/eT83ILSktQifY3cxGIgrakPAHib2iPIAAAA[0mJenkins in /var/lib/jenkins/workspace/0.Jenkins_FullPipeLine
[2020-04-13T09:35:18.631Z] [8mha:////4Cw25TOrn2s1G6TaNvbzasdH9l7ksnngnCzuLjNik6qiAAAApR+LCAAAAAAAAP9tjTEOwjAUQ3+KOrAycoh0gA0xsUZZOEFIQkgb/d8mKe3EibgadyBQiQlLlmxL1nu+oE4RjhQdby12HpP2vA+jK4lPFLtroIm3dOGaMFGwXNpJkrGnpUrKFhaxClYC1hZ1oOTRZdiIVt1VExS65pxj2Q4CKm8GeAAThZxVzN8yR9jeRpMIf5y/AJj7DGxXvP/86jfoP95RwAAAAA==[0m[Pipeline] {
[2020-04-13T09:35:21.744Z] [8mha:////4CJfidGOy+7O32LyggUqwGsd+5YIj+Q4lxu2S1msNPv3AAAAoh+LCAAAAAAAAP9tjTEOAiEURD9rLGwtPQTbaGWsbAmNJ0AWEZb8zwLrbuWJvJp3kLiJlZNMMm+a93rDOic4UbLcG+wdZu14DKOti0+U+lugiXu6ck2YKRguzSSpM+cFJRUDS1gDKwEbgzpQdmgLbIVXD9UGhba9lFS/o4DGdQM8gYlqLiqVL8wJdvexy4Q/z18BzLEA29ce4gdpL1fxvAAAAA==[0m[Pipeline] properties
[2020-04-13T09:35:22.457Z] [8mha:////4NxAQCU3Ee+QaADc/sLgDXlwCJh/aSUXB7Jcr8zMoPpyAAAAph+LCAAAAAAAAP9tjTEOwjAUQ3+KOrAycoh0QSyIiTXKwglCEkLa6P82SWknTsTVuAOBSkxYsmRbst7zBXWKcKToeGux85i0530YXUl8othdA028pQvXhImC5dJOkow9LVVStrCIVbASsLaoAyWPLsNGtOqumqDQNeccy3YQUHkzwAOYKOSsYv6WOcL2NppE+OP8BcDcZ2C74v3nV78BmoXK/sAAAAA=[0m[Pipeline] stage
[2020-04-13T09:35:22.479Z] [8mha:////4P1Ig47cS23iXMbd5J2+hxTohys5e5IGr/GbqwVTgr+zAAAApR+LCAAAAAAAAP9tjTEOwjAUQ3+KOrAycoh0gwExsUZZOEFIQkgb/d8mKe3EibgadyBQiQlLlmxL1nu+oE4RjhQdby12HpP2vA+jK4lPFLtroIm3dOGaMFGwXNpJkrGnpUrKFhaxClYC1hZ1oOTRZdiIVt1VExS65pxj2Q4CKm8GeAAThZxVzN8yR9jeRpMIf5y/AJj7DGxXvP/86jcChmMxwAAAAA==[0m[Pipeline] { (Checkout)
[2020-04-13T09:35:22.773Z] [8mha:////4CYn5rqLlUkm4lGBbpqee6QLGkeLstmkeATx7qlN/06UAAAAoh+LCAAAAAAAAP9tjTEOAiEURD9rLGwtPQRbamKsbAmNJ0AWEZb8zwLrbuWJvJp3kLiJlZNMMm+a93rDOic4UbLcG+wdZu14DKOti0+U+lugiXu6ck2YKRguzSSpM+cFJRUDS1gDKwEbgzpQdmgLbIVXD9UGhba9lFS/o4DGdQM8gYlqLiqVL8wJdvexy4Q/z18BzLEA29ce4geKI23CvAAAAA==[0m[Pipeline] cleanWs
[2020-04-13T09:35:23.160Z] [WS-CLEANUP] Deleting project workspace...
[2020-04-13T09:35:23.160Z] [WS-CLEANUP] Deferred wipeout is used...
[2020-04-13T09:35:23.303Z] [WS-CLEANUP] done
[2020-04-13T09:35:23.379Z] [8mha:////4HMR/5senrtMcln6vTR5YgpVtNStC3FnDKp+Tcq7aQQaAAAAoh+LCAAAAAAAAP9tjTEOAiEURD9rLGwtPQRbGmOsbAmNJ0AWEZb8zwLrbuWJvJp3kLiJlZNMMm+a93rDOic4UbLcG+wdZu14DKOti0+U+lugiXu6ck2YKRguzSSpM+cFJRUDS1gDKwEbgzpQdmgLbIVXD9UGhba9lFS/o4DGdQM8gYlqLiqVL8wJdvexy4Q/z18BzLEA29ce4gfLEnbbvAAAAA==[0m[Pipeline] git
[2020-04-13T09:35:23.429Z] No credentials specified
[2020-04-13T09:35:23.430Z] Cloning the remote Git repository
[2020-04-13T09:35:23.430Z] Cloning repository https://github.com/rrahul4/game-of-life
[2020-04-13T09:35:23.430Z]  > git init /var/lib/jenkins/workspace/0.Jenkins_FullPipeLine # timeout=10
[2020-04-13T09:35:24.145Z] Fetching upstream changes from https://github.com/rrahul4/game-of-life
[2020-04-13T09:35:24.145Z]  > git --version # timeout=10
[2020-04-13T09:35:24.152Z]  > git fetch --tags --progress -- https://github.com/rrahul4/game-of-life +refs/heads/*:refs/remotes/origin/* # timeout=10
[2020-04-13T09:35:46.151Z]  > git config remote.origin.url https://github.com/rrahul4/game-of-life # timeout=10
[2020-04-13T09:35:46.159Z]  > git config --add remote.origin.fetch +refs/heads/*:refs/remotes/origin/* # timeout=10
[2020-04-13T09:35:46.177Z]  > git config remote.origin.url https://github.com/rrahul4/game-of-life # timeout=10
[2020-04-13T09:35:46.192Z] Fetching upstream changes from https://github.com/rrahul4/game-of-life
[2020-04-13T09:35:46.192Z]  > git fetch --tags --progress -- https://github.com/rrahul4/game-of-life +refs/heads/*:refs/remotes/origin/* # timeout=10
[2020-04-13T09:35:47.396Z]  > git rev-parse refs/remotes/origin/master^{commit} # timeout=10
[2020-04-13T09:35:47.421Z]  > git rev-parse refs/remotes/origin/origin/master^{commit} # timeout=10
[2020-04-13T09:35:47.429Z] Checking out Revision c24bb1ae41bfd5980ce9f0aa8b9a636b920c71fd (refs/remotes/origin/master)
[2020-04-13T09:35:47.429Z]  > git config core.sparsecheckout # timeout=10
[2020-04-13T09:35:47.434Z]  > git checkout -f c24bb1ae41bfd5980ce9f0aa8b9a636b920c71fd # timeout=10
[2020-04-13T09:35:49.294Z]  > git branch -a -v --no-abbrev # timeout=10
[2020-04-13T09:35:49.838Z]  > git checkout -b master c24bb1ae41bfd5980ce9f0aa8b9a636b920c71fd # timeout=10
[2020-04-13T09:35:50.908Z] Commit message: "Merge pull request #198 from GeraldScott/master"
[2020-04-13T09:35:50.909Z]  > git rev-list --no-walk c24bb1ae41bfd5980ce9f0aa8b9a636b920c71fd # timeout=10
[2020-04-13T09:35:51.514Z] [8mha:////4HnFljV0yerv8dd46SPPMtkUUnQ8mtS5vm2MNT6UAY8pAAAAox+LCAAAAAAAAP9tjTESgjAQRT84FraWHiJoZeFY2WZoPEGEGAOZXUwWofJEXs07yMiMlb/67zXv9cYyRRw5OtVYaj2lyqsu9G56auDYXgMPquGLqpgSB6tKO5Rc29OMJYvFvCzHQmNlqQqcPDnBWjfmYYpgyBVniZM7aOS+vuOJTE9lMVG+MEZsbn2dmH6dvwGMXSfId1tBtv8AP3pMS70AAAA=[0m[Pipeline] }
[2020-04-13T09:35:51.927Z] [8mha:////4FCXIrRFWCpIiF/Ny3J6lQqdhVR07/FG0aZ359ckDGwsAAAAox+LCAAAAAAAAP9tjTESgjAQRT84FraWHiIMjY1jZZuh8QQRYgxkdjFZhMoTeTXvICMzVv7qv9e81xvrFHHk6FRrqfOUaq/6MLj5qZFjdw08qpYvqmZKHKyq7FhxY08LViwWy7IcK42NpTpw8uQEW92ahymCIVecJc7uoJH75o4nMj2XxUT5whSxuw1NYvp1/gYw9b0gL0tBtv8AGWMrAb0AAAA=[0m[Pipeline] // stage
[2020-04-13T09:35:52.228Z] [8mha:////4H7px8MgWfIuxEYycqll1pyR8vyvfKmbXe3uEK1XgAu3AAAAph+LCAAAAAAAAP9tjTEOwjAQBM9BKWgpeYQjEB2iorXc8AITG+PEugv2haTiRXyNPxCIRMVWOyut5vmCMic4UPKycdgGzHWQXez91ORAqb1EGmRDZ1kTZopOajdosu44oyZ2MEcUsFCwdFhHygE9w0o15m6qaNBXJ07TtldQBHuDBwg1mdkk/sKYYH3tbSb8ef4KYOwYxI6h2Gw/x/INvUXiHMEAAAA=[0m[Pipeline] stage
[2020-04-13T09:35:52.239Z] [8mha:////4AC+/jOWgjw18JZZB4Vn4kXgrrJgSOASdANvqT4ax1amAAAAph+LCAAAAAAAAP9tjTEOwjAUQ3+LOrAycohUwIiYukZZOEFoQkgb/V9+UtqJE3E17kBLJSY8WLYl673eUESGE7ETjcXWY6y96ELvpiQG4vYaaBANXURNGClYoeygyNhqqYqShUVZDisJa4t1oOjRJdjIRj90GTS68px42o4Scm/u8IRMTuSkOX3LyLC99SYS/jh/ATB2CfLdfrbD/Cw+y7kUycIAAAA=[0m[Pipeline] { (Compile)
[2020-04-13T09:35:52.258Z] [8mha:////4FjcDgfBW/Y91/N2qfYhz3E7sFyHKtFJy6XqqwtunynWAAAApx+LCAAAAAAAAP9tjTEOwjAUQ3+LOrAycohUCDbE1DXKwglCE0La6P/yk9JOnIircQdaKjHhwbItWe/1hiIynIidaCy2HmPtRRd6NyUxELfXQINo6CJqwkjBCmUHRcZWS1WULCzKclhJWFusA0WPLsFGNvqhy6DRlefE03aUkHtzhydkciInzelbRobtrTeR8Mf5C4CxS5Dv9rMd5mfxAbNWnxXCAAAA[0m[Pipeline] withMaven
[2020-04-13T09:35:52.260Z] [withMaven] Options: []
[2020-04-13T09:35:52.260Z] [withMaven] Available options: 
[2020-04-13T09:35:52.260Z] [withMaven] using JDK installation provided by the build agent
[2020-04-13T09:35:52.371Z] [withMaven] using Maven installation 'MyMaven'
[2020-04-13T09:35:52.377Z] [8mha:////4CWO7pcwHvL/fy2iuItgRsXTT+QdVARTrL/RiLmK4LslAAAApx+LCAAAAAAAAP9tjTEOwjAUQ3+LOrAycohUSDAhpq5RFk4QmhDSRv+Xn5R24kRcjTvQUokJD5ZtyXqvNxSR4UTsRGOx9RhrL7rQuymJgbi9BhpEQxdRE0YKVig7KDK2WqqiZGFRlsNKwtpiHSh6dAk2stEPXQaNrjwnnrajhNybOzwhkxM5aU7fMjJsb72JhD/OXwCMXYJ8t5/tMD+LD5WQ+PfCAAAA[0m[Pipeline] {
[2020-04-13T09:35:52.404Z] [8mha:////4A+nostiqBG9ubXXWC4dNmj8z1KBpqHdXpYqBDAhexuRAAAApB+LCAAAAAAAAP9tjTEOwjAQBC9BFLSUPOIiCmgQVVrLDS8wsTFOrDtjOyQVL+Jr/IFAJCq2WO1sM88XLFOEI0eLraHOUWocBt/baeHAsbt4HrDlMzZMib1BaQbJ2tQzSs4G5hQlLASsDDWekyObYS1adVeVV2SrU47TdxBQOn2DBxRiMmcV8xfGCJtrrxPTz/NXAGPIUG53n9qHN7LjSKW+AAAA[0m[Pipeline] sh
[2020-04-13T09:35:52.793Z] + mvn compile
[2020-04-13T09:35:52.793Z] ----- withMaven Wrapper script -----
[2020-04-13T09:35:53.931Z] Picked up JAVA_TOOL_OPTIONS: -Dmaven.ext.class.path="/var/lib/jenkins/workspace/0.Jenkins_FullPipeLine@tmp/withMavenb099aeb6/pipeline-maven-spy.jar" -Dorg.jenkinsci.plugins.pipeline.maven.reportsFolder="/var/lib/jenkins/workspace/0.Jenkins_FullPipeLine@tmp/withMavenb099aeb6" 
[2020-04-13T09:36:00.446Z] Apache Maven 3.6.3 (cecedd343002696d0abb50b32b541b8a6ba2883f)
[2020-04-13T09:36:00.446Z] Maven home: /var/lib/jenkins/tools/hudson.tasks.Maven_MavenInstallation/MyMaven
[2020-04-13T09:36:00.446Z] Java version: 1.8.0_242, vendor: Private Build, runtime: /usr/lib/jvm/java-8-openjdk-amd64/jre
[2020-04-13T09:36:00.446Z] Default locale: en_IN, platform encoding: UTF-8
[2020-04-13T09:36:00.446Z] OS name: "linux", version: "5.3.0-46-generic", arch: "amd64", family: "unix"
[2020-04-13T09:36:12.555Z] [INFO] [jenkins-event-spy] Generate /var/lib/jenkins/workspace/0.Jenkins_FullPipeLine@tmp/withMavenb099aeb6/maven-spy-20200413-150609-160850295075323041417.log.tmp ...
[2020-04-13T09:36:12.555Z] [INFO] Scanning for projects...
[2020-04-13T09:36:16.699Z] [WARNING] 
[2020-04-13T09:36:16.699Z] [WARNING] Some problems were encountered while building the effective model for com.wakaleo.gameoflife:gameoflife-build:jar:1.0-SNAPSHOT
[2020-04-13T09:36:16.699Z] [WARNING] Reporting configuration should be done in <reporting> section, not in maven-site-plugin <configuration> as reportPlugins parameter.
[2020-04-13T09:36:16.699Z] [WARNING] 
[2020-04-13T09:36:16.699Z] [WARNING] Some problems were encountered while building the effective model for com.wakaleo.gameoflife:gameoflife-core:jar:1.0-SNAPSHOT
[2020-04-13T09:36:16.699Z] [WARNING] Reporting configuration should be done in <reporting> section, not in maven-site-plugin <configuration> as reportPlugins parameter.
[2020-04-13T09:36:16.699Z] [WARNING] 
[2020-04-13T09:36:16.699Z] [WARNING] Some problems were encountered while building the effective model for com.wakaleo.gameoflife:gameoflife-web:war:1.0-SNAPSHOT
[2020-04-13T09:36:16.699Z] [WARNING] Reporting configuration should be done in <reporting> section, not in maven-site-plugin <configuration> as reportPlugins parameter.
[2020-04-13T09:36:16.699Z] [WARNING] 
[2020-04-13T09:36:16.699Z] [WARNING] Some problems were encountered while building the effective model for com.wakaleo.gameoflife:gameoflife:pom:1.0-SNAPSHOT
[2020-04-13T09:36:16.699Z] [WARNING] Reporting configuration should be done in <reporting> section, not in maven-site-plugin <configuration> as reportPlugins parameter. @ line 302, column 40
[2020-04-13T09:36:16.699Z] [WARNING] 
[2020-04-13T09:36:16.699Z] [WARNING] It is highly recommended to fix these problems because they threaten the stability of your build.
[2020-04-13T09:36:16.699Z] [WARNING] 
[2020-04-13T09:36:16.699Z] [WARNING] For this reason, future Maven versions might no longer support building such malformed projects.
[2020-04-13T09:36:16.699Z] [WARNING] 
[2020-04-13T09:36:16.699Z] [INFO] ------------------------------------------------------------------------
[2020-04-13T09:36:16.699Z] [INFO] Reactor Build Order:
[2020-04-13T09:36:16.699Z] [INFO] 
[2020-04-13T09:36:16.699Z] [INFO] gameoflife                                                         [pom]
[2020-04-13T09:36:16.699Z] [INFO] gameoflife-build                                                   [jar]
[2020-04-13T09:36:16.699Z] [INFO] gameoflife-core                                                    [jar]
[2020-04-13T09:36:16.699Z] [INFO] gameoflife-web                                                     [war]
[2020-04-13T09:36:16.699Z] [INFO] 
[2020-04-13T09:36:16.699Z] [INFO] -----------------< com.wakaleo.gameoflife:gameoflife >------------------
[2020-04-13T09:36:16.699Z] [INFO] Building gameoflife 1.0-SNAPSHOT                                   [1/4]
[2020-04-13T09:36:16.699Z] [INFO] --------------------------------[ pom ]---------------------------------
[2020-04-13T09:36:19.185Z] [INFO] 
[2020-04-13T09:36:19.185Z] [INFO] --- maven-enforcer-plugin:1.0:enforce (enforce-versions) @ gameoflife ---
[2020-04-13T09:36:21.686Z] [INFO] 
[2020-04-13T09:36:21.686Z] [INFO] --- jacoco-maven-plugin:0.7.2.201409121644:prepare-agent (jacoco-initialize) @ gameoflife ---
[2020-04-13T09:36:36.483Z] [INFO] argLine set to -javaagent:/var/lib/jenkins/.m2/repository/org/jacoco/org.jacoco.agent/0.7.2.201409121644/org.jacoco.agent-0.7.2.201409121644-runtime.jar=destfile=/var/lib/jenkins/workspace/0.Jenkins_FullPipeLine/target/jacoco.exec
[2020-04-13T09:36:36.483Z] [INFO] 
[2020-04-13T09:36:36.483Z] [INFO] --------------< com.wakaleo.gameoflife:gameoflife-build >---------------
[2020-04-13T09:36:36.483Z] [INFO] Building gameoflife-build 1.0-SNAPSHOT                             [2/4]
[2020-04-13T09:36:36.483Z] [INFO] --------------------------------[ jar ]---------------------------------
[2020-04-13T09:36:36.483Z] [INFO] 
[2020-04-13T09:36:36.483Z] [INFO] --- maven-enforcer-plugin:1.0:enforce (enforce-versions) @ gameoflife-build ---
[2020-04-13T09:36:36.483Z] [INFO] 
[2020-04-13T09:36:36.483Z] [INFO] --- maven-resources-plugin:2.6:resources (default-resources) @ gameoflife-build ---
[2020-04-13T09:36:36.483Z] [INFO] Using 'UTF-8' encoding to copy filtered resources.
[2020-04-13T09:36:36.483Z] [INFO] Copying 2 resources
[2020-04-13T09:36:36.483Z] [INFO] 
[2020-04-13T09:36:36.483Z] [INFO] --- jacoco-maven-plugin:0.7.2.201409121644:prepare-agent (jacoco-initialize) @ gameoflife-build ---
[2020-04-13T09:36:36.483Z] [INFO] argLine set to -javaagent:/var/lib/jenkins/.m2/repository/org/jacoco/org.jacoco.agent/0.7.2.201409121644/org.jacoco.agent-0.7.2.201409121644-runtime.jar=destfile=/var/lib/jenkins/workspace/0.Jenkins_FullPipeLine/gameoflife-build/target/jacoco.exec
[2020-04-13T09:36:36.483Z] [INFO] 
[2020-04-13T09:36:36.483Z] [INFO] --- maven-compiler-plugin:3.1:compile (default-compile) @ gameoflife-build ---
[2020-04-13T09:36:37.036Z] [INFO] No sources to compile
[2020-04-13T09:36:37.036Z] [INFO] 
[2020-04-13T09:36:37.036Z] [INFO] ---------------< com.wakaleo.gameoflife:gameoflife-core >---------------
[2020-04-13T09:36:37.036Z] [INFO] Building gameoflife-core 1.0-SNAPSHOT                              [3/4]
[2020-04-13T09:36:37.036Z] [INFO] --------------------------------[ jar ]---------------------------------
[2020-04-13T09:36:37.036Z] [INFO] 
[2020-04-13T09:36:37.036Z] [INFO] --- maven-enforcer-plugin:1.0:enforce (enforce-versions) @ gameoflife-core ---
[2020-04-13T09:36:37.036Z] [INFO] 
[2020-04-13T09:36:37.036Z] [INFO] --- maven-resources-plugin:2.6:resources (default-resources) @ gameoflife-core ---
[2020-04-13T09:36:37.036Z] [INFO] Using 'UTF-8' encoding to copy filtered resources.
[2020-04-13T09:36:37.036Z] [INFO] skip non existing resourceDirectory /var/lib/jenkins/workspace/0.Jenkins_FullPipeLine/gameoflife-core/src/main/resources
[2020-04-13T09:36:37.036Z] [INFO] 
[2020-04-13T09:36:37.036Z] [INFO] --- jacoco-maven-plugin:0.7.2.201409121644:prepare-agent (jacoco-initialize) @ gameoflife-core ---
[2020-04-13T09:36:37.036Z] [INFO] argLine set to -javaagent:/var/lib/jenkins/.m2/repository/org/jacoco/org.jacoco.agent/0.7.2.201409121644/org.jacoco.agent-0.7.2.201409121644-runtime.jar=destfile=/var/lib/jenkins/workspace/0.Jenkins_FullPipeLine/gameoflife-core/target/jacoco.exec
[2020-04-13T09:36:37.036Z] [INFO] 
[2020-04-13T09:36:37.036Z] [INFO] --- maven-compiler-plugin:3.1:compile (default-compile) @ gameoflife-core ---
[2020-04-13T09:36:37.036Z] [INFO] Changes detected - recompiling the module!
[2020-04-13T09:36:37.036Z] [INFO] Compiling 5 source files to /var/lib/jenkins/workspace/0.Jenkins_FullPipeLine/gameoflife-core/target/classes
[2020-04-13T09:36:42.260Z] [INFO] 
[2020-04-13T09:36:42.260Z] [INFO] ---------------< com.wakaleo.gameoflife:gameoflife-web >----------------
[2020-04-13T09:36:42.260Z] [INFO] Building gameoflife-web 1.0-SNAPSHOT                               [4/4]
[2020-04-13T09:36:42.260Z] [INFO] --------------------------------[ war ]---------------------------------
[2020-04-13T09:36:42.821Z] [INFO] 
[2020-04-13T09:36:42.821Z] [INFO] --- maven-enforcer-plugin:1.0:enforce (enforce-versions) @ gameoflife-web ---
[2020-04-13T09:36:42.821Z] [INFO] 
[2020-04-13T09:36:42.821Z] [INFO] --- maven-resources-plugin:2.6:resources (default-resources) @ gameoflife-web ---
[2020-04-13T09:36:42.821Z] [INFO] Using 'UTF-8' encoding to copy filtered resources.
[2020-04-13T09:36:42.821Z] [INFO] Copying 1 resource
[2020-04-13T09:36:42.821Z] [INFO] 
[2020-04-13T09:36:42.821Z] [INFO] --- jacoco-maven-plugin:0.7.2.201409121644:prepare-agent (jacoco-initialize) @ gameoflife-web ---
[2020-04-13T09:36:42.821Z] [INFO] argLine set to -javaagent:/var/lib/jenkins/.m2/repository/org/jacoco/org.jacoco.agent/0.7.2.201409121644/org.jacoco.agent-0.7.2.201409121644-runtime.jar=destfile=/var/lib/jenkins/workspace/0.Jenkins_FullPipeLine/gameoflife-web/target/jacoco.exec
[2020-04-13T09:36:42.821Z] [INFO] 
[2020-04-13T09:36:42.821Z] [INFO] --- maven-compiler-plugin:3.1:compile (default-compile) @ gameoflife-web ---
[2020-04-13T09:36:42.821Z] [INFO] Changes detected - recompiling the module!
[2020-04-13T09:36:42.821Z] [INFO] Compiling 2 source files to /var/lib/jenkins/workspace/0.Jenkins_FullPipeLine/gameoflife-web/target/classes
[2020-04-13T09:36:43.742Z] [INFO] ------------------------------------------------------------------------
[2020-04-13T09:36:43.742Z] [INFO] Reactor Summary for gameoflife 1.0-SNAPSHOT:
[2020-04-13T09:36:43.742Z] [INFO] 
[2020-04-13T09:36:43.742Z] [INFO] gameoflife ......................................... SUCCESS [ 17.822 s]
[2020-04-13T09:36:43.742Z] [INFO] gameoflife-build ................................... SUCCESS [  2.938 s]
[2020-04-13T09:36:43.742Z] [INFO] gameoflife-core .................................... SUCCESS [  4.596 s]
[2020-04-13T09:36:43.742Z] [INFO] gameoflife-web ..................................... SUCCESS [  1.992 s]
[2020-04-13T09:36:43.742Z] [INFO] ------------------------------------------------------------------------
[2020-04-13T09:36:43.742Z] [INFO] BUILD SUCCESS
[2020-04-13T09:36:43.742Z] [INFO] ------------------------------------------------------------------------
[2020-04-13T09:36:43.742Z] [INFO] Total time:  32.495 s
[2020-04-13T09:36:43.742Z] [INFO] Finished at: 2020-04-13T15:06:43+05:30
[2020-04-13T09:36:43.742Z] [INFO] ------------------------------------------------------------------------
[2020-04-13T09:36:43.742Z] [INFO] [jenkins-event-spy] Generated /var/lib/jenkins/workspace/0.Jenkins_FullPipeLine@tmp/withMavenb099aeb6/maven-spy-20200413-150609-160850295075323041417.log
[2020-04-13T09:36:44.053Z] [8mha:////4Fg6ITAXgCroINBCxxt6ZryoC3XO9aHy95XXwxgdX5kNAAAApR+LCAAAAAAAAP9tjTEOwjAQBC9BFLSUPOIiCkSBqNJabniBiY1xYt0Z2yGpeBFf4w8EIlGxxWpnm3m+YJkiHDlabA11jlLjMPjeTgsHjt3F84Atn7FhSuwNSjNI1qaeUXI2MKcoYSFgZajxnBzZDGvRqruqvCJbnXKcvoOA0ukbPKAQkzmrmL8wRthce52Yfp6/AhhDyFBu95/avQGOY4V7vgAAAA==[0m[Pipeline] }
[2020-04-13T09:36:44.122Z] [withMaven] artifactsPublisher - Archive artifact pom.xml under com/wakaleo/gameoflife/gameoflife/1.0-SNAPSHOT/gameoflife-1.0-SNAPSHOT.pom
[2020-04-13T09:36:44.123Z] [withMaven] artifactsPublisher - Archive artifact gameoflife-build/pom.xml under com/wakaleo/gameoflife/gameoflife-build/1.0-SNAPSHOT/gameoflife-build-1.0-SNAPSHOT.pom
[2020-04-13T09:36:44.123Z] [withMaven] artifactsPublisher - Archive artifact gameoflife-core/pom.xml under com/wakaleo/gameoflife/gameoflife-core/1.0-SNAPSHOT/gameoflife-core-1.0-SNAPSHOT.pom
[2020-04-13T09:36:44.123Z] [withMaven] artifactsPublisher - Archive artifact gameoflife-web/pom.xml under com/wakaleo/gameoflife/gameoflife-web/1.0-SNAPSHOT/gameoflife-web-1.0-SNAPSHOT.pom
[2020-04-13T09:36:44.684Z] [withMaven] jacocoPublisher - Archive JaCoCo analysis results for Maven artifact MavenArtifact{com.wakaleo.gameoflife:gameoflife:pom:1.0-SNAPSHOT(version: 1.0-SNAPSHOT, snapshot:false) } generated by PluginInvocation{org.jacoco:jacoco-maven-plugin:0.7.2.201409121644@prepare-agent  jacoco-initialize}: execFile: target/jacoco.exec, sources: src/main/java, classes: target/classes
[2020-04-13T09:36:44.684Z] [withMaven] jacocoPublisher - Archive JaCoCo analysis results for Maven artifact MavenArtifact{com.wakaleo.gameoflife:gameoflife-build:jar:1.0-SNAPSHOT(version: 1.0-SNAPSHOT, snapshot:false) } generated by PluginInvocation{org.jacoco:jacoco-maven-plugin:0.7.2.201409121644@prepare-agent  jacoco-initialize}: execFile: gameoflife-build/target/jacoco.exec, sources: gameoflife-build/src/main/java, classes: gameoflife-build/target/classes
[2020-04-13T09:36:44.684Z] [withMaven] jacocoPublisher - Archive JaCoCo analysis results for Maven artifact MavenArtifact{com.wakaleo.gameoflife:gameoflife-core:jar:1.0-SNAPSHOT(version: 1.0-SNAPSHOT, snapshot:false) } generated by PluginInvocation{org.jacoco:jacoco-maven-plugin:0.7.2.201409121644@prepare-agent  jacoco-initialize}: execFile: gameoflife-core/target/jacoco.exec, sources: gameoflife-core/src/main/java, classes: gameoflife-core/target/classes
[2020-04-13T09:36:44.684Z] [withMaven] jacocoPublisher - Archive JaCoCo analysis results for Maven artifact MavenArtifact{com.wakaleo.gameoflife:gameoflife-web:war:1.0-SNAPSHOT(version: 1.0-SNAPSHOT, snapshot:false) } generated by PluginInvocation{org.jacoco:jacoco-maven-plugin:0.7.2.201409121644@prepare-agent  jacoco-initialize}: execFile: gameoflife-web/target/jacoco.exec, sources: gameoflife-web/src/main/java, classes: gameoflife-web/target/classes
[2020-04-13T09:36:44.685Z] [JaCoCo plugin] Collecting JaCoCo coverage data...
[2020-04-13T09:36:44.685Z] [JaCoCo plugin] target/jacoco.exec,gameoflife-build/target/jacoco.exec,gameoflife-core/target/jacoco.exec,gameoflife-web/target/jacoco.exec;target/classes,gameoflife-build/target/classes,gameoflife-core/target/classes,gameoflife-web/target/classes;src/main/java,gameoflife-build/src/main/java,gameoflife-core/src/main/java,gameoflife-web/src/main/java; locations are configured
[2020-04-13T09:36:44.685Z] [JaCoCo plugin] Number of found exec files for pattern target/jacoco.exec,gameoflife-build/target/jacoco.exec,gameoflife-core/target/jacoco.exec,gameoflife-web/target/jacoco.exec: 0
[2020-04-13T09:36:44.686Z] [JaCoCo plugin] Saving matched execfiles:  
[2020-04-13T09:36:44.686Z] [JaCoCo plugin] Saving matched class directories for class-pattern: target/classes,gameoflife-build/target/classes,gameoflife-core/target/classes,gameoflife-web/target/classes: 
[2020-04-13T09:36:44.688Z] [JaCoCo plugin]  - /var/lib/jenkins/workspace/0.Jenkins_FullPipeLine/gameoflife-build/target/classes 0 files
[2020-04-13T09:36:44.689Z] [JaCoCo plugin]  - /var/lib/jenkins/workspace/0.Jenkins_FullPipeLine/gameoflife-core/target/classes 5 files
[2020-04-13T09:36:44.694Z] [JaCoCo plugin]  - /var/lib/jenkins/workspace/0.Jenkins_FullPipeLine/gameoflife-web/target/classes 2 files
[2020-04-13T09:36:44.694Z] [JaCoCo plugin] Saving matched source directories for source-pattern: src/main/java,gameoflife-build/src/main/java,gameoflife-core/src/main/java,gameoflife-web/src/main/java: 
[2020-04-13T09:36:44.694Z] [JaCoCo plugin] Source Inclusions: **/*.java,**/*.groovy,**/*.kt,**/*.kts
[2020-04-13T09:36:44.696Z] [JaCoCo plugin] Source Exclusions: 
[2020-04-13T09:36:44.760Z] [JaCoCo plugin] - /var/lib/jenkins/workspace/0.Jenkins_FullPipeLine/gameoflife-core/src/main/java 5 files
[2020-04-13T09:36:44.760Z] [JaCoCo plugin] - /var/lib/jenkins/workspace/0.Jenkins_FullPipeLine/gameoflife-web/src/main/java 2 files
[2020-04-13T09:36:44.761Z] [JaCoCo plugin] Loading inclusions files..
[2020-04-13T09:36:44.761Z] [JaCoCo plugin] inclusions: []
[2020-04-13T09:36:44.761Z] [JaCoCo plugin] exclusions: []
[2020-04-13T09:36:44.927Z] [JaCoCo plugin] Thresholds: JacocoHealthReportThresholds [minClass=0, maxClass=0, minMethod=0, maxMethod=0, minLine=0, maxLine=0, minBranch=0, maxBranch=0, minInstruction=0, maxInstruction=0, minComplexity=0, maxComplexity=0]
[2020-04-13T09:36:44.966Z] [JaCoCo plugin] Publishing the results..
[2020-04-13T09:36:45.074Z] [JaCoCo plugin] Loading packages..
[2020-04-13T09:36:45.075Z] [JaCoCo plugin] Done.
[2020-04-13T09:36:45.075Z] [JaCoCo plugin] Overall coverage: class: 0, method: 0, line: 0, branch: 0, instruction: 0, complexity: 0
[2020-04-13T09:36:45.076Z] [withMaven] openTasksPublisher - Scan Tasks for Maven artifact com.wakaleo.gameoflife:gameoflife-core:jar:1.0-SNAPSHOT in source directory gameoflife-core/src/main/java
[2020-04-13T09:36:45.076Z] [withMaven] openTasksPublisher - Scan Tasks for Maven artifact com.wakaleo.gameoflife:gameoflife-web:war:1.0-SNAPSHOT in source directory gameoflife-web/src/main/java
[2020-04-13T09:36:45.122Z] [TASKS] Scanning folder '/var/lib/jenkins/workspace/0.Jenkins_FullPipeLine' for files matching the pattern 'gameoflife-core/src/main/java/**/*,gameoflife-web/src/main/java/**/*' - excludes: null
[2020-04-13T09:36:45.122Z] [TASKS] Found 8 files to scan for tasks
[2020-04-13T09:36:45.122Z] [TASKS] Found 0 open tasks.
[2020-04-13T09:36:45.122Z] Skipping warnings blame since pipelines do not have an SCM link.%n
[2020-04-13T09:36:45.411Z] [TASKS] Computing warning deltas based on reference build #5
[2020-04-13T09:36:45.411Z] [withMaven] Publishers: Pipeline Graph Publisher: 28 ms, Generated Artifacts Publisher: 557 ms, Jacoco Publisher: 394 ms, Open Task Scanner Publisher: 335 ms
[2020-04-13T09:36:45.639Z] [8mha:////4KjugxSXNe3tq7ryiWnlnDKDR759pkqi4i41anFfLlsDAAAApR+LCAAAAAAAAP9tjTEOwjAQBC9BFLSUPOIiJAokRJXWcsMLTGyME+vO2A5JxYv4Gn8gEImKLVY728zzBcsU4cjRYmuoc5Qah8H3dlo4cOwungds+YwNU2JvUJpBsjb1jJKzgTlFCQsBK0ON5+TIZliLVt1V5RXZ6pTj9B0ElE7f4AGFmMxZxfyFMcLm2uvE9PP8FcAYQoZyu//U7g3N4dT9vgAAAA==[0m[Pipeline] // withMaven
[2020-04-13T09:36:45.664Z] [8mha:////4NLE/aVaLpHVxq/qMIoUEHpgBpeXpghQOEkgS+akpKSGAAAApB+LCAAAAAAAAP9tjTEOwjAQBC9BFLSUPOIiRIUQVVrLDS8wsTFOrDtjOyQVL+Jr/IFAJCq2WO1sM88XLFOEI0eLraHOUWocBt/baeHAsbt4HrDlMzZMib1BaQbJ2tQzSs4G5hQlLASsDDWekyObYS1adVeVV2SrU47TdxBQOn2DBxRiMmcV8xfGCJtrrxPTz/NXAGMIGcrt/lO7N8un7Ki+AAAA[0m[Pipeline] }
[2020-04-13T09:36:45.715Z] [8mha:////4P5nx8JGY+phMH2j0L/k9xQbkjDgAwoDltuty/Jy2TjfAAAApB+LCAAAAAAAAP9tjTEOwjAQBC9BFLSUPOICaRFVWisNLzCxMU6sO2M7JBUv4mv8AYtIVGyx2tlmXm9YxwAnDgZ7TYOl2Fn0bjR54cRhuDqesOcLdkyRncZWTy0r3SzYctKwpChhJWCjqXMcLZkEW9HLh6ycJFOdU8jfUUBp1R2eUIhsTjKkL8wBdrdRRaaf568AZu8TlPU+16H+AAjcDMm+AAAA[0m[Pipeline] // stage
[2020-04-13T09:36:45.986Z] [8mha:////4FK0cZFWL0Bl3TwtxZ2CwwxxjBZksyBC32cYEE2e4nUFAAAAph+LCAAAAAAAAP9tjTEOwjAQBM9BKWgpeYQjEB2iorXc8AITG+PEugv2haTiRXyNPxCIRMVWOyut5vmCMic4UPKycdgGzHWQXez91ORAqb1EGmRDZ1kTZopOajdosu44oyZ2MEcUsFCwdFhHygE9w0o15m6qaNBXJ07TtldQBHuDBwg1mdkk/sKYYH3tbSb8ef4KYOwYxI6h2G4+x/INji2eq8EAAAA=[0m[Pipeline] stage
[2020-04-13T09:36:46.106Z] [8mha:////4KSjDTaFdShqh4sBQODcsucJo3J4mdxb2Ct8SbG7QdkJAAAAph+LCAAAAAAAAP9tjTEOwjAUQ3+DOrAycohUdEVMrFEXThCaEJJG/7dJSjpxIq7GHWipxIQHy7ZkvdcbyhjgRMFwp7GzGFvLez+aOfFMobt5ytzRlbeEkbzmjc4NKX1ea0NJw6qCwUbAVmPrKVo0CXbCyYesvERTXVKYt6MAZtUATyjETE4ypG+ZAuzvo4qEP85fAEx9AlYfFquXZ/kBAsTc3cIAAAA=[0m[Pipeline] { (Review)
[2020-04-13T09:36:46.125Z] [8mha:////4CNWBTS7QtmrYEBjz6Uk+PZDDJKrSpEmUwjCPgcl6f9xAAAAph+LCAAAAAAAAP9tjTEOwjAUQ3+LOrAycohUKiNiYo2ycILQhJA0+r9NUtKJE3E17kBLJSY8WLYl673eUMUAJwqGOY2dxdha1vvRzIllCt3NU2aOrqwljOQ1EzoLUvq8VkFJw6qihA2HrcbWU7RoEuy4kw9Ze4mmvqQwb0cOpVUDPKHgMznJkL5lCrC/jyoS/jh/ATD1CcqmWeywPKsPpnFij8IAAAA=[0m[Pipeline] withMaven
[2020-04-13T09:36:46.127Z] [withMaven] Options: []
[2020-04-13T09:36:46.127Z] [withMaven] Available options: 
[2020-04-13T09:36:46.127Z] [withMaven] using JDK installation provided by the build agent
[2020-04-13T09:36:46.179Z] [withMaven] using Maven installation 'MyMaven'
[2020-04-13T09:36:46.191Z] [8mha:////4Ixg7blGLhKLWDKuP9HgFHeVreEoxRJoMH7l8xFKOLNzAAAApx+LCAAAAAAAAP9tjTEOwjAUQ3+LOrAycohUAjbE1DXKwglCE0La6P/yk9JOnIircQdaKjHhwbItWe/1hiIynIidaCy2HmPtRRd6NyUxELfXQINo6CJqwkjBCmUHRcZWS1WULCzKclhJWFusA0WPLsFGNvqhy6DRlefE03aUkHtzhydkciInzelbRobtrTeR8Mf5C4CxS5Dv9rMd5mfxAd6e6VPCAAAA[0m[Pipeline] {
[2020-04-13T09:36:46.218Z] [8mha:////4PtoMvQe9T92bdHOc87K15jbc0632KCYafxOJAamTTybAAAApB+LCAAAAAAAAP9tjTEOwjAQBC9BFLSUPOIiIagQVVrLDS8wsTFOrDtjOyQVL+Jr/IFAJCq2WO1sM88XLFOEI0eLraHOUWocBt/baeHAsbt4HrDlMzZMib1BaQbJ2tQzSs4G5hQlLASsDDWekyObYS1adVeVV2SrU47TdxBQOn2DBxRiMmcV8xfGCJtrrxPTz/NXAGPIUG53n9qHN38C26S+AAAA[0m[Pipeline] sh
[2020-04-13T09:36:46.529Z] + mvn pmd:pmd
[2020-04-13T09:36:46.530Z] ----- withMaven Wrapper script -----
[2020-04-13T09:36:46.530Z] Picked up JAVA_TOOL_OPTIONS: -Dmaven.ext.class.path="/var/lib/jenkins/workspace/0.Jenkins_FullPipeLine@tmp/withMavenf1760012/pipeline-maven-spy.jar" -Dorg.jenkinsci.plugins.pipeline.maven.reportsFolder="/var/lib/jenkins/workspace/0.Jenkins_FullPipeLine@tmp/withMavenf1760012" 
[2020-04-13T09:36:47.090Z] Apache Maven 3.6.3 (cecedd343002696d0abb50b32b541b8a6ba2883f)
[2020-04-13T09:36:47.090Z] Maven home: /var/lib/jenkins/tools/hudson.tasks.Maven_MavenInstallation/MyMaven
[2020-04-13T09:36:47.090Z] Java version: 1.8.0_242, vendor: Private Build, runtime: /usr/lib/jvm/java-8-openjdk-amd64/jre
[2020-04-13T09:36:47.090Z] Default locale: en_IN, platform encoding: UTF-8
[2020-04-13T09:36:47.090Z] OS name: "linux", version: "5.3.0-46-generic", arch: "amd64", family: "unix"
[2020-04-13T09:36:49.579Z] [INFO] [jenkins-event-spy] Generate /var/lib/jenkins/workspace/0.Jenkins_FullPipeLine@tmp/withMavenf1760012/maven-spy-20200413-150648-9185203421193272340619.log.tmp ...
[2020-04-13T09:36:49.580Z] [INFO] Scanning for projects...
[2020-04-13T09:36:50.492Z] [WARNING] 
[2020-04-13T09:36:50.492Z] [WARNING] Some problems were encountered while building the effective model for com.wakaleo.gameoflife:gameoflife-build:jar:1.0-SNAPSHOT
[2020-04-13T09:36:50.492Z] [WARNING] Reporting configuration should be done in <reporting> section, not in maven-site-plugin <configuration> as reportPlugins parameter.
[2020-04-13T09:36:50.492Z] [WARNING] 
[2020-04-13T09:36:50.492Z] [WARNING] Some problems were encountered while building the effective model for com.wakaleo.gameoflife:gameoflife-core:jar:1.0-SNAPSHOT
[2020-04-13T09:36:50.492Z] [WARNING] Reporting configuration should be done in <reporting> section, not in maven-site-plugin <configuration> as reportPlugins parameter.
[2020-04-13T09:36:50.492Z] [WARNING] 
[2020-04-13T09:36:50.492Z] [WARNING] Some problems were encountered while building the effective model for com.wakaleo.gameoflife:gameoflife-web:war:1.0-SNAPSHOT
[2020-04-13T09:36:50.492Z] [WARNING] Reporting configuration should be done in <reporting> section, not in maven-site-plugin <configuration> as reportPlugins parameter.
[2020-04-13T09:36:50.492Z] [WARNING] 
[2020-04-13T09:36:50.492Z] [WARNING] Some problems were encountered while building the effective model for com.wakaleo.gameoflife:gameoflife:pom:1.0-SNAPSHOT
[2020-04-13T09:36:50.492Z] [WARNING] Reporting configuration should be done in <reporting> section, not in maven-site-plugin <configuration> as reportPlugins parameter. @ line 302, column 40
[2020-04-13T09:36:50.492Z] [WARNING] 
[2020-04-13T09:36:50.492Z] [WARNING] It is highly recommended to fix these problems because they threaten the stability of your build.
[2020-04-13T09:36:50.492Z] [WARNING] 
[2020-04-13T09:36:50.492Z] [WARNING] For this reason, future Maven versions might no longer support building such malformed projects.
[2020-04-13T09:36:50.492Z] [WARNING] 
[2020-04-13T09:36:50.492Z] [INFO] ------------------------------------------------------------------------
[2020-04-13T09:36:50.492Z] [INFO] Reactor Build Order:
[2020-04-13T09:36:50.492Z] [INFO] 
[2020-04-13T09:36:50.493Z] [INFO] gameoflife                                                         [pom]
[2020-04-13T09:36:50.493Z] [INFO] gameoflife-build                                                   [jar]
[2020-04-13T09:36:50.493Z] [INFO] gameoflife-core                                                    [jar]
[2020-04-13T09:36:50.493Z] [INFO] gameoflife-web                                                     [war]
[2020-04-13T09:36:53.729Z] [INFO] 
[2020-04-13T09:36:53.729Z] [INFO] -----------------< com.wakaleo.gameoflife:gameoflife >------------------
[2020-04-13T09:36:53.729Z] [INFO] Building gameoflife 1.0-SNAPSHOT                                   [1/4]
[2020-04-13T09:36:53.729Z] [INFO] --------------------------------[ pom ]---------------------------------
[2020-04-13T09:36:53.729Z] [INFO] 
[2020-04-13T09:36:53.729Z] [INFO] --- maven-pmd-plugin:3.13.0:pmd (default-cli) @ gameoflife ---
[2020-04-13T09:37:05.853Z] [INFO] 
[2020-04-13T09:37:05.853Z] [INFO] --------------< com.wakaleo.gameoflife:gameoflife-build >---------------
[2020-04-13T09:37:05.853Z] [INFO] Building gameoflife-build 1.0-SNAPSHOT                             [2/4]
[2020-04-13T09:37:05.853Z] [INFO] --------------------------------[ jar ]---------------------------------
[2020-04-13T09:37:06.103Z] [INFO] 
[2020-04-13T09:37:06.103Z] [INFO] --- maven-pmd-plugin:3.13.0:pmd (default-cli) @ gameoflife-build ---
[2020-04-13T09:37:18.233Z] [INFO] 
[2020-04-13T09:37:18.233Z] [INFO] ---------------< com.wakaleo.gameoflife:gameoflife-core >---------------
[2020-04-13T09:37:18.233Z] [INFO] Building gameoflife-core 1.0-SNAPSHOT                              [3/4]
[2020-04-13T09:37:18.234Z] [INFO] --------------------------------[ jar ]---------------------------------
[2020-04-13T09:37:18.234Z] [INFO] 
[2020-04-13T09:37:18.234Z] [INFO] --- maven-pmd-plugin:3.13.0:pmd (default-cli) @ gameoflife-core ---
[2020-04-13T09:37:30.348Z] [INFO] 
[2020-04-13T09:37:30.348Z] [INFO] ---------------< com.wakaleo.gameoflife:gameoflife-web >----------------
[2020-04-13T09:37:30.348Z] [INFO] Building gameoflife-web 1.0-SNAPSHOT                               [4/4]
[2020-04-13T09:37:30.348Z] [INFO] --------------------------------[ war ]---------------------------------
[2020-04-13T09:37:36.879Z] [INFO] 
[2020-04-13T09:37:36.879Z] [INFO] --- maven-pmd-plugin:3.13.0:pmd (default-cli) @ gameoflife-web ---
[2020-04-13T09:37:36.879Z] [WARNING] Unable to locate Source XRef to link to - DISABLED
[2020-04-13T09:37:42.089Z] [INFO] ------------------------------------------------------------------------
[2020-04-13T09:37:42.089Z] [INFO] Reactor Summary for gameoflife 1.0-SNAPSHOT:
[2020-04-13T09:37:42.089Z] [INFO] 
[2020-04-13T09:37:42.089Z] [INFO] gameoflife ......................................... SUCCESS [ 10.721 s]
[2020-04-13T09:37:42.089Z] [INFO] gameoflife-build ................................... SUCCESS [ 13.437 s]
[2020-04-13T09:37:42.089Z] [INFO] gameoflife-core .................................... SUCCESS [ 10.694 s]
[2020-04-13T09:37:42.089Z] [INFO] gameoflife-web ..................................... SUCCESS [ 13.180 s]
[2020-04-13T09:37:42.089Z] [INFO] ------------------------------------------------------------------------
[2020-04-13T09:37:42.089Z] [INFO] BUILD SUCCESS
[2020-04-13T09:37:42.089Z] [INFO] ------------------------------------------------------------------------
[2020-04-13T09:37:42.089Z] [INFO] Total time:  52.175 s
[2020-04-13T09:37:42.089Z] [INFO] Finished at: 2020-04-13T15:07:41+05:30
[2020-04-13T09:37:42.089Z] [INFO] ------------------------------------------------------------------------
[2020-04-13T09:37:42.089Z] [INFO] [jenkins-event-spy] Generated /var/lib/jenkins/workspace/0.Jenkins_FullPipeLine@tmp/withMavenf1760012/maven-spy-20200413-150648-9185203421193272340619.log
[2020-04-13T09:37:50.364Z] [8mha:////4Bq8CDz++eJ4RHJ43Q+p4iKEuRi3ZUyy8t11jOr+QCGNAAAApR+LCAAAAAAAAP9tjTEOwjAQBC9BFLSUPOIiIUSDqNJabniBiY1xYt0Z2yGpeBFf4w8EIlGxxWpnm3m+YJkiHDlabA11jlLjMPjeTgsHjt3F84Atn7FhSuwNSjNI1qaeUXI2MKcoYSFgZajxnBzZDGvRqruqvCJbnXKcvoOA0ukbPKAQkzmrmL8wRthce52Yfp6/AhhDhnK7+9Q+vAG8UfaPvgAAAA==[0m[Pipeline] pmd
[2020-04-13T09:37:51.047Z] [PMD] Collecting PMD analysis files...
[2020-04-13T09:37:53.194Z] [PMD] Searching for all files in /var/lib/jenkins/workspace/0.Jenkins_FullPipeLine that match the pattern gameoflife-web/target/pmd.xml
[2020-04-13T09:37:53.194Z] [PMD] Parsing 1 file in /var/lib/jenkins/workspace/0.Jenkins_FullPipeLine
[2020-04-13T09:37:53.194Z] [PMD] Successfully parsed file /var/lib/jenkins/workspace/0.Jenkins_FullPipeLine/gameoflife-web/target/pmd.xml with 1 unique warning and 0 duplicates.
[2020-04-13T09:37:53.194Z] Skipping warnings blame since pipelines do not have an SCM link.%n
[2020-04-13T09:37:53.883Z] [8mha:////4HJz1CMtaAkXqca+UKUTE1eakgS/YIs1UY4xDLwPMy08AAAApR+LCAAAAAAAAP9tjTEOwjAQBC9BFLSUPOIiISQKRJXWcsMLTGyME+vO2A5JxYv4Gn8gEImKLVY728zzBcsU4cjRYmuoc5Qah8H3dlo4cOwungds+YwNU2JvUJpBsjb1jJKzgTlFCQsBK0ON5+TIZliLVt1V5RXZ6pTj9B0ElE7f4AGFmMxZxfyFMcLm2uvE9PP8FcAYQoZyu//U7g1GGkcWvgAAAA==[0m[Pipeline] }
[2020-04-13T09:37:55.288Z] [withMaven] artifactsPublisher - Archive artifact pom.xml under com/wakaleo/gameoflife/gameoflife/1.0-SNAPSHOT/gameoflife-1.0-SNAPSHOT.pom
[2020-04-13T09:37:55.310Z] [withMaven] artifactsPublisher - Archive artifact gameoflife-build/pom.xml under com/wakaleo/gameoflife/gameoflife-build/1.0-SNAPSHOT/gameoflife-build-1.0-SNAPSHOT.pom
[2020-04-13T09:37:55.336Z] [withMaven] artifactsPublisher - Archive artifact gameoflife-core/pom.xml under com/wakaleo/gameoflife/gameoflife-core/1.0-SNAPSHOT/gameoflife-core-1.0-SNAPSHOT.pom
[2020-04-13T09:37:55.346Z] [withMaven] artifactsPublisher - Archive artifact gameoflife-web/pom.xml under com/wakaleo/gameoflife/gameoflife-web/1.0-SNAPSHOT/gameoflife-web-1.0-SNAPSHOT.pom
[2020-04-13T09:37:56.487Z] [withMaven] openTasksPublisher - Scan Tasks for Maven artifact com.wakaleo.gameoflife:gameoflife-core:jar:1.0-SNAPSHOT in source directory gameoflife-core/src/main/java
[2020-04-13T09:37:56.487Z] [withMaven] openTasksPublisher - Scan Tasks for Maven artifact com.wakaleo.gameoflife:gameoflife-web:war:1.0-SNAPSHOT in source directory gameoflife-web/src/main/java
[2020-04-13T09:37:56.807Z] [TASKS] Scanning folder '/var/lib/jenkins/workspace/0.Jenkins_FullPipeLine' for files matching the pattern 'gameoflife-core/src/main/java/**/*,gameoflife-web/src/main/java/**/*' - excludes: null
[2020-04-13T09:37:56.807Z] [TASKS] Found 8 files to scan for tasks
[2020-04-13T09:37:56.807Z] [TASKS] Found 0 open tasks.
[2020-04-13T09:37:56.807Z] Skipping warnings blame since pipelines do not have an SCM link.%n
[2020-04-13T09:37:57.292Z] [TASKS] Computing warning deltas based on reference build #5
[2020-04-13T09:37:57.293Z] [withMaven] Publishers: Pipeline Graph Publisher: 112 ms, Generated Artifacts Publisher: 678 ms, Dependencies Fingerprint Publisher: 415 ms, Open Task Scanner Publisher: 908 ms
[2020-04-13T09:37:57.358Z] [8mha:////4OT0E8i/j9cFH2BGHBkD6Kfpi18dy4DI3VfsTd01hZeQAAAApR+LCAAAAAAAAP9tjTEOwjAQBC9BFLSUPOIiQYOEqNJabniBiY1xYt0Z2yGpeBFf4w8EIlGxxWpnm3m+YJkiHDlabA11jlLjMPjeTgsHjt3F84Atn7FhSuwNSjNI1qaeUXI2MKcoYSFgZajxnBzZDGvRqruqvCJbnXKcvoOA0ukbPKAQkzmrmL8wRthce52Yfp6/AhhDyFBu95/avQEwPXV5vgAAAA==[0m[Pipeline] // withMaven
[2020-04-13T09:37:57.631Z] [8mha:////4HF8gsXtStK00pHRNLPRkOnYGn1zIyvdgpzYCLAwQpI0AAAApB+LCAAAAAAAAP9tjbEOwiAURV9rHFwd/QiadDPGyZWw+AXYIkLJexSodPKL/DX/QbSJk3e4uecu5/mCdQxwpKCZVTgYjJ1h3k26LJYpDFdHmVm6sI4wklNMqCyoV6cFBSUFS6oaVhw2CjtH0aBOsOVW3mXjJOrmnEL5Dhxq04/wgIoXc5IhfWEOsLtNfST8ef4KYPY+Qd3uP9W+AQPeLsW+AAAA[0m[Pipeline] }
[2020-04-13T09:37:57.807Z] [8mha:////4Ctw0wjgw/T7hkVTuxXmlgngqeEzBmMxZ123LelfDXNQAAAApB+LCAAAAAAAAP9tjTsOwjAQRDdBFLSUHGLDp0SpaC03nMAkxjixdoPt4FSciKtxBywiUTHFaN407/WGZfBQszfYaeothcbi4EaTFyb2/dVxwo4v2DAFdhqlTpJbfZpRctQwpyhhIWClqXEcLJkIa9Gph6qcIlOdo8/fUUBp2zs8oRDZHJWPX5g8bG5jG5h+nr8CmIYhQnnY5trvPsXVX92+AAAA[0m[Pipeline] // stage
[2020-04-13T09:37:58.054Z] [8mha:////4KWiJpPJeeuK3XZ5GJnEo9FK1ihehJ5/7Cfx5cUcZ7SXAAAAph+LCAAAAAAAAP9tjTEOwjAQBM9BKWgpeYQjBB2iorXc8AITG+PEugv2haTiRXyNPxCIRMVWOyut5vmCMic4UPKycdgGzHWQXez91ORAqb1EGmRDZ1kTZopOajdosu44oyZ2MEcUsFCwdFhHygE9w0o15m6qaNBXJ07TtldQBHuDBwg1mdkk/sKYYH3tbSb8ef4KYOwYxI6h2G4+x/INOibpDcEAAAA=[0m[Pipeline] stage
[2020-04-13T09:37:58.070Z] [8mha:////4DIbBNWSwZ4tMeXe2YEH1J+eQkxT7G3CG9NhfwU6f9KTAAAAph+LCAAAAAAAAP9tjTEOwjAUQ3+LOrAycohUwIiYukZZOEFoQkgb/V9+UtqJE3E17kBLJSY8WLYl673eUESGE7ETjcXWY6y96ELvpiQG4vYaaBANXURNGClYoeygyNhqqYqShUVZDisJa4t1oOjRJdjIRj90GTS68px42o4Scm/u8IRMTuSkOX3LyLC99SYS/jh/ATB2CfLDbrb9/Cw+2YMO4MIAAAA=[0m[Pipeline] { (Test)
[2020-04-13T09:37:58.568Z] [8mha:////4AIAlaA/pzrRxJz/grrIoLWN+WF2tvAvT6ERSUOUngk5AAAAph+LCAAAAAAAAP9tjTEOwjAUQ3+DOrAycohUoiNiYo26cILQhJA0+r9NUtKJE3E17kBLJSY8WLYl673eUMYAJwqGO42dxdha3vvRzIlnCt3NU+aOrrwljOQ1b3RuSOnzWhtKGlYVDDYCthpbT9GiSbATTj5k5SWa6pLCvB0FMKsGeEIhZnKSIX3LFGB/H1Uk/HH+AmDqE7D6sFi9PMsPfTawssIAAAA=[0m[Pipeline] withMaven
[2020-04-13T09:37:58.569Z] [withMaven] Options: []
[2020-04-13T09:37:58.569Z] [withMaven] Available options: 
[2020-04-13T09:37:58.569Z] [withMaven] using JDK installation provided by the build agent
[2020-04-13T09:37:58.945Z] [withMaven] using Maven installation 'MyMaven'
[2020-04-13T09:37:59.156Z] [8mha:////4NGzCJuE5LmpxVv+l+fK/02fMUTOvJLd0HQHoZ0+iWnvAAAAph+LCAAAAAAAAP9tjTEOwjAUQ3+LOrAycoh0KBtiYo2ycILQhJA0+r9NUtKJE3E17kBLJSY8WLYl673eUMUAJwqGOY2dxdha1vvRzIllCt3NU2aOrqwljOQ1EzoLUvq8VkFJw6qihA2HrcbWU7RoEuy4kw9Ze4mmvqQwb0cOpVUDPKHgMznJkL5lCrC/jyoS/jh/ATD1CcqmWeywPKsPBdk7bsIAAAA=[0m[Pipeline] {
[2020-04-13T09:37:59.568Z] [8mha:////4Cm0MByeayQgQjk2YAOk8PKnK1SK9sAm0WKQ6ub3WXx7AAAApB+LCAAAAAAAAP9tjTEOwjAQBC9BFLSUPOJSABWiSmu54QUmNsaJdWdsh6TiRXyNPxCIRMUWq51t5vmCZYpw5GixNdQ5So3D4Hs7LRw4dhfPA7Z8xoYpsTcozSBZm3pGydnAnKKEhYCVocZzcmQzrEWr7qryimx1ynH6DgJKp2/wgEJM5qxi/sIYYXPtdWL6ef4KYAwZyu3uU/vwBtZos2m+AAAA[0m[Pipeline] sh
[2020-04-13T09:38:00.859Z] + mvn test
[2020-04-13T09:38:00.860Z] ----- withMaven Wrapper script -----
[2020-04-13T09:38:04.108Z] Picked up JAVA_TOOL_OPTIONS: -Dmaven.ext.class.path="/var/lib/jenkins/workspace/0.Jenkins_FullPipeLine@tmp/withMaven0ac5f289/pipeline-maven-spy.jar" -Dorg.jenkinsci.plugins.pipeline.maven.reportsFolder="/var/lib/jenkins/workspace/0.Jenkins_FullPipeLine@tmp/withMaven0ac5f289" 
[2020-04-13T09:38:16.236Z] Apache Maven 3.6.3 (cecedd343002696d0abb50b32b541b8a6ba2883f)
[2020-04-13T09:38:16.265Z] Maven home: /var/lib/jenkins/tools/hudson.tasks.Maven_MavenInstallation/MyMaven
[2020-04-13T09:38:16.265Z] Java version: 1.8.0_242, vendor: Private Build, runtime: /usr/lib/jvm/java-8-openjdk-amd64/jre
[2020-04-13T09:38:16.265Z] Default locale: en_IN, platform encoding: UTF-8
[2020-04-13T09:38:16.265Z] OS name: "linux", version: "5.3.0-46-generic", arch: "amd64", family: "unix"
[2020-04-13T09:38:19.495Z] [INFO] [jenkins-event-spy] Generate /var/lib/jenkins/workspace/0.Jenkins_FullPipeLine@tmp/withMaven0ac5f289/maven-spy-20200413-150819-1846073623865157647632.log.tmp ...
[2020-04-13T09:38:20.049Z] [INFO] Scanning for projects...
[2020-04-13T09:38:24.189Z] [WARNING] 
[2020-04-13T09:38:24.189Z] [WARNING] Some problems were encountered while building the effective model for com.wakaleo.gameoflife:gameoflife-build:jar:1.0-SNAPSHOT
[2020-04-13T09:38:24.189Z] [WARNING] Reporting configuration should be done in <reporting> section, not in maven-site-plugin <configuration> as reportPlugins parameter.
[2020-04-13T09:38:24.189Z] [WARNING] 
[2020-04-13T09:38:24.189Z] [WARNING] Some problems were encountered while building the effective model for com.wakaleo.gameoflife:gameoflife-core:jar:1.0-SNAPSHOT
[2020-04-13T09:38:24.189Z] [WARNING] Reporting configuration should be done in <reporting> section, not in maven-site-plugin <configuration> as reportPlugins parameter.
[2020-04-13T09:38:24.189Z] [WARNING] 
[2020-04-13T09:38:24.189Z] [WARNING] Some problems were encountered while building the effective model for com.wakaleo.gameoflife:gameoflife-web:war:1.0-SNAPSHOT
[2020-04-13T09:38:24.189Z] [WARNING] Reporting configuration should be done in <reporting> section, not in maven-site-plugin <configuration> as reportPlugins parameter.
[2020-04-13T09:38:24.189Z] [WARNING] 
[2020-04-13T09:38:24.189Z] [WARNING] Some problems were encountered while building the effective model for com.wakaleo.gameoflife:gameoflife:pom:1.0-SNAPSHOT
[2020-04-13T09:38:24.189Z] [WARNING] Reporting configuration should be done in <reporting> section, not in maven-site-plugin <configuration> as reportPlugins parameter. @ line 302, column 40
[2020-04-13T09:38:24.189Z] [WARNING] 
[2020-04-13T09:38:24.189Z] [WARNING] It is highly recommended to fix these problems because they threaten the stability of your build.
[2020-04-13T09:38:24.189Z] [WARNING] 
[2020-04-13T09:38:24.189Z] [WARNING] For this reason, future Maven versions might no longer support building such malformed projects.
[2020-04-13T09:38:24.189Z] [WARNING] 
[2020-04-13T09:38:24.189Z] [INFO] ------------------------------------------------------------------------
[2020-04-13T09:38:24.189Z] [INFO] Reactor Build Order:
[2020-04-13T09:38:24.189Z] [INFO] 
[2020-04-13T09:38:24.189Z] [INFO] gameoflife                                                         [pom]
[2020-04-13T09:38:24.189Z] [INFO] gameoflife-build                                                   [jar]
[2020-04-13T09:38:24.189Z] [INFO] gameoflife-core                                                    [jar]
[2020-04-13T09:38:24.189Z] [INFO] gameoflife-web                                                     [war]
[2020-04-13T09:38:24.189Z] [INFO] 
[2020-04-13T09:38:24.189Z] [INFO] -----------------< com.wakaleo.gameoflife:gameoflife >------------------
[2020-04-13T09:38:24.189Z] [INFO] Building gameoflife 1.0-SNAPSHOT                                   [1/4]
[2020-04-13T09:38:24.189Z] [INFO] --------------------------------[ pom ]---------------------------------
[2020-04-13T09:38:26.052Z] [INFO] 
[2020-04-13T09:38:26.052Z] [INFO] --- maven-enforcer-plugin:1.0:enforce (enforce-versions) @ gameoflife ---
[2020-04-13T09:38:27.927Z] [INFO] 
[2020-04-13T09:38:27.927Z] [INFO] --- jacoco-maven-plugin:0.7.2.201409121644:prepare-agent (jacoco-initialize) @ gameoflife ---
[2020-04-13T09:38:37.814Z] [INFO] argLine set to -javaagent:/var/lib/jenkins/.m2/repository/org/jacoco/org.jacoco.agent/0.7.2.201409121644/org.jacoco.agent-0.7.2.201409121644-runtime.jar=destfile=/var/lib/jenkins/workspace/0.Jenkins_FullPipeLine/target/jacoco.exec
[2020-04-13T09:38:37.814Z] [INFO] 
[2020-04-13T09:38:37.814Z] [INFO] --- maven-surefire-plugin:2.11:test (unit-tests) @ gameoflife ---
[2020-04-13T09:38:39.162Z] [INFO] No tests to run.
[2020-04-13T09:38:39.162Z] [INFO] Surefire report directory: /var/lib/jenkins/workspace/0.Jenkins_FullPipeLine/target/surefire-reports
[2020-04-13T09:38:39.413Z] 
[2020-04-13T09:38:39.413Z] -------------------------------------------------------
[2020-04-13T09:38:39.413Z]  T E S T S
[2020-04-13T09:38:39.413Z] -------------------------------------------------------
[2020-04-13T09:38:41.277Z] Picked up JAVA_TOOL_OPTIONS: -Dmaven.ext.class.path="/var/lib/jenkins/workspace/0.Jenkins_FullPipeLine@tmp/withMaven0ac5f289/pipeline-maven-spy.jar" -Dorg.jenkinsci.plugins.pipeline.maven.reportsFolder="/var/lib/jenkins/workspace/0.Jenkins_FullPipeLine@tmp/withMaven0ac5f289" 
[2020-04-13T09:38:44.509Z] 
[2020-04-13T09:38:44.509Z] Results :
[2020-04-13T09:38:44.509Z] 
[2020-04-13T09:38:44.509Z] Tests run: 0, Failures: 0, Errors: 0, Skipped: 0
[2020-04-13T09:38:44.509Z] 
[2020-04-13T09:38:44.509Z] [INFO] 
[2020-04-13T09:38:44.509Z] [INFO] --- maven-easyb-plugin:1.4:test (default) @ gameoflife ---
[2020-04-13T09:38:48.634Z] [INFO] /var/lib/jenkins/workspace/0.Jenkins_FullPipeLine/src/test/stories does not exists.  Skipping easyb testing
[2020-04-13T09:38:48.634Z] [INFO] 
[2020-04-13T09:38:48.634Z] [INFO] --------------< com.wakaleo.gameoflife:gameoflife-build >---------------
[2020-04-13T09:38:48.634Z] [INFO] Building gameoflife-build 1.0-SNAPSHOT                             [2/4]
[2020-04-13T09:38:48.634Z] [INFO] --------------------------------[ jar ]---------------------------------
[2020-04-13T09:38:48.634Z] [INFO] 
[2020-04-13T09:38:48.634Z] [INFO] --- maven-enforcer-plugin:1.0:enforce (enforce-versions) @ gameoflife-build ---
[2020-04-13T09:38:48.634Z] [INFO] 
[2020-04-13T09:38:48.634Z] [INFO] --- maven-resources-plugin:2.6:resources (default-resources) @ gameoflife-build ---
[2020-04-13T09:38:49.185Z] [INFO] Using 'UTF-8' encoding to copy filtered resources.
[2020-04-13T09:38:49.185Z] [INFO] Copying 2 resources
[2020-04-13T09:38:49.185Z] [INFO] 
[2020-04-13T09:38:49.185Z] [INFO] --- jacoco-maven-plugin:0.7.2.201409121644:prepare-agent (jacoco-initialize) @ gameoflife-build ---
[2020-04-13T09:38:49.185Z] [INFO] argLine set to -javaagent:/var/lib/jenkins/.m2/repository/org/jacoco/org.jacoco.agent/0.7.2.201409121644/org.jacoco.agent-0.7.2.201409121644-runtime.jar=destfile=/var/lib/jenkins/workspace/0.Jenkins_FullPipeLine/gameoflife-build/target/jacoco.exec
[2020-04-13T09:38:49.185Z] [INFO] 
[2020-04-13T09:38:49.185Z] [INFO] --- maven-compiler-plugin:3.1:compile (default-compile) @ gameoflife-build ---
[2020-04-13T09:38:49.737Z] [INFO] No sources to compile
[2020-04-13T09:38:49.737Z] [INFO] 
[2020-04-13T09:38:49.737Z] [INFO] --- maven-resources-plugin:2.6:testResources (default-testResources) @ gameoflife-build ---
[2020-04-13T09:38:49.737Z] [INFO] Using 'UTF-8' encoding to copy filtered resources.
[2020-04-13T09:38:49.737Z] [INFO] skip non existing resourceDirectory /var/lib/jenkins/workspace/0.Jenkins_FullPipeLine/gameoflife-build/src/test/resources
[2020-04-13T09:38:49.987Z] [INFO] 
[2020-04-13T09:38:49.988Z] [INFO] --- maven-compiler-plugin:3.1:testCompile (default-testCompile) @ gameoflife-build ---
[2020-04-13T09:38:49.988Z] [INFO] No sources to compile
[2020-04-13T09:38:49.988Z] [INFO] 
[2020-04-13T09:38:49.988Z] [INFO] --- maven-surefire-plugin:2.11:test (default-test) @ gameoflife-build ---
[2020-04-13T09:38:49.988Z] [INFO] Tests are skipped.
[2020-04-13T09:38:49.988Z] [INFO] 
[2020-04-13T09:38:49.988Z] [INFO] --- maven-surefire-plugin:2.11:test (unit-tests) @ gameoflife-build ---
[2020-04-13T09:38:49.988Z] [INFO] No tests to run.
[2020-04-13T09:38:49.988Z] [INFO] Surefire report directory: /var/lib/jenkins/workspace/0.Jenkins_FullPipeLine/gameoflife-build/target/surefire-reports
[2020-04-13T09:38:49.988Z] 
[2020-04-13T09:38:49.988Z] -------------------------------------------------------
[2020-04-13T09:38:49.988Z]  T E S T S
[2020-04-13T09:38:49.988Z] -------------------------------------------------------
[2020-04-13T09:38:49.988Z] Picked up JAVA_TOOL_OPTIONS: -Dmaven.ext.class.path="/var/lib/jenkins/workspace/0.Jenkins_FullPipeLine@tmp/withMaven0ac5f289/pipeline-maven-spy.jar" -Dorg.jenkinsci.plugins.pipeline.maven.reportsFolder="/var/lib/jenkins/workspace/0.Jenkins_FullPipeLine@tmp/withMaven0ac5f289" 
[2020-04-13T09:38:51.341Z] 
[2020-04-13T09:38:51.341Z] Results :
[2020-04-13T09:38:51.341Z] 
[2020-04-13T09:38:51.341Z] Tests run: 0, Failures: 0, Errors: 0, Skipped: 0
[2020-04-13T09:38:51.341Z] 
[2020-04-13T09:38:51.341Z] [INFO] 
[2020-04-13T09:38:51.341Z] [INFO] --- maven-easyb-plugin:1.4:test (default) @ gameoflife-build ---
[2020-04-13T09:38:51.342Z] [INFO] /var/lib/jenkins/workspace/0.Jenkins_FullPipeLine/gameoflife-build/src/test/stories does not exists.  Skipping easyb testing
[2020-04-13T09:38:51.342Z] [INFO] 
[2020-04-13T09:38:51.342Z] [INFO] ---------------< com.wakaleo.gameoflife:gameoflife-core >---------------
[2020-04-13T09:38:51.342Z] [INFO] Building gameoflife-core 1.0-SNAPSHOT                              [3/4]
[2020-04-13T09:38:51.342Z] [INFO] --------------------------------[ jar ]---------------------------------
[2020-04-13T09:38:51.342Z] [INFO] 
[2020-04-13T09:38:51.342Z] [INFO] --- maven-enforcer-plugin:1.0:enforce (enforce-versions) @ gameoflife-core ---
[2020-04-13T09:38:51.342Z] [INFO] 
[2020-04-13T09:38:51.342Z] [INFO] --- maven-resources-plugin:2.6:resources (default-resources) @ gameoflife-core ---
[2020-04-13T09:38:51.342Z] [INFO] Using 'UTF-8' encoding to copy filtered resources.
[2020-04-13T09:38:51.342Z] [INFO] skip non existing resourceDirectory /var/lib/jenkins/workspace/0.Jenkins_FullPipeLine/gameoflife-core/src/main/resources
[2020-04-13T09:38:51.342Z] [INFO] 
[2020-04-13T09:38:51.342Z] [INFO] --- jacoco-maven-plugin:0.7.2.201409121644:prepare-agent (jacoco-initialize) @ gameoflife-core ---
[2020-04-13T09:38:51.342Z] [INFO] argLine set to -javaagent:/var/lib/jenkins/.m2/repository/org/jacoco/org.jacoco.agent/0.7.2.201409121644/org.jacoco.agent-0.7.2.201409121644-runtime.jar=destfile=/var/lib/jenkins/workspace/0.Jenkins_FullPipeLine/gameoflife-core/target/jacoco.exec
[2020-04-13T09:38:51.342Z] [INFO] 
[2020-04-13T09:38:51.342Z] [INFO] --- maven-compiler-plugin:3.1:compile (default-compile) @ gameoflife-core ---
[2020-04-13T09:38:51.592Z] [INFO] Nothing to compile - all classes are up to date
[2020-04-13T09:38:51.592Z] [INFO] 
[2020-04-13T09:38:51.592Z] [INFO] --- maven-resources-plugin:2.6:testResources (default-testResources) @ gameoflife-core ---
[2020-04-13T09:38:51.592Z] [INFO] Using 'UTF-8' encoding to copy filtered resources.
[2020-04-13T09:38:51.592Z] [INFO] skip non existing resourceDirectory /var/lib/jenkins/workspace/0.Jenkins_FullPipeLine/gameoflife-core/src/test/resources
[2020-04-13T09:38:51.592Z] [INFO] 
[2020-04-13T09:38:51.592Z] [INFO] --- maven-compiler-plugin:3.1:testCompile (default-testCompile) @ gameoflife-core ---
[2020-04-13T09:38:51.593Z] [INFO] Changes detected - recompiling the module!
[2020-04-13T09:38:51.593Z] [INFO] Compiling 10 source files to /var/lib/jenkins/workspace/0.Jenkins_FullPipeLine/gameoflife-core/target/test-classes
[2020-04-13T09:38:54.823Z] [INFO] 
[2020-04-13T09:38:54.823Z] [INFO] --- maven-surefire-plugin:2.11:test (default-test) @ gameoflife-core ---
[2020-04-13T09:38:54.823Z] [INFO] Tests are skipped.
[2020-04-13T09:38:54.823Z] [INFO] 
[2020-04-13T09:38:54.823Z] [INFO] --- maven-surefire-plugin:2.11:test (unit-tests) @ gameoflife-core ---
[2020-04-13T09:38:54.823Z] [INFO] Surefire report directory: /var/lib/jenkins/workspace/0.Jenkins_FullPipeLine/gameoflife-core/target/surefire-reports
[2020-04-13T09:38:54.823Z] 
[2020-04-13T09:38:54.823Z] -------------------------------------------------------
[2020-04-13T09:38:54.823Z]  T E S T S
[2020-04-13T09:38:54.823Z] -------------------------------------------------------
[2020-04-13T09:38:54.823Z] Picked up JAVA_TOOL_OPTIONS: -Dmaven.ext.class.path="/var/lib/jenkins/workspace/0.Jenkins_FullPipeLine@tmp/withMaven0ac5f289/pipeline-maven-spy.jar" -Dorg.jenkinsci.plugins.pipeline.maven.reportsFolder="/var/lib/jenkins/workspace/0.Jenkins_FullPipeLine@tmp/withMaven0ac5f289" 
[2020-04-13T09:38:56.168Z] Running com.wakaleo.gameoflife.domain.WhenYouPrintAGrid
[2020-04-13T09:38:56.719Z] Tests run: 3, Failures: 0, Errors: 0, Skipped: 0, Time elapsed: 0.706 sec
[2020-04-13T09:38:56.719Z] Running com.wakaleo.gameoflife.domain.WhenYouCreateACell
[2020-04-13T09:38:56.719Z] Tests run: 6, Failures: 0, Errors: 0, Skipped: 0, Time elapsed: 0.002 sec
[2020-04-13T09:38:56.719Z] Running com.wakaleo.gameoflife.domain.WhenYouCreateANewUniverse
[2020-04-13T09:38:56.719Z] Tests run: 11, Failures: 0, Errors: 0, Skipped: 0, Time elapsed: 0 sec
[2020-04-13T09:38:56.719Z] Running com.wakaleo.gameoflife.domain.WhenYouReadAGridFromAString
[2020-04-13T09:38:56.719Z] Tests run: 8, Failures: 0, Errors: 0, Skipped: 0, Time elapsed: 0.021 sec
[2020-04-13T09:38:56.719Z] Running com.wakaleo.gameoflife.domain.WhenYouCreateAGrid
[2020-04-13T09:38:56.719Z] Tests run: 16, Failures: 0, Errors: 0, Skipped: 0, Time elapsed: 0.037 sec
[2020-04-13T09:38:56.719Z] Running com.wakaleo.gameoflife.domain.WhenYouPlayTheGameOfLife
[2020-04-13T09:38:56.719Z] Tests run: 5, Failures: 0, Errors: 0, Skipped: 0, Time elapsed: 0.014 sec
[2020-04-13T09:38:56.719Z] 
[2020-04-13T09:38:56.719Z] Results :
[2020-04-13T09:38:56.719Z] 
[2020-04-13T09:38:56.719Z] Tests run: 49, Failures: 0, Errors: 0, Skipped: 0
[2020-04-13T09:38:56.719Z] 
[2020-04-13T09:38:56.719Z] [INFO] 
[2020-04-13T09:38:56.719Z] [INFO] --- maven-easyb-plugin:1.4:test (default) @ gameoflife-core ---
[2020-04-13T09:38:59.231Z] [INFO] Using easyb dependency org.easyb:easyb-core:jar:1.6:compile
[2020-04-13T09:38:59.231Z] [INFO] Using easyb dependency org.easyb:easyb-composite-groovy:pom:1.2:compile
[2020-04-13T09:38:59.232Z] [INFO] Using easyb dependency org.codehaus.groovy:groovy-all:jar:2.3.6:compile
[2020-04-13T09:38:59.232Z] [INFO] Using easyb dependency org.easyb:easyb-ast:jar:1.1:compile
[2020-04-13T09:38:59.232Z] [INFO] Using easyb dependency commons-cli:commons-cli:jar:1.2:compile
[2020-04-13T09:38:59.232Z] [INFO] Using easyb dependency commons-lang:commons-lang:jar:2.5:compile
[2020-04-13T09:39:01.725Z]      [java] Picked up JAVA_TOOL_OPTIONS: -Dmaven.ext.class.path="/var/lib/jenkins/workspace/0.Jenkins_FullPipeLine@tmp/withMaven0ac5f289/pipeline-maven-spy.jar" -Dorg.jenkinsci.plugins.pipeline.maven.reportsFolder="/var/lib/jenkins/workspace/0.Jenkins_FullPipeLine@tmp/withMaven0ac5f289" 
[2020-04-13T09:39:02.637Z]      [java] Running multiplying things story (/var/lib/jenkins/workspace/0.Jenkins_FullPipeLine/gameoflife-core/src/test/stories/MultiplyingThings.story)
[2020-04-13T09:39:06.762Z]      [java] Scenarios run: 1, Failures: 0, Pending: 1, Time elapsed: 4.209 sec
[2020-04-13T09:39:07.013Z]      [java] Running counting things story (/var/lib/jenkins/workspace/0.Jenkins_FullPipeLine/gameoflife-core/src/test/stories/CountingThings.story)
[2020-04-13T09:39:07.264Z]      [java] Scenarios run: 1, Failures: 0, Pending: 0, Time elapsed: 0.205 sec
[2020-04-13T09:39:07.264Z]      [java] 2 total behaviors ran with no failures
[2020-04-13T09:39:11.389Z]      [java] Writing JUnit report to /var/lib/jenkins/workspace/0.Jenkins_FullPipeLine/gameoflife-core/target/surefire-reports/TEST-behavior.MultiplyingThings.xml
[2020-04-13T09:39:11.389Z]      [java] JUnit report written to /var/lib/jenkins/workspace/0.Jenkins_FullPipeLine/gameoflife-core/target/surefire-reports/TEST-behavior.MultiplyingThings.xml
[2020-04-13T09:39:11.389Z]      [java] Writing JUnit report to /var/lib/jenkins/workspace/0.Jenkins_FullPipeLine/gameoflife-core/target/surefire-reports/TEST-behavior.CountingThings.xml
[2020-04-13T09:39:11.389Z]      [java] JUnit report written to /var/lib/jenkins/workspace/0.Jenkins_FullPipeLine/gameoflife-core/target/surefire-reports/TEST-behavior.CountingThings.xml
[2020-04-13T09:39:12.301Z] [INFO] 
[2020-04-13T09:39:12.301Z] [INFO] ---------------< com.wakaleo.gameoflife:gameoflife-web >----------------
[2020-04-13T09:39:12.301Z] [INFO] Building gameoflife-web 1.0-SNAPSHOT                               [4/4]
[2020-04-13T09:39:12.301Z] [INFO] --------------------------------[ war ]---------------------------------
[2020-04-13T09:39:12.853Z] [INFO] 
[2020-04-13T09:39:12.853Z] [INFO] --- maven-enforcer-plugin:1.0:enforce (enforce-versions) @ gameoflife-web ---
[2020-04-13T09:39:12.853Z] [INFO] 
[2020-04-13T09:39:12.853Z] [INFO] --- maven-resources-plugin:2.6:resources (default-resources) @ gameoflife-web ---
[2020-04-13T09:39:12.853Z] [INFO] Using 'UTF-8' encoding to copy filtered resources.
[2020-04-13T09:39:12.853Z] [INFO] Copying 1 resource
[2020-04-13T09:39:12.853Z] [INFO] 
[2020-04-13T09:39:12.853Z] [INFO] --- jacoco-maven-plugin:0.7.2.201409121644:prepare-agent (jacoco-initialize) @ gameoflife-web ---
[2020-04-13T09:39:12.853Z] [INFO] argLine set to -javaagent:/var/lib/jenkins/.m2/repository/org/jacoco/org.jacoco.agent/0.7.2.201409121644/org.jacoco.agent-0.7.2.201409121644-runtime.jar=destfile=/var/lib/jenkins/workspace/0.Jenkins_FullPipeLine/gameoflife-web/target/jacoco.exec
[2020-04-13T09:39:12.853Z] [INFO] 
[2020-04-13T09:39:12.863Z] [INFO] --- maven-compiler-plugin:3.1:compile (default-compile) @ gameoflife-web ---
[2020-04-13T09:39:12.863Z] [INFO] Nothing to compile - all classes are up to date
[2020-04-13T09:39:12.863Z] [INFO] 
[2020-04-13T09:39:12.863Z] [INFO] --- maven-resources-plugin:2.6:testResources (default-testResources) @ gameoflife-web ---
[2020-04-13T09:39:12.863Z] [INFO] Using 'UTF-8' encoding to copy filtered resources.
[2020-04-13T09:39:12.863Z] [INFO] skip non existing resourceDirectory /var/lib/jenkins/workspace/0.Jenkins_FullPipeLine/gameoflife-web/src/test/resources
[2020-04-13T09:39:12.863Z] [INFO] 
[2020-04-13T09:39:12.863Z] [INFO] --- maven-compiler-plugin:3.1:testCompile (default-testCompile) @ gameoflife-web ---
[2020-04-13T09:39:12.863Z] [INFO] Changes detected - recompiling the module!
[2020-04-13T09:39:12.863Z] [INFO] Compiling 3 source files to /var/lib/jenkins/workspace/0.Jenkins_FullPipeLine/gameoflife-web/target/test-classes
[2020-04-13T09:39:14.735Z] [INFO] 
[2020-04-13T09:39:14.735Z] [INFO] --- maven-surefire-plugin:2.11:test (default-test) @ gameoflife-web ---
[2020-04-13T09:39:14.735Z] [INFO] Tests are skipped.
[2020-04-13T09:39:14.735Z] [INFO] 
[2020-04-13T09:39:14.735Z] [INFO] --- maven-surefire-plugin:2.11:test (unit-tests) @ gameoflife-web ---
[2020-04-13T09:39:14.735Z] [INFO] Surefire report directory: /var/lib/jenkins/workspace/0.Jenkins_FullPipeLine/gameoflife-web/target/surefire-reports
[2020-04-13T09:39:14.735Z] 
[2020-04-13T09:39:14.735Z] -------------------------------------------------------
[2020-04-13T09:39:14.735Z]  T E S T S
[2020-04-13T09:39:14.735Z] -------------------------------------------------------
[2020-04-13T09:39:15.292Z] Picked up JAVA_TOOL_OPTIONS: -Dmaven.ext.class.path="/var/lib/jenkins/workspace/0.Jenkins_FullPipeLine@tmp/withMaven0ac5f289/pipeline-maven-spy.jar" -Dorg.jenkinsci.plugins.pipeline.maven.reportsFolder="/var/lib/jenkins/workspace/0.Jenkins_FullPipeLine@tmp/withMaven0ac5f289" 
[2020-04-13T09:39:17.155Z] Running com.wakaleo.gameoflife.webtests.controllers.WhenSpawningANewGeneration
[2020-04-13T09:39:18.500Z] Tests run: 2, Failures: 0, Errors: 0, Skipped: 0, Time elapsed: 1.571 sec
[2020-04-13T09:39:18.500Z] Running com.wakaleo.gameoflife.webtests.controllers.WhenCreatingANewGame
[2020-04-13T09:39:18.500Z] Tests run: 3, Failures: 0, Errors: 0, Skipped: 0, Time elapsed: 0.096 sec
[2020-04-13T09:39:18.500Z] Running com.wakaleo.gameoflife.webtests.controllers.WhenDisplayingTheHomePage
[2020-04-13T09:39:18.500Z] Tests run: 2, Failures: 0, Errors: 0, Skipped: 0, Time elapsed: 0 sec
[2020-04-13T09:39:18.501Z] 
[2020-04-13T09:39:18.501Z] Results :
[2020-04-13T09:39:18.501Z] 
[2020-04-13T09:39:18.501Z] Tests run: 7, Failures: 0, Errors: 0, Skipped: 0
[2020-04-13T09:39:18.501Z] 
[2020-04-13T09:39:18.501Z] [INFO] 
[2020-04-13T09:39:18.501Z] [INFO] --- maven-easyb-plugin:1.4:test (default) @ gameoflife-web ---
[2020-04-13T09:39:18.752Z] [INFO] /var/lib/jenkins/workspace/0.Jenkins_FullPipeLine/gameoflife-web/src/test/stories does not exists.  Skipping easyb testing
[2020-04-13T09:39:18.752Z] [INFO] ------------------------------------------------------------------------
[2020-04-13T09:39:18.752Z] [INFO] Reactor Summary for gameoflife 1.0-SNAPSHOT:
[2020-04-13T09:39:18.752Z] [INFO] 
[2020-04-13T09:39:18.752Z] [INFO] gameoflife ......................................... SUCCESS [ 24.090 s]
[2020-04-13T09:39:18.752Z] [INFO] gameoflife-build ................................... SUCCESS [  3.385 s]
[2020-04-13T09:39:18.752Z] [INFO] gameoflife-core .................................... SUCCESS [ 20.725 s]
[2020-04-13T09:39:18.752Z] [INFO] gameoflife-web ..................................... SUCCESS [  6.514 s]
[2020-04-13T09:39:18.752Z] [INFO] ------------------------------------------------------------------------
[2020-04-13T09:39:18.752Z] [INFO] BUILD SUCCESS
[2020-04-13T09:39:18.752Z] [INFO] ------------------------------------------------------------------------
[2020-04-13T09:39:18.752Z] [INFO] Total time:  58.704 s
[2020-04-13T09:39:18.752Z] [INFO] Finished at: 2020-04-13T15:09:18+05:30
[2020-04-13T09:39:18.752Z] [INFO] ------------------------------------------------------------------------
[2020-04-13T09:39:18.752Z] [INFO] [jenkins-event-spy] Generated /var/lib/jenkins/workspace/0.Jenkins_FullPipeLine@tmp/withMaven0ac5f289/maven-spy-20200413-150819-1846073623865157647632.log
[2020-04-13T09:39:19.156Z] [8mha:////4KDBOBB0nnDD5CFQXgZO/tpCh01VpePU4r5QUiCnRWQYAAAApB+LCAAAAAAAAP9tjTEOwjAQBC9BFLSUPOJSgGgQVVrLDS8wsTFOrDtjOyQVL+Jr/IFAJCq2WO1sM88XLFOEI0eLraHOUWocBt/baeHAsbt4HrDlMzZMib1BaQbJ2tQzSs4G5hQlLASsDDWekyObYS1adVeVV2SrU47TdxBQOn2DBxRiMmcV8xfGCJtrrxPTz/NXAGPIUG53n9qHNxU7nkK+AAAA[0m[Pipeline] junit
[2020-04-13T09:39:19.160Z] Recording test results
[2020-04-13T09:39:19.671Z] [8mha:////4AUjZkr2W0+AUIYbgXMINCDdd8TeLFUADH7zvei08VRoAAAApR+LCAAAAAAAAP9tjTEOwjAQBC9BFLSUPOJSgESBqNJabniBiY1xYt0Z2yGpeBFf4w8EIlGxxWpnm3m+YJkiHDlabA11jlLjMPjeTgsHjt3F84Atn7FhSuwNSjNI1qaeUXI2MKcoYSFgZajxnBzZDGvRqruqvCJbnXKcvoOA0ukbPKAQkzmrmL8wRthce52Yfp6/AhhDyFBu95/avQGzICupvgAAAA==[0m[Pipeline] }
[2020-04-13T09:39:20.906Z] [withMaven] artifactsPublisher - Archive artifact pom.xml under com/wakaleo/gameoflife/gameoflife/1.0-SNAPSHOT/gameoflife-1.0-SNAPSHOT.pom
[2020-04-13T09:39:20.906Z] [withMaven] artifactsPublisher - Archive artifact gameoflife-build/pom.xml under com/wakaleo/gameoflife/gameoflife-build/1.0-SNAPSHOT/gameoflife-build-1.0-SNAPSHOT.pom
[2020-04-13T09:39:20.907Z] [withMaven] artifactsPublisher - Archive artifact gameoflife-core/pom.xml under com/wakaleo/gameoflife/gameoflife-core/1.0-SNAPSHOT/gameoflife-core-1.0-SNAPSHOT.pom
[2020-04-13T09:39:20.907Z] [withMaven] artifactsPublisher - Archive artifact gameoflife-web/pom.xml under com/wakaleo/gameoflife/gameoflife-web/1.0-SNAPSHOT/gameoflife-web-1.0-SNAPSHOT.pom
[2020-04-13T09:39:21.273Z] [withMaven] junitPublisher - Archive test results for Maven artifact com.wakaleo.gameoflife:gameoflife:pom:1.0-SNAPSHOT generated by maven-surefire-plugin:test (unit-tests): target/surefire-reports/*.xml
[2020-04-13T09:39:21.273Z] [withMaven] junitPublisher - Archive test results for Maven artifact com.wakaleo.gameoflife:gameoflife-build:jar:1.0-SNAPSHOT generated by maven-surefire-plugin:test (default-test): gameoflife-build/target/surefire-reports/*.xml
[2020-04-13T09:39:21.273Z] [withMaven] junitPublisher - Archive test results for Maven artifact com.wakaleo.gameoflife:gameoflife-build:jar:1.0-SNAPSHOT generated by maven-surefire-plugin:test (unit-tests): gameoflife-build/target/surefire-reports/*.xml
[2020-04-13T09:39:21.273Z] [withMaven] junitPublisher - Archive test results for Maven artifact com.wakaleo.gameoflife:gameoflife-core:jar:1.0-SNAPSHOT generated by maven-surefire-plugin:test (default-test): gameoflife-core/target/surefire-reports/*.xml
[2020-04-13T09:39:21.273Z] [withMaven] junitPublisher - Archive test results for Maven artifact com.wakaleo.gameoflife:gameoflife-core:jar:1.0-SNAPSHOT generated by maven-surefire-plugin:test (unit-tests): gameoflife-core/target/surefire-reports/*.xml
[2020-04-13T09:39:21.274Z] [withMaven] junitPublisher - Archive test results for Maven artifact com.wakaleo.gameoflife:gameoflife-web:war:1.0-SNAPSHOT generated by maven-surefire-plugin:test (default-test): gameoflife-web/target/surefire-reports/*.xml
[2020-04-13T09:39:21.274Z] [withMaven] junitPublisher - Archive test results for Maven artifact com.wakaleo.gameoflife:gameoflife-web:war:1.0-SNAPSHOT generated by maven-surefire-plugin:test (unit-tests): gameoflife-web/target/surefire-reports/*.xml
[2020-04-13T09:39:21.274Z] Recording test results
[2020-04-13T09:39:21.892Z] [withMaven] jacocoPublisher - Archive JaCoCo analysis results for Maven artifact MavenArtifact{com.wakaleo.gameoflife:gameoflife:pom:1.0-SNAPSHOT(version: 1.0-SNAPSHOT, snapshot:false) } generated by PluginInvocation{org.jacoco:jacoco-maven-plugin:0.7.2.201409121644@prepare-agent  jacoco-initialize}: execFile: target/jacoco.exec, sources: src/main/java, classes: target/classes
[2020-04-13T09:39:21.893Z] [withMaven] jacocoPublisher - Archive JaCoCo analysis results for Maven artifact MavenArtifact{com.wakaleo.gameoflife:gameoflife-build:jar:1.0-SNAPSHOT(version: 1.0-SNAPSHOT, snapshot:false) } generated by PluginInvocation{org.jacoco:jacoco-maven-plugin:0.7.2.201409121644@prepare-agent  jacoco-initialize}: execFile: gameoflife-build/target/jacoco.exec, sources: gameoflife-build/src/main/java, classes: gameoflife-build/target/classes
[2020-04-13T09:39:21.893Z] [withMaven] jacocoPublisher - Archive JaCoCo analysis results for Maven artifact MavenArtifact{com.wakaleo.gameoflife:gameoflife-core:jar:1.0-SNAPSHOT(version: 1.0-SNAPSHOT, snapshot:false) } generated by PluginInvocation{org.jacoco:jacoco-maven-plugin:0.7.2.201409121644@prepare-agent  jacoco-initialize}: execFile: gameoflife-core/target/jacoco.exec, sources: gameoflife-core/src/main/java, classes: gameoflife-core/target/classes
[2020-04-13T09:39:21.893Z] [withMaven] jacocoPublisher - Archive JaCoCo analysis results for Maven artifact MavenArtifact{com.wakaleo.gameoflife:gameoflife-web:war:1.0-SNAPSHOT(version: 1.0-SNAPSHOT, snapshot:false) } generated by PluginInvocation{org.jacoco:jacoco-maven-plugin:0.7.2.201409121644@prepare-agent  jacoco-initialize}: execFile: gameoflife-web/target/jacoco.exec, sources: gameoflife-web/src/main/java, classes: gameoflife-web/target/classes
[2020-04-13T09:39:21.893Z] [JaCoCo plugin] Collecting JaCoCo coverage data...
[2020-04-13T09:39:21.893Z] [JaCoCo plugin] target/jacoco.exec,gameoflife-build/target/jacoco.exec,gameoflife-core/target/jacoco.exec,gameoflife-web/target/jacoco.exec;target/classes,gameoflife-build/target/classes,gameoflife-core/target/classes,gameoflife-web/target/classes;src/main/java,gameoflife-build/src/main/java,gameoflife-core/src/main/java,gameoflife-web/src/main/java; locations are configured
[2020-04-13T09:39:21.894Z] [JaCoCo plugin] Number of found exec files for pattern target/jacoco.exec,gameoflife-build/target/jacoco.exec,gameoflife-core/target/jacoco.exec,gameoflife-web/target/jacoco.exec: 4
[2020-04-13T09:39:21.905Z] [JaCoCo plugin] Saving matched execfiles:  /var/lib/jenkins/workspace/0.Jenkins_FullPipeLine/gameoflife-build/target/jacoco.exec /var/lib/jenkins/workspace/0.Jenkins_FullPipeLine/gameoflife-core/target/jacoco.exec /var/lib/jenkins/workspace/0.Jenkins_FullPipeLine/gameoflife-web/target/jacoco.exec /var/lib/jenkins/workspace/0.Jenkins_FullPipeLine/target/jacoco.exec
[2020-04-13T09:39:21.906Z] [JaCoCo plugin] Saving matched class directories for class-pattern: target/classes,gameoflife-build/target/classes,gameoflife-core/target/classes,gameoflife-web/target/classes: 
[2020-04-13T09:39:21.922Z] [JaCoCo plugin]  - /var/lib/jenkins/workspace/0.Jenkins_FullPipeLine/gameoflife-build/target/classes 0 files
[2020-04-13T09:39:21.936Z] [JaCoCo plugin]  - /var/lib/jenkins/workspace/0.Jenkins_FullPipeLine/gameoflife-core/target/classes 5 files
[2020-04-13T09:39:21.936Z] [JaCoCo plugin]  - /var/lib/jenkins/workspace/0.Jenkins_FullPipeLine/gameoflife-web/target/classes 2 files
[2020-04-13T09:39:21.936Z] [JaCoCo plugin] Saving matched source directories for source-pattern: src/main/java,gameoflife-build/src/main/java,gameoflife-core/src/main/java,gameoflife-web/src/main/java: 
[2020-04-13T09:39:21.936Z] [JaCoCo plugin] Source Inclusions: **/*.java,**/*.groovy,**/*.kt,**/*.kts
[2020-04-13T09:39:21.957Z] [JaCoCo plugin] Source Exclusions: 
[2020-04-13T09:39:21.959Z] [JaCoCo plugin] - /var/lib/jenkins/workspace/0.Jenkins_FullPipeLine/gameoflife-core/src/main/java 5 files
[2020-04-13T09:39:21.959Z] [JaCoCo plugin] - /var/lib/jenkins/workspace/0.Jenkins_FullPipeLine/gameoflife-web/src/main/java 2 files
[2020-04-13T09:39:21.959Z] [JaCoCo plugin] Loading inclusions files..
[2020-04-13T09:39:21.959Z] [JaCoCo plugin] inclusions: []
[2020-04-13T09:39:21.959Z] [JaCoCo plugin] exclusions: []
[2020-04-13T09:39:21.973Z] ERROR: [withMaven] jacocoPublisher - Silently ignore exception archiving JaCoCo results for [JacocoReportDetails{execFile='target/jacoco.exec', sourceDirectory='src/main/java', classesDirectory='target/classes', description='MavenArtifact{com.wakaleo.gameoflife:gameoflife:pom:1.0-SNAPSHOT(version: 1.0-SNAPSHOT, snapshot:false) } PluginInvocation{org.jacoco:jacoco-maven-plugin:0.7.2.201409121644@prepare-agent  jacoco-initialize}'}, JacocoReportDetails{execFile='gameoflife-build/target/jacoco.exec', sourceDirectory='gameoflife-build/src/main/java', classesDirectory='gameoflife-build/target/classes', description='MavenArtifact{com.wakaleo.gameoflife:gameoflife-build:jar:1.0-SNAPSHOT(version: 1.0-SNAPSHOT, snapshot:false) } PluginInvocation{org.jacoco:jacoco-maven-plugin:0.7.2.201409121644@prepare-agent  jacoco-initialize}'}, JacocoReportDetails{execFile='gameoflife-core/target/jacoco.exec', sourceDirectory='gameoflife-core/src/main/java', classesDirectory='gameoflife-core/target/classes', description='MavenArtifact{com.wakaleo.gameoflife:gameoflife-core:jar:1.0-SNAPSHOT(version: 1.0-SNAPSHOT, snapshot:false) } PluginInvocation{org.jacoco:jacoco-maven-plugin:0.7.2.201409121644@prepare-agent  jacoco-initialize}'}, JacocoReportDetails{execFile='gameoflife-web/target/jacoco.exec', sourceDirectory='gameoflife-web/src/main/java', classesDirectory='gameoflife-web/target/classes', description='MavenArtifact{com.wakaleo.gameoflife:gameoflife-web:war:1.0-SNAPSHOT(version: 1.0-SNAPSHOT, snapshot:false) } PluginInvocation{org.jacoco:jacoco-maven-plugin:0.7.2.201409121644@prepare-agent  jacoco-initialize}'}]
[2020-04-13T09:39:21.973Z] ERROR: [withMaven] jacocoPublisher - Silently ignore exception archiving JaCoCo results: java.io.IOException: While reading execution data-file: /var/lib/jenkins/jobs/0.Jenkins_FullPipeLine/builds/6/jacoco/execFiles/exec0/jacoco.exec
[2020-04-13T09:39:21.974Z] [withMaven] openTasksPublisher - Scan Tasks for Maven artifact com.wakaleo.gameoflife:gameoflife-core:jar:1.0-SNAPSHOT in source directory gameoflife-core/src/main/java
[2020-04-13T09:39:21.974Z] [withMaven] openTasksPublisher - Scan Tasks for Maven artifact com.wakaleo.gameoflife:gameoflife-web:war:1.0-SNAPSHOT in source directory gameoflife-web/src/main/java
[2020-04-13T09:39:21.985Z] [TASKS] Scanning folder '/var/lib/jenkins/workspace/0.Jenkins_FullPipeLine' for files matching the pattern 'gameoflife-core/src/main/java/**/*,gameoflife-web/src/main/java/**/*' - excludes: null
[2020-04-13T09:39:21.985Z] [TASKS] Found 8 files to scan for tasks
[2020-04-13T09:39:21.985Z] [TASKS] Found 0 open tasks.
[2020-04-13T09:39:21.985Z] Skipping warnings blame since pipelines do not have an SCM link.%n
[2020-04-13T09:39:22.003Z] [TASKS] Computing warning deltas based on reference build #5
[2020-04-13T09:39:22.004Z] [withMaven] Publishers: Pipeline Graph Publisher: 20 ms, Generated Artifacts Publisher: 385 ms, Junit Publisher: 618 ms, Jacoco Publisher: 80 ms, Open Task Scanner Publisher: 30 ms
[2020-04-13T09:39:22.225Z] [8mha:////4JqSAeYb1IBNFHknuhFTUmVNsMtzMZia7WZvi8ib7wuIAAAApB+LCAAAAAAAAP9tjTESwiAURH/iWNhaeghSpHHGsbJlaDwBJogQ5n8CRFJ5Iq/mHUQzY+UWO/u2ec8XrGOAIwXNrMLBYOwM827SZbFMYbg6yszShXWEkZxiQmVBvTotKCgpWFLVsOKwUdg5igZ1gi238i4bJ1E35xTKd+BQm36EB1S8mJMM6QtzgN1t6iPhz/NXALP3Cep2/6n2DcUHGca+AAAA[0m[Pipeline] // withMaven
[2020-04-13T09:39:22.243Z] [8mha:////4HtQ5VxvuCfQ23W45QFRKFy+5FFHvJEqZyeiFk8XQWgpAAAApB+LCAAAAAAAAP9tjTEOwjAQBC9BFLSUPOIiQYUQVVrLDS8wsTFOrDtjOyQVL+Jr/IFAJCq2WO1sM88XLFOEI0eLraHOUWocBt/baeHAsbt4HrDlMzZMib1BaQbJ2tQzSs4G5hQlLASsDDWekyObYS1adVeVV2SrU47TdxBQOn2DBxRiMmcV8xfGCJtrrxPTz/NXAGMIGcrd/lPbN/bkQnq+AAAA[0m[Pipeline] }
[2020-04-13T09:39:22.361Z] [8mha:////4BIA9U7Xq5AVbpj0qkKyX9+2vPVMjTZEBW1vBBpHeLRQAAAApB+LCAAAAAAAAP9tjTEOwjAQBC9BFLSUPOICgg6lorXc8AKTGOPEugu2g1PxIr7GH7CIRMUWq51t5vWGZfBQszfYaeothcbi4EaTFyb2/dVxwo4v2DAFdhqlTpJbfZpRctQwpyhhIWClqXEcLJkIa9Gph6qcIlOdo8/fUUBp2zs8oRDZHJWPX5g8bG5jG5h+nr8CmIYhQnnY5trvPgra4wG+AAAA[0m[Pipeline] // stage
[2020-04-13T09:39:22.530Z] [8mha:////4BAQz0y/rOk0wI1zCw7BfZl3GmYEfPdN8ivf8ySCTSFZAAAAph+LCAAAAAAAAP9tjTEOwjAQBM9BKWgpeYQjpHSIitZywwtMYowT6y7YF5KKF/E1/oAhEhVb7ay0mucLyhThQNHJzmLvMTVeDmF0ucmJYn8JNMmOzrIhTBSs1HbS1NrjgprYwhJRwErB2mITKHl0DBvVmbupgkFXnTjmba+g8O0NHiBUNrOJ/IU5wvY6tonw5/krgHlgEDVDUe8+x/INtBhOyMEAAAA=[0m[Pipeline] stage
[2020-04-13T09:39:22.652Z] [8mha:////4ER+TSHvl5rxYdq11H7UZ5iyR+grH7b/BF6/RrFgFKc0AAAApx+LCAAAAAAAAP9tjTEOwjAUQ3+LOrAycohUIDbE1DXKwglCE0La6P/yk9JOnIircQdaKjHhwbItWe/1hiIynIidaCy2HmPtRRd6NyUxELfXQINo6CJqwkjBCmUHRcZWS1WULCzKclhJWFusA0WPLsFGNvqhy6DRlefE03aUkHtzhydkciInzelbRobtrTeR8Mf5C4CxS5AfdrPt52fxAdhUMVHCAAAA[0m[Pipeline] { (Metrics)
[2020-04-13T09:39:22.671Z] [8mha:////4L1dNiN9U7EiYWG4jlfW/rURjkSfw7mEWcXKXvEmx8hxAAAApx+LCAAAAAAAAP9tjTEOwjAUQ3+LOrAycohUAjbE1DXKwglCE0La6P/yk9JOnIircQdaKjHhwbItWe/1hiIynIidaCy2HmPtRRd6NyUxELfXQINo6CJqwkjBCmUHRcZWS1WULCzKclhJWFusA0WPLsFGNvqhy6DRlefE03aUkHtzhydkciInzelbRobtrTeR8Mf5C4CxS5AfdrPt52fxAXzhjwPCAAAA[0m[Pipeline] withMaven
[2020-04-13T09:39:22.672Z] [withMaven] Options: []
[2020-04-13T09:39:22.672Z] [withMaven] Available options: 
[2020-04-13T09:39:22.672Z] [withMaven] using JDK installation provided by the build agent
[2020-04-13T09:39:22.956Z] [withMaven] using Maven installation 'MyMaven'
[2020-04-13T09:39:23.034Z] [8mha:////4HBc6fHBDkc/hwwKDbXSRlFjwMZt3dwMLuxS3kaGJbuFAAAAph+LCAAAAAAAAP9tjTEOwjAUQ3+DOrAycoh0oBtiYo26cILQhJA0+r9NUtKJE3E17kBLJSY8WLYl673eUMYAJwqGO42dxdha3vvRzIlnCt3NU+aOrrwljOQ1b3RuSOnzWhtKGlYVDDYCthpbT9GiSbATTj5k5SWa6pLCvB0FMKsGeEIhZnKSIX3LFGB/H1Uk/HH+AmDqE7D6sFi9PMsPBA4E38IAAAA=[0m[Pipeline] {
[2020-04-13T09:39:23.058Z] [8mha:////4E4tHqUXrzSNr8KrZ7GtccsBcuDAo6NcTb8Pn5x0ZJycAAAAox+LCAAAAAAAAP9tjTESwiAURH/iWNhaegjSxMqxsmVoPAEmiBDmfwJEUnkir+YdRDNj5RY7+7Z5zxesY4AjBc2swsFg7AzzbtJlsUxhuDrKzNKFdYSRnGJCZUG9Oi0oKClYUtWw4rBR2DmKBnWCLbfyLhsnUTfnFMp34FCbfoQHVLyYkwzpC3OA3W3qI+HP81cAs09Qt+2n9v4NSnc5Zr4AAAA=[0m[Pipeline] sh
[2020-04-13T09:39:23.336Z] + mvn cobertura:cobertura -Dcobertura.report.format=xml
[2020-04-13T09:39:23.336Z] ----- withMaven Wrapper script -----
[2020-04-13T09:39:23.336Z] Picked up JAVA_TOOL_OPTIONS: -Dmaven.ext.class.path="/var/lib/jenkins/workspace/0.Jenkins_FullPipeLine@tmp/withMaven288384a5/pipeline-maven-spy.jar" -Dorg.jenkinsci.plugins.pipeline.maven.reportsFolder="/var/lib/jenkins/workspace/0.Jenkins_FullPipeLine@tmp/withMaven288384a5" 
[2020-04-13T09:39:24.258Z] Apache Maven 3.6.3 (cecedd343002696d0abb50b32b541b8a6ba2883f)
[2020-04-13T09:39:24.259Z] Maven home: /var/lib/jenkins/tools/hudson.tasks.Maven_MavenInstallation/MyMaven
[2020-04-13T09:39:24.259Z] Java version: 1.8.0_242, vendor: Private Build, runtime: /usr/lib/jvm/java-8-openjdk-amd64/jre
[2020-04-13T09:39:24.259Z] Default locale: en_IN, platform encoding: UTF-8
[2020-04-13T09:39:24.259Z] OS name: "linux", version: "5.3.0-46-generic", arch: "amd64", family: "unix"
[2020-04-13T09:39:29.456Z] [INFO] [jenkins-event-spy] Generate /var/lib/jenkins/workspace/0.Jenkins_FullPipeLine@tmp/withMaven288384a5/maven-spy-20200413-150928-84446482557074943855.log.tmp ...
[2020-04-13T09:39:29.707Z] [INFO] Scanning for projects...
[2020-04-13T09:39:31.054Z] [WARNING] 
[2020-04-13T09:39:31.054Z] [WARNING] Some problems were encountered while building the effective model for com.wakaleo.gameoflife:gameoflife-build:jar:1.0-SNAPSHOT
[2020-04-13T09:39:31.055Z] [WARNING] Reporting configuration should be done in <reporting> section, not in maven-site-plugin <configuration> as reportPlugins parameter.
[2020-04-13T09:39:31.055Z] [WARNING] 
[2020-04-13T09:39:31.055Z] [WARNING] Some problems were encountered while building the effective model for com.wakaleo.gameoflife:gameoflife-core:jar:1.0-SNAPSHOT
[2020-04-13T09:39:31.055Z] [WARNING] Reporting configuration should be done in <reporting> section, not in maven-site-plugin <configuration> as reportPlugins parameter.
[2020-04-13T09:39:31.055Z] [WARNING] 
[2020-04-13T09:39:31.055Z] [WARNING] Some problems were encountered while building the effective model for com.wakaleo.gameoflife:gameoflife-web:war:1.0-SNAPSHOT
[2020-04-13T09:39:31.055Z] [WARNING] Reporting configuration should be done in <reporting> section, not in maven-site-plugin <configuration> as reportPlugins parameter.
[2020-04-13T09:39:31.055Z] [WARNING] 
[2020-04-13T09:39:31.055Z] [WARNING] Some problems were encountered while building the effective model for com.wakaleo.gameoflife:gameoflife:pom:1.0-SNAPSHOT
[2020-04-13T09:39:31.055Z] [WARNING] Reporting configuration should be done in <reporting> section, not in maven-site-plugin <configuration> as reportPlugins parameter. @ line 302, column 40
[2020-04-13T09:39:31.055Z] [WARNING] 
[2020-04-13T09:39:31.055Z] [WARNING] It is highly recommended to fix these problems because they threaten the stability of your build.
[2020-04-13T09:39:31.055Z] [WARNING] 
[2020-04-13T09:39:31.055Z] [WARNING] For this reason, future Maven versions might no longer support building such malformed projects.
[2020-04-13T09:39:31.055Z] [WARNING] 
[2020-04-13T09:39:31.055Z] [INFO] ------------------------------------------------------------------------
[2020-04-13T09:39:31.055Z] [INFO] Reactor Build Order:
[2020-04-13T09:39:31.055Z] [INFO] 
[2020-04-13T09:39:31.055Z] [INFO] gameoflife                                                         [pom]
[2020-04-13T09:39:31.055Z] [INFO] gameoflife-build                                                   [jar]
[2020-04-13T09:39:31.055Z] [INFO] gameoflife-core                                                    [jar]
[2020-04-13T09:39:31.055Z] [INFO] gameoflife-web                                                     [war]
[2020-04-13T09:39:32.421Z] [INFO] 
[2020-04-13T09:39:32.421Z] [INFO] -----------------< com.wakaleo.gameoflife:gameoflife >------------------
[2020-04-13T09:39:32.421Z] [INFO] Building gameoflife 1.0-SNAPSHOT                                   [1/4]
[2020-04-13T09:39:32.421Z] [INFO] --------------------------------[ pom ]---------------------------------
[2020-04-13T09:39:32.672Z] [INFO] 
[2020-04-13T09:39:32.672Z] [INFO] >>> cobertura-maven-plugin:2.7:cobertura (default-cli) > [cobertura]test @ gameoflife >>>
[2020-04-13T09:39:32.672Z] [INFO] 
[2020-04-13T09:39:32.672Z] [INFO] --- maven-enforcer-plugin:1.0:enforce (enforce-versions) @ gameoflife ---
[2020-04-13T09:39:33.603Z] [INFO] 
[2020-04-13T09:39:33.603Z] [INFO] --- jacoco-maven-plugin:0.7.2.201409121644:prepare-agent (jacoco-initialize) @ gameoflife ---
[2020-04-13T09:39:36.834Z] [INFO] argLine set to -javaagent:/var/lib/jenkins/.m2/repository/org/jacoco/org.jacoco.agent/0.7.2.201409121644/org.jacoco.agent-0.7.2.201409121644-runtime.jar=destfile=/var/lib/jenkins/workspace/0.Jenkins_FullPipeLine/target/jacoco.exec
[2020-04-13T09:39:36.834Z] [INFO] 
[2020-04-13T09:39:36.834Z] [INFO] --- cobertura-maven-plugin:2.7:instrument (default-cli) @ gameoflife ---
[2020-04-13T09:39:44.919Z] [INFO] Skipping cobertura mojo for project with packaging type 'pom'
[2020-04-13T09:39:44.919Z] [INFO] 
[2020-04-13T09:39:44.919Z] [INFO] --- maven-surefire-plugin:2.11:test (unit-tests) @ gameoflife ---
[2020-04-13T09:39:44.919Z] [INFO] No tests to run.
[2020-04-13T09:39:44.919Z] [INFO] Surefire report directory: /var/lib/jenkins/workspace/0.Jenkins_FullPipeLine/target/surefire-reports
[2020-04-13T09:39:44.919Z] 
[2020-04-13T09:39:44.919Z] -------------------------------------------------------
[2020-04-13T09:39:44.919Z]  T E S T S
[2020-04-13T09:39:44.919Z] -------------------------------------------------------
[2020-04-13T09:39:45.470Z] Picked up JAVA_TOOL_OPTIONS: -Dmaven.ext.class.path="/var/lib/jenkins/workspace/0.Jenkins_FullPipeLine@tmp/withMaven288384a5/pipeline-maven-spy.jar" -Dorg.jenkinsci.plugins.pipeline.maven.reportsFolder="/var/lib/jenkins/workspace/0.Jenkins_FullPipeLine@tmp/withMaven288384a5" 
[2020-04-13T09:39:47.361Z] 
[2020-04-13T09:39:47.362Z] Results :
[2020-04-13T09:39:47.362Z] 
[2020-04-13T09:39:47.362Z] Tests run: 0, Failures: 0, Errors: 0, Skipped: 0
[2020-04-13T09:39:47.362Z] 
[2020-04-13T09:39:47.362Z] [INFO] 
[2020-04-13T09:39:47.362Z] [INFO] --- maven-easyb-plugin:1.4:test (default) @ gameoflife ---
[2020-04-13T09:39:47.913Z] [INFO] /var/lib/jenkins/workspace/0.Jenkins_FullPipeLine/src/test/stories does not exists.  Skipping easyb testing
[2020-04-13T09:39:47.913Z] [INFO] 
[2020-04-13T09:39:47.913Z] [INFO] <<< cobertura-maven-plugin:2.7:cobertura (default-cli) < [cobertura]test @ gameoflife <<<
[2020-04-13T09:39:47.913Z] [INFO] 
[2020-04-13T09:39:47.913Z] [INFO] 
[2020-04-13T09:39:47.913Z] [INFO] --- cobertura-maven-plugin:2.7:cobertura (default-cli) @ gameoflife ---
[2020-04-13T09:39:48.164Z] [INFO] 
[2020-04-13T09:39:48.164Z] [INFO] --------------< com.wakaleo.gameoflife:gameoflife-build >---------------
[2020-04-13T09:39:48.164Z] [INFO] Building gameoflife-build 1.0-SNAPSHOT                             [2/4]
[2020-04-13T09:39:48.164Z] [INFO] --------------------------------[ jar ]---------------------------------
[2020-04-13T09:39:48.415Z] [INFO] 
[2020-04-13T09:39:48.415Z] [INFO] >>> cobertura-maven-plugin:2.7:cobertura (default-cli) > [cobertura]test @ gameoflife-build >>>
[2020-04-13T09:39:48.415Z] [INFO] 
[2020-04-13T09:39:48.415Z] [INFO] --- maven-enforcer-plugin:1.0:enforce (enforce-versions) @ gameoflife-build ---
[2020-04-13T09:39:48.415Z] [INFO] 
[2020-04-13T09:39:48.415Z] [INFO] --- maven-resources-plugin:2.6:resources (default-resources) @ gameoflife-build ---
[2020-04-13T09:39:48.665Z] [INFO] Using 'UTF-8' encoding to copy filtered resources.
[2020-04-13T09:39:48.665Z] [INFO] Copying 2 resources
[2020-04-13T09:39:48.665Z] [INFO] 
[2020-04-13T09:39:48.665Z] [INFO] --- jacoco-maven-plugin:0.7.2.201409121644:prepare-agent (jacoco-initialize) @ gameoflife-build ---
[2020-04-13T09:39:48.666Z] [INFO] argLine set to -javaagent:/var/lib/jenkins/.m2/repository/org/jacoco/org.jacoco.agent/0.7.2.201409121644/org.jacoco.agent-0.7.2.201409121644-runtime.jar=destfile=/var/lib/jenkins/workspace/0.Jenkins_FullPipeLine/gameoflife-build/target/jacoco.exec
[2020-04-13T09:39:48.666Z] [INFO] 
[2020-04-13T09:39:48.666Z] [INFO] --- maven-compiler-plugin:3.1:compile (default-compile) @ gameoflife-build ---
[2020-04-13T09:39:48.919Z] [INFO] No sources to compile
[2020-04-13T09:39:48.919Z] [INFO] 
[2020-04-13T09:39:48.919Z] [INFO] --- cobertura-maven-plugin:2.7:instrument (default-cli) @ gameoflife-build ---
[2020-04-13T09:39:49.170Z] [WARNING] No files to instrument.
[2020-04-13T09:39:49.170Z] [INFO] NOT adding cobertura ser file to attached artifacts list.
[2020-04-13T09:39:49.170Z] [INFO] 
[2020-04-13T09:39:49.170Z] [INFO] --- maven-resources-plugin:2.6:testResources (default-testResources) @ gameoflife-build ---
[2020-04-13T09:39:49.170Z] [INFO] Using 'UTF-8' encoding to copy filtered resources.
[2020-04-13T09:39:49.170Z] [INFO] skip non existing resourceDirectory /var/lib/jenkins/workspace/0.Jenkins_FullPipeLine/gameoflife-build/src/test/resources
[2020-04-13T09:39:49.170Z] [INFO] 
[2020-04-13T09:39:49.170Z] [INFO] --- maven-compiler-plugin:3.1:testCompile (default-testCompile) @ gameoflife-build ---
[2020-04-13T09:39:49.170Z] [INFO] No sources to compile
[2020-04-13T09:39:49.170Z] [INFO] 
[2020-04-13T09:39:49.170Z] [INFO] --- maven-surefire-plugin:2.11:test (default-test) @ gameoflife-build ---
[2020-04-13T09:39:49.170Z] [INFO] Tests are skipped.
[2020-04-13T09:39:49.170Z] [INFO] 
[2020-04-13T09:39:49.170Z] [INFO] --- maven-surefire-plugin:2.11:test (unit-tests) @ gameoflife-build ---
[2020-04-13T09:39:49.170Z] [INFO] Tests are skipped.
[2020-04-13T09:39:49.170Z] [INFO] 
[2020-04-13T09:39:49.170Z] [INFO] --- maven-easyb-plugin:1.4:test (default) @ gameoflife-build ---
[2020-04-13T09:39:49.170Z] [INFO] /var/lib/jenkins/workspace/0.Jenkins_FullPipeLine/gameoflife-build/src/test/stories does not exists.  Skipping easyb testing
[2020-04-13T09:39:49.170Z] [INFO] 
[2020-04-13T09:39:49.170Z] [INFO] <<< cobertura-maven-plugin:2.7:cobertura (default-cli) < [cobertura]test @ gameoflife-build <<<
[2020-04-13T09:39:49.170Z] [INFO] 
[2020-04-13T09:39:49.170Z] [INFO] 
[2020-04-13T09:39:49.170Z] [INFO] --- cobertura-maven-plugin:2.7:cobertura (default-cli) @ gameoflife-build ---
[2020-04-13T09:39:49.421Z] [INFO] 
[2020-04-13T09:39:49.421Z] [INFO] ---------------< com.wakaleo.gameoflife:gameoflife-core >---------------
[2020-04-13T09:39:49.421Z] [INFO] Building gameoflife-core 1.0-SNAPSHOT                              [3/4]
[2020-04-13T09:39:49.421Z] [INFO] --------------------------------[ jar ]---------------------------------
[2020-04-13T09:39:49.421Z] [INFO] 
[2020-04-13T09:39:49.421Z] [INFO] >>> cobertura-maven-plugin:2.7:cobertura (default-cli) > [cobertura]test @ gameoflife-core >>>
[2020-04-13T09:39:49.421Z] [INFO] 
[2020-04-13T09:39:49.421Z] [INFO] --- maven-enforcer-plugin:1.0:enforce (enforce-versions) @ gameoflife-core ---
[2020-04-13T09:39:49.421Z] [INFO] 
[2020-04-13T09:39:49.421Z] [INFO] --- maven-resources-plugin:2.6:resources (default-resources) @ gameoflife-core ---
[2020-04-13T09:39:49.421Z] [INFO] Using 'UTF-8' encoding to copy filtered resources.
[2020-04-13T09:39:49.421Z] [INFO] skip non existing resourceDirectory /var/lib/jenkins/workspace/0.Jenkins_FullPipeLine/gameoflife-core/src/main/resources
[2020-04-13T09:39:49.421Z] [INFO] 
[2020-04-13T09:39:49.421Z] [INFO] --- jacoco-maven-plugin:0.7.2.201409121644:prepare-agent (jacoco-initialize) @ gameoflife-core ---
[2020-04-13T09:39:49.421Z] [INFO] argLine set to -javaagent:/var/lib/jenkins/.m2/repository/org/jacoco/org.jacoco.agent/0.7.2.201409121644/org.jacoco.agent-0.7.2.201409121644-runtime.jar=destfile=/var/lib/jenkins/workspace/0.Jenkins_FullPipeLine/gameoflife-core/target/jacoco.exec
[2020-04-13T09:39:49.421Z] [INFO] 
[2020-04-13T09:39:49.421Z] [INFO] --- maven-compiler-plugin:3.1:compile (default-compile) @ gameoflife-core ---
[2020-04-13T09:39:49.421Z] [INFO] Nothing to compile - all classes are up to date
[2020-04-13T09:39:49.421Z] [INFO] 
[2020-04-13T09:39:49.421Z] [INFO] --- cobertura-maven-plugin:2.7:instrument (default-cli) @ gameoflife-core ---
[2020-04-13T09:39:54.620Z] [INFO] Cobertura 2.1.1 - GNU GPL License (NO WARRANTY) - See COPYRIGHT file
[2020-04-13T09:39:54.620Z] [INFO] Cobertura: Saved information on 5 classes.
[2020-04-13T09:39:54.620Z] [INFO] Cobertura: Saved information on 5 classes.
[2020-04-13T09:39:54.620Z] 
[2020-04-13T09:39:54.620Z] [ERROR] Picked up JAVA_TOOL_OPTIONS: -Dmaven.ext.class.path="/var/lib/jenkins/workspace/0.Jenkins_FullPipeLine@tmp/withMaven288384a5/pipeline-maven-spy.jar" -Dorg.jenkinsci.plugins.pipeline.maven.reportsFolder="/var/lib/jenkins/workspace/0.Jenkins_FullPipeLine@tmp/withMaven288384a5" 
[2020-04-13T09:39:54.620Z] 
[2020-04-13T09:39:54.620Z] [INFO] Instrumentation was successful.
[2020-04-13T09:39:54.620Z] [INFO] NOT adding cobertura ser file to attached artifacts list.
[2020-04-13T09:39:54.620Z] [INFO] 
[2020-04-13T09:39:54.620Z] [INFO] --- maven-resources-plugin:2.6:testResources (default-testResources) @ gameoflife-core ---
[2020-04-13T09:39:54.620Z] [INFO] Using 'UTF-8' encoding to copy filtered resources.
[2020-04-13T09:39:54.620Z] [INFO] skip non existing resourceDirectory /var/lib/jenkins/workspace/0.Jenkins_FullPipeLine/gameoflife-core/src/test/resources
[2020-04-13T09:39:54.621Z] [INFO] 
[2020-04-13T09:39:54.621Z] [INFO] --- maven-compiler-plugin:3.1:testCompile (default-testCompile) @ gameoflife-core ---
[2020-04-13T09:39:54.621Z] [INFO] Nothing to compile - all classes are up to date
[2020-04-13T09:39:54.621Z] [INFO] 
[2020-04-13T09:39:54.621Z] [INFO] --- maven-surefire-plugin:2.11:test (default-test) @ gameoflife-core ---
[2020-04-13T09:39:54.621Z] [INFO] Tests are skipped.
[2020-04-13T09:39:54.621Z] [INFO] 
[2020-04-13T09:39:54.621Z] [INFO] --- maven-surefire-plugin:2.11:test (unit-tests) @ gameoflife-core ---
[2020-04-13T09:39:54.621Z] [INFO] Tests are skipped.
[2020-04-13T09:39:54.621Z] [INFO] 
[2020-04-13T09:39:54.621Z] [INFO] --- maven-easyb-plugin:1.4:test (default) @ gameoflife-core ---
[2020-04-13T09:39:54.621Z] [INFO] No specifications discovered in easyb test directory.  Skipping easyb testing
[2020-04-13T09:39:54.621Z] [INFO] 
[2020-04-13T09:39:54.621Z] [INFO] <<< cobertura-maven-plugin:2.7:cobertura (default-cli) < [cobertura]test @ gameoflife-core <<<
[2020-04-13T09:39:54.621Z] [INFO] 
[2020-04-13T09:39:54.621Z] [INFO] 
[2020-04-13T09:39:54.621Z] [INFO] --- cobertura-maven-plugin:2.7:cobertura (default-cli) @ gameoflife-core ---
[2020-04-13T09:39:56.008Z] [INFO] Cobertura 2.1.1 - GNU GPL License (NO WARRANTY) - See COPYRIGHT file
[2020-04-13T09:39:56.008Z] [INFO] Cobertura: Loaded information on 5 classes.
[2020-04-13T09:39:56.008Z] Report time: 627ms
[2020-04-13T09:39:56.008Z] 
[2020-04-13T09:39:56.008Z] [ERROR] Picked up JAVA_TOOL_OPTIONS: -Dmaven.ext.class.path="/var/lib/jenkins/workspace/0.Jenkins_FullPipeLine@tmp/withMaven288384a5/pipeline-maven-spy.jar" -Dorg.jenkinsci.plugins.pipeline.maven.reportsFolder="/var/lib/jenkins/workspace/0.Jenkins_FullPipeLine@tmp/withMaven288384a5" 
[2020-04-13T09:39:56.008Z] 
[2020-04-13T09:39:56.008Z] [INFO] Cobertura Report generation was successful.
[2020-04-13T09:39:56.008Z] [INFO] 
[2020-04-13T09:39:56.008Z] [INFO] ---------------< com.wakaleo.gameoflife:gameoflife-web >----------------
[2020-04-13T09:39:56.008Z] [INFO] Building gameoflife-web 1.0-SNAPSHOT                               [4/4]
[2020-04-13T09:39:56.008Z] [INFO] --------------------------------[ war ]---------------------------------
[2020-04-13T09:39:56.560Z] [INFO] 
[2020-04-13T09:39:56.560Z] [INFO] >>> cobertura-maven-plugin:2.7:cobertura (default-cli) > [cobertura]test @ gameoflife-web >>>
[2020-04-13T09:39:56.560Z] [INFO] 
[2020-04-13T09:39:56.560Z] [INFO] --- maven-enforcer-plugin:1.0:enforce (enforce-versions) @ gameoflife-web ---
[2020-04-13T09:39:56.560Z] [INFO] 
[2020-04-13T09:39:56.560Z] [INFO] --- maven-resources-plugin:2.6:resources (default-resources) @ gameoflife-web ---
[2020-04-13T09:39:56.560Z] [INFO] Using 'UTF-8' encoding to copy filtered resources.
[2020-04-13T09:39:56.560Z] [INFO] Copying 1 resource
[2020-04-13T09:39:56.560Z] [INFO] 
[2020-04-13T09:39:56.560Z] [INFO] --- jacoco-maven-plugin:0.7.2.201409121644:prepare-agent (jacoco-initialize) @ gameoflife-web ---
[2020-04-13T09:39:56.560Z] [INFO] argLine set to -javaagent:/var/lib/jenkins/.m2/repository/org/jacoco/org.jacoco.agent/0.7.2.201409121644/org.jacoco.agent-0.7.2.201409121644-runtime.jar=destfile=/var/lib/jenkins/workspace/0.Jenkins_FullPipeLine/gameoflife-web/target/jacoco.exec
[2020-04-13T09:39:56.560Z] [INFO] 
[2020-04-13T09:39:56.560Z] [INFO] --- maven-compiler-plugin:3.1:compile (default-compile) @ gameoflife-web ---
[2020-04-13T09:39:56.560Z] [INFO] Nothing to compile - all classes are up to date
[2020-04-13T09:39:56.560Z] [INFO] 
[2020-04-13T09:39:56.560Z] [INFO] --- cobertura-maven-plugin:2.7:instrument (default-cli) @ gameoflife-web ---
[2020-04-13T09:39:59.047Z] [INFO] Cobertura 2.1.1 - GNU GPL License (NO WARRANTY) - See COPYRIGHT file
[2020-04-13T09:39:59.047Z] [INFO] Cobertura: Saved information on 2 classes.
[2020-04-13T09:39:59.047Z] [INFO] Cobertura: Saved information on 2 classes.
[2020-04-13T09:39:59.047Z] 
[2020-04-13T09:39:59.047Z] [ERROR] Picked up JAVA_TOOL_OPTIONS: -Dmaven.ext.class.path="/var/lib/jenkins/workspace/0.Jenkins_FullPipeLine@tmp/withMaven288384a5/pipeline-maven-spy.jar" -Dorg.jenkinsci.plugins.pipeline.maven.reportsFolder="/var/lib/jenkins/workspace/0.Jenkins_FullPipeLine@tmp/withMaven288384a5" 
[2020-04-13T09:39:59.047Z] SLF4J: Class path contains multiple SLF4J bindings.
[2020-04-13T09:39:59.047Z] SLF4J: Found binding in [jar:file:/var/lib/jenkins/.m2/repository/ch/qos/logback/logback-classic/1.0.13/logback-classic-1.0.13.jar!/org/slf4j/impl/StaticLoggerBinder.class]
[2020-04-13T09:39:59.047Z] SLF4J: Found binding in [jar:file:/var/lib/jenkins/.m2/repository/org/slf4j/slf4j-simple/1.6.1/slf4j-simple-1.6.1.jar!/org/slf4j/impl/StaticLoggerBinder.class]
[2020-04-13T09:39:59.047Z] SLF4J: See http://www.slf4j.org/codes.html#multiple_bindings for an explanation.
[2020-04-13T09:39:59.047Z] SLF4J: Actual binding is of type [ch.qos.logback.classic.util.ContextSelectorStaticBinder]
[2020-04-13T09:39:59.047Z] 
[2020-04-13T09:39:59.047Z] [INFO] Instrumentation was successful.
[2020-04-13T09:39:59.047Z] [INFO] NOT adding cobertura ser file to attached artifacts list.
[2020-04-13T09:39:59.047Z] [INFO] 
[2020-04-13T09:39:59.047Z] [INFO] --- maven-resources-plugin:2.6:testResources (default-testResources) @ gameoflife-web ---
[2020-04-13T09:39:59.047Z] [INFO] Using 'UTF-8' encoding to copy filtered resources.
[2020-04-13T09:39:59.047Z] [INFO] skip non existing resourceDirectory /var/lib/jenkins/workspace/0.Jenkins_FullPipeLine/gameoflife-web/src/test/resources
[2020-04-13T09:39:59.047Z] [INFO] 
[2020-04-13T09:39:59.047Z] [INFO] --- maven-compiler-plugin:3.1:testCompile (default-testCompile) @ gameoflife-web ---
[2020-04-13T09:39:59.047Z] [INFO] Nothing to compile - all classes are up to date
[2020-04-13T09:39:59.047Z] [INFO] 
[2020-04-13T09:39:59.047Z] [INFO] --- maven-surefire-plugin:2.11:test (default-test) @ gameoflife-web ---
[2020-04-13T09:39:59.047Z] [INFO] Tests are skipped.
[2020-04-13T09:39:59.047Z] [INFO] 
[2020-04-13T09:39:59.047Z] [INFO] --- maven-surefire-plugin:2.11:test (unit-tests) @ gameoflife-web ---
[2020-04-13T09:39:59.047Z] [INFO] Tests are skipped.
[2020-04-13T09:39:59.047Z] [INFO] 
[2020-04-13T09:39:59.047Z] [INFO] --- maven-easyb-plugin:1.4:test (default) @ gameoflife-web ---
[2020-04-13T09:39:59.047Z] [INFO] /var/lib/jenkins/workspace/0.Jenkins_FullPipeLine/gameoflife-web/src/test/stories does not exists.  Skipping easyb testing
[2020-04-13T09:39:59.047Z] [INFO] 
[2020-04-13T09:39:59.047Z] [INFO] <<< cobertura-maven-plugin:2.7:cobertura (default-cli) < [cobertura]test @ gameoflife-web <<<
[2020-04-13T09:39:59.047Z] [INFO] 
[2020-04-13T09:39:59.047Z] [INFO] 
[2020-04-13T09:39:59.047Z] [INFO] --- cobertura-maven-plugin:2.7:cobertura (default-cli) @ gameoflife-web ---
[2020-04-13T09:40:00.400Z] [INFO] Cobertura 2.1.1 - GNU GPL License (NO WARRANTY) - See COPYRIGHT file
[2020-04-13T09:40:00.400Z] [INFO] Cobertura: Loaded information on 2 classes.
[2020-04-13T09:40:00.400Z] Report time: 324ms
[2020-04-13T09:40:00.400Z] 
[2020-04-13T09:40:00.400Z] [ERROR] Picked up JAVA_TOOL_OPTIONS: -Dmaven.ext.class.path="/var/lib/jenkins/workspace/0.Jenkins_FullPipeLine@tmp/withMaven288384a5/pipeline-maven-spy.jar" -Dorg.jenkinsci.plugins.pipeline.maven.reportsFolder="/var/lib/jenkins/workspace/0.Jenkins_FullPipeLine@tmp/withMaven288384a5" 
[2020-04-13T09:40:00.400Z] 
[2020-04-13T09:40:00.400Z] [INFO] Cobertura Report generation was successful.
[2020-04-13T09:40:00.401Z] [INFO] ------------------------------------------------------------------------
[2020-04-13T09:40:00.401Z] [INFO] Reactor Summary for gameoflife 1.0-SNAPSHOT:
[2020-04-13T09:40:00.401Z] [INFO] 
[2020-04-13T09:40:00.401Z] [INFO] gameoflife ......................................... SUCCESS [ 15.732 s]
[2020-04-13T09:40:00.401Z] [INFO] gameoflife-build ................................... SUCCESS [  1.071 s]
[2020-04-13T09:40:00.401Z] [INFO] gameoflife-core .................................... SUCCESS [  6.409 s]
[2020-04-13T09:40:00.401Z] [INFO] gameoflife-web ..................................... SUCCESS [  4.494 s]
[2020-04-13T09:40:00.401Z] [INFO] ------------------------------------------------------------------------
[2020-04-13T09:40:00.401Z] [INFO] BUILD SUCCESS
[2020-04-13T09:40:00.401Z] [INFO] ------------------------------------------------------------------------
[2020-04-13T09:40:00.401Z] [INFO] Total time:  30.502 s
[2020-04-13T09:40:00.401Z] [INFO] Finished at: 2020-04-13T15:10:00+05:30
[2020-04-13T09:40:00.401Z] [INFO] ------------------------------------------------------------------------
[2020-04-13T09:40:00.401Z] [INFO] [jenkins-event-spy] Generated /var/lib/jenkins/workspace/0.Jenkins_FullPipeLine@tmp/withMaven288384a5/maven-spy-20200413-150928-84446482557074943855.log
[2020-04-13T09:40:01.394Z] [8mha:////4FFIDszJwmuUzqGsTYGdBLs+pPI4QHRDGUE4ks4u3MFfAAAAox+LCAAAAAAAAP9tjTESwiAURH/iWNhaegjSZGwcK1uGxhNggghh/idAJJUn8mreQTQzVm6xs2+b93zBOgY4UtDMKhwMxs4w7yZdFssUhqujzCxdWEcYySkmVBbUq9OCgpKCJVUNKw4bhZ2jaFAn2HIr77JxEnVzTqF8Bw616Ud4QMWLOcmQvjAH2N2mPhL+PH8FMPsEddt+au/fiSQUTb4AAAA=[0m[Pipeline] cobertura
[2020-04-13T09:40:01.705Z] [Cobertura] Publishing Cobertura coverage report...
[2020-04-13T09:40:01.705Z] 
[2020-04-13T09:40:04.759Z] [Cobertura] Publishing Cobertura coverage results...
[2020-04-13T09:40:04.759Z] 
[2020-04-13T09:40:05.104Z] [Cobertura] Cobertura coverage report found.
[2020-04-13T09:40:05.104Z] 
[2020-04-13T09:40:05.737Z] [8mha:////4KUdk4tIihl6znSa7YWyOd8QFoS1XbZJ5YXHCGYfPfLzAAAApB+LCAAAAAAAAP9tjTESwiAURH/iWNhaegjSZMbCsbJlaDwBJogQ5n8CRFJ5Iq/mHUQzY+UWO/u2ec8XrGOAIwXNrMLBYOwM827SZbFMYbg6yszShXWEkZxiQmVBvTotKCgpWFLVsOKwUdg5igZ1gi238i4bJ1E35xTKd+BQm36EB1S8mJMM6QtzgN1t6iPhz/NXALP3Cep2/6n2DfqIzSO+AAAA[0m[Pipeline] }
[2020-04-13T09:40:05.809Z] [withMaven] artifactsPublisher - Archive artifact pom.xml under com/wakaleo/gameoflife/gameoflife/1.0-SNAPSHOT/gameoflife-1.0-SNAPSHOT.pom
[2020-04-13T09:40:05.809Z] [withMaven] artifactsPublisher - Archive artifact gameoflife-build/pom.xml under com/wakaleo/gameoflife/gameoflife-build/1.0-SNAPSHOT/gameoflife-build-1.0-SNAPSHOT.pom
[2020-04-13T09:40:05.809Z] [withMaven] artifactsPublisher - Archive artifact gameoflife-core/pom.xml under com/wakaleo/gameoflife/gameoflife-core/1.0-SNAPSHOT/gameoflife-core-1.0-SNAPSHOT.pom
[2020-04-13T09:40:05.810Z] [withMaven] artifactsPublisher - Archive artifact gameoflife-web/pom.xml under com/wakaleo/gameoflife/gameoflife-web/1.0-SNAPSHOT/gameoflife-web-1.0-SNAPSHOT.pom
[2020-04-13T09:40:05.843Z] [withMaven] junitPublisher - Archive test results for Maven artifact com.wakaleo.gameoflife:gameoflife:pom:1.0-SNAPSHOT generated by maven-surefire-plugin:test (unit-tests): target/surefire-reports/*.xml
[2020-04-13T09:40:05.844Z] [withMaven] junitPublisher - Archive test results for Maven artifact com.wakaleo.gameoflife:gameoflife-build:jar:1.0-SNAPSHOT generated by maven-surefire-plugin:test (default-test): gameoflife-build/target/surefire-reports/*.xml
[2020-04-13T09:40:05.844Z] [withMaven] junitPublisher - Archive test results for Maven artifact com.wakaleo.gameoflife:gameoflife-build:jar:1.0-SNAPSHOT generated by maven-surefire-plugin:test (unit-tests): gameoflife-build/target/surefire-reports/*.xml
[2020-04-13T09:40:05.844Z] [withMaven] junitPublisher - Archive test results for Maven artifact com.wakaleo.gameoflife:gameoflife-core:jar:1.0-SNAPSHOT generated by maven-surefire-plugin:test (default-test): gameoflife-core/target/surefire-reports/*.xml
[2020-04-13T09:40:05.844Z] [withMaven] junitPublisher - Archive test results for Maven artifact com.wakaleo.gameoflife:gameoflife-core:jar:1.0-SNAPSHOT generated by maven-surefire-plugin:test (unit-tests): gameoflife-core/target/surefire-reports/*.xml
[2020-04-13T09:40:05.844Z] [withMaven] junitPublisher - Archive test results for Maven artifact com.wakaleo.gameoflife:gameoflife-web:war:1.0-SNAPSHOT generated by maven-surefire-plugin:test (default-test): gameoflife-web/target/surefire-reports/*.xml
[2020-04-13T09:40:05.844Z] [withMaven] junitPublisher - Archive test results for Maven artifact com.wakaleo.gameoflife:gameoflife-web:war:1.0-SNAPSHOT generated by maven-surefire-plugin:test (unit-tests): gameoflife-web/target/surefire-reports/*.xml
[2020-04-13T09:40:05.844Z] Recording test results
[2020-04-13T09:40:06.302Z] [withMaven] jacocoPublisher - Archive JaCoCo analysis results for Maven artifact MavenArtifact{com.wakaleo.gameoflife:gameoflife:pom:1.0-SNAPSHOT(version: 1.0-SNAPSHOT, snapshot:false) } generated by PluginInvocation{org.jacoco:jacoco-maven-plugin:0.7.2.201409121644@prepare-agent  jacoco-initialize}: execFile: target/jacoco.exec, sources: src/main/java, classes: target/classes
[2020-04-13T09:40:06.302Z] [withMaven] jacocoPublisher - Archive JaCoCo analysis results for Maven artifact MavenArtifact{com.wakaleo.gameoflife:gameoflife-build:jar:1.0-SNAPSHOT(version: 1.0-SNAPSHOT, snapshot:false) } generated by PluginInvocation{org.jacoco:jacoco-maven-plugin:0.7.2.201409121644@prepare-agent  jacoco-initialize}: execFile: gameoflife-build/target/jacoco.exec, sources: gameoflife-build/src/main/java, classes: gameoflife-build/target/classes
[2020-04-13T09:40:06.302Z] [withMaven] jacocoPublisher - Archive JaCoCo analysis results for Maven artifact MavenArtifact{com.wakaleo.gameoflife:gameoflife-core:jar:1.0-SNAPSHOT(version: 1.0-SNAPSHOT, snapshot:false) } generated by PluginInvocation{org.jacoco:jacoco-maven-plugin:0.7.2.201409121644@prepare-agent  jacoco-initialize}: execFile: gameoflife-core/target/jacoco.exec, sources: gameoflife-core/src/main/java, classes: gameoflife-core/target/classes
[2020-04-13T09:40:06.302Z] [withMaven] jacocoPublisher - Archive JaCoCo analysis results for Maven artifact MavenArtifact{com.wakaleo.gameoflife:gameoflife-web:war:1.0-SNAPSHOT(version: 1.0-SNAPSHOT, snapshot:false) } generated by PluginInvocation{org.jacoco:jacoco-maven-plugin:0.7.2.201409121644@prepare-agent  jacoco-initialize}: execFile: gameoflife-web/target/jacoco.exec, sources: gameoflife-web/src/main/java, classes: gameoflife-web/target/classes
[2020-04-13T09:40:06.303Z] [JaCoCo plugin] Collecting JaCoCo coverage data...
[2020-04-13T09:40:06.303Z] [JaCoCo plugin] target/jacoco.exec,gameoflife-build/target/jacoco.exec,gameoflife-core/target/jacoco.exec,gameoflife-web/target/jacoco.exec;target/classes,gameoflife-build/target/classes,gameoflife-core/target/classes,gameoflife-web/target/classes;src/main/java,gameoflife-build/src/main/java,gameoflife-core/src/main/java,gameoflife-web/src/main/java; locations are configured
[2020-04-13T09:40:06.304Z] [JaCoCo plugin] Number of found exec files for pattern target/jacoco.exec,gameoflife-build/target/jacoco.exec,gameoflife-core/target/jacoco.exec,gameoflife-web/target/jacoco.exec: 4
[2020-04-13T09:40:06.306Z] [JaCoCo plugin] Saving matched execfiles:  /var/lib/jenkins/workspace/0.Jenkins_FullPipeLine/gameoflife-build/target/jacoco.exec /var/lib/jenkins/workspace/0.Jenkins_FullPipeLine/gameoflife-core/target/jacoco.exec /var/lib/jenkins/workspace/0.Jenkins_FullPipeLine/gameoflife-web/target/jacoco.exec /var/lib/jenkins/workspace/0.Jenkins_FullPipeLine/target/jacoco.exec
[2020-04-13T09:40:06.306Z] [JaCoCo plugin] Saving matched class directories for class-pattern: target/classes,gameoflife-build/target/classes,gameoflife-core/target/classes,gameoflife-web/target/classes: 
[2020-04-13T09:40:06.308Z] [JaCoCo plugin]  - /var/lib/jenkins/workspace/0.Jenkins_FullPipeLine/gameoflife-build/target/classes 0 files
[2020-04-13T09:40:06.309Z] [JaCoCo plugin]  - /var/lib/jenkins/workspace/0.Jenkins_FullPipeLine/gameoflife-core/target/classes 5 files
[2020-04-13T09:40:06.310Z] [JaCoCo plugin]  - /var/lib/jenkins/workspace/0.Jenkins_FullPipeLine/gameoflife-web/target/classes 2 files
[2020-04-13T09:40:06.310Z] [JaCoCo plugin] Saving matched source directories for source-pattern: src/main/java,gameoflife-build/src/main/java,gameoflife-core/src/main/java,gameoflife-web/src/main/java: 
[2020-04-13T09:40:06.310Z] [JaCoCo plugin] Source Inclusions: **/*.java,**/*.groovy,**/*.kt,**/*.kts
[2020-04-13T09:40:06.312Z] [JaCoCo plugin] Source Exclusions: 
[2020-04-13T09:40:06.313Z] [JaCoCo plugin] - /var/lib/jenkins/workspace/0.Jenkins_FullPipeLine/gameoflife-core/src/main/java 5 files
[2020-04-13T09:40:06.313Z] [JaCoCo plugin] - /var/lib/jenkins/workspace/0.Jenkins_FullPipeLine/gameoflife-web/src/main/java 2 files
[2020-04-13T09:40:06.313Z] [JaCoCo plugin] Loading inclusions files..
[2020-04-13T09:40:06.313Z] [JaCoCo plugin] inclusions: []
[2020-04-13T09:40:06.313Z] [JaCoCo plugin] exclusions: []
[2020-04-13T09:40:06.313Z] ERROR: [withMaven] jacocoPublisher - Silently ignore exception archiving JaCoCo results for [JacocoReportDetails{execFile='target/jacoco.exec', sourceDirectory='src/main/java', classesDirectory='target/classes', description='MavenArtifact{com.wakaleo.gameoflife:gameoflife:pom:1.0-SNAPSHOT(version: 1.0-SNAPSHOT, snapshot:false) } PluginInvocation{org.jacoco:jacoco-maven-plugin:0.7.2.201409121644@prepare-agent  jacoco-initialize}'}, JacocoReportDetails{execFile='gameoflife-build/target/jacoco.exec', sourceDirectory='gameoflife-build/src/main/java', classesDirectory='gameoflife-build/target/classes', description='MavenArtifact{com.wakaleo.gameoflife:gameoflife-build:jar:1.0-SNAPSHOT(version: 1.0-SNAPSHOT, snapshot:false) } PluginInvocation{org.jacoco:jacoco-maven-plugin:0.7.2.201409121644@prepare-agent  jacoco-initialize}'}, JacocoReportDetails{execFile='gameoflife-core/target/jacoco.exec', sourceDirectory='gameoflife-core/src/main/java', classesDirectory='gameoflife-core/target/classes', description='MavenArtifact{com.wakaleo.gameoflife:gameoflife-core:jar:1.0-SNAPSHOT(version: 1.0-SNAPSHOT, snapshot:false) } PluginInvocation{org.jacoco:jacoco-maven-plugin:0.7.2.201409121644@prepare-agent  jacoco-initialize}'}, JacocoReportDetails{execFile='gameoflife-web/target/jacoco.exec', sourceDirectory='gameoflife-web/src/main/java', classesDirectory='gameoflife-web/target/classes', description='MavenArtifact{com.wakaleo.gameoflife:gameoflife-web:war:1.0-SNAPSHOT(version: 1.0-SNAPSHOT, snapshot:false) } PluginInvocation{org.jacoco:jacoco-maven-plugin:0.7.2.201409121644@prepare-agent  jacoco-initialize}'}]
[2020-04-13T09:40:06.313Z] ERROR: [withMaven] jacocoPublisher - Silently ignore exception archiving JaCoCo results: java.io.IOException: While reading execution data-file: /var/lib/jenkins/jobs/0.Jenkins_FullPipeLine/builds/6/jacoco/execFiles/exec0/jacoco.exec
[2020-04-13T09:40:06.315Z] [withMaven] openTasksPublisher - Scan Tasks for Maven artifact com.wakaleo.gameoflife:gameoflife-core:jar:1.0-SNAPSHOT in source directory gameoflife-core/src/main/java
[2020-04-13T09:40:06.315Z] [withMaven] openTasksPublisher - Scan Tasks for Maven artifact com.wakaleo.gameoflife:gameoflife-web:war:1.0-SNAPSHOT in source directory gameoflife-web/src/main/java
[2020-04-13T09:40:06.324Z] [TASKS] Scanning folder '/var/lib/jenkins/workspace/0.Jenkins_FullPipeLine' for files matching the pattern 'gameoflife-core/src/main/java/**/*,gameoflife-web/src/main/java/**/*' - excludes: null
[2020-04-13T09:40:06.324Z] [TASKS] Found 8 files to scan for tasks
[2020-04-13T09:40:06.324Z] [TASKS] Found 0 open tasks.
[2020-04-13T09:40:06.324Z] Skipping warnings blame since pipelines do not have an SCM link.%n
[2020-04-13T09:40:06.916Z] [TASKS] Computing warning deltas based on reference build #5
[2020-04-13T09:40:06.916Z] [withMaven] Publishers: Pipeline Graph Publisher: 29 ms, Generated Artifacts Publisher: 34 ms, Junit Publisher: 456 ms, Jacoco Publisher: 11 ms, Open Task Scanner Publisher: 601 ms
[2020-04-13T09:40:06.921Z] [8mha:////4BFsGrUA+vL0KhcI9eA9K80X7dZJhfvKK9PZ1ZWrQmYXAAAApR+LCAAAAAAAAP9tjTEOwjAQBC9BFLSUPOJSQIGEqNJabniBiY1xYt0Z2yGpeBFf4w8EIlGxxWpnm3m+YJkiHDlabA11jlLjMPjeTgsHjt3F84Atn7FhSuwNSjNI1qaeUXI2MKcoYSFgZajxnBzZDGvRqruqvCJbnXKcvoOA0ukbPKAQkzmrmL8wRthce52Yfp6/AhhDyFDu9p/avgGMr/9MvgAAAA==[0m[Pipeline] // withMaven
[2020-04-13T09:40:07.488Z] [8mha:////4JM22CNGDdfkWwys3y6vcT2Pqx4r3GLnENNx3h+LziroAAAApR+LCAAAAAAAAP9tjTEOwjAQBC9BFLSUPOIiIRqEqNJabniBiY1xYt0Z2yGpeBFf4w8EIlGxxWpnm3m+YJkiHDlabA11jlLjMPjeTgsHjt3F84Atn7FhSuwNSjNI1qaeUXI2MKcoYSFgZajxnBzZDGvRqruqvCJbnXKcvoOA0ukbPKAQkzmrmL8wRthce52Yfp6/AhhDyFDu9p/avgG/TKTwvgAAAA==[0m[Pipeline] }
[2020-04-13T09:40:07.900Z] [8mha:////4Pj0MhKQWF/QxI56pTf6Chwi8EJzZ8hDpsD9oNwvnkgBAAAApR+LCAAAAAAAAP9tjTEOwjAQBC9BFLSUPOICElQoFa3lhheYxBgn1l2wHZyKF/E1/oBFJCq2WO1sM683LIOHmr3BTlNvKTQWBzeavDCx76+OE3Z8wYYpsNModZLc6tOMkqOGOUUJCwErTY3jYMlEWItOPVTlFJnqHH3+jgJK297hCYXI5qh8/MLkYXMb28D08/wVwDQMEcrDNtd+9wF5R9XovgAAAA==[0m[Pipeline] // stage
[2020-04-13T09:40:09.981Z] [8mha:////4M8E/6SET4uVyKaIOIrpngcMbTOlmTKm9k8kJBIuH/OgAAAAph+LCAAAAAAAAP9tjTEOwjAQBM9BKWgpeYQjJKgQFa3lhheY2Bgn1l2wLyQVL+Jr/IFAJCq22llpNc8XlDnBgZKXjcM2YK6D7GLvpyYHSu0l0iAbOsuaMFN0UrtBk3XHGTWxgzmigIWCpcM6Ug7oGVaqMXdTRYO+OnGatr2CItgbPECoycwm8RfGBOtrbzPhz/NXAGPHILYMxW7zOZZvABM5bsEAAAA=[0m[Pipeline] stage
[2020-04-13T09:40:10.687Z] [8mha:////4CcQy1C8wSC4UD1mHxOxhqB9f6SQorFp3nSEbogr1btSAAAApx+LCAAAAAAAAP9tjTEOwjAUQ3+LOrAycohUIDEhpq5RFk4QmhDSRv+Xn5R24kRcjTvQUokJD5ZtyXqvNxSR4UTsRGOx9RhrL7rQuymJgbi9BhpEQxdRE0YKVig7KDK2WqqiZGFRlsNKwtpiHSh6dAk2stEPXQaNrjwnnrajhNybOzwhkxM5aU7fMjJsb72JhD/OXwCMXYL8sJttPz+LDwMT42zCAAAA[0m[Pipeline] { (Package)
[2020-04-13T09:40:11.122Z] [8mha:////4D9qOmmys3DU8Z2KEVEXlEAV3j4MHu4TZseSk6uXYaEEAAAApx+LCAAAAAAAAP9tjTEOwjAUQ3+LOrAycohUAjEhpq5RFk4QmhDSRv+Xn5R24kRcjTvQUokJD5ZtyXqvNxSR4UTsRGOx9RhrL7rQuymJgbi9BhpEQxdRE0YKVig7KDK2WqqiZGFRlsNKwtpiHSh6dAk2stEPXQaNrjwnnrajhNybOzwhkxM5aU7fMjJsb72JhD/OXwCMXYL8sJttPz+LD6emXT7CAAAA[0m[Pipeline] withMaven
[2020-04-13T09:40:11.124Z] [withMaven] Options: []
[2020-04-13T09:40:11.124Z] [withMaven] Available options: 
[2020-04-13T09:40:11.124Z] [withMaven] using JDK installation provided by the build agent
[2020-04-13T09:40:11.126Z] [withMaven] using Maven installation 'MyMaven'
[2020-04-13T09:40:11.219Z] [8mha:////4GVU14OAv1A6Lm2DxLLssoidHJFC7CH4RYmmUNKFRIE9AAAApx+LCAAAAAAAAP9tjTEOwjAUQ3+LOrAycoh0ACbE1DXKwglCE0La6P/yk9JOnIircQdaKjHhwbItWe/1hiIynIidaCy2HmPtRRd6NyUxELfXQINo6CJqwkjBCmUHRcZWS1WULCzKclhJWFusA0WPLsFGNvqhy6DRlefE03aUkHtzhydkciInzelbRobtrTeR8Mf5C4CxS5AfdrPt52fxAd9J1uLCAAAA[0m[Pipeline] {
[2020-04-13T09:40:11.528Z] [8mha:////4PfM9RMAHy1qwAhdzwN+uGO5mp0kChusmBwYnqEjHgntAAAAox+LCAAAAAAAAP9tjTEOwjAQBC9BFLSUPOLSkApR0VppeIFJjLFj3Tm2g1PxIr7GHwhEomKL1c4283zBOgY4ctBoFfWGYmvQu1HPCzOH/uo4o+ULtkyRncJG5YY7dVqw4aRgSVHCSsBGUes4GtIJtsLKu6ycJF2dU5i/g4DSdAM8oBCzOcmQvjAF2N3GLjL9PH8FMPkEZb3/VO3f4x1Rq74AAAA=[0m[Pipeline] sh
[2020-04-13T09:40:11.787Z] + mvn package
[2020-04-13T09:40:11.788Z] ----- withMaven Wrapper script -----
[2020-04-13T09:40:11.788Z] Picked up JAVA_TOOL_OPTIONS: -Dmaven.ext.class.path="/var/lib/jenkins/workspace/0.Jenkins_FullPipeLine@tmp/withMavenc793ec54/pipeline-maven-spy.jar" -Dorg.jenkinsci.plugins.pipeline.maven.reportsFolder="/var/lib/jenkins/workspace/0.Jenkins_FullPipeLine@tmp/withMavenc793ec54" 
[2020-04-13T09:40:12.039Z] Apache Maven 3.6.3 (cecedd343002696d0abb50b32b541b8a6ba2883f)
[2020-04-13T09:40:12.039Z] Maven home: /var/lib/jenkins/tools/hudson.tasks.Maven_MavenInstallation/MyMaven
[2020-04-13T09:40:12.039Z] Java version: 1.8.0_242, vendor: Private Build, runtime: /usr/lib/jvm/java-8-openjdk-amd64/jre
[2020-04-13T09:40:12.039Z] Default locale: en_IN, platform encoding: UTF-8
[2020-04-13T09:40:12.039Z] OS name: "linux", version: "5.3.0-46-generic", arch: "amd64", family: "unix"
[2020-04-13T09:40:14.524Z] [INFO] [jenkins-event-spy] Generate /var/lib/jenkins/workspace/0.Jenkins_FullPipeLine@tmp/withMavenc793ec54/maven-spy-20200413-151013-9644694685487391277076.log.tmp ...
[2020-04-13T09:40:14.524Z] [INFO] Scanning for projects...
[2020-04-13T09:40:15.435Z] [WARNING] 
[2020-04-13T09:40:15.436Z] [WARNING] Some problems were encountered while building the effective model for com.wakaleo.gameoflife:gameoflife-build:jar:1.0-SNAPSHOT
[2020-04-13T09:40:15.436Z] [WARNING] Reporting configuration should be done in <reporting> section, not in maven-site-plugin <configuration> as reportPlugins parameter.
[2020-04-13T09:40:15.436Z] [WARNING] 
[2020-04-13T09:40:15.436Z] [WARNING] Some problems were encountered while building the effective model for com.wakaleo.gameoflife:gameoflife-core:jar:1.0-SNAPSHOT
[2020-04-13T09:40:15.436Z] [WARNING] Reporting configuration should be done in <reporting> section, not in maven-site-plugin <configuration> as reportPlugins parameter.
[2020-04-13T09:40:15.436Z] [WARNING] 
[2020-04-13T09:40:15.436Z] [WARNING] Some problems were encountered while building the effective model for com.wakaleo.gameoflife:gameoflife-web:war:1.0-SNAPSHOT
[2020-04-13T09:40:15.436Z] [WARNING] Reporting configuration should be done in <reporting> section, not in maven-site-plugin <configuration> as reportPlugins parameter.
[2020-04-13T09:40:15.436Z] [WARNING] 
[2020-04-13T09:40:15.436Z] [WARNING] Some problems were encountered while building the effective model for com.wakaleo.gameoflife:gameoflife:pom:1.0-SNAPSHOT
[2020-04-13T09:40:15.436Z] [WARNING] Reporting configuration should be done in <reporting> section, not in maven-site-plugin <configuration> as reportPlugins parameter. @ line 302, column 40
[2020-04-13T09:40:15.436Z] [WARNING] 
[2020-04-13T09:40:15.436Z] [WARNING] It is highly recommended to fix these problems because they threaten the stability of your build.
[2020-04-13T09:40:15.436Z] [WARNING] 
[2020-04-13T09:40:15.436Z] [WARNING] For this reason, future Maven versions might no longer support building such malformed projects.
[2020-04-13T09:40:15.436Z] [WARNING] 
[2020-04-13T09:40:15.436Z] [INFO] ------------------------------------------------------------------------
[2020-04-13T09:40:15.436Z] [INFO] Reactor Build Order:
[2020-04-13T09:40:15.436Z] [INFO] 
[2020-04-13T09:40:15.436Z] [INFO] gameoflife                                                         [pom]
[2020-04-13T09:40:15.436Z] [INFO] gameoflife-build                                                   [jar]
[2020-04-13T09:40:15.436Z] [INFO] gameoflife-core                                                    [jar]
[2020-04-13T09:40:15.436Z] [INFO] gameoflife-web                                                     [war]
[2020-04-13T09:40:15.436Z] [INFO] 
[2020-04-13T09:40:15.436Z] [INFO] -----------------< com.wakaleo.gameoflife:gameoflife >------------------
[2020-04-13T09:40:15.436Z] [INFO] Building gameoflife 1.0-SNAPSHOT                                   [1/4]
[2020-04-13T09:40:15.436Z] [INFO] --------------------------------[ pom ]---------------------------------
[2020-04-13T09:40:15.694Z] [INFO] 
[2020-04-13T09:40:15.694Z] [INFO] --- maven-enforcer-plugin:1.0:enforce (enforce-versions) @ gameoflife ---
[2020-04-13T09:40:16.253Z] [INFO] 
[2020-04-13T09:40:16.253Z] [INFO] --- jacoco-maven-plugin:0.7.2.201409121644:prepare-agent (jacoco-initialize) @ gameoflife ---
[2020-04-13T09:40:17.167Z] [INFO] argLine set to -javaagent:/var/lib/jenkins/.m2/repository/org/jacoco/org.jacoco.agent/0.7.2.201409121644/org.jacoco.agent-0.7.2.201409121644-runtime.jar=destfile=/var/lib/jenkins/workspace/0.Jenkins_FullPipeLine/target/jacoco.exec
[2020-04-13T09:40:17.167Z] [INFO] 
[2020-04-13T09:40:17.167Z] [INFO] --- maven-surefire-plugin:2.11:test (unit-tests) @ gameoflife ---
[2020-04-13T09:40:17.418Z] [INFO] No tests to run.
[2020-04-13T09:40:17.418Z] [INFO] Surefire report directory: /var/lib/jenkins/workspace/0.Jenkins_FullPipeLine/target/surefire-reports
[2020-04-13T09:40:17.668Z] 
[2020-04-13T09:40:17.669Z] -------------------------------------------------------
[2020-04-13T09:40:17.669Z]  T E S T S
[2020-04-13T09:40:17.669Z] -------------------------------------------------------
[2020-04-13T09:40:17.922Z] Picked up JAVA_TOOL_OPTIONS: -Dmaven.ext.class.path="/var/lib/jenkins/workspace/0.Jenkins_FullPipeLine@tmp/withMavenc793ec54/pipeline-maven-spy.jar" -Dorg.jenkinsci.plugins.pipeline.maven.reportsFolder="/var/lib/jenkins/workspace/0.Jenkins_FullPipeLine@tmp/withMavenc793ec54" 
[2020-04-13T09:40:19.266Z] 
[2020-04-13T09:40:19.266Z] Results :
[2020-04-13T09:40:19.266Z] 
[2020-04-13T09:40:19.266Z] Tests run: 0, Failures: 0, Errors: 0, Skipped: 0
[2020-04-13T09:40:19.266Z] 
[2020-04-13T09:40:19.266Z] [INFO] 
[2020-04-13T09:40:19.266Z] [INFO] --- maven-easyb-plugin:1.4:test (default) @ gameoflife ---
[2020-04-13T09:40:19.817Z] [INFO] /var/lib/jenkins/workspace/0.Jenkins_FullPipeLine/src/test/stories does not exists.  Skipping easyb testing
[2020-04-13T09:40:19.817Z] [INFO] 
[2020-04-13T09:40:19.818Z] [INFO] --------------< com.wakaleo.gameoflife:gameoflife-build >---------------
[2020-04-13T09:40:19.818Z] [INFO] Building gameoflife-build 1.0-SNAPSHOT                             [2/4]
[2020-04-13T09:40:19.818Z] [INFO] --------------------------------[ jar ]---------------------------------
[2020-04-13T09:40:20.068Z] [INFO] 
[2020-04-13T09:40:20.068Z] [INFO] --- maven-enforcer-plugin:1.0:enforce (enforce-versions) @ gameoflife-build ---
[2020-04-13T09:40:20.068Z] [INFO] 
[2020-04-13T09:40:20.068Z] [INFO] --- maven-resources-plugin:2.6:resources (default-resources) @ gameoflife-build ---
[2020-04-13T09:40:20.319Z] [INFO] Using 'UTF-8' encoding to copy filtered resources.
[2020-04-13T09:40:20.319Z] [INFO] Copying 2 resources
[2020-04-13T09:40:20.319Z] [INFO] 
[2020-04-13T09:40:20.319Z] [INFO] --- jacoco-maven-plugin:0.7.2.201409121644:prepare-agent (jacoco-initialize) @ gameoflife-build ---
[2020-04-13T09:40:20.319Z] [INFO] argLine set to -javaagent:/var/lib/jenkins/.m2/repository/org/jacoco/org.jacoco.agent/0.7.2.201409121644/org.jacoco.agent-0.7.2.201409121644-runtime.jar=destfile=/var/lib/jenkins/workspace/0.Jenkins_FullPipeLine/gameoflife-build/target/jacoco.exec
[2020-04-13T09:40:20.319Z] [INFO] 
[2020-04-13T09:40:20.319Z] [INFO] --- maven-compiler-plugin:3.1:compile (default-compile) @ gameoflife-build ---
[2020-04-13T09:40:20.570Z] [INFO] No sources to compile
[2020-04-13T09:40:20.570Z] [INFO] 
[2020-04-13T09:40:20.570Z] [INFO] --- maven-resources-plugin:2.6:testResources (default-testResources) @ gameoflife-build ---
[2020-04-13T09:40:20.570Z] [INFO] Using 'UTF-8' encoding to copy filtered resources.
[2020-04-13T09:40:20.570Z] [INFO] skip non existing resourceDirectory /var/lib/jenkins/workspace/0.Jenkins_FullPipeLine/gameoflife-build/src/test/resources
[2020-04-13T09:40:20.570Z] [INFO] 
[2020-04-13T09:40:20.571Z] [INFO] --- maven-compiler-plugin:3.1:testCompile (default-testCompile) @ gameoflife-build ---
[2020-04-13T09:40:20.571Z] [INFO] No sources to compile
[2020-04-13T09:40:20.571Z] [INFO] 
[2020-04-13T09:40:20.571Z] [INFO] --- maven-surefire-plugin:2.11:test (default-test) @ gameoflife-build ---
[2020-04-13T09:40:20.821Z] [INFO] Tests are skipped.
[2020-04-13T09:40:20.821Z] [INFO] 
[2020-04-13T09:40:20.821Z] [INFO] --- maven-surefire-plugin:2.11:test (unit-tests) @ gameoflife-build ---
[2020-04-13T09:40:20.821Z] [INFO] No tests to run.
[2020-04-13T09:40:20.821Z] [INFO] Surefire report directory: /var/lib/jenkins/workspace/0.Jenkins_FullPipeLine/gameoflife-build/target/surefire-reports
[2020-04-13T09:40:20.821Z] 
[2020-04-13T09:40:20.821Z] -------------------------------------------------------
[2020-04-13T09:40:20.821Z]  T E S T S
[2020-04-13T09:40:20.821Z] -------------------------------------------------------
[2020-04-13T09:40:20.821Z] Picked up JAVA_TOOL_OPTIONS: -Dmaven.ext.class.path="/var/lib/jenkins/workspace/0.Jenkins_FullPipeLine@tmp/withMavenc793ec54/pipeline-maven-spy.jar" -Dorg.jenkinsci.plugins.pipeline.maven.reportsFolder="/var/lib/jenkins/workspace/0.Jenkins_FullPipeLine@tmp/withMavenc793ec54" 
[2020-04-13T09:40:22.167Z] 
[2020-04-13T09:40:22.167Z] Results :
[2020-04-13T09:40:22.167Z] 
[2020-04-13T09:40:22.167Z] Tests run: 0, Failures: 0, Errors: 0, Skipped: 0
[2020-04-13T09:40:22.167Z] 
[2020-04-13T09:40:22.167Z] [INFO] 
[2020-04-13T09:40:22.167Z] [INFO] --- maven-easyb-plugin:1.4:test (default) @ gameoflife-build ---
[2020-04-13T09:40:22.167Z] [INFO] /var/lib/jenkins/workspace/0.Jenkins_FullPipeLine/gameoflife-build/src/test/stories does not exists.  Skipping easyb testing
[2020-04-13T09:40:22.167Z] [INFO] 
[2020-04-13T09:40:22.167Z] [INFO] --- maven-jar-plugin:2.4:jar (default-jar) @ gameoflife-build ---
[2020-04-13T09:40:24.657Z] [INFO] Building jar: /var/lib/jenkins/workspace/0.Jenkins_FullPipeLine/gameoflife-build/target/gameoflife-build-1.0-SNAPSHOT.jar
[2020-04-13T09:40:24.657Z] [INFO] 
[2020-04-13T09:40:24.657Z] [INFO] ---------------< com.wakaleo.gameoflife:gameoflife-core >---------------
[2020-04-13T09:40:24.657Z] [INFO] Building gameoflife-core 1.0-SNAPSHOT                              [3/4]
[2020-04-13T09:40:24.657Z] [INFO] --------------------------------[ jar ]---------------------------------
[2020-04-13T09:40:24.657Z] [INFO] 
[2020-04-13T09:40:24.657Z] [INFO] --- maven-enforcer-plugin:1.0:enforce (enforce-versions) @ gameoflife-core ---
[2020-04-13T09:40:24.657Z] [INFO] 
[2020-04-13T09:40:24.657Z] [INFO] --- maven-resources-plugin:2.6:resources (default-resources) @ gameoflife-core ---
[2020-04-13T09:40:24.657Z] [INFO] Using 'UTF-8' encoding to copy filtered resources.
[2020-04-13T09:40:24.657Z] [INFO] skip non existing resourceDirectory /var/lib/jenkins/workspace/0.Jenkins_FullPipeLine/gameoflife-core/src/main/resources
[2020-04-13T09:40:24.657Z] [INFO] 
[2020-04-13T09:40:24.657Z] [INFO] --- jacoco-maven-plugin:0.7.2.201409121644:prepare-agent (jacoco-initialize) @ gameoflife-core ---
[2020-04-13T09:40:24.657Z] [INFO] argLine set to -javaagent:/var/lib/jenkins/.m2/repository/org/jacoco/org.jacoco.agent/0.7.2.201409121644/org.jacoco.agent-0.7.2.201409121644-runtime.jar=destfile=/var/lib/jenkins/workspace/0.Jenkins_FullPipeLine/gameoflife-core/target/jacoco.exec
[2020-04-13T09:40:24.657Z] [INFO] 
[2020-04-13T09:40:24.657Z] [INFO] --- maven-compiler-plugin:3.1:compile (default-compile) @ gameoflife-core ---
[2020-04-13T09:40:24.657Z] [INFO] Nothing to compile - all classes are up to date
[2020-04-13T09:40:24.657Z] [INFO] 
[2020-04-13T09:40:24.657Z] [INFO] --- maven-resources-plugin:2.6:testResources (default-testResources) @ gameoflife-core ---
[2020-04-13T09:40:24.657Z] [INFO] Using 'UTF-8' encoding to copy filtered resources.
[2020-04-13T09:40:24.657Z] [INFO] skip non existing resourceDirectory /var/lib/jenkins/workspace/0.Jenkins_FullPipeLine/gameoflife-core/src/test/resources
[2020-04-13T09:40:24.657Z] [INFO] 
[2020-04-13T09:40:24.657Z] [INFO] --- maven-compiler-plugin:3.1:testCompile (default-testCompile) @ gameoflife-core ---
[2020-04-13T09:40:24.657Z] [INFO] Nothing to compile - all classes are up to date
[2020-04-13T09:40:24.657Z] [INFO] 
[2020-04-13T09:40:24.657Z] [INFO] --- maven-surefire-plugin:2.11:test (default-test) @ gameoflife-core ---
[2020-04-13T09:40:24.657Z] [INFO] Tests are skipped.
[2020-04-13T09:40:24.657Z] [INFO] 
[2020-04-13T09:40:24.657Z] [INFO] --- maven-surefire-plugin:2.11:test (unit-tests) @ gameoflife-core ---
[2020-04-13T09:40:24.657Z] [INFO] Surefire report directory: /var/lib/jenkins/workspace/0.Jenkins_FullPipeLine/gameoflife-core/target/surefire-reports
[2020-04-13T09:40:24.657Z] 
[2020-04-13T09:40:24.657Z] -------------------------------------------------------
[2020-04-13T09:40:24.657Z]  T E S T S
[2020-04-13T09:40:24.657Z] -------------------------------------------------------
[2020-04-13T09:40:24.657Z] Picked up JAVA_TOOL_OPTIONS: -Dmaven.ext.class.path="/var/lib/jenkins/workspace/0.Jenkins_FullPipeLine@tmp/withMavenc793ec54/pipeline-maven-spy.jar" -Dorg.jenkinsci.plugins.pipeline.maven.reportsFolder="/var/lib/jenkins/workspace/0.Jenkins_FullPipeLine@tmp/withMavenc793ec54" 
[2020-04-13T09:40:26.553Z] Running com.wakaleo.gameoflife.domain.WhenYouPrintAGrid
[2020-04-13T09:40:27.134Z] Tests run: 3, Failures: 0, Errors: 0, Skipped: 0, Time elapsed: 0.634 sec
[2020-04-13T09:40:27.134Z] Running com.wakaleo.gameoflife.domain.WhenYouCreateACell
[2020-04-13T09:40:27.134Z] Tests run: 6, Failures: 0, Errors: 0, Skipped: 0, Time elapsed: 0 sec
[2020-04-13T09:40:27.134Z] Running com.wakaleo.gameoflife.domain.WhenYouCreateANewUniverse
[2020-04-13T09:40:27.134Z] Tests run: 11, Failures: 0, Errors: 0, Skipped: 0, Time elapsed: 0.073 sec
[2020-04-13T09:40:27.134Z] Running com.wakaleo.gameoflife.domain.WhenYouReadAGridFromAString
[2020-04-13T09:40:27.385Z] Tests run: 8, Failures: 0, Errors: 0, Skipped: 0, Time elapsed: 0.056 sec
[2020-04-13T09:40:27.385Z] Running com.wakaleo.gameoflife.domain.WhenYouCreateAGrid
[2020-04-13T09:40:27.385Z] Tests run: 16, Failures: 0, Errors: 0, Skipped: 0, Time elapsed: 0.041 sec
[2020-04-13T09:40:27.385Z] Running com.wakaleo.gameoflife.domain.WhenYouPlayTheGameOfLife
[2020-04-13T09:40:27.385Z] Tests run: 5, Failures: 0, Errors: 0, Skipped: 0, Time elapsed: 0.035 sec
[2020-04-13T09:40:27.385Z] 
[2020-04-13T09:40:27.385Z] Results :
[2020-04-13T09:40:27.385Z] 
[2020-04-13T09:40:27.385Z] Tests run: 49, Failures: 0, Errors: 0, Skipped: 0
[2020-04-13T09:40:27.385Z] 
[2020-04-13T09:40:27.385Z] [INFO] 
[2020-04-13T09:40:27.385Z] [INFO] --- maven-easyb-plugin:1.4:test (default) @ gameoflife-core ---
[2020-04-13T09:40:27.936Z] [INFO] Using easyb dependency org.easyb:easyb-core:jar:1.6:compile
[2020-04-13T09:40:27.936Z] [INFO] Using easyb dependency org.easyb:easyb-composite-groovy:pom:1.2:compile
[2020-04-13T09:40:27.937Z] [INFO] Using easyb dependency org.codehaus.groovy:groovy-all:jar:2.3.6:compile
[2020-04-13T09:40:27.937Z] [INFO] Using easyb dependency org.easyb:easyb-ast:jar:1.1:compile
[2020-04-13T09:40:27.937Z] [INFO] Using easyb dependency commons-cli:commons-cli:jar:1.2:compile
[2020-04-13T09:40:27.937Z] [INFO] Using easyb dependency commons-lang:commons-lang:jar:2.5:compile
[2020-04-13T09:40:28.489Z]      [java] Picked up JAVA_TOOL_OPTIONS: -Dmaven.ext.class.path="/var/lib/jenkins/workspace/0.Jenkins_FullPipeLine@tmp/withMavenc793ec54/pipeline-maven-spy.jar" -Dorg.jenkinsci.plugins.pipeline.maven.reportsFolder="/var/lib/jenkins/workspace/0.Jenkins_FullPipeLine@tmp/withMavenc793ec54" 
[2020-04-13T09:40:29.834Z]      [java] Running multiplying things story (/var/lib/jenkins/workspace/0.Jenkins_FullPipeLine/gameoflife-core/src/test/stories/MultiplyingThings.story)
[2020-04-13T09:40:37.866Z]      [java] Scenarios run: 1, Failures: 0, Pending: 1, Time elapsed: 7.117 sec
[2020-04-13T09:40:37.866Z]      [java] Running counting things story (/var/lib/jenkins/workspace/0.Jenkins_FullPipeLine/gameoflife-core/src/test/stories/CountingThings.story)
[2020-04-13T09:40:37.866Z]      [java] Scenarios run: 1, Failures: 0, Pending: 0, Time elapsed: 0.284 sec
[2020-04-13T09:40:38.118Z]      [java] 2 total behaviors ran with no failures
[2020-04-13T09:40:42.247Z]      [java] Writing JUnit report to /var/lib/jenkins/workspace/0.Jenkins_FullPipeLine/gameoflife-core/target/surefire-reports/TEST-behavior.MultiplyingThings.xml
[2020-04-13T09:40:42.498Z]      [java] JUnit report written to /var/lib/jenkins/workspace/0.Jenkins_FullPipeLine/gameoflife-core/target/surefire-reports/TEST-behavior.MultiplyingThings.xml
[2020-04-13T09:40:42.498Z]      [java] Writing JUnit report to /var/lib/jenkins/workspace/0.Jenkins_FullPipeLine/gameoflife-core/target/surefire-reports/TEST-behavior.CountingThings.xml
[2020-04-13T09:40:42.498Z]      [java] JUnit report written to /var/lib/jenkins/workspace/0.Jenkins_FullPipeLine/gameoflife-core/target/surefire-reports/TEST-behavior.CountingThings.xml
[2020-04-13T09:40:43.411Z] [INFO] 
[2020-04-13T09:40:43.411Z] [INFO] --- maven-jar-plugin:2.4:jar (default-jar) @ gameoflife-core ---
[2020-04-13T09:40:43.662Z] [INFO] Building jar: /var/lib/jenkins/workspace/0.Jenkins_FullPipeLine/gameoflife-core/target/gameoflife-core-1.0-SNAPSHOT.jar
[2020-04-13T09:40:43.912Z] [INFO] 
[2020-04-13T09:40:43.913Z] [INFO] ---------------< com.wakaleo.gameoflife:gameoflife-web >----------------
[2020-04-13T09:40:43.913Z] [INFO] Building gameoflife-web 1.0-SNAPSHOT                               [4/4]
[2020-04-13T09:40:43.913Z] [INFO] --------------------------------[ war ]---------------------------------
[2020-04-13T09:40:45.776Z] [INFO] 
[2020-04-13T09:40:45.776Z] [INFO] --- maven-enforcer-plugin:1.0:enforce (enforce-versions) @ gameoflife-web ---
[2020-04-13T09:40:45.776Z] [INFO] 
[2020-04-13T09:40:45.776Z] [INFO] --- maven-resources-plugin:2.6:resources (default-resources) @ gameoflife-web ---
[2020-04-13T09:40:45.776Z] [INFO] Using 'UTF-8' encoding to copy filtered resources.
[2020-04-13T09:40:45.776Z] [INFO] Copying 1 resource
[2020-04-13T09:40:45.776Z] [INFO] 
[2020-04-13T09:40:45.776Z] [INFO] --- jacoco-maven-plugin:0.7.2.201409121644:prepare-agent (jacoco-initialize) @ gameoflife-web ---
[2020-04-13T09:40:45.777Z] [INFO] argLine set to -javaagent:/var/lib/jenkins/.m2/repository/org/jacoco/org.jacoco.agent/0.7.2.201409121644/org.jacoco.agent-0.7.2.201409121644-runtime.jar=destfile=/var/lib/jenkins/workspace/0.Jenkins_FullPipeLine/gameoflife-web/target/jacoco.exec
[2020-04-13T09:40:45.777Z] [INFO] 
[2020-04-13T09:40:45.777Z] [INFO] --- maven-compiler-plugin:3.1:compile (default-compile) @ gameoflife-web ---
[2020-04-13T09:40:45.777Z] [INFO] Nothing to compile - all classes are up to date
[2020-04-13T09:40:45.777Z] [INFO] 
[2020-04-13T09:40:45.777Z] [INFO] --- maven-resources-plugin:2.6:testResources (default-testResources) @ gameoflife-web ---
[2020-04-13T09:40:45.777Z] [INFO] Using 'UTF-8' encoding to copy filtered resources.
[2020-04-13T09:40:45.777Z] [INFO] skip non existing resourceDirectory /var/lib/jenkins/workspace/0.Jenkins_FullPipeLine/gameoflife-web/src/test/resources
[2020-04-13T09:40:45.777Z] [INFO] 
[2020-04-13T09:40:45.777Z] [INFO] --- maven-compiler-plugin:3.1:testCompile (default-testCompile) @ gameoflife-web ---
[2020-04-13T09:40:46.027Z] [INFO] Nothing to compile - all classes are up to date
[2020-04-13T09:40:46.027Z] [INFO] 
[2020-04-13T09:40:46.027Z] [INFO] --- maven-surefire-plugin:2.11:test (default-test) @ gameoflife-web ---
[2020-04-13T09:40:46.027Z] [INFO] Tests are skipped.
[2020-04-13T09:40:46.027Z] [INFO] 
[2020-04-13T09:40:46.027Z] [INFO] --- maven-surefire-plugin:2.11:test (unit-tests) @ gameoflife-web ---
[2020-04-13T09:40:46.027Z] [INFO] Surefire report directory: /var/lib/jenkins/workspace/0.Jenkins_FullPipeLine/gameoflife-web/target/surefire-reports
[2020-04-13T09:40:46.278Z] 
[2020-04-13T09:40:46.278Z] -------------------------------------------------------
[2020-04-13T09:40:46.278Z]  T E S T S
[2020-04-13T09:40:46.278Z] -------------------------------------------------------
[2020-04-13T09:40:46.529Z] Picked up JAVA_TOOL_OPTIONS: -Dmaven.ext.class.path="/var/lib/jenkins/workspace/0.Jenkins_FullPipeLine@tmp/withMavenc793ec54/pipeline-maven-spy.jar" -Dorg.jenkinsci.plugins.pipeline.maven.reportsFolder="/var/lib/jenkins/workspace/0.Jenkins_FullPipeLine@tmp/withMavenc793ec54" 
[2020-04-13T09:40:50.656Z] Running com.wakaleo.gameoflife.webtests.controllers.WhenSpawningANewGeneration
[2020-04-13T09:40:53.888Z] Tests run: 2, Failures: 0, Errors: 0, Skipped: 0, Time elapsed: 2.712 sec
[2020-04-13T09:40:53.888Z] Running com.wakaleo.gameoflife.webtests.controllers.WhenCreatingANewGame
[2020-04-13T09:40:53.888Z] Tests run: 3, Failures: 0, Errors: 0, Skipped: 0, Time elapsed: 0.05 sec
[2020-04-13T09:40:53.888Z] Running com.wakaleo.gameoflife.webtests.controllers.WhenDisplayingTheHomePage
[2020-04-13T09:40:53.888Z] Tests run: 2, Failures: 0, Errors: 0, Skipped: 0, Time elapsed: 0.003 sec
[2020-04-13T09:40:53.888Z] 
[2020-04-13T09:40:53.888Z] Results :
[2020-04-13T09:40:53.888Z] 
[2020-04-13T09:40:53.888Z] Tests run: 7, Failures: 0, Errors: 0, Skipped: 0
[2020-04-13T09:40:53.888Z] 
[2020-04-13T09:40:53.888Z] [INFO] 
[2020-04-13T09:40:53.888Z] [INFO] --- maven-easyb-plugin:1.4:test (default) @ gameoflife-web ---
[2020-04-13T09:40:53.888Z] [INFO] /var/lib/jenkins/workspace/0.Jenkins_FullPipeLine/gameoflife-web/src/test/stories does not exists.  Skipping easyb testing
[2020-04-13T09:40:53.888Z] [INFO] 
[2020-04-13T09:40:53.888Z] [INFO] --- maven-war-plugin:2.1.1:war (default-war) @ gameoflife-web ---
[2020-04-13T09:40:56.391Z] [INFO] Packaging webapp
[2020-04-13T09:40:56.391Z] [INFO] Assembling webapp [gameoflife-web] in [/var/lib/jenkins/workspace/0.Jenkins_FullPipeLine/gameoflife-web/target/gameoflife]
[2020-04-13T09:40:56.391Z] [INFO] Processing war project
[2020-04-13T09:40:56.391Z] [INFO] Copying webapp resources [/var/lib/jenkins/workspace/0.Jenkins_FullPipeLine/gameoflife-web/src/main/webapp]
[2020-04-13T09:40:57.302Z] [INFO] Webapp assembled in [1257 msecs]
[2020-04-13T09:40:58.646Z] [INFO] Building war: /var/lib/jenkins/workspace/0.Jenkins_FullPipeLine/gameoflife-web/target/gameoflife.war
[2020-04-13T09:40:58.647Z] [INFO] WEB-INF/web.xml already added, skipping
[2020-04-13T09:40:58.898Z] [INFO] ------------------------------------------------------------------------
[2020-04-13T09:40:58.898Z] [INFO] Reactor Summary for gameoflife 1.0-SNAPSHOT:
[2020-04-13T09:40:58.898Z] [INFO] 
[2020-04-13T09:40:58.898Z] [INFO] gameoflife ......................................... SUCCESS [  4.404 s]
[2020-04-13T09:40:58.898Z] [INFO] gameoflife-build ................................... SUCCESS [  4.707 s]
[2020-04-13T09:40:58.898Z] [INFO] gameoflife-core .................................... SUCCESS [ 19.182 s]
[2020-04-13T09:40:58.898Z] [INFO] gameoflife-web ..................................... SUCCESS [ 14.976 s]
[2020-04-13T09:40:58.898Z] [INFO] ------------------------------------------------------------------------
[2020-04-13T09:40:58.898Z] [INFO] BUILD SUCCESS
[2020-04-13T09:40:58.898Z] [INFO] ------------------------------------------------------------------------
[2020-04-13T09:40:58.898Z] [INFO] Total time:  44.288 s
[2020-04-13T09:40:58.898Z] [INFO] Finished at: 2020-04-13T15:10:58+05:30
[2020-04-13T09:40:58.898Z] [INFO] ------------------------------------------------------------------------
[2020-04-13T09:40:58.898Z] [INFO] [jenkins-event-spy] Generated /var/lib/jenkins/workspace/0.Jenkins_FullPipeLine@tmp/withMavenc793ec54/maven-spy-20200413-151013-9644694685487391277076.log
[2020-04-13T09:40:59.831Z] [8mha:////4HqxZ74PjUgJ8y0RpQrVD7wQTN4ty7IGcKukDDOJGW5kAAAApB+LCAAAAAAAAP9tjTEOwjAQBC9BFLSUPOLSAA2iSmu54QUmNsaJdWdsh6TiRXyNPxCIRMUWq51t5vmCZYpw5GixNdQ5So3D4Hs7LRw4dhfPA7Z8xoYpsTcozSBZm3pGydnAnKKEhYCVocZzcmQzrEWr7qryimx1ynH6DgJKp2/wgEJM5qxi/sIYYXPtdWL6ef4KYAwhQ7nbf2r7Bqph/Ve+AAAA[0m[Pipeline] }
[2020-04-13T09:41:00.303Z] [withMaven] artifactsPublisher - Archive artifact pom.xml under com/wakaleo/gameoflife/gameoflife/1.0-SNAPSHOT/gameoflife-1.0-SNAPSHOT.pom
[2020-04-13T09:41:00.462Z] [withMaven] artifactsPublisher - Archive artifact gameoflife-build/pom.xml under com/wakaleo/gameoflife/gameoflife-build/1.0-SNAPSHOT/gameoflife-build-1.0-SNAPSHOT.pom
[2020-04-13T09:41:00.557Z] [withMaven] artifactsPublisher - Archive artifact gameoflife-build/target/gameoflife-build-1.0-SNAPSHOT.jar under com/wakaleo/gameoflife/gameoflife-build/1.0-SNAPSHOT/gameoflife-build-1.0-SNAPSHOT.jar
[2020-04-13T09:41:00.622Z] [withMaven] artifactsPublisher - Archive artifact gameoflife-core/pom.xml under com/wakaleo/gameoflife/gameoflife-core/1.0-SNAPSHOT/gameoflife-core-1.0-SNAPSHOT.pom
[2020-04-13T09:41:00.622Z] [withMaven] artifactsPublisher - Archive artifact gameoflife-core/target/gameoflife-core-1.0-SNAPSHOT.jar under com/wakaleo/gameoflife/gameoflife-core/1.0-SNAPSHOT/gameoflife-core-1.0-SNAPSHOT.jar
[2020-04-13T09:41:00.622Z] [withMaven] artifactsPublisher - Archive artifact gameoflife-web/pom.xml under com/wakaleo/gameoflife/gameoflife-web/1.0-SNAPSHOT/gameoflife-web-1.0-SNAPSHOT.pom
[2020-04-13T09:41:00.622Z] [withMaven] artifactsPublisher - Archive artifact gameoflife-web/target/gameoflife.war under com/wakaleo/gameoflife/gameoflife-web/1.0-SNAPSHOT/gameoflife-web-1.0-SNAPSHOT.war
[2020-04-13T09:41:02.194Z] [withMaven] junitPublisher - Archive test results for Maven artifact com.wakaleo.gameoflife:gameoflife:pom:1.0-SNAPSHOT generated by maven-surefire-plugin:test (unit-tests): target/surefire-reports/*.xml
[2020-04-13T09:41:02.194Z] [withMaven] junitPublisher - Archive test results for Maven artifact com.wakaleo.gameoflife:gameoflife-build:jar:1.0-SNAPSHOT generated by maven-surefire-plugin:test (default-test): gameoflife-build/target/surefire-reports/*.xml
[2020-04-13T09:41:02.194Z] [withMaven] junitPublisher - Archive test results for Maven artifact com.wakaleo.gameoflife:gameoflife-build:jar:1.0-SNAPSHOT generated by maven-surefire-plugin:test (unit-tests): gameoflife-build/target/surefire-reports/*.xml
[2020-04-13T09:41:02.194Z] [withMaven] junitPublisher - Archive test results for Maven artifact com.wakaleo.gameoflife:gameoflife-core:jar:1.0-SNAPSHOT generated by maven-surefire-plugin:test (default-test): gameoflife-core/target/surefire-reports/*.xml
[2020-04-13T09:41:02.194Z] [withMaven] junitPublisher - Archive test results for Maven artifact com.wakaleo.gameoflife:gameoflife-core:jar:1.0-SNAPSHOT generated by maven-surefire-plugin:test (unit-tests): gameoflife-core/target/surefire-reports/*.xml
[2020-04-13T09:41:02.194Z] [withMaven] junitPublisher - Archive test results for Maven artifact com.wakaleo.gameoflife:gameoflife-web:war:1.0-SNAPSHOT generated by maven-surefire-plugin:test (default-test): gameoflife-web/target/surefire-reports/*.xml
[2020-04-13T09:41:02.194Z] [withMaven] junitPublisher - Archive test results for Maven artifact com.wakaleo.gameoflife:gameoflife-web:war:1.0-SNAPSHOT generated by maven-surefire-plugin:test (unit-tests): gameoflife-web/target/surefire-reports/*.xml
[2020-04-13T09:41:02.195Z] Recording test results
[2020-04-13T09:41:02.644Z] [withMaven] jacocoPublisher - Archive JaCoCo analysis results for Maven artifact MavenArtifact{com.wakaleo.gameoflife:gameoflife:pom:1.0-SNAPSHOT(version: 1.0-SNAPSHOT, snapshot:false) } generated by PluginInvocation{org.jacoco:jacoco-maven-plugin:0.7.2.201409121644@prepare-agent  jacoco-initialize}: execFile: target/jacoco.exec, sources: src/main/java, classes: target/classes
[2020-04-13T09:41:02.645Z] [withMaven] jacocoPublisher - Archive JaCoCo analysis results for Maven artifact MavenArtifact{com.wakaleo.gameoflife:gameoflife-build:jar:1.0-SNAPSHOT(version: 1.0-SNAPSHOT, snapshot:false) } generated by PluginInvocation{org.jacoco:jacoco-maven-plugin:0.7.2.201409121644@prepare-agent  jacoco-initialize}: execFile: gameoflife-build/target/jacoco.exec, sources: gameoflife-build/src/main/java, classes: gameoflife-build/target/classes
[2020-04-13T09:41:02.645Z] [withMaven] jacocoPublisher - Archive JaCoCo analysis results for Maven artifact MavenArtifact{com.wakaleo.gameoflife:gameoflife-core:jar:1.0-SNAPSHOT(version: 1.0-SNAPSHOT, snapshot:false) } generated by PluginInvocation{org.jacoco:jacoco-maven-plugin:0.7.2.201409121644@prepare-agent  jacoco-initialize}: execFile: gameoflife-core/target/jacoco.exec, sources: gameoflife-core/src/main/java, classes: gameoflife-core/target/classes
[2020-04-13T09:41:02.645Z] [withMaven] jacocoPublisher - Archive JaCoCo analysis results for Maven artifact MavenArtifact{com.wakaleo.gameoflife:gameoflife-web:war:1.0-SNAPSHOT(version: 1.0-SNAPSHOT, snapshot:false) } generated by PluginInvocation{org.jacoco:jacoco-maven-plugin:0.7.2.201409121644@prepare-agent  jacoco-initialize}: execFile: gameoflife-web/target/jacoco.exec, sources: gameoflife-web/src/main/java, classes: gameoflife-web/target/classes
[2020-04-13T09:41:02.645Z] [JaCoCo plugin] Collecting JaCoCo coverage data...
[2020-04-13T09:41:02.646Z] [JaCoCo plugin] target/jacoco.exec,gameoflife-build/target/jacoco.exec,gameoflife-core/target/jacoco.exec,gameoflife-web/target/jacoco.exec;target/classes,gameoflife-build/target/classes,gameoflife-core/target/classes,gameoflife-web/target/classes;src/main/java,gameoflife-build/src/main/java,gameoflife-core/src/main/java,gameoflife-web/src/main/java; locations are configured
[2020-04-13T09:41:02.647Z] [JaCoCo plugin] Number of found exec files for pattern target/jacoco.exec,gameoflife-build/target/jacoco.exec,gameoflife-core/target/jacoco.exec,gameoflife-web/target/jacoco.exec: 4
[2020-04-13T09:41:02.695Z] [JaCoCo plugin] Saving matched execfiles:  /var/lib/jenkins/workspace/0.Jenkins_FullPipeLine/gameoflife-build/target/jacoco.exec /var/lib/jenkins/workspace/0.Jenkins_FullPipeLine/gameoflife-core/target/jacoco.exec /var/lib/jenkins/workspace/0.Jenkins_FullPipeLine/gameoflife-web/target/jacoco.exec /var/lib/jenkins/workspace/0.Jenkins_FullPipeLine/target/jacoco.exec
[2020-04-13T09:41:02.865Z] [JaCoCo plugin] Saving matched class directories for class-pattern: target/classes,gameoflife-build/target/classes,gameoflife-core/target/classes,gameoflife-web/target/classes: 
[2020-04-13T09:41:02.867Z] [JaCoCo plugin]  - /var/lib/jenkins/workspace/0.Jenkins_FullPipeLine/gameoflife-build/target/classes 0 files
[2020-04-13T09:41:02.868Z] [JaCoCo plugin]  - /var/lib/jenkins/workspace/0.Jenkins_FullPipeLine/gameoflife-core/target/classes 5 files
[2020-04-13T09:41:02.869Z] [JaCoCo plugin]  - /var/lib/jenkins/workspace/0.Jenkins_FullPipeLine/gameoflife-web/target/classes 2 files
[2020-04-13T09:41:02.869Z] [JaCoCo plugin] Saving matched source directories for source-pattern: src/main/java,gameoflife-build/src/main/java,gameoflife-core/src/main/java,gameoflife-web/src/main/java: 
[2020-04-13T09:41:02.869Z] [JaCoCo plugin] Source Inclusions: **/*.java,**/*.groovy,**/*.kt,**/*.kts
[2020-04-13T09:41:03.019Z] [JaCoCo plugin] Source Exclusions: 
[2020-04-13T09:41:03.090Z] [JaCoCo plugin] - /var/lib/jenkins/workspace/0.Jenkins_FullPipeLine/gameoflife-core/src/main/java 5 files
[2020-04-13T09:41:03.090Z] [JaCoCo plugin] - /var/lib/jenkins/workspace/0.Jenkins_FullPipeLine/gameoflife-web/src/main/java 2 files
[2020-04-13T09:41:03.090Z] [JaCoCo plugin] Loading inclusions files..
[2020-04-13T09:41:03.090Z] [JaCoCo plugin] inclusions: []
[2020-04-13T09:41:03.090Z] [JaCoCo plugin] exclusions: []
[2020-04-13T09:41:03.130Z] ERROR: [withMaven] jacocoPublisher - Silently ignore exception archiving JaCoCo results for [JacocoReportDetails{execFile='target/jacoco.exec', sourceDirectory='src/main/java', classesDirectory='target/classes', description='MavenArtifact{com.wakaleo.gameoflife:gameoflife:pom:1.0-SNAPSHOT(version: 1.0-SNAPSHOT, snapshot:false) } PluginInvocation{org.jacoco:jacoco-maven-plugin:0.7.2.201409121644@prepare-agent  jacoco-initialize}'}, JacocoReportDetails{execFile='gameoflife-build/target/jacoco.exec', sourceDirectory='gameoflife-build/src/main/java', classesDirectory='gameoflife-build/target/classes', description='MavenArtifact{com.wakaleo.gameoflife:gameoflife-build:jar:1.0-SNAPSHOT(version: 1.0-SNAPSHOT, snapshot:false) } PluginInvocation{org.jacoco:jacoco-maven-plugin:0.7.2.201409121644@prepare-agent  jacoco-initialize}'}, JacocoReportDetails{execFile='gameoflife-core/target/jacoco.exec', sourceDirectory='gameoflife-core/src/main/java', classesDirectory='gameoflife-core/target/classes', description='MavenArtifact{com.wakaleo.gameoflife:gameoflife-core:jar:1.0-SNAPSHOT(version: 1.0-SNAPSHOT, snapshot:false) } PluginInvocation{org.jacoco:jacoco-maven-plugin:0.7.2.201409121644@prepare-agent  jacoco-initialize}'}, JacocoReportDetails{execFile='gameoflife-web/target/jacoco.exec', sourceDirectory='gameoflife-web/src/main/java', classesDirectory='gameoflife-web/target/classes', description='MavenArtifact{com.wakaleo.gameoflife:gameoflife-web:war:1.0-SNAPSHOT(version: 1.0-SNAPSHOT, snapshot:false) } PluginInvocation{org.jacoco:jacoco-maven-plugin:0.7.2.201409121644@prepare-agent  jacoco-initialize}'}]
[2020-04-13T09:41:03.130Z] ERROR: [withMaven] jacocoPublisher - Silently ignore exception archiving JaCoCo results: java.io.IOException: While reading execution data-file: /var/lib/jenkins/jobs/0.Jenkins_FullPipeLine/builds/6/jacoco/execFiles/exec0/jacoco.exec
[2020-04-13T09:41:03.130Z] [withMaven] openTasksPublisher - Scan Tasks for Maven artifact com.wakaleo.gameoflife:gameoflife-core:jar:1.0-SNAPSHOT in source directory gameoflife-core/src/main/java
[2020-04-13T09:41:03.130Z] [withMaven] openTasksPublisher - Scan Tasks for Maven artifact com.wakaleo.gameoflife:gameoflife-web:war:1.0-SNAPSHOT in source directory gameoflife-web/src/main/java
[2020-04-13T09:41:03.177Z] [TASKS] Scanning folder '/var/lib/jenkins/workspace/0.Jenkins_FullPipeLine' for files matching the pattern 'gameoflife-core/src/main/java/**/*,gameoflife-web/src/main/java/**/*' - excludes: null
[2020-04-13T09:41:03.177Z] [TASKS] Found 8 files to scan for tasks
[2020-04-13T09:41:03.177Z] [TASKS] Found 0 open tasks.
[2020-04-13T09:41:03.177Z] Skipping warnings blame since pipelines do not have an SCM link.%n
[2020-04-13T09:41:03.471Z] [TASKS] Computing warning deltas based on reference build #5
[2020-04-13T09:41:03.471Z] [withMaven] Publishers: Pipeline Graph Publisher: 141 ms, Generated Artifacts Publisher: 1891 ms, Junit Publisher: 445 ms, Dependencies Fingerprint Publisher: 3 ms, Jacoco Publisher: 485 ms, Open Task Scanner Publisher: 340 ms
[2020-04-13T09:41:03.552Z] [8mha:////4NxsTBNhRtzFdldNDv80iyL1TdqjcHprS7zXi2tusF60AAAApR+LCAAAAAAAAP9tjTEOwjAQBC9BFLSUPOJSIESBqNJabniBiY1xYt0Z2yGpeBFf4w8EIlGxxWpnm3m+YJkiHDlabA11jlLjMPjeTgsHjt3F84Atn7FhSuwNSjNI1qaeUXI2MKcoYSFgZajxnBzZDGvRqruqvCJbnXKcvoOA0ukbPKAQkzmrmL8wRthce52Yfp6/AhhDyFDu9p/avgGsJ8UCvgAAAA==[0m[Pipeline] // withMaven
[2020-04-13T09:41:03.860Z] [8mha:////4DIPVX1/LXCK8A/AQ3ZRr4gZMZxqlgsqaALXM7Flazt6AAAApR+LCAAAAAAAAP9tjTEOwjAQBC9BFLSUPOIiISEhIaq0lhteYGJjnFh3xnZIKl7E1/gDgUhUbLHa2WaeL1imCEeOFltDnaPUOAy+t9PCgWN38Txgy2dsmBJ7g9IMkrWpZ5ScDcwpSlgIWBlqPCdHNsNatOquKq/IVqccp+8goHT6Bg8oxGTOKuYvjBE2114npp/nrwDGEDKUu/2ntm/vpZSEvgAAAA==[0m[Pipeline] }
[2020-04-13T09:41:04.176Z] [8mha:////4GLgfQQAbqvuCmKi54MJppVt6ivtlhiyUMxwWoXW5QgeAAAApR+LCAAAAAAAAP9tjTEOwjAQBC9BFLSUPOIiCgqEqNJabniBiY1xYt0Z2yGpeBFf4w8EIlGxxWpnm3m+YJkiHDlabA11jlLjMPjeTgsHjt3F84Atn7FhSuwNSjNI1qaeUXI2MKcoYSFgZajxnBzZDGvRqruqvCJbnXKcvoOA0ukbPKAQkzmrmL8wRthce52Yfp6/AhhDyFDu9p/avgHwJ8HWvgAAAA==[0m[Pipeline] // stage
[2020-04-13T09:41:04.262Z] [8mha:////4JB/CYjrniYYQxD5vYDXoWLM1McxLUWsMQrCH9yTVFShAAAAox+LCAAAAAAAAP9tjTEOwjAQBDdBFLSUPMKhQDSIitZKwwtMYowT6y7YF5KKF/E1/kBEJCq22plmXm8sU8SRo1ONpdZTqrzqQu+mpwaO7TXwoBq+qIopcbCqtEPJtT3NWLJYzMtyLDRWlqrAyZMTrHVjHqYIhlxxlji5g0bu6zueyPRUFhPlC2PE5tbXienX+RvA2HWCfL8VZLsPPRtAz70AAAA=[0m[Pipeline] }
[2020-04-13T09:41:04.629Z] [8mha:////4O0jX2h5s1q/CwwkVIasfn39SOdSmyQDvR2mmLbKx0n9AAAApB+LCAAAAAAAAP9tjTEOwjAQBDdBFLSUPMIRQqJBVLRWGl5gEmOcWHfBvpBUvIiv8QciIlGx1c4083pjmSKOHJ1qLLWeUuVVF3o3PTVwbK+BB9XwRVVMiYNVpR1Kru1pxpLFYl6WY6GxslQFTp6cYK0b8zBFMOSKs8TJHTRyX9/xRKanspgoXxgjNre+Tky/zt8Axq4T5PutINt9AC6nRGy9AAAA[0m[Pipeline] // node
[2020-04-13T09:41:04.739Z] [8mha:////4LtF0txlXKMt8ct0P97aCOJx02PrY/zvHxltS5e+5bu7AAAAox+LCAAAAAAAAP9tjbEOgjAURS8YB1dHP6IkDC7GybVh8Qsq1Fpo3sP2IUx+kb/mP0gkcfJO95zlvN5Yp4gjR6daS52nVHvVh8HNT40cu2vgUbV8UTVT4mBVZceKG3tasGKxWJblWGlsLNWBkycn2OrWPEwRDLniLHF2B43cN3c8kem5LCbKF6aI3W1oEtOv8zeAqe8F+b4UZOUHaO3jXL0AAAA=[0m[Pipeline] End of Pipeline
[2020-04-13T09:41:05.695Z] Finished: SUCCESS
