[2020-04-13T06:52:05.762Z] Started by user [8mha:////4IMMv8T2XIKwgqbrGOhOzF4+E7SeVBm4zoNrNbmggpHXAAAAlx+LCAAAAAAAAP9b85aBtbiIQTGjNKU4P08vOT+vOD8nVc83PyU1x6OyILUoJzMv2y+/JJUBAhiZGBgqihhk0NSjKDWzXb3RdlLBUSYGJk8GtpzUvPSSDB8G5tKinBIGIZ+sxLJE/ZzEvHT94JKizLx0a6BxUmjGOUNodHsLgAzWEgZu/dLi1CL9xJTczDwAj6GcLcAAAAA=[0madmin
[2020-04-13T06:52:05.763Z] Running in Durability level: MAX_SURVIVABILITY
[2020-04-13T06:52:05.986Z] [8mha:////4HkCTMbguUsNbCviI6jbUHTimscQdH79/E8CCyAshF9uAAAAoh+LCAAAAAAAAP9tjTEOwjAQBM8BClpKHuFItIiK1krDC0x8GCfWnbEdkooX8TX+gCESFVvtrLSa5wtWKcKBo5UdUu8otU4GP9jS5Mixv3geZcdn2TIl9igbHBs2eJyx4YwwR1SwULBGaj0nRzbDRnX6rmuvydanHMu2V1A5c4MHCFXMWcf8hSnC9jqYxPTz/BXAFEIGsfuclm8zQVqFvQAAAA==[0m[Pipeline] Start of Pipeline
[2020-04-13T06:52:06.022Z] [8mha:////4FYj6x4qxNGl+3P432fNY2HeiK28Y3Uw/2z4UscDx0dfAAAApR+LCAAAAAAAAP9tjTEOwjAUQ3+KOrAycohUghExsUZZOEFIQkgb/d8mKe3EibgadyBQiQlLlmxL1nu+oE4RjhQdby12HpP2vA+jK4lPFLtroIm3dOGaMFGwXNpJkrGnpUrKFhaxClYC1hZ1oOTRZdiIVt1VExS65pxj2Q4CKm8GeAAThZxVzN8yR9jeRpMIf5y/AJj7DGxXvP/86jduZBmjwAAAAA==[0m[Pipeline] node
[2020-04-13T06:52:06.075Z] Running on [8mha:////4Nbi4X6v9wHiBbajrPyD5IFr5y5ik4Po7OXFngleXFUKAAAAnh+LCAAAAAAAAP9b85aBtbiIQTGjNKU4P08vOT+vOD8nVc83PyU1x6OyILUoJzMv2y+/JJUBAhiZGBgqihhk0NSjKDWzXb3RdlLBUSYGJk8GtpzUvPSSDB8G5tKinBIGIZ+sxLJE/ZzEvHT94JKizLx0a6BxUmjGOUNodHsLgAz2EgZh/eT83ILSktQifY3cxGIgrakPAHib2iPIAAAA[0mJenkins in /var/lib/jenkins/workspace/0.Jenkins_FullPipeLine
[2020-04-13T06:52:06.081Z] [8mha:////4Cw25TOrn2s1G6TaNvbzasdH9l7ksnngnCzuLjNik6qiAAAApR+LCAAAAAAAAP9tjTEOwjAUQ3+KOrAycoh0gA0xsUZZOEFIQkgb/d8mKe3EibgadyBQiQlLlmxL1nu+oE4RjhQdby12HpP2vA+jK4lPFLtroIm3dOGaMFGwXNpJkrGnpUrKFhaxClYC1hZ1oOTRZdiIVt1VExS65pxj2Q4CKm8GeAAThZxVzN8yR9jeRpMIf5y/AJj7DGxXvP/86jfoP95RwAAAAA==[0m[Pipeline] {
[2020-04-13T06:52:06.124Z] [8mha:////4CJfidGOy+7O32LyggUqwGsd+5YIj+Q4lxu2S1msNPv3AAAAoh+LCAAAAAAAAP9tjTEOAiEURD9rLGwtPQTbaGWsbAmNJ0AWEZb8zwLrbuWJvJp3kLiJlZNMMm+a93rDOic4UbLcG+wdZu14DKOti0+U+lugiXu6ck2YKRguzSSpM+cFJRUDS1gDKwEbgzpQdmgLbIVXD9UGhba9lFS/o4DGdQM8gYlqLiqVL8wJdvexy4Q/z18BzLEA29ce4gdpL1fxvAAAAA==[0m[Pipeline] properties
[2020-04-13T06:52:06.158Z] [8mha:////4NxAQCU3Ee+QaADc/sLgDXlwCJh/aSUXB7Jcr8zMoPpyAAAAph+LCAAAAAAAAP9tjTEOwjAUQ3+KOrAycoh0QSyIiTXKwglCEkLa6P82SWknTsTVuAOBSkxYsmRbst7zBXWKcKToeGux85i0530YXUl8othdA028pQvXhImC5dJOkow9LVVStrCIVbASsLaoAyWPLsNGtOqumqDQNeccy3YQUHkzwAOYKOSsYv6WOcL2NppE+OP8BcDcZ2C74v3nV78BmoXK/sAAAAA=[0m[Pipeline] stage
[2020-04-13T06:52:06.171Z] [8mha:////4P1Ig47cS23iXMbd5J2+hxTohys5e5IGr/GbqwVTgr+zAAAApR+LCAAAAAAAAP9tjTEOwjAUQ3+KOrAycoh0gwExsUZZOEFIQkgb/d8mKe3EibgadyBQiQlLlmxL1nu+oE4RjhQdby12HpP2vA+jK4lPFLtroIm3dOGaMFGwXNpJkrGnpUrKFhaxClYC1hZ1oOTRZdiIVt1VExS65pxj2Q4CKm8GeAAThZxVzN8yR9jeRpMIf5y/AJj7DGxXvP/86jcChmMxwAAAAA==[0m[Pipeline] { (Checkout)
[2020-04-13T06:52:06.235Z] [8mha:////4CYn5rqLlUkm4lGBbpqee6QLGkeLstmkeATx7qlN/06UAAAAoh+LCAAAAAAAAP9tjTEOAiEURD9rLGwtPQRbamKsbAmNJ0AWEZb8zwLrbuWJvJp3kLiJlZNMMm+a93rDOic4UbLcG+wdZu14DKOti0+U+lugiXu6ck2YKRguzSSpM+cFJRUDS1gDKwEbgzpQdmgLbIVXD9UGhba9lFS/o4DGdQM8gYlqLiqVL8wJdvexy4Q/z18BzLEA29ce4geKI23CvAAAAA==[0m[Pipeline] cleanWs
[2020-04-13T06:52:06.275Z] [WS-CLEANUP] Deleting project workspace...
[2020-04-13T06:52:06.276Z] [WS-CLEANUP] Deferred wipeout is used...
[2020-04-13T06:52:06.329Z] [WS-CLEANUP] done
[2020-04-13T06:52:06.352Z] [8mha:////4HMR/5senrtMcln6vTR5YgpVtNStC3FnDKp+Tcq7aQQaAAAAoh+LCAAAAAAAAP9tjTEOAiEURD9rLGwtPQRbGmOsbAmNJ0AWEZb8zwLrbuWJvJp3kLiJlZNMMm+a93rDOic4UbLcG+wdZu14DKOti0+U+lugiXu6ck2YKRguzSSpM+cFJRUDS1gDKwEbgzpQdmgLbIVXD9UGhba9lFS/o4DGdQM8gYlqLiqVL8wJdvexy4Q/z18BzLEA29ce4gfLEnbbvAAAAA==[0m[Pipeline] git
[2020-04-13T06:52:06.407Z] No credentials specified
[2020-04-13T06:52:06.408Z] Cloning the remote Git repository
[2020-04-13T06:52:06.409Z] Cloning repository https://github.com/rrahul4/game-of-life
[2020-04-13T06:52:06.409Z]  > git init /var/lib/jenkins/workspace/0.Jenkins_FullPipeLine # timeout=10
[2020-04-13T06:52:06.528Z] Fetching upstream changes from https://github.com/rrahul4/game-of-life
[2020-04-13T06:52:06.528Z]  > git --version # timeout=10
[2020-04-13T06:52:06.562Z]  > git fetch --tags --progress -- https://github.com/rrahul4/game-of-life +refs/heads/*:refs/remotes/origin/* # timeout=10
[2020-04-13T06:52:22.305Z]  > git config remote.origin.url https://github.com/rrahul4/game-of-life # timeout=10
[2020-04-13T06:52:22.313Z]  > git config --add remote.origin.fetch +refs/heads/*:refs/remotes/origin/* # timeout=10
[2020-04-13T06:52:22.322Z]  > git config remote.origin.url https://github.com/rrahul4/game-of-life # timeout=10
[2020-04-13T06:52:22.338Z] Fetching upstream changes from https://github.com/rrahul4/game-of-life
[2020-04-13T06:52:22.338Z]  > git fetch --tags --progress -- https://github.com/rrahul4/game-of-life +refs/heads/*:refs/remotes/origin/* # timeout=10
[2020-04-13T06:52:23.349Z]  > git rev-parse refs/remotes/origin/master^{commit} # timeout=10
[2020-04-13T06:52:23.361Z]  > git rev-parse refs/remotes/origin/origin/master^{commit} # timeout=10
[2020-04-13T06:52:23.368Z] Checking out Revision c24bb1ae41bfd5980ce9f0aa8b9a636b920c71fd (refs/remotes/origin/master)
[2020-04-13T06:52:23.368Z]  > git config core.sparsecheckout # timeout=10
[2020-04-13T06:52:23.377Z]  > git checkout -f c24bb1ae41bfd5980ce9f0aa8b9a636b920c71fd # timeout=10
[2020-04-13T06:52:23.741Z]  > git branch -a -v --no-abbrev # timeout=10
[2020-04-13T06:52:23.751Z]  > git checkout -b master c24bb1ae41bfd5980ce9f0aa8b9a636b920c71fd # timeout=10
[2020-04-13T06:52:24.166Z] Commit message: "Merge pull request #198 from GeraldScott/master"
[2020-04-13T06:52:24.167Z]  > git rev-list --no-walk c24bb1ae41bfd5980ce9f0aa8b9a636b920c71fd # timeout=10
[2020-04-13T06:52:24.237Z] [8mha:////4HnFljV0yerv8dd46SPPMtkUUnQ8mtS5vm2MNT6UAY8pAAAAox+LCAAAAAAAAP9tjTESgjAQRT84FraWHiJoZeFY2WZoPEGEGAOZXUwWofJEXs07yMiMlb/67zXv9cYyRRw5OtVYaj2lyqsu9G56auDYXgMPquGLqpgSB6tKO5Rc29OMJYvFvCzHQmNlqQqcPDnBWjfmYYpgyBVniZM7aOS+vuOJTE9lMVG+MEZsbn2dmH6dvwGMXSfId1tBtv8AP3pMS70AAAA=[0m[Pipeline] }
[2020-04-13T06:52:24.253Z] [8mha:////4FCXIrRFWCpIiF/Ny3J6lQqdhVR07/FG0aZ359ckDGwsAAAAox+LCAAAAAAAAP9tjTESgjAQRT84FraWHiIMjY1jZZuh8QQRYgxkdjFZhMoTeTXvICMzVv7qv9e81xvrFHHk6FRrqfOUaq/6MLj5qZFjdw08qpYvqmZKHKyq7FhxY08LViwWy7IcK42NpTpw8uQEW92ahymCIVecJc7uoJH75o4nMj2XxUT5whSxuw1NYvp1/gYw9b0gL0tBtv8AGWMrAb0AAAA=[0m[Pipeline] // stage
[2020-04-13T06:52:24.278Z] [8mha:////4H7px8MgWfIuxEYycqll1pyR8vyvfKmbXe3uEK1XgAu3AAAAph+LCAAAAAAAAP9tjTEOwjAQBM9BKWgpeYQjEB2iorXc8AITG+PEugv2haTiRXyNPxCIRMVWOyut5vmCMic4UPKycdgGzHWQXez91ORAqb1EGmRDZ1kTZopOajdosu44oyZ2MEcUsFCwdFhHygE9w0o15m6qaNBXJ07TtldQBHuDBwg1mdkk/sKYYH3tbSb8ef4KYOwYxI6h2Gw/x/INvUXiHMEAAAA=[0m[Pipeline] stage
[2020-04-13T06:52:24.290Z] [8mha:////4AC+/jOWgjw18JZZB4Vn4kXgrrJgSOASdANvqT4ax1amAAAAph+LCAAAAAAAAP9tjTEOwjAUQ3+LOrAycohUwIiYukZZOEFoQkgb/V9+UtqJE3E17kBLJSY8WLYl673eUESGE7ETjcXWY6y96ELvpiQG4vYaaBANXURNGClYoeygyNhqqYqShUVZDisJa4t1oOjRJdjIRj90GTS68px42o4Scm/u8IRMTuSkOX3LyLC99SYS/jh/ATB2CfLdfrbD/Cw+y7kUycIAAAA=[0m[Pipeline] { (Compile)
[2020-04-13T06:52:24.312Z] [8mha:////4FjcDgfBW/Y91/N2qfYhz3E7sFyHKtFJy6XqqwtunynWAAAApx+LCAAAAAAAAP9tjTEOwjAUQ3+LOrAycohUCDbE1DXKwglCE0La6P/yk9JOnIircQdaKjHhwbItWe/1hiIynIidaCy2HmPtRRd6NyUxELfXQINo6CJqwkjBCmUHRcZWS1WULCzKclhJWFusA0WPLsFGNvqhy6DRlefE03aUkHtzhydkciInzelbRobtrTeR8Mf5C4CxS5Dv9rMd5mfxAbNWnxXCAAAA[0m[Pipeline] withMaven
[2020-04-13T06:52:24.313Z] [withMaven] Options: []
[2020-04-13T06:52:24.313Z] [withMaven] Available options: 
[2020-04-13T06:52:24.314Z] [withMaven] using JDK installation provided by the build agent
[2020-04-13T06:52:24.326Z] [withMaven] using Maven installation 'MyMaven'
[2020-04-13T06:52:24.332Z] [8mha:////4CWO7pcwHvL/fy2iuItgRsXTT+QdVARTrL/RiLmK4LslAAAApx+LCAAAAAAAAP9tjTEOwjAUQ3+LOrAycohUSDAhpq5RFk4QmhDSRv+Xn5R24kRcjTvQUokJD5ZtyXqvNxSR4UTsRGOx9RhrL7rQuymJgbi9BhpEQxdRE0YKVig7KDK2WqqiZGFRlsNKwtpiHSh6dAk2stEPXQaNrjwnnrajhNybOzwhkxM5aU7fMjJsb72JhD/OXwCMXYJ8t5/tMD+LD5WQ+PfCAAAA[0m[Pipeline] {
[2020-04-13T06:52:24.405Z] [8mha:////4A+nostiqBG9ubXXWC4dNmj8z1KBpqHdXpYqBDAhexuRAAAApB+LCAAAAAAAAP9tjTEOwjAQBC9BFLSUPOIiCmgQVVrLDS8wsTFOrDtjOyQVL+Jr/IFAJCq2WO1sM88XLFOEI0eLraHOUWocBt/baeHAsbt4HrDlMzZMib1BaQbJ2tQzSs4G5hQlLASsDDWekyObYS1adVeVV2SrU47TdxBQOn2DBxRiMmcV8xfGCJtrrxPTz/NXAGPIUG53n9qHN7LjSKW+AAAA[0m[Pipeline] sh
[2020-04-13T06:52:24.669Z] + mvn compile
[2020-04-13T06:52:24.669Z] ----- withMaven Wrapper script -----
[2020-04-13T06:52:24.669Z] Picked up JAVA_TOOL_OPTIONS: -Dmaven.ext.class.path="/var/lib/jenkins/workspace/0.Jenkins_FullPipeLine@tmp/withMaven94b1e79e/pipeline-maven-spy.jar" -Dorg.jenkinsci.plugins.pipeline.maven.reportsFolder="/var/lib/jenkins/workspace/0.Jenkins_FullPipeLine@tmp/withMaven94b1e79e" 
[2020-04-13T06:52:24.921Z] Apache Maven 3.6.3 (cecedd343002696d0abb50b32b541b8a6ba2883f)
[2020-04-13T06:52:24.921Z] Maven home: /var/lib/jenkins/tools/hudson.tasks.Maven_MavenInstallation/MyMaven
[2020-04-13T06:52:24.921Z] Java version: 1.8.0_242, vendor: Private Build, runtime: /usr/lib/jvm/java-8-openjdk-amd64/jre
[2020-04-13T06:52:24.921Z] Default locale: en_IN, platform encoding: UTF-8
[2020-04-13T06:52:24.921Z] OS name: "linux", version: "5.3.0-46-generic", arch: "amd64", family: "unix"
[2020-04-13T06:52:26.788Z] [INFO] [jenkins-event-spy] Generate /var/lib/jenkins/workspace/0.Jenkins_FullPipeLine@tmp/withMaven94b1e79e/maven-spy-20200413-122226-5455053217385560884101.log.tmp ...
[2020-04-13T06:52:27.040Z] [INFO] Scanning for projects...
[2020-04-13T06:52:28.395Z] [WARNING] 
[2020-04-13T06:52:28.395Z] [WARNING] Some problems were encountered while building the effective model for com.wakaleo.gameoflife:gameoflife-build:jar:1.0-SNAPSHOT
[2020-04-13T06:52:28.395Z] [WARNING] Reporting configuration should be done in <reporting> section, not in maven-site-plugin <configuration> as reportPlugins parameter.
[2020-04-13T06:52:28.395Z] [WARNING] 
[2020-04-13T06:52:28.395Z] [WARNING] Some problems were encountered while building the effective model for com.wakaleo.gameoflife:gameoflife-core:jar:1.0-SNAPSHOT
[2020-04-13T06:52:28.395Z] [WARNING] Reporting configuration should be done in <reporting> section, not in maven-site-plugin <configuration> as reportPlugins parameter.
[2020-04-13T06:52:28.395Z] [WARNING] 
[2020-04-13T06:52:28.395Z] [WARNING] Some problems were encountered while building the effective model for com.wakaleo.gameoflife:gameoflife-web:war:1.0-SNAPSHOT
[2020-04-13T06:52:28.395Z] [WARNING] Reporting configuration should be done in <reporting> section, not in maven-site-plugin <configuration> as reportPlugins parameter.
[2020-04-13T06:52:28.395Z] [WARNING] 
[2020-04-13T06:52:28.395Z] [WARNING] Some problems were encountered while building the effective model for com.wakaleo.gameoflife:gameoflife:pom:1.0-SNAPSHOT
[2020-04-13T06:52:28.395Z] [WARNING] Reporting configuration should be done in <reporting> section, not in maven-site-plugin <configuration> as reportPlugins parameter. @ line 302, column 40
[2020-04-13T06:52:28.395Z] [WARNING] 
[2020-04-13T06:52:28.395Z] [WARNING] It is highly recommended to fix these problems because they threaten the stability of your build.
[2020-04-13T06:52:28.396Z] [WARNING] 
[2020-04-13T06:52:28.396Z] [WARNING] For this reason, future Maven versions might no longer support building such malformed projects.
[2020-04-13T06:52:28.396Z] [WARNING] 
[2020-04-13T06:52:28.396Z] [INFO] ------------------------------------------------------------------------
[2020-04-13T06:52:28.396Z] [INFO] Reactor Build Order:
[2020-04-13T06:52:28.396Z] [INFO] 
[2020-04-13T06:52:28.396Z] [INFO] gameoflife                                                         [pom]
[2020-04-13T06:52:28.396Z] [INFO] gameoflife-build                                                   [jar]
[2020-04-13T06:52:28.396Z] [INFO] gameoflife-core                                                    [jar]
[2020-04-13T06:52:28.396Z] [INFO] gameoflife-web                                                     [war]
[2020-04-13T06:52:28.396Z] [INFO] 
[2020-04-13T06:52:28.396Z] [INFO] -----------------< com.wakaleo.gameoflife:gameoflife >------------------
[2020-04-13T06:52:28.396Z] [INFO] Building gameoflife 1.0-SNAPSHOT                                   [1/4]
[2020-04-13T06:52:28.396Z] [INFO] --------------------------------[ pom ]---------------------------------
[2020-04-13T06:52:28.396Z] [INFO] 
[2020-04-13T06:52:28.396Z] [INFO] --- maven-enforcer-plugin:1.0:enforce (enforce-versions) @ gameoflife ---
[2020-04-13T06:52:29.309Z] [INFO] 
[2020-04-13T06:52:29.309Z] [INFO] --- jacoco-maven-plugin:0.7.2.201409121644:prepare-agent (jacoco-initialize) @ gameoflife ---
[2020-04-13T06:52:30.228Z] [INFO] argLine set to -javaagent:/var/lib/jenkins/.m2/repository/org/jacoco/org.jacoco.agent/0.7.2.201409121644/org.jacoco.agent-0.7.2.201409121644-runtime.jar=destfile=/var/lib/jenkins/workspace/0.Jenkins_FullPipeLine/target/jacoco.exec
[2020-04-13T06:52:30.228Z] [INFO] 
[2020-04-13T06:52:30.228Z] [INFO] --------------< com.wakaleo.gameoflife:gameoflife-build >---------------
[2020-04-13T06:52:30.228Z] [INFO] Building gameoflife-build 1.0-SNAPSHOT                             [2/4]
[2020-04-13T06:52:30.228Z] [INFO] --------------------------------[ jar ]---------------------------------
[2020-04-13T06:52:30.228Z] [INFO] 
[2020-04-13T06:52:30.228Z] [INFO] --- maven-enforcer-plugin:1.0:enforce (enforce-versions) @ gameoflife-build ---
[2020-04-13T06:52:30.228Z] [INFO] 
[2020-04-13T06:52:30.228Z] [INFO] --- maven-resources-plugin:2.6:resources (default-resources) @ gameoflife-build ---
[2020-04-13T06:52:30.479Z] [INFO] Using 'UTF-8' encoding to copy filtered resources.
[2020-04-13T06:52:30.479Z] [INFO] Copying 2 resources
[2020-04-13T06:52:30.479Z] [INFO] 
[2020-04-13T06:52:30.479Z] [INFO] --- jacoco-maven-plugin:0.7.2.201409121644:prepare-agent (jacoco-initialize) @ gameoflife-build ---
[2020-04-13T06:52:30.479Z] [INFO] argLine set to -javaagent:/var/lib/jenkins/.m2/repository/org/jacoco/org.jacoco.agent/0.7.2.201409121644/org.jacoco.agent-0.7.2.201409121644-runtime.jar=destfile=/var/lib/jenkins/workspace/0.Jenkins_FullPipeLine/gameoflife-build/target/jacoco.exec
[2020-04-13T06:52:30.479Z] [INFO] 
[2020-04-13T06:52:30.479Z] [INFO] --- maven-compiler-plugin:3.1:compile (default-compile) @ gameoflife-build ---
[2020-04-13T06:52:30.730Z] [INFO] No sources to compile
[2020-04-13T06:52:30.731Z] [INFO] 
[2020-04-13T06:52:30.731Z] [INFO] ---------------< com.wakaleo.gameoflife:gameoflife-core >---------------
[2020-04-13T06:52:30.731Z] [INFO] Building gameoflife-core 1.0-SNAPSHOT                              [3/4]
[2020-04-13T06:52:30.731Z] [INFO] --------------------------------[ jar ]---------------------------------
[2020-04-13T06:52:30.982Z] [INFO] 
[2020-04-13T06:52:30.982Z] [INFO] --- maven-enforcer-plugin:1.0:enforce (enforce-versions) @ gameoflife-core ---
[2020-04-13T06:52:30.982Z] [INFO] 
[2020-04-13T06:52:30.982Z] [INFO] --- maven-resources-plugin:2.6:resources (default-resources) @ gameoflife-core ---
[2020-04-13T06:52:30.982Z] [INFO] Using 'UTF-8' encoding to copy filtered resources.
[2020-04-13T06:52:30.982Z] [INFO] skip non existing resourceDirectory /var/lib/jenkins/workspace/0.Jenkins_FullPipeLine/gameoflife-core/src/main/resources
[2020-04-13T06:52:30.982Z] [INFO] 
[2020-04-13T06:52:30.982Z] [INFO] --- jacoco-maven-plugin:0.7.2.201409121644:prepare-agent (jacoco-initialize) @ gameoflife-core ---
[2020-04-13T06:52:30.982Z] [INFO] argLine set to -javaagent:/var/lib/jenkins/.m2/repository/org/jacoco/org.jacoco.agent/0.7.2.201409121644/org.jacoco.agent-0.7.2.201409121644-runtime.jar=destfile=/var/lib/jenkins/workspace/0.Jenkins_FullPipeLine/gameoflife-core/target/jacoco.exec
[2020-04-13T06:52:30.982Z] [INFO] 
[2020-04-13T06:52:30.982Z] [INFO] --- maven-compiler-plugin:3.1:compile (default-compile) @ gameoflife-core ---
[2020-04-13T06:52:30.982Z] [INFO] Changes detected - recompiling the module!
[2020-04-13T06:52:30.982Z] [INFO] Compiling 5 source files to /var/lib/jenkins/workspace/0.Jenkins_FullPipeLine/gameoflife-core/target/classes
[2020-04-13T06:52:32.339Z] [INFO] 
[2020-04-13T06:52:32.339Z] [INFO] ---------------< com.wakaleo.gameoflife:gameoflife-web >----------------
[2020-04-13T06:52:32.339Z] [INFO] Building gameoflife-web 1.0-SNAPSHOT                               [4/4]
[2020-04-13T06:52:32.339Z] [INFO] --------------------------------[ war ]---------------------------------
[2020-04-13T06:52:32.339Z] [INFO] 
[2020-04-13T06:52:32.339Z] [INFO] --- maven-enforcer-plugin:1.0:enforce (enforce-versions) @ gameoflife-web ---
[2020-04-13T06:52:32.339Z] [INFO] 
[2020-04-13T06:52:32.339Z] [INFO] --- maven-resources-plugin:2.6:resources (default-resources) @ gameoflife-web ---
[2020-04-13T06:52:32.339Z] [INFO] Using 'UTF-8' encoding to copy filtered resources.
[2020-04-13T06:52:32.339Z] [INFO] Copying 1 resource
[2020-04-13T06:52:32.339Z] [INFO] 
[2020-04-13T06:52:32.339Z] [INFO] --- jacoco-maven-plugin:0.7.2.201409121644:prepare-agent (jacoco-initialize) @ gameoflife-web ---
[2020-04-13T06:52:32.339Z] [INFO] argLine set to -javaagent:/var/lib/jenkins/.m2/repository/org/jacoco/org.jacoco.agent/0.7.2.201409121644/org.jacoco.agent-0.7.2.201409121644-runtime.jar=destfile=/var/lib/jenkins/workspace/0.Jenkins_FullPipeLine/gameoflife-web/target/jacoco.exec
[2020-04-13T06:52:32.339Z] [INFO] 
[2020-04-13T06:52:32.339Z] [INFO] --- maven-compiler-plugin:3.1:compile (default-compile) @ gameoflife-web ---
[2020-04-13T06:52:32.339Z] [INFO] Changes detected - recompiling the module!
[2020-04-13T06:52:32.339Z] [INFO] Compiling 2 source files to /var/lib/jenkins/workspace/0.Jenkins_FullPipeLine/gameoflife-web/target/classes
[2020-04-13T06:52:32.596Z] [INFO] ------------------------------------------------------------------------
[2020-04-13T06:52:32.597Z] [INFO] Reactor Summary for gameoflife 1.0-SNAPSHOT:
[2020-04-13T06:52:32.597Z] [INFO] 
[2020-04-13T06:52:32.597Z] [INFO] gameoflife ......................................... SUCCESS [  1.994 s]
[2020-04-13T06:52:32.597Z] [INFO] gameoflife-build ................................... SUCCESS [  0.682 s]
[2020-04-13T06:52:32.597Z] [INFO] gameoflife-core .................................... SUCCESS [  1.366 s]
[2020-04-13T06:52:32.597Z] [INFO] gameoflife-web ..................................... SUCCESS [  0.251 s]
[2020-04-13T06:52:32.597Z] [INFO] ------------------------------------------------------------------------
[2020-04-13T06:52:32.597Z] [INFO] BUILD SUCCESS
[2020-04-13T06:52:32.597Z] [INFO] ------------------------------------------------------------------------
[2020-04-13T06:52:32.597Z] [INFO] Total time:  5.485 s
[2020-04-13T06:52:32.597Z] [INFO] Finished at: 2020-04-13T12:22:32+05:30
[2020-04-13T06:52:32.597Z] [INFO] ------------------------------------------------------------------------
[2020-04-13T06:52:32.597Z] [INFO] [jenkins-event-spy] Generated /var/lib/jenkins/workspace/0.Jenkins_FullPipeLine@tmp/withMaven94b1e79e/maven-spy-20200413-122226-5455053217385560884101.log
[2020-04-13T06:52:32.625Z] [8mha:////4Fg6ITAXgCroINBCxxt6ZryoC3XO9aHy95XXwxgdX5kNAAAApR+LCAAAAAAAAP9tjTEOwjAQBC9BFLSUPOIiCkSBqNJabniBiY1xYt0Z2yGpeBFf4w8EIlGxxWpnm3m+YJkiHDlabA11jlLjMPjeTgsHjt3F84Atn7FhSuwNSjNI1qaeUXI2MKcoYSFgZajxnBzZDGvRqruqvCJbnXKcvoOA0ukbPKAQkzmrmL8wRthce52Yfp6/AhhDyFBu95/avQGOY4V7vgAAAA==[0m[Pipeline] }
[2020-04-13T06:52:32.815Z] [withMaven] artifactsPublisher - Archive artifact pom.xml under com/wakaleo/gameoflife/gameoflife/1.0-SNAPSHOT/gameoflife-1.0-SNAPSHOT.pom
[2020-04-13T06:52:32.816Z] [withMaven] artifactsPublisher - Archive artifact gameoflife-build/pom.xml under com/wakaleo/gameoflife/gameoflife-build/1.0-SNAPSHOT/gameoflife-build-1.0-SNAPSHOT.pom
[2020-04-13T06:52:32.816Z] [withMaven] artifactsPublisher - Archive artifact gameoflife-core/pom.xml under com/wakaleo/gameoflife/gameoflife-core/1.0-SNAPSHOT/gameoflife-core-1.0-SNAPSHOT.pom
[2020-04-13T06:52:32.816Z] [withMaven] artifactsPublisher - Archive artifact gameoflife-web/pom.xml under com/wakaleo/gameoflife/gameoflife-web/1.0-SNAPSHOT/gameoflife-web-1.0-SNAPSHOT.pom
[2020-04-13T06:52:32.849Z] [withMaven] Jenkins [8mha:////4Ch+uOPnkFD/20dfVl45TojaedgwCpClzsk4MxaS1O1nAAAAtR+LCAAAAAAAAP9djDEKwjAUQL8V3VwcxRsIzaSD0qkItpYi9ATBhvS34SckqbbX8Bq6eAiP4x1UuvmW96b3eMPEWVhWbek0hWdNTisRHnojrEJqcu3FJro/o5t5BRAkMFWCpK8yGLdWeZhnNb9wpjhJVniLJHedhcXfLh78m8HAKADozDdmHtaV98ZtGbtig2EtqEFyIWpWojOK9yzd58ckL1jKYx3r1Um1EukDI3SJ17oAAAA=[0mJaCoCo Plugin not found, don't display org.jacoco:jacoco-maven-plugin:findbugs results in pipeline screen.
[2020-04-13T06:52:32.851Z] [withMaven] Jenkins [8mha:////4A6k7nFBUgdTY5D74cEfX9bqXzv5XP8Hla+vtR3JaxPxAAAAvB+LCAAAAAAAAP9djMEJwjAUQL8VHUBv4gbF5uZBKR5EsFqKUBcIbUjThJ+QpNqu4Rp6cQjHcQeV3nyX907v8YaRszCvmtJpjAqNTisW7TvDrBIoM+3ZMr4/45t5BRAkMFYMua9SGDZWeZikNb1QoihyknsrkK9bC7O/3bb3bwY9gwCgNd+YethU3hu3IuQqpIhqhlKgWxQi0paTUjijaEcOu+yYZDk5UyfDvKCIzIYn1XCBHwby8vjEAAAA[0mTask Scanner Plugin not found, don't display results of source code scanning for 'TODO' and 'FIXME' in pipeline screen.
[2020-04-13T06:52:32.851Z] [withMaven] Publishers: Pipeline Graph Publisher: 78 ms, Generated Artifacts Publisher: 28 ms, Dependencies Fingerprint Publisher: 1 ms, JGiven Publisher: 1 ms, Jacoco Publisher: 2 ms, Open Task Scanner Publisher: 1 ms
[2020-04-13T06:52:32.867Z] [8mha:////4KjugxSXNe3tq7ryiWnlnDKDR759pkqi4i41anFfLlsDAAAApR+LCAAAAAAAAP9tjTEOwjAQBC9BFLSUPOIiJAokRJXWcsMLTGyME+vO2A5JxYv4Gn8gEImKLVY728zzBcsU4cjRYmuoc5Qah8H3dlo4cOwungds+YwNU2JvUJpBsjb1jJKzgTlFCQsBK0ON5+TIZliLVt1V5RXZ6pTj9B0ElE7f4AGFmMxZxfyFMcLm2uvE9PP8FcAYQoZyu//U7g3N4dT9vgAAAA==[0m[Pipeline] // withMaven
[2020-04-13T06:52:32.885Z] [8mha:////4NLE/aVaLpHVxq/qMIoUEHpgBpeXpghQOEkgS+akpKSGAAAApB+LCAAAAAAAAP9tjTEOwjAQBC9BFLSUPOIiRIUQVVrLDS8wsTFOrDtjOyQVL+Jr/IFAJCq2WO1sM88XLFOEI0eLraHOUWocBt/baeHAsbt4HrDlMzZMib1BaQbJ2tQzSs4G5hQlLASsDDWekyObYS1adVeVV2SrU47TdxBQOn2DBxRiMmcV8xfGCJtrrxPTz/NXAGMIGcrt/lO7N8un7Ki+AAAA[0m[Pipeline] }
[2020-04-13T06:52:32.908Z] [8mha:////4P5nx8JGY+phMH2j0L/k9xQbkjDgAwoDltuty/Jy2TjfAAAApB+LCAAAAAAAAP9tjTEOwjAQBC9BFLSUPOICaRFVWisNLzCxMU6sO2M7JBUv4mv8AYtIVGyx2tlmXm9YxwAnDgZ7TYOl2Fn0bjR54cRhuDqesOcLdkyRncZWTy0r3SzYctKwpChhJWCjqXMcLZkEW9HLh6ycJFOdU8jfUUBp1R2eUIhsTjKkL8wBdrdRRaaf568AZu8TlPU+16H+AAjcDMm+AAAA[0m[Pipeline] // stage
[2020-04-13T06:52:32.936Z] [8mha:////4FK0cZFWL0Bl3TwtxZ2CwwxxjBZksyBC32cYEE2e4nUFAAAAph+LCAAAAAAAAP9tjTEOwjAQBM9BKWgpeYQjEB2iorXc8AITG+PEugv2haTiRXyNPxCIRMVWOyut5vmCMic4UPKycdgGzHWQXez91ORAqb1EGmRDZ1kTZopOajdosu44oyZ2MEcUsFCwdFhHygE9w0o15m6qaNBXJ07TtldQBHuDBwg1mdkk/sKYYH3tbSb8ef4KYOwYxI6h2G4+x/INji2eq8EAAAA=[0m[Pipeline] stage
[2020-04-13T06:52:32.952Z] [8mha:////4KSjDTaFdShqh4sBQODcsucJo3J4mdxb2Ct8SbG7QdkJAAAAph+LCAAAAAAAAP9tjTEOwjAUQ3+DOrAycohUdEVMrFEXThCaEJJG/7dJSjpxIq7GHWipxIQHy7ZkvdcbyhjgRMFwp7GzGFvLez+aOfFMobt5ytzRlbeEkbzmjc4NKX1ea0NJw6qCwUbAVmPrKVo0CXbCyYesvERTXVKYt6MAZtUATyjETE4ypG+ZAuzvo4qEP85fAEx9AlYfFquXZ/kBAsTc3cIAAAA=[0m[Pipeline] { (Test)
[2020-04-13T06:52:32.983Z] [8mha:////4CNWBTS7QtmrYEBjz6Uk+PZDDJKrSpEmUwjCPgcl6f9xAAAAph+LCAAAAAAAAP9tjTEOwjAUQ3+LOrAycohUKiNiYo2ycILQhJA0+r9NUtKJE3E17kBLJSY8WLYl673eUMUAJwqGOY2dxdha1vvRzIllCt3NU2aOrqwljOQ1EzoLUvq8VkFJw6qihA2HrcbWU7RoEuy4kw9Ze4mmvqQwb0cOpVUDPKHgMznJkL5lCrC/jyoS/jh/ATD1CcqmWeywPKsPpnFij8IAAAA=[0m[Pipeline] withMaven
[2020-04-13T06:52:32.984Z] [withMaven] Options: []
[2020-04-13T06:52:32.984Z] [withMaven] Available options: 
[2020-04-13T06:52:32.984Z] [withMaven] using JDK installation provided by the build agent
[2020-04-13T06:52:32.989Z] [withMaven] using Maven installation 'MyMaven'
[2020-04-13T06:52:32.998Z] [8mha:////4Ixg7blGLhKLWDKuP9HgFHeVreEoxRJoMH7l8xFKOLNzAAAApx+LCAAAAAAAAP9tjTEOwjAUQ3+LOrAycohUAjbE1DXKwglCE0La6P/yk9JOnIircQdaKjHhwbItWe/1hiIynIidaCy2HmPtRRd6NyUxELfXQINo6CJqwkjBCmUHRcZWS1WULCzKclhJWFusA0WPLsFGNvqhy6DRlefE03aUkHtzhydkciInzelbRobtrTeR8Mf5C4CxS5Dv9rMd5mfxAd6e6VPCAAAA[0m[Pipeline] {
[2020-04-13T06:52:33.042Z] [8mha:////4PtoMvQe9T92bdHOc87K15jbc0632KCYafxOJAamTTybAAAApB+LCAAAAAAAAP9tjTEOwjAQBC9BFLSUPOIiIagQVVrLDS8wsTFOrDtjOyQVL+Jr/IFAJCq2WO1sM88XLFOEI0eLraHOUWocBt/baeHAsbt4HrDlMzZMib1BaQbJ2tQzSs4G5hQlLASsDDWekyObYS1adVeVV2SrU47TdxBQOn2DBxRiMmcV8xfGCJtrrxPTz/NXAGPIUG53n9qHN38C26S+AAAA[0m[Pipeline] sh
[2020-04-13T06:52:33.310Z] + mvn test
[2020-04-13T06:52:33.311Z] ----- withMaven Wrapper script -----
[2020-04-13T06:52:33.311Z] Picked up JAVA_TOOL_OPTIONS: -Dmaven.ext.class.path="/var/lib/jenkins/workspace/0.Jenkins_FullPipeLine@tmp/withMaven126d57b2/pipeline-maven-spy.jar" -Dorg.jenkinsci.plugins.pipeline.maven.reportsFolder="/var/lib/jenkins/workspace/0.Jenkins_FullPipeLine@tmp/withMaven126d57b2" 
[2020-04-13T06:52:33.862Z] Apache Maven 3.6.3 (cecedd343002696d0abb50b32b541b8a6ba2883f)
[2020-04-13T06:52:33.862Z] Maven home: /var/lib/jenkins/tools/hudson.tasks.Maven_MavenInstallation/MyMaven
[2020-04-13T06:52:33.862Z] Java version: 1.8.0_242, vendor: Private Build, runtime: /usr/lib/jvm/java-8-openjdk-amd64/jre
[2020-04-13T06:52:33.862Z] Default locale: en_IN, platform encoding: UTF-8
[2020-04-13T06:52:33.862Z] OS name: "linux", version: "5.3.0-46-generic", arch: "amd64", family: "unix"
[2020-04-13T06:52:36.348Z] [INFO] [jenkins-event-spy] Generate /var/lib/jenkins/workspace/0.Jenkins_FullPipeLine@tmp/withMaven126d57b2/maven-spy-20200413-122235-8226676648525544576673.log.tmp ...
[2020-04-13T06:52:36.348Z] [INFO] Scanning for projects...
[2020-04-13T06:52:37.267Z] [WARNING] 
[2020-04-13T06:52:37.267Z] [WARNING] Some problems were encountered while building the effective model for com.wakaleo.gameoflife:gameoflife-build:jar:1.0-SNAPSHOT
[2020-04-13T06:52:37.267Z] [WARNING] Reporting configuration should be done in <reporting> section, not in maven-site-plugin <configuration> as reportPlugins parameter.
[2020-04-13T06:52:37.268Z] [WARNING] 
[2020-04-13T06:52:37.268Z] [WARNING] Some problems were encountered while building the effective model for com.wakaleo.gameoflife:gameoflife-core:jar:1.0-SNAPSHOT
[2020-04-13T06:52:37.268Z] [WARNING] Reporting configuration should be done in <reporting> section, not in maven-site-plugin <configuration> as reportPlugins parameter.
[2020-04-13T06:52:37.268Z] [WARNING] 
[2020-04-13T06:52:37.268Z] [WARNING] Some problems were encountered while building the effective model for com.wakaleo.gameoflife:gameoflife-web:war:1.0-SNAPSHOT
[2020-04-13T06:52:37.268Z] [WARNING] Reporting configuration should be done in <reporting> section, not in maven-site-plugin <configuration> as reportPlugins parameter.
[2020-04-13T06:52:37.268Z] [WARNING] 
[2020-04-13T06:52:37.268Z] [WARNING] Some problems were encountered while building the effective model for com.wakaleo.gameoflife:gameoflife:pom:1.0-SNAPSHOT
[2020-04-13T06:52:37.268Z] [WARNING] Reporting configuration should be done in <reporting> section, not in maven-site-plugin <configuration> as reportPlugins parameter. @ line 302, column 40
[2020-04-13T06:52:37.268Z] [WARNING] 
[2020-04-13T06:52:37.268Z] [WARNING] It is highly recommended to fix these problems because they threaten the stability of your build.
[2020-04-13T06:52:37.268Z] [WARNING] 
[2020-04-13T06:52:37.268Z] [WARNING] For this reason, future Maven versions might no longer support building such malformed projects.
[2020-04-13T06:52:37.268Z] [WARNING] 
[2020-04-13T06:52:37.268Z] [INFO] ------------------------------------------------------------------------
[2020-04-13T06:52:37.268Z] [INFO] Reactor Build Order:
[2020-04-13T06:52:37.268Z] [INFO] 
[2020-04-13T06:52:37.268Z] [INFO] gameoflife                                                         [pom]
[2020-04-13T06:52:37.268Z] [INFO] gameoflife-build                                                   [jar]
[2020-04-13T06:52:37.268Z] [INFO] gameoflife-core                                                    [jar]
[2020-04-13T06:52:37.268Z] [INFO] gameoflife-web                                                     [war]
[2020-04-13T06:52:37.268Z] [INFO] 
[2020-04-13T06:52:37.268Z] [INFO] -----------------< com.wakaleo.gameoflife:gameoflife >------------------
[2020-04-13T06:52:37.268Z] [INFO] Building gameoflife 1.0-SNAPSHOT                                   [1/4]
[2020-04-13T06:52:37.268Z] [INFO] --------------------------------[ pom ]---------------------------------
[2020-04-13T06:52:37.268Z] [INFO] 
[2020-04-13T06:52:37.268Z] [INFO] --- maven-enforcer-plugin:1.0:enforce (enforce-versions) @ gameoflife ---
[2020-04-13T06:52:37.819Z] [INFO] 
[2020-04-13T06:52:37.819Z] [INFO] --- jacoco-maven-plugin:0.7.2.201409121644:prepare-agent (jacoco-initialize) @ gameoflife ---
[2020-04-13T06:52:38.731Z] [INFO] argLine set to -javaagent:/var/lib/jenkins/.m2/repository/org/jacoco/org.jacoco.agent/0.7.2.201409121644/org.jacoco.agent-0.7.2.201409121644-runtime.jar=destfile=/var/lib/jenkins/workspace/0.Jenkins_FullPipeLine/target/jacoco.exec
[2020-04-13T06:52:38.731Z] [INFO] 
[2020-04-13T06:52:38.731Z] [INFO] --- maven-surefire-plugin:2.11:test (unit-tests) @ gameoflife ---
[2020-04-13T06:52:38.982Z] [INFO] Downloading from central: https://repo.maven.apache.org/maven2/org/apache/maven/surefire/surefire-booter/2.11/surefire-booter-2.11.pom
[2020-04-13T06:52:42.281Z] [INFO] Downloaded from central: https://repo.maven.apache.org/maven2/org/apache/maven/surefire/surefire-booter/2.11/surefire-booter-2.11.pom (3.0 kB at 1.1 kB/s)
[2020-04-13T06:52:42.281Z] [INFO] Downloading from central: https://repo.maven.apache.org/maven2/org/apache/maven/surefire/surefire-api/2.11/surefire-api-2.11.pom
[2020-04-13T06:52:42.532Z] [INFO] Downloaded from central: https://repo.maven.apache.org/maven2/org/apache/maven/surefire/surefire-api/2.11/surefire-api-2.11.pom (2.3 kB at 2.9 kB/s)
[2020-04-13T06:52:42.532Z] [INFO] Downloading from central: https://repo.maven.apache.org/maven2/org/apache/maven/surefire/maven-surefire-common/2.11/maven-surefire-common-2.11.pom
[2020-04-13T06:52:43.507Z] [INFO] Downloaded from central: https://repo.maven.apache.org/maven2/org/apache/maven/surefire/maven-surefire-common/2.11/maven-surefire-common-2.11.pom (4.0 kB at 5.1 kB/s)
[2020-04-13T06:52:43.507Z] [INFO] Downloading from central: https://repo.maven.apache.org/maven2/org/codehaus/plexus/plexus-utils/2.1/plexus-utils-2.1.pom
[2020-04-13T06:52:44.070Z] [INFO] Downloaded from central: https://repo.maven.apache.org/maven2/org/codehaus/plexus/plexus-utils/2.1/plexus-utils-2.1.pom (4.0 kB at 5.2 kB/s)
[2020-04-13T06:52:44.070Z] [INFO] Downloading from central: https://repo.maven.apache.org/maven2/org/apache/maven/maven-toolchain/2.0.9/maven-toolchain-2.0.9.pom
[2020-04-13T06:52:45.006Z] [INFO] Downloaded from central: https://repo.maven.apache.org/maven2/org/apache/maven/maven-toolchain/2.0.9/maven-toolchain-2.0.9.pom (3.5 kB at 4.5 kB/s)
[2020-04-13T06:52:45.006Z] [INFO] Downloading from central: https://repo.maven.apache.org/maven2/org/apache/maven/shared/maven-common-artifact-filters/1.3/maven-common-artifact-filters-1.3.pom
[2020-04-13T06:52:45.927Z] [INFO] Downloaded from central: https://repo.maven.apache.org/maven2/org/apache/maven/shared/maven-common-artifact-filters/1.3/maven-common-artifact-filters-1.3.pom (3.7 kB at 5.1 kB/s)
[2020-04-13T06:52:45.928Z] [INFO] Downloading from central: https://repo.maven.apache.org/maven2/org/apache/maven/surefire/surefire-booter/2.11/surefire-booter-2.11.jar
[2020-04-13T06:52:45.928Z] [INFO] Downloading from central: https://repo.maven.apache.org/maven2/org/apache/maven/surefire/surefire-api/2.11/surefire-api-2.11.jar
[2020-04-13T06:52:45.928Z] [INFO] Downloading from central: https://repo.maven.apache.org/maven2/org/apache/maven/shared/maven-common-artifact-filters/1.3/maven-common-artifact-filters-1.3.jar
[2020-04-13T06:52:45.928Z] [INFO] Downloading from central: https://repo.maven.apache.org/maven2/org/apache/maven/surefire/maven-surefire-common/2.11/maven-surefire-common-2.11.jar
[2020-04-13T06:52:45.928Z] [INFO] Downloading from central: https://repo.maven.apache.org/maven2/org/codehaus/plexus/plexus-utils/2.1/plexus-utils-2.1.jar
[2020-04-13T06:52:47.274Z] [INFO] Downloaded from central: https://repo.maven.apache.org/maven2/org/apache/maven/surefire/surefire-booter/2.11/surefire-booter-2.11.jar (33 kB at 26 kB/s)
[2020-04-13T06:52:47.275Z] [INFO] Downloading from central: https://repo.maven.apache.org/maven2/org/apache/maven/maven-toolchain/2.0.9/maven-toolchain-2.0.9.jar
[2020-04-13T06:52:47.827Z] [INFO] Downloaded from central: https://repo.maven.apache.org/maven2/org/apache/maven/shared/maven-common-artifact-filters/1.3/maven-common-artifact-filters-1.3.jar (31 kB at 16 kB/s)
[2020-04-13T06:52:47.827Z] [INFO] Downloaded from central: https://repo.maven.apache.org/maven2/org/apache/maven/maven-toolchain/2.0.9/maven-toolchain-2.0.9.jar (38 kB at 18 kB/s)
[2020-04-13T06:52:48.078Z] [INFO] Downloaded from central: https://repo.maven.apache.org/maven2/org/apache/maven/surefire/maven-surefire-common/2.11/maven-surefire-common-2.11.jar (84 kB at 35 kB/s)
[2020-04-13T06:52:48.329Z] [INFO] Downloaded from central: https://repo.maven.apache.org/maven2/org/codehaus/plexus/plexus-utils/2.1/plexus-utils-2.1.jar (225 kB at 85 kB/s)
[2020-04-13T06:52:48.580Z] [INFO] Downloaded from central: https://repo.maven.apache.org/maven2/org/apache/maven/surefire/surefire-api/2.11/surefire-api-2.11.jar (160 kB at 57 kB/s)
[2020-04-13T06:52:48.831Z] [INFO] No tests to run.
[2020-04-13T06:52:48.831Z] [INFO] Surefire report directory: /var/lib/jenkins/workspace/0.Jenkins_FullPipeLine/target/surefire-reports
[2020-04-13T06:52:48.831Z] [INFO] Downloading from central: https://repo.maven.apache.org/maven2/org/apache/maven/surefire/surefire-junit4/2.11/surefire-junit4-2.11.pom
[2020-04-13T06:52:49.743Z] [INFO] Downloaded from central: https://repo.maven.apache.org/maven2/org/apache/maven/surefire/surefire-junit4/2.11/surefire-junit4-2.11.pom (2.6 kB at 3.8 kB/s)
[2020-04-13T06:52:49.743Z] [INFO] Downloading from central: https://repo.maven.apache.org/maven2/org/apache/maven/surefire/surefire-providers/2.11/surefire-providers-2.11.pom
[2020-04-13T06:52:50.294Z] [INFO] Downloaded from central: https://repo.maven.apache.org/maven2/org/apache/maven/surefire/surefire-providers/2.11/surefire-providers-2.11.pom (2.3 kB at 3.2 kB/s)
[2020-04-13T06:52:50.294Z] [INFO] Downloading from central: https://repo.maven.apache.org/maven2/org/apache/maven/surefire/surefire-junit4/2.11/surefire-junit4-2.11.jar
[2020-04-13T06:52:51.207Z] [INFO] Downloaded from central: https://repo.maven.apache.org/maven2/org/apache/maven/surefire/surefire-junit4/2.11/surefire-junit4-2.11.jar (33 kB at 44 kB/s)
[2020-04-13T06:52:51.207Z] 
[2020-04-13T06:52:51.207Z] -------------------------------------------------------
[2020-04-13T06:52:51.207Z]  T E S T S
[2020-04-13T06:52:51.207Z] -------------------------------------------------------
[2020-04-13T06:52:51.207Z] Picked up JAVA_TOOL_OPTIONS: -Dmaven.ext.class.path="/var/lib/jenkins/workspace/0.Jenkins_FullPipeLine@tmp/withMaven126d57b2/pipeline-maven-spy.jar" -Dorg.jenkinsci.plugins.pipeline.maven.reportsFolder="/var/lib/jenkins/workspace/0.Jenkins_FullPipeLine@tmp/withMaven126d57b2" 
[2020-04-13T06:52:52.119Z] 
[2020-04-13T06:52:52.119Z] Results :
[2020-04-13T06:52:52.119Z] 
[2020-04-13T06:52:52.119Z] Tests run: 0, Failures: 0, Errors: 0, Skipped: 0
[2020-04-13T06:52:52.119Z] 
[2020-04-13T06:52:52.119Z] [INFO] 
[2020-04-13T06:52:52.119Z] [INFO] --- maven-easyb-plugin:1.4:test (default) @ gameoflife ---
[2020-04-13T06:52:52.119Z] [INFO] Downloading from central: https://repo.maven.apache.org/maven2/org/apache/ant/ant/1.8.1/ant-1.8.1.pom
[2020-04-13T06:52:53.032Z] [INFO] Downloaded from central: https://repo.maven.apache.org/maven2/org/apache/ant/ant/1.8.1/ant-1.8.1.pom (8.8 kB at 13 kB/s)
[2020-04-13T06:52:53.032Z] [INFO] Downloading from central: https://repo.maven.apache.org/maven2/org/apache/ant/ant-parent/1.8.1/ant-parent-1.8.1.pom
[2020-04-13T06:52:53.583Z] [INFO] Downloaded from central: https://repo.maven.apache.org/maven2/org/apache/ant/ant-parent/1.8.1/ant-parent-1.8.1.pom (4.3 kB at 6.1 kB/s)
[2020-04-13T06:52:53.583Z] [INFO] Downloading from central: https://repo.maven.apache.org/maven2/org/apache/ant/ant-launcher/1.8.1/ant-launcher-1.8.1.pom
[2020-04-13T06:52:54.496Z] [INFO] Downloaded from central: https://repo.maven.apache.org/maven2/org/apache/ant/ant-launcher/1.8.1/ant-launcher-1.8.1.pom (2.4 kB at 3.3 kB/s)
[2020-04-13T06:52:54.496Z] [INFO] Downloading from central: https://repo.maven.apache.org/maven2/org/easyb/easyb-core/maven-metadata.xml
[2020-04-13T06:52:55.048Z] [INFO] Downloaded from central: https://repo.maven.apache.org/maven2/org/easyb/easyb-core/maven-metadata.xml (465 B at 675 B/s)
[2020-04-13T06:52:55.048Z] [INFO] Downloading from central: https://repo.maven.apache.org/maven2/org/easyb/easyb-core/1.4/easyb-core-1.4.pom
[2020-04-13T06:52:55.971Z] [INFO] Downloaded from central: https://repo.maven.apache.org/maven2/org/easyb/easyb-core/1.4/easyb-core-1.4.pom (15 kB at 22 kB/s)
[2020-04-13T06:52:55.971Z] [INFO] Downloading from central: https://repo.maven.apache.org/maven2/org/codehaus/groovy/groovy-all/1.7.10/groovy-all-1.7.10.pom
[2020-04-13T06:52:56.523Z] [INFO] Downloaded from central: https://repo.maven.apache.org/maven2/org/codehaus/groovy/groovy-all/1.7.10/groovy-all-1.7.10.pom (27 kB at 35 kB/s)
[2020-04-13T06:52:56.523Z] [INFO] Downloading from central: https://repo.maven.apache.org/maven2/commons-cli/commons-cli/1.2/commons-cli-1.2.pom
[2020-04-13T06:52:57.435Z] [INFO] Downloaded from central: https://repo.maven.apache.org/maven2/commons-cli/commons-cli/1.2/commons-cli-1.2.pom (8.0 kB at 11 kB/s)
[2020-04-13T06:52:57.435Z] [INFO] Downloading from central: https://repo.maven.apache.org/maven2/org/apache/commons/commons-parent/11/commons-parent-11.pom
[2020-04-13T06:52:58.778Z] [INFO] Downloaded from central: https://repo.maven.apache.org/maven2/org/apache/commons/commons-parent/11/commons-parent-11.pom (25 kB at 16 kB/s)
[2020-04-13T06:52:58.779Z] [INFO] Downloading from central: https://repo.maven.apache.org/maven2/commons-lang/commons-lang/2.5/commons-lang-2.5.pom
[2020-04-13T06:53:00.124Z] [INFO] Downloaded from central: https://repo.maven.apache.org/maven2/commons-lang/commons-lang/2.5/commons-lang-2.5.pom (17 kB at 12 kB/s)
[2020-04-13T06:53:00.124Z] [INFO] Downloading from central: https://repo.maven.apache.org/maven2/org/apache/commons/commons-parent/12/commons-parent-12.pom
[2020-04-13T06:53:01.989Z] [INFO] Downloaded from central: https://repo.maven.apache.org/maven2/org/apache/commons/commons-parent/12/commons-parent-12.pom (27 kB at 17 kB/s)
[2020-04-13T06:53:01.989Z] [INFO] Downloading from central: https://repo.maven.apache.org/maven2/ant/ant/1.6.5/ant-1.6.5.pom
[2020-04-13T06:53:02.240Z] [INFO] Downloaded from central: https://repo.maven.apache.org/maven2/ant/ant/1.6.5/ant-1.6.5.pom (861 B at 1.4 kB/s)
[2020-04-13T06:53:02.240Z] [INFO] Downloading from central: https://repo.maven.apache.org/maven2/org/easyb/easyb-core/1.5/easyb-core-1.5.pom
[2020-04-13T06:53:03.155Z] [INFO] Downloaded from central: https://repo.maven.apache.org/maven2/org/easyb/easyb-core/1.5/easyb-core-1.5.pom (15 kB at 22 kB/s)
[2020-04-13T06:53:03.155Z] [INFO] Downloading from central: https://repo.maven.apache.org/maven2/org/easyb/easyb-core/1.6/easyb-core-1.6.pom
[2020-04-13T06:53:03.707Z] [INFO] Downloaded from central: https://repo.maven.apache.org/maven2/org/easyb/easyb-core/1.6/easyb-core-1.6.pom (15 kB at 23 kB/s)
[2020-04-13T06:53:03.707Z] [INFO] Downloading from central: https://repo.maven.apache.org/maven2/org/easyb/easyb-maven-parent/1.5/easyb-maven-parent-1.5.pom
[2020-04-13T06:53:04.260Z] [INFO] Downloaded from central: https://repo.maven.apache.org/maven2/org/easyb/easyb-maven-parent/1.5/easyb-maven-parent-1.5.pom (4.9 kB at 7.2 kB/s)
[2020-04-13T06:53:04.260Z] [INFO] Downloading from central: https://repo.maven.apache.org/maven2/org/easyb/easyb-parent/1.1/easyb-parent-1.1.pom
[2020-04-13T06:53:05.187Z] [INFO] Downloaded from central: https://repo.maven.apache.org/maven2/org/easyb/easyb-parent/1.1/easyb-parent-1.1.pom (4.4 kB at 6.5 kB/s)
[2020-04-13T06:53:05.187Z] [INFO] Downloading from central: https://repo.maven.apache.org/maven2/org/easyb/easyb-composite-groovy/maven-metadata.xml
[2020-04-13T06:53:05.743Z] [INFO] Downloaded from central: https://repo.maven.apache.org/maven2/org/easyb/easyb-composite-groovy/maven-metadata.xml (361 B at 521 B/s)
[2020-04-13T06:53:05.743Z] [INFO] Downloading from central: https://repo.maven.apache.org/maven2/org/easyb/easyb-composite-groovy/1.2/easyb-composite-groovy-1.2.pom
[2020-04-13T06:53:06.687Z] [INFO] Downloaded from central: https://repo.maven.apache.org/maven2/org/easyb/easyb-composite-groovy/1.2/easyb-composite-groovy-1.2.pom (1.0 kB at 1.5 kB/s)
[2020-04-13T06:53:06.687Z] [INFO] Downloading from central: https://repo.maven.apache.org/maven2/org/codehaus/groovy/groovy-all/2.3.6/groovy-all-2.3.6.pom
[2020-04-13T06:53:07.238Z] [INFO] Downloaded from central: https://repo.maven.apache.org/maven2/org/codehaus/groovy/groovy-all/2.3.6/groovy-all-2.3.6.pom (18 kB at 25 kB/s)
[2020-04-13T06:53:07.238Z] [INFO] Downloading from central: https://repo.maven.apache.org/maven2/org/easyb/easyb-ast/maven-metadata.xml
[2020-04-13T06:53:07.789Z] [INFO] Downloaded from central: https://repo.maven.apache.org/maven2/org/easyb/easyb-ast/maven-metadata.xml (319 B at 446 B/s)
[2020-04-13T06:53:08.041Z] [INFO] Downloading from central: https://repo.maven.apache.org/maven2/org/easyb/easyb-ast/1.1/easyb-ast-1.1.pom
[2020-04-13T06:53:08.600Z] [INFO] Downloaded from central: https://repo.maven.apache.org/maven2/org/easyb/easyb-ast/1.1/easyb-ast-1.1.pom (837 B at 1.3 kB/s)
[2020-04-13T06:53:08.600Z] [INFO] Downloading from central: https://repo.maven.apache.org/maven2/org/easyb/easyb-composite-groovy/1.1/easyb-composite-groovy-1.1.pom
[2020-04-13T06:53:09.158Z] [INFO] Downloaded from central: https://repo.maven.apache.org/maven2/org/easyb/easyb-composite-groovy/1.1/easyb-composite-groovy-1.1.pom (989 B at 1.5 kB/s)
[2020-04-13T06:53:09.158Z] [INFO] Downloading from central: https://repo.maven.apache.org/maven2/org/easyb/easyb-maven-parent/1.1/easyb-maven-parent-1.1.pom
[2020-04-13T06:53:10.075Z] [INFO] Downloaded from central: https://repo.maven.apache.org/maven2/org/easyb/easyb-maven-parent/1.1/easyb-maven-parent-1.1.pom (6.2 kB at 8.9 kB/s)
[2020-04-13T06:53:10.075Z] [INFO] Downloading from central: https://repo.maven.apache.org/maven2/org/codehaus/groovy/groovy-all/maven-metadata.xml
[2020-04-13T06:53:10.626Z] [INFO] Downloaded from central: https://repo.maven.apache.org/maven2/org/codehaus/groovy/groovy-all/maven-metadata.xml (6.5 kB at 9.5 kB/s)
[2020-04-13T06:53:10.626Z] [INFO] Downloading from central: https://repo.maven.apache.org/maven2/org/codehaus/groovy/groovy-all/1.7.4/groovy-all-1.7.4.pom
[2020-04-13T06:53:11.539Z] [INFO] Downloaded from central: https://repo.maven.apache.org/maven2/org/codehaus/groovy/groovy-all/1.7.4/groovy-all-1.7.4.pom (27 kB at 32 kB/s)
[2020-04-13T06:53:11.539Z] [INFO] Downloading from central: https://repo.maven.apache.org/maven2/org/codehaus/groovy/groovy-all/1.7.5/groovy-all-1.7.5.pom
[2020-04-13T06:53:12.457Z] [INFO] Downloaded from central: https://repo.maven.apache.org/maven2/org/codehaus/groovy/groovy-all/1.7.5/groovy-all-1.7.5.pom (27 kB at 37 kB/s)
[2020-04-13T06:53:12.457Z] [INFO] Downloading from central: https://repo.maven.apache.org/maven2/org/codehaus/groovy/groovy-all/1.7.6/groovy-all-1.7.6.pom
[2020-04-13T06:53:13.008Z] [INFO] Downloaded from central: https://repo.maven.apache.org/maven2/org/codehaus/groovy/groovy-all/1.7.6/groovy-all-1.7.6.pom (27 kB at 40 kB/s)
[2020-04-13T06:53:13.008Z] [INFO] Downloading from central: https://repo.maven.apache.org/maven2/org/codehaus/groovy/groovy-all/1.7.7/groovy-all-1.7.7.pom
[2020-04-13T06:53:13.588Z] [INFO] Downloaded from central: https://repo.maven.apache.org/maven2/org/codehaus/groovy/groovy-all/1.7.7/groovy-all-1.7.7.pom (27 kB at 42 kB/s)
[2020-04-13T06:53:13.588Z] [INFO] Downloading from central: https://repo.maven.apache.org/maven2/org/codehaus/groovy/groovy-all/1.7.8/groovy-all-1.7.8.pom
[2020-04-13T06:53:14.507Z] [INFO] Downloaded from central: https://repo.maven.apache.org/maven2/org/codehaus/groovy/groovy-all/1.7.8/groovy-all-1.7.8.pom (27 kB at 37 kB/s)
[2020-04-13T06:53:14.507Z] [INFO] Downloading from central: https://repo.maven.apache.org/maven2/org/codehaus/groovy/groovy-all/1.7.9/groovy-all-1.7.9.pom
[2020-04-13T06:53:15.060Z] [INFO] Downloaded from central: https://repo.maven.apache.org/maven2/org/codehaus/groovy/groovy-all/1.7.9/groovy-all-1.7.9.pom (27 kB at 37 kB/s)
[2020-04-13T06:53:15.060Z] [INFO] Downloading from central: https://repo.maven.apache.org/maven2/org/codehaus/groovy/groovy-all/1.7.11/groovy-all-1.7.11.pom
[2020-04-13T06:53:15.972Z] [INFO] Downloaded from central: https://repo.maven.apache.org/maven2/org/codehaus/groovy/groovy-all/1.7.11/groovy-all-1.7.11.pom (27 kB at 34 kB/s)
[2020-04-13T06:53:15.972Z] [INFO] Downloading from central: https://repo.maven.apache.org/maven2/org/apache/ant/ant/1.8.1/ant-1.8.1.jar
[2020-04-13T06:53:15.972Z] [INFO] Downloading from central: https://repo.maven.apache.org/maven2/org/apache/ant/ant-launcher/1.8.1/ant-launcher-1.8.1.jar
[2020-04-13T06:53:15.972Z] [INFO] Downloading from central: https://repo.maven.apache.org/maven2/org/easyb/easyb-core/1.6/easyb-core-1.6.jar
[2020-04-13T06:53:15.972Z] [INFO] Downloading from central: https://repo.maven.apache.org/maven2/org/easyb/easyb-ast/1.1/easyb-ast-1.1.jar
[2020-04-13T06:53:15.972Z] [INFO] Downloading from central: https://repo.maven.apache.org/maven2/org/codehaus/groovy/groovy-all/2.3.6/groovy-all-2.3.6.jar
[2020-04-13T06:53:16.898Z] [INFO] Downloaded from central: https://repo.maven.apache.org/maven2/org/easyb/easyb-ast/1.1/easyb-ast-1.1.jar (8.9 kB at 12 kB/s)
[2020-04-13T06:53:16.898Z] [INFO] Downloading from central: https://repo.maven.apache.org/maven2/commons-cli/commons-cli/1.2/commons-cli-1.2.jar
[2020-04-13T06:53:16.898Z] [INFO] Downloaded from central: https://repo.maven.apache.org/maven2/org/apache/ant/ant-launcher/1.8.1/ant-launcher-1.8.1.jar (12 kB at 16 kB/s)
[2020-04-13T06:53:16.898Z] [INFO] Downloading from central: https://repo.maven.apache.org/maven2/commons-lang/commons-lang/2.5/commons-lang-2.5.jar
[2020-04-13T06:53:18.254Z] [INFO] Downloaded from central: https://repo.maven.apache.org/maven2/commons-cli/commons-cli/1.2/commons-cli-1.2.jar (41 kB at 18 kB/s)
[2020-04-13T06:53:18.254Z] [INFO] Downloading from central: https://repo.maven.apache.org/maven2/junit/junit/4.11/junit-4.11.jar
[2020-04-13T06:53:20.825Z] [INFO] Downloaded from central: https://repo.maven.apache.org/maven2/org/easyb/easyb-core/1.6/easyb-core-1.6.jar (527 kB at 112 kB/s)
[2020-04-13T06:53:20.825Z] [INFO] Downloaded from central: https://repo.maven.apache.org/maven2/commons-lang/commons-lang/2.5/commons-lang-2.5.jar (279 kB at 59 kB/s)
[2020-04-13T06:53:21.751Z] [INFO] Downloaded from central: https://repo.maven.apache.org/maven2/junit/junit/4.11/junit-4.11.jar (245 kB at 42 kB/s)
[2020-04-13T06:53:29.779Z] [INFO] Downloaded from central: https://repo.maven.apache.org/maven2/org/apache/ant/ant/1.8.1/ant-1.8.1.jar (1.5 MB at 115 kB/s)
[2020-04-13T06:53:37.826Z] [INFO] Downloaded from central: https://repo.maven.apache.org/maven2/org/codehaus/groovy/groovy-all/2.3.6/groovy-all-2.3.6.jar (7.3 MB at 337 kB/s)
[2020-04-13T06:53:38.378Z] [INFO] /var/lib/jenkins/workspace/0.Jenkins_FullPipeLine/src/test/stories does not exists.  Skipping easyb testing
[2020-04-13T06:53:38.378Z] [INFO] 
[2020-04-13T06:53:38.378Z] [INFO] --------------< com.wakaleo.gameoflife:gameoflife-build >---------------
[2020-04-13T06:53:38.378Z] [INFO] Building gameoflife-build 1.0-SNAPSHOT                             [2/4]
[2020-04-13T06:53:38.378Z] [INFO] --------------------------------[ jar ]---------------------------------
[2020-04-13T06:53:38.378Z] [INFO] 
[2020-04-13T06:53:38.378Z] [INFO] --- maven-enforcer-plugin:1.0:enforce (enforce-versions) @ gameoflife-build ---
[2020-04-13T06:53:38.379Z] [INFO] 
[2020-04-13T06:53:38.379Z] [INFO] --- maven-resources-plugin:2.6:resources (default-resources) @ gameoflife-build ---
[2020-04-13T06:53:38.629Z] [INFO] Using 'UTF-8' encoding to copy filtered resources.
[2020-04-13T06:53:38.629Z] [INFO] Copying 2 resources
[2020-04-13T06:53:38.629Z] [INFO] 
[2020-04-13T06:53:38.629Z] [INFO] --- jacoco-maven-plugin:0.7.2.201409121644:prepare-agent (jacoco-initialize) @ gameoflife-build ---
[2020-04-13T06:53:38.629Z] [INFO] argLine set to -javaagent:/var/lib/jenkins/.m2/repository/org/jacoco/org.jacoco.agent/0.7.2.201409121644/org.jacoco.agent-0.7.2.201409121644-runtime.jar=destfile=/var/lib/jenkins/workspace/0.Jenkins_FullPipeLine/gameoflife-build/target/jacoco.exec
[2020-04-13T06:53:38.629Z] [INFO] 
[2020-04-13T06:53:38.629Z] [INFO] --- maven-compiler-plugin:3.1:compile (default-compile) @ gameoflife-build ---
[2020-04-13T06:53:38.882Z] [INFO] No sources to compile
[2020-04-13T06:53:38.882Z] [INFO] 
[2020-04-13T06:53:38.882Z] [INFO] --- maven-resources-plugin:2.6:testResources (default-testResources) @ gameoflife-build ---
[2020-04-13T06:53:38.882Z] [INFO] Using 'UTF-8' encoding to copy filtered resources.
[2020-04-13T06:53:38.882Z] [INFO] skip non existing resourceDirectory /var/lib/jenkins/workspace/0.Jenkins_FullPipeLine/gameoflife-build/src/test/resources
[2020-04-13T06:53:38.882Z] [INFO] 
[2020-04-13T06:53:38.882Z] [INFO] --- maven-compiler-plugin:3.1:testCompile (default-testCompile) @ gameoflife-build ---
[2020-04-13T06:53:38.882Z] [INFO] No sources to compile
[2020-04-13T06:53:38.882Z] [INFO] 
[2020-04-13T06:53:38.882Z] [INFO] --- maven-surefire-plugin:2.11:test (default-test) @ gameoflife-build ---
[2020-04-13T06:53:38.882Z] [INFO] Tests are skipped.
[2020-04-13T06:53:38.882Z] [INFO] 
[2020-04-13T06:53:38.882Z] [INFO] --- maven-surefire-plugin:2.11:test (unit-tests) @ gameoflife-build ---
[2020-04-13T06:53:38.882Z] [INFO] No tests to run.
[2020-04-13T06:53:38.882Z] [INFO] Surefire report directory: /var/lib/jenkins/workspace/0.Jenkins_FullPipeLine/gameoflife-build/target/surefire-reports
[2020-04-13T06:53:38.882Z] 
[2020-04-13T06:53:38.882Z] -------------------------------------------------------
[2020-04-13T06:53:38.882Z]  T E S T S
[2020-04-13T06:53:38.882Z] -------------------------------------------------------
[2020-04-13T06:53:38.882Z] Picked up JAVA_TOOL_OPTIONS: -Dmaven.ext.class.path="/var/lib/jenkins/workspace/0.Jenkins_FullPipeLine@tmp/withMaven126d57b2/pipeline-maven-spy.jar" -Dorg.jenkinsci.plugins.pipeline.maven.reportsFolder="/var/lib/jenkins/workspace/0.Jenkins_FullPipeLine@tmp/withMaven126d57b2" 
[2020-04-13T06:53:39.794Z] 
[2020-04-13T06:53:39.794Z] Results :
[2020-04-13T06:53:39.794Z] 
[2020-04-13T06:53:39.794Z] Tests run: 0, Failures: 0, Errors: 0, Skipped: 0
[2020-04-13T06:53:39.794Z] 
[2020-04-13T06:53:39.794Z] [INFO] 
[2020-04-13T06:53:39.794Z] [INFO] --- maven-easyb-plugin:1.4:test (default) @ gameoflife-build ---
[2020-04-13T06:53:39.794Z] [INFO] /var/lib/jenkins/workspace/0.Jenkins_FullPipeLine/gameoflife-build/src/test/stories does not exists.  Skipping easyb testing
[2020-04-13T06:53:39.794Z] [INFO] 
[2020-04-13T06:53:39.794Z] [INFO] ---------------< com.wakaleo.gameoflife:gameoflife-core >---------------
[2020-04-13T06:53:39.794Z] [INFO] Building gameoflife-core 1.0-SNAPSHOT                              [3/4]
[2020-04-13T06:53:39.794Z] [INFO] --------------------------------[ jar ]---------------------------------
[2020-04-13T06:53:39.794Z] [INFO] 
[2020-04-13T06:53:39.794Z] [INFO] --- maven-enforcer-plugin:1.0:enforce (enforce-versions) @ gameoflife-core ---
[2020-04-13T06:53:39.794Z] [INFO] 
[2020-04-13T06:53:39.794Z] [INFO] --- maven-resources-plugin:2.6:resources (default-resources) @ gameoflife-core ---
[2020-04-13T06:53:39.794Z] [INFO] Using 'UTF-8' encoding to copy filtered resources.
[2020-04-13T06:53:39.794Z] [INFO] skip non existing resourceDirectory /var/lib/jenkins/workspace/0.Jenkins_FullPipeLine/gameoflife-core/src/main/resources
[2020-04-13T06:53:39.794Z] [INFO] 
[2020-04-13T06:53:39.794Z] [INFO] --- jacoco-maven-plugin:0.7.2.201409121644:prepare-agent (jacoco-initialize) @ gameoflife-core ---
[2020-04-13T06:53:39.794Z] [INFO] argLine set to -javaagent:/var/lib/jenkins/.m2/repository/org/jacoco/org.jacoco.agent/0.7.2.201409121644/org.jacoco.agent-0.7.2.201409121644-runtime.jar=destfile=/var/lib/jenkins/workspace/0.Jenkins_FullPipeLine/gameoflife-core/target/jacoco.exec
[2020-04-13T06:53:39.794Z] [INFO] 
[2020-04-13T06:53:39.794Z] [INFO] --- maven-compiler-plugin:3.1:compile (default-compile) @ gameoflife-core ---
[2020-04-13T06:53:39.794Z] [INFO] Nothing to compile - all classes are up to date
[2020-04-13T06:53:39.794Z] [INFO] 
[2020-04-13T06:53:39.794Z] [INFO] --- maven-resources-plugin:2.6:testResources (default-testResources) @ gameoflife-core ---
[2020-04-13T06:53:39.794Z] [INFO] Using 'UTF-8' encoding to copy filtered resources.
[2020-04-13T06:53:39.794Z] [INFO] skip non existing resourceDirectory /var/lib/jenkins/workspace/0.Jenkins_FullPipeLine/gameoflife-core/src/test/resources
[2020-04-13T06:53:39.794Z] [INFO] 
[2020-04-13T06:53:39.794Z] [INFO] --- maven-compiler-plugin:3.1:testCompile (default-testCompile) @ gameoflife-core ---
[2020-04-13T06:53:39.794Z] [INFO] Changes detected - recompiling the module!
[2020-04-13T06:53:39.794Z] [INFO] Compiling 10 source files to /var/lib/jenkins/workspace/0.Jenkins_FullPipeLine/gameoflife-core/target/test-classes
[2020-04-13T06:53:41.657Z] [INFO] 
[2020-04-13T06:53:41.657Z] [INFO] --- maven-surefire-plugin:2.11:test (default-test) @ gameoflife-core ---
[2020-04-13T06:53:41.657Z] [INFO] Tests are skipped.
[2020-04-13T06:53:41.657Z] [INFO] 
[2020-04-13T06:53:41.658Z] [INFO] --- maven-surefire-plugin:2.11:test (unit-tests) @ gameoflife-core ---
[2020-04-13T06:53:41.658Z] [INFO] Surefire report directory: /var/lib/jenkins/workspace/0.Jenkins_FullPipeLine/gameoflife-core/target/surefire-reports
[2020-04-13T06:53:41.658Z] 
[2020-04-13T06:53:41.658Z] -------------------------------------------------------
[2020-04-13T06:53:41.658Z]  T E S T S
[2020-04-13T06:53:41.658Z] -------------------------------------------------------
[2020-04-13T06:53:41.658Z] Picked up JAVA_TOOL_OPTIONS: -Dmaven.ext.class.path="/var/lib/jenkins/workspace/0.Jenkins_FullPipeLine@tmp/withMaven126d57b2/pipeline-maven-spy.jar" -Dorg.jenkinsci.plugins.pipeline.maven.reportsFolder="/var/lib/jenkins/workspace/0.Jenkins_FullPipeLine@tmp/withMaven126d57b2" 
[2020-04-13T06:53:43.004Z] Running com.wakaleo.gameoflife.domain.WhenYouPrintAGrid
[2020-04-13T06:53:43.004Z] Tests run: 3, Failures: 0, Errors: 0, Skipped: 0, Time elapsed: 0.302 sec
[2020-04-13T06:53:43.004Z] Running com.wakaleo.gameoflife.domain.WhenYouCreateACell
[2020-04-13T06:53:43.004Z] Tests run: 6, Failures: 0, Errors: 0, Skipped: 0, Time elapsed: 0 sec
[2020-04-13T06:53:43.004Z] Running com.wakaleo.gameoflife.domain.WhenYouCreateANewUniverse
[2020-04-13T06:53:43.004Z] Tests run: 11, Failures: 0, Errors: 0, Skipped: 0, Time elapsed: 0.029 sec
[2020-04-13T06:53:43.004Z] Running com.wakaleo.gameoflife.domain.WhenYouReadAGridFromAString
[2020-04-13T06:53:43.254Z] Tests run: 8, Failures: 0, Errors: 0, Skipped: 0, Time elapsed: 0.02 sec
[2020-04-13T06:53:43.255Z] Running com.wakaleo.gameoflife.domain.WhenYouCreateAGrid
[2020-04-13T06:53:43.255Z] Tests run: 16, Failures: 0, Errors: 0, Skipped: 0, Time elapsed: 0.051 sec
[2020-04-13T06:53:43.255Z] Running com.wakaleo.gameoflife.domain.WhenYouPlayTheGameOfLife
[2020-04-13T06:53:43.255Z] Tests run: 5, Failures: 0, Errors: 0, Skipped: 0, Time elapsed: 0.015 sec
[2020-04-13T06:53:43.255Z] 
[2020-04-13T06:53:43.255Z] Results :
[2020-04-13T06:53:43.255Z] 
[2020-04-13T06:53:43.255Z] Tests run: 49, Failures: 0, Errors: 0, Skipped: 0
[2020-04-13T06:53:43.255Z] 
[2020-04-13T06:53:43.255Z] [INFO] 
[2020-04-13T06:53:43.255Z] [INFO] --- maven-easyb-plugin:1.4:test (default) @ gameoflife-core ---
[2020-04-13T06:53:43.506Z] [INFO] artifact org.easyb:easyb-composite-groovy: checking for updates from central
[2020-04-13T06:53:44.418Z] [INFO] artifact org.easyb:easyb-ast: checking for updates from central
[2020-04-13T06:53:44.970Z] [INFO] Using easyb dependency org.easyb:easyb-core:jar:1.6:compile
[2020-04-13T06:53:44.970Z] [INFO] Using easyb dependency org.easyb:easyb-composite-groovy:pom:1.2:compile
[2020-04-13T06:53:44.970Z] [INFO] Using easyb dependency org.codehaus.groovy:groovy-all:jar:2.3.6:compile
[2020-04-13T06:53:44.970Z] [INFO] Using easyb dependency org.easyb:easyb-ast:jar:1.1:compile
[2020-04-13T06:53:44.970Z] [INFO] Using easyb dependency commons-cli:commons-cli:jar:1.2:compile
[2020-04-13T06:53:44.970Z] [INFO] Using easyb dependency commons-lang:commons-lang:jar:2.5:compile
[2020-04-13T06:53:45.221Z]      [java] Picked up JAVA_TOOL_OPTIONS: -Dmaven.ext.class.path="/var/lib/jenkins/workspace/0.Jenkins_FullPipeLine@tmp/withMaven126d57b2/pipeline-maven-spy.jar" -Dorg.jenkinsci.plugins.pipeline.maven.reportsFolder="/var/lib/jenkins/workspace/0.Jenkins_FullPipeLine@tmp/withMaven126d57b2" 
[2020-04-13T06:53:47.092Z]      [java] Running multiplying things story (/var/lib/jenkins/workspace/0.Jenkins_FullPipeLine/gameoflife-core/src/test/stories/MultiplyingThings.story)
[2020-04-13T06:53:47.643Z]      [java] Scenarios run: 1, Failures: 0, Pending: 1, Time elapsed: 0.769 sec
[2020-04-13T06:53:47.643Z]      [java] Running counting things story (/var/lib/jenkins/workspace/0.Jenkins_FullPipeLine/gameoflife-core/src/test/stories/CountingThings.story)
[2020-04-13T06:53:47.894Z]      [java] Scenarios run: 1, Failures: 0, Pending: 0, Time elapsed: 0.141 sec
[2020-04-13T06:53:47.894Z]      [java] 2 total behaviors ran with no failures
[2020-04-13T06:53:49.756Z]      [java] Writing JUnit report to /var/lib/jenkins/workspace/0.Jenkins_FullPipeLine/gameoflife-core/target/surefire-reports/TEST-behavior.MultiplyingThings.xml
[2020-04-13T06:53:49.756Z]      [java] JUnit report written to /var/lib/jenkins/workspace/0.Jenkins_FullPipeLine/gameoflife-core/target/surefire-reports/TEST-behavior.MultiplyingThings.xml
[2020-04-13T06:53:49.756Z]      [java] Writing JUnit report to /var/lib/jenkins/workspace/0.Jenkins_FullPipeLine/gameoflife-core/target/surefire-reports/TEST-behavior.CountingThings.xml
[2020-04-13T06:53:49.756Z]      [java] JUnit report written to /var/lib/jenkins/workspace/0.Jenkins_FullPipeLine/gameoflife-core/target/surefire-reports/TEST-behavior.CountingThings.xml
[2020-04-13T06:53:50.006Z] [INFO] 
[2020-04-13T06:53:50.006Z] [INFO] ---------------< com.wakaleo.gameoflife:gameoflife-web >----------------
[2020-04-13T06:53:50.006Z] [INFO] Building gameoflife-web 1.0-SNAPSHOT                               [4/4]
[2020-04-13T06:53:50.006Z] [INFO] --------------------------------[ war ]---------------------------------
[2020-04-13T06:53:50.257Z] [INFO] 
[2020-04-13T06:53:50.257Z] [INFO] --- maven-enforcer-plugin:1.0:enforce (enforce-versions) @ gameoflife-web ---
[2020-04-13T06:53:50.257Z] [INFO] 
[2020-04-13T06:53:50.257Z] [INFO] --- maven-resources-plugin:2.6:resources (default-resources) @ gameoflife-web ---
[2020-04-13T06:53:50.257Z] [INFO] Using 'UTF-8' encoding to copy filtered resources.
[2020-04-13T06:53:50.257Z] [INFO] Copying 1 resource
[2020-04-13T06:53:50.257Z] [INFO] 
[2020-04-13T06:53:50.257Z] [INFO] --- jacoco-maven-plugin:0.7.2.201409121644:prepare-agent (jacoco-initialize) @ gameoflife-web ---
[2020-04-13T06:53:50.257Z] [INFO] argLine set to -javaagent:/var/lib/jenkins/.m2/repository/org/jacoco/org.jacoco.agent/0.7.2.201409121644/org.jacoco.agent-0.7.2.201409121644-runtime.jar=destfile=/var/lib/jenkins/workspace/0.Jenkins_FullPipeLine/gameoflife-web/target/jacoco.exec
[2020-04-13T06:53:50.257Z] [INFO] 
[2020-04-13T06:53:50.257Z] [INFO] --- maven-compiler-plugin:3.1:compile (default-compile) @ gameoflife-web ---
[2020-04-13T06:53:50.257Z] [INFO] Nothing to compile - all classes are up to date
[2020-04-13T06:53:50.257Z] [INFO] 
[2020-04-13T06:53:50.257Z] [INFO] --- maven-resources-plugin:2.6:testResources (default-testResources) @ gameoflife-web ---
[2020-04-13T06:53:50.257Z] [INFO] Using 'UTF-8' encoding to copy filtered resources.
[2020-04-13T06:53:50.257Z] [INFO] skip non existing resourceDirectory /var/lib/jenkins/workspace/0.Jenkins_FullPipeLine/gameoflife-web/src/test/resources
[2020-04-13T06:53:50.257Z] [INFO] 
[2020-04-13T06:53:50.258Z] [INFO] --- maven-compiler-plugin:3.1:testCompile (default-testCompile) @ gameoflife-web ---
[2020-04-13T06:53:50.258Z] [INFO] Changes detected - recompiling the module!
[2020-04-13T06:53:50.258Z] [INFO] Compiling 3 source files to /var/lib/jenkins/workspace/0.Jenkins_FullPipeLine/gameoflife-web/target/test-classes
[2020-04-13T06:53:50.508Z] [INFO] 
[2020-04-13T06:53:50.508Z] [INFO] --- maven-surefire-plugin:2.11:test (default-test) @ gameoflife-web ---
[2020-04-13T06:53:50.508Z] [INFO] Tests are skipped.
[2020-04-13T06:53:50.508Z] [INFO] 
[2020-04-13T06:53:50.508Z] [INFO] --- maven-surefire-plugin:2.11:test (unit-tests) @ gameoflife-web ---
[2020-04-13T06:53:50.508Z] [INFO] Surefire report directory: /var/lib/jenkins/workspace/0.Jenkins_FullPipeLine/gameoflife-web/target/surefire-reports
[2020-04-13T06:53:50.508Z] 
[2020-04-13T06:53:50.508Z] -------------------------------------------------------
[2020-04-13T06:53:50.508Z]  T E S T S
[2020-04-13T06:53:50.509Z] -------------------------------------------------------
[2020-04-13T06:53:50.509Z] Picked up JAVA_TOOL_OPTIONS: -Dmaven.ext.class.path="/var/lib/jenkins/workspace/0.Jenkins_FullPipeLine@tmp/withMaven126d57b2/pipeline-maven-spy.jar" -Dorg.jenkinsci.plugins.pipeline.maven.reportsFolder="/var/lib/jenkins/workspace/0.Jenkins_FullPipeLine@tmp/withMaven126d57b2" 
[2020-04-13T06:53:51.421Z] Running com.wakaleo.gameoflife.webtests.controllers.WhenSpawningANewGeneration
[2020-04-13T06:53:52.332Z] Tests run: 2, Failures: 0, Errors: 0, Skipped: 0, Time elapsed: 0.898 sec
[2020-04-13T06:53:52.332Z] Running com.wakaleo.gameoflife.webtests.controllers.WhenCreatingANewGame
[2020-04-13T06:53:52.584Z] Tests run: 3, Failures: 0, Errors: 0, Skipped: 0, Time elapsed: 0.064 sec
[2020-04-13T06:53:52.584Z] Running com.wakaleo.gameoflife.webtests.controllers.WhenDisplayingTheHomePage
[2020-04-13T06:53:52.584Z] Tests run: 2, Failures: 0, Errors: 0, Skipped: 0, Time elapsed: 0.001 sec
[2020-04-13T06:53:52.584Z] 
[2020-04-13T06:53:52.584Z] Results :
[2020-04-13T06:53:52.584Z] 
[2020-04-13T06:53:52.584Z] Tests run: 7, Failures: 0, Errors: 0, Skipped: 0
[2020-04-13T06:53:52.584Z] 
[2020-04-13T06:53:52.584Z] [INFO] 
[2020-04-13T06:53:52.584Z] [INFO] --- maven-easyb-plugin:1.4:test (default) @ gameoflife-web ---
[2020-04-13T06:53:52.584Z] [INFO] /var/lib/jenkins/workspace/0.Jenkins_FullPipeLine/gameoflife-web/src/test/stories does not exists.  Skipping easyb testing
[2020-04-13T06:53:52.584Z] [INFO] ------------------------------------------------------------------------
[2020-04-13T06:53:52.584Z] [INFO] Reactor Summary for gameoflife 1.0-SNAPSHOT:
[2020-04-13T06:53:52.584Z] [INFO] 
[2020-04-13T06:53:52.584Z] [INFO] gameoflife ......................................... SUCCESS [01:01 min]
[2020-04-13T06:53:52.584Z] [INFO] gameoflife-build ................................... SUCCESS [  1.360 s]
[2020-04-13T06:53:52.584Z] [INFO] gameoflife-core .................................... SUCCESS [ 10.321 s]
[2020-04-13T06:53:52.584Z] [INFO] gameoflife-web ..................................... SUCCESS [  2.484 s]
[2020-04-13T06:53:52.584Z] [INFO] ------------------------------------------------------------------------
[2020-04-13T06:53:52.584Z] [INFO] BUILD SUCCESS
[2020-04-13T06:53:52.584Z] [INFO] ------------------------------------------------------------------------
[2020-04-13T06:53:52.584Z] [INFO] Total time:  01:16 min
[2020-04-13T06:53:52.584Z] [INFO] Finished at: 2020-04-13T12:23:52+05:30
[2020-04-13T06:53:52.584Z] [INFO] ------------------------------------------------------------------------
[2020-04-13T06:53:52.584Z] [INFO] [jenkins-event-spy] Generated /var/lib/jenkins/workspace/0.Jenkins_FullPipeLine@tmp/withMaven126d57b2/maven-spy-20200413-122235-8226676648525544576673.log
[2020-04-13T06:53:52.624Z] [8mha:////4Bq8CDz++eJ4RHJ43Q+p4iKEuRi3ZUyy8t11jOr+QCGNAAAApR+LCAAAAAAAAP9tjTEOwjAQBC9BFLSUPOIiIUSDqNJabniBiY1xYt0Z2yGpeBFf4w8EIlGxxWpnm3m+YJkiHDlabA11jlLjMPjeTgsHjt3F84Atn7FhSuwNSjNI1qaeUXI2MKcoYSFgZajxnBzZDGvRqruqvCJbnXKcvoOA0ukbPKAQkzmrmL8wRthce52Yfp6/AhhDhnK7+9Q+vAG8UfaPvgAAAA==[0m[Pipeline] junit
[2020-04-13T06:53:52.654Z] Recording test results
[2020-04-13T06:53:52.682Z] No test report files were found. Configuration error?
[2020-04-13T06:53:52.695Z] [8mha:////4HJz1CMtaAkXqca+UKUTE1eakgS/YIs1UY4xDLwPMy08AAAApR+LCAAAAAAAAP9tjTEOwjAQBC9BFLSUPOIiISQKRJXWcsMLTGyME+vO2A5JxYv4Gn8gEImKLVY728zzBcsU4cjRYmuoc5Qah8H3dlo4cOwungds+YwNU2JvUJpBsjb1jJKzgTlFCQsBK0ON5+TIZliLVt1V5RXZ6pTj9B0ElE7f4AGFmMxZxfyFMcLm2uvE9PP8FcAYQoZyu//U7g1GGkcWvgAAAA==[0m[Pipeline] }
[2020-04-13T06:53:52.806Z] [withMaven] artifactsPublisher - Archive artifact pom.xml under com/wakaleo/gameoflife/gameoflife/1.0-SNAPSHOT/gameoflife-1.0-SNAPSHOT.pom
[2020-04-13T06:53:52.806Z] [withMaven] artifactsPublisher - Archive artifact gameoflife-build/pom.xml under com/wakaleo/gameoflife/gameoflife-build/1.0-SNAPSHOT/gameoflife-build-1.0-SNAPSHOT.pom
[2020-04-13T06:53:52.806Z] [withMaven] artifactsPublisher - Archive artifact gameoflife-core/pom.xml under com/wakaleo/gameoflife/gameoflife-core/1.0-SNAPSHOT/gameoflife-core-1.0-SNAPSHOT.pom
[2020-04-13T06:53:52.807Z] [withMaven] artifactsPublisher - Archive artifact gameoflife-web/pom.xml under com/wakaleo/gameoflife/gameoflife-web/1.0-SNAPSHOT/gameoflife-web-1.0-SNAPSHOT.pom
[2020-04-13T06:53:52.867Z] [withMaven] junitPublisher - Archive test results for Maven artifact com.wakaleo.gameoflife:gameoflife:pom:1.0-SNAPSHOT generated by maven-surefire-plugin:test (unit-tests): target/surefire-reports/*.xml
[2020-04-13T06:53:52.867Z] [withMaven] junitPublisher - Archive test results for Maven artifact com.wakaleo.gameoflife:gameoflife-build:jar:1.0-SNAPSHOT generated by maven-surefire-plugin:test (default-test): gameoflife-build/target/surefire-reports/*.xml
[2020-04-13T06:53:52.870Z] [withMaven] junitPublisher - Archive test results for Maven artifact com.wakaleo.gameoflife:gameoflife-build:jar:1.0-SNAPSHOT generated by maven-surefire-plugin:test (unit-tests): gameoflife-build/target/surefire-reports/*.xml
[2020-04-13T06:53:52.870Z] [withMaven] junitPublisher - Archive test results for Maven artifact com.wakaleo.gameoflife:gameoflife-core:jar:1.0-SNAPSHOT generated by maven-surefire-plugin:test (default-test): gameoflife-core/target/surefire-reports/*.xml
[2020-04-13T06:53:52.870Z] [withMaven] junitPublisher - Archive test results for Maven artifact com.wakaleo.gameoflife:gameoflife-core:jar:1.0-SNAPSHOT generated by maven-surefire-plugin:test (unit-tests): gameoflife-core/target/surefire-reports/*.xml
[2020-04-13T06:53:52.870Z] [withMaven] junitPublisher - Archive test results for Maven artifact com.wakaleo.gameoflife:gameoflife-web:war:1.0-SNAPSHOT generated by maven-surefire-plugin:test (default-test): gameoflife-web/target/surefire-reports/*.xml
[2020-04-13T06:53:52.870Z] [withMaven] junitPublisher - Archive test results for Maven artifact com.wakaleo.gameoflife:gameoflife-web:war:1.0-SNAPSHOT generated by maven-surefire-plugin:test (unit-tests): gameoflife-web/target/surefire-reports/*.xml
[2020-04-13T06:53:52.875Z] [withMaven] junitPublisher - Jenkins [8mha:////4H0kOZ2Mp7Jqx5CS7xHN1c8p5HimQU2Ed88buk40PMcuAAAAwR+LCAAAAAAAAP9djEsKwjAUAJ8VPYArEW9QbHYuFBeigj+KIB4g1JC+Nr6E5NXPNbyGbjyEx/EOKu6czcxq7i9oBA/dvNoHS0lmKVijkvnFKW+QytSy6o9uj9HVPSOIFtA0ijTna6hX3jC01oU8SmEkabFlj6SHZw+dv93k5+8MftQigLP7RJthmjO7MBDihCUmhaISKfQyTKzXYo/BGXkRy1m6WqRbsdwRcjxmlll+UMQh3phKI70B4ncifskAAAA=[0mJUnit Attachments Plugin not found, can't publish test attachments.Recording test results
[2020-04-13T06:53:53.272Z] [withMaven] Jenkins [8mha:////4Ch+uOPnkFD/20dfVl45TojaedgwCpClzsk4MxaS1O1nAAAAtR+LCAAAAAAAAP9djDEKwjAUQL8V3VwcxRsIzaSD0qkItpYi9ATBhvS34SckqbbX8Bq6eAiP4x1UuvmW96b3eMPEWVhWbek0hWdNTisRHnojrEJqcu3FJro/o5t5BRAkMFWCpK8yGLdWeZhnNb9wpjhJVniLJHedhcXfLh78m8HAKADozDdmHtaV98ZtGbtig2EtqEFyIWpWojOK9yzd58ckL1jKYx3r1Um1EukDI3SJ17oAAAA=[0mJaCoCo Plugin not found, don't display org.jacoco:jacoco-maven-plugin:findbugs results in pipeline screen.
[2020-04-13T06:53:53.274Z] [withMaven] Jenkins [8mha:////4A6k7nFBUgdTY5D74cEfX9bqXzv5XP8Hla+vtR3JaxPxAAAAvB+LCAAAAAAAAP9djMEJwjAUQL8VHUBv4gbF5uZBKR5EsFqKUBcIbUjThJ+QpNqu4Rp6cQjHcQeV3nyX907v8YaRszCvmtJpjAqNTisW7TvDrBIoM+3ZMr4/45t5BRAkMFYMua9SGDZWeZikNb1QoihyknsrkK9bC7O/3bb3bwY9gwCgNd+YethU3hu3IuQqpIhqhlKgWxQi0paTUjijaEcOu+yYZDk5UyfDvKCIzIYn1XCBHwby8vjEAAAA[0mTask Scanner Plugin not found, don't display results of source code scanning for 'TODO' and 'FIXME' in pipeline screen.
[2020-04-13T06:53:53.275Z] [withMaven] Publishers: Pipeline Graph Publisher: 41 ms, Generated Artifacts Publisher: 58 ms, Junit Publisher: 400 ms, Dependencies Fingerprint Publisher: 1 ms, JGiven Publisher: 3 ms, Jacoco Publisher: 1 ms, Open Task Scanner Publisher: 1 ms
[2020-04-13T06:53:53.281Z] [8mha:////4OT0E8i/j9cFH2BGHBkD6Kfpi18dy4DI3VfsTd01hZeQAAAApR+LCAAAAAAAAP9tjTEOwjAQBC9BFLSUPOIiQYOEqNJabniBiY1xYt0Z2yGpeBFf4w8EIlGxxWpnm3m+YJkiHDlabA11jlLjMPjeTgsHjt3F84Atn7FhSuwNSjNI1qaeUXI2MKcoYSFgZajxnBzZDGvRqruqvCJbnXKcvoOA0ukbPKAQkzmrmL8wRthce52Yfp6/AhhDyFBu95/avQEwPXV5vgAAAA==[0m[Pipeline] // withMaven
[2020-04-13T06:53:53.302Z] [8mha:////4HF8gsXtStK00pHRNLPRkOnYGn1zIyvdgpzYCLAwQpI0AAAApB+LCAAAAAAAAP9tjbEOwiAURV9rHFwd/QiadDPGyZWw+AXYIkLJexSodPKL/DX/QbSJk3e4uecu5/mCdQxwpKCZVTgYjJ1h3k26LJYpDFdHmVm6sI4wklNMqCyoV6cFBSUFS6oaVhw2CjtH0aBOsOVW3mXjJOrmnEL5Dhxq04/wgIoXc5IhfWEOsLtNfST8ef4KYPY+Qd3uP9W+AQPeLsW+AAAA[0m[Pipeline] }
[2020-04-13T06:53:53.344Z] [8mha:////4Ctw0wjgw/T7hkVTuxXmlgngqeEzBmMxZ123LelfDXNQAAAApB+LCAAAAAAAAP9tjTsOwjAQRDdBFLSUHGLDp0SpaC03nMAkxjixdoPt4FSciKtxBywiUTHFaN407/WGZfBQszfYaeothcbi4EaTFyb2/dVxwo4v2DAFdhqlTpJbfZpRctQwpyhhIWClqXEcLJkIa9Gph6qcIlOdo8/fUUBp2zs8oRDZHJWPX5g8bG5jG5h+nr8CmIYhQnnY5trvPsXVX92+AAAA[0m[Pipeline] // stage
[2020-04-13T06:53:53.359Z] [8mha:////4OzIzH0t93lSATgzSXXqkjMyRe9R/enHyHb44hDtOVKxAAAAox+LCAAAAAAAAP9tjTEOwjAQBDdBFLSUPMIRgg5R0VppeIFJjHFi3QX7QlLxIr7GH4iIRMVWO9PM641lijhydKqx1HpKlVdd6N301MCxvQYeVMMXVTElDlaVdii5tqcZSxaLeVmOhcbKUhU4eXKCtW7MwxTBkCvOEid30Mh9fccTmZ7KYqJ8YYzY3Po6Mf06fwMYu06Q77aCbP8BPqPtor0AAAA=[0m[Pipeline] }
[2020-04-13T06:53:53.415Z] [8mha:////4LqRpmvAB/9SS4c04LmBYomjz1bovQEkxA2hc569bA1eAAAAoh+LCAAAAAAAAP9tjbEOgjAURS8YB1dHP6IkMhon14bFL6hQa6F5D9uHMPlF/pr/IJHEyTvdc5bzemOdIo4cnWotdZ5S7VUfBjc/NXLsroFH1fJF1UyJg1WVHStu7GnBisViWZZjpbGxVAdOnpxgq1vzMEUw5IqzxNkdNHLf3PFEpueymChfmCJ2t6FJTL/O3wCmvhfk5V6QlR9NTCl7vQAAAA==[0m[Pipeline] // node
[2020-04-13T06:53:53.442Z] [8mha:////4KacCylQwfWgEE3FAN4KFCZ4eZ6ZAtj23wWNSVWrnRovAAAAoh+LCAAAAAAAAP9tjbEOgjAURS8YB1dHP6IkMhon14bFL6hQa6F5D9uHMPlF/pr/IJHEyTvdc5bzemOdIo4cnWotdZ5S7VUfBjc/NXLsroFH1fJF1UyJg1WVHStu7GnBisViWZZjpbGxVAdOnpxgq1vzMEUw5IqzxNkdNHLf3PFEpueymChfmCJ2t6FJTL/O3wCmvhfkZSnI9h9rVU4xvQAAAA==[0m[Pipeline] End of Pipeline
[2020-04-13T06:53:53.476Z] ERROR: No test report files were found. Configuration error?
[2020-04-13T06:53:53.476Z] Finished: FAILURE
