[2020-04-10T04:10:49.769Z] Started by user [8mha:////4IMMv8T2XIKwgqbrGOhOzF4+E7SeVBm4zoNrNbmggpHXAAAAlx+LCAAAAAAAAP9b85aBtbiIQTGjNKU4P08vOT+vOD8nVc83PyU1x6OyILUoJzMv2y+/JJUBAhiZGBgqihhk0NSjKDWzXb3RdlLBUSYGJk8GtpzUvPSSDB8G5tKinBIGIZ+sxLJE/ZzEvHT94JKizLx0a6BxUmjGOUNodHsLgAzWEgZu/dLi1CL9xJTczDwAj6GcLcAAAAA=[0madmin
[2020-04-10T04:10:49.775Z] Running in Durability level: MAX_SURVIVABILITY
[2020-04-10T04:10:50.183Z] [8mha:////4HkCTMbguUsNbCviI6jbUHTimscQdH79/E8CCyAshF9uAAAAoh+LCAAAAAAAAP9tjTEOwjAQBM8BClpKHuFItIiK1krDC0x8GCfWnbEdkooX8TX+gCESFVvtrLSa5wtWKcKBo5UdUu8otU4GP9jS5Mixv3geZcdn2TIl9igbHBs2eJyx4YwwR1SwULBGaj0nRzbDRnX6rmuvydanHMu2V1A5c4MHCFXMWcf8hSnC9jqYxPTz/BXAFEIGsfuclm8zQVqFvQAAAA==[0m[Pipeline] Start of Pipeline
[2020-04-10T04:10:50.625Z] [8mha:////4FYj6x4qxNGl+3P432fNY2HeiK28Y3Uw/2z4UscDx0dfAAAApR+LCAAAAAAAAP9tjTEOwjAUQ3+KOrAycohUghExsUZZOEFIQkgb/d8mKe3EibgadyBQiQlLlmxL1nu+oE4RjhQdby12HpP2vA+jK4lPFLtroIm3dOGaMFGwXNpJkrGnpUrKFhaxClYC1hZ1oOTRZdiIVt1VExS65pxj2Q4CKm8GeAAThZxVzN8yR9jeRpMIf5y/AJj7DGxXvP/86jduZBmjwAAAAA==[0m[Pipeline] node
[2020-04-10T04:10:50.676Z] Running on [8mha:////4Nbi4X6v9wHiBbajrPyD5IFr5y5ik4Po7OXFngleXFUKAAAAnh+LCAAAAAAAAP9b85aBtbiIQTGjNKU4P08vOT+vOD8nVc83PyU1x6OyILUoJzMv2y+/JJUBAhiZGBgqihhk0NSjKDWzXb3RdlLBUSYGJk8GtpzUvPSSDB8G5tKinBIGIZ+sxLJE/ZzEvHT94JKizLx0a6BxUmjGOUNodHsLgAz2EgZh/eT83ILSktQifY3cxGIgrakPAHib2iPIAAAA[0mJenkins in /var/lib/jenkins/workspace/0.ApplicationGroovyPipeLine
[2020-04-10T04:10:50.786Z] [8mha:////4Cw25TOrn2s1G6TaNvbzasdH9l7ksnngnCzuLjNik6qiAAAApR+LCAAAAAAAAP9tjTEOwjAUQ3+KOrAycoh0gA0xsUZZOEFIQkgb/d8mKe3EibgadyBQiQlLlmxL1nu+oE4RjhQdby12HpP2vA+jK4lPFLtroIm3dOGaMFGwXNpJkrGnpUrKFhaxClYC1hZ1oOTRZdiIVt1VExS65pxj2Q4CKm8GeAAThZxVzN8yR9jeRpMIf5y/AJj7DGxXvP/86jfoP95RwAAAAA==[0m[Pipeline] {
[2020-04-10T04:10:51.571Z] [8mha:////4CJfidGOy+7O32LyggUqwGsd+5YIj+Q4lxu2S1msNPv3AAAAoh+LCAAAAAAAAP9tjTEOAiEURD9rLGwtPQTbaGWsbAmNJ0AWEZb8zwLrbuWJvJp3kLiJlZNMMm+a93rDOic4UbLcG+wdZu14DKOti0+U+lugiXu6ck2YKRguzSSpM+cFJRUDS1gDKwEbgzpQdmgLbIVXD9UGhba9lFS/o4DGdQM8gYlqLiqVL8wJdvexy4Q/z18BzLEA29ce4gdpL1fxvAAAAA==[0m[Pipeline] properties
[2020-04-10T04:10:51.762Z] [8mha:////4NxAQCU3Ee+QaADc/sLgDXlwCJh/aSUXB7Jcr8zMoPpyAAAAph+LCAAAAAAAAP9tjTEOwjAUQ3+KOrAycoh0QSyIiTXKwglCEkLa6P82SWknTsTVuAOBSkxYsmRbst7zBXWKcKToeGux85i0530YXUl8othdA028pQvXhImC5dJOkow9LVVStrCIVbASsLaoAyWPLsNGtOqumqDQNeccy3YQUHkzwAOYKOSsYv6WOcL2NppE+OP8BcDcZ2C74v3nV78BmoXK/sAAAAA=[0m[Pipeline] stage
[2020-04-10T04:10:51.782Z] [8mha:////4P1Ig47cS23iXMbd5J2+hxTohys5e5IGr/GbqwVTgr+zAAAApR+LCAAAAAAAAP9tjTEOwjAUQ3+KOrAycoh0gwExsUZZOEFIQkgb/d8mKe3EibgadyBQiQlLlmxL1nu+oE4RjhQdby12HpP2vA+jK4lPFLtroIm3dOGaMFGwXNpJkrGnpUrKFhaxClYC1hZ1oOTRZdiIVt1VExS65pxj2Q4CKm8GeAAThZxVzN8yR9jeRpMIf5y/AJj7DGxXvP/86jcChmMxwAAAAA==[0m[Pipeline] { (Checkout)
[2020-04-10T04:10:51.925Z] [8mha:////4CYn5rqLlUkm4lGBbpqee6QLGkeLstmkeATx7qlN/06UAAAAoh+LCAAAAAAAAP9tjTEOAiEURD9rLGwtPQRbamKsbAmNJ0AWEZb8zwLrbuWJvJp3kLiJlZNMMm+a93rDOic4UbLcG+wdZu14DKOti0+U+lugiXu6ck2YKRguzSSpM+cFJRUDS1gDKwEbgzpQdmgLbIVXD9UGhba9lFS/o4DGdQM8gYlqLiqVL8wJdvexy4Q/z18BzLEA29ce4geKI23CvAAAAA==[0m[Pipeline] cleanWs
[2020-04-10T04:10:51.947Z] [WS-CLEANUP] Deleting project workspace...
[2020-04-10T04:10:51.952Z] [WS-CLEANUP] Deferred wipeout is used...
[2020-04-10T04:10:52.042Z] [WS-CLEANUP] done
[2020-04-10T04:10:52.093Z] [8mha:////4HMR/5senrtMcln6vTR5YgpVtNStC3FnDKp+Tcq7aQQaAAAAoh+LCAAAAAAAAP9tjTEOAiEURD9rLGwtPQRbGmOsbAmNJ0AWEZb8zwLrbuWJvJp3kLiJlZNMMm+a93rDOic4UbLcG+wdZu14DKOti0+U+lugiXu6ck2YKRguzSSpM+cFJRUDS1gDKwEbgzpQdmgLbIVXD9UGhba9lFS/o4DGdQM8gYlqLiqVL8wJdvexy4Q/z18BzLEA29ce4gfLEnbbvAAAAA==[0m[Pipeline] git
[2020-04-10T04:10:52.125Z] No credentials specified
[2020-04-10T04:10:52.126Z] Cloning the remote Git repository
[2020-04-10T04:10:52.128Z] Cloning repository https://github.com/rrahul4/DevOpsClassCodes
[2020-04-10T04:10:52.130Z]  > git init /var/lib/jenkins/workspace/0.ApplicationGroovyPipeLine # timeout=10
[2020-04-10T04:10:52.192Z] Fetching upstream changes from https://github.com/rrahul4/DevOpsClassCodes
[2020-04-10T04:10:52.192Z]  > git --version # timeout=10
[2020-04-10T04:10:52.203Z]  > git fetch --tags --progress -- https://github.com/rrahul4/DevOpsClassCodes +refs/heads/*:refs/remotes/origin/* # timeout=10
[2020-04-10T04:11:06.292Z]  > git config remote.origin.url https://github.com/rrahul4/DevOpsClassCodes # timeout=10
[2020-04-10T04:11:06.297Z]  > git config --add remote.origin.fetch +refs/heads/*:refs/remotes/origin/* # timeout=10
[2020-04-10T04:11:06.303Z]  > git config remote.origin.url https://github.com/rrahul4/DevOpsClassCodes # timeout=10
[2020-04-10T04:11:06.315Z] Fetching upstream changes from https://github.com/rrahul4/DevOpsClassCodes
[2020-04-10T04:11:06.315Z]  > git fetch --tags --progress -- https://github.com/rrahul4/DevOpsClassCodes +refs/heads/*:refs/remotes/origin/* # timeout=10
[2020-04-10T04:11:10.083Z]  > git rev-parse refs/remotes/origin/master^{commit} # timeout=10
[2020-04-10T04:11:10.089Z]  > git rev-parse refs/remotes/origin/origin/master^{commit} # timeout=10
[2020-04-10T04:11:10.099Z] Checking out Revision a29c7ecd9516bcd0a0768fa6befad1bb5dc2dc76 (refs/remotes/origin/master)
[2020-04-10T04:11:10.099Z]  > git config core.sparsecheckout # timeout=10
[2020-04-10T04:11:10.110Z]  > git checkout -f a29c7ecd9516bcd0a0768fa6befad1bb5dc2dc76 # timeout=10
[2020-04-10T04:11:10.128Z]  > git branch -a -v --no-abbrev # timeout=10
[2020-04-10T04:11:10.139Z]  > git checkout -b master a29c7ecd9516bcd0a0768fa6befad1bb5dc2dc76 # timeout=10
[2020-04-10T04:11:10.156Z] Commit message: "Fixing Groovy Script"
[2020-04-10T04:11:10.156Z]  > git rev-list --no-walk a29c7ecd9516bcd0a0768fa6befad1bb5dc2dc76 # timeout=10
[2020-04-10T04:11:10.195Z] [8mha:////4HnFljV0yerv8dd46SPPMtkUUnQ8mtS5vm2MNT6UAY8pAAAAox+LCAAAAAAAAP9tjTESgjAQRT84FraWHiJoZeFY2WZoPEGEGAOZXUwWofJEXs07yMiMlb/67zXv9cYyRRw5OtVYaj2lyqsu9G56auDYXgMPquGLqpgSB6tKO5Rc29OMJYvFvCzHQmNlqQqcPDnBWjfmYYpgyBVniZM7aOS+vuOJTE9lMVG+MEZsbn2dmH6dvwGMXSfId1tBtv8AP3pMS70AAAA=[0m[Pipeline] }
[2020-04-10T04:11:10.226Z] [8mha:////4FCXIrRFWCpIiF/Ny3J6lQqdhVR07/FG0aZ359ckDGwsAAAAox+LCAAAAAAAAP9tjTESgjAQRT84FraWHiIMjY1jZZuh8QQRYgxkdjFZhMoTeTXvICMzVv7qv9e81xvrFHHk6FRrqfOUaq/6MLj5qZFjdw08qpYvqmZKHKyq7FhxY08LViwWy7IcK42NpTpw8uQEW92ahymCIVecJc7uoJH75o4nMj2XxUT5whSxuw1NYvp1/gYw9b0gL0tBtv8AGWMrAb0AAAA=[0m[Pipeline] // stage
[2020-04-10T04:11:10.310Z] [8mha:////4H7px8MgWfIuxEYycqll1pyR8vyvfKmbXe3uEK1XgAu3AAAAph+LCAAAAAAAAP9tjTEOwjAQBM9BKWgpeYQjEB2iorXc8AITG+PEugv2haTiRXyNPxCIRMVWOyut5vmCMic4UPKycdgGzHWQXez91ORAqb1EGmRDZ1kTZopOajdosu44oyZ2MEcUsFCwdFhHygE9w0o15m6qaNBXJ07TtldQBHuDBwg1mdkk/sKYYH3tbSb8ef4KYOwYxI6h2Gw/x/INvUXiHMEAAAA=[0m[Pipeline] stage
[2020-04-10T04:11:10.359Z] [8mha:////4AC+/jOWgjw18JZZB4Vn4kXgrrJgSOASdANvqT4ax1amAAAAph+LCAAAAAAAAP9tjTEOwjAUQ3+LOrAycohUwIiYukZZOEFoQkgb/V9+UtqJE3E17kBLJSY8WLYl673eUESGE7ETjcXWY6y96ELvpiQG4vYaaBANXURNGClYoeygyNhqqYqShUVZDisJa4t1oOjRJdjIRj90GTS68px42o4Scm/u8IRMTuSkOX3LyLC99SYS/jh/ATB2CfLdfrbD/Cw+y7kUycIAAAA=[0m[Pipeline] { (Compile)
[2020-04-10T04:11:10.450Z] [8mha:////4FjcDgfBW/Y91/N2qfYhz3E7sFyHKtFJy6XqqwtunynWAAAApx+LCAAAAAAAAP9tjTEOwjAUQ3+LOrAycohUCDbE1DXKwglCE0La6P/yk9JOnIircQdaKjHhwbItWe/1hiIynIidaCy2HmPtRRd6NyUxELfXQINo6CJqwkjBCmUHRcZWS1WULCzKclhJWFusA0WPLsFGNvqhy6DRlefE03aUkHtzhydkciInzelbRobtrTeR8Mf5C4CxS5Dv9rMd5mfxAbNWnxXCAAAA[0m[Pipeline] withMaven
[2020-04-10T04:11:10.458Z] [withMaven] Options: []
[2020-04-10T04:11:10.459Z] [withMaven] Available options: 
[2020-04-10T04:11:10.459Z] [withMaven] using JDK installation provided by the build agent
[2020-04-10T04:11:10.562Z] [withMaven] using Maven installation 'MyMaven'
[2020-04-10T04:11:10.598Z] [8mha:////4CWO7pcwHvL/fy2iuItgRsXTT+QdVARTrL/RiLmK4LslAAAApx+LCAAAAAAAAP9tjTEOwjAUQ3+LOrAycohUSDAhpq5RFk4QmhDSRv+Xn5R24kRcjTvQUokJD5ZtyXqvNxSR4UTsRGOx9RhrL7rQuymJgbi9BhpEQxdRE0YKVig7KDK2WqqiZGFRlsNKwtpiHSh6dAk2stEPXQaNrjwnnrajhNybOzwhkxM5aU7fMjJsb72JhD/OXwCMXYJ8t5/tMD+LD5WQ+PfCAAAA[0m[Pipeline] {
[2020-04-10T04:11:10.614Z] [8mha:////4A+nostiqBG9ubXXWC4dNmj8z1KBpqHdXpYqBDAhexuRAAAApB+LCAAAAAAAAP9tjTEOwjAQBC9BFLSUPOIiCmgQVVrLDS8wsTFOrDtjOyQVL+Jr/IFAJCq2WO1sM88XLFOEI0eLraHOUWocBt/baeHAsbt4HrDlMzZMib1BaQbJ2tQzSs4G5hQlLASsDDWekyObYS1adVeVV2SrU47TdxBQOn2DBxRiMmcV8xfGCJtrrxPTz/NXAGPIUG53n9qHN7LjSKW+AAAA[0m[Pipeline] sh
[2020-04-10T04:11:11.019Z] + mvn compile
[2020-04-10T04:11:11.019Z] ----- withMaven Wrapper script -----
[2020-04-10T04:11:11.279Z] Picked up JAVA_TOOL_OPTIONS: -Dmaven.ext.class.path="/var/lib/jenkins/workspace/0.ApplicationGroovyPipeLine@tmp/withMavenf560c3cd/pipeline-maven-spy.jar" -Dorg.jenkinsci.plugins.pipeline.maven.reportsFolder="/var/lib/jenkins/workspace/0.ApplicationGroovyPipeLine@tmp/withMavenf560c3cd" 
[2020-04-10T04:11:13.148Z] Apache Maven 3.6.3 (cecedd343002696d0abb50b32b541b8a6ba2883f)
[2020-04-10T04:11:13.148Z] Maven home: /var/lib/jenkins/tools/hudson.tasks.Maven_MavenInstallation/MyMaven
[2020-04-10T04:11:13.148Z] Java version: 1.8.0_242, vendor: Private Build, runtime: /usr/lib/jvm/java-8-openjdk-amd64/jre
[2020-04-10T04:11:13.148Z] Default locale: en_IN, platform encoding: UTF-8
[2020-04-10T04:11:13.148Z] OS name: "linux", version: "5.3.0-46-generic", arch: "amd64", family: "unix"
[2020-04-10T04:11:16.383Z] [INFO] [jenkins-event-spy] Generate /var/lib/jenkins/workspace/0.ApplicationGroovyPipeLine@tmp/withMavenf560c3cd/maven-spy-20200410-094115-8418101258438279198950.log.tmp ...
[2020-04-10T04:11:16.935Z] [INFO] Scanning for projects...
[2020-04-10T04:11:16.935Z] [WARNING] 
[2020-04-10T04:11:16.935Z] [WARNING] Some problems were encountered while building the effective model for com.edurekademo.tutorial:addressbook:war:2.0
[2020-04-10T04:11:16.935Z] [WARNING] Reporting configuration should be done in <reporting> section, not in maven-site-plugin <configuration> as reportPlugins parameter. @ line 298, column 40
[2020-04-10T04:11:16.936Z] [WARNING] 
[2020-04-10T04:11:16.936Z] [WARNING] It is highly recommended to fix these problems because they threaten the stability of your build.
[2020-04-10T04:11:16.936Z] [WARNING] 
[2020-04-10T04:11:16.936Z] [WARNING] For this reason, future Maven versions might no longer support building such malformed projects.
[2020-04-10T04:11:16.936Z] [WARNING] 
[2020-04-10T04:11:16.936Z] [INFO] 
[2020-04-10T04:11:16.936Z] [INFO] ----------------< com.edurekademo.tutorial:addressbook >----------------
[2020-04-10T04:11:16.936Z] [INFO] Building Vaadin Addressbook example 2.0
[2020-04-10T04:11:16.936Z] [INFO] --------------------------------[ war ]---------------------------------
[2020-04-10T04:11:17.849Z] [INFO] 
[2020-04-10T04:11:17.849Z] [INFO] --- maven-enforcer-plugin:1.0:enforce (enforce-versions) @ addressbook ---
[2020-04-10T04:11:18.761Z] [INFO] 
[2020-04-10T04:11:18.761Z] [INFO] --- maven-resources-plugin:2.6:resources (default-resources) @ addressbook ---
[2020-04-10T04:11:19.014Z] [INFO] Using 'UTF-8' encoding to copy filtered resources.
[2020-04-10T04:11:19.014Z] [INFO] skip non existing resourceDirectory /var/lib/jenkins/workspace/0.ApplicationGroovyPipeLine/src/main/resources
[2020-04-10T04:11:19.014Z] [INFO] 
[2020-04-10T04:11:19.014Z] [INFO] --- maven-compiler-plugin:3.2:compile (default-compile) @ addressbook ---
[2020-04-10T04:11:19.927Z] [INFO] Changes detected - recompiling the module!
[2020-04-10T04:11:19.927Z] [INFO] Compiling 13 source files to /var/lib/jenkins/workspace/0.ApplicationGroovyPipeLine/target/classes
[2020-04-10T04:11:24.060Z] [INFO] /var/lib/jenkins/workspace/0.ApplicationGroovyPipeLine/src/main/java/com/edurekademo/tutorial/addressbook/AddressbookUI.java: Some input files use or override a deprecated API.
[2020-04-10T04:11:24.060Z] [INFO] /var/lib/jenkins/workspace/0.ApplicationGroovyPipeLine/src/main/java/com/edurekademo/tutorial/addressbook/AddressbookUI.java: Recompile with -Xlint:deprecation for details.
[2020-04-10T04:11:24.061Z] [INFO] /var/lib/jenkins/workspace/0.ApplicationGroovyPipeLine/src/main/java/com/edurekademo/tutorial/addressbook/backend/ContactService.java: /var/lib/jenkins/workspace/0.ApplicationGroovyPipeLine/src/main/java/com/edurekademo/tutorial/addressbook/backend/ContactService.java uses unchecked or unsafe operations.
[2020-04-10T04:11:24.061Z] [INFO] /var/lib/jenkins/workspace/0.ApplicationGroovyPipeLine/src/main/java/com/edurekademo/tutorial/addressbook/backend/ContactService.java: Recompile with -Xlint:unchecked for details.
[2020-04-10T04:11:24.061Z] [INFO] ------------------------------------------------------------------------
[2020-04-10T04:11:24.061Z] [INFO] BUILD SUCCESS
[2020-04-10T04:11:24.061Z] [INFO] ------------------------------------------------------------------------
[2020-04-10T04:11:24.061Z] [INFO] Total time:  6.718 s
[2020-04-10T04:11:24.061Z] [INFO] Finished at: 2020-04-10T09:41:23+05:30
[2020-04-10T04:11:24.061Z] [INFO] ------------------------------------------------------------------------
[2020-04-10T04:11:24.061Z] [INFO] [jenkins-event-spy] Generated /var/lib/jenkins/workspace/0.ApplicationGroovyPipeLine@tmp/withMavenf560c3cd/maven-spy-20200410-094115-8418101258438279198950.log
[2020-04-10T04:11:24.122Z] [8mha:////4Fg6ITAXgCroINBCxxt6ZryoC3XO9aHy95XXwxgdX5kNAAAApR+LCAAAAAAAAP9tjTEOwjAQBC9BFLSUPOIiCkSBqNJabniBiY1xYt0Z2yGpeBFf4w8EIlGxxWpnm3m+YJkiHDlabA11jlLjMPjeTgsHjt3F84Atn7FhSuwNSjNI1qaeUXI2MKcoYSFgZajxnBzZDGvRqruqvCJbnXKcvoOA0ukbPKAQkzmrmL8wRthce52Yfp6/AhhDyFBu95/avQGOY4V7vgAAAA==[0m[Pipeline] }
[2020-04-10T04:11:24.296Z] [withMaven] artifactsPublisher - Archive artifact pom.xml under com/edurekademo/tutorial/addressbook/2.0/addressbook-2.0.pom
[2020-04-10T04:11:24.418Z] [withMaven] Jenkins [8mha:////4A6k7nFBUgdTY5D74cEfX9bqXzv5XP8Hla+vtR3JaxPxAAAAvB+LCAAAAAAAAP9djMEJwjAUQL8VHUBv4gbF5uZBKR5EsFqKUBcIbUjThJ+QpNqu4Rp6cQjHcQeV3nyX907v8YaRszCvmtJpjAqNTisW7TvDrBIoM+3ZMr4/45t5BRAkMFYMua9SGDZWeZikNb1QoihyknsrkK9bC7O/3bb3bwY9gwCgNd+YethU3hu3IuQqpIhqhlKgWxQi0paTUjijaEcOu+yYZDk5UyfDvKCIzIYn1XCBHwby8vjEAAAA[0mTask Scanner Plugin not found, don't display results of source code scanning for 'TODO' and 'FIXME' in pipeline screen.
[2020-04-10T04:11:24.419Z] [withMaven] Publishers: Pipeline Graph Publisher: 83 ms, Generated Artifacts Publisher: 111 ms, Invoker Publisher: 4 ms, Junit Publisher: 1 ms, Dependencies Fingerprint Publisher: 2 ms, JGiven Publisher: 2 ms, Open Task Scanner Publisher: 1 ms
[2020-04-10T04:11:24.425Z] [8mha:////4KjugxSXNe3tq7ryiWnlnDKDR759pkqi4i41anFfLlsDAAAApR+LCAAAAAAAAP9tjTEOwjAQBC9BFLSUPOIiJAokRJXWcsMLTGyME+vO2A5JxYv4Gn8gEImKLVY728zzBcsU4cjRYmuoc5Qah8H3dlo4cOwungds+YwNU2JvUJpBsjb1jJKzgTlFCQsBK0ON5+TIZliLVt1V5RXZ6pTj9B0ElE7f4AGFmMxZxfyFMcLm2uvE9PP8FcAYQoZyu//U7g3N4dT9vgAAAA==[0m[Pipeline] // withMaven
[2020-04-10T04:11:24.441Z] [8mha:////4NLE/aVaLpHVxq/qMIoUEHpgBpeXpghQOEkgS+akpKSGAAAApB+LCAAAAAAAAP9tjTEOwjAQBC9BFLSUPOIiRIUQVVrLDS8wsTFOrDtjOyQVL+Jr/IFAJCq2WO1sM88XLFOEI0eLraHOUWocBt/baeHAsbt4HrDlMzZMib1BaQbJ2tQzSs4G5hQlLASsDDWekyObYS1adVeVV2SrU47TdxBQOn2DBxRiMmcV8xfGCJtrrxPTz/NXAGMIGcrt/lO7N8un7Ki+AAAA[0m[Pipeline] }
[2020-04-10T04:11:24.460Z] [8mha:////4P5nx8JGY+phMH2j0L/k9xQbkjDgAwoDltuty/Jy2TjfAAAApB+LCAAAAAAAAP9tjTEOwjAQBC9BFLSUPOICaRFVWisNLzCxMU6sO2M7JBUv4mv8AYtIVGyx2tlmXm9YxwAnDgZ7TYOl2Fn0bjR54cRhuDqesOcLdkyRncZWTy0r3SzYctKwpChhJWCjqXMcLZkEW9HLh6ycJFOdU8jfUUBp1R2eUIhsTjKkL8wBdrdRRaaf568AZu8TlPU+16H+AAjcDMm+AAAA[0m[Pipeline] // stage
[2020-04-10T04:11:24.492Z] [8mha:////4FK0cZFWL0Bl3TwtxZ2CwwxxjBZksyBC32cYEE2e4nUFAAAAph+LCAAAAAAAAP9tjTEOwjAQBM9BKWgpeYQjEB2iorXc8AITG+PEugv2haTiRXyNPxCIRMVWOyut5vmCMic4UPKycdgGzHWQXez91ORAqb1EGmRDZ1kTZopOajdosu44oyZ2MEcUsFCwdFhHygE9w0o15m6qaNBXJ07TtldQBHuDBwg1mdkk/sKYYH3tbSb8ef4KYOwYxI6h2G4+x/INji2eq8EAAAA=[0m[Pipeline] stage
[2020-04-10T04:11:24.521Z] [8mha:////4KSjDTaFdShqh4sBQODcsucJo3J4mdxb2Ct8SbG7QdkJAAAAph+LCAAAAAAAAP9tjTEOwjAUQ3+DOrAycohUdEVMrFEXThCaEJJG/7dJSjpxIq7GHWipxIQHy7ZkvdcbyhjgRMFwp7GzGFvLez+aOfFMobt5ytzRlbeEkbzmjc4NKX1ea0NJw6qCwUbAVmPrKVo0CXbCyYesvERTXVKYt6MAZtUATyjETE4ypG+ZAuzvo4qEP85fAEx9AlYfFquXZ/kBAsTc3cIAAAA=[0m[Pipeline] { (Review)
[2020-04-10T04:11:24.547Z] [8mha:////4CNWBTS7QtmrYEBjz6Uk+PZDDJKrSpEmUwjCPgcl6f9xAAAAph+LCAAAAAAAAP9tjTEOwjAUQ3+LOrAycohUKiNiYo2ycILQhJA0+r9NUtKJE3E17kBLJSY8WLYl673eUMUAJwqGOY2dxdha1vvRzIllCt3NU2aOrqwljOQ1EzoLUvq8VkFJw6qihA2HrcbWU7RoEuy4kw9Ze4mmvqQwb0cOpVUDPKHgMznJkL5lCrC/jyoS/jh/ATD1CcqmWeywPKsPpnFij8IAAAA=[0m[Pipeline] withMaven
[2020-04-10T04:11:24.550Z] [withMaven] Options: []
[2020-04-10T04:11:24.550Z] [withMaven] Available options: 
[2020-04-10T04:11:24.550Z] [withMaven] using JDK installation provided by the build agent
[2020-04-10T04:11:24.557Z] [withMaven] using Maven installation 'MyMaven'
[2020-04-10T04:11:24.570Z] [8mha:////4Ixg7blGLhKLWDKuP9HgFHeVreEoxRJoMH7l8xFKOLNzAAAApx+LCAAAAAAAAP9tjTEOwjAUQ3+LOrAycohUAjbE1DXKwglCE0La6P/yk9JOnIircQdaKjHhwbItWe/1hiIynIidaCy2HmPtRRd6NyUxELfXQINo6CJqwkjBCmUHRcZWS1WULCzKclhJWFusA0WPLsFGNvqhy6DRlefE03aUkHtzhydkciInzelbRobtrTeR8Mf5C4CxS5Dv9rMd5mfxAd6e6VPCAAAA[0m[Pipeline] {
[2020-04-10T04:11:24.589Z] [8mha:////4PtoMvQe9T92bdHOc87K15jbc0632KCYafxOJAamTTybAAAApB+LCAAAAAAAAP9tjTEOwjAQBC9BFLSUPOIiIagQVVrLDS8wsTFOrDtjOyQVL+Jr/IFAJCq2WO1sM88XLFOEI0eLraHOUWocBt/baeHAsbt4HrDlMzZMib1BaQbJ2tQzSs4G5hQlLASsDDWekyObYS1adVeVV2SrU47TdxBQOn2DBxRiMmcV8xfGCJtrrxPTz/NXAGPIUG53n9qHN38C26S+AAAA[0m[Pipeline] sh
[2020-04-10T04:11:24.853Z] + mvn pmd:pmd
[2020-04-10T04:11:24.853Z] ----- withMaven Wrapper script -----
[2020-04-10T04:11:24.853Z] Picked up JAVA_TOOL_OPTIONS: -Dmaven.ext.class.path="/var/lib/jenkins/workspace/0.ApplicationGroovyPipeLine@tmp/withMaven0f66a78f/pipeline-maven-spy.jar" -Dorg.jenkinsci.plugins.pipeline.maven.reportsFolder="/var/lib/jenkins/workspace/0.ApplicationGroovyPipeLine@tmp/withMaven0f66a78f" 
[2020-04-10T04:11:25.104Z] Apache Maven 3.6.3 (cecedd343002696d0abb50b32b541b8a6ba2883f)
[2020-04-10T04:11:25.104Z] Maven home: /var/lib/jenkins/tools/hudson.tasks.Maven_MavenInstallation/MyMaven
[2020-04-10T04:11:25.104Z] Java version: 1.8.0_242, vendor: Private Build, runtime: /usr/lib/jvm/java-8-openjdk-amd64/jre
[2020-04-10T04:11:25.104Z] Default locale: en_IN, platform encoding: UTF-8
[2020-04-10T04:11:25.104Z] OS name: "linux", version: "5.3.0-46-generic", arch: "amd64", family: "unix"
[2020-04-10T04:11:27.219Z] [INFO] [jenkins-event-spy] Generate /var/lib/jenkins/workspace/0.ApplicationGroovyPipeLine@tmp/withMaven0f66a78f/maven-spy-20200410-094126-8642922432199208934598.log.tmp ...
[2020-04-10T04:11:27.470Z] [INFO] Scanning for projects...
[2020-04-10T04:11:27.470Z] [WARNING] 
[2020-04-10T04:11:27.470Z] [WARNING] Some problems were encountered while building the effective model for com.edurekademo.tutorial:addressbook:war:2.0
[2020-04-10T04:11:27.470Z] [WARNING] Reporting configuration should be done in <reporting> section, not in maven-site-plugin <configuration> as reportPlugins parameter. @ line 298, column 40
[2020-04-10T04:11:27.470Z] [WARNING] 
[2020-04-10T04:11:27.470Z] [WARNING] It is highly recommended to fix these problems because they threaten the stability of your build.
[2020-04-10T04:11:27.470Z] [WARNING] 
[2020-04-10T04:11:27.470Z] [WARNING] For this reason, future Maven versions might no longer support building such malformed projects.
[2020-04-10T04:11:27.470Z] [WARNING] 
[2020-04-10T04:11:29.335Z] [INFO] Downloading from vaadin-snapshots: http://oss.sonatype.org/content/repositories/vaadin-snapshots/org/codehaus/mojo/maven-metadata.xml
[2020-04-10T04:11:29.335Z] [INFO] Downloading from vaadin-snapshots: http://oss.sonatype.org/content/repositories/vaadin-snapshots/org/apache/maven/plugins/maven-metadata.xml
[2020-04-10T04:12:07.911Z] [INFO] Downloading from vaadin-snapshots: http://oss.sonatype.org/content/repositories/vaadin-snapshots/org/apache/maven/plugins/maven-pmd-plugin/maven-metadata.xml
[2020-04-10T04:12:11.147Z] [INFO] 
[2020-04-10T04:12:11.147Z] [INFO] ----------------< com.edurekademo.tutorial:addressbook >----------------
[2020-04-10T04:12:11.147Z] [INFO] Building Vaadin Addressbook example 2.0
[2020-04-10T04:12:11.147Z] [INFO] --------------------------------[ war ]---------------------------------
[2020-04-10T04:12:11.147Z] [INFO] 
[2020-04-10T04:12:11.147Z] [INFO] --- maven-pmd-plugin:3.13.0:pmd (default-cli) @ addressbook ---
[2020-04-10T04:12:13.633Z] [WARNING] Unable to locate Source XRef to link to - DISABLED
[2020-04-10T04:12:18.832Z] [INFO] ------------------------------------------------------------------------
[2020-04-10T04:12:18.832Z] [INFO] BUILD SUCCESS
[2020-04-10T04:12:18.832Z] [INFO] ------------------------------------------------------------------------
[2020-04-10T04:12:18.832Z] [INFO] Total time:  51.485 s
[2020-04-10T04:12:18.832Z] [INFO] Finished at: 2020-04-10T09:42:18+05:30
[2020-04-10T04:12:18.832Z] [INFO] ------------------------------------------------------------------------
[2020-04-10T04:12:18.833Z] [INFO] [jenkins-event-spy] Generated /var/lib/jenkins/workspace/0.ApplicationGroovyPipeLine@tmp/withMaven0f66a78f/maven-spy-20200410-094126-8642922432199208934598.log
[2020-04-10T04:12:19.262Z] [8mha:////4Bq8CDz++eJ4RHJ43Q+p4iKEuRi3ZUyy8t11jOr+QCGNAAAApR+LCAAAAAAAAP9tjTEOwjAQBC9BFLSUPOIiIUSDqNJabniBiY1xYt0Z2yGpeBFf4w8EIlGxxWpnm3m+YJkiHDlabA11jlLjMPjeTgsHjt3F84Atn7FhSuwNSjNI1qaeUXI2MKcoYSFgZajxnBzZDGvRqruqvCJbnXKcvoOA0ukbPKAQkzmrmL8wRthce52Yfp6/AhhDhnK7+9Q+vAG8UfaPvgAAAA==[0m[Pipeline] pmd
[2020-04-10T04:12:19.289Z] [PMD] Collecting PMD analysis files...
[2020-04-10T04:12:19.745Z] [PMD] Searching for all files in /var/lib/jenkins/workspace/0.ApplicationGroovyPipeLine that match the pattern target/pmd.xml
[2020-04-10T04:12:19.745Z] [PMD] Parsing 1 file in /var/lib/jenkins/workspace/0.ApplicationGroovyPipeLine
[2020-04-10T04:12:19.745Z] [PMD] Successfully parsed file /var/lib/jenkins/workspace/0.ApplicationGroovyPipeLine/target/pmd.xml with 12 unique warnings and 0 duplicates.
[2020-04-10T04:12:19.748Z] Skipping warnings blame since pipelines do not have an SCM link.%n
[2020-04-10T04:12:19.861Z] [PMD] Computing warning deltas based on reference build #8
[2020-04-10T04:12:19.877Z] [8mha:////4HJz1CMtaAkXqca+UKUTE1eakgS/YIs1UY4xDLwPMy08AAAApR+LCAAAAAAAAP9tjTEOwjAQBC9BFLSUPOIiISQKRJXWcsMLTGyME+vO2A5JxYv4Gn8gEImKLVY728zzBcsU4cjRYmuoc5Qah8H3dlo4cOwungds+YwNU2JvUJpBsjb1jJKzgTlFCQsBK0ON5+TIZliLVt1V5RXZ6pTj9B0ElE7f4AGFmMxZxfyFMcLm2uvE9PP8FcAYQoZyu//U7g1GGkcWvgAAAA==[0m[Pipeline] }
[2020-04-10T04:12:19.914Z] [withMaven] artifactsPublisher - Archive artifact pom.xml under com/edurekademo/tutorial/addressbook/2.0/addressbook-2.0.pom
[2020-04-10T04:12:19.957Z] [withMaven] Jenkins [8mha:////4A6k7nFBUgdTY5D74cEfX9bqXzv5XP8Hla+vtR3JaxPxAAAAvB+LCAAAAAAAAP9djMEJwjAUQL8VHUBv4gbF5uZBKR5EsFqKUBcIbUjThJ+QpNqu4Rp6cQjHcQeV3nyX907v8YaRszCvmtJpjAqNTisW7TvDrBIoM+3ZMr4/45t5BRAkMFYMua9SGDZWeZikNb1QoihyknsrkK9bC7O/3bb3bwY9gwCgNd+YethU3hu3IuQqpIhqhlKgWxQi0paTUjijaEcOu+yYZDk5UyfDvKCIzIYn1XCBHwby8vjEAAAA[0mTask Scanner Plugin not found, don't display results of source code scanning for 'TODO' and 'FIXME' in pipeline screen.
[2020-04-10T04:12:19.957Z] [withMaven] Publishers: Pipeline Graph Publisher: 15 ms, Generated Artifacts Publisher: 40 ms, Open Task Scanner Publisher: 1 ms
[2020-04-10T04:12:19.988Z] [8mha:////4OT0E8i/j9cFH2BGHBkD6Kfpi18dy4DI3VfsTd01hZeQAAAApR+LCAAAAAAAAP9tjTEOwjAQBC9BFLSUPOIiQYOEqNJabniBiY1xYt0Z2yGpeBFf4w8EIlGxxWpnm3m+YJkiHDlabA11jlLjMPjeTgsHjt3F84Atn7FhSuwNSjNI1qaeUXI2MKcoYSFgZajxnBzZDGvRqruqvCJbnXKcvoOA0ukbPKAQkzmrmL8wRthce52Yfp6/AhhDyFBu95/avQEwPXV5vgAAAA==[0m[Pipeline] // withMaven
[2020-04-10T04:12:20.002Z] [8mha:////4HF8gsXtStK00pHRNLPRkOnYGn1zIyvdgpzYCLAwQpI0AAAApB+LCAAAAAAAAP9tjbEOwiAURV9rHFwd/QiadDPGyZWw+AXYIkLJexSodPKL/DX/QbSJk3e4uecu5/mCdQxwpKCZVTgYjJ1h3k26LJYpDFdHmVm6sI4wklNMqCyoV6cFBSUFS6oaVhw2CjtH0aBOsOVW3mXjJOrmnEL5Dhxq04/wgIoXc5IhfWEOsLtNfST8ef4KYPY+Qd3uP9W+AQPeLsW+AAAA[0m[Pipeline] }
[2020-04-10T04:12:20.018Z] [8mha:////4Ctw0wjgw/T7hkVTuxXmlgngqeEzBmMxZ123LelfDXNQAAAApB+LCAAAAAAAAP9tjTsOwjAQRDdBFLSUHGLDp0SpaC03nMAkxjixdoPt4FSciKtxBywiUTHFaN407/WGZfBQszfYaeothcbi4EaTFyb2/dVxwo4v2DAFdhqlTpJbfZpRctQwpyhhIWClqXEcLJkIa9Gph6qcIlOdo8/fUUBp2zs8oRDZHJWPX5g8bG5jG5h+nr8CmIYhQnnY5trvPsXVX92+AAAA[0m[Pipeline] // stage
[2020-04-10T04:12:20.039Z] [8mha:////4KWiJpPJeeuK3XZ5GJnEo9FK1ihehJ5/7Cfx5cUcZ7SXAAAAph+LCAAAAAAAAP9tjTEOwjAQBM9BKWgpeYQjBB2iorXc8AITG+PEugv2haTiRXyNPxCIRMVWOyut5vmCMic4UPKycdgGzHWQXez91ORAqb1EGmRDZ1kTZopOajdosu44oyZ2MEcUsFCwdFhHygE9w0o15m6qaNBXJ07TtldQBHuDBwg1mdkk/sKYYH3tbSb8ef4KYOwYxI6h2G4+x/INOibpDcEAAAA=[0m[Pipeline] stage
[2020-04-10T04:12:20.052Z] [8mha:////4DIbBNWSwZ4tMeXe2YEH1J+eQkxT7G3CG9NhfwU6f9KTAAAAph+LCAAAAAAAAP9tjTEOwjAUQ3+LOrAycohUwIiYukZZOEFoQkgb/V9+UtqJE3E17kBLJSY8WLYl673eUESGE7ETjcXWY6y96ELvpiQG4vYaaBANXURNGClYoeygyNhqqYqShUVZDisJa4t1oOjRJdjIRj90GTS68px42o4Scm/u8IRMTuSkOX3LyLC99SYS/jh/ATB2CfLDbrb9/Cw+2YMO4MIAAAA=[0m[Pipeline] { (Test)
[2020-04-10T04:12:20.079Z] [8mha:////4AIAlaA/pzrRxJz/grrIoLWN+WF2tvAvT6ERSUOUngk5AAAAph+LCAAAAAAAAP9tjTEOwjAUQ3+DOrAycohUoiNiYo26cILQhJA0+r9NUtKJE3E17kBLJSY8WLYl673eUMYAJwqGO42dxdha3vvRzIlnCt3NU+aOrrwljOQ1b3RuSOnzWhtKGlYVDDYCthpbT9GiSbATTj5k5SWa6pLCvB0FMKsGeEIhZnKSIX3LFGB/H1Uk/HH+AmDqE7D6sFi9PMsPfTawssIAAAA=[0m[Pipeline] withMaven
[2020-04-10T04:12:20.080Z] [withMaven] Options: []
[2020-04-10T04:12:20.081Z] [withMaven] Available options: 
[2020-04-10T04:12:20.081Z] [withMaven] using JDK installation provided by the build agent
[2020-04-10T04:12:20.086Z] [withMaven] using Maven installation 'MyMaven'
[2020-04-10T04:12:20.107Z] [8mha:////4NGzCJuE5LmpxVv+l+fK/02fMUTOvJLd0HQHoZ0+iWnvAAAAph+LCAAAAAAAAP9tjTEOwjAUQ3+LOrAycoh0KBtiYo2ycILQhJA0+r9NUtKJE3E17kBLJSY8WLYl673eUMUAJwqGOY2dxdha1vvRzIllCt3NU2aOrqwljOQ1EzoLUvq8VkFJw6qihA2HrcbWU7RoEuy4kw9Ze4mmvqQwb0cOpVUDPKHgMznJkL5lCrC/jyoS/jh/ATD1CcqmWeywPKsPBdk7bsIAAAA=[0m[Pipeline] {
[2020-04-10T04:12:20.124Z] [8mha:////4Cm0MByeayQgQjk2YAOk8PKnK1SK9sAm0WKQ6ub3WXx7AAAApB+LCAAAAAAAAP9tjTEOwjAQBC9BFLSUPOJSABWiSmu54QUmNsaJdWdsh6TiRXyNPxCIRMUWq51t5vmCZYpw5GixNdQ5So3D4Hs7LRw4dhfPA7Z8xoYpsTcozSBZm3pGydnAnKKEhYCVocZzcmQzrEWr7qryimx1ynH6DgJKp2/wgEJM5qxi/sIYYXPtdWL6ef4KYAwZyu3uU/vwBtZos2m+AAAA[0m[Pipeline] sh
[2020-04-10T04:12:20.401Z] + mvn test
[2020-04-10T04:12:20.401Z] ----- withMaven Wrapper script -----
[2020-04-10T04:12:20.401Z] Picked up JAVA_TOOL_OPTIONS: -Dmaven.ext.class.path="/var/lib/jenkins/workspace/0.ApplicationGroovyPipeLine@tmp/withMavenfdeab402/pipeline-maven-spy.jar" -Dorg.jenkinsci.plugins.pipeline.maven.reportsFolder="/var/lib/jenkins/workspace/0.ApplicationGroovyPipeLine@tmp/withMavenfdeab402" 
[2020-04-10T04:12:20.958Z] Apache Maven 3.6.3 (cecedd343002696d0abb50b32b541b8a6ba2883f)
[2020-04-10T04:12:20.958Z] Maven home: /var/lib/jenkins/tools/hudson.tasks.Maven_MavenInstallation/MyMaven
[2020-04-10T04:12:20.959Z] Java version: 1.8.0_242, vendor: Private Build, runtime: /usr/lib/jvm/java-8-openjdk-amd64/jre
[2020-04-10T04:12:20.959Z] Default locale: en_IN, platform encoding: UTF-8
[2020-04-10T04:12:20.959Z] OS name: "linux", version: "5.3.0-46-generic", arch: "amd64", family: "unix"
[2020-04-10T04:12:22.822Z] [INFO] [jenkins-event-spy] Generate /var/lib/jenkins/workspace/0.ApplicationGroovyPipeLine@tmp/withMavenfdeab402/maven-spy-20200410-094222-5521869887612049022611.log.tmp ...
[2020-04-10T04:12:23.074Z] [INFO] Scanning for projects...
[2020-04-10T04:12:23.074Z] [WARNING] 
[2020-04-10T04:12:23.325Z] [WARNING] Some problems were encountered while building the effective model for com.edurekademo.tutorial:addressbook:war:2.0
[2020-04-10T04:12:23.325Z] [WARNING] Reporting configuration should be done in <reporting> section, not in maven-site-plugin <configuration> as reportPlugins parameter. @ line 298, column 40
[2020-04-10T04:12:23.325Z] [WARNING] 
[2020-04-10T04:12:23.325Z] [WARNING] It is highly recommended to fix these problems because they threaten the stability of your build.
[2020-04-10T04:12:23.325Z] [WARNING] 
[2020-04-10T04:12:23.325Z] [WARNING] For this reason, future Maven versions might no longer support building such malformed projects.
[2020-04-10T04:12:23.325Z] [WARNING] 
[2020-04-10T04:12:23.325Z] [INFO] 
[2020-04-10T04:12:23.325Z] [INFO] ----------------< com.edurekademo.tutorial:addressbook >----------------
[2020-04-10T04:12:23.325Z] [INFO] Building Vaadin Addressbook example 2.0
[2020-04-10T04:12:23.326Z] [INFO] --------------------------------[ war ]---------------------------------
[2020-04-10T04:12:23.878Z] [INFO] 
[2020-04-10T04:12:23.878Z] [INFO] --- maven-enforcer-plugin:1.0:enforce (enforce-versions) @ addressbook ---
[2020-04-10T04:12:24.431Z] [INFO] 
[2020-04-10T04:12:24.431Z] [INFO] --- maven-resources-plugin:2.6:resources (default-resources) @ addressbook ---
[2020-04-10T04:12:24.682Z] [INFO] Using 'UTF-8' encoding to copy filtered resources.
[2020-04-10T04:12:24.682Z] [INFO] skip non existing resourceDirectory /var/lib/jenkins/workspace/0.ApplicationGroovyPipeLine/src/main/resources
[2020-04-10T04:12:24.682Z] [INFO] 
[2020-04-10T04:12:24.682Z] [INFO] --- maven-compiler-plugin:3.2:compile (default-compile) @ addressbook ---
[2020-04-10T04:12:24.933Z] [INFO] Nothing to compile - all classes are up to date
[2020-04-10T04:12:24.933Z] [INFO] 
[2020-04-10T04:12:24.933Z] [INFO] --- maven-resources-plugin:2.6:testResources (default-testResources) @ addressbook ---
[2020-04-10T04:12:24.933Z] [INFO] Using 'UTF-8' encoding to copy filtered resources.
[2020-04-10T04:12:24.937Z] [INFO] Copying 1 resource
[2020-04-10T04:12:25.188Z] [INFO] 
[2020-04-10T04:12:25.188Z] [INFO] --- maven-compiler-plugin:3.2:testCompile (default-testCompile) @ addressbook ---
[2020-04-10T04:12:25.188Z] [INFO] Changes detected - recompiling the module!
[2020-04-10T04:12:25.188Z] [INFO] Compiling 5 source files to /var/lib/jenkins/workspace/0.ApplicationGroovyPipeLine/target/test-classes
[2020-04-10T04:12:27.055Z] [INFO] 
[2020-04-10T04:12:27.056Z] [INFO] --- maven-surefire-plugin:2.19.1:test (default-test) @ addressbook ---
[2020-04-10T04:12:27.968Z] 
[2020-04-10T04:12:27.968Z] -------------------------------------------------------
[2020-04-10T04:12:27.968Z]  T E S T S
[2020-04-10T04:12:27.968Z] -------------------------------------------------------
[2020-04-10T04:12:27.969Z] Picked up JAVA_TOOL_OPTIONS: -Dmaven.ext.class.path="/var/lib/jenkins/workspace/0.ApplicationGroovyPipeLine@tmp/withMavenfdeab402/pipeline-maven-spy.jar" -Dorg.jenkinsci.plugins.pipeline.maven.reportsFolder="/var/lib/jenkins/workspace/0.ApplicationGroovyPipeLine@tmp/withMavenfdeab402" 
[2020-04-10T04:12:28.520Z] Running com.edurekademo.utilities.TestHexAsciiConversion
[2020-04-10T04:12:28.520Z] testing ascii convertion into hexadecimal
[2020-04-10T04:12:28.520Z] 74657374696e6720617363696920636f6e76657274696f6e20696e746f2068657861646563696d616c
[2020-04-10T04:12:28.776Z] Tests run: 4, Failures: 0, Errors: 0, Skipped: 0, Time elapsed: 0.011 sec - in com.edurekademo.utilities.TestHexAsciiConversion
[2020-04-10T04:12:28.776Z] Running com.edurekademo.utilities.TestLogger
[2020-04-10T04:12:28.776Z] SLF4J: Class path contains multiple SLF4J bindings.
[2020-04-10T04:12:28.776Z] SLF4J: Found binding in [jar:file:/var/lib/jenkins/.m2/repository/org/slf4j/slf4j-simple/1.7.7/slf4j-simple-1.7.7.jar!/org/slf4j/impl/StaticLoggerBinder.class]
[2020-04-10T04:12:28.776Z] SLF4J: Found binding in [jar:file:/var/lib/jenkins/.m2/repository/org/slf4j/slf4j-log4j12/1.7.7/slf4j-log4j12-1.7.7.jar!/org/slf4j/impl/StaticLoggerBinder.class]
[2020-04-10T04:12:28.776Z] SLF4J: See http://www.slf4j.org/codes.html#multiple_bindings for an explanation.
[2020-04-10T04:12:28.776Z] SLF4J: Actual binding is of type [org.slf4j.impl.SimpleLoggerFactory]
[2020-04-10T04:12:28.776Z] [pool-1-thread-5] INFO com.edurekademo.utilities.TestLogger - java.lang.ArithmeticException: / by zero
[2020-04-10T04:12:28.776Z] Cause:at com.edurekademo.utilities.TestLogger.testGetErrorMessage1(TestLogger.java:14)
[2020-04-10T04:12:28.776Z] Cause:at sun.reflect.NativeMethodAccessorImpl.invoke0(Native Method)
[2020-04-10T04:12:28.776Z] [pool-1-thread-6] INFO com.edurekademo.utilities.TestLogger - java.lang.ArithmeticException: / by zero
[2020-04-10T04:12:28.776Z] Cause:at com.edurekademo.utilities.TestLogger.testGetErrorMessage2(TestLogger.java:30)
[2020-04-10T04:12:28.776Z] Cause:at sun.reflect.NativeMethodAccessorImpl.invoke0(Native Method)
[2020-04-10T04:12:28.776Z] [pool-1-thread-7] INFO com.edurekademo.utilities.TestLogger - java.lang.ArithmeticException: / by zero
[2020-04-10T04:12:28.777Z] Cause:at com.edurekademo.utilities.ExceptionThrower.getCounter(ExceptionThrower.java:13)
[2020-04-10T04:12:28.777Z] Cause:at com.edurekademo.utilities.TestLogger.testGetErrorMessage3(TestLogger.java:45)
[2020-04-10T04:12:28.777Z] [pool-1-thread-8] INFO com.edurekademo.utilities.TestLogger - java.io.IOException: TESTIOEXCEPTION
[2020-04-10T04:12:28.777Z] Cause:at com.edurekademo.utilities.ExceptionThrower.doNothing(ExceptionThrower.java:18)
[2020-04-10T04:12:28.777Z] Cause:at com.edurekademo.utilities.TestLogger.testGetErrorMessage4(TestLogger.java:60)
[2020-04-10T04:12:28.777Z] [pool-1-thread-9] ERROR com.edurekademo.utilities.ExceptionThrower - java.lang.Exception: DEAR
[2020-04-10T04:12:28.777Z] Cause:at com.edurekademo.utilities.ExceptionThrower.doYYY(ExceptionThrower.java:35)
[2020-04-10T04:12:28.777Z] Cause:at com.edurekademo.utilities.ExceptionThrower.doXXX(ExceptionThrower.java:23)
[2020-04-10T04:12:28.777Z] [pool-1-thread-9] INFO com.edurekademo.utilities.TestLogger - java.lang.Exception: TEST MESSAGE
[2020-04-10T04:12:28.777Z] Cause:at com.edurekademo.utilities.ExceptionThrower.doCheck(ExceptionThrower.java:43)
[2020-04-10T04:12:28.777Z] Cause:at com.edurekademo.utilities.TestLogger.testGetErrorMessage5(TestLogger.java:75)
[2020-04-10T04:12:28.777Z] ***** java.lang.Exception: TEST MESSAGE
[2020-04-10T04:12:28.777Z] Cause:at com.edurekademo.utilities.ExceptionThrower.doCheck(ExceptionThrower.java:43)
[2020-04-10T04:12:28.777Z] Cause:at com.edurekademo.utilities.TestLogger.testGetErrorMessage5(TestLogger.java:75)
[2020-04-10T04:12:28.777Z] Tests run: 5, Failures: 0, Errors: 0, Skipped: 0, Time elapsed: 0.084 sec - in com.edurekademo.utilities.TestLogger
[2020-04-10T04:12:28.777Z] Running com.edurekademo.utilities.TestGenericComparator
[2020-04-10T04:12:28.777Z] Tests run: 14, Failures: 0, Errors: 0, Skipped: 0, Time elapsed: 0.061 sec - in com.edurekademo.utilities.TestGenericComparator
[2020-04-10T04:12:29.335Z] 
[2020-04-10T04:12:29.335Z] Results :
[2020-04-10T04:12:29.335Z] 
[2020-04-10T04:12:29.335Z] Tests run: 23, Failures: 0, Errors: 0, Skipped: 0
[2020-04-10T04:12:29.335Z] 
[2020-04-10T04:12:29.336Z] [INFO] ------------------------------------------------------------------------
[2020-04-10T04:12:29.336Z] [INFO] BUILD SUCCESS
[2020-04-10T04:12:29.336Z] [INFO] ------------------------------------------------------------------------
[2020-04-10T04:12:29.336Z] [INFO] Total time:  6.289 s
[2020-04-10T04:12:29.336Z] [INFO] Finished at: 2020-04-10T09:42:29+05:30
[2020-04-10T04:12:29.336Z] [INFO] ------------------------------------------------------------------------
[2020-04-10T04:12:29.336Z] [INFO] [jenkins-event-spy] Generated /var/lib/jenkins/workspace/0.ApplicationGroovyPipeLine@tmp/withMavenfdeab402/maven-spy-20200410-094222-5521869887612049022611.log
[2020-04-10T04:12:29.394Z] [8mha:////4KDBOBB0nnDD5CFQXgZO/tpCh01VpePU4r5QUiCnRWQYAAAApB+LCAAAAAAAAP9tjTEOwjAQBC9BFLSUPOJSgGgQVVrLDS8wsTFOrDtjOyQVL+Jr/IFAJCq2WO1sM88XLFOEI0eLraHOUWocBt/baeHAsbt4HrDlMzZMib1BaQbJ2tQzSs4G5hQlLASsDDWekyObYS1adVeVV2SrU47TdxBQOn2DBxRiMmcV8xfGCJtrrxPTz/NXAGPIUG53n9qHNxU7nkK+AAAA[0m[Pipeline] junit
[2020-04-10T04:12:29.402Z] Recording test results
[2020-04-10T04:12:29.615Z] [8mha:////4AUjZkr2W0+AUIYbgXMINCDdd8TeLFUADH7zvei08VRoAAAApR+LCAAAAAAAAP9tjTEOwjAQBC9BFLSUPOJSgESBqNJabniBiY1xYt0Z2yGpeBFf4w8EIlGxxWpnm3m+YJkiHDlabA11jlLjMPjeTgsHjt3F84Atn7FhSuwNSjNI1qaeUXI2MKcoYSFgZajxnBzZDGvRqruqvCJbnXKcvoOA0ukbPKAQkzmrmL8wRthce52Yfp6/AhhDyFBu95/avQGzICupvgAAAA==[0m[Pipeline] }
[2020-04-10T04:12:29.634Z] [withMaven] artifactsPublisher - Archive artifact pom.xml under com/edurekademo/tutorial/addressbook/2.0/addressbook-2.0.pom
[2020-04-10T04:12:29.643Z] [withMaven] junitPublisher - Archive test results for Maven artifact com.edurekademo.tutorial:addressbook:war:2.0 generated by maven-surefire-plugin:test (default-test): target/surefire-reports/*.xml
[2020-04-10T04:12:29.646Z] [withMaven] junitPublisher - Jenkins [8mha:////4H0kOZ2Mp7Jqx5CS7xHN1c8p5HimQU2Ed88buk40PMcuAAAAwR+LCAAAAAAAAP9djEsKwjAUAJ8VPYArEW9QbHYuFBeigj+KIB4g1JC+Nr6E5NXPNbyGbjyEx/EOKu6czcxq7i9oBA/dvNoHS0lmKVijkvnFKW+QytSy6o9uj9HVPSOIFtA0ijTna6hX3jC01oU8SmEkabFlj6SHZw+dv93k5+8MftQigLP7RJthmjO7MBDihCUmhaISKfQyTKzXYo/BGXkRy1m6WqRbsdwRcjxmlll+UMQh3phKI70B4ncifskAAAA=[0mJUnit Attachments Plugin not found, can't publish test attachments.Recording test results
[2020-04-10T04:12:29.710Z] [withMaven] Jenkins [8mha:////4A6k7nFBUgdTY5D74cEfX9bqXzv5XP8Hla+vtR3JaxPxAAAAvB+LCAAAAAAAAP9djMEJwjAUQL8VHUBv4gbF5uZBKR5EsFqKUBcIbUjThJ+QpNqu4Rp6cQjHcQeV3nyX907v8YaRszCvmtJpjAqNTisW7TvDrBIoM+3ZMr4/45t5BRAkMFYMua9SGDZWeZikNb1QoihyknsrkK9bC7O/3bb3bwY9gwCgNd+YethU3hu3IuQqpIhqhlKgWxQi0paTUjijaEcOu+yYZDk5UyfDvKCIzIYn1XCBHwby8vjEAAAA[0mTask Scanner Plugin not found, don't display results of source code scanning for 'TODO' and 'FIXME' in pipeline screen.
[2020-04-10T04:12:29.710Z] [withMaven] Publishers: Pipeline Graph Publisher: 7 ms, Generated Artifacts Publisher: 5 ms, Junit Publisher: 68 ms, Open Task Scanner Publisher: 1 ms
[2020-04-10T04:12:29.719Z] [8mha:////4JqSAeYb1IBNFHknuhFTUmVNsMtzMZia7WZvi8ib7wuIAAAApB+LCAAAAAAAAP9tjTESwiAURH/iWNhaeghSpHHGsbJlaDwBJogQ5n8CRFJ5Iq/mHUQzY+UWO/u2ec8XrGOAIwXNrMLBYOwM827SZbFMYbg6yszShXWEkZxiQmVBvTotKCgpWFLVsOKwUdg5igZ1gi238i4bJ1E35xTKd+BQm36EB1S8mJMM6QtzgN1t6iPhz/NXALP3Cep2/6n2DcUHGca+AAAA[0m[Pipeline] // withMaven
[2020-04-10T04:12:29.734Z] [8mha:////4HtQ5VxvuCfQ23W45QFRKFy+5FFHvJEqZyeiFk8XQWgpAAAApB+LCAAAAAAAAP9tjTEOwjAQBC9BFLSUPOIiQYUQVVrLDS8wsTFOrDtjOyQVL+Jr/IFAJCq2WO1sM88XLFOEI0eLraHOUWocBt/baeHAsbt4HrDlMzZMib1BaQbJ2tQzSs4G5hQlLASsDDWekyObYS1adVeVV2SrU47TdxBQOn2DBxRiMmcV8xfGCJtrrxPTz/NXAGMIGcrd/lPbN/bkQnq+AAAA[0m[Pipeline] }
[2020-04-10T04:12:29.748Z] [8mha:////4BIA9U7Xq5AVbpj0qkKyX9+2vPVMjTZEBW1vBBpHeLRQAAAApB+LCAAAAAAAAP9tjTEOwjAQBC9BFLSUPOICgg6lorXc8AKTGOPEugu2g1PxIr7GH7CIRMUWq51t5vWGZfBQszfYaeothcbi4EaTFyb2/dVxwo4v2DAFdhqlTpJbfZpRctQwpyhhIWClqXEcLJkIa9Gph6qcIlOdo8/fUUBp2zs8oRDZHJWPX5g8bG5jG5h+nr8CmIYhQnnY5trvPgra4wG+AAAA[0m[Pipeline] // stage
[2020-04-10T04:12:29.770Z] [8mha:////4BAQz0y/rOk0wI1zCw7BfZl3GmYEfPdN8ivf8ySCTSFZAAAAph+LCAAAAAAAAP9tjTEOwjAQBM9BKWgpeYQjpHSIitZywwtMYowT6y7YF5KKF/E1/oAhEhVb7ay0mucLyhThQNHJzmLvMTVeDmF0ucmJYn8JNMmOzrIhTBSs1HbS1NrjgprYwhJRwErB2mITKHl0DBvVmbupgkFXnTjmba+g8O0NHiBUNrOJ/IU5wvY6tonw5/krgHlgEDVDUe8+x/INtBhOyMEAAAA=[0m[Pipeline] stage
[2020-04-10T04:12:29.777Z] [8mha:////4ER+TSHvl5rxYdq11H7UZ5iyR+grH7b/BF6/RrFgFKc0AAAApx+LCAAAAAAAAP9tjTEOwjAUQ3+LOrAycohUIDbE1DXKwglCE0La6P/yk9JOnIircQdaKjHhwbItWe/1hiIynIidaCy2HmPtRRd6NyUxELfXQINo6CJqwkjBCmUHRcZWS1WULCzKclhJWFusA0WPLsFGNvqhy6DRlefE03aUkHtzhydkciInzelbRobtrTeR8Mf5C4CxS5AfdrPt52fxAdhUMVHCAAAA[0m[Pipeline] { (Metrics)
[2020-04-10T04:12:29.797Z] [8mha:////4L1dNiN9U7EiYWG4jlfW/rURjkSfw7mEWcXKXvEmx8hxAAAApx+LCAAAAAAAAP9tjTEOwjAUQ3+LOrAycohUAjbE1DXKwglCE0La6P/yk9JOnIircQdaKjHhwbItWe/1hiIynIidaCy2HmPtRRd6NyUxELfXQINo6CJqwkjBCmUHRcZWS1WULCzKclhJWFusA0WPLsFGNvqhy6DRlefE03aUkHtzhydkciInzelbRobtrTeR8Mf5C4CxS5AfdrPt52fxAXzhjwPCAAAA[0m[Pipeline] withMaven
[2020-04-10T04:12:29.801Z] [withMaven] Options: []
[2020-04-10T04:12:29.801Z] [withMaven] Available options: 
[2020-04-10T04:12:29.801Z] [withMaven] using JDK installation provided by the build agent
[2020-04-10T04:12:29.805Z] [withMaven] using Maven installation 'MyMaven'
[2020-04-10T04:12:29.813Z] [8mha:////4HBc6fHBDkc/hwwKDbXSRlFjwMZt3dwMLuxS3kaGJbuFAAAAph+LCAAAAAAAAP9tjTEOwjAUQ3+DOrAycoh0oBtiYo26cILQhJA0+r9NUtKJE3E17kBLJSY8WLYl673eUMYAJwqGO42dxdha3vvRzIlnCt3NU+aOrrwljOQ1b3RuSOnzWhtKGlYVDDYCthpbT9GiSbATTj5k5SWa6pLCvB0FMKsGeEIhZnKSIX3LFGB/H1Uk/HH+AmDqE7D6sFi9PMsPBA4E38IAAAA=[0m[Pipeline] {
[2020-04-10T04:12:29.826Z] [8mha:////4E4tHqUXrzSNr8KrZ7GtccsBcuDAo6NcTb8Pn5x0ZJycAAAAox+LCAAAAAAAAP9tjTESwiAURH/iWNhaegjSxMqxsmVoPAEmiBDmfwJEUnkir+YdRDNj5RY7+7Z5zxesY4AjBc2swsFg7AzzbtJlsUxhuDrKzNKFdYSRnGJCZUG9Oi0oKClYUtWw4rBR2DmKBnWCLbfyLhsnUTfnFMp34FCbfoQHVLyYkwzpC3OA3W3qI+HP81cAs09Qt+2n9v4NSnc5Zr4AAAA=[0m[Pipeline] sh
[2020-04-10T04:12:30.087Z] + mvn cobertura:cobertura -Dcobertura.report.format=xml
[2020-04-10T04:12:30.087Z] ----- withMaven Wrapper script -----
[2020-04-10T04:12:30.087Z] Picked up JAVA_TOOL_OPTIONS: -Dmaven.ext.class.path="/var/lib/jenkins/workspace/0.ApplicationGroovyPipeLine@tmp/withMavenf7b86ed6/pipeline-maven-spy.jar" -Dorg.jenkinsci.plugins.pipeline.maven.reportsFolder="/var/lib/jenkins/workspace/0.ApplicationGroovyPipeLine@tmp/withMavenf7b86ed6" 
[2020-04-10T04:12:30.338Z] Apache Maven 3.6.3 (cecedd343002696d0abb50b32b541b8a6ba2883f)
[2020-04-10T04:12:30.338Z] Maven home: /var/lib/jenkins/tools/hudson.tasks.Maven_MavenInstallation/MyMaven
[2020-04-10T04:12:30.338Z] Java version: 1.8.0_242, vendor: Private Build, runtime: /usr/lib/jvm/java-8-openjdk-amd64/jre
[2020-04-10T04:12:30.338Z] Default locale: en_IN, platform encoding: UTF-8
[2020-04-10T04:12:30.338Z] OS name: "linux", version: "5.3.0-46-generic", arch: "amd64", family: "unix"
[2020-04-10T04:12:32.202Z] [INFO] [jenkins-event-spy] Generate /var/lib/jenkins/workspace/0.ApplicationGroovyPipeLine@tmp/withMavenf7b86ed6/maven-spy-20200410-094231-6191282934955624400269.log.tmp ...
[2020-04-10T04:12:32.453Z] [INFO] Scanning for projects...
[2020-04-10T04:12:32.453Z] [WARNING] 
[2020-04-10T04:12:32.453Z] [WARNING] Some problems were encountered while building the effective model for com.edurekademo.tutorial:addressbook:war:2.0
[2020-04-10T04:12:32.454Z] [WARNING] Reporting configuration should be done in <reporting> section, not in maven-site-plugin <configuration> as reportPlugins parameter. @ line 298, column 40
[2020-04-10T04:12:32.454Z] [WARNING] 
[2020-04-10T04:12:32.704Z] [WARNING] It is highly recommended to fix these problems because they threaten the stability of your build.
[2020-04-10T04:12:32.704Z] [WARNING] 
[2020-04-10T04:12:32.705Z] [WARNING] For this reason, future Maven versions might no longer support building such malformed projects.
[2020-04-10T04:12:32.705Z] [WARNING] 
[2020-04-10T04:12:34.049Z] [INFO] Downloading from vaadin-snapshots: http://oss.sonatype.org/content/repositories/vaadin-snapshots/org/codehaus/mojo/cobertura-maven-plugin/maven-metadata.xml
[2020-04-10T04:12:36.536Z] [INFO] 
[2020-04-10T04:12:36.536Z] [INFO] ----------------< com.edurekademo.tutorial:addressbook >----------------
[2020-04-10T04:12:36.536Z] [INFO] Building Vaadin Addressbook example 2.0
[2020-04-10T04:12:36.536Z] [INFO] --------------------------------[ war ]---------------------------------
[2020-04-10T04:12:36.536Z] [INFO] 
[2020-04-10T04:12:36.536Z] [INFO] >>> cobertura-maven-plugin:2.7:cobertura (default-cli) > [cobertura]test @ addressbook >>>
[2020-04-10T04:12:36.787Z] [INFO] 
[2020-04-10T04:12:36.787Z] [INFO] --- maven-enforcer-plugin:1.0:enforce (enforce-versions) @ addressbook ---
[2020-04-10T04:12:37.038Z] [INFO] 
[2020-04-10T04:12:37.038Z] [INFO] --- maven-resources-plugin:2.6:resources (default-resources) @ addressbook ---
[2020-04-10T04:12:37.038Z] [INFO] Using 'UTF-8' encoding to copy filtered resources.
[2020-04-10T04:12:37.038Z] [INFO] skip non existing resourceDirectory /var/lib/jenkins/workspace/0.ApplicationGroovyPipeLine/src/main/resources
[2020-04-10T04:12:37.038Z] [INFO] 
[2020-04-10T04:12:37.038Z] [INFO] --- maven-compiler-plugin:3.2:compile (default-compile) @ addressbook ---
[2020-04-10T04:12:37.289Z] [INFO] Nothing to compile - all classes are up to date
[2020-04-10T04:12:37.289Z] [INFO] 
[2020-04-10T04:12:37.289Z] [INFO] --- cobertura-maven-plugin:2.7:instrument (default-cli) @ addressbook ---
[2020-04-10T04:12:40.522Z] [INFO] Cobertura 2.1.1 - GNU GPL License (NO WARRANTY) - See COPYRIGHT file
[2020-04-10T04:12:40.522Z] [INFO] Cobertura: Saved information on 17 classes.
[2020-04-10T04:12:40.522Z] [INFO] Cobertura: Saved information on 17 classes.
[2020-04-10T04:12:40.522Z] 
[2020-04-10T04:12:40.522Z] [ERROR] Picked up JAVA_TOOL_OPTIONS: -Dmaven.ext.class.path="/var/lib/jenkins/workspace/0.ApplicationGroovyPipeLine@tmp/withMavenf7b86ed6/pipeline-maven-spy.jar" -Dorg.jenkinsci.plugins.pipeline.maven.reportsFolder="/var/lib/jenkins/workspace/0.ApplicationGroovyPipeLine@tmp/withMavenf7b86ed6" 
[2020-04-10T04:12:40.523Z] SLF4J: Class path contains multiple SLF4J bindings.
[2020-04-10T04:12:40.523Z] SLF4J: Found binding in [jar:file:/var/lib/jenkins/.m2/repository/ch/qos/logback/logback-classic/1.0.13/logback-classic-1.0.13.jar!/org/slf4j/impl/StaticLoggerBinder.class]
[2020-04-10T04:12:40.523Z] SLF4J: Found binding in [jar:file:/var/lib/jenkins/.m2/repository/org/slf4j/slf4j-simple/1.7.7/slf4j-simple-1.7.7.jar!/org/slf4j/impl/StaticLoggerBinder.class]
[2020-04-10T04:12:40.523Z] SLF4J: Found binding in [jar:file:/var/lib/jenkins/.m2/repository/org/slf4j/slf4j-log4j12/1.7.7/slf4j-log4j12-1.7.7.jar!/org/slf4j/impl/StaticLoggerBinder.class]
[2020-04-10T04:12:40.523Z] SLF4J: See http://www.slf4j.org/codes.html#multiple_bindings for an explanation.
[2020-04-10T04:12:40.523Z] SLF4J: Actual binding is of type [ch.qos.logback.classic.util.ContextSelectorStaticBinder]
[2020-04-10T04:12:40.523Z] 
[2020-04-10T04:12:40.523Z] [INFO] Instrumentation was successful.
[2020-04-10T04:12:40.523Z] [INFO] NOT adding cobertura ser file to attached artifacts list.
[2020-04-10T04:12:40.523Z] [INFO] 
[2020-04-10T04:12:40.523Z] [INFO] --- maven-resources-plugin:2.6:testResources (default-testResources) @ addressbook ---
[2020-04-10T04:12:40.523Z] [INFO] Using 'UTF-8' encoding to copy filtered resources.
[2020-04-10T04:12:40.523Z] [INFO] Copying 1 resource
[2020-04-10T04:12:40.523Z] [INFO] 
[2020-04-10T04:12:40.523Z] [INFO] --- maven-compiler-plugin:3.2:testCompile (default-testCompile) @ addressbook ---
[2020-04-10T04:12:40.523Z] [INFO] Nothing to compile - all classes are up to date
[2020-04-10T04:12:40.523Z] [INFO] 
[2020-04-10T04:12:40.523Z] [INFO] --- maven-surefire-plugin:2.19.1:test (default-test) @ addressbook ---
[2020-04-10T04:12:40.523Z] 
[2020-04-10T04:12:40.523Z] -------------------------------------------------------
[2020-04-10T04:12:40.523Z]  T E S T S
[2020-04-10T04:12:40.523Z] -------------------------------------------------------
[2020-04-10T04:12:40.774Z] Picked up JAVA_TOOL_OPTIONS: -Dmaven.ext.class.path="/var/lib/jenkins/workspace/0.ApplicationGroovyPipeLine@tmp/withMavenf7b86ed6/pipeline-maven-spy.jar" -Dorg.jenkinsci.plugins.pipeline.maven.reportsFolder="/var/lib/jenkins/workspace/0.ApplicationGroovyPipeLine@tmp/withMavenf7b86ed6" 
[2020-04-10T04:12:41.325Z] Running com.edurekademo.utilities.TestHexAsciiConversion
[2020-04-10T04:12:41.325Z] SLF4J: Class path contains multiple SLF4J bindings.
[2020-04-10T04:12:41.326Z] SLF4J: Found binding in [jar:file:/var/lib/jenkins/.m2/repository/org/slf4j/slf4j-simple/1.7.7/slf4j-simple-1.7.7.jar!/org/slf4j/impl/StaticLoggerBinder.class]
[2020-04-10T04:12:41.326Z] SLF4J: Found binding in [jar:file:/var/lib/jenkins/.m2/repository/org/slf4j/slf4j-log4j12/1.7.7/slf4j-log4j12-1.7.7.jar!/org/slf4j/impl/StaticLoggerBinder.class]
[2020-04-10T04:12:41.326Z] SLF4J: Found binding in [jar:file:/var/lib/jenkins/.m2/repository/ch/qos/logback/logback-classic/1.0.13/logback-classic-1.0.13.jar!/org/slf4j/impl/StaticLoggerBinder.class]
[2020-04-10T04:12:41.326Z] SLF4J: See http://www.slf4j.org/codes.html#multiple_bindings for an explanation.
[2020-04-10T04:12:41.326Z] SLF4J: Actual binding is of type [org.slf4j.impl.SimpleLoggerFactory]
[2020-04-10T04:12:41.326Z] testing ascii convertion into hexadecimal
[2020-04-10T04:12:41.326Z] 74657374696e6720617363696920636f6e76657274696f6e20696e746f2068657861646563696d616c
[2020-04-10T04:12:41.326Z] Tests run: 4, Failures: 0, Errors: 0, Skipped: 0, Time elapsed: 0.057 sec - in com.edurekademo.utilities.TestHexAsciiConversion
[2020-04-10T04:12:41.326Z] Running com.edurekademo.utilities.TestLogger
[2020-04-10T04:12:41.326Z] [pool-1-thread-5] INFO com.edurekademo.utilities.TestLogger - java.lang.ArithmeticException: / by zero
[2020-04-10T04:12:41.326Z] Cause:at com.edurekademo.utilities.TestLogger.testGetErrorMessage1(TestLogger.java:14)
[2020-04-10T04:12:41.326Z] Cause:at sun.reflect.NativeMethodAccessorImpl.invoke0(Native Method)
[2020-04-10T04:12:41.326Z] [pool-1-thread-6] INFO com.edurekademo.utilities.TestLogger - java.lang.ArithmeticException: / by zero
[2020-04-10T04:12:41.326Z] Cause:at com.edurekademo.utilities.TestLogger.testGetErrorMessage2(TestLogger.java:30)
[2020-04-10T04:12:41.326Z] Cause:at sun.reflect.NativeMethodAccessorImpl.invoke0(Native Method)
[2020-04-10T04:12:41.326Z] [pool-1-thread-7] INFO com.edurekademo.utilities.TestLogger - java.lang.ArithmeticException: / by zero
[2020-04-10T04:12:41.326Z] Cause:at com.edurekademo.utilities.ExceptionThrower.getCounter(ExceptionThrower.java:13)
[2020-04-10T04:12:41.326Z] Cause:at com.edurekademo.utilities.TestLogger.testGetErrorMessage3(TestLogger.java:45)
[2020-04-10T04:12:41.326Z] [pool-1-thread-8] INFO com.edurekademo.utilities.TestLogger - java.io.IOException: TESTIOEXCEPTION
[2020-04-10T04:12:41.326Z] Cause:at com.edurekademo.utilities.ExceptionThrower.doNothing(ExceptionThrower.java:18)
[2020-04-10T04:12:41.326Z] Cause:at com.edurekademo.utilities.TestLogger.testGetErrorMessage4(TestLogger.java:60)
[2020-04-10T04:12:41.326Z] [pool-1-thread-9] ERROR com.edurekademo.utilities.ExceptionThrower - java.lang.Exception: DEAR
[2020-04-10T04:12:41.326Z] Cause:at com.edurekademo.utilities.ExceptionThrower.doYYY(ExceptionThrower.java:35)
[2020-04-10T04:12:41.326Z] Cause:at com.edurekademo.utilities.ExceptionThrower.doXXX(ExceptionThrower.java:23)
[2020-04-10T04:12:41.326Z] [pool-1-thread-9] INFO com.edurekademo.utilities.TestLogger - java.lang.Exception: TEST MESSAGE
[2020-04-10T04:12:41.326Z] Cause:at com.edurekademo.utilities.ExceptionThrower.doCheck(ExceptionThrower.java:43)
[2020-04-10T04:12:41.326Z] Cause:at com.edurekademo.utilities.TestLogger.testGetErrorMessage5(TestLogger.java:75)
[2020-04-10T04:12:41.326Z] ***** java.lang.Exception: TEST MESSAGE
[2020-04-10T04:12:41.326Z] Cause:at com.edurekademo.utilities.ExceptionThrower.doCheck(ExceptionThrower.java:43)
[2020-04-10T04:12:41.326Z] Cause:at com.edurekademo.utilities.TestLogger.testGetErrorMessage5(TestLogger.java:75)
[2020-04-10T04:12:41.578Z] Tests run: 5, Failures: 0, Errors: 0, Skipped: 0, Time elapsed: 0.055 sec - in com.edurekademo.utilities.TestLogger
[2020-04-10T04:12:41.578Z] Running com.edurekademo.utilities.TestGenericComparator
[2020-04-10T04:12:41.578Z] Tests run: 14, Failures: 0, Errors: 0, Skipped: 0, Time elapsed: 0.064 sec - in com.edurekademo.utilities.TestGenericComparator
[2020-04-10T04:12:43.441Z] 
[2020-04-10T04:12:43.441Z] Results :
[2020-04-10T04:12:43.441Z] 
[2020-04-10T04:12:43.441Z] Tests run: 23, Failures: 0, Errors: 0, Skipped: 0
[2020-04-10T04:12:43.441Z] 
[2020-04-10T04:12:43.441Z] [INFO] 
[2020-04-10T04:12:43.441Z] [INFO] <<< cobertura-maven-plugin:2.7:cobertura (default-cli) < [cobertura]test @ addressbook <<<
[2020-04-10T04:12:43.441Z] [INFO] 
[2020-04-10T04:12:43.441Z] [INFO] 
[2020-04-10T04:12:43.441Z] [INFO] --- cobertura-maven-plugin:2.7:cobertura (default-cli) @ addressbook ---
[2020-04-10T04:12:44.353Z] [INFO] Cobertura 2.1.1 - GNU GPL License (NO WARRANTY) - See COPYRIGHT file
[2020-04-10T04:12:44.353Z] [INFO] Cobertura: Loaded information on 17 classes.
[2020-04-10T04:12:44.353Z] [WARN] JavaNCSS got an error while parsing the java file /var/lib/jenkins/workspace/0.ApplicationGroovyPipeLine/src/main/java/com/edurekademo/tutorial/addressbook/AddressbookUI.java
[2020-04-10T04:12:44.353Z] ParseException in STDIN
[2020-04-10T04:12:44.353Z] Last useful checkpoint: "com.edurekademo.tutorial.addressbook.AddressbookUI.configureComponents()"
[2020-04-10T04:12:44.353Z] Encountered " ">" "> "" at line 72, column 40.
[2020-04-10T04:12:44.353Z] Was expecting one of:
[2020-04-10T04:12:44.353Z]     "assert" ...
[2020-04-10T04:12:44.353Z]     "boolean" ...
[2020-04-10T04:12:44.353Z]     "byte" ...
[2020-04-10T04:12:44.354Z]     "char" ...
[2020-04-10T04:12:44.354Z]     "double" ...
[2020-04-10T04:12:44.354Z]     "enum" ...
[2020-04-10T04:12:44.354Z]     "false" ...
[2020-04-10T04:12:44.354Z]     "float" ...
[2020-04-10T04:12:44.354Z]     "int" ...
[2020-04-10T04:12:44.354Z]     "long" ...
[2020-04-10T04:12:44.354Z]     "new" ...
[2020-04-10T04:12:44.354Z]     "null" ...
[2020-04-10T04:12:44.354Z]     "short" ...
[2020-04-10T04:12:44.354Z]     "super" ...
[2020-04-10T04:12:44.354Z]     "this" ...
[2020-04-10T04:12:44.354Z]     "true" ...
[2020-04-10T04:12:44.354Z]     "void" ...
[2020-04-10T04:12:44.354Z]     <INTEGER_LITERAL> ...
[2020-04-10T04:12:44.354Z]     <FLOATING_POINT_LITERAL> ...
[2020-04-10T04:12:44.354Z]     <CHARACTER_LITERAL> ...
[2020-04-10T04:12:44.354Z]     <STRING_LITERAL> ...
[2020-04-10T04:12:44.354Z]     <IDENTIFIER> ...
[2020-04-10T04:12:44.354Z]     "(" ...
[2020-04-10T04:12:44.354Z]     "!" ...
[2020-04-10T04:12:44.354Z]     "~" ...
[2020-04-10T04:12:44.354Z]     "++" ...
[2020-04-10T04:12:44.354Z]     "--" ...
[2020-04-10T04:12:44.354Z]     "+" ...
[2020-04-10T04:12:44.354Z]     "-" ...
[2020-04-10T04:12:44.354Z]     
[2020-04-10T04:12:44.354Z] 
[2020-04-10T04:12:44.354Z] [WARN] JavaNCSS got an error while parsing the java file /var/lib/jenkins/workspace/0.ApplicationGroovyPipeLine/src/main/java/com/edurekademo/tutorial/addressbook/ContactForm.java
[2020-04-10T04:12:44.354Z] ParseException in STDIN
[2020-04-10T04:12:44.354Z] Last useful checkpoint: "com.edurekademo.tutorial.addressbook.ContactForm"
[2020-04-10T04:12:44.354Z] Encountered " ":" ": "" at line 26, column 42.
[2020-04-10T04:12:44.354Z] Was expecting one of:
[2020-04-10T04:12:44.354Z]     "assert" ...
[2020-04-10T04:12:44.355Z]     "instanceof" ...
[2020-04-10T04:12:44.355Z]     "new" ...
[2020-04-10T04:12:44.355Z]     <IDENTIFIER> ...
[2020-04-10T04:12:44.355Z]     ")" ...
[2020-04-10T04:12:44.355Z]     "," ...
[2020-04-10T04:12:44.355Z]     "." ...
[2020-04-10T04:12:44.355Z]     "=" ...
[2020-04-10T04:12:44.355Z]     ">" ...
[2020-04-10T04:12:44.355Z]     "<" ...
[2020-04-10T04:12:44.355Z]     "?" ...
[2020-04-10T04:12:44.355Z]     "==" ...
[2020-04-10T04:12:44.355Z]     "<=" ...
[2020-04-10T04:12:44.355Z]     ">=" ...
[2020-04-10T04:12:44.355Z]     "!=" ...
[2020-04-10T04:12:44.355Z]     "||" ...
[2020-04-10T04:12:44.355Z]     "&&" ...
[2020-04-10T04:12:44.355Z]     "++" ...
[2020-04-10T04:12:44.355Z]     "--" ...
[2020-04-10T04:12:44.355Z]     "+" ...
[2020-04-10T04:12:44.355Z]     "-" ...
[2020-04-10T04:12:44.355Z]     "*" ...
[2020-04-10T04:12:44.355Z]     "/" ...
[2020-04-10T04:12:44.355Z]     "&" ...
[2020-04-10T04:12:44.355Z]     "|" ...
[2020-04-10T04:12:44.355Z]     "^" ...
[2020-04-10T04:12:44.355Z]     "%" ...
[2020-04-10T04:12:44.355Z]     "+=" ...
[2020-04-10T04:12:44.355Z]     "-=" ...
[2020-04-10T04:12:44.355Z]     "*=" ...
[2020-04-10T04:12:44.355Z]     "/=" ...
[2020-04-10T04:12:44.355Z]     "&=" ...
[2020-04-10T04:12:44.355Z]     "|=" ...
[2020-04-10T04:12:44.355Z]     "^=" ...
[2020-04-10T04:12:44.355Z]     "%=" ...
[2020-04-10T04:12:44.356Z]     "<<=" ...
[2020-04-10T04:12:44.356Z]     ">>=" ...
[2020-04-10T04:12:44.356Z]     ">>>=" ...
[2020-04-10T04:12:44.356Z]     ">" ...
[2020-04-10T04:12:44.356Z]     "." ...
[2020-04-10T04:12:44.356Z]     "." ...
[2020-04-10T04:12:44.356Z]     "." ...
[2020-04-10T04:12:44.356Z]     "." ...
[2020-04-10T04:12:44.356Z]     
[2020-04-10T04:12:44.356Z] 
[2020-04-10T04:12:44.356Z] Report time: 513ms
[2020-04-10T04:12:44.356Z] 
[2020-04-10T04:12:44.356Z] [ERROR] Picked up JAVA_TOOL_OPTIONS: -Dmaven.ext.class.path="/var/lib/jenkins/workspace/0.ApplicationGroovyPipeLine@tmp/withMavenf7b86ed6/pipeline-maven-spy.jar" -Dorg.jenkinsci.plugins.pipeline.maven.reportsFolder="/var/lib/jenkins/workspace/0.ApplicationGroovyPipeLine@tmp/withMavenf7b86ed6" 
[2020-04-10T04:12:44.356Z] net.sourceforge.cobertura.javancss.parser.ParseException: Encountered " ">" "> "" at line 72, column 40.
[2020-04-10T04:12:44.356Z] Was expecting one of:
[2020-04-10T04:12:44.356Z]     "assert" ...
[2020-04-10T04:12:44.356Z]     "boolean" ...
[2020-04-10T04:12:44.356Z]     "byte" ...
[2020-04-10T04:12:44.356Z]     "char" ...
[2020-04-10T04:12:44.356Z]     "double" ...
[2020-04-10T04:12:44.356Z]     "enum" ...
[2020-04-10T04:12:44.356Z]     "false" ...
[2020-04-10T04:12:44.356Z]     "float" ...
[2020-04-10T04:12:44.356Z]     "int" ...
[2020-04-10T04:12:44.356Z]     "long" ...
[2020-04-10T04:12:44.356Z]     "new" ...
[2020-04-10T04:12:44.357Z]     "null" ...
[2020-04-10T04:12:44.357Z]     "short" ...
[2020-04-10T04:12:44.357Z]     "super" ...
[2020-04-10T04:12:44.357Z]     "this" ...
[2020-04-10T04:12:44.357Z]     "true" ...
[2020-04-10T04:12:44.357Z]     "void" ...
[2020-04-10T04:12:44.357Z]     <INTEGER_LITERAL> ...
[2020-04-10T04:12:44.357Z]     <FLOATING_POINT_LITERAL> ...
[2020-04-10T04:12:44.357Z]     <CHARACTER_LITERAL> ...
[2020-04-10T04:12:44.357Z]     <STRING_LITERAL> ...
[2020-04-10T04:12:44.357Z]     <IDENTIFIER> ...
[2020-04-10T04:12:44.357Z]     "(" ...
[2020-04-10T04:12:44.357Z]     "!" ...
[2020-04-10T04:12:44.357Z]     "~" ...
[2020-04-10T04:12:44.357Z]     "++" ...
[2020-04-10T04:12:44.357Z]     "--" ...
[2020-04-10T04:12:44.357Z]     "+" ...
[2020-04-10T04:12:44.357Z]     "-" ...
[2020-04-10T04:12:44.357Z]     
[2020-04-10T04:12:44.357Z] 	at net.sourceforge.cobertura.javancss.parser.JavaParser.generateParseException(JavaParser.java:10490)
[2020-04-10T04:12:44.357Z] 	at net.sourceforge.cobertura.javancss.parser.JavaParser.jj_consume_token(JavaParser.java:10366)
[2020-04-10T04:12:44.357Z] 	at net.sourceforge.cobertura.javancss.parser.JavaParser.UnaryExpression(JavaParser.java:3175)
[2020-04-10T04:12:44.357Z] 	at net.sourceforge.cobertura.javancss.parser.JavaParser.MultiplicativeExpression(JavaParser.java:3090)
[2020-04-10T04:12:44.357Z] 	at net.sourceforge.cobertura.javancss.parser.JavaParser.AdditiveExpression(JavaParser.java:3085)
[2020-04-10T04:12:44.357Z] 	at net.sourceforge.cobertura.javancss.parser.JavaParser.ShiftExpression(JavaParser.java:3027)
[2020-04-10T04:12:44.357Z] 	at net.sourceforge.cobertura.javancss.parser.JavaParser.RelationalExpression(JavaParser.java:2990)
[2020-04-10T04:12:44.357Z] 	at net.sourceforge.cobertura.javancss.parser.JavaParser.InstanceOfExpression(JavaParser.java:2977)
[2020-04-10T04:12:44.357Z] 	at net.sourceforge.cobertura.javancss.parser.JavaParser.AssigmentExpression(JavaParser.java:2959)
[2020-04-10T04:12:44.357Z] 	at net.sourceforge.cobertura.javancss.parser.JavaParser.EqualityExpression(JavaParser.java:2886)
[2020-04-10T04:12:44.357Z] 	at net.sourceforge.cobertura.javancss.parser.JavaParser.AndExpression(JavaParser.java:2860)
[2020-04-10T04:12:44.357Z] 	at net.sourceforge.cobertura.javancss.parser.JavaParser.ExclusiveOrExpression(JavaParser.java:2843)
[2020-04-10T04:12:44.357Z] 	at net.sourceforge.cobertura.javancss.parser.JavaParser.InclusiveOrExpression(JavaParser.java:2826)
[2020-04-10T04:12:44.357Z] 	at net.sourceforge.cobertura.javancss.parser.JavaParser.ConditionalAndExpression(JavaParser.java:2808)
[2020-04-10T04:12:44.357Z] 	at net.sourceforge.cobertura.javancss.parser.JavaParser.ConditionalOrExpression(JavaParser.java:2790)
[2020-04-10T04:12:44.358Z] 	at net.sourceforge.cobertura.javancss.parser.JavaParser.ConditionalExpression(JavaParser.java:2774)
[2020-04-10T04:12:44.358Z] 	at net.sourceforge.cobertura.javancss.parser.JavaParser.Expression(JavaParser.java:2718)
[2020-04-10T04:12:44.358Z] 	at net.sourceforge.cobertura.javancss.parser.JavaParser.ArgumentList(JavaParser.java:3620)
[2020-04-10T04:12:44.358Z] 	at net.sourceforge.cobertura.javancss.parser.JavaParser.Arguments(JavaParser.java:3610)
[2020-04-10T04:12:44.358Z] 	at net.sourceforge.cobertura.javancss.parser.JavaParser.PrimarySuffix(JavaParser.java:3511)
[2020-04-10T04:12:44.358Z] 	at net.sourceforge.cobertura.javancss.parser.JavaParser.PrimaryExpression(JavaParser.java:3384)
[2020-04-10T04:12:44.358Z] 	at net.sourceforge.cobertura.javancss.parser.JavaParser.StatementExpression(JavaParser.java:4070)
[2020-04-10T04:12:44.358Z] 	at net.sourceforge.cobertura.javancss.parser.JavaParser.Statement(JavaParser.java:3795)
[2020-04-10T04:12:44.358Z] 	at net.sourceforge.cobertura.javancss.parser.JavaParser.BlockStatement(JavaParser.java:3984)
[2020-04-10T04:12:44.358Z] 	at net.sourceforge.cobertura.javancss.parser.JavaParser.Block(JavaParser.java:3934)
[2020-04-10T04:12:44.358Z] 	at net.sourceforge.cobertura.javancss.parser.JavaParser.MethodDeclaration(JavaParser.java:1987)
[2020-04-10T04:12:44.358Z] 	at net.sourceforge.cobertura.javancss.parser.JavaParser.ClassBodyDeclaration(JavaParser.java:1039)
[2020-04-10T04:12:44.358Z] 	at net.sourceforge.cobertura.javancss.parser.JavaParser.ClassBody(JavaParser.java:898)
[2020-04-10T04:12:44.358Z] 	at net.sourceforge.cobertura.javancss.parser.JavaParser.UnmodifiedClassDeclaration(JavaParser.java:824)
[2020-04-10T04:12:44.358Z] 	at net.sourceforge.cobertura.javancss.parser.JavaParser.ClassDeclaration(JavaParser.java:728)
[2020-04-10T04:12:44.358Z] 	at net.sourceforge.cobertura.javancss.parser.JavaParser.TypeDeclaration(JavaParser.java:575)
[2020-04-10T04:12:44.358Z] 	at net.sourceforge.cobertura.javancss.parser.JavaParser.CompilationUnit(JavaParser.java:318)
[2020-04-10T04:12:44.358Z] 	at net.sourceforge.cobertura.javancss.parser.JavaParser.parse(JavaParser.java:100)
[2020-04-10T04:12:44.358Z] 	at net.sourceforge.cobertura.javancss.Javancss._measureSource(Javancss.java:192)
[2020-04-10T04:12:44.358Z] 	at net.sourceforge.cobertura.javancss.Javancss._measureRoot(Javancss.java:268)
[2020-04-10T04:12:44.358Z] 	at net.sourceforge.cobertura.javancss.Javancss.<init>(Javancss.java:347)
[2020-04-10T04:12:44.358Z] 	at net.sourceforge.cobertura.javancss.JavancssFactory.newInstance(JavancssFactory.java:40)
[2020-04-10T04:12:44.358Z] 	at net.sourceforge.cobertura.reporting.ComplexityCalculator.getFunctionMetricsForSingleFile(ComplexityCalculator.java:243)
[2020-04-10T04:12:44.358Z] 	at net.sourceforge.cobertura.reporting.ComplexityCalculator.getAccumlatedCCNForSingleFile(ComplexityCalculator.java:143)
[2020-04-10T04:12:44.358Z] 	at net.sourceforge.cobertura.reporting.ComplexityCalculator.getCCNForSourceFileNameInternal(ComplexityCalculator.java:273)
[2020-04-10T04:12:44.358Z] 	at net.sourceforge.cobertura.reporting.ComplexityCalculator.getCCNForPackageInternal(ComplexityCalculator.java:208)
[2020-04-10T04:12:44.358Z] 	at net.sourceforge.cobertura.reporting.ComplexityCalculator.getCCNForProject(ComplexityCalculator.java:174)
[2020-04-10T04:12:44.358Z] 	at net.sourceforge.cobertura.reporting.xml.XMLReport.<init>(XMLReport.java:70)
[2020-04-10T04:12:44.359Z] 	at net.sourceforge.cobertura.reporting.xml.XMLReportFormatStrategy.save(XMLReportFormatStrategy.java:18)
[2020-04-10T04:12:44.359Z] 	at net.sourceforge.cobertura.reporting.NativeReport.export(NativeReport.java:31)
[2020-04-10T04:12:44.359Z] 	at net.sourceforge.cobertura.reporting.CompositeReport.export(CompositeReport.java:19)
[2020-04-10T04:12:44.359Z] 	at net.sourceforge.cobertura.reporting.ReportMain.parseArgumentsAndReport(ReportMain.java:91)
[2020-04-10T04:12:44.359Z] 	at net.sourceforge.cobertura.reporting.ReportMain.generateReport(ReportMain.java:141)
[2020-04-10T04:12:44.359Z] 	at net.sourceforge.cobertura.reporting.ReportMain.main(ReportMain.java:151)
[2020-04-10T04:12:44.359Z] net.sourceforge.cobertura.javancss.parser.ParseException: Encountered " ":" ": "" at line 26, column 42.
[2020-04-10T04:12:44.359Z] Was expecting one of:
[2020-04-10T04:12:44.359Z]     "assert" ...
[2020-04-10T04:12:44.359Z]     "instanceof" ...
[2020-04-10T04:12:44.359Z]     "new" ...
[2020-04-10T04:12:44.359Z]     <IDENTIFIER> ...
[2020-04-10T04:12:44.359Z]     ")" ...
[2020-04-10T04:12:44.359Z]     "," ...
[2020-04-10T04:12:44.359Z]     "." ...
[2020-04-10T04:12:44.359Z]     "=" ...
[2020-04-10T04:12:44.359Z]     ">" ...
[2020-04-10T04:12:44.359Z]     "<" ...
[2020-04-10T04:12:44.359Z]     "?" ...
[2020-04-10T04:12:44.359Z]     "==" ...
[2020-04-10T04:12:44.359Z]     "<=" ...
[2020-04-10T04:12:44.359Z]     ">=" ...
[2020-04-10T04:12:44.359Z]     "!=" ...
[2020-04-10T04:12:44.359Z]     "||" ...
[2020-04-10T04:12:44.359Z]     "&&" ...
[2020-04-10T04:12:44.359Z]     "++" ...
[2020-04-10T04:12:44.359Z]     "--" ...
[2020-04-10T04:12:44.359Z]     "+" ...
[2020-04-10T04:12:44.359Z]     "-" ...
[2020-04-10T04:12:44.359Z]     "*" ...
[2020-04-10T04:12:44.359Z]     "/" ...
[2020-04-10T04:12:44.359Z]     "&" ...
[2020-04-10T04:12:44.359Z]     "|" ...
[2020-04-10T04:12:44.359Z]     "^" ...
[2020-04-10T04:12:44.359Z]     "%" ...
[2020-04-10T04:12:44.359Z]     "+=" ...
[2020-04-10T04:12:44.359Z]     "-=" ...
[2020-04-10T04:12:44.359Z]     "*=" ...
[2020-04-10T04:12:44.360Z]     "/=" ...
[2020-04-10T04:12:44.368Z]     "&=" ...
[2020-04-10T04:12:44.368Z]     "|=" ...
[2020-04-10T04:12:44.368Z]     "^=" ...
[2020-04-10T04:12:44.368Z]     "%=" ...
[2020-04-10T04:12:44.368Z]     "<<=" ...
[2020-04-10T04:12:44.368Z]     ">>=" ...
[2020-04-10T04:12:44.368Z]     ">>>=" ...
[2020-04-10T04:12:44.368Z]     ">" ...
[2020-04-10T04:12:44.368Z]     "." ...
[2020-04-10T04:12:44.368Z]     "." ...
[2020-04-10T04:12:44.368Z]     "." ...
[2020-04-10T04:12:44.368Z]     "." ...
[2020-04-10T04:12:44.368Z]     
[2020-04-10T04:12:44.368Z] 	at net.sourceforge.cobertura.javancss.parser.JavaParser.generateParseException(JavaParser.java:10490)
[2020-04-10T04:12:44.368Z] 	at net.sourceforge.cobertura.javancss.parser.JavaParser.jj_consume_token(JavaParser.java:10366)
[2020-04-10T04:12:44.368Z] 	at net.sourceforge.cobertura.javancss.parser.JavaParser.Arguments(JavaParser.java:3616)
[2020-04-10T04:12:44.368Z] 	at net.sourceforge.cobertura.javancss.parser.JavaParser.AllocationExpression(JavaParser.java:3665)
[2020-04-10T04:12:44.368Z] 	at net.sourceforge.cobertura.javancss.parser.JavaParser.PrimaryPrefix(JavaParser.java:3456)
[2020-04-10T04:12:44.368Z] 	at net.sourceforge.cobertura.javancss.parser.JavaParser.PrimaryExpression(JavaParser.java:3376)
[2020-04-10T04:12:44.368Z] 	at net.sourceforge.cobertura.javancss.parser.JavaParser.PostfixExpression(JavaParser.java:3330)
[2020-04-10T04:12:44.368Z] 	at net.sourceforge.cobertura.javancss.parser.JavaParser.UnaryExpressionNotPlusMinus(JavaParser.java:3237)
[2020-04-10T04:12:44.368Z] 	at net.sourceforge.cobertura.javancss.parser.JavaParser.UnaryExpression(JavaParser.java:3171)
[2020-04-10T04:12:44.368Z] 	at net.sourceforge.cobertura.javancss.parser.JavaParser.MultiplicativeExpression(JavaParser.java:3090)
[2020-04-10T04:12:44.368Z] 	at net.sourceforge.cobertura.javancss.parser.JavaParser.AdditiveExpression(JavaParser.java:3061)
[2020-04-10T04:12:44.369Z] 	at net.sourceforge.cobertura.javancss.parser.JavaParser.ShiftExpression(JavaParser.java:3027)
[2020-04-10T04:12:44.369Z] 	at net.sourceforge.cobertura.javancss.parser.JavaParser.RelationalExpression(JavaParser.java:2990)
[2020-04-10T04:12:44.369Z] 	at net.sourceforge.cobertura.javancss.parser.JavaParser.InstanceOfExpression(JavaParser.java:2977)
[2020-04-10T04:12:44.369Z] 	at net.sourceforge.cobertura.javancss.parser.JavaParser.AssigmentExpression(JavaParser.java:2959)
[2020-04-10T04:12:44.369Z] 	at net.sourceforge.cobertura.javancss.parser.JavaParser.EqualityExpression(JavaParser.java:2886)
[2020-04-10T04:12:44.369Z] 	at net.sourceforge.cobertura.javancss.parser.JavaParser.AndExpression(JavaParser.java:2860)
[2020-04-10T04:12:44.369Z] 	at net.sourceforge.cobertura.javancss.parser.JavaParser.ExclusiveOrExpression(JavaParser.java:2843)
[2020-04-10T04:12:44.369Z] 	at net.sourceforge.cobertura.javancss.parser.JavaParser.InclusiveOrExpression(JavaParser.java:2826)
[2020-04-10T04:12:44.369Z] 	at net.sourceforge.cobertura.javancss.parser.JavaParser.ConditionalAndExpression(JavaParser.java:2808)
[2020-04-10T04:12:44.369Z] 	at net.sourceforge.cobertura.javancss.parser.JavaParser.ConditionalOrExpression(JavaParser.java:2790)
[2020-04-10T04:12:44.369Z] 	at net.sourceforge.cobertura.javancss.parser.JavaParser.ConditionalExpression(JavaParser.java:2774)
[2020-04-10T04:12:44.369Z] 	at net.sourceforge.cobertura.javancss.parser.JavaParser.Expression(JavaParser.java:2718)
[2020-04-10T04:12:44.369Z] 	at net.sourceforge.cobertura.javancss.parser.JavaParser.VariableInitializer(JavaParser.java:1744)
[2020-04-10T04:12:44.369Z] 	at net.sourceforge.cobertura.javancss.parser.JavaParser.VariableDeclarator(JavaParser.java:1672)
[2020-04-10T04:12:44.369Z] 	at net.sourceforge.cobertura.javancss.parser.JavaParser.FieldDeclaration(JavaParser.java:1649)
[2020-04-10T04:12:44.369Z] 	at net.sourceforge.cobertura.javancss.parser.JavaParser.ClassBodyDeclaration(JavaParser.java:1071)
[2020-04-10T04:12:44.369Z] 	at net.sourceforge.cobertura.javancss.parser.JavaParser.ClassBody(JavaParser.java:898)
[2020-04-10T04:12:44.369Z] 	at net.sourceforge.cobertura.javancss.parser.JavaParser.UnmodifiedClassDeclaration(JavaParser.java:824)
[2020-04-10T04:12:44.369Z] 	at net.sourceforge.cobertura.javancss.parser.JavaParser.ClassDeclaration(JavaParser.java:728)
[2020-04-10T04:12:44.369Z] 	at net.sourceforge.cobertura.javancss.parser.JavaParser.TypeDeclaration(JavaParser.java:575)
[2020-04-10T04:12:44.369Z] 	at net.sourceforge.cobertura.javancss.parser.JavaParser.CompilationUnit(JavaParser.java:318)
[2020-04-10T04:12:44.369Z] 	at net.sourceforge.cobertura.javancss.parser.JavaParser.parse(JavaParser.java:100)
[2020-04-10T04:12:44.369Z] 	at net.sourceforge.cobertura.javancss.Javancss._measureSource(Javancss.java:192)
[2020-04-10T04:12:44.369Z] 	at net.sourceforge.cobertura.javancss.Javancss._measureRoot(Javancss.java:268)
[2020-04-10T04:12:44.369Z] 	at net.sourceforge.cobertura.javancss.Javancss.<init>(Javancss.java:347)
[2020-04-10T04:12:44.369Z] 	at net.sourceforge.cobertura.javancss.JavancssFactory.newInstance(JavancssFactory.java:40)
[2020-04-10T04:12:44.369Z] 	at net.sourceforge.cobertura.reporting.ComplexityCalculator.getFunctionMetricsForSingleFile(ComplexityCalculator.java:243)
[2020-04-10T04:12:44.627Z] 	at net.sourceforge.cobertura.reporting.ComplexityCalculator.getAccumlatedCCNForSingleFile(ComplexityCalculator.java:143)
[2020-04-10T04:12:44.627Z] 	at net.sourceforge.cobertura.reporting.ComplexityCalculator.getCCNForSourceFileNameInternal(ComplexityCalculator.java:273)
[2020-04-10T04:12:44.627Z] 	at net.sourceforge.cobertura.reporting.ComplexityCalculator.getCCNForPackageInternal(ComplexityCalculator.java:208)
[2020-04-10T04:12:44.627Z] 	at net.sourceforge.cobertura.reporting.ComplexityCalculator.getCCNForProject(ComplexityCalculator.java:174)
[2020-04-10T04:12:44.627Z] 	at net.sourceforge.cobertura.reporting.xml.XMLReport.<init>(XMLReport.java:70)
[2020-04-10T04:12:44.627Z] 	at net.sourceforge.cobertura.reporting.xml.XMLReportFormatStrategy.save(XMLReportFormatStrategy.java:18)
[2020-04-10T04:12:44.627Z] 	at net.sourceforge.cobertura.reporting.NativeReport.export(NativeReport.java:31)
[2020-04-10T04:12:44.627Z] 	at net.sourceforge.cobertura.reporting.CompositeReport.export(CompositeReport.java:19)
[2020-04-10T04:12:44.627Z] 	at net.sourceforge.cobertura.reporting.ReportMain.parseArgumentsAndReport(ReportMain.java:91)
[2020-04-10T04:12:44.627Z] 	at net.sourceforge.cobertura.reporting.ReportMain.generateReport(ReportMain.java:141)
[2020-04-10T04:12:44.627Z] 	at net.sourceforge.cobertura.reporting.ReportMain.main(ReportMain.java:151)
[2020-04-10T04:12:44.627Z] 
[2020-04-10T04:12:44.627Z] [INFO] Cobertura Report generation was successful.
[2020-04-10T04:12:44.627Z] [INFO] ------------------------------------------------------------------------
[2020-04-10T04:12:44.627Z] [INFO] BUILD SUCCESS
[2020-04-10T04:12:44.627Z] [INFO] ------------------------------------------------------------------------
[2020-04-10T04:12:44.627Z] [INFO] Total time:  12.245 s
[2020-04-10T04:12:44.627Z] [INFO] Finished at: 2020-04-10T09:42:44+05:30
[2020-04-10T04:12:44.627Z] [INFO] ------------------------------------------------------------------------
[2020-04-10T04:12:44.627Z] [INFO] [jenkins-event-spy] Generated /var/lib/jenkins/workspace/0.ApplicationGroovyPipeLine@tmp/withMavenf7b86ed6/maven-spy-20200410-094231-6191282934955624400269.log
[2020-04-10T04:12:44.726Z] [8mha:////4FFIDszJwmuUzqGsTYGdBLs+pPI4QHRDGUE4ks4u3MFfAAAAox+LCAAAAAAAAP9tjTESwiAURH/iWNhaegjSZGwcK1uGxhNggghh/idAJJUn8mreQTQzVm6xs2+b93zBOgY4UtDMKhwMxs4w7yZdFssUhqujzCxdWEcYySkmVBbUq9OCgpKCJVUNKw4bhZ2jaFAn2HIr77JxEnVzTqF8Bw616Ud4QMWLOcmQvjAH2N2mPhL+PH8FMPsEddt+au/fiSQUTb4AAAA=[0m[Pipeline] cobertura
[2020-04-10T04:12:44.733Z] [Cobertura] Publishing Cobertura coverage report...
[2020-04-10T04:12:44.733Z] 
[2020-04-10T04:12:44.918Z] [Cobertura] Publishing Cobertura coverage results...
[2020-04-10T04:12:44.918Z] 
[2020-04-10T04:12:44.927Z] [Cobertura] Cobertura coverage report found.
[2020-04-10T04:12:44.927Z] 
[2020-04-10T04:12:45.139Z] [8mha:////4KUdk4tIihl6znSa7YWyOd8QFoS1XbZJ5YXHCGYfPfLzAAAApB+LCAAAAAAAAP9tjTESwiAURH/iWNhaegjSZMbCsbJlaDwBJogQ5n8CRFJ5Iq/mHUQzY+UWO/u2ec8XrGOAIwXNrMLBYOwM827SZbFMYbg6yszShXWEkZxiQmVBvTotKCgpWFLVsOKwUdg5igZ1gi238i4bJ1E35xTKd+BQm36EB1S8mJMM6QtzgN1t6iPhz/NXALP3Cep2/6n2DfqIzSO+AAAA[0m[Pipeline] }
[2020-04-10T04:12:45.171Z] [withMaven] artifactsPublisher - Archive artifact pom.xml under com/edurekademo/tutorial/addressbook/2.0/addressbook-2.0.pom
[2020-04-10T04:12:45.175Z] [withMaven] junitPublisher - Archive test results for Maven artifact com.edurekademo.tutorial:addressbook:war:2.0 generated by maven-surefire-plugin:test (default-test): target/surefire-reports/*.xml
[2020-04-10T04:12:45.176Z] [withMaven] junitPublisher - Jenkins [8mha:////4H0kOZ2Mp7Jqx5CS7xHN1c8p5HimQU2Ed88buk40PMcuAAAAwR+LCAAAAAAAAP9djEsKwjAUAJ8VPYArEW9QbHYuFBeigj+KIB4g1JC+Nr6E5NXPNbyGbjyEx/EOKu6czcxq7i9oBA/dvNoHS0lmKVijkvnFKW+QytSy6o9uj9HVPSOIFtA0ijTna6hX3jC01oU8SmEkabFlj6SHZw+dv93k5+8MftQigLP7RJthmjO7MBDihCUmhaISKfQyTKzXYo/BGXkRy1m6WqRbsdwRcjxmlll+UMQh3phKI70B4ncifskAAAA=[0mJUnit Attachments Plugin not found, can't publish test attachments.Recording test results
[2020-04-10T04:12:45.230Z] [withMaven] Jenkins [8mha:////4A6k7nFBUgdTY5D74cEfX9bqXzv5XP8Hla+vtR3JaxPxAAAAvB+LCAAAAAAAAP9djMEJwjAUQL8VHUBv4gbF5uZBKR5EsFqKUBcIbUjThJ+QpNqu4Rp6cQjHcQeV3nyX907v8YaRszCvmtJpjAqNTisW7TvDrBIoM+3ZMr4/45t5BRAkMFYMua9SGDZWeZikNb1QoihyknsrkK9bC7O/3bb3bwY9gwCgNd+YethU3hu3IuQqpIhqhlKgWxQi0paTUjijaEcOu+yYZDk5UyfDvKCIzIYn1XCBHwby8vjEAAAA[0mTask Scanner Plugin not found, don't display results of source code scanning for 'TODO' and 'FIXME' in pipeline screen.
[2020-04-10T04:12:45.230Z] [withMaven] Publishers: Pipeline Graph Publisher: 12 ms, Generated Artifacts Publisher: 3 ms, Junit Publisher: 47 ms, Dependencies Fingerprint Publisher: 5 ms, Open Task Scanner Publisher: 1 ms
[2020-04-10T04:12:45.240Z] [8mha:////4BFsGrUA+vL0KhcI9eA9K80X7dZJhfvKK9PZ1ZWrQmYXAAAApR+LCAAAAAAAAP9tjTEOwjAQBC9BFLSUPOJSQIGEqNJabniBiY1xYt0Z2yGpeBFf4w8EIlGxxWpnm3m+YJkiHDlabA11jlLjMPjeTgsHjt3F84Atn7FhSuwNSjNI1qaeUXI2MKcoYSFgZajxnBzZDGvRqruqvCJbnXKcvoOA0ukbPKAQkzmrmL8wRthce52Yfp6/AhhDyFDu9p/avgGMr/9MvgAAAA==[0m[Pipeline] // withMaven
[2020-04-10T04:12:45.252Z] [8mha:////4JM22CNGDdfkWwys3y6vcT2Pqx4r3GLnENNx3h+LziroAAAApR+LCAAAAAAAAP9tjTEOwjAQBC9BFLSUPOIiIRqEqNJabniBiY1xYt0Z2yGpeBFf4w8EIlGxxWpnm3m+YJkiHDlabA11jlLjMPjeTgsHjt3F84Atn7FhSuwNSjNI1qaeUXI2MKcoYSFgZajxnBzZDGvRqruqvCJbnXKcvoOA0ukbPKAQkzmrmL8wRthce52Yfp6/AhhDyFDu9p/avgG/TKTwvgAAAA==[0m[Pipeline] }
[2020-04-10T04:12:45.268Z] [8mha:////4Pj0MhKQWF/QxI56pTf6Chwi8EJzZ8hDpsD9oNwvnkgBAAAApR+LCAAAAAAAAP9tjTEOwjAQBC9BFLSUPOICElQoFa3lhheYxBgn1l2wHZyKF/E1/oBFJCq2WO1sM683LIOHmr3BTlNvKTQWBzeavDCx76+OE3Z8wYYpsNModZLc6tOMkqOGOUUJCwErTY3jYMlEWItOPVTlFJnqHH3+jgJK297hCYXI5qh8/MLkYXMb28D08/wVwDQMEcrDNtd+9wF5R9XovgAAAA==[0m[Pipeline] // stage
[2020-04-10T04:12:45.291Z] [8mha:////4M8E/6SET4uVyKaIOIrpngcMbTOlmTKm9k8kJBIuH/OgAAAAph+LCAAAAAAAAP9tjTEOwjAQBM9BKWgpeYQjJKgQFa3lhheY2Bgn1l2wLyQVL+Jr/IFAJCq22llpNc8XlDnBgZKXjcM2YK6D7GLvpyYHSu0l0iAbOsuaMFN0UrtBk3XHGTWxgzmigIWCpcM6Ug7oGVaqMXdTRYO+OnGatr2CItgbPECoycwm8RfGBOtrbzPhz/NXAGPHILYMxW7zOZZvABM5bsEAAAA=[0m[Pipeline] stage
[2020-04-10T04:12:45.303Z] [8mha:////4CcQy1C8wSC4UD1mHxOxhqB9f6SQorFp3nSEbogr1btSAAAApx+LCAAAAAAAAP9tjTEOwjAUQ3+LOrAycohUIDEhpq5RFk4QmhDSRv+Xn5R24kRcjTvQUokJD5ZtyXqvNxSR4UTsRGOx9RhrL7rQuymJgbi9BhpEQxdRE0YKVig7KDK2WqqiZGFRlsNKwtpiHSh6dAk2stEPXQaNrjwnnrajhNybOzwhkxM5aU7fMjJsb72JhD/OXwCMXYL8sJttPz+LDwMT42zCAAAA[0m[Pipeline] { (Package)
[2020-04-10T04:12:45.325Z] [8mha:////4D9qOmmys3DU8Z2KEVEXlEAV3j4MHu4TZseSk6uXYaEEAAAApx+LCAAAAAAAAP9tjTEOwjAUQ3+LOrAycohUAjEhpq5RFk4QmhDSRv+Xn5R24kRcjTvQUokJD5ZtyXqvNxSR4UTsRGOx9RhrL7rQuymJgbi9BhpEQxdRE0YKVig7KDK2WqqiZGFRlsNKwtpiHSh6dAk2stEPXQaNrjwnnrajhNybOzwhkxM5aU7fMjJsb72JhD/OXwCMXYL8sJttPz+LD6emXT7CAAAA[0m[Pipeline] withMaven
[2020-04-10T04:12:45.327Z] [withMaven] Options: []
[2020-04-10T04:12:45.327Z] [withMaven] Available options: 
[2020-04-10T04:12:45.327Z] [withMaven] using JDK installation provided by the build agent
[2020-04-10T04:12:45.330Z] [withMaven] using Maven installation 'MyMaven'
[2020-04-10T04:12:45.339Z] [8mha:////4GVU14OAv1A6Lm2DxLLssoidHJFC7CH4RYmmUNKFRIE9AAAApx+LCAAAAAAAAP9tjTEOwjAUQ3+LOrAycoh0ACbE1DXKwglCE0La6P/yk9JOnIircQdaKjHhwbItWe/1hiIynIidaCy2HmPtRRd6NyUxELfXQINo6CJqwkjBCmUHRcZWS1WULCzKclhJWFusA0WPLsFGNvqhy6DRlefE03aUkHtzhydkciInzelbRobtrTeR8Mf5C4CxS5AfdrPt52fxAd9J1uLCAAAA[0m[Pipeline] {
[2020-04-10T04:12:45.354Z] [8mha:////4PfM9RMAHy1qwAhdzwN+uGO5mp0kChusmBwYnqEjHgntAAAAox+LCAAAAAAAAP9tjTEOwjAQBC9BFLSUPOLSkApR0VppeIFJjLFj3Tm2g1PxIr7GHwhEomKL1c4283zBOgY4ctBoFfWGYmvQu1HPCzOH/uo4o+ULtkyRncJG5YY7dVqw4aRgSVHCSsBGUes4GtIJtsLKu6ycJF2dU5i/g4DSdAM8oBCzOcmQvjAF2N3GLjL9PH8FMPkEZb3/VO3f4x1Rq74AAAA=[0m[Pipeline] sh
[2020-04-10T04:12:45.624Z] + mvn package
[2020-04-10T04:12:45.624Z] ----- withMaven Wrapper script -----
[2020-04-10T04:12:45.624Z] Picked up JAVA_TOOL_OPTIONS: -Dmaven.ext.class.path="/var/lib/jenkins/workspace/0.ApplicationGroovyPipeLine@tmp/withMavenef1cd932/pipeline-maven-spy.jar" -Dorg.jenkinsci.plugins.pipeline.maven.reportsFolder="/var/lib/jenkins/workspace/0.ApplicationGroovyPipeLine@tmp/withMavenef1cd932" 
[2020-04-10T04:12:45.875Z] Apache Maven 3.6.3 (cecedd343002696d0abb50b32b541b8a6ba2883f)
[2020-04-10T04:12:45.875Z] Maven home: /var/lib/jenkins/tools/hudson.tasks.Maven_MavenInstallation/MyMaven
[2020-04-10T04:12:45.875Z] Java version: 1.8.0_242, vendor: Private Build, runtime: /usr/lib/jvm/java-8-openjdk-amd64/jre
[2020-04-10T04:12:45.875Z] Default locale: en_IN, platform encoding: UTF-8
[2020-04-10T04:12:45.875Z] OS name: "linux", version: "5.3.0-46-generic", arch: "amd64", family: "unix"
[2020-04-10T04:12:47.220Z] [INFO] [jenkins-event-spy] Generate /var/lib/jenkins/workspace/0.ApplicationGroovyPipeLine@tmp/withMavenef1cd932/maven-spy-20200410-094246-9542920655537740347689.log.tmp ...
[2020-04-10T04:12:47.471Z] [INFO] Scanning for projects...
[2020-04-10T04:12:47.471Z] [WARNING] 
[2020-04-10T04:12:47.471Z] [WARNING] Some problems were encountered while building the effective model for com.edurekademo.tutorial:addressbook:war:2.0
[2020-04-10T04:12:47.471Z] [WARNING] Reporting configuration should be done in <reporting> section, not in maven-site-plugin <configuration> as reportPlugins parameter. @ line 298, column 40
[2020-04-10T04:12:47.471Z] [WARNING] 
[2020-04-10T04:12:47.471Z] [WARNING] It is highly recommended to fix these problems because they threaten the stability of your build.
[2020-04-10T04:12:47.471Z] [WARNING] 
[2020-04-10T04:12:47.471Z] [WARNING] For this reason, future Maven versions might no longer support building such malformed projects.
[2020-04-10T04:12:47.471Z] [WARNING] 
[2020-04-10T04:12:47.471Z] [INFO] 
[2020-04-10T04:12:47.471Z] [INFO] ----------------< com.edurekademo.tutorial:addressbook >----------------
[2020-04-10T04:12:47.471Z] [INFO] Building Vaadin Addressbook example 2.0
[2020-04-10T04:12:47.471Z] [INFO] --------------------------------[ war ]---------------------------------
[2020-04-10T04:12:48.023Z] [INFO] 
[2020-04-10T04:12:48.023Z] [INFO] --- maven-enforcer-plugin:1.0:enforce (enforce-versions) @ addressbook ---
[2020-04-10T04:12:48.274Z] [INFO] 
[2020-04-10T04:12:48.274Z] [INFO] --- maven-resources-plugin:2.6:resources (default-resources) @ addressbook ---
[2020-04-10T04:12:48.527Z] [INFO] Using 'UTF-8' encoding to copy filtered resources.
[2020-04-10T04:12:48.527Z] [INFO] skip non existing resourceDirectory /var/lib/jenkins/workspace/0.ApplicationGroovyPipeLine/src/main/resources
[2020-04-10T04:12:48.527Z] [INFO] 
[2020-04-10T04:12:48.527Z] [INFO] --- maven-compiler-plugin:3.2:compile (default-compile) @ addressbook ---
[2020-04-10T04:12:49.079Z] [INFO] Nothing to compile - all classes are up to date
[2020-04-10T04:12:49.079Z] [INFO] 
[2020-04-10T04:12:49.079Z] [INFO] --- maven-resources-plugin:2.6:testResources (default-testResources) @ addressbook ---
[2020-04-10T04:12:49.079Z] [INFO] Using 'UTF-8' encoding to copy filtered resources.
[2020-04-10T04:12:49.079Z] [INFO] Copying 1 resource
[2020-04-10T04:12:49.079Z] [INFO] 
[2020-04-10T04:12:49.079Z] [INFO] --- maven-compiler-plugin:3.2:testCompile (default-testCompile) @ addressbook ---
[2020-04-10T04:12:49.079Z] [INFO] Nothing to compile - all classes are up to date
[2020-04-10T04:12:49.079Z] [INFO] 
[2020-04-10T04:12:49.079Z] [INFO] --- maven-surefire-plugin:2.19.1:test (default-test) @ addressbook ---
[2020-04-10T04:12:49.631Z] 
[2020-04-10T04:12:49.631Z] -------------------------------------------------------
[2020-04-10T04:12:49.631Z]  T E S T S
[2020-04-10T04:12:49.631Z] -------------------------------------------------------
[2020-04-10T04:12:49.631Z] Picked up JAVA_TOOL_OPTIONS: -Dmaven.ext.class.path="/var/lib/jenkins/workspace/0.ApplicationGroovyPipeLine@tmp/withMavenef1cd932/pipeline-maven-spy.jar" -Dorg.jenkinsci.plugins.pipeline.maven.reportsFolder="/var/lib/jenkins/workspace/0.ApplicationGroovyPipeLine@tmp/withMavenef1cd932" 
[2020-04-10T04:12:50.182Z] Running com.edurekademo.utilities.TestHexAsciiConversion
[2020-04-10T04:12:50.182Z] 74657374696e6720617363696920636f6e76657274696f6e20696e746f2068657861646563696d616c
[2020-04-10T04:12:50.182Z] testing ascii convertion into hexadecimal
[2020-04-10T04:12:50.182Z] Tests run: 4, Failures: 0, Errors: 0, Skipped: 0, Time elapsed: 0.018 sec - in com.edurekademo.utilities.TestHexAsciiConversion
[2020-04-10T04:12:50.182Z] Running com.edurekademo.utilities.TestLogger
[2020-04-10T04:12:50.182Z] SLF4J: Class path contains multiple SLF4J bindings.
[2020-04-10T04:12:50.182Z] SLF4J: Found binding in [jar:file:/var/lib/jenkins/.m2/repository/org/slf4j/slf4j-simple/1.7.7/slf4j-simple-1.7.7.jar!/org/slf4j/impl/StaticLoggerBinder.class]
[2020-04-10T04:12:50.182Z] SLF4J: Found binding in [jar:file:/var/lib/jenkins/.m2/repository/org/slf4j/slf4j-log4j12/1.7.7/slf4j-log4j12-1.7.7.jar!/org/slf4j/impl/StaticLoggerBinder.class]
[2020-04-10T04:12:50.182Z] SLF4J: See http://www.slf4j.org/codes.html#multiple_bindings for an explanation.
[2020-04-10T04:12:50.182Z] SLF4J: Actual binding is of type [org.slf4j.impl.SimpleLoggerFactory]
[2020-04-10T04:12:50.182Z] [pool-1-thread-5] ERROR com.edurekademo.utilities.ExceptionThrower - java.lang.Exception: DEAR
[2020-04-10T04:12:50.182Z] Cause:at com.edurekademo.utilities.ExceptionThrower.doYYY(ExceptionThrower.java:35)
[2020-04-10T04:12:50.182Z] Cause:at com.edurekademo.utilities.ExceptionThrower.doXXX(ExceptionThrower.java:23)
[2020-04-10T04:12:50.182Z] [pool-1-thread-5] INFO com.edurekademo.utilities.TestLogger - java.lang.Exception: TEST MESSAGE
[2020-04-10T04:12:50.182Z] Cause:at com.edurekademo.utilities.ExceptionThrower.doCheck(ExceptionThrower.java:43)
[2020-04-10T04:12:50.182Z] Cause:at com.edurekademo.utilities.TestLogger.testGetErrorMessage5(TestLogger.java:75)
[2020-04-10T04:12:50.182Z] ***** java.lang.Exception: TEST MESSAGE
[2020-04-10T04:12:50.182Z] Cause:at com.edurekademo.utilities.ExceptionThrower.doCheck(ExceptionThrower.java:43)
[2020-04-10T04:12:50.182Z] Cause:at com.edurekademo.utilities.TestLogger.testGetErrorMessage5(TestLogger.java:75)
[2020-04-10T04:12:50.182Z] [pool-1-thread-6] INFO com.edurekademo.utilities.TestLogger - java.lang.ArithmeticException: / by zero
[2020-04-10T04:12:50.433Z] Cause:at com.edurekademo.utilities.TestLogger.testGetErrorMessage1(TestLogger.java:14)
[2020-04-10T04:12:50.433Z] Cause:at sun.reflect.NativeMethodAccessorImpl.invoke0(Native Method)
[2020-04-10T04:12:50.433Z] [pool-1-thread-7] INFO com.edurekademo.utilities.TestLogger - java.lang.ArithmeticException: / by zero
[2020-04-10T04:12:50.433Z] Cause:at com.edurekademo.utilities.TestLogger.testGetErrorMessage2(TestLogger.java:30)
[2020-04-10T04:12:50.433Z] Cause:at sun.reflect.NativeMethodAccessorImpl.invoke0(Native Method)
[2020-04-10T04:12:50.433Z] [pool-1-thread-8] INFO com.edurekademo.utilities.TestLogger - java.lang.ArithmeticException: / by zero
[2020-04-10T04:12:50.433Z] Cause:at com.edurekademo.utilities.ExceptionThrower.getCounter(ExceptionThrower.java:13)
[2020-04-10T04:12:50.433Z] Cause:at com.edurekademo.utilities.TestLogger.testGetErrorMessage3(TestLogger.java:45)
[2020-04-10T04:12:50.433Z] [pool-1-thread-9] INFO com.edurekademo.utilities.TestLogger - java.io.IOException: TESTIOEXCEPTION
[2020-04-10T04:12:50.433Z] Cause:at com.edurekademo.utilities.ExceptionThrower.doNothing(ExceptionThrower.java:18)
[2020-04-10T04:12:50.433Z] Cause:at com.edurekademo.utilities.TestLogger.testGetErrorMessage4(TestLogger.java:60)
[2020-04-10T04:12:50.433Z] Tests run: 5, Failures: 0, Errors: 0, Skipped: 0, Time elapsed: 0.066 sec - in com.edurekademo.utilities.TestLogger
[2020-04-10T04:12:50.433Z] Running com.edurekademo.utilities.TestGenericComparator
[2020-04-10T04:12:50.433Z] Tests run: 14, Failures: 0, Errors: 0, Skipped: 0, Time elapsed: 0.043 sec - in com.edurekademo.utilities.TestGenericComparator
[2020-04-10T04:12:50.689Z] 
[2020-04-10T04:12:50.689Z] Results :
[2020-04-10T04:12:50.689Z] 
[2020-04-10T04:12:50.689Z] Tests run: 23, Failures: 0, Errors: 0, Skipped: 0
[2020-04-10T04:12:50.689Z] 
[2020-04-10T04:12:50.689Z] [INFO] 
[2020-04-10T04:12:50.689Z] [INFO] --- maven-war-plugin:2.2:war (default-war) @ addressbook ---
[2020-04-10T04:12:51.241Z] [INFO] Packaging webapp
[2020-04-10T04:12:51.241Z] [INFO] Assembling webapp [addressbook] in [/var/lib/jenkins/workspace/0.ApplicationGroovyPipeLine/target/addressbook]
[2020-04-10T04:12:51.241Z] [INFO] Processing war project
[2020-04-10T04:12:51.792Z] [INFO] Webapp assembled in [404 msecs]
[2020-04-10T04:12:51.792Z] [INFO] Building war: /var/lib/jenkins/workspace/0.ApplicationGroovyPipeLine/target/addressbook.war
[2020-04-10T04:12:52.704Z] [INFO] ------------------------------------------------------------------------
[2020-04-10T04:12:52.704Z] [INFO] BUILD SUCCESS
[2020-04-10T04:12:52.704Z] [INFO] ------------------------------------------------------------------------
[2020-04-10T04:12:52.704Z] [INFO] Total time:  5.435 s
[2020-04-10T04:12:52.704Z] [INFO] Finished at: 2020-04-10T09:42:52+05:30
[2020-04-10T04:12:52.704Z] [INFO] ------------------------------------------------------------------------
[2020-04-10T04:12:52.704Z] [INFO] [jenkins-event-spy] Generated /var/lib/jenkins/workspace/0.ApplicationGroovyPipeLine@tmp/withMavenef1cd932/maven-spy-20200410-094246-9542920655537740347689.log
[2020-04-10T04:12:54.004Z] [8mha:////4HqxZ74PjUgJ8y0RpQrVD7wQTN4ty7IGcKukDDOJGW5kAAAApB+LCAAAAAAAAP9tjTEOwjAQBC9BFLSUPOLSAA2iSmu54QUmNsaJdWdsh6TiRXyNPxCIRMUWq51t5vmCZYpw5GixNdQ5So3D4Hs7LRw4dhfPA7Z8xoYpsTcozSBZm3pGydnAnKKEhYCVocZzcmQzrEWr7qryimx1ynH6DgJKp2/wgEJM5qxi/sIYYXPtdWL6ef4KYAwhQ7nbf2r7Bqph/Ve+AAAA[0m[Pipeline] }
[2020-04-10T04:12:54.335Z] [withMaven] artifactsPublisher - Archive artifact pom.xml under com/edurekademo/tutorial/addressbook/2.0/addressbook-2.0.pom
[2020-04-10T04:12:54.336Z] [withMaven] artifactsPublisher - Archive artifact target/addressbook.war under com/edurekademo/tutorial/addressbook/2.0/addressbook-2.0.war
[2020-04-10T04:12:54.471Z] [withMaven] junitPublisher - Archive test results for Maven artifact com.edurekademo.tutorial:addressbook:war:2.0 generated by maven-surefire-plugin:test (default-test): target/surefire-reports/*.xml
[2020-04-10T04:12:54.472Z] [withMaven] junitPublisher - Jenkins [8mha:////4H0kOZ2Mp7Jqx5CS7xHN1c8p5HimQU2Ed88buk40PMcuAAAAwR+LCAAAAAAAAP9djEsKwjAUAJ8VPYArEW9QbHYuFBeigj+KIB4g1JC+Nr6E5NXPNbyGbjyEx/EOKu6czcxq7i9oBA/dvNoHS0lmKVijkvnFKW+QytSy6o9uj9HVPSOIFtA0ijTna6hX3jC01oU8SmEkabFlj6SHZw+dv93k5+8MftQigLP7RJthmjO7MBDihCUmhaISKfQyTKzXYo/BGXkRy1m6WqRbsdwRcjxmlll+UMQh3phKI70B4ncifskAAAA=[0mJUnit Attachments Plugin not found, can't publish test attachments.Recording test results
[2020-04-10T04:12:54.541Z] [withMaven] Jenkins [8mha:////4A6k7nFBUgdTY5D74cEfX9bqXzv5XP8Hla+vtR3JaxPxAAAAvB+LCAAAAAAAAP9djMEJwjAUQL8VHUBv4gbF5uZBKR5EsFqKUBcIbUjThJ+QpNqu4Rp6cQjHcQeV3nyX907v8YaRszCvmtJpjAqNTisW7TvDrBIoM+3ZMr4/45t5BRAkMFYMua9SGDZWeZikNb1QoihyknsrkK9bC7O/3bb3bwY9gwCgNd+YethU3hu3IuQqpIhqhlKgWxQi0paTUjijaEcOu+yYZDk5UyfDvKCIzIYn1XCBHwby8vjEAAAA[0mTask Scanner Plugin not found, don't display results of source code scanning for 'TODO' and 'FIXME' in pipeline screen.
[2020-04-10T04:12:54.541Z] [withMaven] Publishers: Pipeline Graph Publisher: 7 ms, Generated Artifacts Publisher: 293 ms, Junit Publisher: 59 ms, SpotBugs Publisher: 8 ms, Open Task Scanner Publisher: 1 ms
[2020-04-10T04:12:54.586Z] [8mha:////4NxsTBNhRtzFdldNDv80iyL1TdqjcHprS7zXi2tusF60AAAApR+LCAAAAAAAAP9tjTEOwjAQBC9BFLSUPOJSIESBqNJabniBiY1xYt0Z2yGpeBFf4w8EIlGxxWpnm3m+YJkiHDlabA11jlLjMPjeTgsHjt3F84Atn7FhSuwNSjNI1qaeUXI2MKcoYSFgZajxnBzZDGvRqruqvCJbnXKcvoOA0ukbPKAQkzmrmL8wRthce52Yfp6/AhhDyFDu9p/avgGsJ8UCvgAAAA==[0m[Pipeline] // withMaven
[2020-04-10T04:12:54.597Z] [8mha:////4DIPVX1/LXCK8A/AQ3ZRr4gZMZxqlgsqaALXM7Flazt6AAAApR+LCAAAAAAAAP9tjTEOwjAQBC9BFLSUPOIiISEhIaq0lhteYGJjnFh3xnZIKl7E1/gDgUhUbLHa2WaeL1imCEeOFltDnaPUOAy+t9PCgWN38Txgy2dsmBJ7g9IMkrWpZ5ScDcwpSlgIWBlqPCdHNsNatOquKq/IVqccp+8goHT6Bg8oxGTOKuYvjBE2114npp/nrwDGEDKUu/2ntm/vpZSEvgAAAA==[0m[Pipeline] }
[2020-04-10T04:12:54.610Z] [8mha:////4GLgfQQAbqvuCmKi54MJppVt6ivtlhiyUMxwWoXW5QgeAAAApR+LCAAAAAAAAP9tjTEOwjAQBC9BFLSUPOIiCgqEqNJabniBiY1xYt0Z2yGpeBFf4w8EIlGxxWpnm3m+YJkiHDlabA11jlLjMPjeTgsHjt3F84Atn7FhSuwNSjNI1qaeUXI2MKcoYSFgZajxnBzZDGvRqruqvCJbnXKcvoOA0ukbPKAQkzmrmL8wRthce52Yfp6/AhhDyFDu9p/avgHwJ8HWvgAAAA==[0m[Pipeline] // stage
[2020-04-10T04:12:54.668Z] [8mha:////4HxvV11lXLZjelMu1ggkCm+uOFDbIggUAxF0+YjC3GL7AAAAph+LCAAAAAAAAP9tjTEOwjAQBM9BKWgpeYRDgWgQFa3lhheY2Bgn1l2wLyQVL+Jr/IFAJCq22llpNc8XlDnBgZKXjcM2YK6D7GLvpyYHSu0l0iAbOsuaMFN0UrtBk3XHGTWxgzmigIWCpcM6Ug7oGVaqMXdTRYO+OnGatr2CItgbPECoycwm8RfGBOtrbzPhz/NXAGPHILYMxW7zOZZvONqNlMEAAAA=[0m[Pipeline] stage
[2020-04-10T04:12:54.675Z] [8mha:////4Ar5H1PSqPerAf84UUJ5Y7TFC9h1sNKeYWb0YSm/QUYLAAAApx+LCAAAAAAAAP9tjTEOwjAUQ3+LOrAycogUFhbE1DXKwglCE0La6P/yk9JOnIircQdaKjHhwbItWe/1hiIynIidaCy2HmPtRRd6NyUxELfXQINo6CJqwkjBCmUHRcZWS1WULCzKclhJWFusA0WPLsFGNvqhy6DRlefE03aUkHtzhydkciInzelbRobtrTeR8Mf5C4CxS5AfdrPt52fxAQB2j23CAAAA[0m[Pipeline] { (Docker Image Build)
[2020-04-10T04:12:54.721Z] [8mha:////4CIDgIdMSr8YkhCDA3oqzWeZ+dnHpguEHTHFXKwuirEiAAAApB+LCAAAAAAAAP9tjTEOwjAQBC9BFLSUPOIiKGgQVVrLDS8wsTFOrDtjOyQVL+Jr/IFAJCq2WO1sM88XLFOEI0eLraHOUWocBt/baeHAsbt4HrDlMzZMib1BaQbJ2tQzSs4G5hQlLASsDDWekyObYS1adVeVV2SrU47TdxBQOn2DBxRiMmcV8xfGCJtrrxPTz/NXAGPIUO63n9qFNzkd4Tq+AAAA[0m[Pipeline] writeFile
[2020-04-10T04:12:54.744Z] [8mha:////4NhCbsVNthD4wWYTA+fcGN+rV+ZGR/rVEOkclnYZz9RYAAAApR+LCAAAAAAAAP9tjTEOwjAQBC9BFLSUPOIihESDqNJabniBiY1xYt0Z2yGpeBFf4w8EIlGxxWpnm3m+YJkiHDlabA11jlLjMPjeTgsHjt3F84Atn7FhSuwNSjNI1qaeUXI2MKcoYSFgZajxnBzZDGvRqruqvCJbnXKcvoOA0ukbPKAQkzmrmL8wRthce52Yfp6/AhhDhnK//dQuvAF4LPojvgAAAA==[0m[Pipeline] sh
[2020-04-10T04:12:55.008Z] + cp /var/lib/jenkins/workspace/0.ApplicationGroovyPipeLine/target/addressbook.war .
[2020-04-10T04:12:55.008Z] + sudo docker build . -t rrahul4/addressbook:9
[2020-04-10T04:13:00.212Z] Sending build context to Docker daemon  51.83MB
[2020-04-10T04:13:00.212Z] Step 1/4 : FROM tomcat
[2020-04-10T04:13:00.212Z]  ---> e36064f7c6f0
[2020-04-10T04:13:00.212Z] Step 2/4 : Maintainer Rahulkumar Rakhonde
[2020-04-10T04:13:00.212Z]  ---> Using cache
[2020-04-10T04:13:00.212Z]  ---> 144381ceb1bd
[2020-04-10T04:13:00.212Z] Step 3/4 : ADD addressbook.war  /usr/local/tomcat/webapps/
[2020-04-10T04:13:05.423Z]  ---> 437dae25d8eb
[2020-04-10T04:13:05.423Z] Step 4/4 : CMD "catalina.sh" "run"
[2020-04-10T04:13:05.423Z]  ---> Running in a275780e024e
[2020-04-10T04:13:05.674Z] Removing intermediate container a275780e024e
[2020-04-10T04:13:05.674Z]  ---> 4657522b849e
[2020-04-10T04:13:05.674Z] Successfully built 4657522b849e
[2020-04-10T04:13:05.674Z] Successfully tagged rrahul4/addressbook:9
[2020-04-10T04:13:05.674Z] + sudo docker push rrahul4/addressbook:9
[2020-04-10T04:13:07.562Z] The push refers to repository [docker.io/rrahul4/addressbook]
[2020-04-10T04:13:11.732Z] 82e24740eb28: Preparing
[2020-04-10T04:13:11.732Z] 7361d0bafa8b: Preparing
[2020-04-10T04:13:11.732Z] 07845babec19: Preparing
[2020-04-10T04:13:11.732Z] 81349fc07565: Preparing
[2020-04-10T04:13:11.732Z] 892007193bb6: Preparing
[2020-04-10T04:13:11.732Z] e811ee12aa10: Preparing
[2020-04-10T04:13:11.732Z] 23f8d486123a: Preparing
[2020-04-10T04:13:11.732Z] afae6f50abb9: Preparing
[2020-04-10T04:13:11.732Z] 136a15f81f25: Preparing
[2020-04-10T04:13:11.732Z] 185574602537: Preparing
[2020-04-10T04:13:11.732Z] 24efcd549ab5: Preparing
[2020-04-10T04:13:11.732Z] afae6f50abb9: Waiting
[2020-04-10T04:13:11.732Z] 136a15f81f25: Waiting
[2020-04-10T04:13:11.733Z] 185574602537: Waiting
[2020-04-10T04:13:11.733Z] 24efcd549ab5: Waiting
[2020-04-10T04:13:11.733Z] e811ee12aa10: Waiting
[2020-04-10T04:13:11.733Z] 23f8d486123a: Waiting
[2020-04-10T04:13:15.873Z] 892007193bb6: Layer already exists
[2020-04-10T04:13:15.873Z] 81349fc07565: Layer already exists
[2020-04-10T04:13:15.873Z] 7361d0bafa8b: Layer already exists
[2020-04-10T04:13:15.873Z] 07845babec19: Layer already exists
[2020-04-10T04:13:17.218Z] 136a15f81f25: Layer already exists
[2020-04-10T04:13:17.218Z] e811ee12aa10: Layer already exists
[2020-04-10T04:13:17.218Z] afae6f50abb9: Layer already exists
[2020-04-10T04:13:17.218Z] 23f8d486123a: Layer already exists
[2020-04-10T04:13:18.563Z] 24efcd549ab5: Layer already exists
[2020-04-10T04:13:18.563Z] 185574602537: Layer already exists
[2020-04-10T04:13:44.996Z] 82e24740eb28: Pushed
[2020-04-10T04:13:51.501Z] 9: digest: sha256:db3d3df0b6403d48c9d2e7f5948aa2790e546d715ac1666fb86006ce317830c9 size: 2633
[2020-04-10T04:13:51.549Z] [8mha:////4G18ICI2PqgR87bVJP3KlMRkep0VNo9iEjzsJ6CQisBPAAAApR+LCAAAAAAAAP9tjTEOwjAQBC9BFLSUPOIiJESDqNJabniBiY1xYt0Z2yGpeBFf4w8EIlGxxWpnm3m+YJkiHDlabA11jlLjMPjeTgsHjt3F84Atn7FhSuwNSjNI1qaeUXI2MKcoYSFgZajxnBzZDGvRqruqvCJbnXKcvoOA0ukbPKAQkzmrmL8wRthce52Yfp6/AhhDyFDud5/avgFwfZpwvgAAAA==[0m[Pipeline] }
[2020-04-10T04:13:51.563Z] [8mha:////4EzNuFlOZ6tT7qkVwFRLxIexuW0tceFDaTsqmGsBdfDEAAAApB+LCAAAAAAAAP9tjTEOwjAQBC9BFLSUPOJCAw2iSmu54QUmNsaJdWdsh6TiRXyNPxCIRMUWq51t5vmCZYpw5GixNdQ5So3D4Hs7LRw4dhfPA7Z8xoYpsTcozSBZm3pGydnAnKKEhYCVocZzcmQzrEWr7qryimx1ynH6DgJKp2/wgEJM5qxi/sIYYXPtdWL6ef4KYAwhQ7nffWr7BkOewcy+AAAA[0m[Pipeline] // stage
[2020-04-10T04:13:51.608Z] [8mha:////4IsWNlVdptJTDrxFc8kEYZfKxINqXFDoMAQC7L9l4vFGAAAAox+LCAAAAAAAAP9tjTESgjAQRT84FraWHiI0Do1jZZuh8QQRYgxkdjFZhMoTeTXvICMzVv7qv9e81xvrFHHk6FRrqfOUaq/6MLj5qZFjdw08qpYvqmZKHKyq7FhxY08LViwWy7IcK42NpTpw8uQEW92ahymCIVecJc7uoJH75o4nMj2XxUT5whSxuw1NYvp1/gYw9b0gL0tBtv8Ane4AQL0AAAA=[0m[Pipeline] }
[2020-04-10T04:13:51.682Z] [8mha:////4I5pazItRRcWBDf+ysav0t/ZDAuD4vMRmlPxSbFchz3/AAAApB+LCAAAAAAAAP9tjTEOwjAQBDdBFLSUPMIpkKBAVLRWGl5gEmOcWHfBvpBUvIiv8QciIlGx1c4083pjmSKOHJ1qLLWeUuVVF3o3PTVwbK+BB9XwRVVMiYNVpR1Kru1pxpLFYl6WY6GxslQFTp6cYK0b8zBFMOSKs8TJHTRyX9/xRKanspgoXxgjNre+Tky/zt8Axq4T5Lu9INt+AI5SBOO9AAAA[0m[Pipeline] // node
[2020-04-10T04:13:51.694Z] [8mha:////4OaRXF0RelQm7ifwtrLedXdHwx33Qt8BLcH4lD4FgCrMAAAApB+LCAAAAAAAAP9tjTEOwjAQBDdBFLSUPMKRKBASoqK10vACkxjjxLoL9oWk4kV8jT8QEYmKrXammdcbyxRx5OhUY6n1lCqvutC76amBY3sNPKiGL6piShysKu1Qcm1PM5YsFvOyHAuNlaUqcPLkBGvdmIcpgiFXnCVO7qCR+/qOJzI9lcVE+cIYsbn1dWL6df4GMHadIN/tBdn2A8n1Uxa9AAAA[0m[Pipeline] End of Pipeline
[2020-04-10T04:13:52.073Z] Finished: SUCCESS
