[2020-04-13T07:00:15.844Z] Started by user [8mha:////4IMMv8T2XIKwgqbrGOhOzF4+E7SeVBm4zoNrNbmggpHXAAAAlx+LCAAAAAAAAP9b85aBtbiIQTGjNKU4P08vOT+vOD8nVc83PyU1x6OyILUoJzMv2y+/JJUBAhiZGBgqihhk0NSjKDWzXb3RdlLBUSYGJk8GtpzUvPSSDB8G5tKinBIGIZ+sxLJE/ZzEvHT94JKizLx0a6BxUmjGOUNodHsLgAzWEgZu/dLi1CL9xJTczDwAj6GcLcAAAAA=[0madmin
[2020-04-13T07:00:15.844Z] Running in Durability level: MAX_SURVIVABILITY
[2020-04-13T07:00:16.151Z] [8mha:////4HkCTMbguUsNbCviI6jbUHTimscQdH79/E8CCyAshF9uAAAAoh+LCAAAAAAAAP9tjTEOwjAQBM8BClpKHuFItIiK1krDC0x8GCfWnbEdkooX8TX+gCESFVvtrLSa5wtWKcKBo5UdUu8otU4GP9jS5Mixv3geZcdn2TIl9igbHBs2eJyx4YwwR1SwULBGaj0nRzbDRnX6rmuvydanHMu2V1A5c4MHCFXMWcf8hSnC9jqYxPTz/BXAFEIGsfuclm8zQVqFvQAAAA==[0m[Pipeline] Start of Pipeline
[2020-04-13T07:00:16.180Z] [8mha:////4FYj6x4qxNGl+3P432fNY2HeiK28Y3Uw/2z4UscDx0dfAAAApR+LCAAAAAAAAP9tjTEOwjAUQ3+KOrAycohUghExsUZZOEFIQkgb/d8mKe3EibgadyBQiQlLlmxL1nu+oE4RjhQdby12HpP2vA+jK4lPFLtroIm3dOGaMFGwXNpJkrGnpUrKFhaxClYC1hZ1oOTRZdiIVt1VExS65pxj2Q4CKm8GeAAThZxVzN8yR9jeRpMIf5y/AJj7DGxXvP/86jduZBmjwAAAAA==[0m[Pipeline] node
[2020-04-13T07:00:16.219Z] Running on [8mha:////4Nbi4X6v9wHiBbajrPyD5IFr5y5ik4Po7OXFngleXFUKAAAAnh+LCAAAAAAAAP9b85aBtbiIQTGjNKU4P08vOT+vOD8nVc83PyU1x6OyILUoJzMv2y+/JJUBAhiZGBgqihhk0NSjKDWzXb3RdlLBUSYGJk8GtpzUvPSSDB8G5tKinBIGIZ+sxLJE/ZzEvHT94JKizLx0a6BxUmjGOUNodHsLgAz2EgZh/eT83ILSktQifY3cxGIgrakPAHib2iPIAAAA[0mJenkins in /var/lib/jenkins/workspace/0.Jenkins_FullPipeLine
[2020-04-13T07:00:16.223Z] [8mha:////4Cw25TOrn2s1G6TaNvbzasdH9l7ksnngnCzuLjNik6qiAAAApR+LCAAAAAAAAP9tjTEOwjAUQ3+KOrAycoh0gA0xsUZZOEFIQkgb/d8mKe3EibgadyBQiQlLlmxL1nu+oE4RjhQdby12HpP2vA+jK4lPFLtroIm3dOGaMFGwXNpJkrGnpUrKFhaxClYC1hZ1oOTRZdiIVt1VExS65pxj2Q4CKm8GeAAThZxVzN8yR9jeRpMIf5y/AJj7DGxXvP/86jfoP95RwAAAAA==[0m[Pipeline] {
[2020-04-13T07:00:17.244Z] [8mha:////4CJfidGOy+7O32LyggUqwGsd+5YIj+Q4lxu2S1msNPv3AAAAoh+LCAAAAAAAAP9tjTEOAiEURD9rLGwtPQTbaGWsbAmNJ0AWEZb8zwLrbuWJvJp3kLiJlZNMMm+a93rDOic4UbLcG+wdZu14DKOti0+U+lugiXu6ck2YKRguzSSpM+cFJRUDS1gDKwEbgzpQdmgLbIVXD9UGhba9lFS/o4DGdQM8gYlqLiqVL8wJdvexy4Q/z18BzLEA29ce4gdpL1fxvAAAAA==[0m[Pipeline] properties
[2020-04-13T07:00:17.279Z] [8mha:////4NxAQCU3Ee+QaADc/sLgDXlwCJh/aSUXB7Jcr8zMoPpyAAAAph+LCAAAAAAAAP9tjTEOwjAUQ3+KOrAycoh0QSyIiTXKwglCEkLa6P82SWknTsTVuAOBSkxYsmRbst7zBXWKcKToeGux85i0530YXUl8othdA028pQvXhImC5dJOkow9LVVStrCIVbASsLaoAyWPLsNGtOqumqDQNeccy3YQUHkzwAOYKOSsYv6WOcL2NppE+OP8BcDcZ2C74v3nV78BmoXK/sAAAAA=[0m[Pipeline] stage
[2020-04-13T07:00:17.327Z] [8mha:////4P1Ig47cS23iXMbd5J2+hxTohys5e5IGr/GbqwVTgr+zAAAApR+LCAAAAAAAAP9tjTEOwjAUQ3+KOrAycoh0gwExsUZZOEFIQkgb/d8mKe3EibgadyBQiQlLlmxL1nu+oE4RjhQdby12HpP2vA+jK4lPFLtroIm3dOGaMFGwXNpJkrGnpUrKFhaxClYC1hZ1oOTRZdiIVt1VExS65pxj2Q4CKm8GeAAThZxVzN8yR9jeRpMIf5y/AJj7DGxXvP/86jcChmMxwAAAAA==[0m[Pipeline] { (Checkout)
[2020-04-13T07:00:17.413Z] [8mha:////4CYn5rqLlUkm4lGBbpqee6QLGkeLstmkeATx7qlN/06UAAAAoh+LCAAAAAAAAP9tjTEOAiEURD9rLGwtPQRbamKsbAmNJ0AWEZb8zwLrbuWJvJp3kLiJlZNMMm+a93rDOic4UbLcG+wdZu14DKOti0+U+lugiXu6ck2YKRguzSSpM+cFJRUDS1gDKwEbgzpQdmgLbIVXD9UGhba9lFS/o4DGdQM8gYlqLiqVL8wJdvexy4Q/z18BzLEA29ce4geKI23CvAAAAA==[0m[Pipeline] cleanWs
[2020-04-13T07:00:17.424Z] [WS-CLEANUP] Deleting project workspace...
[2020-04-13T07:00:17.424Z] [WS-CLEANUP] Deferred wipeout is used...
[2020-04-13T07:00:17.463Z] [WS-CLEANUP] done
[2020-04-13T07:00:17.474Z] [8mha:////4HMR/5senrtMcln6vTR5YgpVtNStC3FnDKp+Tcq7aQQaAAAAoh+LCAAAAAAAAP9tjTEOAiEURD9rLGwtPQRbGmOsbAmNJ0AWEZb8zwLrbuWJvJp3kLiJlZNMMm+a93rDOic4UbLcG+wdZu14DKOti0+U+lugiXu6ck2YKRguzSSpM+cFJRUDS1gDKwEbgzpQdmgLbIVXD9UGhba9lFS/o4DGdQM8gYlqLiqVL8wJdvexy4Q/z18BzLEA29ce4gfLEnbbvAAAAA==[0m[Pipeline] git
[2020-04-13T07:00:17.485Z] No credentials specified
[2020-04-13T07:00:17.486Z] Cloning the remote Git repository
[2020-04-13T07:00:17.486Z] Cloning repository https://github.com/rrahul4/game-of-life
[2020-04-13T07:00:17.486Z]  > git init /var/lib/jenkins/workspace/0.Jenkins_FullPipeLine # timeout=10
[2020-04-13T07:00:17.521Z] Fetching upstream changes from https://github.com/rrahul4/game-of-life
[2020-04-13T07:00:17.521Z]  > git --version # timeout=10
[2020-04-13T07:00:17.557Z]  > git fetch --tags --progress -- https://github.com/rrahul4/game-of-life +refs/heads/*:refs/remotes/origin/* # timeout=10
[2020-04-13T07:00:37.019Z]  > git config remote.origin.url https://github.com/rrahul4/game-of-life # timeout=10
[2020-04-13T07:00:37.024Z]  > git config --add remote.origin.fetch +refs/heads/*:refs/remotes/origin/* # timeout=10
[2020-04-13T07:00:37.031Z]  > git config remote.origin.url https://github.com/rrahul4/game-of-life # timeout=10
[2020-04-13T07:00:37.037Z] Fetching upstream changes from https://github.com/rrahul4/game-of-life
[2020-04-13T07:00:37.037Z]  > git fetch --tags --progress -- https://github.com/rrahul4/game-of-life +refs/heads/*:refs/remotes/origin/* # timeout=10
[2020-04-13T07:00:38.060Z]  > git rev-parse refs/remotes/origin/master^{commit} # timeout=10
[2020-04-13T07:00:38.066Z]  > git rev-parse refs/remotes/origin/origin/master^{commit} # timeout=10
[2020-04-13T07:00:38.074Z] Checking out Revision c24bb1ae41bfd5980ce9f0aa8b9a636b920c71fd (refs/remotes/origin/master)
[2020-04-13T07:00:38.074Z]  > git config core.sparsecheckout # timeout=10
[2020-04-13T07:00:38.079Z]  > git checkout -f c24bb1ae41bfd5980ce9f0aa8b9a636b920c71fd # timeout=10
[2020-04-13T07:00:38.404Z]  > git branch -a -v --no-abbrev # timeout=10
[2020-04-13T07:00:38.435Z]  > git checkout -b master c24bb1ae41bfd5980ce9f0aa8b9a636b920c71fd # timeout=10
[2020-04-13T07:00:38.801Z] Commit message: "Merge pull request #198 from GeraldScott/master"
[2020-04-13T07:00:38.802Z]  > git rev-list --no-walk c24bb1ae41bfd5980ce9f0aa8b9a636b920c71fd # timeout=10
[2020-04-13T07:00:38.863Z] [8mha:////4HnFljV0yerv8dd46SPPMtkUUnQ8mtS5vm2MNT6UAY8pAAAAox+LCAAAAAAAAP9tjTESgjAQRT84FraWHiJoZeFY2WZoPEGEGAOZXUwWofJEXs07yMiMlb/67zXv9cYyRRw5OtVYaj2lyqsu9G56auDYXgMPquGLqpgSB6tKO5Rc29OMJYvFvCzHQmNlqQqcPDnBWjfmYYpgyBVniZM7aOS+vuOJTE9lMVG+MEZsbn2dmH6dvwGMXSfId1tBtv8AP3pMS70AAAA=[0m[Pipeline] }
[2020-04-13T07:00:38.877Z] [8mha:////4FCXIrRFWCpIiF/Ny3J6lQqdhVR07/FG0aZ359ckDGwsAAAAox+LCAAAAAAAAP9tjTESgjAQRT84FraWHiIMjY1jZZuh8QQRYgxkdjFZhMoTeTXvICMzVv7qv9e81xvrFHHk6FRrqfOUaq/6MLj5qZFjdw08qpYvqmZKHKyq7FhxY08LViwWy7IcK42NpTpw8uQEW92ahymCIVecJc7uoJH75o4nMj2XxUT5whSxuw1NYvp1/gYw9b0gL0tBtv8AGWMrAb0AAAA=[0m[Pipeline] // stage
[2020-04-13T07:00:38.895Z] [8mha:////4H7px8MgWfIuxEYycqll1pyR8vyvfKmbXe3uEK1XgAu3AAAAph+LCAAAAAAAAP9tjTEOwjAQBM9BKWgpeYQjEB2iorXc8AITG+PEugv2haTiRXyNPxCIRMVWOyut5vmCMic4UPKycdgGzHWQXez91ORAqb1EGmRDZ1kTZopOajdosu44oyZ2MEcUsFCwdFhHygE9w0o15m6qaNBXJ07TtldQBHuDBwg1mdkk/sKYYH3tbSb8ef4KYOwYxI6h2Gw/x/INvUXiHMEAAAA=[0m[Pipeline] stage
[2020-04-13T07:00:38.907Z] [8mha:////4AC+/jOWgjw18JZZB4Vn4kXgrrJgSOASdANvqT4ax1amAAAAph+LCAAAAAAAAP9tjTEOwjAUQ3+LOrAycohUwIiYukZZOEFoQkgb/V9+UtqJE3E17kBLJSY8WLYl673eUESGE7ETjcXWY6y96ELvpiQG4vYaaBANXURNGClYoeygyNhqqYqShUVZDisJa4t1oOjRJdjIRj90GTS68px42o4Scm/u8IRMTuSkOX3LyLC99SYS/jh/ATB2CfLdfrbD/Cw+y7kUycIAAAA=[0m[Pipeline] { (Compile)
[2020-04-13T07:00:38.925Z] [8mha:////4FjcDgfBW/Y91/N2qfYhz3E7sFyHKtFJy6XqqwtunynWAAAApx+LCAAAAAAAAP9tjTEOwjAUQ3+LOrAycohUCDbE1DXKwglCE0La6P/yk9JOnIircQdaKjHhwbItWe/1hiIynIidaCy2HmPtRRd6NyUxELfXQINo6CJqwkjBCmUHRcZWS1WULCzKclhJWFusA0WPLsFGNvqhy6DRlefE03aUkHtzhydkciInzelbRobtrTeR8Mf5C4CxS5Dv9rMd5mfxAbNWnxXCAAAA[0m[Pipeline] withMaven
[2020-04-13T07:00:38.926Z] [withMaven] Options: []
[2020-04-13T07:00:38.926Z] [withMaven] Available options: 
[2020-04-13T07:00:38.926Z] [withMaven] using JDK installation provided by the build agent
[2020-04-13T07:00:38.938Z] [withMaven] using Maven installation 'MyMaven'
[2020-04-13T07:00:38.946Z] [8mha:////4CWO7pcwHvL/fy2iuItgRsXTT+QdVARTrL/RiLmK4LslAAAApx+LCAAAAAAAAP9tjTEOwjAUQ3+LOrAycohUSDAhpq5RFk4QmhDSRv+Xn5R24kRcjTvQUokJD5ZtyXqvNxSR4UTsRGOx9RhrL7rQuymJgbi9BhpEQxdRE0YKVig7KDK2WqqiZGFRlsNKwtpiHSh6dAk2stEPXQaNrjwnnrajhNybOzwhkxM5aU7fMjJsb72JhD/OXwCMXYJ8t5/tMD+LD5WQ+PfCAAAA[0m[Pipeline] {
[2020-04-13T07:00:38.961Z] [8mha:////4A+nostiqBG9ubXXWC4dNmj8z1KBpqHdXpYqBDAhexuRAAAApB+LCAAAAAAAAP9tjTEOwjAQBC9BFLSUPOIiCmgQVVrLDS8wsTFOrDtjOyQVL+Jr/IFAJCq2WO1sM88XLFOEI0eLraHOUWocBt/baeHAsbt4HrDlMzZMib1BaQbJ2tQzSs4G5hQlLASsDDWekyObYS1adVeVV2SrU47TdxBQOn2DBxRiMmcV8xfGCJtrrxPTz/NXAGPIUG53n9qHN7LjSKW+AAAA[0m[Pipeline] sh
[2020-04-13T07:00:39.229Z] + mvn compile
[2020-04-13T07:00:39.230Z] ----- withMaven Wrapper script -----
[2020-04-13T07:00:39.230Z] Picked up JAVA_TOOL_OPTIONS: -Dmaven.ext.class.path="/var/lib/jenkins/workspace/0.Jenkins_FullPipeLine@tmp/withMaven82cea3b1/pipeline-maven-spy.jar" -Dorg.jenkinsci.plugins.pipeline.maven.reportsFolder="/var/lib/jenkins/workspace/0.Jenkins_FullPipeLine@tmp/withMaven82cea3b1" 
[2020-04-13T07:00:39.480Z] Apache Maven 3.6.3 (cecedd343002696d0abb50b32b541b8a6ba2883f)
[2020-04-13T07:00:39.480Z] Maven home: /var/lib/jenkins/tools/hudson.tasks.Maven_MavenInstallation/MyMaven
[2020-04-13T07:00:39.480Z] Java version: 1.8.0_242, vendor: Private Build, runtime: /usr/lib/jvm/java-8-openjdk-amd64/jre
[2020-04-13T07:00:39.480Z] Default locale: en_IN, platform encoding: UTF-8
[2020-04-13T07:00:39.480Z] OS name: "linux", version: "5.3.0-46-generic", arch: "amd64", family: "unix"
[2020-04-13T07:00:41.349Z] [INFO] [jenkins-event-spy] Generate /var/lib/jenkins/workspace/0.Jenkins_FullPipeLine@tmp/withMaven82cea3b1/maven-spy-20200413-123041-2422362791177902714920.log.tmp ...
[2020-04-13T07:00:41.904Z] [INFO] Scanning for projects...
[2020-04-13T07:00:42.456Z] [WARNING] 
[2020-04-13T07:00:42.456Z] [WARNING] Some problems were encountered while building the effective model for com.wakaleo.gameoflife:gameoflife-build:jar:1.0-SNAPSHOT
[2020-04-13T07:00:42.456Z] [WARNING] Reporting configuration should be done in <reporting> section, not in maven-site-plugin <configuration> as reportPlugins parameter.
[2020-04-13T07:00:42.456Z] [WARNING] 
[2020-04-13T07:00:42.456Z] [WARNING] Some problems were encountered while building the effective model for com.wakaleo.gameoflife:gameoflife-core:jar:1.0-SNAPSHOT
[2020-04-13T07:00:42.456Z] [WARNING] Reporting configuration should be done in <reporting> section, not in maven-site-plugin <configuration> as reportPlugins parameter.
[2020-04-13T07:00:42.456Z] [WARNING] 
[2020-04-13T07:00:42.456Z] [WARNING] Some problems were encountered while building the effective model for com.wakaleo.gameoflife:gameoflife-web:war:1.0-SNAPSHOT
[2020-04-13T07:00:42.456Z] [WARNING] Reporting configuration should be done in <reporting> section, not in maven-site-plugin <configuration> as reportPlugins parameter.
[2020-04-13T07:00:42.456Z] [WARNING] 
[2020-04-13T07:00:42.456Z] [WARNING] Some problems were encountered while building the effective model for com.wakaleo.gameoflife:gameoflife:pom:1.0-SNAPSHOT
[2020-04-13T07:00:42.457Z] [WARNING] Reporting configuration should be done in <reporting> section, not in maven-site-plugin <configuration> as reportPlugins parameter. @ line 302, column 40
[2020-04-13T07:00:42.457Z] [WARNING] 
[2020-04-13T07:00:42.457Z] [WARNING] It is highly recommended to fix these problems because they threaten the stability of your build.
[2020-04-13T07:00:42.457Z] [WARNING] 
[2020-04-13T07:00:42.457Z] [WARNING] For this reason, future Maven versions might no longer support building such malformed projects.
[2020-04-13T07:00:42.457Z] [WARNING] 
[2020-04-13T07:00:42.457Z] [INFO] ------------------------------------------------------------------------
[2020-04-13T07:00:42.457Z] [INFO] Reactor Build Order:
[2020-04-13T07:00:42.457Z] [INFO] 
[2020-04-13T07:00:42.457Z] [INFO] gameoflife                                                         [pom]
[2020-04-13T07:00:42.457Z] [INFO] gameoflife-build                                                   [jar]
[2020-04-13T07:00:42.457Z] [INFO] gameoflife-core                                                    [jar]
[2020-04-13T07:00:42.457Z] [INFO] gameoflife-web                                                     [war]
[2020-04-13T07:00:42.457Z] [INFO] 
[2020-04-13T07:00:42.457Z] [INFO] -----------------< com.wakaleo.gameoflife:gameoflife >------------------
[2020-04-13T07:00:42.457Z] [INFO] Building gameoflife 1.0-SNAPSHOT                                   [1/4]
[2020-04-13T07:00:42.457Z] [INFO] --------------------------------[ pom ]---------------------------------
[2020-04-13T07:00:42.457Z] [INFO] 
[2020-04-13T07:00:42.457Z] [INFO] --- maven-enforcer-plugin:1.0:enforce (enforce-versions) @ gameoflife ---
[2020-04-13T07:00:43.008Z] [INFO] 
[2020-04-13T07:00:43.008Z] [INFO] --- jacoco-maven-plugin:0.7.2.201409121644:prepare-agent (jacoco-initialize) @ gameoflife ---
[2020-04-13T07:00:43.921Z] [INFO] argLine set to -javaagent:/var/lib/jenkins/.m2/repository/org/jacoco/org.jacoco.agent/0.7.2.201409121644/org.jacoco.agent-0.7.2.201409121644-runtime.jar=destfile=/var/lib/jenkins/workspace/0.Jenkins_FullPipeLine/target/jacoco.exec
[2020-04-13T07:00:43.921Z] [INFO] 
[2020-04-13T07:00:43.921Z] [INFO] --------------< com.wakaleo.gameoflife:gameoflife-build >---------------
[2020-04-13T07:00:43.921Z] [INFO] Building gameoflife-build 1.0-SNAPSHOT                             [2/4]
[2020-04-13T07:00:43.921Z] [INFO] --------------------------------[ jar ]---------------------------------
[2020-04-13T07:00:43.921Z] [INFO] 
[2020-04-13T07:00:43.921Z] [INFO] --- maven-enforcer-plugin:1.0:enforce (enforce-versions) @ gameoflife-build ---
[2020-04-13T07:00:43.921Z] [INFO] 
[2020-04-13T07:00:43.921Z] [INFO] --- maven-resources-plugin:2.6:resources (default-resources) @ gameoflife-build ---
[2020-04-13T07:00:43.921Z] [INFO] Using 'UTF-8' encoding to copy filtered resources.
[2020-04-13T07:00:43.921Z] [INFO] Copying 2 resources
[2020-04-13T07:00:43.921Z] [INFO] 
[2020-04-13T07:00:43.921Z] [INFO] --- jacoco-maven-plugin:0.7.2.201409121644:prepare-agent (jacoco-initialize) @ gameoflife-build ---
[2020-04-13T07:00:43.921Z] [INFO] argLine set to -javaagent:/var/lib/jenkins/.m2/repository/org/jacoco/org.jacoco.agent/0.7.2.201409121644/org.jacoco.agent-0.7.2.201409121644-runtime.jar=destfile=/var/lib/jenkins/workspace/0.Jenkins_FullPipeLine/gameoflife-build/target/jacoco.exec
[2020-04-13T07:00:43.921Z] [INFO] 
[2020-04-13T07:00:43.921Z] [INFO] --- maven-compiler-plugin:3.1:compile (default-compile) @ gameoflife-build ---
[2020-04-13T07:00:44.173Z] [INFO] No sources to compile
[2020-04-13T07:00:44.173Z] [INFO] 
[2020-04-13T07:00:44.173Z] [INFO] ---------------< com.wakaleo.gameoflife:gameoflife-core >---------------
[2020-04-13T07:00:44.173Z] [INFO] Building gameoflife-core 1.0-SNAPSHOT                              [3/4]
[2020-04-13T07:00:44.173Z] [INFO] --------------------------------[ jar ]---------------------------------
[2020-04-13T07:00:44.173Z] [INFO] 
[2020-04-13T07:00:44.173Z] [INFO] --- maven-enforcer-plugin:1.0:enforce (enforce-versions) @ gameoflife-core ---
[2020-04-13T07:00:44.173Z] [INFO] 
[2020-04-13T07:00:44.173Z] [INFO] --- maven-resources-plugin:2.6:resources (default-resources) @ gameoflife-core ---
[2020-04-13T07:00:44.173Z] [INFO] Using 'UTF-8' encoding to copy filtered resources.
[2020-04-13T07:00:44.173Z] [INFO] skip non existing resourceDirectory /var/lib/jenkins/workspace/0.Jenkins_FullPipeLine/gameoflife-core/src/main/resources
[2020-04-13T07:00:44.173Z] [INFO] 
[2020-04-13T07:00:44.173Z] [INFO] --- jacoco-maven-plugin:0.7.2.201409121644:prepare-agent (jacoco-initialize) @ gameoflife-core ---
[2020-04-13T07:00:44.173Z] [INFO] argLine set to -javaagent:/var/lib/jenkins/.m2/repository/org/jacoco/org.jacoco.agent/0.7.2.201409121644/org.jacoco.agent-0.7.2.201409121644-runtime.jar=destfile=/var/lib/jenkins/workspace/0.Jenkins_FullPipeLine/gameoflife-core/target/jacoco.exec
[2020-04-13T07:00:44.173Z] [INFO] 
[2020-04-13T07:00:44.173Z] [INFO] --- maven-compiler-plugin:3.1:compile (default-compile) @ gameoflife-core ---
[2020-04-13T07:00:44.173Z] [INFO] Changes detected - recompiling the module!
[2020-04-13T07:00:44.173Z] [INFO] Compiling 5 source files to /var/lib/jenkins/workspace/0.Jenkins_FullPipeLine/gameoflife-core/target/classes
[2020-04-13T07:00:45.089Z] [INFO] 
[2020-04-13T07:00:45.089Z] [INFO] ---------------< com.wakaleo.gameoflife:gameoflife-web >----------------
[2020-04-13T07:00:45.089Z] [INFO] Building gameoflife-web 1.0-SNAPSHOT                               [4/4]
[2020-04-13T07:00:45.089Z] [INFO] --------------------------------[ war ]---------------------------------
[2020-04-13T07:00:45.090Z] [INFO] 
[2020-04-13T07:00:45.090Z] [INFO] --- maven-enforcer-plugin:1.0:enforce (enforce-versions) @ gameoflife-web ---
[2020-04-13T07:00:45.090Z] [INFO] 
[2020-04-13T07:00:45.090Z] [INFO] --- maven-resources-plugin:2.6:resources (default-resources) @ gameoflife-web ---
[2020-04-13T07:00:45.090Z] [INFO] Using 'UTF-8' encoding to copy filtered resources.
[2020-04-13T07:00:45.090Z] [INFO] Copying 1 resource
[2020-04-13T07:00:45.090Z] [INFO] 
[2020-04-13T07:00:45.090Z] [INFO] --- jacoco-maven-plugin:0.7.2.201409121644:prepare-agent (jacoco-initialize) @ gameoflife-web ---
[2020-04-13T07:00:45.090Z] [INFO] argLine set to -javaagent:/var/lib/jenkins/.m2/repository/org/jacoco/org.jacoco.agent/0.7.2.201409121644/org.jacoco.agent-0.7.2.201409121644-runtime.jar=destfile=/var/lib/jenkins/workspace/0.Jenkins_FullPipeLine/gameoflife-web/target/jacoco.exec
[2020-04-13T07:00:45.090Z] [INFO] 
[2020-04-13T07:00:45.090Z] [INFO] --- maven-compiler-plugin:3.1:compile (default-compile) @ gameoflife-web ---
[2020-04-13T07:00:45.090Z] [INFO] Changes detected - recompiling the module!
[2020-04-13T07:00:45.090Z] [INFO] Compiling 2 source files to /var/lib/jenkins/workspace/0.Jenkins_FullPipeLine/gameoflife-web/target/classes
[2020-04-13T07:00:45.341Z] [INFO] ------------------------------------------------------------------------
[2020-04-13T07:00:45.341Z] [INFO] Reactor Summary for gameoflife 1.0-SNAPSHOT:
[2020-04-13T07:00:45.341Z] [INFO] 
[2020-04-13T07:00:45.341Z] [INFO] gameoflife ......................................... SUCCESS [  1.346 s]
[2020-04-13T07:00:45.341Z] [INFO] gameoflife-build ................................... SUCCESS [  0.420 s]
[2020-04-13T07:00:45.341Z] [INFO] gameoflife-core .................................... SUCCESS [  0.976 s]
[2020-04-13T07:00:45.341Z] [INFO] gameoflife-web ..................................... SUCCESS [  0.332 s]
[2020-04-13T07:00:45.341Z] [INFO] ------------------------------------------------------------------------
[2020-04-13T07:00:45.341Z] [INFO] BUILD SUCCESS
[2020-04-13T07:00:45.341Z] [INFO] ------------------------------------------------------------------------
[2020-04-13T07:00:45.341Z] [INFO] Total time:  3.723 s
[2020-04-13T07:00:45.341Z] [INFO] Finished at: 2020-04-13T12:30:45+05:30
[2020-04-13T07:00:45.341Z] [INFO] ------------------------------------------------------------------------
[2020-04-13T07:00:45.341Z] [INFO] [jenkins-event-spy] Generated /var/lib/jenkins/workspace/0.Jenkins_FullPipeLine@tmp/withMaven82cea3b1/maven-spy-20200413-123041-2422362791177902714920.log
[2020-04-13T07:00:45.620Z] [8mha:////4Fg6ITAXgCroINBCxxt6ZryoC3XO9aHy95XXwxgdX5kNAAAApR+LCAAAAAAAAP9tjTEOwjAQBC9BFLSUPOIiCkSBqNJabniBiY1xYt0Z2yGpeBFf4w8EIlGxxWpnm3m+YJkiHDlabA11jlLjMPjeTgsHjt3F84Atn7FhSuwNSjNI1qaeUXI2MKcoYSFgZajxnBzZDGvRqruqvCJbnXKcvoOA0ukbPKAQkzmrmL8wRthce52Yfp6/AhhDyFBu95/avQGOY4V7vgAAAA==[0m[Pipeline] }
[2020-04-13T07:00:45.707Z] [withMaven] artifactsPublisher - Archive artifact pom.xml under com/wakaleo/gameoflife/gameoflife/1.0-SNAPSHOT/gameoflife-1.0-SNAPSHOT.pom
[2020-04-13T07:00:45.708Z] [withMaven] artifactsPublisher - Archive artifact gameoflife-build/pom.xml under com/wakaleo/gameoflife/gameoflife-build/1.0-SNAPSHOT/gameoflife-build-1.0-SNAPSHOT.pom
[2020-04-13T07:00:45.708Z] [withMaven] artifactsPublisher - Archive artifact gameoflife-core/pom.xml under com/wakaleo/gameoflife/gameoflife-core/1.0-SNAPSHOT/gameoflife-core-1.0-SNAPSHOT.pom
[2020-04-13T07:00:45.708Z] [withMaven] artifactsPublisher - Archive artifact gameoflife-web/pom.xml under com/wakaleo/gameoflife/gameoflife-web/1.0-SNAPSHOT/gameoflife-web-1.0-SNAPSHOT.pom
[2020-04-13T07:00:45.733Z] [withMaven] jacocoPublisher - Archive JaCoCo analysis results for Maven artifact MavenArtifact{com.wakaleo.gameoflife:gameoflife:pom:1.0-SNAPSHOT(version: 1.0-SNAPSHOT, snapshot:false) } generated by PluginInvocation{org.jacoco:jacoco-maven-plugin:0.7.2.201409121644@prepare-agent  jacoco-initialize}: execFile: target/jacoco.exec, sources: src/main/java, classes: target/classes
[2020-04-13T07:00:45.735Z] [withMaven] jacocoPublisher - Archive JaCoCo analysis results for Maven artifact MavenArtifact{com.wakaleo.gameoflife:gameoflife-build:jar:1.0-SNAPSHOT(version: 1.0-SNAPSHOT, snapshot:false) } generated by PluginInvocation{org.jacoco:jacoco-maven-plugin:0.7.2.201409121644@prepare-agent  jacoco-initialize}: execFile: gameoflife-build/target/jacoco.exec, sources: gameoflife-build/src/main/java, classes: gameoflife-build/target/classes
[2020-04-13T07:00:45.735Z] [withMaven] jacocoPublisher - Archive JaCoCo analysis results for Maven artifact MavenArtifact{com.wakaleo.gameoflife:gameoflife-core:jar:1.0-SNAPSHOT(version: 1.0-SNAPSHOT, snapshot:false) } generated by PluginInvocation{org.jacoco:jacoco-maven-plugin:0.7.2.201409121644@prepare-agent  jacoco-initialize}: execFile: gameoflife-core/target/jacoco.exec, sources: gameoflife-core/src/main/java, classes: gameoflife-core/target/classes
[2020-04-13T07:00:45.735Z] [withMaven] jacocoPublisher - Archive JaCoCo analysis results for Maven artifact MavenArtifact{com.wakaleo.gameoflife:gameoflife-web:war:1.0-SNAPSHOT(version: 1.0-SNAPSHOT, snapshot:false) } generated by PluginInvocation{org.jacoco:jacoco-maven-plugin:0.7.2.201409121644@prepare-agent  jacoco-initialize}: execFile: gameoflife-web/target/jacoco.exec, sources: gameoflife-web/src/main/java, classes: gameoflife-web/target/classes
[2020-04-13T07:00:45.745Z] [JaCoCo plugin] Collecting JaCoCo coverage data...
[2020-04-13T07:00:45.745Z] [JaCoCo plugin] target/jacoco.exec,gameoflife-build/target/jacoco.exec,gameoflife-core/target/jacoco.exec,gameoflife-web/target/jacoco.exec;target/classes,gameoflife-build/target/classes,gameoflife-core/target/classes,gameoflife-web/target/classes;src/main/java,gameoflife-build/src/main/java,gameoflife-core/src/main/java,gameoflife-web/src/main/java; locations are configured
[2020-04-13T07:00:45.747Z] [JaCoCo plugin] Number of found exec files for pattern target/jacoco.exec,gameoflife-build/target/jacoco.exec,gameoflife-core/target/jacoco.exec,gameoflife-web/target/jacoco.exec: 0
[2020-04-13T07:00:45.752Z] [JaCoCo plugin] Saving matched execfiles:  
[2020-04-13T07:00:45.775Z] [JaCoCo plugin] Saving matched class directories for class-pattern: target/classes,gameoflife-build/target/classes,gameoflife-core/target/classes,gameoflife-web/target/classes: 
[2020-04-13T07:00:45.779Z] [JaCoCo plugin]  - /var/lib/jenkins/workspace/0.Jenkins_FullPipeLine/gameoflife-build/target/classes 0 files
[2020-04-13T07:00:45.784Z] [JaCoCo plugin]  - /var/lib/jenkins/workspace/0.Jenkins_FullPipeLine/gameoflife-core/target/classes 5 files
[2020-04-13T07:00:45.785Z] [JaCoCo plugin]  - /var/lib/jenkins/workspace/0.Jenkins_FullPipeLine/gameoflife-web/target/classes 2 files
[2020-04-13T07:00:45.785Z] [JaCoCo plugin] Saving matched source directories for source-pattern: src/main/java,gameoflife-build/src/main/java,gameoflife-core/src/main/java,gameoflife-web/src/main/java: 
[2020-04-13T07:00:45.785Z] [JaCoCo plugin] Source Inclusions: **/*.java,**/*.groovy,**/*.kt,**/*.kts
[2020-04-13T07:00:45.789Z] [JaCoCo plugin] Source Exclusions: 
[2020-04-13T07:00:45.794Z] [JaCoCo plugin] - /var/lib/jenkins/workspace/0.Jenkins_FullPipeLine/gameoflife-core/src/main/java 5 files
[2020-04-13T07:00:45.794Z] [JaCoCo plugin] - /var/lib/jenkins/workspace/0.Jenkins_FullPipeLine/gameoflife-web/src/main/java 2 files
[2020-04-13T07:00:45.794Z] [JaCoCo plugin] Loading inclusions files..
[2020-04-13T07:00:45.794Z] [JaCoCo plugin] inclusions: []
[2020-04-13T07:00:45.794Z] [JaCoCo plugin] exclusions: []
[2020-04-13T07:00:46.074Z] [JaCoCo plugin] Thresholds: JacocoHealthReportThresholds [minClass=0, maxClass=0, minMethod=0, maxMethod=0, minLine=0, maxLine=0, minBranch=0, maxBranch=0, minInstruction=0, maxInstruction=0, minComplexity=0, maxComplexity=0]
[2020-04-13T07:00:46.075Z] [JaCoCo plugin] Publishing the results..
[2020-04-13T07:00:46.143Z] [JaCoCo plugin] Loading packages..
[2020-04-13T07:00:46.146Z] [JaCoCo plugin] Done.
[2020-04-13T07:00:46.146Z] [JaCoCo plugin] Overall coverage: class: 0, method: 0, line: 0, branch: 0, instruction: 0, complexity: 0
[2020-04-13T07:00:46.164Z] [withMaven] openTasksPublisher - Scan Tasks for Maven artifact com.wakaleo.gameoflife:gameoflife-core:jar:1.0-SNAPSHOT in source directory gameoflife-core/src/main/java
[2020-04-13T07:00:46.164Z] [withMaven] openTasksPublisher - Scan Tasks for Maven artifact com.wakaleo.gameoflife:gameoflife-web:war:1.0-SNAPSHOT in source directory gameoflife-web/src/main/java
[2020-04-13T07:00:46.592Z] [TASKS] Scanning folder '/var/lib/jenkins/workspace/0.Jenkins_FullPipeLine' for files matching the pattern 'gameoflife-core/src/main/java/**/*,gameoflife-web/src/main/java/**/*' - excludes: null
[2020-04-13T07:00:46.592Z] [TASKS] Found 8 files to scan for tasks
[2020-04-13T07:00:46.592Z] [TASKS] Found 0 open tasks.
[2020-04-13T07:00:46.595Z] Skipping warnings blame since pipelines do not have an SCM link.%n
[2020-04-13T07:00:46.647Z] [withMaven] Publishers: Pipeline Graph Publisher: 64 ms, Generated Artifacts Publisher: 25 ms, Jacoco Publisher: 415 ms, Open Task Scanner Publisher: 500 ms
[2020-04-13T07:00:46.652Z] [8mha:////4KjugxSXNe3tq7ryiWnlnDKDR759pkqi4i41anFfLlsDAAAApR+LCAAAAAAAAP9tjTEOwjAQBC9BFLSUPOIiJAokRJXWcsMLTGyME+vO2A5JxYv4Gn8gEImKLVY728zzBcsU4cjRYmuoc5Qah8H3dlo4cOwungds+YwNU2JvUJpBsjb1jJKzgTlFCQsBK0ON5+TIZliLVt1V5RXZ6pTj9B0ElE7f4AGFmMxZxfyFMcLm2uvE9PP8FcAYQoZyu//U7g3N4dT9vgAAAA==[0m[Pipeline] // withMaven
[2020-04-13T07:00:46.685Z] [8mha:////4NLE/aVaLpHVxq/qMIoUEHpgBpeXpghQOEkgS+akpKSGAAAApB+LCAAAAAAAAP9tjTEOwjAQBC9BFLSUPOIiRIUQVVrLDS8wsTFOrDtjOyQVL+Jr/IFAJCq2WO1sM88XLFOEI0eLraHOUWocBt/baeHAsbt4HrDlMzZMib1BaQbJ2tQzSs4G5hQlLASsDDWekyObYS1adVeVV2SrU47TdxBQOn2DBxRiMmcV8xfGCJtrrxPTz/NXAGMIGcrt/lO7N8un7Ki+AAAA[0m[Pipeline] }
[2020-04-13T07:00:46.700Z] [8mha:////4P5nx8JGY+phMH2j0L/k9xQbkjDgAwoDltuty/Jy2TjfAAAApB+LCAAAAAAAAP9tjTEOwjAQBC9BFLSUPOICaRFVWisNLzCxMU6sO2M7JBUv4mv8AYtIVGyx2tlmXm9YxwAnDgZ7TYOl2Fn0bjR54cRhuDqesOcLdkyRncZWTy0r3SzYctKwpChhJWCjqXMcLZkEW9HLh6ycJFOdU8jfUUBp1R2eUIhsTjKkL8wBdrdRRaaf568AZu8TlPU+16H+AAjcDMm+AAAA[0m[Pipeline] // stage
[2020-04-13T07:00:46.730Z] [8mha:////4FK0cZFWL0Bl3TwtxZ2CwwxxjBZksyBC32cYEE2e4nUFAAAAph+LCAAAAAAAAP9tjTEOwjAQBM9BKWgpeYQjEB2iorXc8AITG+PEugv2haTiRXyNPxCIRMVWOyut5vmCMic4UPKycdgGzHWQXez91ORAqb1EGmRDZ1kTZopOajdosu44oyZ2MEcUsFCwdFhHygE9w0o15m6qaNBXJ07TtldQBHuDBwg1mdkk/sKYYH3tbSb8ef4KYOwYxI6h2G4+x/INji2eq8EAAAA=[0m[Pipeline] stage
[2020-04-13T07:00:46.745Z] [8mha:////4KSjDTaFdShqh4sBQODcsucJo3J4mdxb2Ct8SbG7QdkJAAAAph+LCAAAAAAAAP9tjTEOwjAUQ3+DOrAycohUdEVMrFEXThCaEJJG/7dJSjpxIq7GHWipxIQHy7ZkvdcbyhjgRMFwp7GzGFvLez+aOfFMobt5ytzRlbeEkbzmjc4NKX1ea0NJw6qCwUbAVmPrKVo0CXbCyYesvERTXVKYt6MAZtUATyjETE4ypG+ZAuzvo4qEP85fAEx9AlYfFquXZ/kBAsTc3cIAAAA=[0m[Pipeline] { (Test)
[2020-04-13T07:00:46.766Z] [8mha:////4CNWBTS7QtmrYEBjz6Uk+PZDDJKrSpEmUwjCPgcl6f9xAAAAph+LCAAAAAAAAP9tjTEOwjAUQ3+LOrAycohUKiNiYo2ycILQhJA0+r9NUtKJE3E17kBLJSY8WLYl673eUMUAJwqGOY2dxdha1vvRzIllCt3NU2aOrqwljOQ1EzoLUvq8VkFJw6qihA2HrcbWU7RoEuy4kw9Ze4mmvqQwb0cOpVUDPKHgMznJkL5lCrC/jyoS/jh/ATD1CcqmWeywPKsPpnFij8IAAAA=[0m[Pipeline] withMaven
[2020-04-13T07:00:46.767Z] [withMaven] Options: []
[2020-04-13T07:00:46.767Z] [withMaven] Available options: 
[2020-04-13T07:00:46.767Z] [withMaven] using JDK installation provided by the build agent
[2020-04-13T07:00:46.771Z] [withMaven] using Maven installation 'MyMaven'
[2020-04-13T07:00:46.805Z] [8mha:////4Ixg7blGLhKLWDKuP9HgFHeVreEoxRJoMH7l8xFKOLNzAAAApx+LCAAAAAAAAP9tjTEOwjAUQ3+LOrAycohUAjbE1DXKwglCE0La6P/yk9JOnIircQdaKjHhwbItWe/1hiIynIidaCy2HmPtRRd6NyUxELfXQINo6CJqwkjBCmUHRcZWS1WULCzKclhJWFusA0WPLsFGNvqhy6DRlefE03aUkHtzhydkciInzelbRobtrTeR8Mf5C4CxS5Dv9rMd5mfxAd6e6VPCAAAA[0m[Pipeline] {
[2020-04-13T07:00:46.820Z] [8mha:////4PtoMvQe9T92bdHOc87K15jbc0632KCYafxOJAamTTybAAAApB+LCAAAAAAAAP9tjTEOwjAQBC9BFLSUPOIiIagQVVrLDS8wsTFOrDtjOyQVL+Jr/IFAJCq2WO1sM88XLFOEI0eLraHOUWocBt/baeHAsbt4HrDlMzZMib1BaQbJ2tQzSs4G5hQlLASsDDWekyObYS1adVeVV2SrU47TdxBQOn2DBxRiMmcV8xfGCJtrrxPTz/NXAGPIUG53n9qHN38C26S+AAAA[0m[Pipeline] sh
[2020-04-13T07:00:47.084Z] + mvn test
[2020-04-13T07:00:47.084Z] ----- withMaven Wrapper script -----
[2020-04-13T07:00:47.084Z] Picked up JAVA_TOOL_OPTIONS: -Dmaven.ext.class.path="/var/lib/jenkins/workspace/0.Jenkins_FullPipeLine@tmp/withMaven32c8b112/pipeline-maven-spy.jar" -Dorg.jenkinsci.plugins.pipeline.maven.reportsFolder="/var/lib/jenkins/workspace/0.Jenkins_FullPipeLine@tmp/withMaven32c8b112" 
[2020-04-13T07:00:47.337Z] Apache Maven 3.6.3 (cecedd343002696d0abb50b32b541b8a6ba2883f)
[2020-04-13T07:00:47.337Z] Maven home: /var/lib/jenkins/tools/hudson.tasks.Maven_MavenInstallation/MyMaven
[2020-04-13T07:00:47.337Z] Java version: 1.8.0_242, vendor: Private Build, runtime: /usr/lib/jvm/java-8-openjdk-amd64/jre
[2020-04-13T07:00:47.338Z] Default locale: en_IN, platform encoding: UTF-8
[2020-04-13T07:00:47.338Z] OS name: "linux", version: "5.3.0-46-generic", arch: "amd64", family: "unix"
[2020-04-13T07:00:49.202Z] [INFO] [jenkins-event-spy] Generate /var/lib/jenkins/workspace/0.Jenkins_FullPipeLine@tmp/withMaven32c8b112/maven-spy-20200413-123048-8423456141185115934047.log.tmp ...
[2020-04-13T07:00:49.458Z] [INFO] Scanning for projects...
[2020-04-13T07:00:50.009Z] [WARNING] 
[2020-04-13T07:00:50.010Z] [WARNING] Some problems were encountered while building the effective model for com.wakaleo.gameoflife:gameoflife-build:jar:1.0-SNAPSHOT
[2020-04-13T07:00:50.010Z] [WARNING] Reporting configuration should be done in <reporting> section, not in maven-site-plugin <configuration> as reportPlugins parameter.
[2020-04-13T07:00:50.010Z] [WARNING] 
[2020-04-13T07:00:50.010Z] [WARNING] Some problems were encountered while building the effective model for com.wakaleo.gameoflife:gameoflife-core:jar:1.0-SNAPSHOT
[2020-04-13T07:00:50.010Z] [WARNING] Reporting configuration should be done in <reporting> section, not in maven-site-plugin <configuration> as reportPlugins parameter.
[2020-04-13T07:00:50.010Z] [WARNING] 
[2020-04-13T07:00:50.010Z] [WARNING] Some problems were encountered while building the effective model for com.wakaleo.gameoflife:gameoflife-web:war:1.0-SNAPSHOT
[2020-04-13T07:00:50.010Z] [WARNING] Reporting configuration should be done in <reporting> section, not in maven-site-plugin <configuration> as reportPlugins parameter.
[2020-04-13T07:00:50.010Z] [WARNING] 
[2020-04-13T07:00:50.010Z] [WARNING] Some problems were encountered while building the effective model for com.wakaleo.gameoflife:gameoflife:pom:1.0-SNAPSHOT
[2020-04-13T07:00:50.010Z] [WARNING] Reporting configuration should be done in <reporting> section, not in maven-site-plugin <configuration> as reportPlugins parameter. @ line 302, column 40
[2020-04-13T07:00:50.010Z] [WARNING] 
[2020-04-13T07:00:50.010Z] [WARNING] It is highly recommended to fix these problems because they threaten the stability of your build.
[2020-04-13T07:00:50.010Z] [WARNING] 
[2020-04-13T07:00:50.010Z] [WARNING] For this reason, future Maven versions might no longer support building such malformed projects.
[2020-04-13T07:00:50.010Z] [WARNING] 
[2020-04-13T07:00:50.010Z] [INFO] ------------------------------------------------------------------------
[2020-04-13T07:00:50.010Z] [INFO] Reactor Build Order:
[2020-04-13T07:00:50.010Z] [INFO] 
[2020-04-13T07:00:50.010Z] [INFO] gameoflife                                                         [pom]
[2020-04-13T07:00:50.010Z] [INFO] gameoflife-build                                                   [jar]
[2020-04-13T07:00:50.010Z] [INFO] gameoflife-core                                                    [jar]
[2020-04-13T07:00:50.010Z] [INFO] gameoflife-web                                                     [war]
[2020-04-13T07:00:50.010Z] [INFO] 
[2020-04-13T07:00:50.010Z] [INFO] -----------------< com.wakaleo.gameoflife:gameoflife >------------------
[2020-04-13T07:00:50.010Z] [INFO] Building gameoflife 1.0-SNAPSHOT                                   [1/4]
[2020-04-13T07:00:50.010Z] [INFO] --------------------------------[ pom ]---------------------------------
[2020-04-13T07:00:50.260Z] [INFO] 
[2020-04-13T07:00:50.261Z] [INFO] --- maven-enforcer-plugin:1.0:enforce (enforce-versions) @ gameoflife ---
[2020-04-13T07:00:50.511Z] [INFO] 
[2020-04-13T07:00:50.511Z] [INFO] --- jacoco-maven-plugin:0.7.2.201409121644:prepare-agent (jacoco-initialize) @ gameoflife ---
[2020-04-13T07:00:51.423Z] [INFO] argLine set to -javaagent:/var/lib/jenkins/.m2/repository/org/jacoco/org.jacoco.agent/0.7.2.201409121644/org.jacoco.agent-0.7.2.201409121644-runtime.jar=destfile=/var/lib/jenkins/workspace/0.Jenkins_FullPipeLine/target/jacoco.exec
[2020-04-13T07:00:51.423Z] [INFO] 
[2020-04-13T07:00:51.423Z] [INFO] --- maven-surefire-plugin:2.11:test (unit-tests) @ gameoflife ---
[2020-04-13T07:00:51.674Z] [INFO] No tests to run.
[2020-04-13T07:00:51.674Z] [INFO] Surefire report directory: /var/lib/jenkins/workspace/0.Jenkins_FullPipeLine/target/surefire-reports
[2020-04-13T07:00:51.925Z] 
[2020-04-13T07:00:51.925Z] -------------------------------------------------------
[2020-04-13T07:00:51.925Z]  T E S T S
[2020-04-13T07:00:51.925Z] -------------------------------------------------------
[2020-04-13T07:00:52.176Z] Picked up JAVA_TOOL_OPTIONS: -Dmaven.ext.class.path="/var/lib/jenkins/workspace/0.Jenkins_FullPipeLine@tmp/withMaven32c8b112/pipeline-maven-spy.jar" -Dorg.jenkinsci.plugins.pipeline.maven.reportsFolder="/var/lib/jenkins/workspace/0.Jenkins_FullPipeLine@tmp/withMaven32c8b112" 
[2020-04-13T07:00:53.087Z] 
[2020-04-13T07:00:53.087Z] Results :
[2020-04-13T07:00:53.087Z] 
[2020-04-13T07:00:53.087Z] Tests run: 0, Failures: 0, Errors: 0, Skipped: 0
[2020-04-13T07:00:53.087Z] 
[2020-04-13T07:00:53.087Z] [INFO] 
[2020-04-13T07:00:53.087Z] [INFO] --- maven-easyb-plugin:1.4:test (default) @ gameoflife ---
[2020-04-13T07:00:54.000Z] [INFO] /var/lib/jenkins/workspace/0.Jenkins_FullPipeLine/src/test/stories does not exists.  Skipping easyb testing
[2020-04-13T07:00:54.000Z] [INFO] 
[2020-04-13T07:00:54.000Z] [INFO] --------------< com.wakaleo.gameoflife:gameoflife-build >---------------
[2020-04-13T07:00:54.000Z] [INFO] Building gameoflife-build 1.0-SNAPSHOT                             [2/4]
[2020-04-13T07:00:54.000Z] [INFO] --------------------------------[ jar ]---------------------------------
[2020-04-13T07:00:54.000Z] [INFO] 
[2020-04-13T07:00:54.000Z] [INFO] --- maven-enforcer-plugin:1.0:enforce (enforce-versions) @ gameoflife-build ---
[2020-04-13T07:00:54.000Z] [INFO] 
[2020-04-13T07:00:54.000Z] [INFO] --- maven-resources-plugin:2.6:resources (default-resources) @ gameoflife-build ---
[2020-04-13T07:00:54.000Z] [INFO] Using 'UTF-8' encoding to copy filtered resources.
[2020-04-13T07:00:54.000Z] [INFO] Copying 2 resources
[2020-04-13T07:00:54.000Z] [INFO] 
[2020-04-13T07:00:54.000Z] [INFO] --- jacoco-maven-plugin:0.7.2.201409121644:prepare-agent (jacoco-initialize) @ gameoflife-build ---
[2020-04-13T07:00:54.000Z] [INFO] argLine set to -javaagent:/var/lib/jenkins/.m2/repository/org/jacoco/org.jacoco.agent/0.7.2.201409121644/org.jacoco.agent-0.7.2.201409121644-runtime.jar=destfile=/var/lib/jenkins/workspace/0.Jenkins_FullPipeLine/gameoflife-build/target/jacoco.exec
[2020-04-13T07:00:54.000Z] [INFO] 
[2020-04-13T07:00:54.000Z] [INFO] --- maven-compiler-plugin:3.1:compile (default-compile) @ gameoflife-build ---
[2020-04-13T07:00:54.253Z] [INFO] No sources to compile
[2020-04-13T07:00:54.253Z] [INFO] 
[2020-04-13T07:00:54.253Z] [INFO] --- maven-resources-plugin:2.6:testResources (default-testResources) @ gameoflife-build ---
[2020-04-13T07:00:54.253Z] [INFO] Using 'UTF-8' encoding to copy filtered resources.
[2020-04-13T07:00:54.253Z] [INFO] skip non existing resourceDirectory /var/lib/jenkins/workspace/0.Jenkins_FullPipeLine/gameoflife-build/src/test/resources
[2020-04-13T07:00:54.253Z] [INFO] 
[2020-04-13T07:00:54.253Z] [INFO] --- maven-compiler-plugin:3.1:testCompile (default-testCompile) @ gameoflife-build ---
[2020-04-13T07:00:54.253Z] [INFO] No sources to compile
[2020-04-13T07:00:54.253Z] [INFO] 
[2020-04-13T07:00:54.253Z] [INFO] --- maven-surefire-plugin:2.11:test (default-test) @ gameoflife-build ---
[2020-04-13T07:00:54.253Z] [INFO] Tests are skipped.
[2020-04-13T07:00:54.253Z] [INFO] 
[2020-04-13T07:00:54.253Z] [INFO] --- maven-surefire-plugin:2.11:test (unit-tests) @ gameoflife-build ---
[2020-04-13T07:00:54.253Z] [INFO] No tests to run.
[2020-04-13T07:00:54.253Z] [INFO] Surefire report directory: /var/lib/jenkins/workspace/0.Jenkins_FullPipeLine/gameoflife-build/target/surefire-reports
[2020-04-13T07:00:54.253Z] 
[2020-04-13T07:00:54.253Z] -------------------------------------------------------
[2020-04-13T07:00:54.253Z]  T E S T S
[2020-04-13T07:00:54.253Z] -------------------------------------------------------
[2020-04-13T07:00:54.253Z] Picked up JAVA_TOOL_OPTIONS: -Dmaven.ext.class.path="/var/lib/jenkins/workspace/0.Jenkins_FullPipeLine@tmp/withMaven32c8b112/pipeline-maven-spy.jar" -Dorg.jenkinsci.plugins.pipeline.maven.reportsFolder="/var/lib/jenkins/workspace/0.Jenkins_FullPipeLine@tmp/withMaven32c8b112" 
[2020-04-13T07:00:55.184Z] 
[2020-04-13T07:00:55.184Z] Results :
[2020-04-13T07:00:55.184Z] 
[2020-04-13T07:00:55.184Z] Tests run: 0, Failures: 0, Errors: 0, Skipped: 0
[2020-04-13T07:00:55.184Z] 
[2020-04-13T07:00:55.184Z] [INFO] 
[2020-04-13T07:00:55.184Z] [INFO] --- maven-easyb-plugin:1.4:test (default) @ gameoflife-build ---
[2020-04-13T07:00:55.184Z] [INFO] /var/lib/jenkins/workspace/0.Jenkins_FullPipeLine/gameoflife-build/src/test/stories does not exists.  Skipping easyb testing
[2020-04-13T07:00:55.184Z] [INFO] 
[2020-04-13T07:00:55.184Z] [INFO] ---------------< com.wakaleo.gameoflife:gameoflife-core >---------------
[2020-04-13T07:00:55.184Z] [INFO] Building gameoflife-core 1.0-SNAPSHOT                              [3/4]
[2020-04-13T07:00:55.184Z] [INFO] --------------------------------[ jar ]---------------------------------
[2020-04-13T07:00:55.184Z] [INFO] 
[2020-04-13T07:00:55.184Z] [INFO] --- maven-enforcer-plugin:1.0:enforce (enforce-versions) @ gameoflife-core ---
[2020-04-13T07:00:55.185Z] [INFO] 
[2020-04-13T07:00:55.185Z] [INFO] --- maven-resources-plugin:2.6:resources (default-resources) @ gameoflife-core ---
[2020-04-13T07:00:55.185Z] [INFO] Using 'UTF-8' encoding to copy filtered resources.
[2020-04-13T07:00:55.185Z] [INFO] skip non existing resourceDirectory /var/lib/jenkins/workspace/0.Jenkins_FullPipeLine/gameoflife-core/src/main/resources
[2020-04-13T07:00:55.185Z] [INFO] 
[2020-04-13T07:00:55.185Z] [INFO] --- jacoco-maven-plugin:0.7.2.201409121644:prepare-agent (jacoco-initialize) @ gameoflife-core ---
[2020-04-13T07:00:55.185Z] [INFO] argLine set to -javaagent:/var/lib/jenkins/.m2/repository/org/jacoco/org.jacoco.agent/0.7.2.201409121644/org.jacoco.agent-0.7.2.201409121644-runtime.jar=destfile=/var/lib/jenkins/workspace/0.Jenkins_FullPipeLine/gameoflife-core/target/jacoco.exec
[2020-04-13T07:00:55.185Z] [INFO] 
[2020-04-13T07:00:55.185Z] [INFO] --- maven-compiler-plugin:3.1:compile (default-compile) @ gameoflife-core ---
[2020-04-13T07:00:55.185Z] [INFO] Nothing to compile - all classes are up to date
[2020-04-13T07:00:55.185Z] [INFO] 
[2020-04-13T07:00:55.185Z] [INFO] --- maven-resources-plugin:2.6:testResources (default-testResources) @ gameoflife-core ---
[2020-04-13T07:00:55.185Z] [INFO] Using 'UTF-8' encoding to copy filtered resources.
[2020-04-13T07:00:55.185Z] [INFO] skip non existing resourceDirectory /var/lib/jenkins/workspace/0.Jenkins_FullPipeLine/gameoflife-core/src/test/resources
[2020-04-13T07:00:55.185Z] [INFO] 
[2020-04-13T07:00:55.185Z] [INFO] --- maven-compiler-plugin:3.1:testCompile (default-testCompile) @ gameoflife-core ---
[2020-04-13T07:00:55.185Z] [INFO] Changes detected - recompiling the module!
[2020-04-13T07:00:55.185Z] [INFO] Compiling 10 source files to /var/lib/jenkins/workspace/0.Jenkins_FullPipeLine/gameoflife-core/target/test-classes
[2020-04-13T07:00:57.049Z] [INFO] 
[2020-04-13T07:00:57.049Z] [INFO] --- maven-surefire-plugin:2.11:test (default-test) @ gameoflife-core ---
[2020-04-13T07:00:57.049Z] [INFO] Tests are skipped.
[2020-04-13T07:00:57.049Z] [INFO] 
[2020-04-13T07:00:57.049Z] [INFO] --- maven-surefire-plugin:2.11:test (unit-tests) @ gameoflife-core ---
[2020-04-13T07:00:57.049Z] [INFO] Surefire report directory: /var/lib/jenkins/workspace/0.Jenkins_FullPipeLine/gameoflife-core/target/surefire-reports
[2020-04-13T07:00:57.049Z] 
[2020-04-13T07:00:57.049Z] -------------------------------------------------------
[2020-04-13T07:00:57.049Z]  T E S T S
[2020-04-13T07:00:57.049Z] -------------------------------------------------------
[2020-04-13T07:00:57.049Z] Picked up JAVA_TOOL_OPTIONS: -Dmaven.ext.class.path="/var/lib/jenkins/workspace/0.Jenkins_FullPipeLine@tmp/withMaven32c8b112/pipeline-maven-spy.jar" -Dorg.jenkinsci.plugins.pipeline.maven.reportsFolder="/var/lib/jenkins/workspace/0.Jenkins_FullPipeLine@tmp/withMaven32c8b112" 
[2020-04-13T07:00:59.550Z] Running com.wakaleo.gameoflife.domain.WhenYouPrintAGrid
[2020-04-13T07:00:59.550Z] Tests run: 3, Failures: 0, Errors: 0, Skipped: 0, Time elapsed: 0.383 sec
[2020-04-13T07:00:59.550Z] Running com.wakaleo.gameoflife.domain.WhenYouCreateACell
[2020-04-13T07:00:59.550Z] Tests run: 6, Failures: 0, Errors: 0, Skipped: 0, Time elapsed: 0 sec
[2020-04-13T07:00:59.550Z] Running com.wakaleo.gameoflife.domain.WhenYouCreateANewUniverse
[2020-04-13T07:00:59.550Z] Tests run: 11, Failures: 0, Errors: 0, Skipped: 0, Time elapsed: 0 sec
[2020-04-13T07:00:59.550Z] Running com.wakaleo.gameoflife.domain.WhenYouReadAGridFromAString
[2020-04-13T07:00:59.550Z] Tests run: 8, Failures: 0, Errors: 0, Skipped: 0, Time elapsed: 0.023 sec
[2020-04-13T07:00:59.550Z] Running com.wakaleo.gameoflife.domain.WhenYouCreateAGrid
[2020-04-13T07:00:59.801Z] Tests run: 16, Failures: 0, Errors: 0, Skipped: 0, Time elapsed: 0.035 sec
[2020-04-13T07:00:59.801Z] Running com.wakaleo.gameoflife.domain.WhenYouPlayTheGameOfLife
[2020-04-13T07:00:59.801Z] Tests run: 5, Failures: 0, Errors: 0, Skipped: 0, Time elapsed: 0.008 sec
[2020-04-13T07:00:59.801Z] 
[2020-04-13T07:00:59.801Z] Results :
[2020-04-13T07:00:59.801Z] 
[2020-04-13T07:00:59.801Z] Tests run: 49, Failures: 0, Errors: 0, Skipped: 0
[2020-04-13T07:00:59.801Z] 
[2020-04-13T07:00:59.801Z] [INFO] 
[2020-04-13T07:00:59.801Z] [INFO] --- maven-easyb-plugin:1.4:test (default) @ gameoflife-core ---
[2020-04-13T07:01:00.052Z] [INFO] Using easyb dependency org.easyb:easyb-core:jar:1.6:compile
[2020-04-13T07:01:00.052Z] [INFO] Using easyb dependency org.easyb:easyb-composite-groovy:pom:1.2:compile
[2020-04-13T07:01:00.052Z] [INFO] Using easyb dependency org.codehaus.groovy:groovy-all:jar:2.3.6:compile
[2020-04-13T07:01:00.052Z] [INFO] Using easyb dependency org.easyb:easyb-ast:jar:1.1:compile
[2020-04-13T07:01:00.052Z] [INFO] Using easyb dependency commons-cli:commons-cli:jar:1.2:compile
[2020-04-13T07:01:00.052Z] [INFO] Using easyb dependency commons-lang:commons-lang:jar:2.5:compile
[2020-04-13T07:01:00.604Z]      [java] Picked up JAVA_TOOL_OPTIONS: -Dmaven.ext.class.path="/var/lib/jenkins/workspace/0.Jenkins_FullPipeLine@tmp/withMaven32c8b112/pipeline-maven-spy.jar" -Dorg.jenkinsci.plugins.pipeline.maven.reportsFolder="/var/lib/jenkins/workspace/0.Jenkins_FullPipeLine@tmp/withMaven32c8b112" 
[2020-04-13T07:01:01.952Z]      [java] Running multiplying things story (/var/lib/jenkins/workspace/0.Jenkins_FullPipeLine/gameoflife-core/src/test/stories/MultiplyingThings.story)
[2020-04-13T07:01:02.865Z]      [java] Scenarios run: 1, Failures: 0, Pending: 1, Time elapsed: 0.845 sec
[2020-04-13T07:01:02.865Z]      [java] Running counting things story (/var/lib/jenkins/workspace/0.Jenkins_FullPipeLine/gameoflife-core/src/test/stories/CountingThings.story)
[2020-04-13T07:01:03.116Z]      [java] Scenarios run: 1, Failures: 0, Pending: 0, Time elapsed: 0.2 sec
[2020-04-13T07:01:03.116Z]      [java] 2 total behaviors ran with no failures
[2020-04-13T07:01:04.980Z]      [java] Writing JUnit report to /var/lib/jenkins/workspace/0.Jenkins_FullPipeLine/gameoflife-core/target/surefire-reports/TEST-behavior.MultiplyingThings.xml
[2020-04-13T07:01:04.980Z]      [java] JUnit report written to /var/lib/jenkins/workspace/0.Jenkins_FullPipeLine/gameoflife-core/target/surefire-reports/TEST-behavior.MultiplyingThings.xml
[2020-04-13T07:01:04.980Z]      [java] Writing JUnit report to /var/lib/jenkins/workspace/0.Jenkins_FullPipeLine/gameoflife-core/target/surefire-reports/TEST-behavior.CountingThings.xml
[2020-04-13T07:01:04.980Z]      [java] JUnit report written to /var/lib/jenkins/workspace/0.Jenkins_FullPipeLine/gameoflife-core/target/surefire-reports/TEST-behavior.CountingThings.xml
[2020-04-13T07:01:05.230Z] [INFO] 
[2020-04-13T07:01:05.230Z] [INFO] ---------------< com.wakaleo.gameoflife:gameoflife-web >----------------
[2020-04-13T07:01:05.230Z] [INFO] Building gameoflife-web 1.0-SNAPSHOT                               [4/4]
[2020-04-13T07:01:05.230Z] [INFO] --------------------------------[ war ]---------------------------------
[2020-04-13T07:01:05.230Z] [INFO] 
[2020-04-13T07:01:05.230Z] [INFO] --- maven-enforcer-plugin:1.0:enforce (enforce-versions) @ gameoflife-web ---
[2020-04-13T07:01:05.230Z] [INFO] 
[2020-04-13T07:01:05.230Z] [INFO] --- maven-resources-plugin:2.6:resources (default-resources) @ gameoflife-web ---
[2020-04-13T07:01:05.230Z] [INFO] Using 'UTF-8' encoding to copy filtered resources.
[2020-04-13T07:01:05.230Z] [INFO] Copying 1 resource
[2020-04-13T07:01:05.230Z] [INFO] 
[2020-04-13T07:01:05.230Z] [INFO] --- jacoco-maven-plugin:0.7.2.201409121644:prepare-agent (jacoco-initialize) @ gameoflife-web ---
[2020-04-13T07:01:05.230Z] [INFO] argLine set to -javaagent:/var/lib/jenkins/.m2/repository/org/jacoco/org.jacoco.agent/0.7.2.201409121644/org.jacoco.agent-0.7.2.201409121644-runtime.jar=destfile=/var/lib/jenkins/workspace/0.Jenkins_FullPipeLine/gameoflife-web/target/jacoco.exec
[2020-04-13T07:01:05.230Z] [INFO] 
[2020-04-13T07:01:05.230Z] [INFO] --- maven-compiler-plugin:3.1:compile (default-compile) @ gameoflife-web ---
[2020-04-13T07:01:05.230Z] [INFO] Nothing to compile - all classes are up to date
[2020-04-13T07:01:05.231Z] [INFO] 
[2020-04-13T07:01:05.231Z] [INFO] --- maven-resources-plugin:2.6:testResources (default-testResources) @ gameoflife-web ---
[2020-04-13T07:01:05.231Z] [INFO] Using 'UTF-8' encoding to copy filtered resources.
[2020-04-13T07:01:05.231Z] [INFO] skip non existing resourceDirectory /var/lib/jenkins/workspace/0.Jenkins_FullPipeLine/gameoflife-web/src/test/resources
[2020-04-13T07:01:05.231Z] [INFO] 
[2020-04-13T07:01:05.231Z] [INFO] --- maven-compiler-plugin:3.1:testCompile (default-testCompile) @ gameoflife-web ---
[2020-04-13T07:01:05.231Z] [INFO] Changes detected - recompiling the module!
[2020-04-13T07:01:05.231Z] [INFO] Compiling 3 source files to /var/lib/jenkins/workspace/0.Jenkins_FullPipeLine/gameoflife-web/target/test-classes
[2020-04-13T07:01:05.481Z] [INFO] 
[2020-04-13T07:01:05.481Z] [INFO] --- maven-surefire-plugin:2.11:test (default-test) @ gameoflife-web ---
[2020-04-13T07:01:05.482Z] [INFO] Tests are skipped.
[2020-04-13T07:01:05.482Z] [INFO] 
[2020-04-13T07:01:05.482Z] [INFO] --- maven-surefire-plugin:2.11:test (unit-tests) @ gameoflife-web ---
[2020-04-13T07:01:05.482Z] [INFO] Surefire report directory: /var/lib/jenkins/workspace/0.Jenkins_FullPipeLine/gameoflife-web/target/surefire-reports
[2020-04-13T07:01:05.482Z] 
[2020-04-13T07:01:05.482Z] -------------------------------------------------------
[2020-04-13T07:01:05.482Z]  T E S T S
[2020-04-13T07:01:05.482Z] -------------------------------------------------------
[2020-04-13T07:01:05.482Z] Picked up JAVA_TOOL_OPTIONS: -Dmaven.ext.class.path="/var/lib/jenkins/workspace/0.Jenkins_FullPipeLine@tmp/withMaven32c8b112/pipeline-maven-spy.jar" -Dorg.jenkinsci.plugins.pipeline.maven.reportsFolder="/var/lib/jenkins/workspace/0.Jenkins_FullPipeLine@tmp/withMaven32c8b112" 
[2020-04-13T07:01:06.393Z] Running com.wakaleo.gameoflife.webtests.controllers.WhenSpawningANewGeneration
[2020-04-13T07:01:07.305Z] Tests run: 2, Failures: 0, Errors: 0, Skipped: 0, Time elapsed: 0.886 sec
[2020-04-13T07:01:07.305Z] Running com.wakaleo.gameoflife.webtests.controllers.WhenCreatingANewGame
[2020-04-13T07:01:07.558Z] Tests run: 3, Failures: 0, Errors: 0, Skipped: 0, Time elapsed: 0.097 sec
[2020-04-13T07:01:07.558Z] Running com.wakaleo.gameoflife.webtests.controllers.WhenDisplayingTheHomePage
[2020-04-13T07:01:07.558Z] Tests run: 2, Failures: 0, Errors: 0, Skipped: 0, Time elapsed: 0.003 sec
[2020-04-13T07:01:07.558Z] 
[2020-04-13T07:01:07.558Z] Results :
[2020-04-13T07:01:07.558Z] 
[2020-04-13T07:01:07.558Z] Tests run: 7, Failures: 0, Errors: 0, Skipped: 0
[2020-04-13T07:01:07.558Z] 
[2020-04-13T07:01:07.558Z] [INFO] 
[2020-04-13T07:01:07.558Z] [INFO] --- maven-easyb-plugin:1.4:test (default) @ gameoflife-web ---
[2020-04-13T07:01:07.558Z] [INFO] /var/lib/jenkins/workspace/0.Jenkins_FullPipeLine/gameoflife-web/src/test/stories does not exists.  Skipping easyb testing
[2020-04-13T07:01:07.558Z] [INFO] ------------------------------------------------------------------------
[2020-04-13T07:01:07.558Z] [INFO] Reactor Summary for gameoflife 1.0-SNAPSHOT:
[2020-04-13T07:01:07.558Z] [INFO] 
[2020-04-13T07:01:07.558Z] [INFO] gameoflife ......................................... SUCCESS [  3.894 s]
[2020-04-13T07:01:07.558Z] [INFO] gameoflife-build ................................... SUCCESS [  1.279 s]
[2020-04-13T07:01:07.558Z] [INFO] gameoflife-core .................................... SUCCESS [ 10.020 s]
[2020-04-13T07:01:07.558Z] [INFO] gameoflife-web ..................................... SUCCESS [  2.323 s]
[2020-04-13T07:01:07.558Z] [INFO] ------------------------------------------------------------------------
[2020-04-13T07:01:07.558Z] [INFO] BUILD SUCCESS
[2020-04-13T07:01:07.558Z] [INFO] ------------------------------------------------------------------------
[2020-04-13T07:01:07.558Z] [INFO] Total time:  18.245 s
[2020-04-13T07:01:07.558Z] [INFO] Finished at: 2020-04-13T12:31:07+05:30
[2020-04-13T07:01:07.558Z] [INFO] ------------------------------------------------------------------------
[2020-04-13T07:01:07.558Z] [INFO] [jenkins-event-spy] Generated /var/lib/jenkins/workspace/0.Jenkins_FullPipeLine@tmp/withMaven32c8b112/maven-spy-20200413-123048-8423456141185115934047.log
[2020-04-13T07:01:07.589Z] [8mha:////4Bq8CDz++eJ4RHJ43Q+p4iKEuRi3ZUyy8t11jOr+QCGNAAAApR+LCAAAAAAAAP9tjTEOwjAQBC9BFLSUPOIiIUSDqNJabniBiY1xYt0Z2yGpeBFf4w8EIlGxxWpnm3m+YJkiHDlabA11jlLjMPjeTgsHjt3F84Atn7FhSuwNSjNI1qaeUXI2MKcoYSFgZajxnBzZDGvRqruqvCJbnXKcvoOA0ukbPKAQkzmrmL8wRthce52Yfp6/AhhDhnK7+9Q+vAG8UfaPvgAAAA==[0m[Pipeline] junit
[2020-04-13T07:01:07.594Z] Recording test results
[2020-04-13T07:01:07.595Z] No test report files were found. Configuration error?
[2020-04-13T07:01:07.605Z] [8mha:////4HJz1CMtaAkXqca+UKUTE1eakgS/YIs1UY4xDLwPMy08AAAApR+LCAAAAAAAAP9tjTEOwjAQBC9BFLSUPOIiISQKRJXWcsMLTGyME+vO2A5JxYv4Gn8gEImKLVY728zzBcsU4cjRYmuoc5Qah8H3dlo4cOwungds+YwNU2JvUJpBsjb1jJKzgTlFCQsBK0ON5+TIZliLVt1V5RXZ6pTj9B0ElE7f4AGFmMxZxfyFMcLm2uvE9PP8FcAYQoZyu//U7g1GGkcWvgAAAA==[0m[Pipeline] }
[2020-04-13T07:01:07.653Z] [withMaven] artifactsPublisher - Archive artifact pom.xml under com/wakaleo/gameoflife/gameoflife/1.0-SNAPSHOT/gameoflife-1.0-SNAPSHOT.pom
[2020-04-13T07:01:07.653Z] [withMaven] artifactsPublisher - Archive artifact gameoflife-build/pom.xml under com/wakaleo/gameoflife/gameoflife-build/1.0-SNAPSHOT/gameoflife-build-1.0-SNAPSHOT.pom
[2020-04-13T07:01:07.653Z] [withMaven] artifactsPublisher - Archive artifact gameoflife-core/pom.xml under com/wakaleo/gameoflife/gameoflife-core/1.0-SNAPSHOT/gameoflife-core-1.0-SNAPSHOT.pom
[2020-04-13T07:01:07.654Z] [withMaven] artifactsPublisher - Archive artifact gameoflife-web/pom.xml under com/wakaleo/gameoflife/gameoflife-web/1.0-SNAPSHOT/gameoflife-web-1.0-SNAPSHOT.pom
[2020-04-13T07:01:07.690Z] [withMaven] junitPublisher - Archive test results for Maven artifact com.wakaleo.gameoflife:gameoflife:pom:1.0-SNAPSHOT generated by maven-surefire-plugin:test (unit-tests): target/surefire-reports/*.xml
[2020-04-13T07:01:07.690Z] [withMaven] junitPublisher - Archive test results for Maven artifact com.wakaleo.gameoflife:gameoflife-build:jar:1.0-SNAPSHOT generated by maven-surefire-plugin:test (default-test): gameoflife-build/target/surefire-reports/*.xml
[2020-04-13T07:01:07.690Z] [withMaven] junitPublisher - Archive test results for Maven artifact com.wakaleo.gameoflife:gameoflife-build:jar:1.0-SNAPSHOT generated by maven-surefire-plugin:test (unit-tests): gameoflife-build/target/surefire-reports/*.xml
[2020-04-13T07:01:07.690Z] [withMaven] junitPublisher - Archive test results for Maven artifact com.wakaleo.gameoflife:gameoflife-core:jar:1.0-SNAPSHOT generated by maven-surefire-plugin:test (default-test): gameoflife-core/target/surefire-reports/*.xml
[2020-04-13T07:01:07.690Z] [withMaven] junitPublisher - Archive test results for Maven artifact com.wakaleo.gameoflife:gameoflife-core:jar:1.0-SNAPSHOT generated by maven-surefire-plugin:test (unit-tests): gameoflife-core/target/surefire-reports/*.xml
[2020-04-13T07:01:07.690Z] [withMaven] junitPublisher - Archive test results for Maven artifact com.wakaleo.gameoflife:gameoflife-web:war:1.0-SNAPSHOT generated by maven-surefire-plugin:test (default-test): gameoflife-web/target/surefire-reports/*.xml
[2020-04-13T07:01:07.690Z] [withMaven] junitPublisher - Archive test results for Maven artifact com.wakaleo.gameoflife:gameoflife-web:war:1.0-SNAPSHOT generated by maven-surefire-plugin:test (unit-tests): gameoflife-web/target/surefire-reports/*.xml
[2020-04-13T07:01:07.692Z] Recording test results
[2020-04-13T07:01:07.807Z] [withMaven] jacocoPublisher - Archive JaCoCo analysis results for Maven artifact MavenArtifact{com.wakaleo.gameoflife:gameoflife:pom:1.0-SNAPSHOT(version: 1.0-SNAPSHOT, snapshot:false) } generated by PluginInvocation{org.jacoco:jacoco-maven-plugin:0.7.2.201409121644@prepare-agent  jacoco-initialize}: execFile: target/jacoco.exec, sources: src/main/java, classes: target/classes
[2020-04-13T07:01:07.808Z] [withMaven] jacocoPublisher - Archive JaCoCo analysis results for Maven artifact MavenArtifact{com.wakaleo.gameoflife:gameoflife-build:jar:1.0-SNAPSHOT(version: 1.0-SNAPSHOT, snapshot:false) } generated by PluginInvocation{org.jacoco:jacoco-maven-plugin:0.7.2.201409121644@prepare-agent  jacoco-initialize}: execFile: gameoflife-build/target/jacoco.exec, sources: gameoflife-build/src/main/java, classes: gameoflife-build/target/classes
[2020-04-13T07:01:07.808Z] [withMaven] jacocoPublisher - Archive JaCoCo analysis results for Maven artifact MavenArtifact{com.wakaleo.gameoflife:gameoflife-core:jar:1.0-SNAPSHOT(version: 1.0-SNAPSHOT, snapshot:false) } generated by PluginInvocation{org.jacoco:jacoco-maven-plugin:0.7.2.201409121644@prepare-agent  jacoco-initialize}: execFile: gameoflife-core/target/jacoco.exec, sources: gameoflife-core/src/main/java, classes: gameoflife-core/target/classes
[2020-04-13T07:01:07.808Z] [withMaven] jacocoPublisher - Archive JaCoCo analysis results for Maven artifact MavenArtifact{com.wakaleo.gameoflife:gameoflife-web:war:1.0-SNAPSHOT(version: 1.0-SNAPSHOT, snapshot:false) } generated by PluginInvocation{org.jacoco:jacoco-maven-plugin:0.7.2.201409121644@prepare-agent  jacoco-initialize}: execFile: gameoflife-web/target/jacoco.exec, sources: gameoflife-web/src/main/java, classes: gameoflife-web/target/classes
[2020-04-13T07:01:07.808Z] [JaCoCo plugin] Collecting JaCoCo coverage data...
[2020-04-13T07:01:07.808Z] [JaCoCo plugin] target/jacoco.exec,gameoflife-build/target/jacoco.exec,gameoflife-core/target/jacoco.exec,gameoflife-web/target/jacoco.exec;target/classes,gameoflife-build/target/classes,gameoflife-core/target/classes,gameoflife-web/target/classes;src/main/java,gameoflife-build/src/main/java,gameoflife-core/src/main/java,gameoflife-web/src/main/java; locations are configured
[2020-04-13T07:01:07.809Z] [JaCoCo plugin] Number of found exec files for pattern target/jacoco.exec,gameoflife-build/target/jacoco.exec,gameoflife-core/target/jacoco.exec,gameoflife-web/target/jacoco.exec: 4
[2020-04-13T07:01:07.816Z] [JaCoCo plugin] Saving matched execfiles:  /var/lib/jenkins/workspace/0.Jenkins_FullPipeLine/gameoflife-build/target/jacoco.exec /var/lib/jenkins/workspace/0.Jenkins_FullPipeLine/gameoflife-core/target/jacoco.exec /var/lib/jenkins/workspace/0.Jenkins_FullPipeLine/gameoflife-web/target/jacoco.exec /var/lib/jenkins/workspace/0.Jenkins_FullPipeLine/target/jacoco.exec
[2020-04-13T07:01:07.817Z] [JaCoCo plugin] Saving matched class directories for class-pattern: target/classes,gameoflife-build/target/classes,gameoflife-core/target/classes,gameoflife-web/target/classes: 
[2020-04-13T07:01:07.818Z] [JaCoCo plugin]  - /var/lib/jenkins/workspace/0.Jenkins_FullPipeLine/gameoflife-build/target/classes 0 files
[2020-04-13T07:01:07.819Z] [JaCoCo plugin]  - /var/lib/jenkins/workspace/0.Jenkins_FullPipeLine/gameoflife-core/target/classes 5 files
[2020-04-13T07:01:07.824Z] [JaCoCo plugin]  - /var/lib/jenkins/workspace/0.Jenkins_FullPipeLine/gameoflife-web/target/classes 2 files
[2020-04-13T07:01:07.824Z] [JaCoCo plugin] Saving matched source directories for source-pattern: src/main/java,gameoflife-build/src/main/java,gameoflife-core/src/main/java,gameoflife-web/src/main/java: 
[2020-04-13T07:01:07.824Z] [JaCoCo plugin] Source Inclusions: **/*.java,**/*.groovy,**/*.kt,**/*.kts
[2020-04-13T07:01:07.825Z] [JaCoCo plugin] Source Exclusions: 
[2020-04-13T07:01:07.827Z] [JaCoCo plugin] - /var/lib/jenkins/workspace/0.Jenkins_FullPipeLine/gameoflife-core/src/main/java 5 files
[2020-04-13T07:01:07.827Z] [JaCoCo plugin] - /var/lib/jenkins/workspace/0.Jenkins_FullPipeLine/gameoflife-web/src/main/java 2 files
[2020-04-13T07:01:07.827Z] [JaCoCo plugin] Loading inclusions files..
[2020-04-13T07:01:07.827Z] [JaCoCo plugin] inclusions: []
[2020-04-13T07:01:07.827Z] [JaCoCo plugin] exclusions: []
[2020-04-13T07:01:07.837Z] ERROR: [withMaven] jacocoPublisher - Silently ignore exception archiving JaCoCo results for [JacocoReportDetails{execFile='target/jacoco.exec', sourceDirectory='src/main/java', classesDirectory='target/classes', description='MavenArtifact{com.wakaleo.gameoflife:gameoflife:pom:1.0-SNAPSHOT(version: 1.0-SNAPSHOT, snapshot:false) } PluginInvocation{org.jacoco:jacoco-maven-plugin:0.7.2.201409121644@prepare-agent  jacoco-initialize}'}, JacocoReportDetails{execFile='gameoflife-build/target/jacoco.exec', sourceDirectory='gameoflife-build/src/main/java', classesDirectory='gameoflife-build/target/classes', description='MavenArtifact{com.wakaleo.gameoflife:gameoflife-build:jar:1.0-SNAPSHOT(version: 1.0-SNAPSHOT, snapshot:false) } PluginInvocation{org.jacoco:jacoco-maven-plugin:0.7.2.201409121644@prepare-agent  jacoco-initialize}'}, JacocoReportDetails{execFile='gameoflife-core/target/jacoco.exec', sourceDirectory='gameoflife-core/src/main/java', classesDirectory='gameoflife-core/target/classes', description='MavenArtifact{com.wakaleo.gameoflife:gameoflife-core:jar:1.0-SNAPSHOT(version: 1.0-SNAPSHOT, snapshot:false) } PluginInvocation{org.jacoco:jacoco-maven-plugin:0.7.2.201409121644@prepare-agent  jacoco-initialize}'}, JacocoReportDetails{execFile='gameoflife-web/target/jacoco.exec', sourceDirectory='gameoflife-web/src/main/java', classesDirectory='gameoflife-web/target/classes', description='MavenArtifact{com.wakaleo.gameoflife:gameoflife-web:war:1.0-SNAPSHOT(version: 1.0-SNAPSHOT, snapshot:false) } PluginInvocation{org.jacoco:jacoco-maven-plugin:0.7.2.201409121644@prepare-agent  jacoco-initialize}'}]
[2020-04-13T07:01:07.837Z] ERROR: [withMaven] jacocoPublisher - Silently ignore exception archiving JaCoCo results: java.io.IOException: While reading execution data-file: /var/lib/jenkins/jobs/0.Jenkins_FullPipeLine/builds/3/jacoco/execFiles/exec0/jacoco.exec
[2020-04-13T07:01:07.838Z] [withMaven] openTasksPublisher - Scan Tasks for Maven artifact com.wakaleo.gameoflife:gameoflife-core:jar:1.0-SNAPSHOT in source directory gameoflife-core/src/main/java
[2020-04-13T07:01:07.838Z] [withMaven] openTasksPublisher - Scan Tasks for Maven artifact com.wakaleo.gameoflife:gameoflife-web:war:1.0-SNAPSHOT in source directory gameoflife-web/src/main/java
[2020-04-13T07:01:07.850Z] [TASKS] Scanning folder '/var/lib/jenkins/workspace/0.Jenkins_FullPipeLine' for files matching the pattern 'gameoflife-core/src/main/java/**/*,gameoflife-web/src/main/java/**/*' - excludes: null
[2020-04-13T07:01:07.850Z] [TASKS] Found 8 files to scan for tasks
[2020-04-13T07:01:07.851Z] [TASKS] Found 0 open tasks.
[2020-04-13T07:01:07.851Z] Skipping warnings blame since pipelines do not have an SCM link.%n
[2020-04-13T07:01:07.919Z] [withMaven] Publishers: Pipeline Graph Publisher: 21 ms, Generated Artifacts Publisher: 35 ms, Junit Publisher: 112 ms, JGiven Publisher: 3 ms, Jacoco Publisher: 32 ms, Open Task Scanner Publisher: 81 ms
[2020-04-13T07:01:07.923Z] [8mha:////4OT0E8i/j9cFH2BGHBkD6Kfpi18dy4DI3VfsTd01hZeQAAAApR+LCAAAAAAAAP9tjTEOwjAQBC9BFLSUPOIiQYOEqNJabniBiY1xYt0Z2yGpeBFf4w8EIlGxxWpnm3m+YJkiHDlabA11jlLjMPjeTgsHjt3F84Atn7FhSuwNSjNI1qaeUXI2MKcoYSFgZajxnBzZDGvRqruqvCJbnXKcvoOA0ukbPKAQkzmrmL8wRthce52Yfp6/AhhDyFBu95/avQEwPXV5vgAAAA==[0m[Pipeline] // withMaven
[2020-04-13T07:01:07.938Z] [8mha:////4HF8gsXtStK00pHRNLPRkOnYGn1zIyvdgpzYCLAwQpI0AAAApB+LCAAAAAAAAP9tjbEOwiAURV9rHFwd/QiadDPGyZWw+AXYIkLJexSodPKL/DX/QbSJk3e4uecu5/mCdQxwpKCZVTgYjJ1h3k26LJYpDFdHmVm6sI4wklNMqCyoV6cFBSUFS6oaVhw2CjtH0aBOsOVW3mXjJOrmnEL5Dhxq04/wgIoXc5IhfWEOsLtNfST8ef4KYPY+Qd3uP9W+AQPeLsW+AAAA[0m[Pipeline] }
[2020-04-13T07:01:07.953Z] [8mha:////4Ctw0wjgw/T7hkVTuxXmlgngqeEzBmMxZ123LelfDXNQAAAApB+LCAAAAAAAAP9tjTsOwjAQRDdBFLSUHGLDp0SpaC03nMAkxjixdoPt4FSciKtxBywiUTHFaN407/WGZfBQszfYaeothcbi4EaTFyb2/dVxwo4v2DAFdhqlTpJbfZpRctQwpyhhIWClqXEcLJkIa9Gph6qcIlOdo8/fUUBp2zs8oRDZHJWPX5g8bG5jG5h+nr8CmIYhQnnY5trvPsXVX92+AAAA[0m[Pipeline] // stage
[2020-04-13T07:01:07.967Z] [8mha:////4OzIzH0t93lSATgzSXXqkjMyRe9R/enHyHb44hDtOVKxAAAAox+LCAAAAAAAAP9tjTEOwjAQBDdBFLSUPMIRgg5R0VppeIFJjHFi3QX7QlLxIr7GH4iIRMVWO9PM641lijhydKqx1HpKlVdd6N301MCxvQYeVMMXVTElDlaVdii5tqcZSxaLeVmOhcbKUhU4eXKCtW7MwxTBkCvOEid30Mh9fccTmZ7KYqJ8YYzY3Po6Mf06fwMYu06Q77aCbP8BPqPtor0AAAA=[0m[Pipeline] }
[2020-04-13T07:01:07.982Z] [8mha:////4LqRpmvAB/9SS4c04LmBYomjz1bovQEkxA2hc569bA1eAAAAoh+LCAAAAAAAAP9tjbEOgjAURS8YB1dHP6IkMhon14bFL6hQa6F5D9uHMPlF/pr/IJHEyTvdc5bzemOdIo4cnWotdZ5S7VUfBjc/NXLsroFH1fJF1UyJg1WVHStu7GnBisViWZZjpbGxVAdOnpxgq1vzMEUw5IqzxNkdNHLf3PFEpueymChfmCJ2t6FJTL/O3wCmvhfk5V6QlR9NTCl7vQAAAA==[0m[Pipeline] // node
[2020-04-13T07:01:08.013Z] [8mha:////4KacCylQwfWgEE3FAN4KFCZ4eZ6ZAtj23wWNSVWrnRovAAAAoh+LCAAAAAAAAP9tjbEOgjAURS8YB1dHP6IkMhon14bFL6hQa6F5D9uHMPlF/pr/IJHEyTvdc5bzemOdIo4cnWotdZ5S7VUfBjc/NXLsroFH1fJF1UyJg1WVHStu7GnBisViWZZjpbGxVAdOnpxgq1vzMEUw5IqzxNkdNHLf3PFEpueymChfmCJ2t6FJTL/O3wCmvhfkZSnI9h9rVU4xvQAAAA==[0m[Pipeline] End of Pipeline
[2020-04-13T07:01:08.037Z] ERROR: No test report files were found. Configuration error?
[2020-04-13T07:01:08.037Z] Finished: FAILURE
